{"obj": {"type": "AssignString", "path": ["sys", "name"], "value": "Untitled"}, "version": 1}
{"obj": {"type": "AssignString", "path": ["sys", "description"], "value": ""}, "version": 2}
{"obj": {"type": "AssignString", "path": ["sys", "hostname"], "value": "DESKTOP-4S83EUB"}, "version": 3}
{"obj": {"type": "AssignBool", "path": ["sys", "failed"], "value": false}, "version": 4}
{"obj": {"type": "ClearStringLog", "path": ["monitoring", "stdout"]}, "version": 5}
{"obj": {"type": "ClearStringLog", "path": ["monitoring", "stderr"]}, "version": 6}
{"obj": {"type": "AssignString", "path": ["source_code", "entrypoint"], "value": "Dataloader.py"}, "version": 7}
{"obj": {"type": "UploadFileSet", "path": ["source_code", "files"], "file_globs": ["C:\\Users\\Bruger\\Documents\\GitHub\\Deep_final\\Dataloader.py"], "reset": "False"}, "version": 8}
{"obj": {"type": "LogStrings", "path": ["monitoring", "stderr"], "values": [{"value": "Info (NVML): NVML Shared Library Not Found. GPU usage metrics may not be reported. For more information, see https://docs-legacy.neptune.ai/logging-and-managing-experiment-results/logging-experiment-data.html#hardware-consumption \n", "step": null, "ts": 1638448915.0516524}]}, "version": 9}
{"obj": {"type": "ConfigFloatSeries", "path": ["monitoring", "cpu"], "min": 0.0, "max": 100.0, "unit": "%"}, "version": 10}
{"obj": {"type": "ClearFloatLog", "path": ["monitoring", "cpu"]}, "version": 11}
{"obj": {"type": "ConfigFloatSeries", "path": ["monitoring", "memory"], "min": 0.0, "max": 6.9038848876953125, "unit": "GB"}, "version": 12}
{"obj": {"type": "ClearFloatLog", "path": ["monitoring", "memory"]}, "version": 13}
{"obj": {"type": "LogFloats", "path": ["monitoring", "cpu"], "values": [{"value": 17.5, "step": null, "ts": 1638448915.0516524}]}, "version": 14}
{"obj": {"type": "LogFloats", "path": ["monitoring", "memory"], "values": [{"value": 5.3723602294921875, "step": null, "ts": 1638448915.0516524}]}, "version": 15}
{"obj": {"type": "LogFloats", "path": ["testnet", "loss"], "values": [{"value": 0.3453842103481293, "step": null, "ts": 1638448916.3581798}]}, "version": 16}
{"obj": {"type": "LogStrings", "path": ["monitoring", "stdout"], "values": [{"value": "1", "step": null, "ts": 1638448916.3581798}]}, "version": 17}
{"obj": {"type": "LogStrings", "path": ["monitoring", "stdout"], "values": [{"value": "\n", "step": null, "ts": 1638448916.3581798}]}, "version": 18}
{"obj": {"type": "LogFloats", "path": ["testnet", "loss"], "values": [{"value": 0.26086750626564026, "step": null, "ts": 1638448917.4681094}]}, "version": 19}
{"obj": {"type": "LogStrings", "path": ["monitoring", "stdout"], "values": [{"value": "2", "step": null, "ts": 1638448917.47614}]}, "version": 20}
{"obj": {"type": "LogStrings", "path": ["monitoring", "stdout"], "values": [{"value": "\n", "step": null, "ts": 1638448917.47614}]}, "version": 21}
{"obj": {"type": "LogFloats", "path": ["testnet", "loss"], "values": [{"value": 0.17931629717350006, "step": null, "ts": 1638448918.5679836}]}, "version": 22}
{"obj": {"type": "LogStrings", "path": ["monitoring", "stdout"], "values": [{"value": "3", "step": null, "ts": 1638448918.5679836}]}, "version": 23}
{"obj": {"type": "LogStrings", "path": ["monitoring", "stdout"], "values": [{"value": "\n", "step": null, "ts": 1638448918.5679836}]}, "version": 24}
{"obj": {"type": "LogFloats", "path": ["testnet", "loss"], "values": [{"value": 0.14735786616802216, "step": null, "ts": 1638448919.6290433}]}, "version": 25}
{"obj": {"type": "LogStrings", "path": ["monitoring", "stdout"], "values": [{"value": "4", "step": null, "ts": 1638448919.6290433}]}, "version": 26}
{"obj": {"type": "LogStrings", "path": ["monitoring", "stdout"], "values": [{"value": "\n", "step": null, "ts": 1638448919.6290433}]}, "version": 27}
{"obj": {"type": "LogFloats", "path": ["testnet", "loss"], "values": [{"value": 0.08635187894105911, "step": null, "ts": 1638448920.7622125}]}, "version": 28}
{"obj": {"type": "LogStrings", "path": ["monitoring", "stdout"], "values": [{"value": "5", "step": null, "ts": 1638448920.7622125}]}, "version": 29}
{"obj": {"type": "LogStrings", "path": ["monitoring", "stdout"], "values": [{"value": "\n", "step": null, "ts": 1638448920.7622125}]}, "version": 30}
{"obj": {"type": "LogFloats", "path": ["testnet", "loss"], "values": [{"value": 0.08878852427005768, "step": null, "ts": 1638448921.8548005}]}, "version": 31}
{"obj": {"type": "LogStrings", "path": ["monitoring", "stdout"], "values": [{"value": "6", "step": null, "ts": 1638448921.8548005}]}, "version": 32}
{"obj": {"type": "LogStrings", "path": ["monitoring", "stdout"], "values": [{"value": "\n", "step": null, "ts": 1638448921.8548005}]}, "version": 33}
{"obj": {"type": "LogFloats", "path": ["testnet", "loss"], "values": [{"value": 0.09076523780822754, "step": null, "ts": 1638448922.9451423}]}, "version": 34}
{"obj": {"type": "LogStrings", "path": ["monitoring", "stdout"], "values": [{"value": "7", "step": null, "ts": 1638448922.9451423}]}, "version": 35}
{"obj": {"type": "LogStrings", "path": ["monitoring", "stdout"], "values": [{"value": "\n", "step": null, "ts": 1638448922.9451423}]}, "version": 36}
{"obj": {"type": "LogFloats", "path": ["testnet", "loss"], "values": [{"value": 0.09497430920600891, "step": null, "ts": 1638448924.0475411}]}, "version": 37}
{"obj": {"type": "LogStrings", "path": ["monitoring", "stdout"], "values": [{"value": "8", "step": null, "ts": 1638448924.0475411}]}, "version": 38}
{"obj": {"type": "LogStrings", "path": ["monitoring", "stdout"], "values": [{"value": "\n", "step": null, "ts": 1638448924.0475411}]}, "version": 39}
{"obj": {"type": "LogFloats", "path": ["monitoring", "cpu"], "values": [{"value": 56.0, "step": null, "ts": 1638448925.0650547}]}, "version": 40}
{"obj": {"type": "LogFloats", "path": ["monitoring", "memory"], "values": [{"value": 5.442333221435547, "step": null, "ts": 1638448925.0650547}]}, "version": 41}
{"obj": {"type": "LogFloats", "path": ["testnet", "loss"], "values": [{"value": 0.08855296671390533, "step": null, "ts": 1638448925.1483305}]}, "version": 42}
{"obj": {"type": "LogStrings", "path": ["monitoring", "stdout"], "values": [{"value": "9", "step": null, "ts": 1638448925.1483305}]}, "version": 43}
{"obj": {"type": "LogStrings", "path": ["monitoring", "stdout"], "values": [{"value": "\n", "step": null, "ts": 1638448925.1483305}]}, "version": 44}
{"obj": {"type": "LogFloats", "path": ["testnet", "loss"], "values": [{"value": 0.0974612832069397, "step": null, "ts": 1638448926.2383082}]}, "version": 45}
{"obj": {"type": "LogStrings", "path": ["monitoring", "stdout"], "values": [{"value": "10", "step": null, "ts": 1638448926.2383082}]}, "version": 46}
{"obj": {"type": "LogStrings", "path": ["monitoring", "stdout"], "values": [{"value": "\n", "step": null, "ts": 1638448926.2383082}]}, "version": 47}
{"obj": {"type": "LogFloats", "path": ["testnet", "loss"], "values": [{"value": 0.10511308163404465, "step": null, "ts": 1638448927.3374925}]}, "version": 48}
{"obj": {"type": "LogStrings", "path": ["monitoring", "stdout"], "values": [{"value": "11", "step": null, "ts": 1638448927.3455112}]}, "version": 49}
{"obj": {"type": "LogStrings", "path": ["monitoring", "stdout"], "values": [{"value": "\n", "step": null, "ts": 1638448927.3455112}]}, "version": 50}
{"obj": {"type": "LogFloats", "path": ["testnet", "loss"], "values": [{"value": 0.08401413261890411, "step": null, "ts": 1638448928.4081478}]}, "version": 51}
{"obj": {"type": "LogStrings", "path": ["monitoring", "stdout"], "values": [{"value": "12", "step": null, "ts": 1638448928.4081478}]}, "version": 52}
{"obj": {"type": "LogStrings", "path": ["monitoring", "stdout"], "values": [{"value": "\n", "step": null, "ts": 1638448928.4081478}]}, "version": 53}
{"obj": {"type": "LogFloats", "path": ["testnet", "loss"], "values": [{"value": 0.09694653004407883, "step": null, "ts": 1638448929.4339302}]}, "version": 54}
{"obj": {"type": "LogStrings", "path": ["monitoring", "stdout"], "values": [{"value": "13", "step": null, "ts": 1638448929.4339302}]}, "version": 55}
{"obj": {"type": "LogStrings", "path": ["monitoring", "stdout"], "values": [{"value": "\n", "step": null, "ts": 1638448929.4339302}]}, "version": 56}
{"obj": {"type": "LogFloats", "path": ["testnet", "loss"], "values": [{"value": 0.08586455136537552, "step": null, "ts": 1638448930.5047452}]}, "version": 57}
{"obj": {"type": "LogStrings", "path": ["monitoring", "stdout"], "values": [{"value": "14", "step": null, "ts": 1638448930.5047452}]}, "version": 58}
{"obj": {"type": "LogStrings", "path": ["monitoring", "stdout"], "values": [{"value": "\n", "step": null, "ts": 1638448930.5047452}]}, "version": 59}
{"obj": {"type": "LogFloats", "path": ["testnet", "loss"], "values": [{"value": 0.050651829689741135, "step": null, "ts": 1638448931.5242035}]}, "version": 60}
{"obj": {"type": "LogStrings", "path": ["monitoring", "stdout"], "values": [{"value": "15", "step": null, "ts": 1638448931.5242035}]}, "version": 61}
{"obj": {"type": "LogStrings", "path": ["monitoring", "stdout"], "values": [{"value": "\n", "step": null, "ts": 1638448931.5242035}]}, "version": 62}
{"obj": {"type": "LogFloats", "path": ["testnet", "loss"], "values": [{"value": 0.07486943155527115, "step": null, "ts": 1638448932.5357046}]}, "version": 63}
{"obj": {"type": "LogStrings", "path": ["monitoring", "stdout"], "values": [{"value": "16", "step": null, "ts": 1638448932.5357046}]}, "version": 64}
{"obj": {"type": "LogStrings", "path": ["monitoring", "stdout"], "values": [{"value": "\n", "step": null, "ts": 1638448932.5357046}]}, "version": 65}
{"obj": {"type": "LogFloats", "path": ["testnet", "loss"], "values": [{"value": 0.07334425300359726, "step": null, "ts": 1638448933.5625067}]}, "version": 66}
{"obj": {"type": "LogStrings", "path": ["monitoring", "stdout"], "values": [{"value": "17", "step": null, "ts": 1638448933.5625067}]}, "version": 67}
{"obj": {"type": "LogStrings", "path": ["monitoring", "stdout"], "values": [{"value": "\n", "step": null, "ts": 1638448933.5625067}]}, "version": 68}
{"obj": {"type": "LogFloats", "path": ["testnet", "loss"], "values": [{"value": 0.07501327991485596, "step": null, "ts": 1638448934.5592988}]}, "version": 69}
{"obj": {"type": "LogStrings", "path": ["monitoring", "stdout"], "values": [{"value": "18", "step": null, "ts": 1638448934.5613217}]}, "version": 70}
{"obj": {"type": "LogStrings", "path": ["monitoring", "stdout"], "values": [{"value": "\n", "step": null, "ts": 1638448934.5613217}]}, "version": 71}
{"obj": {"type": "LogFloats", "path": ["monitoring", "cpu"], "values": [{"value": 59.2, "step": null, "ts": 1638448935.078052}]}, "version": 72}
{"obj": {"type": "LogFloats", "path": ["monitoring", "memory"], "values": [{"value": 5.436187744140625, "step": null, "ts": 1638448935.078052}]}, "version": 73}
{"obj": {"type": "LogFloats", "path": ["testnet", "loss"], "values": [{"value": 0.0740024521946907, "step": null, "ts": 1638448935.554142}]}, "version": 74}
{"obj": {"type": "LogStrings", "path": ["monitoring", "stdout"], "values": [{"value": "19", "step": null, "ts": 1638448935.5561576}]}, "version": 75}
{"obj": {"type": "LogStrings", "path": ["monitoring", "stdout"], "values": [{"value": "\n", "step": null, "ts": 1638448935.5561576}]}, "version": 76}
{"obj": {"type": "LogFloats", "path": ["testnet", "loss"], "values": [{"value": 0.0744541585445404, "step": null, "ts": 1638448936.5914588}]}, "version": 77}
{"obj": {"type": "LogStrings", "path": ["monitoring", "stdout"], "values": [{"value": "20", "step": null, "ts": 1638448936.593494}]}, "version": 78}
{"obj": {"type": "LogStrings", "path": ["monitoring", "stdout"], "values": [{"value": "\n", "step": null, "ts": 1638448936.593494}]}, "version": 79}
{"obj": {"type": "LogFloats", "path": ["testnet", "loss"], "values": [{"value": 0.05343299359083176, "step": null, "ts": 1638448937.625078}]}, "version": 80}
{"obj": {"type": "LogStrings", "path": ["monitoring", "stdout"], "values": [{"value": "21", "step": null, "ts": 1638448937.625078}]}, "version": 81}
{"obj": {"type": "LogStrings", "path": ["monitoring", "stdout"], "values": [{"value": "\n", "step": null, "ts": 1638448937.625078}]}, "version": 82}
{"obj": {"type": "LogFloats", "path": ["testnet", "loss"], "values": [{"value": 0.07059027999639511, "step": null, "ts": 1638448938.635003}]}, "version": 83}
{"obj": {"type": "LogStrings", "path": ["monitoring", "stdout"], "values": [{"value": "22", "step": null, "ts": 1638448938.635003}]}, "version": 84}
{"obj": {"type": "LogStrings", "path": ["monitoring", "stdout"], "values": [{"value": "\n", "step": null, "ts": 1638448938.635003}]}, "version": 85}
{"obj": {"type": "LogFloats", "path": ["testnet", "loss"], "values": [{"value": 0.04922594502568245, "step": null, "ts": 1638448939.6532707}]}, "version": 86}
{"obj": {"type": "LogStrings", "path": ["monitoring", "stdout"], "values": [{"value": "23", "step": null, "ts": 1638448939.6532707}]}, "version": 87}
{"obj": {"type": "LogStrings", "path": ["monitoring", "stdout"], "values": [{"value": "\n", "step": null, "ts": 1638448939.6532707}]}, "version": 88}
{"obj": {"type": "LogFloats", "path": ["testnet", "loss"], "values": [{"value": 0.05133039504289627, "step": null, "ts": 1638448940.673666}]}, "version": 89}
{"obj": {"type": "LogStrings", "path": ["monitoring", "stdout"], "values": [{"value": "24", "step": null, "ts": 1638448940.673666}]}, "version": 90}
{"obj": {"type": "LogStrings", "path": ["monitoring", "stdout"], "values": [{"value": "\n", "step": null, "ts": 1638448940.681689}]}, "version": 91}
{"obj": {"type": "LogFloats", "path": ["testnet", "loss"], "values": [{"value": 0.07358630001544952, "step": null, "ts": 1638448941.742909}]}, "version": 92}
{"obj": {"type": "LogStrings", "path": ["monitoring", "stdout"], "values": [{"value": "25", "step": null, "ts": 1638448941.742909}]}, "version": 93}
{"obj": {"type": "LogStrings", "path": ["monitoring", "stdout"], "values": [{"value": "\n", "step": null, "ts": 1638448941.742909}]}, "version": 94}
{"obj": {"type": "LogFloats", "path": ["testnet", "loss"], "values": [{"value": 0.06788663566112518, "step": null, "ts": 1638448942.8042517}]}, "version": 95}
{"obj": {"type": "LogStrings", "path": ["monitoring", "stdout"], "values": [{"value": "26", "step": null, "ts": 1638448942.8042517}]}, "version": 96}
{"obj": {"type": "LogStrings", "path": ["monitoring", "stdout"], "values": [{"value": "\n", "step": null, "ts": 1638448942.8042517}]}, "version": 97}
{"obj": {"type": "LogFloats", "path": ["testnet", "loss"], "values": [{"value": 0.060223232954740524, "step": null, "ts": 1638448943.783465}]}, "version": 98}
{"obj": {"type": "LogStrings", "path": ["monitoring", "stdout"], "values": [{"value": "27", "step": null, "ts": 1638448943.783465}]}, "version": 99}
{"obj": {"type": "LogStrings", "path": ["monitoring", "stdout"], "values": [{"value": "\n", "step": null, "ts": 1638448943.783465}]}, "version": 100}
{"obj": {"type": "LogFloats", "path": ["testnet", "loss"], "values": [{"value": 0.06640974432229996, "step": null, "ts": 1638448944.8125427}]}, "version": 101}
{"obj": {"type": "LogStrings", "path": ["monitoring", "stdout"], "values": [{"value": "28", "step": null, "ts": 1638448944.8125427}]}, "version": 102}
{"obj": {"type": "LogStrings", "path": ["monitoring", "stdout"], "values": [{"value": "\n", "step": null, "ts": 1638448944.8125427}]}, "version": 103}
{"obj": {"type": "LogFloats", "path": ["monitoring", "cpu"], "values": [{"value": 56.9, "step": null, "ts": 1638448945.0841377}]}, "version": 104}
{"obj": {"type": "LogFloats", "path": ["monitoring", "memory"], "values": [{"value": 5.409629821777344, "step": null, "ts": 1638448945.0841377}]}, "version": 105}
{"obj": {"type": "LogFloats", "path": ["testnet", "loss"], "values": [{"value": 0.05960541218519211, "step": null, "ts": 1638448945.8417523}]}, "version": 106}
{"obj": {"type": "LogStrings", "path": ["monitoring", "stdout"], "values": [{"value": "29", "step": null, "ts": 1638448945.8417523}]}, "version": 107}
{"obj": {"type": "LogStrings", "path": ["monitoring", "stdout"], "values": [{"value": "\n", "step": null, "ts": 1638448945.8417523}]}, "version": 108}
{"obj": {"type": "LogFloats", "path": ["testnet", "loss"], "values": [{"value": 0.06914758682250977, "step": null, "ts": 1638448946.8771794}]}, "version": 109}
{"obj": {"type": "LogStrings", "path": ["monitoring", "stdout"], "values": [{"value": "30", "step": null, "ts": 1638448946.8771794}]}, "version": 110}
{"obj": {"type": "LogStrings", "path": ["monitoring", "stdout"], "values": [{"value": "\n", "step": null, "ts": 1638448946.8771794}]}, "version": 111}
{"obj": {"type": "LogFloats", "path": ["testnet", "loss"], "values": [{"value": 0.056531842797994614, "step": null, "ts": 1638448947.9203331}]}, "version": 112}
{"obj": {"type": "LogStrings", "path": ["monitoring", "stdout"], "values": [{"value": "31", "step": null, "ts": 1638448947.9203331}]}, "version": 113}
{"obj": {"type": "LogStrings", "path": ["monitoring", "stdout"], "values": [{"value": "\n", "step": null, "ts": 1638448947.9203331}]}, "version": 114}
{"obj": {"type": "LogFloats", "path": ["testnet", "loss"], "values": [{"value": 0.041165828704833984, "step": null, "ts": 1638448948.8992712}]}, "version": 115}
{"obj": {"type": "LogStrings", "path": ["monitoring", "stdout"], "values": [{"value": "32", "step": null, "ts": 1638448948.8992712}]}, "version": 116}
{"obj": {"type": "LogStrings", "path": ["monitoring", "stdout"], "values": [{"value": "\n", "step": null, "ts": 1638448948.8992712}]}, "version": 117}
{"obj": {"type": "LogFloats", "path": ["testnet", "loss"], "values": [{"value": 0.06164854019880295, "step": null, "ts": 1638448949.9017322}]}, "version": 118}
{"obj": {"type": "LogStrings", "path": ["monitoring", "stdout"], "values": [{"value": "33", "step": null, "ts": 1638448949.9017322}]}, "version": 119}
{"obj": {"type": "LogStrings", "path": ["monitoring", "stdout"], "values": [{"value": "\n", "step": null, "ts": 1638448949.9017322}]}, "version": 120}
{"obj": {"type": "LogFloats", "path": ["testnet", "loss"], "values": [{"value": 0.039923690259456635, "step": null, "ts": 1638448950.8994744}]}, "version": 121}
{"obj": {"type": "LogStrings", "path": ["monitoring", "stdout"], "values": [{"value": "34", "step": null, "ts": 1638448950.8994744}]}, "version": 122}
{"obj": {"type": "LogStrings", "path": ["monitoring", "stdout"], "values": [{"value": "\n", "step": null, "ts": 1638448950.8994744}]}, "version": 123}
{"obj": {"type": "LogFloats", "path": ["testnet", "loss"], "values": [{"value": 0.047225046902894974, "step": null, "ts": 1638448951.8696022}]}, "version": 124}
{"obj": {"type": "LogStrings", "path": ["monitoring", "stdout"], "values": [{"value": "35", "step": null, "ts": 1638448951.8696022}]}, "version": 125}
{"obj": {"type": "LogStrings", "path": ["monitoring", "stdout"], "values": [{"value": "\n", "step": null, "ts": 1638448951.8776429}]}, "version": 126}
{"obj": {"type": "LogFloats", "path": ["testnet", "loss"], "values": [{"value": 0.041741982102394104, "step": null, "ts": 1638448952.8896723}]}, "version": 127}
{"obj": {"type": "LogStrings", "path": ["monitoring", "stdout"], "values": [{"value": "36", "step": null, "ts": 1638448952.8896723}]}, "version": 128}
{"obj": {"type": "LogStrings", "path": ["monitoring", "stdout"], "values": [{"value": "\n", "step": null, "ts": 1638448952.8896723}]}, "version": 129}
{"obj": {"type": "LogFloats", "path": ["testnet", "loss"], "values": [{"value": 0.05218815803527832, "step": null, "ts": 1638448953.8887293}]}, "version": 130}
{"obj": {"type": "LogStrings", "path": ["monitoring", "stdout"], "values": [{"value": "37", "step": null, "ts": 1638448953.8887293}]}, "version": 131}
{"obj": {"type": "LogStrings", "path": ["monitoring", "stdout"], "values": [{"value": "\n", "step": null, "ts": 1638448953.8887293}]}, "version": 132}
{"obj": {"type": "LogFloats", "path": ["testnet", "loss"], "values": [{"value": 0.046519190073013306, "step": null, "ts": 1638448954.9484162}]}, "version": 133}
{"obj": {"type": "LogStrings", "path": ["monitoring", "stdout"], "values": [{"value": "38", "step": null, "ts": 1638448954.9484162}]}, "version": 134}
{"obj": {"type": "LogStrings", "path": ["monitoring", "stdout"], "values": [{"value": "\n", "step": null, "ts": 1638448954.9504457}]}, "version": 135}
{"obj": {"type": "LogFloats", "path": ["monitoring", "cpu"], "values": [{"value": 59.3, "step": null, "ts": 1638448955.0920203}]}, "version": 136}
{"obj": {"type": "LogFloats", "path": ["monitoring", "memory"], "values": [{"value": 5.3187103271484375, "step": null, "ts": 1638448955.0920203}]}, "version": 137}
{"obj": {"type": "LogFloats", "path": ["testnet", "loss"], "values": [{"value": 0.04377559572458267, "step": null, "ts": 1638448956.0524778}]}, "version": 138}
{"obj": {"type": "LogStrings", "path": ["monitoring", "stdout"], "values": [{"value": "39", "step": null, "ts": 1638448956.053478}]}, "version": 139}
{"obj": {"type": "LogStrings", "path": ["monitoring", "stdout"], "values": [{"value": "\n", "step": null, "ts": 1638448956.053478}]}, "version": 140}
{"obj": {"type": "LogFloats", "path": ["testnet", "loss"], "values": [{"value": 0.05471309646964073, "step": null, "ts": 1638448957.0455813}]}, "version": 141}
{"obj": {"type": "LogStrings", "path": ["monitoring", "stdout"], "values": [{"value": "40", "step": null, "ts": 1638448957.0455813}]}, "version": 142}
{"obj": {"type": "LogStrings", "path": ["monitoring", "stdout"], "values": [{"value": "\n", "step": null, "ts": 1638448957.0455813}]}, "version": 143}
{"obj": {"type": "LogFloats", "path": ["testnet", "loss"], "values": [{"value": 0.05824652314186096, "step": null, "ts": 1638448958.095551}]}, "version": 144}
{"obj": {"type": "LogStrings", "path": ["monitoring", "stdout"], "values": [{"value": "41", "step": null, "ts": 1638448958.095551}]}, "version": 145}
{"obj": {"type": "LogStrings", "path": ["monitoring", "stdout"], "values": [{"value": "\n", "step": null, "ts": 1638448958.095551}]}, "version": 146}
{"obj": {"type": "LogFloats", "path": ["testnet", "loss"], "values": [{"value": 0.029669329524040222, "step": null, "ts": 1638448959.132434}]}, "version": 147}
{"obj": {"type": "LogStrings", "path": ["monitoring", "stdout"], "values": [{"value": "42", "step": null, "ts": 1638448959.1344635}]}, "version": 148}
{"obj": {"type": "LogStrings", "path": ["monitoring", "stdout"], "values": [{"value": "\n", "step": null, "ts": 1638448959.1344635}]}, "version": 149}
{"obj": {"type": "LogFloats", "path": ["testnet", "loss"], "values": [{"value": 0.06304234266281128, "step": null, "ts": 1638448960.1314685}]}, "version": 150}
{"obj": {"type": "LogStrings", "path": ["monitoring", "stdout"], "values": [{"value": "43", "step": null, "ts": 1638448960.1314685}]}, "version": 151}
{"obj": {"type": "LogStrings", "path": ["monitoring", "stdout"], "values": [{"value": "\n", "step": null, "ts": 1638448960.1314685}]}, "version": 152}
{"obj": {"type": "LogFloats", "path": ["testnet", "loss"], "values": [{"value": 0.04424154385924339, "step": null, "ts": 1638448961.128789}]}, "version": 153}
{"obj": {"type": "LogStrings", "path": ["monitoring", "stdout"], "values": [{"value": "44", "step": null, "ts": 1638448961.128789}]}, "version": 154}
{"obj": {"type": "LogStrings", "path": ["monitoring", "stdout"], "values": [{"value": "\n", "step": null, "ts": 1638448961.128789}]}, "version": 155}
{"obj": {"type": "LogFloats", "path": ["testnet", "loss"], "values": [{"value": 0.04824976250529289, "step": null, "ts": 1638448962.1782157}]}, "version": 156}
{"obj": {"type": "LogStrings", "path": ["monitoring", "stdout"], "values": [{"value": "45", "step": null, "ts": 1638448962.1782157}]}, "version": 157}
{"obj": {"type": "LogStrings", "path": ["monitoring", "stdout"], "values": [{"value": "\n", "step": null, "ts": 1638448962.1782157}]}, "version": 158}
{"obj": {"type": "LogFloats", "path": ["testnet", "loss"], "values": [{"value": 0.05292476341128349, "step": null, "ts": 1638448963.1888592}]}, "version": 159}
{"obj": {"type": "LogStrings", "path": ["monitoring", "stdout"], "values": [{"value": "46", "step": null, "ts": 1638448963.1888592}]}, "version": 160}
{"obj": {"type": "LogStrings", "path": ["monitoring", "stdout"], "values": [{"value": "\n", "step": null, "ts": 1638448963.1888592}]}, "version": 161}
{"obj": {"type": "LogFloats", "path": ["testnet", "loss"], "values": [{"value": 0.047106895595788956, "step": null, "ts": 1638448964.248367}]}, "version": 162}
{"obj": {"type": "LogStrings", "path": ["monitoring", "stdout"], "values": [{"value": "47", "step": null, "ts": 1638448964.248367}]}, "version": 163}
{"obj": {"type": "LogStrings", "path": ["monitoring", "stdout"], "values": [{"value": "\n", "step": null, "ts": 1638448964.248367}]}, "version": 164}
{"obj": {"type": "LogFloats", "path": ["monitoring", "cpu"], "values": [{"value": 58.4, "step": null, "ts": 1638448965.1007733}]}, "version": 165}
{"obj": {"type": "LogFloats", "path": ["monitoring", "memory"], "values": [{"value": 5.3035888671875, "step": null, "ts": 1638448965.1007733}]}, "version": 166}
{"obj": {"type": "LogFloats", "path": ["testnet", "loss"], "values": [{"value": 0.09388213604688644, "step": null, "ts": 1638448965.2853696}]}, "version": 167}
{"obj": {"type": "LogStrings", "path": ["monitoring", "stdout"], "values": [{"value": "48", "step": null, "ts": 1638448965.2853696}]}, "version": 168}
{"obj": {"type": "LogStrings", "path": ["monitoring", "stdout"], "values": [{"value": "\n", "step": null, "ts": 1638448965.2853696}]}, "version": 169}
{"obj": {"type": "LogFloats", "path": ["testnet", "loss"], "values": [{"value": 0.05145996809005737, "step": null, "ts": 1638448966.2927206}]}, "version": 170}
{"obj": {"type": "LogStrings", "path": ["monitoring", "stdout"], "values": [{"value": "49", "step": null, "ts": 1638448966.3008199}]}, "version": 171}
{"obj": {"type": "LogStrings", "path": ["monitoring", "stdout"], "values": [{"value": "\n", "step": null, "ts": 1638448966.3008199}]}, "version": 172}
{"obj": {"type": "LogFloats", "path": ["testnet", "loss"], "values": [{"value": 0.040350474417209625, "step": null, "ts": 1638448967.3045032}]}, "version": 173}
{"obj": {"type": "LogStrings", "path": ["monitoring", "stdout"], "values": [{"value": "50", "step": null, "ts": 1638448967.311531}]}, "version": 174}
{"obj": {"type": "LogStrings", "path": ["monitoring", "stdout"], "values": [{"value": "\n", "step": null, "ts": 1638448967.311531}]}, "version": 175}
{"obj": {"type": "LogFloats", "path": ["testnet", "loss"], "values": [{"value": 0.04111907631158829, "step": null, "ts": 1638448968.302071}]}, "version": 176}
{"obj": {"type": "LogStrings", "path": ["monitoring", "stdout"], "values": [{"value": "51", "step": null, "ts": 1638448968.3030238}]}, "version": 177}
{"obj": {"type": "LogStrings", "path": ["monitoring", "stdout"], "values": [{"value": "\n", "step": null, "ts": 1638448968.3030238}]}, "version": 178}
{"obj": {"type": "LogFloats", "path": ["testnet", "loss"], "values": [{"value": 0.050297319889068604, "step": null, "ts": 1638448969.3549724}]}, "version": 179}
{"obj": {"type": "LogStrings", "path": ["monitoring", "stdout"], "values": [{"value": "52", "step": null, "ts": 1638448969.3549724}]}, "version": 180}
{"obj": {"type": "LogStrings", "path": ["monitoring", "stdout"], "values": [{"value": "\n", "step": null, "ts": 1638448969.3549724}]}, "version": 181}
{"obj": {"type": "LogFloats", "path": ["testnet", "loss"], "values": [{"value": 0.05035284534096718, "step": null, "ts": 1638448970.3935022}]}, "version": 182}
{"obj": {"type": "LogStrings", "path": ["monitoring", "stdout"], "values": [{"value": "53", "step": null, "ts": 1638448970.3935022}]}, "version": 183}
{"obj": {"type": "LogStrings", "path": ["monitoring", "stdout"], "values": [{"value": "\n", "step": null, "ts": 1638448970.3935022}]}, "version": 184}
{"obj": {"type": "LogFloats", "path": ["testnet", "loss"], "values": [{"value": 0.04536372795701027, "step": null, "ts": 1638448971.4527218}]}, "version": 185}
{"obj": {"type": "LogStrings", "path": ["monitoring", "stdout"], "values": [{"value": "54", "step": null, "ts": 1638448971.4527218}]}, "version": 186}
{"obj": {"type": "LogStrings", "path": ["monitoring", "stdout"], "values": [{"value": "\n", "step": null, "ts": 1638448971.4607878}]}, "version": 187}
{"obj": {"type": "LogFloats", "path": ["testnet", "loss"], "values": [{"value": 0.05304732546210289, "step": null, "ts": 1638448972.572743}]}, "version": 188}
{"obj": {"type": "LogStrings", "path": ["monitoring", "stdout"], "values": [{"value": "55", "step": null, "ts": 1638448972.5740256}]}, "version": 189}
{"obj": {"type": "LogStrings", "path": ["monitoring", "stdout"], "values": [{"value": "\n", "step": null, "ts": 1638448972.5740256}]}, "version": 190}
{"obj": {"type": "LogFloats", "path": ["testnet", "loss"], "values": [{"value": 0.044891081750392914, "step": null, "ts": 1638448973.6450305}]}, "version": 191}
{"obj": {"type": "LogStrings", "path": ["monitoring", "stdout"], "values": [{"value": "56", "step": null, "ts": 1638448973.6450305}]}, "version": 192}
{"obj": {"type": "LogStrings", "path": ["monitoring", "stdout"], "values": [{"value": "\n", "step": null, "ts": 1638448973.6450305}]}, "version": 193}
{"obj": {"type": "LogFloats", "path": ["testnet", "loss"], "values": [{"value": 0.05124733969569206, "step": null, "ts": 1638448974.8026307}]}, "version": 194}
{"obj": {"type": "LogStrings", "path": ["monitoring", "stdout"], "values": [{"value": "57", "step": null, "ts": 1638448974.8036306}]}, "version": 195}
{"obj": {"type": "LogStrings", "path": ["monitoring", "stdout"], "values": [{"value": "\n", "step": null, "ts": 1638448974.8036306}]}, "version": 196}
{"obj": {"type": "LogFloats", "path": ["monitoring", "cpu"], "values": [{"value": 64.1, "step": null, "ts": 1638448975.108322}]}, "version": 197}
{"obj": {"type": "LogFloats", "path": ["monitoring", "memory"], "values": [{"value": 5.315849304199219, "step": null, "ts": 1638448975.108322}]}, "version": 198}
{"obj": {"type": "LogFloats", "path": ["testnet", "loss"], "values": [{"value": 0.036997728049755096, "step": null, "ts": 1638448975.910645}]}, "version": 199}
{"obj": {"type": "LogStrings", "path": ["monitoring", "stdout"], "values": [{"value": "58", "step": null, "ts": 1638448975.911646}]}, "version": 200}
{"obj": {"type": "LogStrings", "path": ["monitoring", "stdout"], "values": [{"value": "\n", "step": null, "ts": 1638448975.911646}]}, "version": 201}
{"obj": {"type": "LogFloats", "path": ["testnet", "loss"], "values": [{"value": 0.06329630315303802, "step": null, "ts": 1638448976.9806352}]}, "version": 202}
{"obj": {"type": "LogStrings", "path": ["monitoring", "stdout"], "values": [{"value": "59", "step": null, "ts": 1638448976.9806352}]}, "version": 203}
{"obj": {"type": "LogStrings", "path": ["monitoring", "stdout"], "values": [{"value": "\n", "step": null, "ts": 1638448976.9806352}]}, "version": 204}
{"obj": {"type": "LogFloats", "path": ["testnet", "loss"], "values": [{"value": 0.05578333139419556, "step": null, "ts": 1638448977.978084}]}, "version": 205}
{"obj": {"type": "LogStrings", "path": ["monitoring", "stdout"], "values": [{"value": "60", "step": null, "ts": 1638448977.978084}]}, "version": 206}
{"obj": {"type": "LogStrings", "path": ["monitoring", "stdout"], "values": [{"value": "\n", "step": null, "ts": 1638448977.978084}]}, "version": 207}
{"obj": {"type": "LogFloats", "path": ["testnet", "loss"], "values": [{"value": 0.037573568522930145, "step": null, "ts": 1638448979.05713}]}, "version": 208}
{"obj": {"type": "LogStrings", "path": ["monitoring", "stdout"], "values": [{"value": "61", "step": null, "ts": 1638448979.05713}]}, "version": 209}
{"obj": {"type": "LogStrings", "path": ["monitoring", "stdout"], "values": [{"value": "\n", "step": null, "ts": 1638448979.05713}]}, "version": 210}
{"obj": {"type": "LogFloats", "path": ["testnet", "loss"], "values": [{"value": 0.0281379371881485, "step": null, "ts": 1638448980.1449697}]}, "version": 211}
{"obj": {"type": "LogStrings", "path": ["monitoring", "stdout"], "values": [{"value": "62", "step": null, "ts": 1638448980.1449697}]}, "version": 212}
{"obj": {"type": "LogStrings", "path": ["monitoring", "stdout"], "values": [{"value": "\n", "step": null, "ts": 1638448980.1449697}]}, "version": 213}
{"obj": {"type": "LogFloats", "path": ["testnet", "loss"], "values": [{"value": 0.040137879550457, "step": null, "ts": 1638448981.1764085}]}, "version": 214}
{"obj": {"type": "LogStrings", "path": ["monitoring", "stdout"], "values": [{"value": "63", "step": null, "ts": 1638448981.1764085}]}, "version": 215}
{"obj": {"type": "LogStrings", "path": ["monitoring", "stdout"], "values": [{"value": "\n", "step": null, "ts": 1638448981.1764085}]}, "version": 216}
{"obj": {"type": "LogFloats", "path": ["testnet", "loss"], "values": [{"value": 0.03721553087234497, "step": null, "ts": 1638448982.1949487}]}, "version": 217}
{"obj": {"type": "LogStrings", "path": ["monitoring", "stdout"], "values": [{"value": "64", "step": null, "ts": 1638448982.2029839}]}, "version": 218}
{"obj": {"type": "LogStrings", "path": ["monitoring", "stdout"], "values": [{"value": "\n", "step": null, "ts": 1638448982.2029839}]}, "version": 219}
{"obj": {"type": "LogFloats", "path": ["testnet", "loss"], "values": [{"value": 0.05910219997167587, "step": null, "ts": 1638448983.224568}]}, "version": 220}
{"obj": {"type": "LogStrings", "path": ["monitoring", "stdout"], "values": [{"value": "65", "step": null, "ts": 1638448983.224568}]}, "version": 221}
{"obj": {"type": "LogStrings", "path": ["monitoring", "stdout"], "values": [{"value": "\n", "step": null, "ts": 1638448983.224568}]}, "version": 222}
{"obj": {"type": "LogFloats", "path": ["testnet", "loss"], "values": [{"value": 0.048171162605285645, "step": null, "ts": 1638448984.2539349}]}, "version": 223}
{"obj": {"type": "LogStrings", "path": ["monitoring", "stdout"], "values": [{"value": "66", "step": null, "ts": 1638448984.2539349}]}, "version": 224}
{"obj": {"type": "LogStrings", "path": ["monitoring", "stdout"], "values": [{"value": "\n", "step": null, "ts": 1638448984.2539349}]}, "version": 225}
{"obj": {"type": "LogFloats", "path": ["monitoring", "cpu"], "values": [{"value": 69.4, "step": null, "ts": 1638448985.1294613}]}, "version": 226}
{"obj": {"type": "LogFloats", "path": ["monitoring", "memory"], "values": [{"value": 5.384971618652344, "step": null, "ts": 1638448985.1294613}]}, "version": 227}
{"obj": {"type": "LogFloats", "path": ["testnet", "loss"], "values": [{"value": 0.03899463266134262, "step": null, "ts": 1638448985.295634}]}, "version": 228}
{"obj": {"type": "LogStrings", "path": ["monitoring", "stdout"], "values": [{"value": "67", "step": null, "ts": 1638448985.295634}]}, "version": 229}
{"obj": {"type": "LogStrings", "path": ["monitoring", "stdout"], "values": [{"value": "\n", "step": null, "ts": 1638448985.2966015}]}, "version": 230}
{"obj": {"type": "LogFloats", "path": ["testnet", "loss"], "values": [{"value": 0.05669168010354042, "step": null, "ts": 1638448986.3465126}]}, "version": 231}
{"obj": {"type": "LogStrings", "path": ["monitoring", "stdout"], "values": [{"value": "68", "step": null, "ts": 1638448986.3465126}]}, "version": 232}
{"obj": {"type": "LogStrings", "path": ["monitoring", "stdout"], "values": [{"value": "\n", "step": null, "ts": 1638448986.3545444}]}, "version": 233}
{"obj": {"type": "LogFloats", "path": ["testnet", "loss"], "values": [{"value": 0.07438177615404129, "step": null, "ts": 1638448987.406871}]}, "version": 234}
{"obj": {"type": "LogStrings", "path": ["monitoring", "stdout"], "values": [{"value": "69", "step": null, "ts": 1638448987.406871}]}, "version": 235}
{"obj": {"type": "LogStrings", "path": ["monitoring", "stdout"], "values": [{"value": "\n", "step": null, "ts": 1638448987.4148946}]}, "version": 236}
{"obj": {"type": "LogFloats", "path": ["testnet", "loss"], "values": [{"value": 0.05591161921620369, "step": null, "ts": 1638448988.445937}]}, "version": 237}
{"obj": {"type": "LogStrings", "path": ["monitoring", "stdout"], "values": [{"value": "70", "step": null, "ts": 1638448988.445937}]}, "version": 238}
{"obj": {"type": "LogStrings", "path": ["monitoring", "stdout"], "values": [{"value": "\n", "step": null, "ts": 1638448988.445937}]}, "version": 239}
{"obj": {"type": "LogFloats", "path": ["testnet", "loss"], "values": [{"value": 0.04193167760968208, "step": null, "ts": 1638448989.4835582}]}, "version": 240}
{"obj": {"type": "LogStrings", "path": ["monitoring", "stdout"], "values": [{"value": "71", "step": null, "ts": 1638448989.4835582}]}, "version": 241}
{"obj": {"type": "LogStrings", "path": ["monitoring", "stdout"], "values": [{"value": "\n", "step": null, "ts": 1638448989.485576}]}, "version": 242}
{"obj": {"type": "LogFloats", "path": ["testnet", "loss"], "values": [{"value": 0.06588354706764221, "step": null, "ts": 1638448990.5371509}]}, "version": 243}
{"obj": {"type": "LogStrings", "path": ["monitoring", "stdout"], "values": [{"value": "72", "step": null, "ts": 1638448990.5371509}]}, "version": 244}
{"obj": {"type": "LogStrings", "path": ["monitoring", "stdout"], "values": [{"value": "\n", "step": null, "ts": 1638448990.5371509}]}, "version": 245}
{"obj": {"type": "LogFloats", "path": ["testnet", "loss"], "values": [{"value": 0.04946335032582283, "step": null, "ts": 1638448991.5993483}]}, "version": 246}
{"obj": {"type": "LogStrings", "path": ["monitoring", "stdout"], "values": [{"value": "73", "step": null, "ts": 1638448991.5993483}]}, "version": 247}
{"obj": {"type": "LogStrings", "path": ["monitoring", "stdout"], "values": [{"value": "\n", "step": null, "ts": 1638448991.5993483}]}, "version": 248}
{"obj": {"type": "LogFloats", "path": ["testnet", "loss"], "values": [{"value": 0.03983956575393677, "step": null, "ts": 1638448992.7018678}]}, "version": 249}
{"obj": {"type": "LogStrings", "path": ["monitoring", "stdout"], "values": [{"value": "74", "step": null, "ts": 1638448992.7018678}]}, "version": 250}
{"obj": {"type": "LogStrings", "path": ["monitoring", "stdout"], "values": [{"value": "\n", "step": null, "ts": 1638448992.7018678}]}, "version": 251}
{"obj": {"type": "LogFloats", "path": ["testnet", "loss"], "values": [{"value": 0.054557185620069504, "step": null, "ts": 1638448993.7908347}]}, "version": 252}
{"obj": {"type": "LogStrings", "path": ["monitoring", "stdout"], "values": [{"value": "75", "step": null, "ts": 1638448993.7918344}]}, "version": 253}
{"obj": {"type": "LogStrings", "path": ["monitoring", "stdout"], "values": [{"value": "\n", "step": null, "ts": 1638448993.7918344}]}, "version": 254}
{"obj": {"type": "LogFloats", "path": ["testnet", "loss"], "values": [{"value": 0.06074945628643036, "step": null, "ts": 1638448994.8347666}]}, "version": 255}
{"obj": {"type": "LogStrings", "path": ["monitoring", "stdout"], "values": [{"value": "76", "step": null, "ts": 1638448994.8347666}]}, "version": 256}
{"obj": {"type": "LogStrings", "path": ["monitoring", "stdout"], "values": [{"value": "\n", "step": null, "ts": 1638448994.8357677}]}, "version": 257}
{"obj": {"type": "LogFloats", "path": ["monitoring", "cpu"], "values": [{"value": 72.0, "step": null, "ts": 1638448995.1459246}]}, "version": 258}
{"obj": {"type": "LogFloats", "path": ["monitoring", "memory"], "values": [{"value": 5.266849517822266, "step": null, "ts": 1638448995.1459246}]}, "version": 259}
{"obj": {"type": "LogFloats", "path": ["testnet", "loss"], "values": [{"value": 0.03931558504700661, "step": null, "ts": 1638448995.9219322}]}, "version": 260}
{"obj": {"type": "LogStrings", "path": ["monitoring", "stdout"], "values": [{"value": "77", "step": null, "ts": 1638448995.9219322}]}, "version": 261}
{"obj": {"type": "LogStrings", "path": ["monitoring", "stdout"], "values": [{"value": "\n", "step": null, "ts": 1638448995.9229312}]}, "version": 262}
{"obj": {"type": "LogFloats", "path": ["testnet", "loss"], "values": [{"value": 0.07891596853733063, "step": null, "ts": 1638448996.9829767}]}, "version": 263}
{"obj": {"type": "LogStrings", "path": ["monitoring", "stdout"], "values": [{"value": "78", "step": null, "ts": 1638448996.9829767}]}, "version": 264}
{"obj": {"type": "LogStrings", "path": ["monitoring", "stdout"], "values": [{"value": "\n", "step": null, "ts": 1638448996.9840214}]}, "version": 265}
{"obj": {"type": "LogFloats", "path": ["testnet", "loss"], "values": [{"value": 0.08381814509630203, "step": null, "ts": 1638448998.0298908}]}, "version": 266}
{"obj": {"type": "LogStrings", "path": ["monitoring", "stdout"], "values": [{"value": "79", "step": null, "ts": 1638448998.0298908}]}, "version": 267}
{"obj": {"type": "LogStrings", "path": ["monitoring", "stdout"], "values": [{"value": "\n", "step": null, "ts": 1638448998.030891}]}, "version": 268}
{"obj": {"type": "LogFloats", "path": ["testnet", "loss"], "values": [{"value": 0.05181517452001572, "step": null, "ts": 1638448999.103046}]}, "version": 269}
{"obj": {"type": "LogStrings", "path": ["monitoring", "stdout"], "values": [{"value": "80", "step": null, "ts": 1638448999.1040466}]}, "version": 270}
{"obj": {"type": "LogStrings", "path": ["monitoring", "stdout"], "values": [{"value": "\n", "step": null, "ts": 1638448999.1040466}]}, "version": 271}
{"obj": {"type": "LogFloats", "path": ["testnet", "loss"], "values": [{"value": 0.05581522360444069, "step": null, "ts": 1638449000.144015}]}, "version": 272}
{"obj": {"type": "LogStrings", "path": ["monitoring", "stdout"], "values": [{"value": "81", "step": null, "ts": 1638449000.144015}]}, "version": 273}
{"obj": {"type": "LogStrings", "path": ["monitoring", "stdout"], "values": [{"value": "\n", "step": null, "ts": 1638449000.144015}]}, "version": 274}
{"obj": {"type": "LogFloats", "path": ["testnet", "loss"], "values": [{"value": 0.04358145222067833, "step": null, "ts": 1638449001.181845}]}, "version": 275}
{"obj": {"type": "LogStrings", "path": ["monitoring", "stdout"], "values": [{"value": "82", "step": null, "ts": 1638449001.181845}]}, "version": 276}
{"obj": {"type": "LogStrings", "path": ["monitoring", "stdout"], "values": [{"value": "\n", "step": null, "ts": 1638449001.1828449}]}, "version": 277}
{"obj": {"type": "LogFloats", "path": ["testnet", "loss"], "values": [{"value": 0.04402083903551102, "step": null, "ts": 1638449002.2238529}]}, "version": 278}
{"obj": {"type": "LogStrings", "path": ["monitoring", "stdout"], "values": [{"value": "83", "step": null, "ts": 1638449002.2241342}]}, "version": 279}
{"obj": {"type": "LogStrings", "path": ["monitoring", "stdout"], "values": [{"value": "\n", "step": null, "ts": 1638449002.2241342}]}, "version": 280}
{"obj": {"type": "LogFloats", "path": ["testnet", "loss"], "values": [{"value": 0.04759487882256508, "step": null, "ts": 1638449003.3072987}]}, "version": 281}
{"obj": {"type": "LogStrings", "path": ["monitoring", "stdout"], "values": [{"value": "84", "step": null, "ts": 1638449003.3072987}]}, "version": 282}
{"obj": {"type": "LogStrings", "path": ["monitoring", "stdout"], "values": [{"value": "\n", "step": null, "ts": 1638449003.3072987}]}, "version": 283}
{"obj": {"type": "LogFloats", "path": ["testnet", "loss"], "values": [{"value": 0.0661725327372551, "step": null, "ts": 1638449004.319129}]}, "version": 284}
{"obj": {"type": "LogStrings", "path": ["monitoring", "stdout"], "values": [{"value": "85", "step": null, "ts": 1638449004.319129}]}, "version": 285}
{"obj": {"type": "LogStrings", "path": ["monitoring", "stdout"], "values": [{"value": "\n", "step": null, "ts": 1638449004.3201306}]}, "version": 286}
{"obj": {"type": "LogFloats", "path": ["monitoring", "cpu"], "values": [{"value": 71.0, "step": null, "ts": 1638449005.1561444}]}, "version": 287}
{"obj": {"type": "LogFloats", "path": ["monitoring", "memory"], "values": [{"value": 5.274379730224609, "step": null, "ts": 1638449005.1561444}]}, "version": 288}
{"obj": {"type": "LogFloats", "path": ["testnet", "loss"], "values": [{"value": 0.05063951388001442, "step": null, "ts": 1638449005.3442755}]}, "version": 289}
{"obj": {"type": "LogStrings", "path": ["monitoring", "stdout"], "values": [{"value": "86", "step": null, "ts": 1638449005.3452742}]}, "version": 290}
{"obj": {"type": "LogStrings", "path": ["monitoring", "stdout"], "values": [{"value": "\n", "step": null, "ts": 1638449005.3453104}]}, "version": 291}
{"obj": {"type": "LogFloats", "path": ["testnet", "loss"], "values": [{"value": 0.05173720419406891, "step": null, "ts": 1638449006.3821948}]}, "version": 292}
{"obj": {"type": "LogStrings", "path": ["monitoring", "stdout"], "values": [{"value": "87", "step": null, "ts": 1638449006.38319}]}, "version": 293}
{"obj": {"type": "LogStrings", "path": ["monitoring", "stdout"], "values": [{"value": "\n", "step": null, "ts": 1638449006.38319}]}, "version": 294}
{"obj": {"type": "LogFloats", "path": ["testnet", "loss"], "values": [{"value": 0.03970828279852867, "step": null, "ts": 1638449007.3976407}]}, "version": 295}
{"obj": {"type": "LogStrings", "path": ["monitoring", "stdout"], "values": [{"value": "88", "step": null, "ts": 1638449007.3976407}]}, "version": 296}
{"obj": {"type": "LogStrings", "path": ["monitoring", "stdout"], "values": [{"value": "\n", "step": null, "ts": 1638449007.3976407}]}, "version": 297}
{"obj": {"type": "LogFloats", "path": ["testnet", "loss"], "values": [{"value": 0.04698139801621437, "step": null, "ts": 1638449008.4607017}]}, "version": 298}
{"obj": {"type": "LogStrings", "path": ["monitoring", "stdout"], "values": [{"value": "89", "step": null, "ts": 1638449008.4607017}]}, "version": 299}
{"obj": {"type": "LogStrings", "path": ["monitoring", "stdout"], "values": [{"value": "\n", "step": null, "ts": 1638449008.4607017}]}, "version": 300}
{"obj": {"type": "LogFloats", "path": ["testnet", "loss"], "values": [{"value": 0.03966661915183067, "step": null, "ts": 1638449009.5013366}]}, "version": 301}
{"obj": {"type": "LogStrings", "path": ["monitoring", "stdout"], "values": [{"value": "90", "step": null, "ts": 1638449009.5013366}]}, "version": 302}
{"obj": {"type": "LogStrings", "path": ["monitoring", "stdout"], "values": [{"value": "\n", "step": null, "ts": 1638449009.509346}]}, "version": 303}
{"obj": {"type": "LogFloats", "path": ["testnet", "loss"], "values": [{"value": 0.04195191338658333, "step": null, "ts": 1638449010.590831}]}, "version": 304}
{"obj": {"type": "LogStrings", "path": ["monitoring", "stdout"], "values": [{"value": "91", "step": null, "ts": 1638449010.5928757}]}, "version": 305}
{"obj": {"type": "LogStrings", "path": ["monitoring", "stdout"], "values": [{"value": "\n", "step": null, "ts": 1638449010.5928757}]}, "version": 306}
{"obj": {"type": "LogFloats", "path": ["testnet", "loss"], "values": [{"value": 0.042977869510650635, "step": null, "ts": 1638449011.6744287}]}, "version": 307}
{"obj": {"type": "LogStrings", "path": ["monitoring", "stdout"], "values": [{"value": "92", "step": null, "ts": 1638449011.6744287}]}, "version": 308}
{"obj": {"type": "LogStrings", "path": ["monitoring", "stdout"], "values": [{"value": "\n", "step": null, "ts": 1638449011.6744287}]}, "version": 309}
{"obj": {"type": "LogFloats", "path": ["testnet", "loss"], "values": [{"value": 0.07668007910251617, "step": null, "ts": 1638449012.7558296}]}, "version": 310}
{"obj": {"type": "LogStrings", "path": ["monitoring", "stdout"], "values": [{"value": "93", "step": null, "ts": 1638449012.7558296}]}, "version": 311}
{"obj": {"type": "LogStrings", "path": ["monitoring", "stdout"], "values": [{"value": "\n", "step": null, "ts": 1638449012.7558296}]}, "version": 312}
{"obj": {"type": "LogFloats", "path": ["testnet", "loss"], "values": [{"value": 0.049951743334531784, "step": null, "ts": 1638449013.7971942}]}, "version": 313}
{"obj": {"type": "LogStrings", "path": ["monitoring", "stdout"], "values": [{"value": "94", "step": null, "ts": 1638449013.7971942}]}, "version": 314}
{"obj": {"type": "LogStrings", "path": ["monitoring", "stdout"], "values": [{"value": "\n", "step": null, "ts": 1638449013.7971942}]}, "version": 315}
{"obj": {"type": "LogFloats", "path": ["testnet", "loss"], "values": [{"value": 0.04835954308509827, "step": null, "ts": 1638449014.858952}]}, "version": 316}
{"obj": {"type": "LogStrings", "path": ["monitoring", "stdout"], "values": [{"value": "95", "step": null, "ts": 1638449014.858952}]}, "version": 317}
{"obj": {"type": "LogStrings", "path": ["monitoring", "stdout"], "values": [{"value": "\n", "step": null, "ts": 1638449014.858952}]}, "version": 318}
{"obj": {"type": "LogFloats", "path": ["monitoring", "cpu"], "values": [{"value": 72.8, "step": null, "ts": 1638449015.1707203}]}, "version": 319}
{"obj": {"type": "LogFloats", "path": ["monitoring", "memory"], "values": [{"value": 5.374759674072266, "step": null, "ts": 1638449015.1707203}]}, "version": 320}
{"obj": {"type": "LogFloats", "path": ["testnet", "loss"], "values": [{"value": 0.03405749425292015, "step": null, "ts": 1638449015.9399693}]}, "version": 321}
{"obj": {"type": "LogStrings", "path": ["monitoring", "stdout"], "values": [{"value": "96", "step": null, "ts": 1638449015.9399693}]}, "version": 322}
{"obj": {"type": "LogStrings", "path": ["monitoring", "stdout"], "values": [{"value": "\n", "step": null, "ts": 1638449015.9399693}]}, "version": 323}
{"obj": {"type": "LogFloats", "path": ["testnet", "loss"], "values": [{"value": 0.04181196168065071, "step": null, "ts": 1638449016.9467008}]}, "version": 324}
{"obj": {"type": "LogStrings", "path": ["monitoring", "stdout"], "values": [{"value": "97", "step": null, "ts": 1638449016.9467716}]}, "version": 325}
{"obj": {"type": "LogStrings", "path": ["monitoring", "stdout"], "values": [{"value": "\n", "step": null, "ts": 1638449016.9467716}]}, "version": 326}
{"obj": {"type": "LogFloats", "path": ["testnet", "loss"], "values": [{"value": 0.041244059801101685, "step": null, "ts": 1638449017.9405696}]}, "version": 327}
{"obj": {"type": "LogStrings", "path": ["monitoring", "stdout"], "values": [{"value": "98", "step": null, "ts": 1638449017.9405696}]}, "version": 328}
{"obj": {"type": "LogStrings", "path": ["monitoring", "stdout"], "values": [{"value": "\n", "step": null, "ts": 1638449017.9405696}]}, "version": 329}
{"obj": {"type": "LogFloats", "path": ["testnet", "loss"], "values": [{"value": 0.04384945333003998, "step": null, "ts": 1638449019.0014696}]}, "version": 330}
{"obj": {"type": "LogStrings", "path": ["monitoring", "stdout"], "values": [{"value": "99", "step": null, "ts": 1638449019.0014696}]}, "version": 331}
{"obj": {"type": "LogStrings", "path": ["monitoring", "stdout"], "values": [{"value": "\n", "step": null, "ts": 1638449019.0014696}]}, "version": 332}
{"obj": {"type": "LogFloats", "path": ["testnet", "loss"], "values": [{"value": 0.05697370693087578, "step": null, "ts": 1638449020.0208352}]}, "version": 333}
{"obj": {"type": "LogStrings", "path": ["monitoring", "stdout"], "values": [{"value": "100", "step": null, "ts": 1638449020.0208352}]}, "version": 334}
{"obj": {"type": "LogStrings", "path": ["monitoring", "stdout"], "values": [{"value": "\n", "step": null, "ts": 1638449020.0208352}]}, "version": 335}
{"obj": {"type": "LogStrings", "path": ["monitoring", "stderr"], "values": [{"value": "Clipping input data to the valid range for imshow with RGB data ([0..1] for floats or [0..255] for integers).\n", "step": null, "ts": 1638449020.8922217}]}, "version": 336}
{"obj": {"type": "LogFloats", "path": ["monitoring", "cpu"], "values": [{"value": 53.4, "step": null, "ts": 1638449025.172232}]}, "version": 337}
{"obj": {"type": "LogFloats", "path": ["monitoring", "memory"], "values": [{"value": 5.475101470947266, "step": null, "ts": 1638449025.172232}]}, "version": 338}
{"obj": {"type": "LogFloats", "path": ["monitoring", "cpu"], "values": [{"value": 14.9, "step": null, "ts": 1638449035.1854122}]}, "version": 339}
{"obj": {"type": "LogFloats", "path": ["monitoring", "memory"], "values": [{"value": 5.440513610839844, "step": null, "ts": 1638449035.1854122}]}, "version": 340}
{"obj": {"type": "LogFloats", "path": ["monitoring", "cpu"], "values": [{"value": 5.1, "step": null, "ts": 1638449045.1869428}]}, "version": 341}
{"obj": {"type": "LogFloats", "path": ["monitoring", "memory"], "values": [{"value": 5.442779541015625, "step": null, "ts": 1638449045.1869428}]}, "version": 342}
{"obj": {"type": "LogFloats", "path": ["monitoring", "cpu"], "values": [{"value": 6.7, "step": null, "ts": 1638449055.2009642}]}, "version": 343}
{"obj": {"type": "LogFloats", "path": ["monitoring", "memory"], "values": [{"value": 5.318675994873047, "step": null, "ts": 1638449055.2009642}]}, "version": 344}
{"obj": {"type": "LogFloats", "path": ["monitoring", "cpu"], "values": [{"value": 4.8, "step": null, "ts": 1638449065.2161784}]}, "version": 345}
{"obj": {"type": "LogFloats", "path": ["monitoring", "memory"], "values": [{"value": 5.316982269287109, "step": null, "ts": 1638449065.2161784}]}, "version": 346}
{"obj": {"type": "LogFloats", "path": ["monitoring", "cpu"], "values": [{"value": 4.7, "step": null, "ts": 1638449075.2340767}]}, "version": 347}
{"obj": {"type": "LogFloats", "path": ["monitoring", "memory"], "values": [{"value": 5.3246307373046875, "step": null, "ts": 1638449075.2340767}]}, "version": 348}
{"obj": {"type": "LogFloats", "path": ["monitoring", "cpu"], "values": [{"value": 5.0, "step": null, "ts": 1638449085.2471323}]}, "version": 349}
{"obj": {"type": "LogFloats", "path": ["monitoring", "memory"], "values": [{"value": 5.315410614013672, "step": null, "ts": 1638449085.2471323}]}, "version": 350}
{"obj": {"type": "LogFloats", "path": ["monitoring", "cpu"], "values": [{"value": 4.7, "step": null, "ts": 1638449095.2626734}]}, "version": 351}
{"obj": {"type": "LogFloats", "path": ["monitoring", "memory"], "values": [{"value": 5.309078216552734, "step": null, "ts": 1638449095.2626734}]}, "version": 352}
