{"obj": {"type": "AssignString", "path": ["sys", "name"], "value": "Untitled"}, "version": 1}
{"obj": {"type": "AssignString", "path": ["sys", "description"], "value": ""}, "version": 2}
{"obj": {"type": "AssignString", "path": ["sys", "hostname"], "value": "DESKTOP-SDMAFDQ"}, "version": 3}
{"obj": {"type": "AssignBool", "path": ["sys", "failed"], "value": false}, "version": 4}
{"obj": {"type": "ClearStringLog", "path": ["monitoring", "stdout"]}, "version": 5}
{"obj": {"type": "ClearStringLog", "path": ["monitoring", "stderr"]}, "version": 6}
{"obj": {"type": "AssignString", "path": ["source_code", "entrypoint"], "value": "final-network.py"}, "version": 7}
{"obj": {"type": "UploadFileSet", "path": ["source_code", "files"], "file_globs": ["C:\\Users\\Marc\\Documents\\GitHub\\Deep_final\\final-network.py"], "reset": "False"}, "version": 8}
{"obj": {"type": "ConfigFloatSeries", "path": ["monitoring", "cpu"], "min": 0.0, "max": 100.0, "unit": "%"}, "version": 9}
{"obj": {"type": "ClearFloatLog", "path": ["monitoring", "cpu"]}, "version": 10}
{"obj": {"type": "ConfigFloatSeries", "path": ["monitoring", "memory"], "min": 0.0, "max": 15.387199401855469, "unit": "GB"}, "version": 11}
{"obj": {"type": "ClearFloatLog", "path": ["monitoring", "memory"]}, "version": 12}
{"obj": {"type": "ConfigFloatSeries", "path": ["monitoring", "gpu"], "min": 0.0, "max": 100.0, "unit": "%"}, "version": 13}
{"obj": {"type": "ClearFloatLog", "path": ["monitoring", "gpu"]}, "version": 14}
{"obj": {"type": "ConfigFloatSeries", "path": ["monitoring", "gpu_memory"], "min": 0.0, "max": 4.0, "unit": "GB"}, "version": 15}
{"obj": {"type": "ClearFloatLog", "path": ["monitoring", "gpu_memory"]}, "version": 16}
{"obj": {"type": "LogFloats", "path": ["monitoring", "cpu"], "values": [{"value": 7.7, "step": null, "ts": 1639634113.7845128}]}, "version": 17}
{"obj": {"type": "LogFloats", "path": ["monitoring", "memory"], "values": [{"value": 6.0929718017578125, "step": null, "ts": 1639634113.7845128}]}, "version": 18}
{"obj": {"type": "LogFloats", "path": ["monitoring", "gpu_memory"], "values": [{"value": 0.051025390625, "step": null, "ts": 1639634113.7845128}]}, "version": 19}
{"obj": {"type": "AssignString", "path": ["network", "parameters", "optimizer"], "value": "SGD"}, "version": 20}
{"obj": {"type": "AssignFloat", "path": ["network", "parameters", "optimizer_momentum"], "value": 0.9}, "version": 21}
{"obj": {"type": "AssignFloat", "path": ["network", "parameters", "optimizer_learning_rate"], "value": 0.001}, "version": 22}
{"obj": {"type": "AssignString", "path": ["network", "parameters", "loss_function"], "value": "MSEloss"}, "version": 23}
{"obj": {"type": "AssignString", "path": ["network", "parameters", "model"], "value": "GTA_Unet"}, "version": 24}
{"obj": {"type": "AssignString", "path": ["network", "parameters", "scheduler"], "value": "CyclicLR"}, "version": 25}
{"obj": {"type": "AssignFloat", "path": ["network", "parameters", "scheduler_base_lr"], "value": 0.001}, "version": 26}
{"obj": {"type": "AssignFloat", "path": ["network", "parameters", "scheduler_max_lr"], "value": 1.15}, "version": 27}
{"obj": {"type": "AssignInt", "path": ["network", "parameters", "scheduler_step_size_up"], "value": 10}, "version": 28}
{"obj": {"type": "LogStrings", "path": ["monitoring", "stdout"], "values": [{"value": "Training epoch 0", "step": null, "ts": 1639634114.006315}]}, "version": 29}
{"obj": {"type": "LogStrings", "path": ["monitoring", "stdout"], "values": [{"value": "\n", "step": null, "ts": 1639634114.006315}]}, "version": 30}
{"obj": {"type": "LogFloats", "path": ["network", "learning_rate"], "values": [{"value": 0.001, "step": null, "ts": 1639634114.006315}]}, "version": 31}
{"obj": {"type": "LogFloats", "path": ["network", "train_loss"], "values": [{"value": 0.0985588835818427, "step": null, "ts": 1639634119.910699}]}, "version": 32}
{"obj": {"type": "LogFloats", "path": ["network", "validation_mean_acc"], "values": [{"value": 0.22875833333333334, "step": null, "ts": 1639634120.1449118}]}, "version": 33}
{"obj": {"type": "LogFloats", "path": ["network", "validation_loss"], "values": [{"value": 0.0942990705370903, "step": null, "ts": 1639634120.1449118}]}, "version": 34}
{"obj": {"type": "LogStrings", "path": ["monitoring", "stdout"], "values": [{"value": "Training epoch 1", "step": null, "ts": 1639634120.1459126}]}, "version": 35}
{"obj": {"type": "LogStrings", "path": ["monitoring", "stdout"], "values": [{"value": "\n", "step": null, "ts": 1639634120.1459126}]}, "version": 36}
{"obj": {"type": "LogFloats", "path": ["network", "learning_rate"], "values": [{"value": 0.1159000000000001, "step": null, "ts": 1639634120.1459126}]}, "version": 37}
{"obj": {"type": "LogFloats", "path": ["network", "train_loss"], "values": [{"value": 0.08092950710228511, "step": null, "ts": 1639634121.7043266}]}, "version": 38}
{"obj": {"type": "LogFloats", "path": ["network", "validation_mean_acc"], "values": [{"value": 0.37695833333333334, "step": null, "ts": 1639634121.931533}]}, "version": 39}
{"obj": {"type": "LogFloats", "path": ["network", "validation_loss"], "values": [{"value": 0.07763945311307907, "step": null, "ts": 1639634121.931533}]}, "version": 40}
{"obj": {"type": "LogStrings", "path": ["monitoring", "stdout"], "values": [{"value": "Training epoch 2", "step": null, "ts": 1639634121.931533}]}, "version": 41}
{"obj": {"type": "LogStrings", "path": ["monitoring", "stdout"], "values": [{"value": "\n", "step": null, "ts": 1639634121.931533}]}, "version": 42}
{"obj": {"type": "LogFloats", "path": ["network", "learning_rate"], "values": [{"value": 0.2308000000000002, "step": null, "ts": 1639634121.931533}]}, "version": 43}
{"obj": {"type": "LogFloats", "path": ["network", "train_loss"], "values": [{"value": 0.046294021287134716, "step": null, "ts": 1639634123.4969535}]}, "version": 44}
{"obj": {"type": "LogFloats", "path": ["network", "validation_mean_acc"], "values": [{"value": 0.542525, "step": null, "ts": 1639634123.7181547}]}, "version": 45}
{"obj": {"type": "LogFloats", "path": ["network", "validation_loss"], "values": [{"value": 0.08032108098268509, "step": null, "ts": 1639634123.7191558}]}, "version": 46}
{"obj": {"type": "LogStrings", "path": ["monitoring", "stdout"], "values": [{"value": "Training epoch 3", "step": null, "ts": 1639634123.7191558}]}, "version": 47}
{"obj": {"type": "LogStrings", "path": ["monitoring", "stdout"], "values": [{"value": "\n", "step": null, "ts": 1639634123.7191558}]}, "version": 48}
{"obj": {"type": "LogFloats", "path": ["network", "learning_rate"], "values": [{"value": 0.3456999999999998, "step": null, "ts": 1639634123.7191558}]}, "version": 49}
{"obj": {"type": "LogFloats", "path": ["monitoring", "cpu"], "values": [{"value": 29.3, "step": null, "ts": 1639634123.7962253}]}, "version": 50}
{"obj": {"type": "LogFloats", "path": ["monitoring", "memory"], "values": [{"value": 7.660060882568359, "step": null, "ts": 1639634123.7962253}]}, "version": 51}
{"obj": {"type": "LogFloats", "path": ["monitoring", "gpu"], "values": [{"value": 60.0, "step": null, "ts": 1639634123.7962253}]}, "version": 52}
{"obj": {"type": "LogFloats", "path": ["monitoring", "gpu_memory"], "values": [{"value": 2.559967041015625, "step": null, "ts": 1639634123.7962253}]}, "version": 53}
{"obj": {"type": "LogFloats", "path": ["network", "train_loss"], "values": [{"value": 0.032271502539515495, "step": null, "ts": 1639634125.2865782}]}, "version": 54}
{"obj": {"type": "LogFloats", "path": ["network", "validation_mean_acc"], "values": [{"value": 0.4066416666666667, "step": null, "ts": 1639634125.5157857}]}, "version": 55}
{"obj": {"type": "LogFloats", "path": ["network", "validation_loss"], "values": [{"value": 0.10142970830202103, "step": null, "ts": 1639634125.5167866}]}, "version": 56}
{"obj": {"type": "LogStrings", "path": ["monitoring", "stdout"], "values": [{"value": "Training epoch 4", "step": null, "ts": 1639634125.5167866}]}, "version": 57}
{"obj": {"type": "LogStrings", "path": ["monitoring", "stdout"], "values": [{"value": "\n", "step": null, "ts": 1639634125.5167866}]}, "version": 58}
{"obj": {"type": "LogFloats", "path": ["network", "learning_rate"], "values": [{"value": 0.4605999999999999, "step": null, "ts": 1639634125.5167866}]}, "version": 59}
{"obj": {"type": "LogFloats", "path": ["network", "train_loss"], "values": [{"value": 0.024818630622965947, "step": null, "ts": 1639634127.0742}]}, "version": 60}
{"obj": {"type": "LogFloats", "path": ["network", "validation_mean_acc"], "values": [{"value": 0.4638, "step": null, "ts": 1639634127.3044088}]}, "version": 61}
{"obj": {"type": "LogFloats", "path": ["network", "validation_loss"], "values": [{"value": 0.0966283306479454, "step": null, "ts": 1639634127.30541}]}, "version": 62}
{"obj": {"type": "LogStrings", "path": ["monitoring", "stdout"], "values": [{"value": "Training epoch 5", "step": null, "ts": 1639634127.30541}]}, "version": 63}
{"obj": {"type": "LogStrings", "path": ["monitoring", "stdout"], "values": [{"value": "\n", "step": null, "ts": 1639634127.30541}]}, "version": 64}
{"obj": {"type": "LogFloats", "path": ["network", "learning_rate"], "values": [{"value": 0.5755, "step": null, "ts": 1639634127.30541}]}, "version": 65}
{"obj": {"type": "LogFloats", "path": ["network", "train_loss"], "values": [{"value": 0.029243014619818757, "step": null, "ts": 1639634128.8628235}]}, "version": 66}
{"obj": {"type": "LogFloats", "path": ["network", "validation_mean_acc"], "values": [{"value": 0.6134416666666667, "step": null, "ts": 1639634129.086026}]}, "version": 67}
{"obj": {"type": "LogFloats", "path": ["network", "validation_loss"], "values": [{"value": 0.07380634546279907, "step": null, "ts": 1639634129.086026}]}, "version": 68}
{"obj": {"type": "LogStrings", "path": ["monitoring", "stdout"], "values": [{"value": "Training epoch 6", "step": null, "ts": 1639634129.086026}]}, "version": 69}
{"obj": {"type": "LogStrings", "path": ["monitoring", "stdout"], "values": [{"value": "\n", "step": null, "ts": 1639634129.0870273}]}, "version": 70}
{"obj": {"type": "LogFloats", "path": ["network", "learning_rate"], "values": [{"value": 0.6904000000000001, "step": null, "ts": 1639634129.0870273}]}, "version": 71}
{"obj": {"type": "LogFloats", "path": ["network", "train_loss"], "values": [{"value": 0.028112139818923815, "step": null, "ts": 1639634130.648444}]}, "version": 72}
{"obj": {"type": "LogFloats", "path": ["network", "validation_mean_acc"], "values": [{"value": 0.355825, "step": null, "ts": 1639634130.8706458}]}, "version": 73}
{"obj": {"type": "LogFloats", "path": ["network", "validation_loss"], "values": [{"value": 0.1083231270313263, "step": null, "ts": 1639634130.8706458}]}, "version": 74}
{"obj": {"type": "LogStrings", "path": ["monitoring", "stdout"], "values": [{"value": "Training epoch 7", "step": null, "ts": 1639634130.8706458}]}, "version": 75}
{"obj": {"type": "LogStrings", "path": ["monitoring", "stdout"], "values": [{"value": "\n", "step": null, "ts": 1639634130.8706458}]}, "version": 76}
{"obj": {"type": "LogFloats", "path": ["network", "learning_rate"], "values": [{"value": 0.8053000000000002, "step": null, "ts": 1639634130.8706458}]}, "version": 77}
{"obj": {"type": "LogFloats", "path": ["network", "train_loss"], "values": [{"value": 0.0266962627481137, "step": null, "ts": 1639634132.4400694}]}, "version": 78}
{"obj": {"type": "LogFloats", "path": ["network", "validation_mean_acc"], "values": [{"value": 0.541125, "step": null, "ts": 1639634132.670279}]}, "version": 79}
{"obj": {"type": "LogFloats", "path": ["network", "validation_loss"], "values": [{"value": 0.08054447174072266, "step": null, "ts": 1639634132.670279}]}, "version": 80}
{"obj": {"type": "LogStrings", "path": ["monitoring", "stdout"], "values": [{"value": "Training epoch 8", "step": null, "ts": 1639634132.670279}]}, "version": 81}
{"obj": {"type": "LogStrings", "path": ["monitoring", "stdout"], "values": [{"value": "\n", "step": null, "ts": 1639634132.670279}]}, "version": 82}
{"obj": {"type": "LogFloats", "path": ["network", "learning_rate"], "values": [{"value": 0.9201999999999998, "step": null, "ts": 1639634132.6712797}]}, "version": 83}
{"obj": {"type": "LogFloats", "path": ["monitoring", "cpu"], "values": [{"value": 48.0, "step": null, "ts": 1639634133.8013048}]}, "version": 84}
{"obj": {"type": "LogFloats", "path": ["monitoring", "memory"], "values": [{"value": 7.6346282958984375, "step": null, "ts": 1639634133.8013048}]}, "version": 85}
{"obj": {"type": "LogFloats", "path": ["monitoring", "gpu"], "values": [{"value": 73.0, "step": null, "ts": 1639634133.8013048}]}, "version": 86}
{"obj": {"type": "LogFloats", "path": ["monitoring", "gpu_memory"], "values": [{"value": 2.559967041015625, "step": null, "ts": 1639634133.8013048}]}, "version": 87}
{"obj": {"type": "LogFloats", "path": ["network", "train_loss"], "values": [{"value": 0.029548926278948784, "step": null, "ts": 1639634134.2437074}]}, "version": 88}
{"obj": {"type": "LogFloats", "path": ["network", "validation_mean_acc"], "values": [{"value": 0.5575083333333334, "step": null, "ts": 1639634134.4779189}]}, "version": 89}
{"obj": {"type": "LogFloats", "path": ["network", "validation_loss"], "values": [{"value": 0.08493826538324356, "step": null, "ts": 1639634134.4779189}]}, "version": 90}
{"obj": {"type": "LogStrings", "path": ["monitoring", "stdout"], "values": [{"value": "Training epoch 9", "step": null, "ts": 1639634134.4779189}]}, "version": 91}
{"obj": {"type": "LogStrings", "path": ["monitoring", "stdout"], "values": [{"value": "\n", "step": null, "ts": 1639634134.4779189}]}, "version": 92}
{"obj": {"type": "LogFloats", "path": ["network", "learning_rate"], "values": [{"value": 1.0351, "step": null, "ts": 1639634134.4789202}]}, "version": 93}
{"obj": {"type": "LogFloats", "path": ["network", "train_loss"], "values": [{"value": 0.02185044756957463, "step": null, "ts": 1639634136.0743675}]}, "version": 94}
{"obj": {"type": "LogFloats", "path": ["network", "validation_mean_acc"], "values": [{"value": 0.4055166666666667, "step": null, "ts": 1639634136.3065784}]}, "version": 95}
{"obj": {"type": "LogFloats", "path": ["network", "validation_loss"], "values": [{"value": 0.10752812772989273, "step": null, "ts": 1639634136.3065784}]}, "version": 96}
{"obj": {"type": "LogStrings", "path": ["monitoring", "stdout"], "values": [{"value": "Training epoch 10", "step": null, "ts": 1639634136.3065784}]}, "version": 97}
{"obj": {"type": "LogStrings", "path": ["monitoring", "stdout"], "values": [{"value": "\n", "step": null, "ts": 1639634136.3075798}]}, "version": 98}
{"obj": {"type": "LogFloats", "path": ["network", "learning_rate"], "values": [{"value": 1.15, "step": null, "ts": 1639634136.3075798}]}, "version": 99}
{"obj": {"type": "LogFloats", "path": ["network", "train_loss"], "values": [{"value": 0.024135975699339594, "step": null, "ts": 1639634137.8840106}]}, "version": 100}
{"obj": {"type": "LogFloats", "path": ["network", "validation_mean_acc"], "values": [{"value": 0.43180833333333335, "step": null, "ts": 1639634138.1222267}]}, "version": 101}
{"obj": {"type": "LogFloats", "path": ["network", "validation_loss"], "values": [{"value": 0.1034153625369072, "step": null, "ts": 1639634138.1232274}]}, "version": 102}
{"obj": {"type": "LogStrings", "path": ["monitoring", "stdout"], "values": [{"value": "Training epoch 11", "step": null, "ts": 1639634138.1232274}]}, "version": 103}
{"obj": {"type": "LogStrings", "path": ["monitoring", "stdout"], "values": [{"value": "\n", "step": null, "ts": 1639634138.1232274}]}, "version": 104}
{"obj": {"type": "LogFloats", "path": ["network", "learning_rate"], "values": [{"value": 1.0351, "step": null, "ts": 1639634138.1232274}]}, "version": 105}
{"obj": {"type": "LogFloats", "path": ["network", "train_loss"], "values": [{"value": 0.0271145584327834, "step": null, "ts": 1639634139.6956542}]}, "version": 106}
{"obj": {"type": "LogFloats", "path": ["network", "validation_mean_acc"], "values": [{"value": 0.5570916666666667, "step": null, "ts": 1639634139.925863}]}, "version": 107}
{"obj": {"type": "LogFloats", "path": ["network", "validation_loss"], "values": [{"value": 0.0834459736943245, "step": null, "ts": 1639634139.926864}]}, "version": 108}
{"obj": {"type": "LogStrings", "path": ["monitoring", "stdout"], "values": [{"value": "Training epoch 12", "step": null, "ts": 1639634139.926864}]}, "version": 109}
{"obj": {"type": "LogStrings", "path": ["monitoring", "stdout"], "values": [{"value": "\n", "step": null, "ts": 1639634139.926864}]}, "version": 110}
{"obj": {"type": "LogFloats", "path": ["network", "learning_rate"], "values": [{"value": 0.9201999999999998, "step": null, "ts": 1639634139.926864}]}, "version": 111}
{"obj": {"type": "LogFloats", "path": ["network", "train_loss"], "values": [{"value": 0.02411540544458798, "step": null, "ts": 1639634141.5203097}]}, "version": 112}
{"obj": {"type": "LogFloats", "path": ["network", "validation_mean_acc"], "values": [{"value": 0.4357666666666667, "step": null, "ts": 1639634141.76153}]}, "version": 113}
{"obj": {"type": "LogFloats", "path": ["network", "validation_loss"], "values": [{"value": 0.09975504875183105, "step": null, "ts": 1639634141.76153}]}, "version": 114}
{"obj": {"type": "LogStrings", "path": ["monitoring", "stdout"], "values": [{"value": "Training epoch 13", "step": null, "ts": 1639634141.76253}]}, "version": 115}
{"obj": {"type": "LogStrings", "path": ["monitoring", "stdout"], "values": [{"value": "\n", "step": null, "ts": 1639634141.76253}]}, "version": 116}
{"obj": {"type": "LogFloats", "path": ["network", "learning_rate"], "values": [{"value": 0.8053000000000002, "step": null, "ts": 1639634141.76253}]}, "version": 117}
{"obj": {"type": "LogFloats", "path": ["network", "train_loss"], "values": [{"value": 0.021056193858385086, "step": null, "ts": 1639634143.3369582}]}, "version": 118}
{"obj": {"type": "LogFloats", "path": ["network", "validation_mean_acc"], "values": [{"value": 0.5177833333333334, "step": null, "ts": 1639634143.5631638}]}, "version": 119}
{"obj": {"type": "LogFloats", "path": ["network", "validation_loss"], "values": [{"value": 0.08760221302509308, "step": null, "ts": 1639634143.5631638}]}, "version": 120}
{"obj": {"type": "LogStrings", "path": ["monitoring", "stdout"], "values": [{"value": "Training epoch 14", "step": null, "ts": 1639634143.5631638}]}, "version": 121}
{"obj": {"type": "LogStrings", "path": ["monitoring", "stdout"], "values": [{"value": "\n", "step": null, "ts": 1639634143.5631638}]}, "version": 122}
{"obj": {"type": "LogFloats", "path": ["network", "learning_rate"], "values": [{"value": 0.6904000000000001, "step": null, "ts": 1639634143.5631638}]}, "version": 123}
{"obj": {"type": "LogFloats", "path": ["monitoring", "cpu"], "values": [{"value": 55.0, "step": null, "ts": 1639634143.8113897}]}, "version": 124}
{"obj": {"type": "LogFloats", "path": ["monitoring", "memory"], "values": [{"value": 7.900993347167969, "step": null, "ts": 1639634143.8113897}]}, "version": 125}
{"obj": {"type": "LogFloats", "path": ["monitoring", "gpu"], "values": [{"value": 66.0, "step": null, "ts": 1639634143.8113897}]}, "version": 126}
{"obj": {"type": "LogFloats", "path": ["monitoring", "gpu_memory"], "values": [{"value": 2.559967041015625, "step": null, "ts": 1639634143.8113897}]}, "version": 127}
{"obj": {"type": "LogFloats", "path": ["network", "train_loss"], "values": [{"value": 0.018162298016250134, "step": null, "ts": 1639634145.1405957}]}, "version": 128}
{"obj": {"type": "LogFloats", "path": ["network", "validation_mean_acc"], "values": [{"value": 0.45921666666666666, "step": null, "ts": 1639634145.3647988}]}, "version": 129}
{"obj": {"type": "LogFloats", "path": ["network", "validation_loss"], "values": [{"value": 0.10030898451805115, "step": null, "ts": 1639634145.3647988}]}, "version": 130}
{"obj": {"type": "LogStrings", "path": ["monitoring", "stdout"], "values": [{"value": "Training epoch 15", "step": null, "ts": 1639634145.3657997}]}, "version": 131}
{"obj": {"type": "LogStrings", "path": ["monitoring", "stdout"], "values": [{"value": "\n", "step": null, "ts": 1639634145.3657997}]}, "version": 132}
{"obj": {"type": "LogFloats", "path": ["network", "learning_rate"], "values": [{"value": 0.5755, "step": null, "ts": 1639634145.3657997}]}, "version": 133}
{"obj": {"type": "LogFloats", "path": ["network", "train_loss"], "values": [{"value": 0.0177095356796469, "step": null, "ts": 1639634146.947235}]}, "version": 134}
{"obj": {"type": "LogFloats", "path": ["network", "validation_mean_acc"], "values": [{"value": 0.5502833333333333, "step": null, "ts": 1639634147.1784444}]}, "version": 135}
{"obj": {"type": "LogFloats", "path": ["network", "validation_loss"], "values": [{"value": 0.08636327087879181, "step": null, "ts": 1639634147.1784444}]}, "version": 136}
{"obj": {"type": "LogStrings", "path": ["monitoring", "stdout"], "values": [{"value": "Training epoch 16", "step": null, "ts": 1639634147.1794453}]}, "version": 137}
{"obj": {"type": "LogStrings", "path": ["monitoring", "stdout"], "values": [{"value": "\n", "step": null, "ts": 1639634147.1794453}]}, "version": 138}
{"obj": {"type": "LogFloats", "path": ["network", "learning_rate"], "values": [{"value": 0.4605999999999999, "step": null, "ts": 1639634147.1794453}]}, "version": 139}
{"obj": {"type": "LogFloats", "path": ["network", "train_loss"], "values": [{"value": 0.015592316564704691, "step": null, "ts": 1639634148.7558758}]}, "version": 140}
{"obj": {"type": "LogFloats", "path": ["network", "validation_mean_acc"], "values": [{"value": 0.5259, "step": null, "ts": 1639634148.9830825}]}, "version": 141}
{"obj": {"type": "LogFloats", "path": ["network", "validation_loss"], "values": [{"value": 0.09220123291015625, "step": null, "ts": 1639634148.9830825}]}, "version": 142}
{"obj": {"type": "LogStrings", "path": ["monitoring", "stdout"], "values": [{"value": "Training epoch 17", "step": null, "ts": 1639634148.9840832}]}, "version": 143}
{"obj": {"type": "LogStrings", "path": ["monitoring", "stdout"], "values": [{"value": "\n", "step": null, "ts": 1639634148.9840832}]}, "version": 144}
{"obj": {"type": "LogFloats", "path": ["network", "learning_rate"], "values": [{"value": 0.3456999999999998, "step": null, "ts": 1639634148.9840832}]}, "version": 145}
{"obj": {"type": "LogFloats", "path": ["network", "train_loss"], "values": [{"value": 0.015066999542926039, "step": null, "ts": 1639634150.554508}]}, "version": 146}
{"obj": {"type": "LogFloats", "path": ["network", "validation_mean_acc"], "values": [{"value": 0.5464666666666667, "step": null, "ts": 1639634150.7817147}]}, "version": 147}
{"obj": {"type": "LogFloats", "path": ["network", "validation_loss"], "values": [{"value": 0.08742605894804001, "step": null, "ts": 1639634150.7817147}]}, "version": 148}
{"obj": {"type": "LogStrings", "path": ["monitoring", "stdout"], "values": [{"value": "Training epoch 18", "step": null, "ts": 1639634150.7817147}]}, "version": 149}
{"obj": {"type": "LogStrings", "path": ["monitoring", "stdout"], "values": [{"value": "\n", "step": null, "ts": 1639634150.7817147}]}, "version": 150}
{"obj": {"type": "LogFloats", "path": ["network", "learning_rate"], "values": [{"value": 0.2308000000000002, "step": null, "ts": 1639634150.7817147}]}, "version": 151}
{"obj": {"type": "LogFloats", "path": ["network", "train_loss"], "values": [{"value": 0.01411250393305506, "step": null, "ts": 1639634152.357144}]}, "version": 152}
{"obj": {"type": "LogFloats", "path": ["network", "validation_mean_acc"], "values": [{"value": 0.5302916666666667, "step": null, "ts": 1639634152.5863523}]}, "version": 153}
{"obj": {"type": "LogFloats", "path": ["network", "validation_loss"], "values": [{"value": 0.09139082580804825, "step": null, "ts": 1639634152.5863523}]}, "version": 154}
{"obj": {"type": "LogStrings", "path": ["monitoring", "stdout"], "values": [{"value": "Training epoch 19", "step": null, "ts": 1639634152.5863523}]}, "version": 155}
{"obj": {"type": "LogStrings", "path": ["monitoring", "stdout"], "values": [{"value": "\n", "step": null, "ts": 1639634152.5863523}]}, "version": 156}
{"obj": {"type": "LogFloats", "path": ["network", "learning_rate"], "values": [{"value": 0.1159000000000001, "step": null, "ts": 1639634152.5863523}]}, "version": 157}
{"obj": {"type": "LogFloats", "path": ["monitoring", "cpu"], "values": [{"value": 52.8, "step": null, "ts": 1639634153.8214734}]}, "version": 158}
{"obj": {"type": "LogFloats", "path": ["monitoring", "memory"], "values": [{"value": 8.033966064453125, "step": null, "ts": 1639634153.8214734}]}, "version": 159}
{"obj": {"type": "LogFloats", "path": ["monitoring", "gpu"], "values": [{"value": 83.0, "step": null, "ts": 1639634153.8214734}]}, "version": 160}
{"obj": {"type": "LogFloats", "path": ["monitoring", "gpu_memory"], "values": [{"value": 2.559967041015625, "step": null, "ts": 1639634153.8214734}]}, "version": 161}
{"obj": {"type": "LogFloats", "path": ["network", "train_loss"], "values": [{"value": 0.01307192724198103, "step": null, "ts": 1639634154.1627827}]}, "version": 162}
{"obj": {"type": "LogFloats", "path": ["network", "validation_mean_acc"], "values": [{"value": 0.5526916666666667, "step": null, "ts": 1639634154.397997}]}, "version": 163}
{"obj": {"type": "LogFloats", "path": ["network", "validation_loss"], "values": [{"value": 0.08657192438840866, "step": null, "ts": 1639634154.397997}]}, "version": 164}
{"obj": {"type": "LogStrings", "path": ["monitoring", "stdout"], "values": [{"value": "Training epoch 20", "step": null, "ts": 1639634154.397997}]}, "version": 165}
{"obj": {"type": "LogStrings", "path": ["monitoring", "stdout"], "values": [{"value": "\n", "step": null, "ts": 1639634154.397997}]}, "version": 166}
{"obj": {"type": "LogFloats", "path": ["network", "learning_rate"], "values": [{"value": 0.001, "step": null, "ts": 1639634154.397997}]}, "version": 167}
{"obj": {"type": "LogFloats", "path": ["network", "train_loss"], "values": [{"value": 0.012781546318105288, "step": null, "ts": 1639634155.9714246}]}, "version": 168}
{"obj": {"type": "LogFloats", "path": ["network", "validation_mean_acc"], "values": [{"value": 0.5526666666666666, "step": null, "ts": 1639634156.1996315}]}, "version": 169}
{"obj": {"type": "LogFloats", "path": ["network", "validation_loss"], "values": [{"value": 0.0865781307220459, "step": null, "ts": 1639634156.1996315}]}, "version": 170}
{"obj": {"type": "LogStrings", "path": ["monitoring", "stdout"], "values": [{"value": "Training epoch 21", "step": null, "ts": 1639634156.2006323}]}, "version": 171}
{"obj": {"type": "LogStrings", "path": ["monitoring", "stdout"], "values": [{"value": "\n", "step": null, "ts": 1639634156.2006323}]}, "version": 172}
{"obj": {"type": "LogFloats", "path": ["network", "learning_rate"], "values": [{"value": 0.1158999999999996, "step": null, "ts": 1639634156.2006323}]}, "version": 173}
{"obj": {"type": "LogFloats", "path": ["network", "train_loss"], "values": [{"value": 0.01275823065744979, "step": null, "ts": 1639634157.7880733}]}, "version": 174}
{"obj": {"type": "LogFloats", "path": ["network", "validation_mean_acc"], "values": [{"value": 0.5359416666666666, "step": null, "ts": 1639634158.019283}]}, "version": 175}
{"obj": {"type": "LogFloats", "path": ["network", "validation_loss"], "values": [{"value": 0.09126243740320206, "step": null, "ts": 1639634158.019283}]}, "version": 176}
{"obj": {"type": "LogStrings", "path": ["monitoring", "stdout"], "values": [{"value": "Training epoch 22", "step": null, "ts": 1639634158.019283}]}, "version": 177}
{"obj": {"type": "LogStrings", "path": ["monitoring", "stdout"], "values": [{"value": "\n", "step": null, "ts": 1639634158.020284}]}, "version": 178}
{"obj": {"type": "LogFloats", "path": ["network", "learning_rate"], "values": [{"value": 0.2308000000000002, "step": null, "ts": 1639634158.020284}]}, "version": 179}
{"obj": {"type": "LogFloats", "path": ["network", "train_loss"], "values": [{"value": 0.01242900240634169, "step": null, "ts": 1639634159.5847034}]}, "version": 180}
{"obj": {"type": "LogFloats", "path": ["network", "validation_mean_acc"], "values": [{"value": 0.5745583333333333, "step": null, "ts": 1639634159.809908}]}, "version": 181}
{"obj": {"type": "LogFloats", "path": ["network", "validation_loss"], "values": [{"value": 0.08298924565315247, "step": null, "ts": 1639634159.809908}]}, "version": 182}
{"obj": {"type": "LogStrings", "path": ["monitoring", "stdout"], "values": [{"value": "Training epoch 23", "step": null, "ts": 1639634159.810909}]}, "version": 183}
{"obj": {"type": "LogStrings", "path": ["monitoring", "stdout"], "values": [{"value": "\n", "step": null, "ts": 1639634159.810909}]}, "version": 184}
{"obj": {"type": "LogFloats", "path": ["network", "learning_rate"], "values": [{"value": 0.3456999999999998, "step": null, "ts": 1639634159.810909}]}, "version": 185}
{"obj": {"type": "LogFloats", "path": ["network", "train_loss"], "values": [{"value": 0.012017927265592985, "step": null, "ts": 1639634161.3723257}]}, "version": 186}
{"obj": {"type": "LogFloats", "path": ["network", "validation_mean_acc"], "values": [{"value": 0.5456083333333334, "step": null, "ts": 1639634161.5945275}]}, "version": 187}
{"obj": {"type": "LogFloats", "path": ["network", "validation_loss"], "values": [{"value": 0.09043438732624054, "step": null, "ts": 1639634161.5945275}]}, "version": 188}
{"obj": {"type": "LogStrings", "path": ["monitoring", "stdout"], "values": [{"value": "Training epoch 24", "step": null, "ts": 1639634161.5955286}]}, "version": 189}
{"obj": {"type": "LogStrings", "path": ["monitoring", "stdout"], "values": [{"value": "\n", "step": null, "ts": 1639634161.5955286}]}, "version": 190}
{"obj": {"type": "LogFloats", "path": ["network", "learning_rate"], "values": [{"value": 0.4606000000000004, "step": null, "ts": 1639634161.5955286}]}, "version": 191}
{"obj": {"type": "LogFloats", "path": ["network", "train_loss"], "values": [{"value": 0.012285978267235416, "step": null, "ts": 1639634163.164953}]}, "version": 192}
{"obj": {"type": "LogFloats", "path": ["network", "validation_mean_acc"], "values": [{"value": 0.6121, "step": null, "ts": 1639634163.3971636}]}, "version": 193}
{"obj": {"type": "LogFloats", "path": ["network", "validation_loss"], "values": [{"value": 0.07694262266159058, "step": null, "ts": 1639634163.3971636}]}, "version": 194}
{"obj": {"type": "LogStrings", "path": ["monitoring", "stdout"], "values": [{"value": "Training epoch 25", "step": null, "ts": 1639634163.3971636}]}, "version": 195}
{"obj": {"type": "LogStrings", "path": ["monitoring", "stdout"], "values": [{"value": "\n", "step": null, "ts": 1639634163.3971636}]}, "version": 196}
{"obj": {"type": "LogFloats", "path": ["network", "learning_rate"], "values": [{"value": 0.5755, "step": null, "ts": 1639634163.3971636}]}, "version": 197}
{"obj": {"type": "LogFloats", "path": ["monitoring", "cpu"], "values": [{"value": 50.0, "step": null, "ts": 1639634163.8295557}]}, "version": 198}
{"obj": {"type": "LogFloats", "path": ["monitoring", "memory"], "values": [{"value": 7.986541748046875, "step": null, "ts": 1639634163.8295557}]}, "version": 199}
{"obj": {"type": "LogFloats", "path": ["monitoring", "gpu"], "values": [{"value": 76.0, "step": null, "ts": 1639634163.8295557}]}, "version": 200}
{"obj": {"type": "LogFloats", "path": ["monitoring", "gpu_memory"], "values": [{"value": 2.559967041015625, "step": null, "ts": 1639634163.8295557}]}, "version": 201}
{"obj": {"type": "LogFloats", "path": ["network", "train_loss"], "values": [{"value": 0.013222214632800646, "step": null, "ts": 1639634164.9645855}]}, "version": 202}
{"obj": {"type": "LogFloats", "path": ["network", "validation_mean_acc"], "values": [{"value": 0.5780833333333333, "step": null, "ts": 1639634165.1937938}]}, "version": 203}
{"obj": {"type": "LogFloats", "path": ["network", "validation_loss"], "values": [{"value": 0.08393022418022156, "step": null, "ts": 1639634165.1947956}]}, "version": 204}
{"obj": {"type": "LogStrings", "path": ["monitoring", "stdout"], "values": [{"value": "Training epoch 26", "step": null, "ts": 1639634165.1947956}]}, "version": 205}
{"obj": {"type": "LogStrings", "path": ["monitoring", "stdout"], "values": [{"value": "\n", "step": null, "ts": 1639634165.1947956}]}, "version": 206}
{"obj": {"type": "LogFloats", "path": ["network", "learning_rate"], "values": [{"value": 0.6903999999999996, "step": null, "ts": 1639634165.1947956}]}, "version": 207}
{"obj": {"type": "LogFloats", "path": ["network", "train_loss"], "values": [{"value": 0.013544377205627305, "step": null, "ts": 1639634166.7522073}]}, "version": 208}
{"obj": {"type": "LogFloats", "path": ["network", "validation_mean_acc"], "values": [{"value": 0.50875, "step": null, "ts": 1639634166.9754107}]}, "version": 209}
{"obj": {"type": "LogFloats", "path": ["network", "validation_loss"], "values": [{"value": 0.09707877039909363, "step": null, "ts": 1639634166.9754107}]}, "version": 210}
{"obj": {"type": "LogStrings", "path": ["monitoring", "stdout"], "values": [{"value": "Training epoch 27", "step": null, "ts": 1639634166.9754107}]}, "version": 211}
{"obj": {"type": "LogStrings", "path": ["monitoring", "stdout"], "values": [{"value": "\n", "step": null, "ts": 1639634166.9754107}]}, "version": 212}
{"obj": {"type": "LogFloats", "path": ["network", "learning_rate"], "values": [{"value": 0.8053000000000002, "step": null, "ts": 1639634166.9754107}]}, "version": 213}
{"obj": {"type": "LogFloats", "path": ["network", "train_loss"], "values": [{"value": 0.015676108854157583, "step": null, "ts": 1639634168.5368276}]}, "version": 214}
{"obj": {"type": "LogFloats", "path": ["network", "validation_mean_acc"], "values": [{"value": 0.6321, "step": null, "ts": 1639634168.761031}]}, "version": 215}
{"obj": {"type": "LogFloats", "path": ["network", "validation_loss"], "values": [{"value": 0.07397745549678802, "step": null, "ts": 1639634168.761031}]}, "version": 216}
{"obj": {"type": "LogStrings", "path": ["monitoring", "stdout"], "values": [{"value": "Training epoch 28", "step": null, "ts": 1639634168.761031}]}, "version": 217}
{"obj": {"type": "LogStrings", "path": ["monitoring", "stdout"], "values": [{"value": "\n", "step": null, "ts": 1639634168.762032}]}, "version": 218}
{"obj": {"type": "LogFloats", "path": ["network", "learning_rate"], "values": [{"value": 0.9201999999999998, "step": null, "ts": 1639634168.762032}]}, "version": 219}
{"obj": {"type": "LogFloats", "path": ["network", "train_loss"], "values": [{"value": 0.018095947935112884, "step": null, "ts": 1639634170.3274527}]}, "version": 220}
{"obj": {"type": "LogFloats", "path": ["network", "validation_mean_acc"], "values": [{"value": 0.565325, "step": null, "ts": 1639634170.554659}]}, "version": 221}
{"obj": {"type": "LogFloats", "path": ["network", "validation_loss"], "values": [{"value": 0.08600199222564697, "step": null, "ts": 1639634170.554659}]}, "version": 222}
{"obj": {"type": "LogStrings", "path": ["monitoring", "stdout"], "values": [{"value": "Training epoch 29", "step": null, "ts": 1639634170.554659}]}, "version": 223}
{"obj": {"type": "LogStrings", "path": ["monitoring", "stdout"], "values": [{"value": "\n", "step": null, "ts": 1639634170.554659}]}, "version": 224}
{"obj": {"type": "LogFloats", "path": ["network", "learning_rate"], "values": [{"value": 1.0351000000000004, "step": null, "ts": 1639634170.554659}]}, "version": 225}
{"obj": {"type": "LogFloats", "path": ["network", "train_loss"], "values": [{"value": 0.015871745800333365, "step": null, "ts": 1639634172.1200793}]}, "version": 226}
{"obj": {"type": "LogFloats", "path": ["network", "validation_mean_acc"], "values": [{"value": 0.561225, "step": null, "ts": 1639634172.3512902}]}, "version": 227}
{"obj": {"type": "LogFloats", "path": ["network", "validation_loss"], "values": [{"value": 0.08524209260940552, "step": null, "ts": 1639634172.3512902}]}, "version": 228}
{"obj": {"type": "LogStrings", "path": ["monitoring", "stdout"], "values": [{"value": "Training epoch 30", "step": null, "ts": 1639634172.3512902}]}, "version": 229}
{"obj": {"type": "LogStrings", "path": ["monitoring", "stdout"], "values": [{"value": "\n", "step": null, "ts": 1639634172.3512902}]}, "version": 230}
{"obj": {"type": "LogFloats", "path": ["network", "learning_rate"], "values": [{"value": 1.15, "step": null, "ts": 1639634172.3512902}]}, "version": 231}
{"obj": {"type": "LogFloats", "path": ["monitoring", "cpu"], "values": [{"value": 47.6, "step": null, "ts": 1639634173.8316326}]}, "version": 232}
{"obj": {"type": "LogFloats", "path": ["monitoring", "memory"], "values": [{"value": 7.965476989746094, "step": null, "ts": 1639634173.8316326}]}, "version": 233}
{"obj": {"type": "LogFloats", "path": ["monitoring", "gpu"], "values": [{"value": 74.0, "step": null, "ts": 1639634173.8316326}]}, "version": 234}
{"obj": {"type": "LogFloats", "path": ["monitoring", "gpu_memory"], "values": [{"value": 2.559967041015625, "step": null, "ts": 1639634173.8316326}]}, "version": 235}
{"obj": {"type": "LogFloats", "path": ["network", "train_loss"], "values": [{"value": 0.014326036375548159, "step": null, "ts": 1639634173.9197133}]}, "version": 236}
{"obj": {"type": "LogFloats", "path": ["network", "validation_mean_acc"], "values": [{"value": 0.5135166666666666, "step": null, "ts": 1639634174.1529238}]}, "version": 237}
{"obj": {"type": "LogFloats", "path": ["network", "validation_loss"], "values": [{"value": 0.09457144141197205, "step": null, "ts": 1639634174.1529238}]}, "version": 238}
{"obj": {"type": "LogStrings", "path": ["monitoring", "stdout"], "values": [{"value": "Training epoch 31", "step": null, "ts": 1639634174.1529238}]}, "version": 239}
{"obj": {"type": "LogStrings", "path": ["monitoring", "stdout"], "values": [{"value": "\n", "step": null, "ts": 1639634174.1539252}]}, "version": 240}
{"obj": {"type": "LogFloats", "path": ["network", "learning_rate"], "values": [{"value": 1.0351000000000004, "step": null, "ts": 1639634174.1539252}]}, "version": 241}
{"obj": {"type": "LogFloats", "path": ["network", "train_loss"], "values": [{"value": 0.014454964149211134, "step": null, "ts": 1639634175.71334}]}, "version": 242}
{"obj": {"type": "LogFloats", "path": ["network", "validation_mean_acc"], "values": [{"value": 0.495925, "step": null, "ts": 1639634175.9485538}]}, "version": 243}
{"obj": {"type": "LogFloats", "path": ["network", "validation_loss"], "values": [{"value": 0.0975094735622406, "step": null, "ts": 1639634175.9485538}]}, "version": 244}
{"obj": {"type": "LogStrings", "path": ["monitoring", "stdout"], "values": [{"value": "Training epoch 32", "step": null, "ts": 1639634175.9495544}]}, "version": 245}
{"obj": {"type": "LogStrings", "path": ["monitoring", "stdout"], "values": [{"value": "\n", "step": null, "ts": 1639634175.9495544}]}, "version": 246}
{"obj": {"type": "LogFloats", "path": ["network", "learning_rate"], "values": [{"value": 0.9201999999999998, "step": null, "ts": 1639634175.9495544}]}, "version": 247}
{"obj": {"type": "LogFloats", "path": ["network", "train_loss"], "values": [{"value": 0.011202490955059017, "step": null, "ts": 1639634177.5219815}]}, "version": 248}
{"obj": {"type": "LogFloats", "path": ["network", "validation_mean_acc"], "values": [{"value": 0.57225, "step": null, "ts": 1639634177.7481868}]}, "version": 249}
{"obj": {"type": "LogFloats", "path": ["network", "validation_loss"], "values": [{"value": 0.08436228334903717, "step": null, "ts": 1639634177.7481868}]}, "version": 250}
{"obj": {"type": "LogStrings", "path": ["monitoring", "stdout"], "values": [{"value": "Training epoch 33", "step": null, "ts": 1639634177.7481868}]}, "version": 251}
{"obj": {"type": "LogStrings", "path": ["monitoring", "stdout"], "values": [{"value": "\n", "step": null, "ts": 1639634177.7481868}]}, "version": 252}
{"obj": {"type": "LogFloats", "path": ["network", "learning_rate"], "values": [{"value": 0.8053000000000002, "step": null, "ts": 1639634177.7481868}]}, "version": 253}
{"obj": {"type": "LogFloats", "path": ["network", "train_loss"], "values": [{"value": 0.011246112973562308, "step": null, "ts": 1639634179.3266196}]}, "version": 254}
{"obj": {"type": "LogFloats", "path": ["network", "validation_mean_acc"], "values": [{"value": 0.5331, "step": null, "ts": 1639634179.5548263}]}, "version": 255}
{"obj": {"type": "LogFloats", "path": ["network", "validation_loss"], "values": [{"value": 0.09199681878089905, "step": null, "ts": 1639634179.5548263}]}, "version": 256}
{"obj": {"type": "LogStrings", "path": ["monitoring", "stdout"], "values": [{"value": "Training epoch 34", "step": null, "ts": 1639634179.5558271}]}, "version": 257}
{"obj": {"type": "LogStrings", "path": ["monitoring", "stdout"], "values": [{"value": "\n", "step": null, "ts": 1639634179.5558271}]}, "version": 258}
{"obj": {"type": "LogFloats", "path": ["network", "learning_rate"], "values": [{"value": 0.6903999999999996, "step": null, "ts": 1639634179.5558271}]}, "version": 259}
{"obj": {"type": "LogFloats", "path": ["network", "train_loss"], "values": [{"value": 0.010770505161157675, "step": null, "ts": 1639634181.1222494}]}, "version": 260}
{"obj": {"type": "LogFloats", "path": ["network", "validation_mean_acc"], "values": [{"value": 0.533125, "step": null, "ts": 1639634181.3434498}]}, "version": 261}
{"obj": {"type": "LogFloats", "path": ["network", "validation_loss"], "values": [{"value": 0.09245579689741135, "step": null, "ts": 1639634181.3434498}]}, "version": 262}
{"obj": {"type": "LogStrings", "path": ["monitoring", "stdout"], "values": [{"value": "Training epoch 35", "step": null, "ts": 1639634181.3434498}]}, "version": 263}
{"obj": {"type": "LogStrings", "path": ["monitoring", "stdout"], "values": [{"value": "\n", "step": null, "ts": 1639634181.3434498}]}, "version": 264}
{"obj": {"type": "LogFloats", "path": ["network", "learning_rate"], "values": [{"value": 0.5755, "step": null, "ts": 1639634181.3444502}]}, "version": 265}
{"obj": {"type": "LogFloats", "path": ["network", "train_loss"], "values": [{"value": 0.009610026742198638, "step": null, "ts": 1639634182.910872}]}, "version": 266}
{"obj": {"type": "LogFloats", "path": ["network", "validation_mean_acc"], "values": [{"value": 0.5703833333333334, "step": null, "ts": 1639634183.1460853}]}, "version": 267}
{"obj": {"type": "LogFloats", "path": ["network", "validation_loss"], "values": [{"value": 0.08534644544124603, "step": null, "ts": 1639634183.1460853}]}, "version": 268}
{"obj": {"type": "LogStrings", "path": ["monitoring", "stdout"], "values": [{"value": "Training epoch 36", "step": null, "ts": 1639634183.1460853}]}, "version": 269}
{"obj": {"type": "LogStrings", "path": ["monitoring", "stdout"], "values": [{"value": "\n", "step": null, "ts": 1639634183.1460853}]}, "version": 270}
{"obj": {"type": "LogFloats", "path": ["network", "learning_rate"], "values": [{"value": 0.4606000000000004, "step": null, "ts": 1639634183.1470861}]}, "version": 271}
{"obj": {"type": "LogFloats", "path": ["monitoring", "cpu"], "values": [{"value": 47.9, "step": null, "ts": 1639634183.8437188}]}, "version": 272}
{"obj": {"type": "LogFloats", "path": ["monitoring", "memory"], "values": [{"value": 7.951969146728516, "step": null, "ts": 1639634183.8437188}]}, "version": 273}
{"obj": {"type": "LogFloats", "path": ["monitoring", "gpu"], "values": [{"value": 96.0, "step": null, "ts": 1639634183.8437188}]}, "version": 274}
{"obj": {"type": "LogFloats", "path": ["monitoring", "gpu_memory"], "values": [{"value": 2.559967041015625, "step": null, "ts": 1639634183.8437188}]}, "version": 275}
{"obj": {"type": "LogFloats", "path": ["network", "train_loss"], "values": [{"value": 0.008919785397925548, "step": null, "ts": 1639634184.718512}]}, "version": 276}
{"obj": {"type": "LogFloats", "path": ["network", "validation_mean_acc"], "values": [{"value": 0.524625, "step": null, "ts": 1639634184.9497218}]}, "version": 277}
{"obj": {"type": "LogFloats", "path": ["network", "validation_loss"], "values": [{"value": 0.09365516901016235, "step": null, "ts": 1639634184.9497218}]}, "version": 278}
{"obj": {"type": "LogStrings", "path": ["monitoring", "stdout"], "values": [{"value": "Training epoch 37", "step": null, "ts": 1639634184.9507232}]}, "version": 279}
{"obj": {"type": "LogStrings", "path": ["monitoring", "stdout"], "values": [{"value": "\n", "step": null, "ts": 1639634184.9507232}]}, "version": 280}
{"obj": {"type": "LogFloats", "path": ["network", "learning_rate"], "values": [{"value": 0.3456999999999998, "step": null, "ts": 1639634184.9507232}]}, "version": 281}
{"obj": {"type": "LogFloats", "path": ["network", "train_loss"], "values": [{"value": 0.008554314529257161, "step": null, "ts": 1639634186.5371628}]}, "version": 282}
{"obj": {"type": "LogFloats", "path": ["network", "validation_mean_acc"], "values": [{"value": 0.5690416666666667, "step": null, "ts": 1639634186.7753787}]}, "version": 283}
{"obj": {"type": "LogFloats", "path": ["network", "validation_loss"], "values": [{"value": 0.08546419441699982, "step": null, "ts": 1639634186.77638}]}, "version": 284}
{"obj": {"type": "LogStrings", "path": ["monitoring", "stdout"], "values": [{"value": "Training epoch 38", "step": null, "ts": 1639634186.77638}]}, "version": 285}
{"obj": {"type": "LogStrings", "path": ["monitoring", "stdout"], "values": [{"value": "\n", "step": null, "ts": 1639634186.77638}]}, "version": 286}
{"obj": {"type": "LogFloats", "path": ["network", "learning_rate"], "values": [{"value": 0.2308000000000002, "step": null, "ts": 1639634186.77638}]}, "version": 287}
{"obj": {"type": "LogFloats", "path": ["network", "train_loss"], "values": [{"value": 0.008076026437005826, "step": null, "ts": 1639634188.3738294}]}, "version": 288}
{"obj": {"type": "LogFloats", "path": ["network", "validation_mean_acc"], "values": [{"value": 0.5430666666666667, "step": null, "ts": 1639634188.6000357}]}, "version": 289}
{"obj": {"type": "LogFloats", "path": ["network", "validation_loss"], "values": [{"value": 0.09040126949548721, "step": null, "ts": 1639634188.6000357}]}, "version": 290}
{"obj": {"type": "LogStrings", "path": ["monitoring", "stdout"], "values": [{"value": "Training epoch 39", "step": null, "ts": 1639634188.6000357}]}, "version": 291}
{"obj": {"type": "LogStrings", "path": ["monitoring", "stdout"], "values": [{"value": "\n", "step": null, "ts": 1639634188.6000357}]}, "version": 292}
{"obj": {"type": "LogFloats", "path": ["network", "learning_rate"], "values": [{"value": 0.1158999999999996, "step": null, "ts": 1639634188.6000357}]}, "version": 293}
{"obj": {"type": "LogFloats", "path": ["network", "train_loss"], "values": [{"value": 0.007811392723981824, "step": null, "ts": 1639634190.1704602}]}, "version": 294}
{"obj": {"type": "LogFloats", "path": ["network", "validation_mean_acc"], "values": [{"value": 0.5596416666666667, "step": null, "ts": 1639634190.398667}]}, "version": 295}
{"obj": {"type": "LogFloats", "path": ["network", "validation_loss"], "values": [{"value": 0.08728286623954773, "step": null, "ts": 1639634190.398667}]}, "version": 296}
{"obj": {"type": "LogStrings", "path": ["monitoring", "stdout"], "values": [{"value": "Training epoch 40", "step": null, "ts": 1639634190.398667}]}, "version": 297}
{"obj": {"type": "LogStrings", "path": ["monitoring", "stdout"], "values": [{"value": "\n", "step": null, "ts": 1639634190.398667}]}, "version": 298}
{"obj": {"type": "LogFloats", "path": ["network", "learning_rate"], "values": [{"value": 0.001, "step": null, "ts": 1639634190.398667}]}, "version": 299}
{"obj": {"type": "LogFloats", "path": ["network", "train_loss"], "values": [{"value": 0.007652957724141223, "step": null, "ts": 1639634191.9610848}]}, "version": 300}
{"obj": {"type": "LogFloats", "path": ["network", "validation_mean_acc"], "values": [{"value": 0.5596, "step": null, "ts": 1639634192.191294}]}, "version": 301}
{"obj": {"type": "LogFloats", "path": ["network", "validation_loss"], "values": [{"value": 0.08729182183742523, "step": null, "ts": 1639634192.1922948}]}, "version": 302}
{"obj": {"type": "LogStrings", "path": ["monitoring", "stdout"], "values": [{"value": "Training epoch 41", "step": null, "ts": 1639634192.1922948}]}, "version": 303}
{"obj": {"type": "LogStrings", "path": ["monitoring", "stdout"], "values": [{"value": "\n", "step": null, "ts": 1639634192.1922948}]}, "version": 304}
{"obj": {"type": "LogFloats", "path": ["network", "learning_rate"], "values": [{"value": 0.1158999999999996, "step": null, "ts": 1639634192.1922948}]}, "version": 305}
{"obj": {"type": "LogFloats", "path": ["network", "train_loss"], "values": [{"value": 0.007652554594512496, "step": null, "ts": 1639634193.7707272}]}, "version": 306}
{"obj": {"type": "LogFloats", "path": ["monitoring", "cpu"], "values": [{"value": 50.5, "step": null, "ts": 1639634193.854804}]}, "version": 307}
{"obj": {"type": "LogFloats", "path": ["monitoring", "memory"], "values": [{"value": 8.003597259521484, "step": null, "ts": 1639634193.854804}]}, "version": 308}
{"obj": {"type": "LogFloats", "path": ["monitoring", "gpu"], "values": [{"value": 73.0, "step": null, "ts": 1639634193.854804}]}, "version": 309}
{"obj": {"type": "LogFloats", "path": ["monitoring", "gpu_memory"], "values": [{"value": 2.559967041015625, "step": null, "ts": 1639634193.854804}]}, "version": 310}
{"obj": {"type": "LogFloats", "path": ["network", "validation_mean_acc"], "values": [{"value": 0.5488666666666666, "step": null, "ts": 1639634193.9969325}]}, "version": 311}
{"obj": {"type": "LogFloats", "path": ["network", "validation_loss"], "values": [{"value": 0.08948323875665665, "step": null, "ts": 1639634193.9969325}]}, "version": 312}
{"obj": {"type": "LogStrings", "path": ["monitoring", "stdout"], "values": [{"value": "Training epoch 42", "step": null, "ts": 1639634193.9969325}]}, "version": 313}
{"obj": {"type": "LogStrings", "path": ["monitoring", "stdout"], "values": [{"value": "\n", "step": null, "ts": 1639634193.9979331}]}, "version": 314}
{"obj": {"type": "LogFloats", "path": ["network", "learning_rate"], "values": [{"value": 0.2308000000000002, "step": null, "ts": 1639634193.9979331}]}, "version": 315}
{"obj": {"type": "LogFloats", "path": ["network", "train_loss"], "values": [{"value": 0.0075385426836354396, "step": null, "ts": 1639634195.5633538}]}, "version": 316}
{"obj": {"type": "LogFloats", "path": ["network", "validation_mean_acc"], "values": [{"value": 0.5620166666666667, "step": null, "ts": 1639634195.7915614}]}, "version": 317}
{"obj": {"type": "LogFloats", "path": ["network", "validation_loss"], "values": [{"value": 0.08701816946268082, "step": null, "ts": 1639634195.7915614}]}, "version": 318}
{"obj": {"type": "LogStrings", "path": ["monitoring", "stdout"], "values": [{"value": "Training epoch 43", "step": null, "ts": 1639634195.7915614}]}, "version": 319}
{"obj": {"type": "LogStrings", "path": ["monitoring", "stdout"], "values": [{"value": "\n", "step": null, "ts": 1639634195.7915614}]}, "version": 320}
{"obj": {"type": "LogFloats", "path": ["network", "learning_rate"], "values": [{"value": 0.3456999999999998, "step": null, "ts": 1639634195.7925618}]}, "version": 321}
{"obj": {"type": "LogFloats", "path": ["network", "train_loss"], "values": [{"value": 0.007387522608041763, "step": null, "ts": 1639634197.3589835}]}, "version": 322}
{"obj": {"type": "LogFloats", "path": ["network", "validation_mean_acc"], "values": [{"value": 0.5493583333333333, "step": null, "ts": 1639634197.5911942}]}, "version": 323}
{"obj": {"type": "LogFloats", "path": ["network", "validation_loss"], "values": [{"value": 0.0899677649140358, "step": null, "ts": 1639634197.5911942}]}, "version": 324}
{"obj": {"type": "LogStrings", "path": ["monitoring", "stdout"], "values": [{"value": "Training epoch 44", "step": null, "ts": 1639634197.592195}]}, "version": 325}
{"obj": {"type": "LogStrings", "path": ["monitoring", "stdout"], "values": [{"value": "\n", "step": null, "ts": 1639634197.592195}]}, "version": 326}
{"obj": {"type": "LogFloats", "path": ["network", "learning_rate"], "values": [{"value": 0.4606000000000004, "step": null, "ts": 1639634197.592195}]}, "version": 327}
{"obj": {"type": "LogFloats", "path": ["network", "train_loss"], "values": [{"value": 0.0072735575293856, "step": null, "ts": 1639634199.1606185}]}, "version": 328}
{"obj": {"type": "LogFloats", "path": ["network", "validation_mean_acc"], "values": [{"value": 0.5697916666666667, "step": null, "ts": 1639634199.3888266}]}, "version": 329}
{"obj": {"type": "LogFloats", "path": ["network", "validation_loss"], "values": [{"value": 0.08591710776090622, "step": null, "ts": 1639634199.3888266}]}, "version": 330}
{"obj": {"type": "LogStrings", "path": ["monitoring", "stdout"], "values": [{"value": "Training epoch 45", "step": null, "ts": 1639634199.3888266}]}, "version": 331}
{"obj": {"type": "LogStrings", "path": ["monitoring", "stdout"], "values": [{"value": "\n", "step": null, "ts": 1639634199.3888266}]}, "version": 332}
{"obj": {"type": "LogFloats", "path": ["network", "learning_rate"], "values": [{"value": 0.5755, "step": null, "ts": 1639634199.3888266}]}, "version": 333}
{"obj": {"type": "LogFloats", "path": ["network", "train_loss"], "values": [{"value": 0.007047683832102588, "step": null, "ts": 1639634200.9502423}]}, "version": 334}
{"obj": {"type": "LogFloats", "path": ["network", "validation_mean_acc"], "values": [{"value": 0.5558333333333333, "step": null, "ts": 1639634201.175447}]}, "version": 335}
{"obj": {"type": "LogFloats", "path": ["network", "validation_loss"], "values": [{"value": 0.08864538371562958, "step": null, "ts": 1639634201.175447}]}, "version": 336}
{"obj": {"type": "LogStrings", "path": ["monitoring", "stdout"], "values": [{"value": "Training epoch 46", "step": null, "ts": 1639634201.175447}]}, "version": 337}
{"obj": {"type": "LogStrings", "path": ["monitoring", "stdout"], "values": [{"value": "\n", "step": null, "ts": 1639634201.1764476}]}, "version": 338}
{"obj": {"type": "LogFloats", "path": ["network", "learning_rate"], "values": [{"value": 0.6903999999999996, "step": null, "ts": 1639634201.1764476}]}, "version": 339}
{"obj": {"type": "LogFloats", "path": ["network", "train_loss"], "values": [{"value": 0.0068895461902554545, "step": null, "ts": 1639634202.7428691}]}, "version": 340}
{"obj": {"type": "LogFloats", "path": ["network", "validation_mean_acc"], "values": [{"value": 0.5787083333333334, "step": null, "ts": 1639634202.97508}]}, "version": 341}
{"obj": {"type": "LogFloats", "path": ["network", "validation_loss"], "values": [{"value": 0.08521100878715515, "step": null, "ts": 1639634202.976081}]}, "version": 342}
{"obj": {"type": "LogStrings", "path": ["monitoring", "stdout"], "values": [{"value": "Training epoch 47", "step": null, "ts": 1639634202.976081}]}, "version": 343}
{"obj": {"type": "LogStrings", "path": ["monitoring", "stdout"], "values": [{"value": "\n", "step": null, "ts": 1639634202.976081}]}, "version": 344}
{"obj": {"type": "LogFloats", "path": ["network", "learning_rate"], "values": [{"value": 0.8053000000000002, "step": null, "ts": 1639634202.976081}]}, "version": 345}
{"obj": {"type": "LogFloats", "path": ["monitoring", "cpu"], "values": [{"value": 48.0, "step": null, "ts": 1639634203.8688912}]}, "version": 346}
{"obj": {"type": "LogFloats", "path": ["monitoring", "memory"], "values": [{"value": 7.994342803955078, "step": null, "ts": 1639634203.8688912}]}, "version": 347}
{"obj": {"type": "LogFloats", "path": ["monitoring", "gpu"], "values": [{"value": 89.0, "step": null, "ts": 1639634203.8688912}]}, "version": 348}
{"obj": {"type": "LogFloats", "path": ["monitoring", "gpu_memory"], "values": [{"value": 2.559967041015625, "step": null, "ts": 1639634203.8688912}]}, "version": 349}
{"obj": {"type": "LogFloats", "path": ["network", "train_loss"], "values": [{"value": 0.007261732327086585, "step": null, "ts": 1639634204.5475073}]}, "version": 350}
{"obj": {"type": "LogFloats", "path": ["network", "validation_mean_acc"], "values": [{"value": 0.5563416666666666, "step": null, "ts": 1639634204.774713}]}, "version": 351}
{"obj": {"type": "LogFloats", "path": ["network", "validation_loss"], "values": [{"value": 0.09039613604545593, "step": null, "ts": 1639634204.774713}]}, "version": 352}
{"obj": {"type": "LogStrings", "path": ["monitoring", "stdout"], "values": [{"value": "Training epoch 48", "step": null, "ts": 1639634204.7757142}]}, "version": 353}
{"obj": {"type": "LogStrings", "path": ["monitoring", "stdout"], "values": [{"value": "\n", "step": null, "ts": 1639634204.7757142}]}, "version": 354}
{"obj": {"type": "LogFloats", "path": ["network", "learning_rate"], "values": [{"value": 0.9201999999999998, "step": null, "ts": 1639634204.7757142}]}, "version": 355}
{"obj": {"type": "LogFloats", "path": ["network", "train_loss"], "values": [{"value": 0.007963954171698009, "step": null, "ts": 1639634206.3361301}]}, "version": 356}
{"obj": {"type": "LogFloats", "path": ["network", "validation_mean_acc"], "values": [{"value": 0.5415916666666667, "step": null, "ts": 1639634206.5623357}]}, "version": 357}
{"obj": {"type": "LogFloats", "path": ["network", "validation_loss"], "values": [{"value": 0.0922945886850357, "step": null, "ts": 1639634206.5623357}]}, "version": 358}
{"obj": {"type": "LogStrings", "path": ["monitoring", "stdout"], "values": [{"value": "Training epoch 49", "step": null, "ts": 1639634206.5623357}]}, "version": 359}
{"obj": {"type": "LogStrings", "path": ["monitoring", "stdout"], "values": [{"value": "\n", "step": null, "ts": 1639634206.5623357}]}, "version": 360}
{"obj": {"type": "LogFloats", "path": ["network", "learning_rate"], "values": [{"value": 1.0351000000000004, "step": null, "ts": 1639634206.5623357}]}, "version": 361}
{"obj": {"type": "LogFloats", "path": ["network", "train_loss"], "values": [{"value": 0.007977008686533995, "step": null, "ts": 1639634208.1327605}]}, "version": 362}
{"obj": {"type": "LogFloats", "path": ["network", "validation_mean_acc"], "values": [{"value": 0.5607083333333334, "step": null, "ts": 1639634208.354962}]}, "version": 363}
{"obj": {"type": "LogFloats", "path": ["network", "validation_loss"], "values": [{"value": 0.08807851374149323, "step": null, "ts": 1639634208.354962}]}, "version": 364}
{"obj": {"type": "LogStrings", "path": ["monitoring", "stdout"], "values": [{"value": "Training epoch 50", "step": null, "ts": 1639634208.355963}]}, "version": 365}
{"obj": {"type": "LogStrings", "path": ["monitoring", "stdout"], "values": [{"value": "\n", "step": null, "ts": 1639634208.355963}]}, "version": 366}
{"obj": {"type": "LogFloats", "path": ["network", "learning_rate"], "values": [{"value": 1.15, "step": null, "ts": 1639634208.355963}]}, "version": 367}
{"obj": {"type": "LogFloats", "path": ["network", "train_loss"], "values": [{"value": 0.008800896483340434, "step": null, "ts": 1639634209.9213836}]}, "version": 368}
{"obj": {"type": "LogFloats", "path": ["network", "validation_mean_acc"], "values": [{"value": 0.46050833333333335, "step": null, "ts": 1639634210.143585}]}, "version": 369}
{"obj": {"type": "LogFloats", "path": ["network", "validation_loss"], "values": [{"value": 0.10830090939998627, "step": null, "ts": 1639634210.143585}]}, "version": 370}
{"obj": {"type": "LogStrings", "path": ["monitoring", "stdout"], "values": [{"value": "Training epoch 51", "step": null, "ts": 1639634210.143585}]}, "version": 371}
{"obj": {"type": "LogStrings", "path": ["monitoring", "stdout"], "values": [{"value": "\n", "step": null, "ts": 1639634210.143585}]}, "version": 372}
{"obj": {"type": "LogFloats", "path": ["network", "learning_rate"], "values": [{"value": 1.0351000000000004, "step": null, "ts": 1639634210.144586}]}, "version": 373}
{"obj": {"type": "LogFloats", "path": ["network", "train_loss"], "values": [{"value": 0.010080641933849879, "step": null, "ts": 1639634211.7080052}]}, "version": 374}
{"obj": {"type": "LogFloats", "path": ["network", "validation_mean_acc"], "values": [{"value": 0.5229666666666667, "step": null, "ts": 1639634211.9392152}]}, "version": 375}
{"obj": {"type": "LogFloats", "path": ["network", "validation_loss"], "values": [{"value": 0.096380814909935, "step": null, "ts": 1639634211.940216}]}, "version": 376}
{"obj": {"type": "LogStrings", "path": ["monitoring", "stdout"], "values": [{"value": "Training epoch 52", "step": null, "ts": 1639634211.940216}]}, "version": 377}
{"obj": {"type": "LogStrings", "path": ["monitoring", "stdout"], "values": [{"value": "\n", "step": null, "ts": 1639634211.940216}]}, "version": 378}
{"obj": {"type": "LogFloats", "path": ["network", "learning_rate"], "values": [{"value": 0.9201999999999998, "step": null, "ts": 1639634211.940216}]}, "version": 379}
{"obj": {"type": "LogFloats", "path": ["network", "train_loss"], "values": [{"value": 0.00887348675834281, "step": null, "ts": 1639634213.5036347}]}, "version": 380}
{"obj": {"type": "LogFloats", "path": ["network", "validation_mean_acc"], "values": [{"value": 0.5314416666666667, "step": null, "ts": 1639634213.731842}]}, "version": 381}
{"obj": {"type": "LogFloats", "path": ["network", "validation_loss"], "values": [{"value": 0.09277087450027466, "step": null, "ts": 1639634213.731842}]}, "version": 382}
{"obj": {"type": "LogStrings", "path": ["monitoring", "stdout"], "values": [{"value": "Training epoch 53", "step": null, "ts": 1639634213.731842}]}, "version": 383}
{"obj": {"type": "LogStrings", "path": ["monitoring", "stdout"], "values": [{"value": "\n", "step": null, "ts": 1639634213.732846}]}, "version": 384}
{"obj": {"type": "LogFloats", "path": ["network", "learning_rate"], "values": [{"value": 0.8053000000000002, "step": null, "ts": 1639634213.732846}]}, "version": 385}
{"obj": {"type": "LogFloats", "path": ["monitoring", "cpu"], "values": [{"value": 47.8, "step": null, "ts": 1639634213.8739707}]}, "version": 386}
{"obj": {"type": "LogFloats", "path": ["monitoring", "memory"], "values": [{"value": 7.995792388916016, "step": null, "ts": 1639634213.8739707}]}, "version": 387}
{"obj": {"type": "LogFloats", "path": ["monitoring", "gpu"], "values": [{"value": 66.0, "step": null, "ts": 1639634213.8739707}]}, "version": 388}
{"obj": {"type": "LogFloats", "path": ["monitoring", "gpu_memory"], "values": [{"value": 2.559967041015625, "step": null, "ts": 1639634213.8739707}]}, "version": 389}
{"obj": {"type": "LogFloats", "path": ["network", "train_loss"], "values": [{"value": 0.007812089353267636, "step": null, "ts": 1639634215.2962618}]}, "version": 390}
{"obj": {"type": "LogFloats", "path": ["network", "validation_mean_acc"], "values": [{"value": 0.5873333333333334, "step": null, "ts": 1639634215.5284724}]}, "version": 391}
{"obj": {"type": "LogFloats", "path": ["network", "validation_loss"], "values": [{"value": 0.08337073028087616, "step": null, "ts": 1639634215.5284724}]}, "version": 392}
{"obj": {"type": "LogStrings", "path": ["monitoring", "stdout"], "values": [{"value": "Training epoch 54", "step": null, "ts": 1639634215.529474}]}, "version": 393}
{"obj": {"type": "LogStrings", "path": ["monitoring", "stdout"], "values": [{"value": "\n", "step": null, "ts": 1639634215.529474}]}, "version": 394}
{"obj": {"type": "LogFloats", "path": ["network", "learning_rate"], "values": [{"value": 0.6903999999999996, "step": null, "ts": 1639634215.529474}]}, "version": 395}
{"obj": {"type": "LogFloats", "path": ["network", "train_loss"], "values": [{"value": 0.007013047346845269, "step": null, "ts": 1639634217.0968957}]}, "version": 396}
{"obj": {"type": "LogFloats", "path": ["network", "validation_mean_acc"], "values": [{"value": 0.507225, "step": null, "ts": 1639634217.327105}]}, "version": 397}
{"obj": {"type": "LogFloats", "path": ["network", "validation_loss"], "values": [{"value": 0.0993354320526123, "step": null, "ts": 1639634217.327105}]}, "version": 398}
{"obj": {"type": "LogStrings", "path": ["monitoring", "stdout"], "values": [{"value": "Training epoch 55", "step": null, "ts": 1639634217.327105}]}, "version": 399}
{"obj": {"type": "LogStrings", "path": ["monitoring", "stdout"], "values": [{"value": "\n", "step": null, "ts": 1639634217.3281057}]}, "version": 400}
{"obj": {"type": "LogFloats", "path": ["network", "learning_rate"], "values": [{"value": 0.5755, "step": null, "ts": 1639634217.3281057}]}, "version": 401}
{"obj": {"type": "LogFloats", "path": ["network", "train_loss"], "values": [{"value": 0.007976087009800332, "step": null, "ts": 1639634218.9125433}]}, "version": 402}
{"obj": {"type": "LogFloats", "path": ["network", "validation_mean_acc"], "values": [{"value": 0.5485083333333334, "step": null, "ts": 1639634219.1397493}]}, "version": 403}
{"obj": {"type": "LogFloats", "path": ["network", "validation_loss"], "values": [{"value": 0.08992663770914078, "step": null, "ts": 1639634219.1397493}]}, "version": 404}
{"obj": {"type": "LogStrings", "path": ["monitoring", "stdout"], "values": [{"value": "Training epoch 56", "step": null, "ts": 1639634219.1407506}]}, "version": 405}
{"obj": {"type": "LogStrings", "path": ["monitoring", "stdout"], "values": [{"value": "\n", "step": null, "ts": 1639634219.1407506}]}, "version": 406}
{"obj": {"type": "LogFloats", "path": ["network", "learning_rate"], "values": [{"value": 0.4606000000000004, "step": null, "ts": 1639634219.1407506}]}, "version": 407}
{"obj": {"type": "LogFloats", "path": ["network", "train_loss"], "values": [{"value": 0.006679576921409794, "step": null, "ts": 1639634220.7121758}]}, "version": 408}
{"obj": {"type": "LogFloats", "path": ["network", "validation_mean_acc"], "values": [{"value": 0.5764166666666667, "step": null, "ts": 1639634220.93638}]}, "version": 409}
{"obj": {"type": "LogFloats", "path": ["network", "validation_loss"], "values": [{"value": 0.08503012359142303, "step": null, "ts": 1639634220.937381}]}, "version": 410}
{"obj": {"type": "LogStrings", "path": ["monitoring", "stdout"], "values": [{"value": "Training epoch 57", "step": null, "ts": 1639634220.937381}]}, "version": 411}
{"obj": {"type": "LogStrings", "path": ["monitoring", "stdout"], "values": [{"value": "\n", "step": null, "ts": 1639634220.937381}]}, "version": 412}
{"obj": {"type": "LogFloats", "path": ["network", "learning_rate"], "values": [{"value": 0.3456999999999998, "step": null, "ts": 1639634220.937381}]}, "version": 413}
{"obj": {"type": "LogFloats", "path": ["network", "train_loss"], "values": [{"value": 0.006093217725200313, "step": null, "ts": 1639634222.506805}]}, "version": 414}
{"obj": {"type": "LogFloats", "path": ["network", "validation_mean_acc"], "values": [{"value": 0.566025, "step": null, "ts": 1639634222.7330103}]}, "version": 415}
{"obj": {"type": "LogFloats", "path": ["network", "validation_loss"], "values": [{"value": 0.08655579388141632, "step": null, "ts": 1639634222.7330103}]}, "version": 416}
{"obj": {"type": "LogStrings", "path": ["monitoring", "stdout"], "values": [{"value": "Training epoch 58", "step": null, "ts": 1639634222.7340112}]}, "version": 417}
{"obj": {"type": "LogStrings", "path": ["monitoring", "stdout"], "values": [{"value": "\n", "step": null, "ts": 1639634222.7340112}]}, "version": 418}
{"obj": {"type": "LogFloats", "path": ["network", "learning_rate"], "values": [{"value": 0.2308000000000002, "step": null, "ts": 1639634222.7340112}]}, "version": 419}
{"obj": {"type": "LogFloats", "path": ["monitoring", "cpu"], "values": [{"value": 48.6, "step": null, "ts": 1639634223.8900602}]}, "version": 420}
{"obj": {"type": "LogFloats", "path": ["monitoring", "memory"], "values": [{"value": 7.959514617919922, "step": null, "ts": 1639634223.8900602}]}, "version": 421}
{"obj": {"type": "LogFloats", "path": ["monitoring", "gpu"], "values": [{"value": 88.0, "step": null, "ts": 1639634223.8900602}]}, "version": 422}
{"obj": {"type": "LogFloats", "path": ["monitoring", "gpu_memory"], "values": [{"value": 2.559967041015625, "step": null, "ts": 1639634223.8900602}]}, "version": 423}
{"obj": {"type": "LogFloats", "path": ["network", "train_loss"], "values": [{"value": 0.0058413218108138865, "step": null, "ts": 1639634224.3044362}]}, "version": 424}
{"obj": {"type": "LogFloats", "path": ["network", "validation_mean_acc"], "values": [{"value": 0.5743083333333333, "step": null, "ts": 1639634224.5326436}]}, "version": 425}
{"obj": {"type": "LogFloats", "path": ["network", "validation_loss"], "values": [{"value": 0.08453521132469177, "step": null, "ts": 1639634224.5326436}]}, "version": 426}
{"obj": {"type": "LogStrings", "path": ["monitoring", "stdout"], "values": [{"value": "Training epoch 59", "step": null, "ts": 1639634224.5336444}]}, "version": 427}
{"obj": {"type": "LogStrings", "path": ["monitoring", "stdout"], "values": [{"value": "\n", "step": null, "ts": 1639634224.5336444}]}, "version": 428}
{"obj": {"type": "LogFloats", "path": ["network", "learning_rate"], "values": [{"value": 0.1158999999999996, "step": null, "ts": 1639634224.5336444}]}, "version": 429}
{"obj": {"type": "LogFloats", "path": ["network", "train_loss"], "values": [{"value": 0.005548758997714945, "step": null, "ts": 1639634226.1040695}]}, "version": 430}
{"obj": {"type": "LogFloats", "path": ["network", "validation_mean_acc"], "values": [{"value": 0.581375, "step": null, "ts": 1639634226.3362803}]}, "version": 431}
{"obj": {"type": "LogFloats", "path": ["network", "validation_loss"], "values": [{"value": 0.08327016234397888, "step": null, "ts": 1639634226.3362803}]}, "version": 432}
{"obj": {"type": "LogStrings", "path": ["monitoring", "stdout"], "values": [{"value": "Training epoch 60", "step": null, "ts": 1639634226.3362803}]}, "version": 433}
{"obj": {"type": "LogStrings", "path": ["monitoring", "stdout"], "values": [{"value": "\n", "step": null, "ts": 1639634226.337281}]}, "version": 434}
{"obj": {"type": "LogFloats", "path": ["network", "learning_rate"], "values": [{"value": 0.001, "step": null, "ts": 1639634226.337281}]}, "version": 435}
{"obj": {"type": "LogFloats", "path": ["network", "train_loss"], "values": [{"value": 0.005483816477603146, "step": null, "ts": 1639634227.912711}]}, "version": 436}
{"obj": {"type": "LogFloats", "path": ["network", "validation_mean_acc"], "values": [{"value": 0.581175, "step": null, "ts": 1639634228.1389155}]}, "version": 437}
{"obj": {"type": "LogFloats", "path": ["network", "validation_loss"], "values": [{"value": 0.08330605924129486, "step": null, "ts": 1639634228.1389155}]}, "version": 438}
{"obj": {"type": "UploadFile", "path": ["network", "network_weights"], "ext": "pt", "file_path": "C:\\Users\\Marc\\Desktop\\Billeder\\params\\final\\network.pt"}, "version": 439}
{"obj": {"type": "LogStrings", "path": ["monitoring", "stdout"], "values": [{"value": "test count:", "step": null, "ts": 1639634228.3551126}]}, "version": 440}
{"obj": {"type": "LogStrings", "path": ["monitoring", "stdout"], "values": [{"value": " ", "step": null, "ts": 1639634228.3551126}]}, "version": 441}
{"obj": {"type": "LogStrings", "path": ["monitoring", "stdout"], "values": [{"value": "1", "step": null, "ts": 1639634228.3561132}]}, "version": 442}
{"obj": {"type": "LogStrings", "path": ["monitoring", "stdout"], "values": [{"value": "\n", "step": null, "ts": 1639634228.3561132}]}, "version": 443}
{"obj": {"type": "LogStrings", "path": ["monitoring", "stdout"], "values": [{"value": "test count:", "step": null, "ts": 1639634228.4872324}]}, "version": 444}
{"obj": {"type": "LogStrings", "path": ["monitoring", "stdout"], "values": [{"value": " ", "step": null, "ts": 1639634228.4882333}]}, "version": 445}
{"obj": {"type": "LogStrings", "path": ["monitoring", "stdout"], "values": [{"value": "2", "step": null, "ts": 1639634228.4882333}]}, "version": 446}
{"obj": {"type": "LogStrings", "path": ["monitoring", "stdout"], "values": [{"value": "\n", "step": null, "ts": 1639634228.4882333}]}, "version": 447}
{"obj": {"type": "LogStrings", "path": ["monitoring", "stdout"], "values": [{"value": "0.6131083333333334", "step": null, "ts": 1639634228.5653033}]}, "version": 448}
{"obj": {"type": "LogStrings", "path": ["monitoring", "stdout"], "values": [{"value": "\n", "step": null, "ts": 1639634228.5653033}]}, "version": 449}
{"obj": {"type": "LogFloats", "path": ["network", "test_accuracy_per_pic"], "values": [{"value": 0.6707, "step": null, "ts": 1639634228.5653033}, {"value": 0.5555166666666667, "step": null, "ts": 1639634228.5653033}]}, "version": 450}
{"obj": {"type": "LogFloats", "path": ["network", "mean_test_accuracy"], "values": [{"value": 0.6131083333333334, "step": null, "ts": 1639634228.5653033}]}, "version": 451}
