{"obj": {"type": "AssignString", "path": ["sys", "name"], "value": "Untitled"}, "version": 1}
{"obj": {"type": "AssignString", "path": ["sys", "description"], "value": ""}, "version": 2}
{"obj": {"type": "AssignString", "path": ["sys", "hostname"], "value": "DESKTOP-SDMAFDQ"}, "version": 3}
{"obj": {"type": "AssignBool", "path": ["sys", "failed"], "value": false}, "version": 4}
{"obj": {"type": "ClearStringLog", "path": ["monitoring", "stdout"]}, "version": 5}
{"obj": {"type": "ClearStringLog", "path": ["monitoring", "stderr"]}, "version": 6}
{"obj": {"type": "AssignString", "path": ["source_code", "entrypoint"], "value": "final-network.py"}, "version": 7}
{"obj": {"type": "UploadFileSet", "path": ["source_code", "files"], "file_globs": ["C:\\Users\\Marc\\Documents\\GitHub\\Deep_final\\final-network.py"], "reset": "False"}, "version": 8}
{"obj": {"type": "ConfigFloatSeries", "path": ["monitoring", "cpu"], "min": 0.0, "max": 100.0, "unit": "%"}, "version": 9}
{"obj": {"type": "ClearFloatLog", "path": ["monitoring", "cpu"]}, "version": 10}
{"obj": {"type": "ConfigFloatSeries", "path": ["monitoring", "memory"], "min": 0.0, "max": 15.387199401855469, "unit": "GB"}, "version": 11}
{"obj": {"type": "ClearFloatLog", "path": ["monitoring", "memory"]}, "version": 12}
{"obj": {"type": "ConfigFloatSeries", "path": ["monitoring", "gpu"], "min": 0.0, "max": 100.0, "unit": "%"}, "version": 13}
{"obj": {"type": "ClearFloatLog", "path": ["monitoring", "gpu"]}, "version": 14}
{"obj": {"type": "ConfigFloatSeries", "path": ["monitoring", "gpu_memory"], "min": 0.0, "max": 4.0, "unit": "GB"}, "version": 15}
{"obj": {"type": "ClearFloatLog", "path": ["monitoring", "gpu_memory"]}, "version": 16}
{"obj": {"type": "LogFloats", "path": ["monitoring", "cpu"], "values": [{"value": 14.4, "step": null, "ts": 1639593866.5476875}]}, "version": 17}
{"obj": {"type": "LogFloats", "path": ["monitoring", "memory"], "values": [{"value": 8.651615142822266, "step": null, "ts": 1639593866.5476875}]}, "version": 18}
{"obj": {"type": "AssignString", "path": ["network", "parameters", "optimizer"], "value": "SGD"}, "version": 19}
{"obj": {"type": "AssignFloat", "path": ["network", "parameters", "optimizer_momentum"], "value": 0.9}, "version": 20}
{"obj": {"type": "AssignFloat", "path": ["network", "parameters", "optimizer_learning_rate"], "value": 0.001}, "version": 21}
{"obj": {"type": "AssignString", "path": ["network", "parameters", "loss_function"], "value": "MSEloss"}, "version": 22}
{"obj": {"type": "AssignString", "path": ["network", "parameters", "model"], "value": "GTA_Unet"}, "version": 23}
{"obj": {"type": "AssignString", "path": ["network", "parameters", "scheduler"], "value": "CyclicLR"}, "version": 24}
{"obj": {"type": "AssignFloat", "path": ["network", "parameters", "scheduler_base_lr"], "value": 0.001}, "version": 25}
{"obj": {"type": "AssignFloat", "path": ["network", "parameters", "scheduler_max_lr"], "value": 1.15}, "version": 26}
{"obj": {"type": "AssignInt", "path": ["network", "parameters", "scheduler_step_size_up"], "value": 10}, "version": 27}
{"obj": {"type": "LogFloats", "path": ["monitoring", "gpu_memory"], "values": [{"value": 0.051025390625, "step": null, "ts": 1639593866.5476875}]}, "version": 28}
{"obj": {"type": "LogStrings", "path": ["monitoring", "stdout"], "values": [{"value": "Training epoch 0", "step": null, "ts": 1639593866.7939098}]}, "version": 29}
{"obj": {"type": "LogStrings", "path": ["monitoring", "stdout"], "values": [{"value": "\n", "step": null, "ts": 1639593866.7939098}]}, "version": 30}
{"obj": {"type": "LogFloats", "path": ["network", "learning_rate"], "values": [{"value": 0.001, "step": null, "ts": 1639593866.7939098}]}, "version": 31}
{"obj": {"type": "LogFloats", "path": ["network", "train_loss"], "values": [{"value": 0.09438409549849373, "step": null, "ts": 1639593870.3445926}]}, "version": 32}
{"obj": {"type": "LogFloats", "path": ["network", "validation_mean_acc"], "values": [{"value": 0.16104166666666667, "step": null, "ts": 1639593870.5738013}]}, "version": 33}
{"obj": {"type": "LogFloats", "path": ["network", "validation_loss"], "values": [{"value": 0.09690828621387482, "step": null, "ts": 1639593870.5738013}]}, "version": 34}
{"obj": {"type": "LogStrings", "path": ["monitoring", "stdout"], "values": [{"value": "Training epoch 1", "step": null, "ts": 1639593870.5738013}]}, "version": 35}
{"obj": {"type": "LogStrings", "path": ["monitoring", "stdout"], "values": [{"value": "\n", "step": null, "ts": 1639593870.5738013}]}, "version": 36}
{"obj": {"type": "LogFloats", "path": ["network", "learning_rate"], "values": [{"value": 0.1159000000000001, "step": null, "ts": 1639593870.5738013}]}, "version": 37}
{"obj": {"type": "LogFloats", "path": ["network", "train_loss"], "values": [{"value": 0.07569583398955208, "step": null, "ts": 1639593872.154092}]}, "version": 38}
{"obj": {"type": "LogFloats", "path": ["network", "validation_mean_acc"], "values": [{"value": 0.2960333333333333, "step": null, "ts": 1639593872.3873036}]}, "version": 39}
{"obj": {"type": "LogFloats", "path": ["network", "validation_loss"], "values": [{"value": 0.08696264028549194, "step": null, "ts": 1639593872.3873036}]}, "version": 40}
{"obj": {"type": "LogStrings", "path": ["monitoring", "stdout"], "values": [{"value": "Training epoch 2", "step": null, "ts": 1639593872.3873036}]}, "version": 41}
{"obj": {"type": "LogStrings", "path": ["monitoring", "stdout"], "values": [{"value": "\n", "step": null, "ts": 1639593872.3873036}]}, "version": 42}
{"obj": {"type": "LogFloats", "path": ["network", "learning_rate"], "values": [{"value": 0.2308000000000002, "step": null, "ts": 1639593872.3873036}]}, "version": 43}
{"obj": {"type": "LogFloats", "path": ["network", "train_loss"], "values": [{"value": 0.04104665666818619, "step": null, "ts": 1639593873.969427}]}, "version": 44}
{"obj": {"type": "LogFloats", "path": ["network", "validation_mean_acc"], "values": [{"value": 0.372625, "step": null, "ts": 1639593874.199637}]}, "version": 45}
{"obj": {"type": "LogFloats", "path": ["network", "validation_loss"], "values": [{"value": 0.09831777215003967, "step": null, "ts": 1639593874.199637}]}, "version": 46}
{"obj": {"type": "LogStrings", "path": ["monitoring", "stdout"], "values": [{"value": "Training epoch 3", "step": null, "ts": 1639593874.2006376}]}, "version": 47}
{"obj": {"type": "LogStrings", "path": ["monitoring", "stdout"], "values": [{"value": "\n", "step": null, "ts": 1639593874.2006376}]}, "version": 48}
{"obj": {"type": "LogFloats", "path": ["network", "learning_rate"], "values": [{"value": 0.3456999999999998, "step": null, "ts": 1639593874.2006376}]}, "version": 49}
{"obj": {"type": "LogFloats", "path": ["network", "train_loss"], "values": [{"value": 0.03324964549392462, "step": null, "ts": 1639593875.7680602}]}, "version": 50}
{"obj": {"type": "LogFloats", "path": ["network", "validation_mean_acc"], "values": [{"value": 0.546525, "step": null, "ts": 1639593875.994267}]}, "version": 51}
{"obj": {"type": "LogFloats", "path": ["network", "validation_loss"], "values": [{"value": 0.08491772413253784, "step": null, "ts": 1639593875.994267}]}, "version": 52}
{"obj": {"type": "LogStrings", "path": ["monitoring", "stdout"], "values": [{"value": "Training epoch 4", "step": null, "ts": 1639593875.9952655}]}, "version": 53}
{"obj": {"type": "LogStrings", "path": ["monitoring", "stdout"], "values": [{"value": "\n", "step": null, "ts": 1639593875.9952655}]}, "version": 54}
{"obj": {"type": "LogFloats", "path": ["network", "learning_rate"], "values": [{"value": 0.4605999999999999, "step": null, "ts": 1639593875.9952655}]}, "version": 55}
{"obj": {"type": "LogFloats", "path": ["monitoring", "cpu"], "values": [{"value": 44.1, "step": null, "ts": 1639593876.567786}]}, "version": 56}
{"obj": {"type": "LogFloats", "path": ["monitoring", "memory"], "values": [{"value": 10.080184936523438, "step": null, "ts": 1639593876.567786}]}, "version": 57}
{"obj": {"type": "LogFloats", "path": ["monitoring", "gpu"], "values": [{"value": 94.0, "step": null, "ts": 1639593876.567786}]}, "version": 58}
{"obj": {"type": "LogFloats", "path": ["monitoring", "gpu_memory"], "values": [{"value": 2.559967041015625, "step": null, "ts": 1639593876.567786}]}, "version": 59}
{"obj": {"type": "LogFloats", "path": ["network", "train_loss"], "values": [{"value": 0.03418581427208015, "step": null, "ts": 1639593877.5706954}]}, "version": 60}
{"obj": {"type": "LogFloats", "path": ["network", "validation_mean_acc"], "values": [{"value": 0.3191833333333333, "step": null, "ts": 1639593877.801427}]}, "version": 61}
{"obj": {"type": "LogFloats", "path": ["network", "validation_loss"], "values": [{"value": 0.10271145403385162, "step": null, "ts": 1639593877.801427}]}, "version": 62}
{"obj": {"type": "LogStrings", "path": ["monitoring", "stdout"], "values": [{"value": "Training epoch 5", "step": null, "ts": 1639593877.801427}]}, "version": 63}
{"obj": {"type": "LogStrings", "path": ["monitoring", "stdout"], "values": [{"value": "\n", "step": null, "ts": 1639593877.801427}]}, "version": 64}
{"obj": {"type": "LogFloats", "path": ["network", "learning_rate"], "values": [{"value": 0.5755, "step": null, "ts": 1639593877.801427}]}, "version": 65}
{"obj": {"type": "LogFloats", "path": ["network", "train_loss"], "values": [{"value": 0.032389575349433083, "step": null, "ts": 1639593879.375299}]}, "version": 66}
{"obj": {"type": "LogFloats", "path": ["network", "validation_mean_acc"], "values": [{"value": 0.34505, "step": null, "ts": 1639593879.6069727}]}, "version": 67}
{"obj": {"type": "LogFloats", "path": ["network", "validation_loss"], "values": [{"value": 0.09752803295850754, "step": null, "ts": 1639593879.6069727}]}, "version": 68}
{"obj": {"type": "LogStrings", "path": ["monitoring", "stdout"], "values": [{"value": "Training epoch 6", "step": null, "ts": 1639593879.6079798}]}, "version": 69}
{"obj": {"type": "LogStrings", "path": ["monitoring", "stdout"], "values": [{"value": "\n", "step": null, "ts": 1639593879.6079798}]}, "version": 70}
{"obj": {"type": "LogFloats", "path": ["network", "learning_rate"], "values": [{"value": 0.6904000000000001, "step": null, "ts": 1639593879.6079798}]}, "version": 71}
{"obj": {"type": "LogFloats", "path": ["network", "train_loss"], "values": [{"value": 0.03329335578850338, "step": null, "ts": 1639593881.1868596}]}, "version": 72}
{"obj": {"type": "LogFloats", "path": ["network", "validation_mean_acc"], "values": [{"value": 0.4525166666666667, "step": null, "ts": 1639593881.4250765}]}, "version": 73}
{"obj": {"type": "LogFloats", "path": ["network", "validation_loss"], "values": [{"value": 0.08717431873083115, "step": null, "ts": 1639593881.4250765}]}, "version": 74}
{"obj": {"type": "LogStrings", "path": ["monitoring", "stdout"], "values": [{"value": "Training epoch 7", "step": null, "ts": 1639593881.4250765}]}, "version": 75}
{"obj": {"type": "LogStrings", "path": ["monitoring", "stdout"], "values": [{"value": "\n", "step": null, "ts": 1639593881.4250765}]}, "version": 76}
{"obj": {"type": "LogFloats", "path": ["network", "learning_rate"], "values": [{"value": 0.8053000000000002, "step": null, "ts": 1639593881.4250765}]}, "version": 77}
{"obj": {"type": "LogFloats", "path": ["network", "train_loss"], "values": [{"value": 0.02848261914082936, "step": null, "ts": 1639593883.0055099}]}, "version": 78}
{"obj": {"type": "LogFloats", "path": ["network", "validation_mean_acc"], "values": [{"value": 0.4419666666666667, "step": null, "ts": 1639593883.2397227}]}, "version": 79}
{"obj": {"type": "LogFloats", "path": ["network", "validation_loss"], "values": [{"value": 0.09095888584852219, "step": null, "ts": 1639593883.2397227}]}, "version": 80}
{"obj": {"type": "LogStrings", "path": ["monitoring", "stdout"], "values": [{"value": "Training epoch 8", "step": null, "ts": 1639593883.2397227}]}, "version": 81}
{"obj": {"type": "LogStrings", "path": ["monitoring", "stdout"], "values": [{"value": "\n", "step": null, "ts": 1639593883.2397227}]}, "version": 82}
{"obj": {"type": "LogFloats", "path": ["network", "learning_rate"], "values": [{"value": 0.9201999999999998, "step": null, "ts": 1639593883.2397227}]}, "version": 83}
{"obj": {"type": "LogFloats", "path": ["network", "train_loss"], "values": [{"value": 0.025091455184987614, "step": null, "ts": 1639593884.8289728}]}, "version": 84}
{"obj": {"type": "LogFloats", "path": ["network", "validation_mean_acc"], "values": [{"value": 0.33565, "step": null, "ts": 1639593885.0573354}]}, "version": 85}
{"obj": {"type": "LogFloats", "path": ["network", "validation_loss"], "values": [{"value": 0.11196129024028778, "step": null, "ts": 1639593885.0583365}]}, "version": 86}
{"obj": {"type": "LogStrings", "path": ["monitoring", "stdout"], "values": [{"value": "Training epoch 9", "step": null, "ts": 1639593885.0583365}]}, "version": 87}
{"obj": {"type": "LogStrings", "path": ["monitoring", "stdout"], "values": [{"value": "\n", "step": null, "ts": 1639593885.0583365}]}, "version": 88}
{"obj": {"type": "LogFloats", "path": ["network", "learning_rate"], "values": [{"value": 1.0351, "step": null, "ts": 1639593885.0583365}]}, "version": 89}
{"obj": {"type": "LogFloats", "path": ["monitoring", "cpu"], "values": [{"value": 53.8, "step": null, "ts": 1639593886.5760794}]}, "version": 90}
{"obj": {"type": "LogFloats", "path": ["monitoring", "memory"], "values": [{"value": 9.67531967163086, "step": null, "ts": 1639593886.5760794}]}, "version": 91}
{"obj": {"type": "LogFloats", "path": ["monitoring", "gpu"], "values": [{"value": 80.0, "step": null, "ts": 1639593886.5760794}]}, "version": 92}
{"obj": {"type": "LogFloats", "path": ["monitoring", "gpu_memory"], "values": [{"value": 2.559967041015625, "step": null, "ts": 1639593886.5760794}]}, "version": 93}
{"obj": {"type": "LogFloats", "path": ["network", "train_loss"], "values": [{"value": 0.029601721093058586, "step": null, "ts": 1639593886.6431525}]}, "version": 94}
{"obj": {"type": "LogFloats", "path": ["network", "validation_mean_acc"], "values": [{"value": 0.43545, "step": null, "ts": 1639593886.8754566}]}, "version": 95}
{"obj": {"type": "LogFloats", "path": ["network", "validation_loss"], "values": [{"value": 0.09126164019107819, "step": null, "ts": 1639593886.8754566}]}, "version": 96}
{"obj": {"type": "LogStrings", "path": ["monitoring", "stdout"], "values": [{"value": "Training epoch 10", "step": null, "ts": 1639593886.8754566}]}, "version": 97}
{"obj": {"type": "LogStrings", "path": ["monitoring", "stdout"], "values": [{"value": "\n", "step": null, "ts": 1639593886.8754566}]}, "version": 98}
{"obj": {"type": "LogFloats", "path": ["network", "learning_rate"], "values": [{"value": 1.15, "step": null, "ts": 1639593886.8754566}]}, "version": 99}
{"obj": {"type": "LogFloats", "path": ["network", "train_loss"], "values": [{"value": 0.02539000686790262, "step": null, "ts": 1639593888.4509919}]}, "version": 100}
{"obj": {"type": "LogFloats", "path": ["network", "validation_mean_acc"], "values": [{"value": 0.44545833333333335, "step": null, "ts": 1639593888.6771975}]}, "version": 101}
{"obj": {"type": "LogFloats", "path": ["network", "validation_loss"], "values": [{"value": 0.09292041510343552, "step": null, "ts": 1639593888.6771975}]}, "version": 102}
{"obj": {"type": "LogStrings", "path": ["monitoring", "stdout"], "values": [{"value": "Training epoch 11", "step": null, "ts": 1639593888.6771975}]}, "version": 103}
{"obj": {"type": "LogStrings", "path": ["monitoring", "stdout"], "values": [{"value": "\n", "step": null, "ts": 1639593888.6781986}]}, "version": 104}
{"obj": {"type": "LogFloats", "path": ["network", "learning_rate"], "values": [{"value": 1.0351, "step": null, "ts": 1639593888.6781986}]}, "version": 105}
{"obj": {"type": "LogFloats", "path": ["network", "train_loss"], "values": [{"value": 0.026304688836847032, "step": null, "ts": 1639593890.2536283}]}, "version": 106}
{"obj": {"type": "LogFloats", "path": ["network", "validation_mean_acc"], "values": [{"value": 0.4053, "step": null, "ts": 1639593890.4873521}]}, "version": 107}
{"obj": {"type": "LogFloats", "path": ["network", "validation_loss"], "values": [{"value": 0.10356109589338303, "step": null, "ts": 1639593890.4873521}]}, "version": 108}
{"obj": {"type": "LogStrings", "path": ["monitoring", "stdout"], "values": [{"value": "Training epoch 12", "step": null, "ts": 1639593890.4873521}]}, "version": 109}
{"obj": {"type": "LogStrings", "path": ["monitoring", "stdout"], "values": [{"value": "\n", "step": null, "ts": 1639593890.4873521}]}, "version": 110}
{"obj": {"type": "LogFloats", "path": ["network", "learning_rate"], "values": [{"value": 0.9201999999999998, "step": null, "ts": 1639593890.4873521}]}, "version": 111}
{"obj": {"type": "LogFloats", "path": ["network", "train_loss"], "values": [{"value": 0.023842680134943554, "step": null, "ts": 1639593892.0538704}]}, "version": 112}
{"obj": {"type": "LogFloats", "path": ["network", "validation_mean_acc"], "values": [{"value": 0.4689, "step": null, "ts": 1639593892.2876418}]}, "version": 113}
{"obj": {"type": "LogFloats", "path": ["network", "validation_loss"], "values": [{"value": 0.09774410724639893, "step": null, "ts": 1639593892.2886426}]}, "version": 114}
{"obj": {"type": "LogStrings", "path": ["monitoring", "stdout"], "values": [{"value": "Training epoch 13", "step": null, "ts": 1639593892.2886426}]}, "version": 115}
{"obj": {"type": "LogStrings", "path": ["monitoring", "stdout"], "values": [{"value": "\n", "step": null, "ts": 1639593892.2886426}]}, "version": 116}
{"obj": {"type": "LogFloats", "path": ["network", "learning_rate"], "values": [{"value": 0.8053000000000002, "step": null, "ts": 1639593892.2886426}]}, "version": 117}
{"obj": {"type": "LogFloats", "path": ["network", "train_loss"], "values": [{"value": 0.01951946477804865, "step": null, "ts": 1639593893.8676305}]}, "version": 118}
{"obj": {"type": "LogFloats", "path": ["network", "validation_mean_acc"], "values": [{"value": 0.4587333333333333, "step": null, "ts": 1639593894.0958374}]}, "version": 119}
{"obj": {"type": "LogFloats", "path": ["network", "validation_loss"], "values": [{"value": 0.09761416912078857, "step": null, "ts": 1639593894.0968385}]}, "version": 120}
{"obj": {"type": "LogStrings", "path": ["monitoring", "stdout"], "values": [{"value": "Training epoch 14", "step": null, "ts": 1639593894.0968385}]}, "version": 121}
{"obj": {"type": "LogStrings", "path": ["monitoring", "stdout"], "values": [{"value": "\n", "step": null, "ts": 1639593894.0968385}]}, "version": 122}
{"obj": {"type": "LogFloats", "path": ["network", "learning_rate"], "values": [{"value": 0.6904000000000001, "step": null, "ts": 1639593894.0968385}]}, "version": 123}
{"obj": {"type": "LogFloats", "path": ["network", "train_loss"], "values": [{"value": 0.018806313829762594, "step": null, "ts": 1639593895.664261}]}, "version": 124}
{"obj": {"type": "LogFloats", "path": ["network", "validation_mean_acc"], "values": [{"value": 0.566225, "step": null, "ts": 1639593895.8894649}]}, "version": 125}
{"obj": {"type": "LogFloats", "path": ["network", "validation_loss"], "values": [{"value": 0.08370231837034225, "step": null, "ts": 1639593895.8894649}]}, "version": 126}
{"obj": {"type": "LogStrings", "path": ["monitoring", "stdout"], "values": [{"value": "Training epoch 15", "step": null, "ts": 1639593895.8894649}]}, "version": 127}
{"obj": {"type": "LogStrings", "path": ["monitoring", "stdout"], "values": [{"value": "\n", "step": null, "ts": 1639593895.8894649}]}, "version": 128}
{"obj": {"type": "LogFloats", "path": ["network", "learning_rate"], "values": [{"value": 0.5755, "step": null, "ts": 1639593895.8904657}]}, "version": 129}
{"obj": {"type": "LogFloats", "path": ["monitoring", "cpu"], "values": [{"value": 49.5, "step": null, "ts": 1639593896.5911016}]}, "version": 130}
{"obj": {"type": "LogFloats", "path": ["monitoring", "memory"], "values": [{"value": 9.658828735351562, "step": null, "ts": 1639593896.5911016}]}, "version": 131}
{"obj": {"type": "LogFloats", "path": ["monitoring", "gpu"], "values": [{"value": 71.0, "step": null, "ts": 1639593896.5911016}]}, "version": 132}
{"obj": {"type": "LogFloats", "path": ["monitoring", "gpu_memory"], "values": [{"value": 2.559967041015625, "step": null, "ts": 1639593896.5911016}]}, "version": 133}
{"obj": {"type": "LogFloats", "path": ["network", "train_loss"], "values": [{"value": 0.017538037550236498, "step": null, "ts": 1639593897.4598901}]}, "version": 134}
{"obj": {"type": "LogFloats", "path": ["network", "validation_mean_acc"], "values": [{"value": 0.5317833333333334, "step": null, "ts": 1639593897.6880982}]}, "version": 135}
{"obj": {"type": "LogFloats", "path": ["network", "validation_loss"], "values": [{"value": 0.08840334415435791, "step": null, "ts": 1639593897.6880982}]}, "version": 136}
{"obj": {"type": "LogStrings", "path": ["monitoring", "stdout"], "values": [{"value": "Training epoch 16", "step": null, "ts": 1639593897.6880982}]}, "version": 137}
{"obj": {"type": "LogStrings", "path": ["monitoring", "stdout"], "values": [{"value": "\n", "step": null, "ts": 1639593897.6880982}]}, "version": 138}
{"obj": {"type": "LogFloats", "path": ["network", "learning_rate"], "values": [{"value": 0.4605999999999999, "step": null, "ts": 1639593897.6880982}]}, "version": 139}
{"obj": {"type": "LogFloats", "path": ["network", "train_loss"], "values": [{"value": 0.01590049359947443, "step": null, "ts": 1639593899.2651787}]}, "version": 140}
{"obj": {"type": "LogFloats", "path": ["network", "validation_mean_acc"], "values": [{"value": 0.5364333333333333, "step": null, "ts": 1639593899.4924898}]}, "version": 141}
{"obj": {"type": "LogFloats", "path": ["network", "validation_loss"], "values": [{"value": 0.08719559013843536, "step": null, "ts": 1639593899.4924898}]}, "version": 142}
{"obj": {"type": "LogStrings", "path": ["monitoring", "stdout"], "values": [{"value": "Training epoch 17", "step": null, "ts": 1639593899.4924898}]}, "version": 143}
{"obj": {"type": "LogStrings", "path": ["monitoring", "stdout"], "values": [{"value": "\n", "step": null, "ts": 1639593899.4924898}]}, "version": 144}
{"obj": {"type": "LogFloats", "path": ["network", "learning_rate"], "values": [{"value": 0.3456999999999998, "step": null, "ts": 1639593899.4924898}]}, "version": 145}
{"obj": {"type": "LogFloats", "path": ["network", "train_loss"], "values": [{"value": 0.014782802068761416, "step": null, "ts": 1639593901.0748022}]}, "version": 146}
{"obj": {"type": "LogFloats", "path": ["network", "validation_mean_acc"], "values": [{"value": 0.5391833333333333, "step": null, "ts": 1639593901.3080142}]}, "version": 147}
{"obj": {"type": "LogFloats", "path": ["network", "validation_loss"], "values": [{"value": 0.08678020536899567, "step": null, "ts": 1639593901.3080142}]}, "version": 148}
{"obj": {"type": "LogStrings", "path": ["monitoring", "stdout"], "values": [{"value": "Training epoch 18", "step": null, "ts": 1639593901.3080142}]}, "version": 149}
{"obj": {"type": "LogStrings", "path": ["monitoring", "stdout"], "values": [{"value": "\n", "step": null, "ts": 1639593901.3080142}]}, "version": 150}
{"obj": {"type": "LogFloats", "path": ["network", "learning_rate"], "values": [{"value": 0.2308000000000002, "step": null, "ts": 1639593901.3080142}]}, "version": 151}
{"obj": {"type": "LogFloats", "path": ["network", "train_loss"], "values": [{"value": 0.014355735055037908, "step": null, "ts": 1639593902.8864458}]}, "version": 152}
{"obj": {"type": "LogFloats", "path": ["network", "validation_mean_acc"], "values": [{"value": 0.5202916666666667, "step": null, "ts": 1639593903.1156533}]}, "version": 153}
{"obj": {"type": "LogFloats", "path": ["network", "validation_loss"], "values": [{"value": 0.09111202508211136, "step": null, "ts": 1639593903.1156533}]}, "version": 154}
{"obj": {"type": "LogStrings", "path": ["monitoring", "stdout"], "values": [{"value": "Training epoch 19", "step": null, "ts": 1639593903.1156533}]}, "version": 155}
{"obj": {"type": "LogStrings", "path": ["monitoring", "stdout"], "values": [{"value": "\n", "step": null, "ts": 1639593903.1156533}]}, "version": 156}
{"obj": {"type": "LogFloats", "path": ["network", "learning_rate"], "values": [{"value": 0.1159000000000001, "step": null, "ts": 1639593903.1156533}]}, "version": 157}
{"obj": {"type": "LogFloats", "path": ["network", "train_loss"], "values": [{"value": 0.013755163843078273, "step": null, "ts": 1639593904.6887643}]}, "version": 158}
{"obj": {"type": "LogFloats", "path": ["network", "validation_mean_acc"], "values": [{"value": 0.529325, "step": null, "ts": 1639593904.9282043}]}, "version": 159}
{"obj": {"type": "LogFloats", "path": ["network", "validation_loss"], "values": [{"value": 0.0896058976650238, "step": null, "ts": 1639593904.9282043}]}, "version": 160}
{"obj": {"type": "LogStrings", "path": ["monitoring", "stdout"], "values": [{"value": "Training epoch 20", "step": null, "ts": 1639593904.9282043}]}, "version": 161}
{"obj": {"type": "LogStrings", "path": ["monitoring", "stdout"], "values": [{"value": "\n", "step": null, "ts": 1639593904.9282043}]}, "version": 162}
{"obj": {"type": "LogFloats", "path": ["network", "learning_rate"], "values": [{"value": 0.001, "step": null, "ts": 1639593904.9282043}]}, "version": 163}
{"obj": {"type": "LogFloats", "path": ["network", "train_loss"], "values": [{"value": 0.013535047881305218, "step": null, "ts": 1639593906.5067189}]}, "version": 164}
{"obj": {"type": "LogFloats", "path": ["monitoring", "cpu"], "values": [{"value": 50.4, "step": null, "ts": 1639593906.6092188}]}, "version": 165}
{"obj": {"type": "LogFloats", "path": ["monitoring", "memory"], "values": [{"value": 9.640430450439453, "step": null, "ts": 1639593906.6092188}]}, "version": 166}
{"obj": {"type": "LogFloats", "path": ["monitoring", "gpu"], "values": [{"value": 99.0, "step": null, "ts": 1639593906.6092188}]}, "version": 167}
{"obj": {"type": "LogFloats", "path": ["monitoring", "gpu_memory"], "values": [{"value": 2.559967041015625, "step": null, "ts": 1639593906.6092188}]}, "version": 168}
{"obj": {"type": "LogFloats", "path": ["network", "validation_mean_acc"], "values": [{"value": 0.5294083333333334, "step": null, "ts": 1639593906.7343402}]}, "version": 169}
{"obj": {"type": "LogFloats", "path": ["network", "validation_loss"], "values": [{"value": 0.08957695215940475, "step": null, "ts": 1639593906.7343402}]}, "version": 170}
{"obj": {"type": "LogStrings", "path": ["monitoring", "stdout"], "values": [{"value": "Training epoch 21", "step": null, "ts": 1639593906.7343402}]}, "version": 171}
{"obj": {"type": "LogStrings", "path": ["monitoring", "stdout"], "values": [{"value": "\n", "step": null, "ts": 1639593906.7343402}]}, "version": 172}
{"obj": {"type": "LogFloats", "path": ["network", "learning_rate"], "values": [{"value": 0.1158999999999996, "step": null, "ts": 1639593906.7343402}]}, "version": 173}
{"obj": {"type": "LogFloats", "path": ["network", "train_loss"], "values": [{"value": 0.013476769972060407, "step": null, "ts": 1639593908.3115377}]}, "version": 174}
{"obj": {"type": "LogFloats", "path": ["network", "validation_mean_acc"], "values": [{"value": 0.5268916666666666, "step": null, "ts": 1639593908.5427475}]}, "version": 175}
{"obj": {"type": "LogFloats", "path": ["network", "validation_loss"], "values": [{"value": 0.08950387686491013, "step": null, "ts": 1639593908.5427475}]}, "version": 176}
{"obj": {"type": "LogStrings", "path": ["monitoring", "stdout"], "values": [{"value": "Training epoch 22", "step": null, "ts": 1639593908.5427475}]}, "version": 177}
{"obj": {"type": "LogStrings", "path": ["monitoring", "stdout"], "values": [{"value": "\n", "step": null, "ts": 1639593908.5427475}]}, "version": 178}
{"obj": {"type": "LogFloats", "path": ["network", "learning_rate"], "values": [{"value": 0.2308000000000002, "step": null, "ts": 1639593908.5427475}]}, "version": 179}
{"obj": {"type": "LogFloats", "path": ["network", "train_loss"], "values": [{"value": 0.013286008898700987, "step": null, "ts": 1639593910.1221812}]}, "version": 180}
{"obj": {"type": "LogFloats", "path": ["network", "validation_mean_acc"], "values": [{"value": 0.5229666666666667, "step": null, "ts": 1639593910.3473854}]}, "version": 181}
{"obj": {"type": "LogFloats", "path": ["network", "validation_loss"], "values": [{"value": 0.09157457202672958, "step": null, "ts": 1639593910.3473854}]}, "version": 182}
{"obj": {"type": "LogStrings", "path": ["monitoring", "stdout"], "values": [{"value": "Training epoch 23", "step": null, "ts": 1639593910.348386}]}, "version": 183}
{"obj": {"type": "LogStrings", "path": ["monitoring", "stdout"], "values": [{"value": "\n", "step": null, "ts": 1639593910.348386}]}, "version": 184}
{"obj": {"type": "LogFloats", "path": ["network", "learning_rate"], "values": [{"value": 0.3456999999999998, "step": null, "ts": 1639593910.348386}]}, "version": 185}
{"obj": {"type": "LogFloats", "path": ["network", "train_loss"], "values": [{"value": 0.013509008634303297, "step": null, "ts": 1639593911.9246519}]}, "version": 186}
{"obj": {"type": "LogFloats", "path": ["network", "validation_mean_acc"], "values": [{"value": 0.5405, "step": null, "ts": 1639593912.1588638}]}, "version": 187}
{"obj": {"type": "LogFloats", "path": ["network", "validation_loss"], "values": [{"value": 0.08849512785673141, "step": null, "ts": 1639593912.1588638}]}, "version": 188}
{"obj": {"type": "LogStrings", "path": ["monitoring", "stdout"], "values": [{"value": "Training epoch 24", "step": null, "ts": 1639593912.1588638}]}, "version": 189}
{"obj": {"type": "LogStrings", "path": ["monitoring", "stdout"], "values": [{"value": "\n", "step": null, "ts": 1639593912.1588638}]}, "version": 190}
{"obj": {"type": "LogFloats", "path": ["network", "learning_rate"], "values": [{"value": 0.4606000000000004, "step": null, "ts": 1639593912.1588638}]}, "version": 191}
{"obj": {"type": "LogFloats", "path": ["network", "train_loss"], "values": [{"value": 0.01338624847786767, "step": null, "ts": 1639593913.7414377}]}, "version": 192}
{"obj": {"type": "LogFloats", "path": ["network", "validation_mean_acc"], "values": [{"value": 0.5391333333333334, "step": null, "ts": 1639593913.9696443}]}, "version": 193}
{"obj": {"type": "LogFloats", "path": ["network", "validation_loss"], "values": [{"value": 0.08724968135356903, "step": null, "ts": 1639593913.9696443}]}, "version": 194}
{"obj": {"type": "LogStrings", "path": ["monitoring", "stdout"], "values": [{"value": "Training epoch 25", "step": null, "ts": 1639593913.9696443}]}, "version": 195}
{"obj": {"type": "LogStrings", "path": ["monitoring", "stdout"], "values": [{"value": "\n", "step": null, "ts": 1639593913.9696443}]}, "version": 196}
{"obj": {"type": "LogFloats", "path": ["network", "learning_rate"], "values": [{"value": 0.5755, "step": null, "ts": 1639593913.9696443}]}, "version": 197}
{"obj": {"type": "LogFloats", "path": ["network", "train_loss"], "values": [{"value": 0.012862894817122392, "step": null, "ts": 1639593915.5400693}]}, "version": 198}
{"obj": {"type": "LogFloats", "path": ["network", "validation_mean_acc"], "values": [{"value": 0.51105, "step": null, "ts": 1639593915.774282}]}, "version": 199}
{"obj": {"type": "LogFloats", "path": ["network", "validation_loss"], "values": [{"value": 0.0932086780667305, "step": null, "ts": 1639593915.774282}]}, "version": 200}
{"obj": {"type": "LogStrings", "path": ["monitoring", "stdout"], "values": [{"value": "Training epoch 26", "step": null, "ts": 1639593915.774282}]}, "version": 201}
{"obj": {"type": "LogStrings", "path": ["monitoring", "stdout"], "values": [{"value": "\n", "step": null, "ts": 1639593915.774282}]}, "version": 202}
{"obj": {"type": "LogFloats", "path": ["network", "learning_rate"], "values": [{"value": 0.6903999999999996, "step": null, "ts": 1639593915.774282}]}, "version": 203}
{"obj": {"type": "LogFloats", "path": ["monitoring", "cpu"], "values": [{"value": 49.7, "step": null, "ts": 1639593916.6230528}]}, "version": 204}
{"obj": {"type": "LogFloats", "path": ["monitoring", "memory"], "values": [{"value": 9.695381164550781, "step": null, "ts": 1639593916.6230528}]}, "version": 205}
{"obj": {"type": "LogFloats", "path": ["monitoring", "gpu"], "values": [{"value": 75.0, "step": null, "ts": 1639593916.6230528}]}, "version": 206}
{"obj": {"type": "LogFloats", "path": ["monitoring", "gpu_memory"], "values": [{"value": 2.559967041015625, "step": null, "ts": 1639593916.6230528}]}, "version": 207}
{"obj": {"type": "LogFloats", "path": ["network", "train_loss"], "values": [{"value": 0.012009602771805865, "step": null, "ts": 1639593917.3497117}]}, "version": 208}
{"obj": {"type": "LogFloats", "path": ["network", "validation_mean_acc"], "values": [{"value": 0.5359916666666666, "step": null, "ts": 1639593917.573455}]}, "version": 209}
{"obj": {"type": "LogFloats", "path": ["network", "validation_loss"], "values": [{"value": 0.08911097794771194, "step": null, "ts": 1639593917.573455}]}, "version": 210}
{"obj": {"type": "LogStrings", "path": ["monitoring", "stdout"], "values": [{"value": "Training epoch 27", "step": null, "ts": 1639593917.5744562}]}, "version": 211}
{"obj": {"type": "LogStrings", "path": ["monitoring", "stdout"], "values": [{"value": "\n", "step": null, "ts": 1639593917.5744562}]}, "version": 212}
{"obj": {"type": "LogFloats", "path": ["network", "learning_rate"], "values": [{"value": 0.8053000000000002, "step": null, "ts": 1639593917.5744562}]}, "version": 213}
{"obj": {"type": "LogFloats", "path": ["network", "train_loss"], "values": [{"value": 0.012157558796129056, "step": null, "ts": 1639593919.1452005}]}, "version": 214}
{"obj": {"type": "LogFloats", "path": ["network", "validation_mean_acc"], "values": [{"value": 0.5967416666666666, "step": null, "ts": 1639593919.3824155}]}, "version": 215}
{"obj": {"type": "LogFloats", "path": ["network", "validation_loss"], "values": [{"value": 0.07762999087572098, "step": null, "ts": 1639593919.3824155}]}, "version": 216}
{"obj": {"type": "LogStrings", "path": ["monitoring", "stdout"], "values": [{"value": "Training epoch 28", "step": null, "ts": 1639593919.3834164}]}, "version": 217}
{"obj": {"type": "LogStrings", "path": ["monitoring", "stdout"], "values": [{"value": "\n", "step": null, "ts": 1639593919.3834164}]}, "version": 218}
{"obj": {"type": "LogFloats", "path": ["network", "learning_rate"], "values": [{"value": 0.9201999999999998, "step": null, "ts": 1639593919.3834164}]}, "version": 219}
{"obj": {"type": "LogFloats", "path": ["network", "train_loss"], "values": [{"value": 0.015969985962978432, "step": null, "ts": 1639593920.9518397}]}, "version": 220}
{"obj": {"type": "LogFloats", "path": ["network", "validation_mean_acc"], "values": [{"value": 0.4825083333333333, "step": null, "ts": 1639593921.1850514}]}, "version": 221}
{"obj": {"type": "LogFloats", "path": ["network", "validation_loss"], "values": [{"value": 0.09885523468255997, "step": null, "ts": 1639593921.1850514}]}, "version": 222}
{"obj": {"type": "LogStrings", "path": ["monitoring", "stdout"], "values": [{"value": "Training epoch 29", "step": null, "ts": 1639593921.1850514}]}, "version": 223}
{"obj": {"type": "LogStrings", "path": ["monitoring", "stdout"], "values": [{"value": "\n", "step": null, "ts": 1639593921.1860518}]}, "version": 224}
{"obj": {"type": "LogFloats", "path": ["network", "learning_rate"], "values": [{"value": 1.0351000000000004, "step": null, "ts": 1639593921.1860518}]}, "version": 225}
{"obj": {"type": "LogFloats", "path": ["network", "train_loss"], "values": [{"value": 0.015535675521407808, "step": null, "ts": 1639593922.7584794}]}, "version": 226}
{"obj": {"type": "LogFloats", "path": ["network", "validation_mean_acc"], "values": [{"value": 0.45839166666666664, "step": null, "ts": 1639593922.9886882}]}, "version": 227}
{"obj": {"type": "LogFloats", "path": ["network", "validation_loss"], "values": [{"value": 0.10364700853824615, "step": null, "ts": 1639593922.98969}]}, "version": 228}
{"obj": {"type": "LogStrings", "path": ["monitoring", "stdout"], "values": [{"value": "Training epoch 30", "step": null, "ts": 1639593922.98969}]}, "version": 229}
{"obj": {"type": "LogStrings", "path": ["monitoring", "stdout"], "values": [{"value": "\n", "step": null, "ts": 1639593922.98969}]}, "version": 230}
{"obj": {"type": "LogFloats", "path": ["network", "learning_rate"], "values": [{"value": 1.15, "step": null, "ts": 1639593922.98969}]}, "version": 231}
{"obj": {"type": "LogFloats", "path": ["network", "train_loss"], "values": [{"value": 0.019037824922374318, "step": null, "ts": 1639593924.5641184}]}, "version": 232}
{"obj": {"type": "LogFloats", "path": ["network", "validation_mean_acc"], "values": [{"value": 0.41873333333333335, "step": null, "ts": 1639593924.7959588}]}, "version": 233}
{"obj": {"type": "LogFloats", "path": ["network", "validation_loss"], "values": [{"value": 0.10913415998220444, "step": null, "ts": 1639593924.7959588}]}, "version": 234}
{"obj": {"type": "LogStrings", "path": ["monitoring", "stdout"], "values": [{"value": "Training epoch 31", "step": null, "ts": 1639593924.7959588}]}, "version": 235}
{"obj": {"type": "LogStrings", "path": ["monitoring", "stdout"], "values": [{"value": "\n", "step": null, "ts": 1639593924.796959}]}, "version": 236}
{"obj": {"type": "LogFloats", "path": ["network", "learning_rate"], "values": [{"value": 1.0351000000000004, "step": null, "ts": 1639593924.796959}]}, "version": 237}
{"obj": {"type": "LogFloats", "path": ["network", "train_loss"], "values": [{"value": 0.02052169798740319, "step": null, "ts": 1639593926.3685098}]}, "version": 238}
{"obj": {"type": "LogFloats", "path": ["network", "validation_mean_acc"], "values": [{"value": 0.5309416666666666, "step": null, "ts": 1639593926.6069098}]}, "version": 239}
{"obj": {"type": "LogFloats", "path": ["network", "validation_loss"], "values": [{"value": 0.09086093306541443, "step": null, "ts": 1639593926.6069098}]}, "version": 240}
{"obj": {"type": "LogStrings", "path": ["monitoring", "stdout"], "values": [{"value": "Training epoch 32", "step": null, "ts": 1639593926.6069098}]}, "version": 241}
{"obj": {"type": "LogStrings", "path": ["monitoring", "stdout"], "values": [{"value": "\n", "step": null, "ts": 1639593926.6069098}]}, "version": 242}
{"obj": {"type": "LogFloats", "path": ["network", "learning_rate"], "values": [{"value": 0.9201999999999998, "step": null, "ts": 1639593926.6078336}]}, "version": 243}
{"obj": {"type": "LogFloats", "path": ["monitoring", "cpu"], "values": [{"value": 50.5, "step": null, "ts": 1639593926.640853}]}, "version": 244}
{"obj": {"type": "LogFloats", "path": ["monitoring", "memory"], "values": [{"value": 9.72491455078125, "step": null, "ts": 1639593926.640853}]}, "version": 245}
{"obj": {"type": "LogFloats", "path": ["monitoring", "gpu"], "values": [{"value": 44.0, "step": null, "ts": 1639593926.640853}]}, "version": 246}
{"obj": {"type": "LogFloats", "path": ["monitoring", "gpu_memory"], "values": [{"value": 2.559967041015625, "step": null, "ts": 1639593926.640853}]}, "version": 247}
{"obj": {"type": "LogFloats", "path": ["network", "train_loss"], "values": [{"value": 0.015938918106257915, "step": null, "ts": 1639593928.1905346}]}, "version": 248}
{"obj": {"type": "LogFloats", "path": ["network", "validation_mean_acc"], "values": [{"value": 0.5175, "step": null, "ts": 1639593928.418741}]}, "version": 249}
{"obj": {"type": "LogFloats", "path": ["network", "validation_loss"], "values": [{"value": 0.09179080277681351, "step": null, "ts": 1639593928.419743}]}, "version": 250}
{"obj": {"type": "LogStrings", "path": ["monitoring", "stdout"], "values": [{"value": "Training epoch 33", "step": null, "ts": 1639593928.419743}]}, "version": 251}
{"obj": {"type": "LogStrings", "path": ["monitoring", "stdout"], "values": [{"value": "\n", "step": null, "ts": 1639593928.419743}]}, "version": 252}
{"obj": {"type": "LogFloats", "path": ["network", "learning_rate"], "values": [{"value": 0.8053000000000002, "step": null, "ts": 1639593928.419743}]}, "version": 253}
{"obj": {"type": "LogFloats", "path": ["network", "train_loss"], "values": [{"value": 0.013903266883322172, "step": null, "ts": 1639593930.00318}]}, "version": 254}
{"obj": {"type": "LogFloats", "path": ["network", "validation_mean_acc"], "values": [{"value": 0.5316, "step": null, "ts": 1639593930.2433972}]}, "version": 255}
{"obj": {"type": "LogFloats", "path": ["network", "validation_loss"], "values": [{"value": 0.08920231461524963, "step": null, "ts": 1639593930.2433972}]}, "version": 256}
{"obj": {"type": "LogStrings", "path": ["monitoring", "stdout"], "values": [{"value": "Training epoch 34", "step": null, "ts": 1639593930.2433972}]}, "version": 257}
{"obj": {"type": "LogStrings", "path": ["monitoring", "stdout"], "values": [{"value": "\n", "step": null, "ts": 1639593930.2433972}]}, "version": 258}
{"obj": {"type": "LogFloats", "path": ["network", "learning_rate"], "values": [{"value": 0.6903999999999996, "step": null, "ts": 1639593930.2433972}]}, "version": 259}
{"obj": {"type": "LogFloats", "path": ["network", "train_loss"], "values": [{"value": 0.012557526318622487, "step": null, "ts": 1639593931.828362}]}, "version": 260}
{"obj": {"type": "LogFloats", "path": ["network", "validation_mean_acc"], "values": [{"value": 0.5340416666666666, "step": null, "ts": 1639593932.0570297}]}, "version": 261}
{"obj": {"type": "LogFloats", "path": ["network", "validation_loss"], "values": [{"value": 0.0886322483420372, "step": null, "ts": 1639593932.0570297}]}, "version": 262}
{"obj": {"type": "LogStrings", "path": ["monitoring", "stdout"], "values": [{"value": "Training epoch 35", "step": null, "ts": 1639593932.058025}]}, "version": 263}
{"obj": {"type": "LogStrings", "path": ["monitoring", "stdout"], "values": [{"value": "\n", "step": null, "ts": 1639593932.058025}]}, "version": 264}
{"obj": {"type": "LogFloats", "path": ["network", "learning_rate"], "values": [{"value": 0.5755, "step": null, "ts": 1639593932.058025}]}, "version": 265}
{"obj": {"type": "LogFloats", "path": ["network", "train_loss"], "values": [{"value": 0.012051297351717949, "step": null, "ts": 1639593933.633002}]}, "version": 266}
{"obj": {"type": "LogFloats", "path": ["network", "validation_mean_acc"], "values": [{"value": 0.5462833333333333, "step": null, "ts": 1639593933.8592072}]}, "version": 267}
{"obj": {"type": "LogFloats", "path": ["network", "validation_loss"], "values": [{"value": 0.0865483283996582, "step": null, "ts": 1639593933.8592072}]}, "version": 268}
{"obj": {"type": "LogStrings", "path": ["monitoring", "stdout"], "values": [{"value": "Training epoch 36", "step": null, "ts": 1639593933.8592072}]}, "version": 269}
{"obj": {"type": "LogStrings", "path": ["monitoring", "stdout"], "values": [{"value": "\n", "step": null, "ts": 1639593933.8592072}]}, "version": 270}
{"obj": {"type": "LogFloats", "path": ["network", "learning_rate"], "values": [{"value": 0.4606000000000004, "step": null, "ts": 1639593933.8592072}]}, "version": 271}
{"obj": {"type": "LogFloats", "path": ["network", "train_loss"], "values": [{"value": 0.010662556825471776, "step": null, "ts": 1639593935.4339583}]}, "version": 272}
{"obj": {"type": "LogFloats", "path": ["network", "validation_mean_acc"], "values": [{"value": 0.5287916666666667, "step": null, "ts": 1639593935.6711733}]}, "version": 273}
{"obj": {"type": "LogFloats", "path": ["network", "validation_loss"], "values": [{"value": 0.0899554118514061, "step": null, "ts": 1639593935.6711733}]}, "version": 274}
{"obj": {"type": "LogStrings", "path": ["monitoring", "stdout"], "values": [{"value": "Training epoch 37", "step": null, "ts": 1639593935.6711733}]}, "version": 275}
{"obj": {"type": "LogStrings", "path": ["monitoring", "stdout"], "values": [{"value": "\n", "step": null, "ts": 1639593935.6711733}]}, "version": 276}
{"obj": {"type": "LogFloats", "path": ["network", "learning_rate"], "values": [{"value": 0.3456999999999998, "step": null, "ts": 1639593935.6721747}]}, "version": 277}
{"obj": {"type": "LogFloats", "path": ["monitoring", "cpu"], "values": [{"value": 49.8, "step": null, "ts": 1639593936.6470587}]}, "version": 278}
{"obj": {"type": "LogFloats", "path": ["monitoring", "memory"], "values": [{"value": 9.702301025390625, "step": null, "ts": 1639593936.6470587}]}, "version": 279}
{"obj": {"type": "LogFloats", "path": ["monitoring", "gpu"], "values": [{"value": 99.0, "step": null, "ts": 1639593936.6470587}]}, "version": 280}
{"obj": {"type": "LogFloats", "path": ["monitoring", "gpu_memory"], "values": [{"value": 2.559967041015625, "step": null, "ts": 1639593936.6470587}]}, "version": 281}
{"obj": {"type": "LogFloats", "path": ["network", "train_loss"], "values": [{"value": 0.009827585890889168, "step": null, "ts": 1639593937.251608}]}, "version": 282}
{"obj": {"type": "LogFloats", "path": ["network", "validation_mean_acc"], "values": [{"value": 0.52905, "step": null, "ts": 1639593937.4848192}]}, "version": 283}
{"obj": {"type": "LogFloats", "path": ["network", "validation_loss"], "values": [{"value": 0.09084005653858185, "step": null, "ts": 1639593937.4848192}]}, "version": 284}
{"obj": {"type": "LogStrings", "path": ["monitoring", "stdout"], "values": [{"value": "Training epoch 38", "step": null, "ts": 1639593937.4858215}]}, "version": 285}
{"obj": {"type": "LogStrings", "path": ["monitoring", "stdout"], "values": [{"value": "\n", "step": null, "ts": 1639593937.4858215}]}, "version": 286}
{"obj": {"type": "LogFloats", "path": ["network", "learning_rate"], "values": [{"value": 0.2308000000000002, "step": null, "ts": 1639593937.4858215}]}, "version": 287}
{"obj": {"type": "LogFloats", "path": ["network", "train_loss"], "values": [{"value": 0.009443690667727165, "step": null, "ts": 1639593939.0592482}]}, "version": 288}
{"obj": {"type": "LogFloats", "path": ["network", "validation_mean_acc"], "values": [{"value": 0.5440083333333333, "step": null, "ts": 1639593939.2884567}]}, "version": 289}
{"obj": {"type": "LogFloats", "path": ["network", "validation_loss"], "values": [{"value": 0.08991347253322601, "step": null, "ts": 1639593939.2884567}]}, "version": 290}
{"obj": {"type": "LogStrings", "path": ["monitoring", "stdout"], "values": [{"value": "Training epoch 39", "step": null, "ts": 1639593939.2884567}]}, "version": 291}
{"obj": {"type": "LogStrings", "path": ["monitoring", "stdout"], "values": [{"value": "\n", "step": null, "ts": 1639593939.2884567}]}, "version": 292}
{"obj": {"type": "LogFloats", "path": ["network", "learning_rate"], "values": [{"value": 0.1158999999999996, "step": null, "ts": 1639593939.2884567}]}, "version": 293}
{"obj": {"type": "LogFloats", "path": ["network", "train_loss"], "values": [{"value": 0.009202893823385239, "step": null, "ts": 1639593940.867668}]}, "version": 294}
{"obj": {"type": "LogFloats", "path": ["network", "validation_mean_acc"], "values": [{"value": 0.5451583333333333, "step": null, "ts": 1639593941.0965066}]}, "version": 295}
{"obj": {"type": "LogFloats", "path": ["network", "validation_loss"], "values": [{"value": 0.08976883441209793, "step": null, "ts": 1639593941.0965066}]}, "version": 296}
{"obj": {"type": "LogStrings", "path": ["monitoring", "stdout"], "values": [{"value": "Training epoch 40", "step": null, "ts": 1639593941.0965066}]}, "version": 297}
{"obj": {"type": "LogStrings", "path": ["monitoring", "stdout"], "values": [{"value": "\n", "step": null, "ts": 1639593941.0975075}]}, "version": 298}
{"obj": {"type": "LogFloats", "path": ["network", "learning_rate"], "values": [{"value": 0.001, "step": null, "ts": 1639593941.0975075}]}, "version": 299}
{"obj": {"type": "LogFloats", "path": ["network", "train_loss"], "values": [{"value": 0.009006714847471033, "step": null, "ts": 1639593942.6666286}]}, "version": 300}
{"obj": {"type": "LogFloats", "path": ["network", "validation_mean_acc"], "values": [{"value": 0.5453416666666666, "step": null, "ts": 1639593942.891833}]}, "version": 301}
{"obj": {"type": "LogFloats", "path": ["network", "validation_loss"], "values": [{"value": 0.08974996954202652, "step": null, "ts": 1639593942.891833}]}, "version": 302}
{"obj": {"type": "LogStrings", "path": ["monitoring", "stdout"], "values": [{"value": "Training epoch 41", "step": null, "ts": 1639593942.891833}]}, "version": 303}
{"obj": {"type": "LogStrings", "path": ["monitoring", "stdout"], "values": [{"value": "\n", "step": null, "ts": 1639593942.891833}]}, "version": 304}
{"obj": {"type": "LogFloats", "path": ["network", "learning_rate"], "values": [{"value": 0.1158999999999996, "step": null, "ts": 1639593942.891833}]}, "version": 305}
{"obj": {"type": "LogFloats", "path": ["network", "train_loss"], "values": [{"value": 0.008956170108701502, "step": null, "ts": 1639593944.4592552}]}, "version": 306}
{"obj": {"type": "LogFloats", "path": ["network", "validation_mean_acc"], "values": [{"value": 0.5562166666666667, "step": null, "ts": 1639593944.6964707}]}, "version": 307}
{"obj": {"type": "LogFloats", "path": ["network", "validation_loss"], "values": [{"value": 0.08846356719732285, "step": null, "ts": 1639593944.6964707}]}, "version": 308}
{"obj": {"type": "LogStrings", "path": ["monitoring", "stdout"], "values": [{"value": "Training epoch 42", "step": null, "ts": 1639593944.6974719}]}, "version": 309}
{"obj": {"type": "LogStrings", "path": ["monitoring", "stdout"], "values": [{"value": "\n", "step": null, "ts": 1639593944.6974719}]}, "version": 310}
{"obj": {"type": "LogFloats", "path": ["network", "learning_rate"], "values": [{"value": 0.2308000000000002, "step": null, "ts": 1639593944.6974719}]}, "version": 311}
{"obj": {"type": "LogFloats", "path": ["network", "train_loss"], "values": [{"value": 0.008864699862897396, "step": null, "ts": 1639593946.2678967}]}, "version": 312}
{"obj": {"type": "LogFloats", "path": ["network", "validation_mean_acc"], "values": [{"value": 0.5487916666666667, "step": null, "ts": 1639593946.5021088}]}, "version": 313}
{"obj": {"type": "LogFloats", "path": ["network", "validation_loss"], "values": [{"value": 0.08919915556907654, "step": null, "ts": 1639593946.5021088}]}, "version": 314}
{"obj": {"type": "LogStrings", "path": ["monitoring", "stdout"], "values": [{"value": "Training epoch 43", "step": null, "ts": 1639593946.5021088}]}, "version": 315}
{"obj": {"type": "LogStrings", "path": ["monitoring", "stdout"], "values": [{"value": "\n", "step": null, "ts": 1639593946.5031102}]}, "version": 316}
{"obj": {"type": "LogFloats", "path": ["network", "learning_rate"], "values": [{"value": 0.3456999999999998, "step": null, "ts": 1639593946.5031102}]}, "version": 317}
{"obj": {"type": "LogFloats", "path": ["monitoring", "cpu"], "values": [{"value": 49.2, "step": null, "ts": 1639593946.6572504}]}, "version": 318}
{"obj": {"type": "LogFloats", "path": ["monitoring", "memory"], "values": [{"value": 9.699813842773438, "step": null, "ts": 1639593946.6572504}]}, "version": 319}
{"obj": {"type": "LogFloats", "path": ["monitoring", "gpu"], "values": [{"value": 61.0, "step": null, "ts": 1639593946.6572504}]}, "version": 320}
{"obj": {"type": "LogFloats", "path": ["monitoring", "gpu_memory"], "values": [{"value": 2.559967041015625, "step": null, "ts": 1639593946.6572504}]}, "version": 321}
{"obj": {"type": "LogFloats", "path": ["network", "train_loss"], "values": [{"value": 0.008584083723170417, "step": null, "ts": 1639593948.0748405}]}, "version": 322}
{"obj": {"type": "LogFloats", "path": ["network", "validation_mean_acc"], "values": [{"value": 0.5514666666666667, "step": null, "ts": 1639593948.30605}]}, "version": 323}
{"obj": {"type": "LogFloats", "path": ["network", "validation_loss"], "values": [{"value": 0.08922597765922546, "step": null, "ts": 1639593948.30605}]}, "version": 324}
{"obj": {"type": "LogStrings", "path": ["monitoring", "stdout"], "values": [{"value": "Training epoch 44", "step": null, "ts": 1639593948.30605}]}, "version": 325}
{"obj": {"type": "LogStrings", "path": ["monitoring", "stdout"], "values": [{"value": "\n", "step": null, "ts": 1639593948.30605}]}, "version": 326}
{"obj": {"type": "LogFloats", "path": ["network", "learning_rate"], "values": [{"value": 0.4606000000000004, "step": null, "ts": 1639593948.30605}]}, "version": 327}
{"obj": {"type": "LogFloats", "path": ["network", "train_loss"], "values": [{"value": 0.008177587296813726, "step": null, "ts": 1639593949.88106}]}, "version": 328}
{"obj": {"type": "LogFloats", "path": ["network", "validation_mean_acc"], "values": [{"value": 0.5673333333333334, "step": null, "ts": 1639593950.1072657}]}, "version": 329}
{"obj": {"type": "LogFloats", "path": ["network", "validation_loss"], "values": [{"value": 0.08669101446866989, "step": null, "ts": 1639593950.1082664}]}, "version": 330}
{"obj": {"type": "LogStrings", "path": ["monitoring", "stdout"], "values": [{"value": "Training epoch 45", "step": null, "ts": 1639593950.1082664}]}, "version": 331}
{"obj": {"type": "LogStrings", "path": ["monitoring", "stdout"], "values": [{"value": "\n", "step": null, "ts": 1639593950.1082664}]}, "version": 332}
{"obj": {"type": "LogFloats", "path": ["network", "learning_rate"], "values": [{"value": 0.5755, "step": null, "ts": 1639593950.1082664}]}, "version": 333}
{"obj": {"type": "LogFloats", "path": ["network", "train_loss"], "values": [{"value": 0.007859159959480166, "step": null, "ts": 1639593951.6786914}]}, "version": 334}
{"obj": {"type": "LogFloats", "path": ["network", "validation_mean_acc"], "values": [{"value": 0.57215, "step": null, "ts": 1639593951.9068987}]}, "version": 335}
{"obj": {"type": "LogFloats", "path": ["network", "validation_loss"], "values": [{"value": 0.08635031431913376, "step": null, "ts": 1639593951.9068987}]}, "version": 336}
{"obj": {"type": "LogStrings", "path": ["monitoring", "stdout"], "values": [{"value": "Training epoch 46", "step": null, "ts": 1639593951.9078996}]}, "version": 337}
{"obj": {"type": "LogStrings", "path": ["monitoring", "stdout"], "values": [{"value": "\n", "step": null, "ts": 1639593951.9078996}]}, "version": 338}
{"obj": {"type": "LogFloats", "path": ["network", "learning_rate"], "values": [{"value": 0.6903999999999996, "step": null, "ts": 1639593951.9078996}]}, "version": 339}
{"obj": {"type": "LogFloats", "path": ["network", "train_loss"], "values": [{"value": 0.00772888313180634, "step": null, "ts": 1639593953.4793253}]}, "version": 340}
{"obj": {"type": "LogFloats", "path": ["network", "validation_mean_acc"], "values": [{"value": 0.5304666666666666, "step": null, "ts": 1639593953.717542}]}, "version": 341}
{"obj": {"type": "LogFloats", "path": ["network", "validation_loss"], "values": [{"value": 0.09309298545122147, "step": null, "ts": 1639593953.717542}]}, "version": 342}
{"obj": {"type": "LogStrings", "path": ["monitoring", "stdout"], "values": [{"value": "Training epoch 47", "step": null, "ts": 1639593953.717542}]}, "version": 343}
{"obj": {"type": "LogStrings", "path": ["monitoring", "stdout"], "values": [{"value": "\n", "step": null, "ts": 1639593953.717542}]}, "version": 344}
{"obj": {"type": "LogFloats", "path": ["network", "learning_rate"], "values": [{"value": 0.8053000000000002, "step": null, "ts": 1639593953.717542}]}, "version": 345}
{"obj": {"type": "LogFloats", "path": ["network", "train_loss"], "values": [{"value": 0.008362018769340855, "step": null, "ts": 1639593955.2867765}]}, "version": 346}
{"obj": {"type": "LogFloats", "path": ["network", "validation_mean_acc"], "values": [{"value": 0.5333, "step": null, "ts": 1639593955.5119812}]}, "version": 347}
{"obj": {"type": "LogFloats", "path": ["network", "validation_loss"], "values": [{"value": 0.09346942603588104, "step": null, "ts": 1639593955.5119812}]}, "version": 348}
{"obj": {"type": "LogStrings", "path": ["monitoring", "stdout"], "values": [{"value": "Training epoch 48", "step": null, "ts": 1639593955.5119812}]}, "version": 349}
{"obj": {"type": "LogStrings", "path": ["monitoring", "stdout"], "values": [{"value": "\n", "step": null, "ts": 1639593955.5129814}]}, "version": 350}
{"obj": {"type": "LogFloats", "path": ["network", "learning_rate"], "values": [{"value": 0.9201999999999998, "step": null, "ts": 1639593955.5129814}]}, "version": 351}
{"obj": {"type": "LogFloats", "path": ["monitoring", "cpu"], "values": [{"value": 49.3, "step": null, "ts": 1639593956.6625834}]}, "version": 352}
{"obj": {"type": "LogFloats", "path": ["monitoring", "memory"], "values": [{"value": 9.695327758789062, "step": null, "ts": 1639593956.6625834}]}, "version": 353}
{"obj": {"type": "LogFloats", "path": ["monitoring", "gpu"], "values": [{"value": 92.0, "step": null, "ts": 1639593956.6625834}]}, "version": 354}
{"obj": {"type": "LogFloats", "path": ["monitoring", "gpu_memory"], "values": [{"value": 2.559967041015625, "step": null, "ts": 1639593956.6625834}]}, "version": 355}
{"obj": {"type": "LogFloats", "path": ["network", "train_loss"], "values": [{"value": 0.009190323429980449, "step": null, "ts": 1639593957.0827355}]}, "version": 356}
{"obj": {"type": "LogFloats", "path": ["network", "validation_mean_acc"], "values": [{"value": 0.508475, "step": null, "ts": 1639593957.3169477}]}, "version": 357}
{"obj": {"type": "LogFloats", "path": ["network", "validation_loss"], "values": [{"value": 0.09710082411766052, "step": null, "ts": 1639593957.3169477}]}, "version": 358}
{"obj": {"type": "LogStrings", "path": ["monitoring", "stdout"], "values": [{"value": "Training epoch 49", "step": null, "ts": 1639593957.3179495}]}, "version": 359}
{"obj": {"type": "LogStrings", "path": ["monitoring", "stdout"], "values": [{"value": "\n", "step": null, "ts": 1639593957.3179495}]}, "version": 360}
{"obj": {"type": "LogFloats", "path": ["network", "learning_rate"], "values": [{"value": 1.0351000000000004, "step": null, "ts": 1639593957.3179495}]}, "version": 361}
{"obj": {"type": "LogFloats", "path": ["network", "train_loss"], "values": [{"value": 0.012402977727885758, "step": null, "ts": 1639593958.90661}]}, "version": 362}
{"obj": {"type": "LogFloats", "path": ["network", "validation_mean_acc"], "values": [{"value": 0.5563833333333333, "step": null, "ts": 1639593959.1353517}]}, "version": 363}
{"obj": {"type": "LogFloats", "path": ["network", "validation_loss"], "values": [{"value": 0.08761540800333023, "step": null, "ts": 1639593959.1353517}]}, "version": 364}
{"obj": {"type": "LogStrings", "path": ["monitoring", "stdout"], "values": [{"value": "Training epoch 50", "step": null, "ts": 1639593959.1353517}]}, "version": 365}
{"obj": {"type": "LogStrings", "path": ["monitoring", "stdout"], "values": [{"value": "\n", "step": null, "ts": 1639593959.1363516}]}, "version": 366}
{"obj": {"type": "LogFloats", "path": ["network", "learning_rate"], "values": [{"value": 1.15, "step": null, "ts": 1639593959.1363516}]}, "version": 367}
{"obj": {"type": "LogFloats", "path": ["network", "train_loss"], "values": [{"value": 0.010719225409307651, "step": null, "ts": 1639593960.712753}]}, "version": 368}
{"obj": {"type": "LogFloats", "path": ["network", "validation_mean_acc"], "values": [{"value": 0.5105583333333333, "step": null, "ts": 1639593960.9439642}]}, "version": 369}
{"obj": {"type": "LogFloats", "path": ["network", "validation_loss"], "values": [{"value": 0.09683395177125931, "step": null, "ts": 1639593960.9449651}]}, "version": 370}
{"obj": {"type": "LogStrings", "path": ["monitoring", "stdout"], "values": [{"value": "Training epoch 51", "step": null, "ts": 1639593960.9449651}]}, "version": 371}
{"obj": {"type": "LogStrings", "path": ["monitoring", "stdout"], "values": [{"value": "\n", "step": null, "ts": 1639593960.9449651}]}, "version": 372}
{"obj": {"type": "LogFloats", "path": ["network", "learning_rate"], "values": [{"value": 1.0351000000000004, "step": null, "ts": 1639593960.9449651}]}, "version": 373}
{"obj": {"type": "LogFloats", "path": ["network", "train_loss"], "values": [{"value": 0.009608013888022729, "step": null, "ts": 1639593962.5206456}]}, "version": 374}
{"obj": {"type": "LogFloats", "path": ["network", "validation_mean_acc"], "values": [{"value": 0.5181583333333334, "step": null, "ts": 1639593962.7478528}]}, "version": 375}
{"obj": {"type": "LogFloats", "path": ["network", "validation_loss"], "values": [{"value": 0.09491913765668869, "step": null, "ts": 1639593962.7478528}]}, "version": 376}
{"obj": {"type": "LogStrings", "path": ["monitoring", "stdout"], "values": [{"value": "Training epoch 52", "step": null, "ts": 1639593962.7478528}]}, "version": 377}
{"obj": {"type": "LogStrings", "path": ["monitoring", "stdout"], "values": [{"value": "\n", "step": null, "ts": 1639593962.7478528}]}, "version": 378}
{"obj": {"type": "LogFloats", "path": ["network", "learning_rate"], "values": [{"value": 0.9201999999999998, "step": null, "ts": 1639593962.7478528}]}, "version": 379}
{"obj": {"type": "LogFloats", "path": ["network", "train_loss"], "values": [{"value": 0.008802209249032395, "step": null, "ts": 1639593964.323282}]}, "version": 380}
{"obj": {"type": "LogFloats", "path": ["network", "validation_mean_acc"], "values": [{"value": 0.5165166666666666, "step": null, "ts": 1639593964.553491}]}, "version": 381}
{"obj": {"type": "LogFloats", "path": ["network", "validation_loss"], "values": [{"value": 0.09728749841451645, "step": null, "ts": 1639593964.553491}]}, "version": 382}
{"obj": {"type": "LogStrings", "path": ["monitoring", "stdout"], "values": [{"value": "Training epoch 53", "step": null, "ts": 1639593964.553491}]}, "version": 383}
{"obj": {"type": "LogStrings", "path": ["monitoring", "stdout"], "values": [{"value": "\n", "step": null, "ts": 1639593964.553491}]}, "version": 384}
{"obj": {"type": "LogFloats", "path": ["network", "learning_rate"], "values": [{"value": 0.8053000000000002, "step": null, "ts": 1639593964.553491}]}, "version": 385}
{"obj": {"type": "LogFloats", "path": ["network", "train_loss"], "values": [{"value": 0.007557107867406947, "step": null, "ts": 1639593966.1239157}]}, "version": 386}
{"obj": {"type": "LogFloats", "path": ["network", "validation_mean_acc"], "values": [{"value": 0.5464666666666667, "step": null, "ts": 1639593966.3471184}]}, "version": 387}
{"obj": {"type": "LogFloats", "path": ["network", "validation_loss"], "values": [{"value": 0.09083490073680878, "step": null, "ts": 1639593966.3471184}]}, "version": 388}
{"obj": {"type": "LogStrings", "path": ["monitoring", "stdout"], "values": [{"value": "Training epoch 54", "step": null, "ts": 1639593966.3471184}]}, "version": 389}
{"obj": {"type": "LogStrings", "path": ["monitoring", "stdout"], "values": [{"value": "\n", "step": null, "ts": 1639593966.3481193}]}, "version": 390}
{"obj": {"type": "LogFloats", "path": ["network", "learning_rate"], "values": [{"value": 0.6903999999999996, "step": null, "ts": 1639593966.3481193}]}, "version": 391}
{"obj": {"type": "LogFloats", "path": ["monitoring", "cpu"], "values": [{"value": 49.1, "step": null, "ts": 1639593966.6724136}]}, "version": 392}
{"obj": {"type": "LogFloats", "path": ["monitoring", "memory"], "values": [{"value": 9.677154541015625, "step": null, "ts": 1639593966.6724136}]}, "version": 393}
{"obj": {"type": "LogFloats", "path": ["monitoring", "gpu"], "values": [{"value": 71.0, "step": null, "ts": 1639593966.6724136}]}, "version": 394}
{"obj": {"type": "LogFloats", "path": ["monitoring", "gpu_memory"], "values": [{"value": 2.559967041015625, "step": null, "ts": 1639593966.6724136}]}, "version": 395}
{"obj": {"type": "LogFloats", "path": ["network", "train_loss"], "values": [{"value": 0.007018527016043663, "step": null, "ts": 1639593967.9303732}]}, "version": 396}
{"obj": {"type": "LogFloats", "path": ["network", "validation_mean_acc"], "values": [{"value": 0.559975, "step": null, "ts": 1639593968.1652875}]}, "version": 397}
{"obj": {"type": "LogFloats", "path": ["network", "validation_loss"], "values": [{"value": 0.08860312402248383, "step": null, "ts": 1639593968.1652875}]}, "version": 398}
{"obj": {"type": "LogStrings", "path": ["monitoring", "stdout"], "values": [{"value": "Training epoch 55", "step": null, "ts": 1639593968.1652875}]}, "version": 399}
{"obj": {"type": "LogStrings", "path": ["monitoring", "stdout"], "values": [{"value": "\n", "step": null, "ts": 1639593968.1652875}]}, "version": 400}
{"obj": {"type": "LogFloats", "path": ["network", "learning_rate"], "values": [{"value": 0.5755, "step": null, "ts": 1639593968.1652875}]}, "version": 401}
{"obj": {"type": "LogFloats", "path": ["network", "train_loss"], "values": [{"value": 0.006510210522849645, "step": null, "ts": 1639593969.7412276}]}, "version": 402}
{"obj": {"type": "LogFloats", "path": ["network", "validation_mean_acc"], "values": [{"value": 0.5353583333333334, "step": null, "ts": 1639593969.9685094}]}, "version": 403}
{"obj": {"type": "LogFloats", "path": ["network", "validation_loss"], "values": [{"value": 0.09282422810792923, "step": null, "ts": 1639593969.9695103}]}, "version": 404}
{"obj": {"type": "LogStrings", "path": ["monitoring", "stdout"], "values": [{"value": "Training epoch 56", "step": null, "ts": 1639593969.9695103}]}, "version": 405}
{"obj": {"type": "LogStrings", "path": ["monitoring", "stdout"], "values": [{"value": "\n", "step": null, "ts": 1639593969.9695103}]}, "version": 406}
{"obj": {"type": "LogFloats", "path": ["network", "learning_rate"], "values": [{"value": 0.4606000000000004, "step": null, "ts": 1639593969.9695103}]}, "version": 407}
{"obj": {"type": "LogFloats", "path": ["network", "train_loss"], "values": [{"value": 0.0060939726951931205, "step": null, "ts": 1639593971.544439}]}, "version": 408}
{"obj": {"type": "LogFloats", "path": ["network", "validation_mean_acc"], "values": [{"value": 0.5619583333333333, "step": null, "ts": 1639593971.775649}]}, "version": 409}
{"obj": {"type": "LogFloats", "path": ["network", "validation_loss"], "values": [{"value": 0.08848613500595093, "step": null, "ts": 1639593971.77665}]}, "version": 410}
{"obj": {"type": "LogStrings", "path": ["monitoring", "stdout"], "values": [{"value": "Training epoch 57", "step": null, "ts": 1639593971.77665}]}, "version": 411}
{"obj": {"type": "LogStrings", "path": ["monitoring", "stdout"], "values": [{"value": "\n", "step": null, "ts": 1639593971.77665}]}, "version": 412}
{"obj": {"type": "LogFloats", "path": ["network", "learning_rate"], "values": [{"value": 0.3456999999999998, "step": null, "ts": 1639593971.77665}]}, "version": 413}
{"obj": {"type": "LogFloats", "path": ["network", "train_loss"], "values": [{"value": 0.005908745141433818, "step": null, "ts": 1639593973.3491597}]}, "version": 414}
{"obj": {"type": "LogFloats", "path": ["network", "validation_mean_acc"], "values": [{"value": 0.5444333333333333, "step": null, "ts": 1639593973.58137}]}, "version": 415}
{"obj": {"type": "LogFloats", "path": ["network", "validation_loss"], "values": [{"value": 0.09142984449863434, "step": null, "ts": 1639593973.58137}]}, "version": 416}
{"obj": {"type": "LogStrings", "path": ["monitoring", "stdout"], "values": [{"value": "Training epoch 58", "step": null, "ts": 1639593973.5823712}]}, "version": 417}
{"obj": {"type": "LogStrings", "path": ["monitoring", "stdout"], "values": [{"value": "\n", "step": null, "ts": 1639593973.5823712}]}, "version": 418}
{"obj": {"type": "LogFloats", "path": ["network", "learning_rate"], "values": [{"value": 0.2308000000000002, "step": null, "ts": 1639593973.5823712}]}, "version": 419}
{"obj": {"type": "LogFloats", "path": ["network", "train_loss"], "values": [{"value": 0.005749047467751163, "step": null, "ts": 1639593975.157262}]}, "version": 420}
{"obj": {"type": "LogFloats", "path": ["network", "validation_mean_acc"], "values": [{"value": 0.5602666666666667, "step": null, "ts": 1639593975.392416}]}, "version": 421}
{"obj": {"type": "LogFloats", "path": ["network", "validation_loss"], "values": [{"value": 0.08944495022296906, "step": null, "ts": 1639593975.392416}]}, "version": 422}
{"obj": {"type": "LogStrings", "path": ["monitoring", "stdout"], "values": [{"value": "Training epoch 59", "step": null, "ts": 1639593975.392416}]}, "version": 423}
{"obj": {"type": "LogStrings", "path": ["monitoring", "stdout"], "values": [{"value": "\n", "step": null, "ts": 1639593975.392416}]}, "version": 424}
{"obj": {"type": "LogFloats", "path": ["network", "learning_rate"], "values": [{"value": 0.1158999999999996, "step": null, "ts": 1639593975.392416}]}, "version": 425}
{"obj": {"type": "LogFloats", "path": ["monitoring", "cpu"], "values": [{"value": 49.4, "step": null, "ts": 1639593976.6842546}]}, "version": 426}
{"obj": {"type": "LogFloats", "path": ["monitoring", "memory"], "values": [{"value": 9.686347961425781, "step": null, "ts": 1639593976.6842546}]}, "version": 427}
{"obj": {"type": "LogFloats", "path": ["monitoring", "gpu"], "values": [{"value": 72.0, "step": null, "ts": 1639593976.6842546}]}, "version": 428}
{"obj": {"type": "LogFloats", "path": ["monitoring", "gpu_memory"], "values": [{"value": 2.559967041015625, "step": null, "ts": 1639593976.6842546}]}, "version": 429}
{"obj": {"type": "LogFloats", "path": ["network", "train_loss"], "values": [{"value": 0.005595850791516048, "step": null, "ts": 1639593976.9759586}]}, "version": 430}
{"obj": {"type": "LogFloats", "path": ["network", "validation_mean_acc"], "values": [{"value": 0.5647, "step": null, "ts": 1639593977.2114258}]}, "version": 431}
{"obj": {"type": "LogFloats", "path": ["network", "validation_loss"], "values": [{"value": 0.0885813757777214, "step": null, "ts": 1639593977.212427}]}, "version": 432}
{"obj": {"type": "LogStrings", "path": ["monitoring", "stdout"], "values": [{"value": "Training epoch 60", "step": null, "ts": 1639593977.212427}]}, "version": 433}
{"obj": {"type": "LogStrings", "path": ["monitoring", "stdout"], "values": [{"value": "\n", "step": null, "ts": 1639593977.212427}]}, "version": 434}
{"obj": {"type": "LogFloats", "path": ["network", "learning_rate"], "values": [{"value": 0.001, "step": null, "ts": 1639593977.212427}]}, "version": 435}
{"obj": {"type": "LogFloats", "path": ["network", "train_loss"], "values": [{"value": 0.005493908189237118, "step": null, "ts": 1639593978.7932506}]}, "version": 436}
{"obj": {"type": "LogFloats", "path": ["network", "validation_mean_acc"], "values": [{"value": 0.564675, "step": null, "ts": 1639593979.0294647}]}, "version": 437}
{"obj": {"type": "LogFloats", "path": ["network", "validation_loss"], "values": [{"value": 0.08858860284090042, "step": null, "ts": 1639593979.0294647}]}, "version": 438}
{"obj": {"type": "UploadFile", "path": ["network", "network_weights"], "ext": "pt", "file_path": "C:\\Users\\Marc\\Desktop\\Billeder\\params\\final\\network.pt"}, "version": 439}
{"obj": {"type": "LogStrings", "path": ["monitoring", "stdout"], "values": [{"value": "test count:", "step": null, "ts": 1639593979.259674}]}, "version": 440}
{"obj": {"type": "LogStrings", "path": ["monitoring", "stdout"], "values": [{"value": " ", "step": null, "ts": 1639593979.259674}]}, "version": 441}
{"obj": {"type": "LogStrings", "path": ["monitoring", "stdout"], "values": [{"value": "1", "step": null, "ts": 1639593979.259674}]}, "version": 442}
{"obj": {"type": "LogStrings", "path": ["monitoring", "stdout"], "values": [{"value": "\n", "step": null, "ts": 1639593979.2606747}]}, "version": 443}
{"obj": {"type": "LogStrings", "path": ["monitoring", "stdout"], "values": [{"value": "test count:", "step": null, "ts": 1639593979.381785}]}, "version": 444}
{"obj": {"type": "LogStrings", "path": ["monitoring", "stdout"], "values": [{"value": " ", "step": null, "ts": 1639593979.381785}]}, "version": 445}
{"obj": {"type": "LogStrings", "path": ["monitoring", "stdout"], "values": [{"value": "2", "step": null, "ts": 1639593979.381785}]}, "version": 446}
{"obj": {"type": "LogStrings", "path": ["monitoring", "stdout"], "values": [{"value": "\n", "step": null, "ts": 1639593979.381785}]}, "version": 447}
{"obj": {"type": "LogStrings", "path": ["monitoring", "stdout"], "values": [{"value": "0.6090375", "step": null, "ts": 1639593979.4598553}]}, "version": 448}
{"obj": {"type": "LogStrings", "path": ["monitoring", "stdout"], "values": [{"value": "\n", "step": null, "ts": 1639593979.4598553}]}, "version": 449}
{"obj": {"type": "LogFloats", "path": ["network", "test_accuracy_per_pic"], "values": [{"value": 0.5443, "step": null, "ts": 1639593979.4598553}, {"value": 0.673775, "step": null, "ts": 1639593979.4598553}]}, "version": 450}
{"obj": {"type": "LogFloats", "path": ["network", "mean_test_accuracy"], "values": [{"value": 0.6090375, "step": null, "ts": 1639593979.4598553}]}, "version": 451}
