{"obj": {"type": "AssignString", "path": ["sys", "name"], "value": "Untitled"}, "version": 1}
{"obj": {"type": "AssignString", "path": ["sys", "description"], "value": ""}, "version": 2}
{"obj": {"type": "AssignString", "path": ["sys", "hostname"], "value": "DESKTOP-SDMAFDQ"}, "version": 3}
{"obj": {"type": "AssignBool", "path": ["sys", "failed"], "value": false}, "version": 4}
{"obj": {"type": "ClearStringLog", "path": ["monitoring", "stdout"]}, "version": 5}
{"obj": {"type": "ClearStringLog", "path": ["monitoring", "stderr"]}, "version": 6}
{"obj": {"type": "AssignString", "path": ["source_code", "entrypoint"], "value": "trainer.py"}, "version": 7}
{"obj": {"type": "UploadFileSet", "path": ["source_code", "files"], "file_globs": ["C:\\Users\\Marc\\Documents\\GitHub\\Deep_final\\trainer.py"], "reset": "False"}, "version": 8}
{"obj": {"type": "ConfigFloatSeries", "path": ["monitoring", "cpu"], "min": 0.0, "max": 100.0, "unit": "%"}, "version": 9}
{"obj": {"type": "ClearFloatLog", "path": ["monitoring", "cpu"]}, "version": 10}
{"obj": {"type": "ConfigFloatSeries", "path": ["monitoring", "memory"], "min": 0.0, "max": 15.387199401855469, "unit": "GB"}, "version": 11}
{"obj": {"type": "ClearFloatLog", "path": ["monitoring", "memory"]}, "version": 12}
{"obj": {"type": "ConfigFloatSeries", "path": ["monitoring", "gpu"], "min": 0.0, "max": 100.0, "unit": "%"}, "version": 13}
{"obj": {"type": "ClearFloatLog", "path": ["monitoring", "gpu"]}, "version": 14}
{"obj": {"type": "ConfigFloatSeries", "path": ["monitoring", "gpu_memory"], "min": 0.0, "max": 4.0, "unit": "GB"}, "version": 15}
{"obj": {"type": "ClearFloatLog", "path": ["monitoring", "gpu_memory"]}, "version": 16}
{"obj": {"type": "LogFloats", "path": ["monitoring", "cpu"], "values": [{"value": 8.4, "step": null, "ts": 1639303248.8538873}]}, "version": 17}
{"obj": {"type": "LogFloats", "path": ["monitoring", "memory"], "values": [{"value": 8.186290740966797, "step": null, "ts": 1639303248.8538873}]}, "version": 18}
{"obj": {"type": "LogFloats", "path": ["monitoring", "gpu_memory"], "values": [{"value": 0.051025390625, "step": null, "ts": 1639303248.8538873}]}, "version": 19}
{"obj": {"type": "AssignFloat", "path": ["network", "parameters", "momentum"], "value": 0.9}, "version": 20}
{"obj": {"type": "AssignString", "path": ["network", "parameters", "optimizer"], "value": "Adam"}, "version": 21}
{"obj": {"type": "AssignString", "path": ["network", "parameters", "loss_function"], "value": "MSEloss"}, "version": 22}
{"obj": {"type": "AssignString", "path": ["network", "parameters", "model"], "value": "GTA_Unet"}, "version": 23}
{"obj": {"type": "AssignString", "path": ["network", "parameters", "scheduler"], "value": "CyclicLR"}, "version": 24}
{"obj": {"type": "LogStrings", "path": ["monitoring", "stdout"], "values": [{"value": "Training epoch 0", "step": null, "ts": 1639303249.074087}]}, "version": 25}
{"obj": {"type": "LogStrings", "path": ["monitoring", "stdout"], "values": [{"value": "\n", "step": null, "ts": 1639303249.0750878}]}, "version": 26}
{"obj": {"type": "LogFloats", "path": ["network2", "learning_rate"], "values": [{"value": 0.01, "step": null, "ts": 1639303249.0750878}]}, "version": 27}
{"obj": {"type": "LogFloats", "path": ["network2", "train_loss"], "values": [{"value": 0.08194338083267212, "step": null, "ts": 1639303251.9367924}]}, "version": 28}
{"obj": {"type": "LogFloats", "path": ["network2", "validation_loss"], "values": [{"value": 0.07894985377788544, "step": null, "ts": 1639303252.0428886}]}, "version": 29}
{"obj": {"type": "LogStrings", "path": ["monitoring", "stdout"], "values": [{"value": "Training epoch 1", "step": null, "ts": 1639303252.0428886}]}, "version": 30}
{"obj": {"type": "LogStrings", "path": ["monitoring", "stdout"], "values": [{"value": "\n", "step": null, "ts": 1639303252.0428886}]}, "version": 31}
{"obj": {"type": "LogFloats", "path": ["network2", "learning_rate"], "values": [{"value": 0.01900000000000001, "step": null, "ts": 1639303252.0428886}]}, "version": 32}
{"obj": {"type": "LogFloats", "path": ["network2", "train_loss"], "values": [{"value": 0.06774641573429108, "step": null, "ts": 1639303253.2303479}]}, "version": 33}
{"obj": {"type": "LogFloats", "path": ["network2", "validation_loss"], "values": [{"value": 0.06457532942295074, "step": null, "ts": 1639303253.3364449}]}, "version": 34}
{"obj": {"type": "LogStrings", "path": ["monitoring", "stdout"], "values": [{"value": "Training epoch 2", "step": null, "ts": 1639303253.3364449}]}, "version": 35}
{"obj": {"type": "LogStrings", "path": ["monitoring", "stdout"], "values": [{"value": "\n", "step": null, "ts": 1639303253.3364449}]}, "version": 36}
{"obj": {"type": "LogFloats", "path": ["network2", "learning_rate"], "values": [{"value": 0.028000000000000018, "step": null, "ts": 1639303253.3364449}]}, "version": 37}
{"obj": {"type": "LogFloats", "path": ["network2", "train_loss"], "values": [{"value": 0.057806473970413205, "step": null, "ts": 1639303254.5195177}]}, "version": 38}
{"obj": {"type": "LogFloats", "path": ["network2", "validation_loss"], "values": [{"value": 0.061414338648319244, "step": null, "ts": 1639303254.628617}]}, "version": 39}
{"obj": {"type": "LogStrings", "path": ["monitoring", "stdout"], "values": [{"value": "Training epoch 3", "step": null, "ts": 1639303254.628617}]}, "version": 40}
{"obj": {"type": "LogStrings", "path": ["monitoring", "stdout"], "values": [{"value": "\n", "step": null, "ts": 1639303254.628617}]}, "version": 41}
{"obj": {"type": "LogFloats", "path": ["network2", "learning_rate"], "values": [{"value": 0.036999999999999984, "step": null, "ts": 1639303254.628617}]}, "version": 42}
{"obj": {"type": "LogFloats", "path": ["network2", "train_loss"], "values": [{"value": 0.05532628446817398, "step": null, "ts": 1639303255.8206983}]}, "version": 43}
{"obj": {"type": "LogFloats", "path": ["network2", "validation_loss"], "values": [{"value": 0.07502279430627823, "step": null, "ts": 1639303255.9287965}]}, "version": 44}
{"obj": {"type": "LogStrings", "path": ["monitoring", "stdout"], "values": [{"value": "Training epoch 4", "step": null, "ts": 1639303255.9297974}]}, "version": 45}
{"obj": {"type": "LogStrings", "path": ["monitoring", "stdout"], "values": [{"value": "\n", "step": null, "ts": 1639303255.9297974}]}, "version": 46}
{"obj": {"type": "LogFloats", "path": ["network2", "learning_rate"], "values": [{"value": 0.046, "step": null, "ts": 1639303255.9297974}]}, "version": 47}
{"obj": {"type": "LogFloats", "path": ["network2", "train_loss"], "values": [{"value": 0.05566210523247719, "step": null, "ts": 1639303257.1078668}]}, "version": 48}
{"obj": {"type": "LogFloats", "path": ["network2", "validation_loss"], "values": [{"value": 0.07742714136838913, "step": null, "ts": 1639303257.2139628}]}, "version": 49}
{"obj": {"type": "LogStrings", "path": ["monitoring", "stdout"], "values": [{"value": "Training epoch 5", "step": null, "ts": 1639303257.2149637}]}, "version": 50}
{"obj": {"type": "LogStrings", "path": ["monitoring", "stdout"], "values": [{"value": "\n", "step": null, "ts": 1639303257.2149637}]}, "version": 51}
{"obj": {"type": "LogFloats", "path": ["network2", "learning_rate"], "values": [{"value": 0.05500000000000001, "step": null, "ts": 1639303257.2149637}]}, "version": 52}
{"obj": {"type": "LogFloats", "path": ["network2", "train_loss"], "values": [{"value": 0.056629350781440733, "step": null, "ts": 1639303258.4050446}]}, "version": 53}
{"obj": {"type": "LogFloats", "path": ["network2", "validation_loss"], "values": [{"value": 0.0623638890683651, "step": null, "ts": 1639303258.5151434}]}, "version": 54}
{"obj": {"type": "LogStrings", "path": ["monitoring", "stdout"], "values": [{"value": "Training epoch 6", "step": null, "ts": 1639303258.5151434}]}, "version": 55}
{"obj": {"type": "LogStrings", "path": ["monitoring", "stdout"], "values": [{"value": "\n", "step": null, "ts": 1639303258.5161443}]}, "version": 56}
{"obj": {"type": "LogFloats", "path": ["network2", "learning_rate"], "values": [{"value": 0.06400000000000002, "step": null, "ts": 1639303258.5161443}]}, "version": 57}
{"obj": {"type": "LogFloats", "path": ["monitoring", "cpu"], "values": [{"value": 41.3, "step": null, "ts": 1639303258.8684642}]}, "version": 58}
{"obj": {"type": "LogFloats", "path": ["monitoring", "memory"], "values": [{"value": 9.809589385986328, "step": null, "ts": 1639303258.8684642}]}, "version": 59}
{"obj": {"type": "LogFloats", "path": ["monitoring", "gpu"], "values": [{"value": 75.0, "step": null, "ts": 1639303258.8684642}]}, "version": 60}
{"obj": {"type": "LogFloats", "path": ["monitoring", "gpu_memory"], "values": [{"value": 2.677154541015625, "step": null, "ts": 1639303258.8684642}]}, "version": 61}
{"obj": {"type": "LogFloats", "path": ["network2", "train_loss"], "values": [{"value": 0.05026532933115959, "step": null, "ts": 1639303259.6972213}]}, "version": 62}
{"obj": {"type": "LogFloats", "path": ["network2", "validation_loss"], "values": [{"value": 0.07531703263521194, "step": null, "ts": 1639303259.8043187}]}, "version": 63}
{"obj": {"type": "LogStrings", "path": ["monitoring", "stdout"], "values": [{"value": "Training epoch 7", "step": null, "ts": 1639303259.8043187}]}, "version": 64}
{"obj": {"type": "LogStrings", "path": ["monitoring", "stdout"], "values": [{"value": "\n", "step": null, "ts": 1639303259.8043187}]}, "version": 65}
{"obj": {"type": "LogFloats", "path": ["network2", "learning_rate"], "values": [{"value": 0.07300000000000002, "step": null, "ts": 1639303259.8043187}]}, "version": 66}
{"obj": {"type": "LogFloats", "path": ["network2", "train_loss"], "values": [{"value": 0.048282573372125624, "step": null, "ts": 1639303260.9828095}]}, "version": 67}
{"obj": {"type": "LogFloats", "path": ["network2", "validation_loss"], "values": [{"value": 0.07082941383123398, "step": null, "ts": 1639303261.088908}]}, "version": 68}
{"obj": {"type": "LogStrings", "path": ["monitoring", "stdout"], "values": [{"value": "Training epoch 8", "step": null, "ts": 1639303261.088908}]}, "version": 69}
{"obj": {"type": "LogStrings", "path": ["monitoring", "stdout"], "values": [{"value": "\n", "step": null, "ts": 1639303261.089909}]}, "version": 70}
{"obj": {"type": "LogFloats", "path": ["network2", "learning_rate"], "values": [{"value": 0.08199999999999999, "step": null, "ts": 1639303261.089909}]}, "version": 71}
{"obj": {"type": "LogFloats", "path": ["network2", "train_loss"], "values": [{"value": 0.0410551805049181, "step": null, "ts": 1639303262.2709842}]}, "version": 72}
{"obj": {"type": "LogFloats", "path": ["network2", "validation_loss"], "values": [{"value": 0.07423775643110275, "step": null, "ts": 1639303262.3770807}]}, "version": 73}
{"obj": {"type": "LogStrings", "path": ["monitoring", "stdout"], "values": [{"value": "Training epoch 9", "step": null, "ts": 1639303262.3770807}]}, "version": 74}
{"obj": {"type": "LogStrings", "path": ["monitoring", "stdout"], "values": [{"value": "\n", "step": null, "ts": 1639303262.3770807}]}, "version": 75}
{"obj": {"type": "LogFloats", "path": ["network2", "learning_rate"], "values": [{"value": 0.091, "step": null, "ts": 1639303262.3770807}]}, "version": 76}
{"obj": {"type": "LogFloats", "path": ["network2", "train_loss"], "values": [{"value": 0.04328476823866367, "step": null, "ts": 1639303263.5554664}]}, "version": 77}
{"obj": {"type": "LogFloats", "path": ["network2", "validation_loss"], "values": [{"value": 0.07317109405994415, "step": null, "ts": 1639303263.664565}]}, "version": 78}
{"obj": {"type": "LogStrings", "path": ["monitoring", "stdout"], "values": [{"value": "Training epoch 10", "step": null, "ts": 1639303263.664565}]}, "version": 79}
{"obj": {"type": "LogStrings", "path": ["monitoring", "stdout"], "values": [{"value": "\n", "step": null, "ts": 1639303263.664565}]}, "version": 80}
{"obj": {"type": "LogFloats", "path": ["network2", "learning_rate"], "values": [{"value": 0.1, "step": null, "ts": 1639303263.664565}]}, "version": 81}
{"obj": {"type": "LogFloats", "path": ["network2", "train_loss"], "values": [{"value": 0.04618608206510544, "step": null, "ts": 1639303264.850642}]}, "version": 82}
{"obj": {"type": "LogFloats", "path": ["network2", "validation_loss"], "values": [{"value": 0.09009865671396255, "step": null, "ts": 1639303264.9587398}]}, "version": 83}
{"obj": {"type": "LogStrings", "path": ["monitoring", "stdout"], "values": [{"value": "Training epoch 11", "step": null, "ts": 1639303264.9587398}]}, "version": 84}
{"obj": {"type": "LogStrings", "path": ["monitoring", "stdout"], "values": [{"value": "\n", "step": null, "ts": 1639303264.9587398}]}, "version": 85}
{"obj": {"type": "LogFloats", "path": ["network2", "learning_rate"], "values": [{"value": 0.091, "step": null, "ts": 1639303264.9587398}]}, "version": 86}
{"obj": {"type": "LogFloats", "path": ["network2", "train_loss"], "values": [{"value": 0.04609201774001122, "step": null, "ts": 1639303266.1348076}]}, "version": 87}
{"obj": {"type": "LogFloats", "path": ["network2", "validation_loss"], "values": [{"value": 0.07191053032875061, "step": null, "ts": 1639303266.242905}]}, "version": 88}
{"obj": {"type": "LogStrings", "path": ["monitoring", "stdout"], "values": [{"value": "Training epoch 12", "step": null, "ts": 1639303266.242905}]}, "version": 89}
{"obj": {"type": "LogStrings", "path": ["monitoring", "stdout"], "values": [{"value": "\n", "step": null, "ts": 1639303266.242905}]}, "version": 90}
{"obj": {"type": "LogFloats", "path": ["network2", "learning_rate"], "values": [{"value": 0.08199999999999999, "step": null, "ts": 1639303266.242905}]}, "version": 91}
{"obj": {"type": "LogFloats", "path": ["network2", "train_loss"], "values": [{"value": 0.04127156361937523, "step": null, "ts": 1639303267.4319842}]}, "version": 92}
{"obj": {"type": "LogFloats", "path": ["network2", "validation_loss"], "values": [{"value": 0.06891763210296631, "step": null, "ts": 1639303267.5370798}]}, "version": 93}
{"obj": {"type": "LogStrings", "path": ["monitoring", "stdout"], "values": [{"value": "Training epoch 13", "step": null, "ts": 1639303267.5370798}]}, "version": 94}
{"obj": {"type": "LogStrings", "path": ["monitoring", "stdout"], "values": [{"value": "\n", "step": null, "ts": 1639303267.5370798}]}, "version": 95}
{"obj": {"type": "LogFloats", "path": ["network2", "learning_rate"], "values": [{"value": 0.07300000000000002, "step": null, "ts": 1639303267.5370798}]}, "version": 96}
{"obj": {"type": "LogFloats", "path": ["network2", "train_loss"], "values": [{"value": 0.03884866759181023, "step": null, "ts": 1639303268.7200792}]}, "version": 97}
{"obj": {"type": "LogFloats", "path": ["network2", "validation_loss"], "values": [{"value": 0.0761491134762764, "step": null, "ts": 1639303268.8271768}]}, "version": 98}
{"obj": {"type": "LogStrings", "path": ["monitoring", "stdout"], "values": [{"value": "Training epoch 14", "step": null, "ts": 1639303268.8271768}]}, "version": 99}
{"obj": {"type": "LogStrings", "path": ["monitoring", "stdout"], "values": [{"value": "\n", "step": null, "ts": 1639303268.8271768}]}, "version": 100}
{"obj": {"type": "LogFloats", "path": ["network2", "learning_rate"], "values": [{"value": 0.06400000000000002, "step": null, "ts": 1639303268.8281765}]}, "version": 101}
{"obj": {"type": "LogFloats", "path": ["monitoring", "cpu"], "values": [{"value": 49.5, "step": null, "ts": 1639303268.8832262}]}, "version": 102}
{"obj": {"type": "LogFloats", "path": ["monitoring", "memory"], "values": [{"value": 9.716598510742188, "step": null, "ts": 1639303268.8832262}]}, "version": 103}
{"obj": {"type": "LogFloats", "path": ["monitoring", "gpu"], "values": [{"value": 99.0, "step": null, "ts": 1639303268.8832262}]}, "version": 104}
{"obj": {"type": "LogFloats", "path": ["monitoring", "gpu_memory"], "values": [{"value": 2.677154541015625, "step": null, "ts": 1639303268.8832262}]}, "version": 105}
{"obj": {"type": "LogFloats", "path": ["network2", "train_loss"], "values": [{"value": 0.03658769130706787, "step": null, "ts": 1639303270.0116863}]}, "version": 106}
{"obj": {"type": "LogFloats", "path": ["network2", "validation_loss"], "values": [{"value": 0.08340409398078918, "step": null, "ts": 1639303270.1197853}]}, "version": 107}
{"obj": {"type": "LogStrings", "path": ["monitoring", "stdout"], "values": [{"value": "Training epoch 15", "step": null, "ts": 1639303270.1197853}]}, "version": 108}
{"obj": {"type": "LogStrings", "path": ["monitoring", "stdout"], "values": [{"value": "\n", "step": null, "ts": 1639303270.120786}]}, "version": 109}
{"obj": {"type": "LogFloats", "path": ["network2", "learning_rate"], "values": [{"value": 0.05500000000000001, "step": null, "ts": 1639303270.120786}]}, "version": 110}
{"obj": {"type": "LogFloats", "path": ["network2", "train_loss"], "values": [{"value": 0.0347834475338459, "step": null, "ts": 1639303271.3012524}]}, "version": 111}
{"obj": {"type": "LogFloats", "path": ["network2", "validation_loss"], "values": [{"value": 0.0853404626250267, "step": null, "ts": 1639303271.4073482}]}, "version": 112}
{"obj": {"type": "LogStrings", "path": ["monitoring", "stdout"], "values": [{"value": "Training epoch 16", "step": null, "ts": 1639303271.4073482}]}, "version": 113}
{"obj": {"type": "LogStrings", "path": ["monitoring", "stdout"], "values": [{"value": "\n", "step": null, "ts": 1639303271.4073482}]}, "version": 114}
{"obj": {"type": "LogFloats", "path": ["network2", "learning_rate"], "values": [{"value": 0.046, "step": null, "ts": 1639303271.4073482}]}, "version": 115}
{"obj": {"type": "LogFloats", "path": ["network2", "train_loss"], "values": [{"value": 0.03323352355509997, "step": null, "ts": 1639303272.592426}]}, "version": 116}
{"obj": {"type": "LogFloats", "path": ["network2", "validation_loss"], "values": [{"value": 0.07231723517179489, "step": null, "ts": 1639303272.7045274}]}, "version": 117}
{"obj": {"type": "LogStrings", "path": ["monitoring", "stdout"], "values": [{"value": "Training epoch 17", "step": null, "ts": 1639303272.7045274}]}, "version": 118}
{"obj": {"type": "LogStrings", "path": ["monitoring", "stdout"], "values": [{"value": "\n", "step": null, "ts": 1639303272.7045274}]}, "version": 119}
{"obj": {"type": "LogFloats", "path": ["network2", "learning_rate"], "values": [{"value": 0.036999999999999984, "step": null, "ts": 1639303272.7045274}]}, "version": 120}
{"obj": {"type": "LogFloats", "path": ["network2", "train_loss"], "values": [{"value": 0.03198806010186672, "step": null, "ts": 1639303273.8886023}]}, "version": 121}
{"obj": {"type": "LogFloats", "path": ["network2", "validation_loss"], "values": [{"value": 0.07262951135635376, "step": null, "ts": 1639303273.9956992}]}, "version": 122}
{"obj": {"type": "LogStrings", "path": ["monitoring", "stdout"], "values": [{"value": "Training epoch 18", "step": null, "ts": 1639303273.9956992}]}, "version": 123}
{"obj": {"type": "LogStrings", "path": ["monitoring", "stdout"], "values": [{"value": "\n", "step": null, "ts": 1639303273.9967}]}, "version": 124}
{"obj": {"type": "LogFloats", "path": ["network2", "learning_rate"], "values": [{"value": 0.028000000000000018, "step": null, "ts": 1639303273.9967}]}, "version": 125}
{"obj": {"type": "LogFloats", "path": ["network2", "train_loss"], "values": [{"value": 0.031585149094462396, "step": null, "ts": 1639303275.1727674}]}, "version": 126}
{"obj": {"type": "LogFloats", "path": ["network2", "validation_loss"], "values": [{"value": 0.07999740540981293, "step": null, "ts": 1639303275.277863}]}, "version": 127}
{"obj": {"type": "LogStrings", "path": ["monitoring", "stdout"], "values": [{"value": "Training epoch 19", "step": null, "ts": 1639303275.277863}]}, "version": 128}
{"obj": {"type": "LogStrings", "path": ["monitoring", "stdout"], "values": [{"value": "\n", "step": null, "ts": 1639303275.277863}]}, "version": 129}
{"obj": {"type": "LogFloats", "path": ["network2", "learning_rate"], "values": [{"value": 0.01900000000000001, "step": null, "ts": 1639303275.277863}]}, "version": 130}
{"obj": {"type": "LogFloats", "path": ["network2", "train_loss"], "values": [{"value": 0.029333996400237084, "step": null, "ts": 1639303276.4531536}]}, "version": 131}
{"obj": {"type": "LogFloats", "path": ["network2", "validation_loss"], "values": [{"value": 0.07635263353586197, "step": null, "ts": 1639303276.5592513}]}, "version": 132}
{"obj": {"type": "LogStrings", "path": ["monitoring", "stdout"], "values": [{"value": "Training epoch 20", "step": null, "ts": 1639303276.5592513}]}, "version": 133}
{"obj": {"type": "LogStrings", "path": ["monitoring", "stdout"], "values": [{"value": "\n", "step": null, "ts": 1639303276.5592513}]}, "version": 134}
{"obj": {"type": "LogFloats", "path": ["network2", "learning_rate"], "values": [{"value": 0.01, "step": null, "ts": 1639303276.5592513}]}, "version": 135}
{"obj": {"type": "LogFloats", "path": ["network2", "train_loss"], "values": [{"value": 0.028548800759017466, "step": null, "ts": 1639303277.7342517}]}, "version": 136}
{"obj": {"type": "LogFloats", "path": ["network2", "validation_loss"], "values": [{"value": 0.07594326883554459, "step": null, "ts": 1639303277.8423233}]}, "version": 137}
{"obj": {"type": "LogStrings", "path": ["monitoring", "stdout"], "values": [{"value": "Training epoch 21", "step": null, "ts": 1639303277.8423233}]}, "version": 138}
{"obj": {"type": "LogStrings", "path": ["monitoring", "stdout"], "values": [{"value": "\n", "step": null, "ts": 1639303277.8423233}]}, "version": 139}
{"obj": {"type": "LogFloats", "path": ["network2", "learning_rate"], "values": [{"value": 0.01899999999999997, "step": null, "ts": 1639303277.8423233}]}, "version": 140}
{"obj": {"type": "LogFloats", "path": ["monitoring", "cpu"], "values": [{"value": 47.6, "step": null, "ts": 1639303278.8902743}]}, "version": 141}
{"obj": {"type": "LogFloats", "path": ["monitoring", "memory"], "values": [{"value": 9.773509979248047, "step": null, "ts": 1639303278.8902743}]}, "version": 142}
{"obj": {"type": "LogFloats", "path": ["monitoring", "gpu"], "values": [{"value": 87.0, "step": null, "ts": 1639303278.8902743}]}, "version": 143}
{"obj": {"type": "LogFloats", "path": ["monitoring", "gpu_memory"], "values": [{"value": 2.677154541015625, "step": null, "ts": 1639303278.8902743}]}, "version": 144}
{"obj": {"type": "LogFloats", "path": ["network2", "train_loss"], "values": [{"value": 0.027298106998205184, "step": null, "ts": 1639303279.020393}]}, "version": 145}
{"obj": {"type": "LogFloats", "path": ["network2", "validation_loss"], "values": [{"value": 0.07575337588787079, "step": null, "ts": 1639303279.128491}]}, "version": 146}
{"obj": {"type": "LogStrings", "path": ["monitoring", "stdout"], "values": [{"value": "Training epoch 22", "step": null, "ts": 1639303279.128491}]}, "version": 147}
{"obj": {"type": "LogStrings", "path": ["monitoring", "stdout"], "values": [{"value": "\n", "step": null, "ts": 1639303279.128491}]}, "version": 148}
{"obj": {"type": "LogFloats", "path": ["network2", "learning_rate"], "values": [{"value": 0.028000000000000018, "step": null, "ts": 1639303279.128491}]}, "version": 149}
{"obj": {"type": "LogFloats", "path": ["network2", "train_loss"], "values": [{"value": 0.02923791706562042, "step": null, "ts": 1639303280.305568}]}, "version": 150}
{"obj": {"type": "LogFloats", "path": ["network2", "validation_loss"], "values": [{"value": 0.07603783905506134, "step": null, "ts": 1639303280.4116645}]}, "version": 151}
{"obj": {"type": "LogStrings", "path": ["monitoring", "stdout"], "values": [{"value": "Training epoch 23", "step": null, "ts": 1639303280.4116645}]}, "version": 152}
{"obj": {"type": "LogStrings", "path": ["monitoring", "stdout"], "values": [{"value": "\n", "step": null, "ts": 1639303280.4126651}]}, "version": 153}
{"obj": {"type": "LogFloats", "path": ["network2", "learning_rate"], "values": [{"value": 0.036999999999999984, "step": null, "ts": 1639303280.4126651}]}, "version": 154}
{"obj": {"type": "LogFloats", "path": ["network2", "train_loss"], "values": [{"value": 0.0280026750639081, "step": null, "ts": 1639303281.5917351}]}, "version": 155}
{"obj": {"type": "LogFloats", "path": ["network2", "validation_loss"], "values": [{"value": 0.07550281286239624, "step": null, "ts": 1639303281.6978319}]}, "version": 156}
{"obj": {"type": "LogStrings", "path": ["monitoring", "stdout"], "values": [{"value": "Training epoch 24", "step": null, "ts": 1639303281.6978319}]}, "version": 157}
{"obj": {"type": "LogStrings", "path": ["monitoring", "stdout"], "values": [{"value": "\n", "step": null, "ts": 1639303281.6978319}]}, "version": 158}
{"obj": {"type": "LogFloats", "path": ["network2", "learning_rate"], "values": [{"value": 0.04600000000000004, "step": null, "ts": 1639303281.6978319}]}, "version": 159}
{"obj": {"type": "LogFloats", "path": ["network2", "train_loss"], "values": [{"value": 0.029098080098629, "step": null, "ts": 1639303282.871897}]}, "version": 160}
{"obj": {"type": "LogFloats", "path": ["network2", "validation_loss"], "values": [{"value": 0.06083531305193901, "step": null, "ts": 1639303282.9789941}]}, "version": 161}
{"obj": {"type": "LogStrings", "path": ["monitoring", "stdout"], "values": [{"value": "Training epoch 25", "step": null, "ts": 1639303282.9789941}]}, "version": 162}
{"obj": {"type": "LogStrings", "path": ["monitoring", "stdout"], "values": [{"value": "\n", "step": null, "ts": 1639303282.9799967}]}, "version": 163}
{"obj": {"type": "LogFloats", "path": ["network2", "learning_rate"], "values": [{"value": 0.05500000000000001, "step": null, "ts": 1639303282.9799967}]}, "version": 164}
{"obj": {"type": "LogFloats", "path": ["network2", "train_loss"], "values": [{"value": 0.031747793033719066, "step": null, "ts": 1639303284.1540604}]}, "version": 165}
{"obj": {"type": "LogFloats", "path": ["network2", "validation_loss"], "values": [{"value": 0.06656159460544586, "step": null, "ts": 1639303284.261158}]}, "version": 166}
{"obj": {"type": "LogStrings", "path": ["monitoring", "stdout"], "values": [{"value": "Training epoch 26", "step": null, "ts": 1639303284.261158}]}, "version": 167}
{"obj": {"type": "LogStrings", "path": ["monitoring", "stdout"], "values": [{"value": "\n", "step": null, "ts": 1639303284.261158}]}, "version": 168}
{"obj": {"type": "LogFloats", "path": ["network2", "learning_rate"], "values": [{"value": 0.06399999999999997, "step": null, "ts": 1639303284.261158}]}, "version": 169}
{"obj": {"type": "LogFloats", "path": ["network2", "train_loss"], "values": [{"value": 0.03180088475346565, "step": null, "ts": 1639303285.438731}]}, "version": 170}
{"obj": {"type": "LogFloats", "path": ["network2", "validation_loss"], "values": [{"value": 0.06978782266378403, "step": null, "ts": 1639303285.546829}]}, "version": 171}
{"obj": {"type": "LogStrings", "path": ["monitoring", "stdout"], "values": [{"value": "Training epoch 27", "step": null, "ts": 1639303285.5478325}]}, "version": 172}
{"obj": {"type": "LogStrings", "path": ["monitoring", "stdout"], "values": [{"value": "\n", "step": null, "ts": 1639303285.5478325}]}, "version": 173}
{"obj": {"type": "LogFloats", "path": ["network2", "learning_rate"], "values": [{"value": 0.07300000000000002, "step": null, "ts": 1639303285.5478325}]}, "version": 174}
{"obj": {"type": "LogFloats", "path": ["network2", "train_loss"], "values": [{"value": 0.027201698534190653, "step": null, "ts": 1639303286.7295883}]}, "version": 175}
{"obj": {"type": "LogFloats", "path": ["network2", "validation_loss"], "values": [{"value": 0.06769322603940964, "step": null, "ts": 1639303286.8366854}]}, "version": 176}
{"obj": {"type": "LogStrings", "path": ["monitoring", "stdout"], "values": [{"value": "Training epoch 28", "step": null, "ts": 1639303286.8376858}]}, "version": 177}
{"obj": {"type": "LogStrings", "path": ["monitoring", "stdout"], "values": [{"value": "\n", "step": null, "ts": 1639303286.8376858}]}, "version": 178}
{"obj": {"type": "LogFloats", "path": ["network2", "learning_rate"], "values": [{"value": 0.08199999999999999, "step": null, "ts": 1639303286.8376858}]}, "version": 179}
{"obj": {"type": "LogFloats", "path": ["network2", "train_loss"], "values": [{"value": 0.026701376587152482, "step": null, "ts": 1639303288.018122}]}, "version": 180}
{"obj": {"type": "LogFloats", "path": ["network2", "validation_loss"], "values": [{"value": 0.07467136532068253, "step": null, "ts": 1639303288.125119}]}, "version": 181}
{"obj": {"type": "LogStrings", "path": ["monitoring", "stdout"], "values": [{"value": "Training epoch 29", "step": null, "ts": 1639303288.125119}]}, "version": 182}
{"obj": {"type": "LogStrings", "path": ["monitoring", "stdout"], "values": [{"value": "\n", "step": null, "ts": 1639303288.125119}]}, "version": 183}
{"obj": {"type": "LogFloats", "path": ["network2", "learning_rate"], "values": [{"value": 0.09100000000000004, "step": null, "ts": 1639303288.125119}]}, "version": 184}
{"obj": {"type": "LogFloats", "path": ["monitoring", "cpu"], "values": [{"value": 46.6, "step": null, "ts": 1639303288.8949842}]}, "version": 185}
{"obj": {"type": "LogFloats", "path": ["monitoring", "memory"], "values": [{"value": 9.72982406616211, "step": null, "ts": 1639303288.8949842}]}, "version": 186}
{"obj": {"type": "LogFloats", "path": ["monitoring", "gpu"], "values": [{"value": 75.0, "step": null, "ts": 1639303288.8949842}]}, "version": 187}
{"obj": {"type": "LogFloats", "path": ["monitoring", "gpu_memory"], "values": [{"value": 2.677154541015625, "step": null, "ts": 1639303288.8949842}]}, "version": 188}
{"obj": {"type": "LogFloats", "path": ["network2", "train_loss"], "values": [{"value": 0.031179914996027947, "step": null, "ts": 1639303289.3033547}]}, "version": 189}
{"obj": {"type": "LogFloats", "path": ["network2", "validation_loss"], "values": [{"value": 0.07385639101266861, "step": null, "ts": 1639303289.4094512}]}, "version": 190}
{"obj": {"type": "LogStrings", "path": ["monitoring", "stdout"], "values": [{"value": "Training epoch 30", "step": null, "ts": 1639303289.4094512}]}, "version": 191}
{"obj": {"type": "LogStrings", "path": ["monitoring", "stdout"], "values": [{"value": "\n", "step": null, "ts": 1639303289.4094512}]}, "version": 192}
{"obj": {"type": "LogFloats", "path": ["network2", "learning_rate"], "values": [{"value": 0.1, "step": null, "ts": 1639303289.4094512}]}, "version": 193}
{"obj": {"type": "LogFloats", "path": ["network2", "train_loss"], "values": [{"value": 0.030980907008051874, "step": null, "ts": 1639303290.5875194}]}, "version": 194}
{"obj": {"type": "LogFloats", "path": ["network2", "validation_loss"], "values": [{"value": 0.059438057243824005, "step": null, "ts": 1639303290.694617}]}, "version": 195}
{"obj": {"type": "LogStrings", "path": ["monitoring", "stdout"], "values": [{"value": "Training epoch 31", "step": null, "ts": 1639303290.694617}]}, "version": 196}
{"obj": {"type": "LogStrings", "path": ["monitoring", "stdout"], "values": [{"value": "\n", "step": null, "ts": 1639303290.694617}]}, "version": 197}
{"obj": {"type": "LogFloats", "path": ["network2", "learning_rate"], "values": [{"value": 0.09100000000000004, "step": null, "ts": 1639303290.694617}]}, "version": 198}
{"obj": {"type": "LogFloats", "path": ["network2", "train_loss"], "values": [{"value": 0.0318262692540884, "step": null, "ts": 1639303291.8796923}]}, "version": 199}
{"obj": {"type": "LogFloats", "path": ["network2", "validation_loss"], "values": [{"value": 0.05705959349870682, "step": null, "ts": 1639303291.9877908}]}, "version": 200}
{"obj": {"type": "LogStrings", "path": ["monitoring", "stdout"], "values": [{"value": "Training epoch 32", "step": null, "ts": 1639303291.9877908}]}, "version": 201}
{"obj": {"type": "LogStrings", "path": ["monitoring", "stdout"], "values": [{"value": "\n", "step": null, "ts": 1639303291.9877908}]}, "version": 202}
{"obj": {"type": "LogFloats", "path": ["network2", "learning_rate"], "values": [{"value": 0.08199999999999999, "step": null, "ts": 1639303291.9877908}]}, "version": 203}
{"obj": {"type": "LogFloats", "path": ["network2", "train_loss"], "values": [{"value": 0.02958666756749153, "step": null, "ts": 1639303293.1728666}]}, "version": 204}
{"obj": {"type": "LogFloats", "path": ["network2", "validation_loss"], "values": [{"value": 0.06300418823957443, "step": null, "ts": 1639303293.2779613}]}, "version": 205}
{"obj": {"type": "LogStrings", "path": ["monitoring", "stdout"], "values": [{"value": "Training epoch 33", "step": null, "ts": 1639303293.2789621}]}, "version": 206}
{"obj": {"type": "LogStrings", "path": ["monitoring", "stdout"], "values": [{"value": "\n", "step": null, "ts": 1639303293.2789621}]}, "version": 207}
{"obj": {"type": "LogFloats", "path": ["network2", "learning_rate"], "values": [{"value": 0.07300000000000002, "step": null, "ts": 1639303293.2789621}]}, "version": 208}
{"obj": {"type": "LogFloats", "path": ["network2", "train_loss"], "values": [{"value": 0.026421310007572175, "step": null, "ts": 1639303294.4570315}]}, "version": 209}
{"obj": {"type": "LogFloats", "path": ["network2", "validation_loss"], "values": [{"value": 0.0661105215549469, "step": null, "ts": 1639303294.5641282}]}, "version": 210}
{"obj": {"type": "LogStrings", "path": ["monitoring", "stdout"], "values": [{"value": "Training epoch 34", "step": null, "ts": 1639303294.5641282}]}, "version": 211}
{"obj": {"type": "LogStrings", "path": ["monitoring", "stdout"], "values": [{"value": "\n", "step": null, "ts": 1639303294.5641282}]}, "version": 212}
{"obj": {"type": "LogFloats", "path": ["network2", "learning_rate"], "values": [{"value": 0.06399999999999997, "step": null, "ts": 1639303294.5641282}]}, "version": 213}
{"obj": {"type": "LogFloats", "path": ["network2", "train_loss"], "values": [{"value": 0.024441711232066156, "step": null, "ts": 1639303295.7376983}]}, "version": 214}
{"obj": {"type": "LogFloats", "path": ["network2", "validation_loss"], "values": [{"value": 0.06259676814079285, "step": null, "ts": 1639303295.8447964}]}, "version": 215}
{"obj": {"type": "LogStrings", "path": ["monitoring", "stdout"], "values": [{"value": "Training epoch 35", "step": null, "ts": 1639303295.8457978}]}, "version": 216}
{"obj": {"type": "LogStrings", "path": ["monitoring", "stdout"], "values": [{"value": "\n", "step": null, "ts": 1639303295.8457978}]}, "version": 217}
{"obj": {"type": "LogFloats", "path": ["network2", "learning_rate"], "values": [{"value": 0.05500000000000001, "step": null, "ts": 1639303295.8457978}]}, "version": 218}
{"obj": {"type": "LogFloats", "path": ["network2", "train_loss"], "values": [{"value": 0.023182035610079765, "step": null, "ts": 1639303297.022335}]}, "version": 219}
{"obj": {"type": "LogFloats", "path": ["network2", "validation_loss"], "values": [{"value": 0.0664348378777504, "step": null, "ts": 1639303297.128434}]}, "version": 220}
{"obj": {"type": "LogStrings", "path": ["monitoring", "stdout"], "values": [{"value": "Training epoch 36", "step": null, "ts": 1639303297.1294348}]}, "version": 221}
{"obj": {"type": "LogStrings", "path": ["monitoring", "stdout"], "values": [{"value": "\n", "step": null, "ts": 1639303297.1294348}]}, "version": 222}
{"obj": {"type": "LogFloats", "path": ["network2", "learning_rate"], "values": [{"value": 0.04600000000000004, "step": null, "ts": 1639303297.1294348}]}, "version": 223}
{"obj": {"type": "LogFloats", "path": ["network2", "train_loss"], "values": [{"value": 0.021176620945334436, "step": null, "ts": 1639303298.3105218}]}, "version": 224}
{"obj": {"type": "LogFloats", "path": ["network2", "validation_loss"], "values": [{"value": 0.061920877546072006, "step": null, "ts": 1639303298.4186203}]}, "version": 225}
{"obj": {"type": "LogStrings", "path": ["monitoring", "stdout"], "values": [{"value": "Training epoch 37", "step": null, "ts": 1639303298.4186203}]}, "version": 226}
{"obj": {"type": "LogStrings", "path": ["monitoring", "stdout"], "values": [{"value": "\n", "step": null, "ts": 1639303298.4186203}]}, "version": 227}
{"obj": {"type": "LogFloats", "path": ["network2", "learning_rate"], "values": [{"value": 0.036999999999999984, "step": null, "ts": 1639303298.4196205}]}, "version": 228}
{"obj": {"type": "LogFloats", "path": ["monitoring", "cpu"], "values": [{"value": 46.7, "step": null, "ts": 1639303298.9050605}]}, "version": 229}
{"obj": {"type": "LogFloats", "path": ["monitoring", "memory"], "values": [{"value": 9.725799560546875, "step": null, "ts": 1639303298.9050605}]}, "version": 230}
{"obj": {"type": "LogFloats", "path": ["monitoring", "gpu"], "values": [{"value": 72.0, "step": null, "ts": 1639303298.9050605}]}, "version": 231}
{"obj": {"type": "LogFloats", "path": ["monitoring", "gpu_memory"], "values": [{"value": 2.677154541015625, "step": null, "ts": 1639303298.9050605}]}, "version": 232}
{"obj": {"type": "LogFloats", "path": ["network2", "train_loss"], "values": [{"value": 0.02133203633129597, "step": null, "ts": 1639303299.6006927}]}, "version": 233}
{"obj": {"type": "LogFloats", "path": ["network2", "validation_loss"], "values": [{"value": 0.06605914235115051, "step": null, "ts": 1639303299.7057877}]}, "version": 234}
{"obj": {"type": "LogStrings", "path": ["monitoring", "stdout"], "values": [{"value": "Training epoch 38", "step": null, "ts": 1639303299.7057877}]}, "version": 235}
{"obj": {"type": "LogStrings", "path": ["monitoring", "stdout"], "values": [{"value": "\n", "step": null, "ts": 1639303299.7067888}]}, "version": 236}
{"obj": {"type": "LogFloats", "path": ["network2", "learning_rate"], "values": [{"value": 0.028000000000000018, "step": null, "ts": 1639303299.7067888}]}, "version": 237}
{"obj": {"type": "LogFloats", "path": ["network2", "train_loss"], "values": [{"value": 0.020543897151947023, "step": null, "ts": 1639303300.8868608}]}, "version": 238}
{"obj": {"type": "LogFloats", "path": ["network2", "validation_loss"], "values": [{"value": 0.06408598273992538, "step": null, "ts": 1639303300.993957}]}, "version": 239}
{"obj": {"type": "LogStrings", "path": ["monitoring", "stdout"], "values": [{"value": "Training epoch 39", "step": null, "ts": 1639303300.993957}]}, "version": 240}
{"obj": {"type": "LogStrings", "path": ["monitoring", "stdout"], "values": [{"value": "\n", "step": null, "ts": 1639303300.993957}]}, "version": 241}
{"obj": {"type": "LogFloats", "path": ["network2", "learning_rate"], "values": [{"value": 0.01899999999999997, "step": null, "ts": 1639303300.993957}]}, "version": 242}
{"obj": {"type": "LogFloats", "path": ["network2", "train_loss"], "values": [{"value": 0.019935297034680843, "step": null, "ts": 1639303302.1740289}]}, "version": 243}
{"obj": {"type": "LogFloats", "path": ["network2", "validation_loss"], "values": [{"value": 0.05867395177483559, "step": null, "ts": 1639303302.2801242}]}, "version": 244}
{"obj": {"type": "LogStrings", "path": ["monitoring", "stdout"], "values": [{"value": "Training epoch 40", "step": null, "ts": 1639303302.2801242}]}, "version": 245}
{"obj": {"type": "LogStrings", "path": ["monitoring", "stdout"], "values": [{"value": "\n", "step": null, "ts": 1639303302.2811248}]}, "version": 246}
{"obj": {"type": "LogFloats", "path": ["network2", "learning_rate"], "values": [{"value": 0.01, "step": null, "ts": 1639303302.2811248}]}, "version": 247}
{"obj": {"type": "LogFloats", "path": ["network2", "train_loss"], "values": [{"value": 0.019126573018729685, "step": null, "ts": 1639303303.4637034}]}, "version": 248}
{"obj": {"type": "LogFloats", "path": ["network2", "validation_loss"], "values": [{"value": 0.058750931173563004, "step": null, "ts": 1639303303.5708008}]}, "version": 249}
{"obj": {"type": "LogStrings", "path": ["monitoring", "stdout"], "values": [{"value": "Training epoch 41", "step": null, "ts": 1639303303.5708008}]}, "version": 250}
{"obj": {"type": "LogStrings", "path": ["monitoring", "stdout"], "values": [{"value": "\n", "step": null, "ts": 1639303303.5708008}]}, "version": 251}
{"obj": {"type": "LogFloats", "path": ["network2", "learning_rate"], "values": [{"value": 0.01899999999999997, "step": null, "ts": 1639303303.5708008}]}, "version": 252}
{"obj": {"type": "LogFloats", "path": ["network2", "train_loss"], "values": [{"value": 0.01891786716878414, "step": null, "ts": 1639303304.755379}]}, "version": 253}
{"obj": {"type": "LogFloats", "path": ["network2", "validation_loss"], "values": [{"value": 0.06272271275520325, "step": null, "ts": 1639303304.863477}]}, "version": 254}
{"obj": {"type": "LogStrings", "path": ["monitoring", "stdout"], "values": [{"value": "Training epoch 42", "step": null, "ts": 1639303304.863477}]}, "version": 255}
{"obj": {"type": "LogStrings", "path": ["monitoring", "stdout"], "values": [{"value": "\n", "step": null, "ts": 1639303304.8644776}]}, "version": 256}
{"obj": {"type": "LogFloats", "path": ["network2", "learning_rate"], "values": [{"value": 0.028000000000000018, "step": null, "ts": 1639303304.8644776}]}, "version": 257}
{"obj": {"type": "LogFloats", "path": ["network2", "train_loss"], "values": [{"value": 0.018383684009313582, "step": null, "ts": 1639303306.0478067}]}, "version": 258}
{"obj": {"type": "LogFloats", "path": ["network2", "validation_loss"], "values": [{"value": 0.059777792543172836, "step": null, "ts": 1639303306.1559048}]}, "version": 259}
{"obj": {"type": "LogStrings", "path": ["monitoring", "stdout"], "values": [{"value": "Training epoch 43", "step": null, "ts": 1639303306.1559048}]}, "version": 260}
{"obj": {"type": "LogStrings", "path": ["monitoring", "stdout"], "values": [{"value": "\n", "step": null, "ts": 1639303306.156906}]}, "version": 261}
{"obj": {"type": "LogFloats", "path": ["network2", "learning_rate"], "values": [{"value": 0.036999999999999984, "step": null, "ts": 1639303306.156906}]}, "version": 262}
{"obj": {"type": "LogFloats", "path": ["network2", "train_loss"], "values": [{"value": 0.018105754815042018, "step": null, "ts": 1639303307.3314197}]}, "version": 263}
{"obj": {"type": "LogFloats", "path": ["network2", "validation_loss"], "values": [{"value": 0.058173708617687225, "step": null, "ts": 1639303307.4375153}]}, "version": 264}
{"obj": {"type": "LogStrings", "path": ["monitoring", "stdout"], "values": [{"value": "Training epoch 44", "step": null, "ts": 1639303307.4375153}]}, "version": 265}
{"obj": {"type": "LogStrings", "path": ["monitoring", "stdout"], "values": [{"value": "\n", "step": null, "ts": 1639303307.4375153}]}, "version": 266}
{"obj": {"type": "LogFloats", "path": ["network2", "learning_rate"], "values": [{"value": 0.04600000000000004, "step": null, "ts": 1639303307.4375153}]}, "version": 267}
{"obj": {"type": "LogFloats", "path": ["network2", "train_loss"], "values": [{"value": 0.01795849036425352, "step": null, "ts": 1639303308.6145835}]}, "version": 268}
{"obj": {"type": "LogFloats", "path": ["network2", "validation_loss"], "values": [{"value": 0.060268450528383255, "step": null, "ts": 1639303308.721682}]}, "version": 269}
{"obj": {"type": "LogStrings", "path": ["monitoring", "stdout"], "values": [{"value": "Training epoch 45", "step": null, "ts": 1639303308.721682}]}, "version": 270}
{"obj": {"type": "LogStrings", "path": ["monitoring", "stdout"], "values": [{"value": "\n", "step": null, "ts": 1639303308.721682}]}, "version": 271}
{"obj": {"type": "LogFloats", "path": ["network2", "learning_rate"], "values": [{"value": 0.05500000000000001, "step": null, "ts": 1639303308.721682}]}, "version": 272}
{"obj": {"type": "LogFloats", "path": ["monitoring", "cpu"], "values": [{"value": 48.1, "step": null, "ts": 1639303308.9138553}]}, "version": 273}
{"obj": {"type": "LogFloats", "path": ["monitoring", "memory"], "values": [{"value": 9.7535400390625, "step": null, "ts": 1639303308.9138553}]}, "version": 274}
{"obj": {"type": "LogFloats", "path": ["monitoring", "gpu"], "values": [{"value": 62.0, "step": null, "ts": 1639303308.9138553}]}, "version": 275}
{"obj": {"type": "LogFloats", "path": ["monitoring", "gpu_memory"], "values": [{"value": 2.677154541015625, "step": null, "ts": 1639303308.9138553}]}, "version": 276}
{"obj": {"type": "LogFloats", "path": ["network2", "train_loss"], "values": [{"value": 0.017924194410443305, "step": null, "ts": 1639303309.897748}]}, "version": 277}
{"obj": {"type": "LogFloats", "path": ["network2", "validation_loss"], "values": [{"value": 0.061471279710531235, "step": null, "ts": 1639303310.005846}]}, "version": 278}
{"obj": {"type": "LogStrings", "path": ["monitoring", "stdout"], "values": [{"value": "Training epoch 46", "step": null, "ts": 1639303310.005846}]}, "version": 279}
{"obj": {"type": "LogStrings", "path": ["monitoring", "stdout"], "values": [{"value": "\n", "step": null, "ts": 1639303310.0068474}]}, "version": 280}
{"obj": {"type": "LogFloats", "path": ["network2", "learning_rate"], "values": [{"value": 0.06399999999999997, "step": null, "ts": 1639303310.0068474}]}, "version": 281}
{"obj": {"type": "LogFloats", "path": ["network2", "train_loss"], "values": [{"value": 0.01778375282883644, "step": null, "ts": 1639303311.1869175}]}, "version": 282}
{"obj": {"type": "LogFloats", "path": ["network2", "validation_loss"], "values": [{"value": 0.0544101782143116, "step": null, "ts": 1639303311.294015}]}, "version": 283}
{"obj": {"type": "LogStrings", "path": ["monitoring", "stdout"], "values": [{"value": "Training epoch 47", "step": null, "ts": 1639303311.294015}]}, "version": 284}
{"obj": {"type": "LogStrings", "path": ["monitoring", "stdout"], "values": [{"value": "\n", "step": null, "ts": 1639303311.2950165}]}, "version": 285}
{"obj": {"type": "LogFloats", "path": ["network2", "learning_rate"], "values": [{"value": 0.07300000000000002, "step": null, "ts": 1639303311.2950165}]}, "version": 286}
{"obj": {"type": "LogFloats", "path": ["network2", "train_loss"], "values": [{"value": 0.017631153389811517, "step": null, "ts": 1639303312.4706185}]}, "version": 287}
{"obj": {"type": "LogFloats", "path": ["network2", "validation_loss"], "values": [{"value": 0.06474757194519043, "step": null, "ts": 1639303312.57673}]}, "version": 288}
{"obj": {"type": "LogStrings", "path": ["monitoring", "stdout"], "values": [{"value": "Training epoch 48", "step": null, "ts": 1639303312.5777307}]}, "version": 289}
{"obj": {"type": "LogStrings", "path": ["monitoring", "stdout"], "values": [{"value": "\n", "step": null, "ts": 1639303312.5777307}]}, "version": 290}
{"obj": {"type": "LogFloats", "path": ["network2", "learning_rate"], "values": [{"value": 0.08199999999999999, "step": null, "ts": 1639303312.5777307}]}, "version": 291}
{"obj": {"type": "LogFloats", "path": ["network2", "train_loss"], "values": [{"value": 0.01884978301823139, "step": null, "ts": 1639303313.7514746}]}, "version": 292}
{"obj": {"type": "LogFloats", "path": ["network2", "validation_loss"], "values": [{"value": 0.062117207795381546, "step": null, "ts": 1639303313.8586144}]}, "version": 293}
{"obj": {"type": "LogStrings", "path": ["monitoring", "stdout"], "values": [{"value": "Training epoch 49", "step": null, "ts": 1639303313.8586144}]}, "version": 294}
{"obj": {"type": "LogStrings", "path": ["monitoring", "stdout"], "values": [{"value": "\n", "step": null, "ts": 1639303313.8586144}]}, "version": 295}
{"obj": {"type": "LogFloats", "path": ["network2", "learning_rate"], "values": [{"value": 0.09100000000000004, "step": null, "ts": 1639303313.8586144}]}, "version": 296}
{"obj": {"type": "LogFloats", "path": ["network2", "train_loss"], "values": [{"value": 0.022072779759764672, "step": null, "ts": 1639303315.0360482}]}, "version": 297}
{"obj": {"type": "LogFloats", "path": ["network2", "validation_loss"], "values": [{"value": 0.06858297437429428, "step": null, "ts": 1639303315.1421444}]}, "version": 298}
{"obj": {"type": "UploadFile", "path": ["network2", "network_weights"], "ext": "pt", "file_path": "C:\\Users\\Marc\\Desktop\\Billeder\\params\\GTA_Unet_test.pt"}, "version": 299}
{"obj": {"type": "LogStrings", "path": ["monitoring", "stdout"], "values": [{"value": "test count:", "step": null, "ts": 1639303315.3893702}]}, "version": 300}
{"obj": {"type": "LogStrings", "path": ["monitoring", "stdout"], "values": [{"value": " ", "step": null, "ts": 1639303315.3893702}]}, "version": 301}
{"obj": {"type": "LogStrings", "path": ["monitoring", "stdout"], "values": [{"value": "1", "step": null, "ts": 1639303315.3893702}]}, "version": 302}
{"obj": {"type": "LogStrings", "path": ["monitoring", "stdout"], "values": [{"value": "\n", "step": null, "ts": 1639303315.3893702}]}, "version": 303}
{"obj": {"type": "LogStrings", "path": ["monitoring", "stdout"], "values": [{"value": "test count:", "step": null, "ts": 1639303316.4743652}]}, "version": 304}
{"obj": {"type": "LogStrings", "path": ["monitoring", "stdout"], "values": [{"value": " ", "step": null, "ts": 1639303316.4743652}]}, "version": 305}
{"obj": {"type": "LogStrings", "path": ["monitoring", "stdout"], "values": [{"value": "2", "step": null, "ts": 1639303316.4743652}]}, "version": 306}
{"obj": {"type": "LogStrings", "path": ["monitoring", "stdout"], "values": [{"value": "\n", "step": null, "ts": 1639303316.4753752}]}, "version": 307}
{"obj": {"type": "LogStrings", "path": ["monitoring", "stdout"], "values": [{"value": "test count:", "step": null, "ts": 1639303317.5743637}]}, "version": 308}
{"obj": {"type": "LogStrings", "path": ["monitoring", "stdout"], "values": [{"value": " ", "step": null, "ts": 1639303317.5743637}]}, "version": 309}
{"obj": {"type": "LogStrings", "path": ["monitoring", "stdout"], "values": [{"value": "3", "step": null, "ts": 1639303317.5743637}]}, "version": 310}
{"obj": {"type": "LogStrings", "path": ["monitoring", "stdout"], "values": [{"value": "\n", "step": null, "ts": 1639303317.5743637}]}, "version": 311}
{"obj": {"type": "LogStrings", "path": ["monitoring", "stdout"], "values": [{"value": "test count:", "step": null, "ts": 1639303318.6644719}]}, "version": 312}
{"obj": {"type": "LogStrings", "path": ["monitoring", "stdout"], "values": [{"value": " ", "step": null, "ts": 1639303318.6654727}]}, "version": 313}
{"obj": {"type": "LogStrings", "path": ["monitoring", "stdout"], "values": [{"value": "4", "step": null, "ts": 1639303318.6654727}]}, "version": 314}
{"obj": {"type": "LogStrings", "path": ["monitoring", "stdout"], "values": [{"value": "\n", "step": null, "ts": 1639303318.6654727}]}, "version": 315}
{"obj": {"type": "LogFloats", "path": ["monitoring", "cpu"], "values": [{"value": 39.2, "step": null, "ts": 1639303318.9227102}]}, "version": 316}
{"obj": {"type": "LogFloats", "path": ["monitoring", "memory"], "values": [{"value": 9.82705307006836, "step": null, "ts": 1639303318.9227102}]}, "version": 317}
{"obj": {"type": "LogFloats", "path": ["monitoring", "gpu"], "values": [{"value": 36.0, "step": null, "ts": 1639303318.9227102}]}, "version": 318}
{"obj": {"type": "LogFloats", "path": ["monitoring", "gpu_memory"], "values": [{"value": 2.677154541015625, "step": null, "ts": 1639303318.9227102}]}, "version": 319}
{"obj": {"type": "LogStrings", "path": ["monitoring", "stdout"], "values": [{"value": "test count:", "step": null, "ts": 1639303319.789065}]}, "version": 320}
{"obj": {"type": "LogStrings", "path": ["monitoring", "stdout"], "values": [{"value": " ", "step": null, "ts": 1639303319.789065}]}, "version": 321}
{"obj": {"type": "LogStrings", "path": ["monitoring", "stdout"], "values": [{"value": "5", "step": null, "ts": 1639303319.789065}]}, "version": 322}
{"obj": {"type": "LogStrings", "path": ["monitoring", "stdout"], "values": [{"value": "\n", "step": null, "ts": 1639303319.7900665}]}, "version": 323}
{"obj": {"type": "LogStrings", "path": ["monitoring", "stdout"], "values": [{"value": "test count:", "step": null, "ts": 1639303320.9037895}]}, "version": 324}
{"obj": {"type": "LogStrings", "path": ["monitoring", "stdout"], "values": [{"value": " ", "step": null, "ts": 1639303320.9047894}]}, "version": 325}
{"obj": {"type": "LogStrings", "path": ["monitoring", "stdout"], "values": [{"value": "6", "step": null, "ts": 1639303320.9047894}]}, "version": 326}
{"obj": {"type": "LogStrings", "path": ["monitoring", "stdout"], "values": [{"value": "\n", "step": null, "ts": 1639303320.9047894}]}, "version": 327}
{"obj": {"type": "LogStrings", "path": ["monitoring", "stdout"], "values": [{"value": "test count:", "step": null, "ts": 1639303322.021804}]}, "version": 328}
{"obj": {"type": "LogStrings", "path": ["monitoring", "stdout"], "values": [{"value": " ", "step": null, "ts": 1639303322.021804}]}, "version": 329}
{"obj": {"type": "LogStrings", "path": ["monitoring", "stdout"], "values": [{"value": "7", "step": null, "ts": 1639303322.0228047}]}, "version": 330}
{"obj": {"type": "LogStrings", "path": ["monitoring", "stdout"], "values": [{"value": "\n", "step": null, "ts": 1639303322.0228047}]}, "version": 331}
{"obj": {"type": "LogStrings", "path": ["monitoring", "stdout"], "values": [{"value": "test count:", "step": null, "ts": 1639303323.1147952}]}, "version": 332}
{"obj": {"type": "LogStrings", "path": ["monitoring", "stdout"], "values": [{"value": " ", "step": null, "ts": 1639303323.1147952}]}, "version": 333}
{"obj": {"type": "LogStrings", "path": ["monitoring", "stdout"], "values": [{"value": "8", "step": null, "ts": 1639303323.1147952}]}, "version": 334}
{"obj": {"type": "LogStrings", "path": ["monitoring", "stdout"], "values": [{"value": "\n", "step": null, "ts": 1639303323.1147952}]}, "version": 335}
{"obj": {"type": "LogStrings", "path": ["monitoring", "stdout"], "values": [{"value": "test count:", "step": null, "ts": 1639303324.2408607}]}, "version": 336}
{"obj": {"type": "LogStrings", "path": ["monitoring", "stdout"], "values": [{"value": " ", "step": null, "ts": 1639303324.2408607}]}, "version": 337}
{"obj": {"type": "LogStrings", "path": ["monitoring", "stdout"], "values": [{"value": "9", "step": null, "ts": 1639303324.2408607}]}, "version": 338}
{"obj": {"type": "LogStrings", "path": ["monitoring", "stdout"], "values": [{"value": "\n", "step": null, "ts": 1639303324.2408607}]}, "version": 339}
{"obj": {"type": "LogStrings", "path": ["monitoring", "stdout"], "values": [{"value": "test count:", "step": null, "ts": 1639303325.3470082}]}, "version": 340}
{"obj": {"type": "LogStrings", "path": ["monitoring", "stdout"], "values": [{"value": " ", "step": null, "ts": 1639303325.3470082}]}, "version": 341}
{"obj": {"type": "LogStrings", "path": ["monitoring", "stdout"], "values": [{"value": "10", "step": null, "ts": 1639303325.3470082}]}, "version": 342}
{"obj": {"type": "LogStrings", "path": ["monitoring", "stdout"], "values": [{"value": "\n", "step": null, "ts": 1639303325.3470082}]}, "version": 343}
{"obj": {"type": "LogStrings", "path": ["monitoring", "stdout"], "values": [{"value": "0.7674722222222222", "step": null, "ts": 1639303326.397967}]}, "version": 344}
{"obj": {"type": "LogStrings", "path": ["monitoring", "stdout"], "values": [{"value": "\n", "step": null, "ts": 1639303326.397967}]}, "version": 345}
{"obj": {"type": "LogFloats", "path": ["network2", "test_accuracy_per_pic"], "values": [{"value": 0.7836111111111111, "step": null, "ts": 1639303326.3989677}, {"value": 0.7269444444444444, "step": null, "ts": 1639303326.3989677}, {"value": 0.7941666666666667, "step": null, "ts": 1639303326.3989677}, {"value": 0.7594444444444445, "step": null, "ts": 1639303326.3989677}, {"value": 0.7675, "step": null, "ts": 1639303326.3989677}, {"value": 0.7866666666666666, "step": null, "ts": 1639303326.3989677}, {"value": 0.7513888888888889, "step": null, "ts": 1639303326.3989677}, {"value": 0.7566666666666667, "step": null, "ts": 1639303326.3989677}, {"value": 0.7522222222222222, "step": null, "ts": 1639303326.3989677}, {"value": 0.7961111111111111, "step": null, "ts": 1639303326.3989677}]}, "version": 346}
{"obj": {"type": "LogFloats", "path": ["network2", "mean_test_accuracy"], "values": [{"value": 0.7674722222222222, "step": null, "ts": 1639303326.3989677}]}, "version": 347}
