{"obj": {"type": "AssignString", "path": ["sys", "name"], "value": "Untitled"}, "version": 1}
{"obj": {"type": "AssignString", "path": ["sys", "description"], "value": ""}, "version": 2}
{"obj": {"type": "AssignString", "path": ["sys", "hostname"], "value": "DESKTOP-SDMAFDQ"}, "version": 3}
{"obj": {"type": "AssignBool", "path": ["sys", "failed"], "value": false}, "version": 4}
{"obj": {"type": "ClearStringLog", "path": ["monitoring", "stdout"]}, "version": 5}
{"obj": {"type": "ClearStringLog", "path": ["monitoring", "stderr"]}, "version": 6}
{"obj": {"type": "AssignString", "path": ["source_code", "entrypoint"], "value": "trainer.py"}, "version": 7}
{"obj": {"type": "UploadFileSet", "path": ["source_code", "files"], "file_globs": ["C:\\Users\\Marc\\Documents\\GitHub\\Deep_final\\trainer.py"], "reset": "False"}, "version": 8}
{"obj": {"type": "ConfigFloatSeries", "path": ["monitoring", "cpu"], "min": 0.0, "max": 100.0, "unit": "%"}, "version": 9}
{"obj": {"type": "ClearFloatLog", "path": ["monitoring", "cpu"]}, "version": 10}
{"obj": {"type": "ConfigFloatSeries", "path": ["monitoring", "memory"], "min": 0.0, "max": 15.387199401855469, "unit": "GB"}, "version": 11}
{"obj": {"type": "ClearFloatLog", "path": ["monitoring", "memory"]}, "version": 12}
{"obj": {"type": "ConfigFloatSeries", "path": ["monitoring", "gpu"], "min": 0.0, "max": 100.0, "unit": "%"}, "version": 13}
{"obj": {"type": "ClearFloatLog", "path": ["monitoring", "gpu"]}, "version": 14}
{"obj": {"type": "ConfigFloatSeries", "path": ["monitoring", "gpu_memory"], "min": 0.0, "max": 4.0, "unit": "GB"}, "version": 15}
{"obj": {"type": "ClearFloatLog", "path": ["monitoring", "gpu_memory"]}, "version": 16}
{"obj": {"type": "LogFloats", "path": ["monitoring", "cpu"], "values": [{"value": 6.5, "step": null, "ts": 1639300605.0357482}]}, "version": 17}
{"obj": {"type": "LogFloats", "path": ["monitoring", "memory"], "values": [{"value": 7.397666931152344, "step": null, "ts": 1639300605.0357482}]}, "version": 18}
{"obj": {"type": "LogFloats", "path": ["monitoring", "gpu_memory"], "values": [{"value": 0.051025390625, "step": null, "ts": 1639300605.0357482}]}, "version": 19}
{"obj": {"type": "AssignFloat", "path": ["network2", "parameters", "momentum"], "value": 0.9}, "version": 20}
{"obj": {"type": "AssignString", "path": ["network2", "parameters", "optimizer"], "value": "SGD"}, "version": 21}
{"obj": {"type": "AssignString", "path": ["network2", "parameters", "loss_function"], "value": "MSEloss"}, "version": 22}
{"obj": {"type": "AssignString", "path": ["network2", "parameters", "model"], "value": "GTA_Unet"}, "version": 23}
{"obj": {"type": "AssignString", "path": ["network2", "parameters", "scheduler"], "value": "ReduceLROnPlateau"}, "version": 24}
{"obj": {"type": "LogStrings", "path": ["monitoring", "stdout"], "values": [{"value": "Training epoch 0", "step": null, "ts": 1639300605.2619536}]}, "version": 25}
{"obj": {"type": "LogStrings", "path": ["monitoring", "stdout"], "values": [{"value": "\n", "step": null, "ts": 1639300605.2619536}]}, "version": 26}
{"obj": {"type": "LogFloats", "path": ["network2", "learning_rate"], "values": [{"value": 0.1, "step": null, "ts": 1639300605.2619536}]}, "version": 27}
{"obj": {"type": "LogFloats", "path": ["monitoring", "cpu"], "values": [{"value": 41.3, "step": null, "ts": 1639300615.04603}]}, "version": 28}
{"obj": {"type": "LogFloats", "path": ["monitoring", "memory"], "values": [{"value": 8.867042541503906, "step": null, "ts": 1639300615.04603}]}, "version": 29}
{"obj": {"type": "LogFloats", "path": ["monitoring", "gpu"], "values": [{"value": 75.0, "step": null, "ts": 1639300615.04603}]}, "version": 30}
{"obj": {"type": "LogFloats", "path": ["monitoring", "gpu_memory"], "values": [{"value": 1.968170166015625, "step": null, "ts": 1639300615.04603}]}, "version": 31}
{"obj": {"type": "LogFloats", "path": ["network2", "train_loss"], "values": [{"value": 0.051307082679122686, "step": null, "ts": 1639300617.912458}]}, "version": 32}
{"obj": {"type": "LogFloats", "path": ["network2", "validation_loss"], "values": [{"value": 0.028281238861382008, "step": null, "ts": 1639300618.9976673}]}, "version": 33}
{"obj": {"type": "LogStrings", "path": ["monitoring", "stdout"], "values": [{"value": "Training epoch 1", "step": null, "ts": 1639300618.9976673}]}, "version": 34}
{"obj": {"type": "LogStrings", "path": ["monitoring", "stdout"], "values": [{"value": "\n", "step": null, "ts": 1639300618.9976673}]}, "version": 35}
{"obj": {"type": "LogFloats", "path": ["network2", "learning_rate"], "values": [{"value": 0.1, "step": null, "ts": 1639300618.9976673}]}, "version": 36}
{"obj": {"type": "LogFloats", "path": ["monitoring", "cpu"], "values": [{"value": 48.1, "step": null, "ts": 1639300625.0611806}]}, "version": 37}
{"obj": {"type": "LogFloats", "path": ["monitoring", "memory"], "values": [{"value": 8.87640380859375, "step": null, "ts": 1639300625.0611806}]}, "version": 38}
{"obj": {"type": "LogFloats", "path": ["monitoring", "gpu"], "values": [{"value": 93.0, "step": null, "ts": 1639300625.0611806}]}, "version": 39}
{"obj": {"type": "LogFloats", "path": ["monitoring", "gpu_memory"], "values": [{"value": 2.581451416015625, "step": null, "ts": 1639300625.0611806}]}, "version": 40}
{"obj": {"type": "LogFloats", "path": ["network2", "train_loss"], "values": [{"value": 0.029790479857474565, "step": null, "ts": 1639300630.1345134}]}, "version": 41}
{"obj": {"type": "LogFloats", "path": ["network2", "validation_loss"], "values": [{"value": 0.02432318069040775, "step": null, "ts": 1639300631.2315118}]}, "version": 42}
{"obj": {"type": "LogStrings", "path": ["monitoring", "stdout"], "values": [{"value": "Training epoch 2", "step": null, "ts": 1639300631.2325122}]}, "version": 43}
{"obj": {"type": "LogStrings", "path": ["monitoring", "stdout"], "values": [{"value": "\n", "step": null, "ts": 1639300631.2325122}]}, "version": 44}
{"obj": {"type": "LogFloats", "path": ["network2", "learning_rate"], "values": [{"value": 0.1, "step": null, "ts": 1639300631.2325122}]}, "version": 45}
{"obj": {"type": "LogFloats", "path": ["monitoring", "cpu"], "values": [{"value": 48.8, "step": null, "ts": 1639300635.071439}]}, "version": 46}
{"obj": {"type": "LogFloats", "path": ["monitoring", "memory"], "values": [{"value": 8.736183166503906, "step": null, "ts": 1639300635.071439}]}, "version": 47}
{"obj": {"type": "LogFloats", "path": ["monitoring", "gpu"], "values": [{"value": 97.0, "step": null, "ts": 1639300635.071439}]}, "version": 48}
{"obj": {"type": "LogFloats", "path": ["monitoring", "gpu_memory"], "values": [{"value": 2.581451416015625, "step": null, "ts": 1639300635.071439}]}, "version": 49}
{"obj": {"type": "LogFloats", "path": ["network2", "train_loss"], "values": [{"value": 0.027192751560360193, "step": null, "ts": 1639300642.364615}]}, "version": 50}
{"obj": {"type": "LogFloats", "path": ["network2", "validation_loss"], "values": [{"value": 0.02120576789602637, "step": null, "ts": 1639300643.4587677}]}, "version": 51}
{"obj": {"type": "LogStrings", "path": ["monitoring", "stdout"], "values": [{"value": "Training epoch 3", "step": null, "ts": 1639300643.4587677}]}, "version": 52}
{"obj": {"type": "LogStrings", "path": ["monitoring", "stdout"], "values": [{"value": "\n", "step": null, "ts": 1639300643.4587677}]}, "version": 53}
{"obj": {"type": "LogFloats", "path": ["network2", "learning_rate"], "values": [{"value": 0.1, "step": null, "ts": 1639300643.4587677}]}, "version": 54}
{"obj": {"type": "LogFloats", "path": ["monitoring", "cpu"], "values": [{"value": 48.2, "step": null, "ts": 1639300645.074988}]}, "version": 55}
{"obj": {"type": "LogFloats", "path": ["monitoring", "memory"], "values": [{"value": 8.790290832519531, "step": null, "ts": 1639300645.074988}]}, "version": 56}
{"obj": {"type": "LogFloats", "path": ["monitoring", "gpu"], "values": [{"value": 94.0, "step": null, "ts": 1639300645.074988}]}, "version": 57}
{"obj": {"type": "LogFloats", "path": ["monitoring", "gpu_memory"], "values": [{"value": 2.581451416015625, "step": null, "ts": 1639300645.074988}]}, "version": 58}
{"obj": {"type": "LogFloats", "path": ["network2", "train_loss"], "values": [{"value": 0.023970729410648345, "step": null, "ts": 1639300654.6155531}]}, "version": 59}
{"obj": {"type": "LogFloats", "path": ["monitoring", "cpu"], "values": [{"value": 47.9, "step": null, "ts": 1639300655.0809753}]}, "version": 60}
{"obj": {"type": "LogFloats", "path": ["monitoring", "memory"], "values": [{"value": 8.806095123291016, "step": null, "ts": 1639300655.0809753}]}, "version": 61}
{"obj": {"type": "LogFloats", "path": ["monitoring", "gpu"], "values": [{"value": 70.0, "step": null, "ts": 1639300655.0809753}]}, "version": 62}
{"obj": {"type": "LogFloats", "path": ["monitoring", "gpu_memory"], "values": [{"value": 2.581451416015625, "step": null, "ts": 1639300655.0809753}]}, "version": 63}
{"obj": {"type": "LogFloats", "path": ["network2", "validation_loss"], "values": [{"value": 0.020958704221993685, "step": null, "ts": 1639300655.716846}]}, "version": 64}
{"obj": {"type": "LogStrings", "path": ["monitoring", "stdout"], "values": [{"value": "Training epoch 4", "step": null, "ts": 1639300655.7178473}]}, "version": 65}
{"obj": {"type": "LogStrings", "path": ["monitoring", "stdout"], "values": [{"value": "\n", "step": null, "ts": 1639300655.7178473}]}, "version": 66}
{"obj": {"type": "LogFloats", "path": ["network2", "learning_rate"], "values": [{"value": 0.1, "step": null, "ts": 1639300655.7178473}]}, "version": 67}
{"obj": {"type": "LogFloats", "path": ["monitoring", "cpu"], "values": [{"value": 47.9, "step": null, "ts": 1639300665.0871644}]}, "version": 68}
{"obj": {"type": "LogFloats", "path": ["monitoring", "memory"], "values": [{"value": 8.793441772460938, "step": null, "ts": 1639300665.0871644}]}, "version": 69}
{"obj": {"type": "LogFloats", "path": ["monitoring", "gpu"], "values": [{"value": 86.0, "step": null, "ts": 1639300665.0871644}]}, "version": 70}
{"obj": {"type": "LogFloats", "path": ["monitoring", "gpu_memory"], "values": [{"value": 2.581451416015625, "step": null, "ts": 1639300665.0871644}]}, "version": 71}
{"obj": {"type": "LogFloats", "path": ["network2", "train_loss"], "values": [{"value": 0.023500723419710993, "step": null, "ts": 1639300666.9033873}]}, "version": 72}
{"obj": {"type": "LogFloats", "path": ["network2", "validation_loss"], "values": [{"value": 0.020668442826718092, "step": null, "ts": 1639300668.013726}]}, "version": 73}
{"obj": {"type": "LogStrings", "path": ["monitoring", "stdout"], "values": [{"value": "Training epoch 5", "step": null, "ts": 1639300668.013726}]}, "version": 74}
{"obj": {"type": "LogStrings", "path": ["monitoring", "stdout"], "values": [{"value": "\n", "step": null, "ts": 1639300668.013726}]}, "version": 75}
{"obj": {"type": "LogFloats", "path": ["network2", "learning_rate"], "values": [{"value": 0.1, "step": null, "ts": 1639300668.0147269}]}, "version": 76}
{"obj": {"type": "LogFloats", "path": ["monitoring", "cpu"], "values": [{"value": 48.2, "step": null, "ts": 1639300675.1053603}]}, "version": 77}
{"obj": {"type": "LogFloats", "path": ["monitoring", "memory"], "values": [{"value": 8.778011322021484, "step": null, "ts": 1639300675.1053603}]}, "version": 78}
{"obj": {"type": "LogFloats", "path": ["monitoring", "gpu"], "values": [{"value": 100.0, "step": null, "ts": 1639300675.1053603}]}, "version": 79}
{"obj": {"type": "LogFloats", "path": ["monitoring", "gpu_memory"], "values": [{"value": 2.581451416015625, "step": null, "ts": 1639300675.1053603}]}, "version": 80}
{"obj": {"type": "LogFloats", "path": ["network2", "train_loss"], "values": [{"value": 0.02214279668405652, "step": null, "ts": 1639300679.1727386}]}, "version": 81}
{"obj": {"type": "LogFloats", "path": ["network2", "validation_loss"], "values": [{"value": 0.019238667096942663, "step": null, "ts": 1639300680.2660482}]}, "version": 82}
{"obj": {"type": "LogStrings", "path": ["monitoring", "stdout"], "values": [{"value": "Training epoch 6", "step": null, "ts": 1639300680.2660482}]}, "version": 83}
{"obj": {"type": "LogStrings", "path": ["monitoring", "stdout"], "values": [{"value": "\n", "step": null, "ts": 1639300680.2660482}]}, "version": 84}
{"obj": {"type": "LogFloats", "path": ["network2", "learning_rate"], "values": [{"value": 0.1, "step": null, "ts": 1639300680.2660482}]}, "version": 85}
{"obj": {"type": "LogFloats", "path": ["monitoring", "cpu"], "values": [{"value": 47.9, "step": null, "ts": 1639300685.1191463}]}, "version": 86}
{"obj": {"type": "LogFloats", "path": ["monitoring", "memory"], "values": [{"value": 8.781333923339844, "step": null, "ts": 1639300685.1191463}]}, "version": 87}
{"obj": {"type": "LogFloats", "path": ["monitoring", "gpu"], "values": [{"value": 97.0, "step": null, "ts": 1639300685.1191463}]}, "version": 88}
{"obj": {"type": "LogFloats", "path": ["monitoring", "gpu_memory"], "values": [{"value": 2.581451416015625, "step": null, "ts": 1639300685.1191463}]}, "version": 89}
{"obj": {"type": "LogFloats", "path": ["network2", "train_loss"], "values": [{"value": 0.02051714130677283, "step": null, "ts": 1639300691.4404974}]}, "version": 90}
{"obj": {"type": "LogFloats", "path": ["network2", "validation_loss"], "values": [{"value": 0.021954764425754548, "step": null, "ts": 1639300692.5459502}]}, "version": 91}
{"obj": {"type": "LogStrings", "path": ["monitoring", "stdout"], "values": [{"value": "Training epoch 7", "step": null, "ts": 1639300692.5459502}]}, "version": 92}
{"obj": {"type": "LogStrings", "path": ["monitoring", "stdout"], "values": [{"value": "\n", "step": null, "ts": 1639300692.5459502}]}, "version": 93}
{"obj": {"type": "LogFloats", "path": ["network2", "learning_rate"], "values": [{"value": 0.1, "step": null, "ts": 1639300692.5459502}]}, "version": 94}
{"obj": {"type": "LogFloats", "path": ["monitoring", "cpu"], "values": [{"value": 47.9, "step": null, "ts": 1639300695.1273324}]}, "version": 95}
{"obj": {"type": "LogFloats", "path": ["monitoring", "memory"], "values": [{"value": 8.766510009765625, "step": null, "ts": 1639300695.1273324}]}, "version": 96}
{"obj": {"type": "LogFloats", "path": ["monitoring", "gpu"], "values": [{"value": 99.0, "step": null, "ts": 1639300695.1273324}]}, "version": 97}
{"obj": {"type": "LogFloats", "path": ["monitoring", "gpu_memory"], "values": [{"value": 2.581451416015625, "step": null, "ts": 1639300695.1273324}]}, "version": 98}
{"obj": {"type": "LogFloats", "path": ["network2", "train_loss"], "values": [{"value": 0.019930297741666436, "step": null, "ts": 1639300703.6978822}]}, "version": 99}
{"obj": {"type": "LogFloats", "path": ["network2", "validation_loss"], "values": [{"value": 0.01876246794126928, "step": null, "ts": 1639300704.8151884}]}, "version": 100}
{"obj": {"type": "LogStrings", "path": ["monitoring", "stdout"], "values": [{"value": "Training epoch 8", "step": null, "ts": 1639300704.8151884}]}, "version": 101}
{"obj": {"type": "LogStrings", "path": ["monitoring", "stdout"], "values": [{"value": "\n", "step": null, "ts": 1639300704.8151884}]}, "version": 102}
{"obj": {"type": "LogFloats", "path": ["network2", "learning_rate"], "values": [{"value": 0.1, "step": null, "ts": 1639300704.8151884}]}, "version": 103}
{"obj": {"type": "LogFloats", "path": ["monitoring", "cpu"], "values": [{"value": 47.6, "step": null, "ts": 1639300705.1434863}]}, "version": 104}
{"obj": {"type": "LogFloats", "path": ["monitoring", "memory"], "values": [{"value": 8.734397888183594, "step": null, "ts": 1639300705.1434863}]}, "version": 105}
{"obj": {"type": "LogFloats", "path": ["monitoring", "gpu"], "values": [{"value": 90.0, "step": null, "ts": 1639300705.1434863}]}, "version": 106}
{"obj": {"type": "LogFloats", "path": ["monitoring", "gpu_memory"], "values": [{"value": 2.581451416015625, "step": null, "ts": 1639300705.1434863}]}, "version": 107}
{"obj": {"type": "LogFloats", "path": ["monitoring", "cpu"], "values": [{"value": 47.1, "step": null, "ts": 1639300715.148291}]}, "version": 108}
{"obj": {"type": "LogFloats", "path": ["monitoring", "memory"], "values": [{"value": 8.732540130615234, "step": null, "ts": 1639300715.148291}]}, "version": 109}
{"obj": {"type": "LogFloats", "path": ["monitoring", "gpu"], "values": [{"value": 73.0, "step": null, "ts": 1639300715.148291}]}, "version": 110}
{"obj": {"type": "LogFloats", "path": ["monitoring", "gpu_memory"], "values": [{"value": 2.581451416015625, "step": null, "ts": 1639300715.148291}]}, "version": 111}
{"obj": {"type": "LogFloats", "path": ["network2", "train_loss"], "values": [{"value": 0.019568423619493843, "step": null, "ts": 1639300715.9952404}]}, "version": 112}
{"obj": {"type": "LogFloats", "path": ["network2", "validation_loss"], "values": [{"value": 0.01696257065050304, "step": null, "ts": 1639300717.1038451}]}, "version": 113}
{"obj": {"type": "LogStrings", "path": ["monitoring", "stdout"], "values": [{"value": "Training epoch 9", "step": null, "ts": 1639300717.1038451}]}, "version": 114}
{"obj": {"type": "LogStrings", "path": ["monitoring", "stdout"], "values": [{"value": "\n", "step": null, "ts": 1639300717.1038451}]}, "version": 115}
{"obj": {"type": "LogFloats", "path": ["network2", "learning_rate"], "values": [{"value": 0.1, "step": null, "ts": 1639300717.1038451}]}, "version": 116}
{"obj": {"type": "LogFloats", "path": ["monitoring", "cpu"], "values": [{"value": 48.1, "step": null, "ts": 1639300725.165404}]}, "version": 117}
{"obj": {"type": "LogFloats", "path": ["monitoring", "memory"], "values": [{"value": 8.714923858642578, "step": null, "ts": 1639300725.165404}]}, "version": 118}
{"obj": {"type": "LogFloats", "path": ["monitoring", "gpu"], "values": [{"value": 74.0, "step": null, "ts": 1639300725.165404}]}, "version": 119}
{"obj": {"type": "LogFloats", "path": ["monitoring", "gpu_memory"], "values": [{"value": 2.581451416015625, "step": null, "ts": 1639300725.165404}]}, "version": 120}
{"obj": {"type": "LogFloats", "path": ["network2", "train_loss"], "values": [{"value": 0.0181968508195132, "step": null, "ts": 1639300728.2656171}]}, "version": 121}
{"obj": {"type": "LogFloats", "path": ["network2", "validation_loss"], "values": [{"value": 0.019123393669724466, "step": null, "ts": 1639300729.3719962}]}, "version": 122}
{"obj": {"type": "LogStrings", "path": ["monitoring", "stderr"], "values": [{"value": "Your stream is larger than 32MB. Neptune supports saving files from streams smaller than 32MB.\n", "step": null, "ts": 1639300729.6156561}]}, "version": 123}
{"obj": {"type": "LogStrings", "path": ["monitoring", "traceback"], "values": [{"value": "An uncaught exception occurred while run was active on worker DESKTOP-SDMAFDQ.", "step": null, "ts": 1639300729.6206634}, {"value": "Marking run as failed", "step": null, "ts": 1639300729.6206634}, {"value": "Traceback:", "step": null, "ts": 1639300729.6206634}, {"value": "  File \"C:\\Users\\Marc\\Documents\\GitHub\\Deep_final\\trainer.py\", line 192, in <module>\n    run[f\"network2/network_weights\"].log(File(\"C:/Users/Marc/Desktop/Billeder/params/GTA_Unet_test.pt\"))\n", "step": null, "ts": 1639300729.6206634}, {"value": "  File \"C:\\Users\\Marc\\anaconda3\\envs\\deep\\lib\\site-packages\\neptune\\new\\handler.py\", line 244, in log\n    attr.log(value, step=step, timestamp=timestamp, wait=wait, **kwargs)\n", "step": null, "ts": 1639300729.6206634}, {"value": "  File \"C:\\Users\\Marc\\anaconda3\\envs\\deep\\lib\\site-packages\\neptune\\new\\attributes\\series\\series.py\", line 101, in log\n    op = self._get_log_operation_from_value(value, step, timestamp)\n", "step": null, "ts": 1639300729.6206634}, {"value": "  File \"C:\\Users\\Marc\\anaconda3\\envs\\deep\\lib\\site-packages\\neptune\\new\\attributes\\series\\file_series.py\", line 44, in _get_log_operation_from_value\n    values = [\n", "step": null, "ts": 1639300729.6206634}, {"value": "  File \"C:\\Users\\Marc\\anaconda3\\envs\\deep\\lib\\site-packages\\neptune\\new\\attributes\\series\\file_series.py\", line 47, in <listcomp>\n    data=self._get_base64_image_content(val),\n", "step": null, "ts": 1639300729.6206634}, {"value": "  File \"C:\\Users\\Marc\\anaconda3\\envs\\deep\\lib\\site-packages\\neptune\\new\\attributes\\series\\file_series.py\", line 73, in _get_base64_image_content\n    file = File.from_stream(image_file)\n", "step": null, "ts": 1639300729.6206634}, {"value": "  File \"C:\\Users\\Marc\\anaconda3\\envs\\deep\\lib\\site-packages\\neptune\\new\\types\\atoms\\file.py\", line 139, in from_stream\n    return File(content=content, extension=extension or stream_default_ext)\n", "step": null, "ts": 1639300729.6206634}, {"value": "  File \"C:\\Users\\Marc\\anaconda3\\envs\\deep\\lib\\site-packages\\neptune\\new\\types\\atoms\\file.py\", line 57, in __init__\n    raise ValueError(\"path or content is required\")\n", "step": null, "ts": 1639300729.6206634}, {"value": "path or content is required", "step": null, "ts": 1639300729.6206634}]}, "version": 124}
{"obj": {"type": "AssignBool", "path": ["sys", "failed"], "value": true}, "version": 125}
{"obj": {"type": "LogStrings", "path": ["monitoring", "stderr"], "values": [{"value": "Traceback (most recent call last):\n", "step": null, "ts": 1639300729.6206634}]}, "version": 126}
{"obj": {"type": "LogStrings", "path": ["monitoring", "stderr"], "values": [{"value": "  File \"C:\\Users\\Marc\\Documents\\GitHub\\Deep_final\\trainer.py\", line 192, in <module>\n", "step": null, "ts": 1639300729.621662}]}, "version": 127}
{"obj": {"type": "LogStrings", "path": ["monitoring", "stderr"], "values": [{"value": "    ", "step": null, "ts": 1639300729.621662}]}, "version": 128}
{"obj": {"type": "LogStrings", "path": ["monitoring", "stderr"], "values": [{"value": "run[f\"network2/network_weights\"].log(File(\"C:/Users/Marc/Desktop/Billeder/params/GTA_Unet_test.pt\"))", "step": null, "ts": 1639300729.621662}]}, "version": 129}
{"obj": {"type": "LogStrings", "path": ["monitoring", "stderr"], "values": [{"value": "\n", "step": null, "ts": 1639300729.621662}]}, "version": 130}
{"obj": {"type": "LogStrings", "path": ["monitoring", "stderr"], "values": [{"value": "  File \"C:\\Users\\Marc\\anaconda3\\envs\\deep\\lib\\site-packages\\neptune\\new\\handler.py\", line 244, in log\n", "step": null, "ts": 1639300729.6226623}]}, "version": 131}
{"obj": {"type": "LogStrings", "path": ["monitoring", "stderr"], "values": [{"value": "    ", "step": null, "ts": 1639300729.6226623}]}, "version": 132}
{"obj": {"type": "LogStrings", "path": ["monitoring", "stderr"], "values": [{"value": "attr.log(value, step=step, timestamp=timestamp, wait=wait, **kwargs)", "step": null, "ts": 1639300729.6226623}]}, "version": 133}
{"obj": {"type": "LogStrings", "path": ["monitoring", "stderr"], "values": [{"value": "\n", "step": null, "ts": 1639300729.6226623}]}, "version": 134}
{"obj": {"type": "LogStrings", "path": ["monitoring", "stderr"], "values": [{"value": "  File \"C:\\Users\\Marc\\anaconda3\\envs\\deep\\lib\\site-packages\\neptune\\new\\attributes\\series\\series.py\", line 101, in log\n", "step": null, "ts": 1639300729.6236637}]}, "version": 135}
{"obj": {"type": "LogStrings", "path": ["monitoring", "stderr"], "values": [{"value": "    ", "step": null, "ts": 1639300729.6236637}]}, "version": 136}
{"obj": {"type": "LogStrings", "path": ["monitoring", "stderr"], "values": [{"value": "op = self._get_log_operation_from_value(value, step, timestamp)", "step": null, "ts": 1639300729.6236637}]}, "version": 137}
{"obj": {"type": "LogStrings", "path": ["monitoring", "stderr"], "values": [{"value": "\n", "step": null, "ts": 1639300729.6236637}]}, "version": 138}
{"obj": {"type": "LogStrings", "path": ["monitoring", "stderr"], "values": [{"value": "  File \"C:\\Users\\Marc\\anaconda3\\envs\\deep\\lib\\site-packages\\neptune\\new\\attributes\\series\\file_series.py\", line 44, in _get_log_operation_from_value\n", "step": null, "ts": 1639300729.6236637}]}, "version": 139}
{"obj": {"type": "LogStrings", "path": ["monitoring", "stderr"], "values": [{"value": "    ", "step": null, "ts": 1639300729.6246643}]}, "version": 140}
{"obj": {"type": "LogStrings", "path": ["monitoring", "stderr"], "values": [{"value": "values = [", "step": null, "ts": 1639300729.6246643}]}, "version": 141}
{"obj": {"type": "LogStrings", "path": ["monitoring", "stderr"], "values": [{"value": "\n", "step": null, "ts": 1639300729.6246643}]}, "version": 142}
{"obj": {"type": "LogStrings", "path": ["monitoring", "stderr"], "values": [{"value": "  File \"C:\\Users\\Marc\\anaconda3\\envs\\deep\\lib\\site-packages\\neptune\\new\\attributes\\series\\file_series.py\", line 47, in <listcomp>\n", "step": null, "ts": 1639300729.6246643}]}, "version": 143}
{"obj": {"type": "LogStrings", "path": ["monitoring", "stderr"], "values": [{"value": "    ", "step": null, "ts": 1639300729.626666}]}, "version": 144}
{"obj": {"type": "LogStrings", "path": ["monitoring", "stderr"], "values": [{"value": "data=self._get_base64_image_content(val),", "step": null, "ts": 1639300729.626666}]}, "version": 145}
{"obj": {"type": "LogStrings", "path": ["monitoring", "stderr"], "values": [{"value": "\n", "step": null, "ts": 1639300729.626666}]}, "version": 146}
{"obj": {"type": "LogStrings", "path": ["monitoring", "stderr"], "values": [{"value": "  File \"C:\\Users\\Marc\\anaconda3\\envs\\deep\\lib\\site-packages\\neptune\\new\\attributes\\series\\file_series.py\", line 73, in _get_base64_image_content\n", "step": null, "ts": 1639300729.626666}]}, "version": 147}
{"obj": {"type": "LogStrings", "path": ["monitoring", "stderr"], "values": [{"value": "    ", "step": null, "ts": 1639300729.6276665}]}, "version": 148}
{"obj": {"type": "LogStrings", "path": ["monitoring", "stderr"], "values": [{"value": "file = File.from_stream(image_file)", "step": null, "ts": 1639300729.6276665}]}, "version": 149}
{"obj": {"type": "LogStrings", "path": ["monitoring", "stderr"], "values": [{"value": "\n", "step": null, "ts": 1639300729.6276665}]}, "version": 150}
{"obj": {"type": "LogStrings", "path": ["monitoring", "stderr"], "values": [{"value": "  File \"C:\\Users\\Marc\\anaconda3\\envs\\deep\\lib\\site-packages\\neptune\\new\\types\\atoms\\file.py\", line 139, in from_stream\n", "step": null, "ts": 1639300729.6276665}]}, "version": 151}
{"obj": {"type": "LogStrings", "path": ["monitoring", "stderr"], "values": [{"value": "    ", "step": null, "ts": 1639300729.6276665}]}, "version": 152}
{"obj": {"type": "LogStrings", "path": ["monitoring", "stderr"], "values": [{"value": "return File(content=content, extension=extension or stream_default_ext)", "step": null, "ts": 1639300729.6286678}]}, "version": 153}
{"obj": {"type": "LogStrings", "path": ["monitoring", "stderr"], "values": [{"value": "\n", "step": null, "ts": 1639300729.6286678}]}, "version": 154}
{"obj": {"type": "LogStrings", "path": ["monitoring", "stderr"], "values": [{"value": "  File \"C:\\Users\\Marc\\anaconda3\\envs\\deep\\lib\\site-packages\\neptune\\new\\types\\atoms\\file.py\", line 57, in __init__\n", "step": null, "ts": 1639300729.6286678}]}, "version": 155}
{"obj": {"type": "LogStrings", "path": ["monitoring", "stderr"], "values": [{"value": "    ", "step": null, "ts": 1639300729.6286678}]}, "version": 156}
{"obj": {"type": "LogStrings", "path": ["monitoring", "stderr"], "values": [{"value": "raise ValueError(\"path or content is required\")", "step": null, "ts": 1639300729.6286678}]}, "version": 157}
{"obj": {"type": "LogStrings", "path": ["monitoring", "stderr"], "values": [{"value": "\n", "step": null, "ts": 1639300729.6286678}]}, "version": 158}
{"obj": {"type": "LogStrings", "path": ["monitoring", "stderr"], "values": [{"value": "ValueError", "step": null, "ts": 1639300729.6296692}]}, "version": 159}
{"obj": {"type": "LogStrings", "path": ["monitoring", "stderr"], "values": [{"value": ": ", "step": null, "ts": 1639300729.6296692}]}, "version": 160}
{"obj": {"type": "LogStrings", "path": ["monitoring", "stderr"], "values": [{"value": "path or content is required", "step": null, "ts": 1639300729.6296692}]}, "version": 161}
{"obj": {"type": "LogStrings", "path": ["monitoring", "stderr"], "values": [{"value": "\n", "step": null, "ts": 1639300729.6296692}]}, "version": 162}
