{"obj": {"type": "AssignString", "path": ["sys", "name"], "value": "Untitled"}, "version": 1}
{"obj": {"type": "AssignString", "path": ["sys", "description"], "value": ""}, "version": 2}
{"obj": {"type": "AssignString", "path": ["sys", "hostname"], "value": "DESKTOP-SDMAFDQ"}, "version": 3}
{"obj": {"type": "AssignBool", "path": ["sys", "failed"], "value": false}, "version": 4}
{"obj": {"type": "ClearStringLog", "path": ["monitoring", "stdout"]}, "version": 5}
{"obj": {"type": "ClearStringLog", "path": ["monitoring", "stderr"]}, "version": 6}
{"obj": {"type": "AssignString", "path": ["source_code", "entrypoint"], "value": "max_learning-finder.py"}, "version": 7}
{"obj": {"type": "UploadFileSet", "path": ["source_code", "files"], "file_globs": ["C:\\Users\\Marc\\Documents\\GitHub\\Deep_final\\max_learning-finder.py"], "reset": "False"}, "version": 8}
{"obj": {"type": "ConfigFloatSeries", "path": ["monitoring", "cpu"], "min": 0.0, "max": 100.0, "unit": "%"}, "version": 9}
{"obj": {"type": "ClearFloatLog", "path": ["monitoring", "cpu"]}, "version": 10}
{"obj": {"type": "ConfigFloatSeries", "path": ["monitoring", "memory"], "min": 0.0, "max": 15.387199401855469, "unit": "GB"}, "version": 11}
{"obj": {"type": "ClearFloatLog", "path": ["monitoring", "memory"]}, "version": 12}
{"obj": {"type": "ConfigFloatSeries", "path": ["monitoring", "gpu"], "min": 0.0, "max": 100.0, "unit": "%"}, "version": 13}
{"obj": {"type": "ClearFloatLog", "path": ["monitoring", "gpu"]}, "version": 14}
{"obj": {"type": "ConfigFloatSeries", "path": ["monitoring", "gpu_memory"], "min": 0.0, "max": 4.0, "unit": "GB"}, "version": 15}
{"obj": {"type": "ClearFloatLog", "path": ["monitoring", "gpu_memory"]}, "version": 16}
{"obj": {"type": "LogFloats", "path": ["monitoring", "cpu"], "values": [{"value": 7.9, "step": null, "ts": 1639493485.8352704}]}, "version": 17}
{"obj": {"type": "LogFloats", "path": ["monitoring", "memory"], "values": [{"value": 7.104072570800781, "step": null, "ts": 1639493485.8352704}]}, "version": 18}
{"obj": {"type": "LogFloats", "path": ["monitoring", "gpu"], "values": [{"value": 3.0, "step": null, "ts": 1639493485.8352704}]}, "version": 19}
{"obj": {"type": "LogFloats", "path": ["monitoring", "gpu_memory"], "values": [{"value": 0.1513671875, "step": null, "ts": 1639493485.8352704}]}, "version": 20}
{"obj": {"type": "AssignString", "path": ["network", "parameters", "optimizer"], "value": "SGD"}, "version": 21}
{"obj": {"type": "AssignFloat", "path": ["network", "parameters", "optimizer_momentum"], "value": 0.9}, "version": 22}
{"obj": {"type": "AssignFloat", "path": ["network", "parameters", "optimizer_learning_rate"], "value": 0.1}, "version": 23}
{"obj": {"type": "AssignString", "path": ["network", "parameters", "loss_function"], "value": "MSEloss"}, "version": 24}
{"obj": {"type": "AssignString", "path": ["network", "parameters", "model"], "value": "GTA_Unet"}, "version": 25}
{"obj": {"type": "AssignString", "path": ["network", "parameters", "scheduler"], "value": "CyclicLR"}, "version": 26}
{"obj": {"type": "AssignFloat", "path": ["network", "parameters", "scheduler_base_lr"], "value": 0.001}, "version": 27}
{"obj": {"type": "AssignInt", "path": ["network", "parameters", "scheduler_max_lr"], "value": 2}, "version": 28}
{"obj": {"type": "AssignInt", "path": ["network", "parameters", "scheduler_step_size_up"], "value": 30}, "version": 29}
{"obj": {"type": "LogStrings", "path": ["monitoring", "stdout"], "values": [{"value": "Training epoch 0", "step": null, "ts": 1639493486.0664804}]}, "version": 30}
{"obj": {"type": "LogStrings", "path": ["monitoring", "stdout"], "values": [{"value": "\n", "step": null, "ts": 1639493486.0664804}]}, "version": 31}
{"obj": {"type": "LogFloats", "path": ["network", "learning_rate"], "values": [{"value": 0.001, "step": null, "ts": 1639493486.0664804}]}, "version": 32}
{"obj": {"type": "LogFloats", "path": ["network", "train_loss"], "values": [{"value": 0.09936960488557815, "step": null, "ts": 1639493488.7101088}]}, "version": 33}
{"obj": {"type": "LogStrings", "path": ["monitoring", "stdout"], "values": [{"value": "test count:", "step": null, "ts": 1639493488.8702543}]}, "version": 34}
{"obj": {"type": "LogStrings", "path": ["monitoring", "stdout"], "values": [{"value": " ", "step": null, "ts": 1639493488.8702543}]}, "version": 35}
{"obj": {"type": "LogStrings", "path": ["monitoring", "stdout"], "values": [{"value": "1", "step": null, "ts": 1639493488.8702543}]}, "version": 36}
{"obj": {"type": "LogStrings", "path": ["monitoring", "stdout"], "values": [{"value": "\n", "step": null, "ts": 1639493488.8702543}]}, "version": 37}
{"obj": {"type": "LogFloats", "path": ["network", "validation_acc_per_pic"], "values": [{"value": 0.10981666666666667, "step": null, "ts": 1639493488.9483254}]}, "version": 38}
{"obj": {"type": "LogFloats", "path": ["network", "validation_loss"], "values": [{"value": 0.09930592030286789, "step": null, "ts": 1639493488.9493265}]}, "version": 39}
{"obj": {"type": "LogStrings", "path": ["monitoring", "stdout"], "values": [{"value": "Training epoch 1", "step": null, "ts": 1639493488.9493265}]}, "version": 40}
{"obj": {"type": "LogStrings", "path": ["monitoring", "stdout"], "values": [{"value": "\n", "step": null, "ts": 1639493488.9493265}]}, "version": 41}
{"obj": {"type": "LogFloats", "path": ["network", "learning_rate"], "values": [{"value": 0.0676333333333331, "step": null, "ts": 1639493488.9493265}]}, "version": 42}
{"obj": {"type": "LogFloats", "path": ["network", "train_loss"], "values": [{"value": 0.09439212083816528, "step": null, "ts": 1639493490.0915596}]}, "version": 43}
{"obj": {"type": "LogStrings", "path": ["monitoring", "stdout"], "values": [{"value": "test count:", "step": null, "ts": 1639493490.2482662}]}, "version": 44}
{"obj": {"type": "LogStrings", "path": ["monitoring", "stdout"], "values": [{"value": " ", "step": null, "ts": 1639493490.2482662}]}, "version": 45}
{"obj": {"type": "LogStrings", "path": ["monitoring", "stdout"], "values": [{"value": "1", "step": null, "ts": 1639493490.2482662}]}, "version": 46}
{"obj": {"type": "LogStrings", "path": ["monitoring", "stdout"], "values": [{"value": "\n", "step": null, "ts": 1639493490.2492666}]}, "version": 47}
{"obj": {"type": "LogFloats", "path": ["network", "validation_acc_per_pic"], "values": [{"value": 0.265625, "step": null, "ts": 1639493490.3260844}]}, "version": 48}
{"obj": {"type": "LogFloats", "path": ["network", "validation_loss"], "values": [{"value": 0.09286589920520782, "step": null, "ts": 1639493490.3260844}]}, "version": 49}
{"obj": {"type": "LogStrings", "path": ["monitoring", "stdout"], "values": [{"value": "Training epoch 2", "step": null, "ts": 1639493490.3260844}]}, "version": 50}
{"obj": {"type": "LogStrings", "path": ["monitoring", "stdout"], "values": [{"value": "\n", "step": null, "ts": 1639493490.3270795}]}, "version": 51}
{"obj": {"type": "LogFloats", "path": ["network", "learning_rate"], "values": [{"value": 0.1342666666666671, "step": null, "ts": 1639493490.3270795}]}, "version": 52}
{"obj": {"type": "LogFloats", "path": ["network", "train_loss"], "values": [{"value": 0.0754643738269806, "step": null, "ts": 1639493491.4760118}]}, "version": 53}
{"obj": {"type": "LogStrings", "path": ["monitoring", "stdout"], "values": [{"value": "test count:", "step": null, "ts": 1639493491.627149}]}, "version": 54}
{"obj": {"type": "LogStrings", "path": ["monitoring", "stdout"], "values": [{"value": " ", "step": null, "ts": 1639493491.627149}]}, "version": 55}
{"obj": {"type": "LogStrings", "path": ["monitoring", "stdout"], "values": [{"value": "1", "step": null, "ts": 1639493491.627149}]}, "version": 56}
{"obj": {"type": "LogStrings", "path": ["monitoring", "stdout"], "values": [{"value": "\n", "step": null, "ts": 1639493491.627149}]}, "version": 57}
{"obj": {"type": "LogFloats", "path": ["network", "validation_acc_per_pic"], "values": [{"value": 0.4713833333333333, "step": null, "ts": 1639493491.70522}]}, "version": 58}
{"obj": {"type": "LogFloats", "path": ["network", "validation_loss"], "values": [{"value": 0.08448673039674759, "step": null, "ts": 1639493491.70522}]}, "version": 59}
{"obj": {"type": "LogStrings", "path": ["monitoring", "stdout"], "values": [{"value": "Training epoch 3", "step": null, "ts": 1639493491.706221}]}, "version": 60}
{"obj": {"type": "LogStrings", "path": ["monitoring", "stdout"], "values": [{"value": "\n", "step": null, "ts": 1639493491.706221}]}, "version": 61}
{"obj": {"type": "LogFloats", "path": ["network", "learning_rate"], "values": [{"value": 0.2009000000000002, "step": null, "ts": 1639493491.706221}]}, "version": 62}
{"obj": {"type": "LogFloats", "path": ["network", "train_loss"], "values": [{"value": 0.05527914389967918, "step": null, "ts": 1639493492.8476028}]}, "version": 63}
{"obj": {"type": "LogStrings", "path": ["monitoring", "stdout"], "values": [{"value": "test count:", "step": null, "ts": 1639493493.003744}]}, "version": 64}
{"obj": {"type": "LogStrings", "path": ["monitoring", "stdout"], "values": [{"value": " ", "step": null, "ts": 1639493493.003744}]}, "version": 65}
{"obj": {"type": "LogStrings", "path": ["monitoring", "stdout"], "values": [{"value": "1", "step": null, "ts": 1639493493.003744}]}, "version": 66}
{"obj": {"type": "LogStrings", "path": ["monitoring", "stdout"], "values": [{"value": "\n", "step": null, "ts": 1639493493.0047452}]}, "version": 67}
{"obj": {"type": "LogFloats", "path": ["network", "validation_acc_per_pic"], "values": [{"value": 0.5880416666666667, "step": null, "ts": 1639493493.0828164}]}, "version": 68}
{"obj": {"type": "LogFloats", "path": ["network", "validation_loss"], "values": [{"value": 0.06349077075719833, "step": null, "ts": 1639493493.0828164}]}, "version": 69}
{"obj": {"type": "LogStrings", "path": ["monitoring", "stdout"], "values": [{"value": "Training epoch 4", "step": null, "ts": 1639493493.0828164}]}, "version": 70}
{"obj": {"type": "LogStrings", "path": ["monitoring", "stdout"], "values": [{"value": "\n", "step": null, "ts": 1639493493.0828164}]}, "version": 71}
{"obj": {"type": "LogFloats", "path": ["network", "learning_rate"], "values": [{"value": 0.2675333333333333, "step": null, "ts": 1639493493.0828164}]}, "version": 72}
{"obj": {"type": "LogFloats", "path": ["network", "train_loss"], "values": [{"value": 0.03576224185526371, "step": null, "ts": 1639493494.2206817}]}, "version": 73}
{"obj": {"type": "LogStrings", "path": ["monitoring", "stdout"], "values": [{"value": "test count:", "step": null, "ts": 1639493494.3748236}]}, "version": 74}
{"obj": {"type": "LogStrings", "path": ["monitoring", "stdout"], "values": [{"value": " ", "step": null, "ts": 1639493494.3748236}]}, "version": 75}
{"obj": {"type": "LogStrings", "path": ["monitoring", "stdout"], "values": [{"value": "1", "step": null, "ts": 1639493494.3748236}]}, "version": 76}
{"obj": {"type": "LogStrings", "path": ["monitoring", "stdout"], "values": [{"value": "\n", "step": null, "ts": 1639493494.3748236}]}, "version": 77}
{"obj": {"type": "LogFloats", "path": ["network", "validation_acc_per_pic"], "values": [{"value": 0.5577583333333334, "step": null, "ts": 1639493494.452904}]}, "version": 78}
{"obj": {"type": "LogFloats", "path": ["network", "validation_loss"], "values": [{"value": 0.07030490785837173, "step": null, "ts": 1639493494.452904}]}, "version": 79}
{"obj": {"type": "LogStrings", "path": ["monitoring", "stdout"], "values": [{"value": "Training epoch 5", "step": null, "ts": 1639493494.452904}]}, "version": 80}
{"obj": {"type": "LogStrings", "path": ["monitoring", "stdout"], "values": [{"value": "\n", "step": null, "ts": 1639493494.452904}]}, "version": 81}
{"obj": {"type": "LogFloats", "path": ["network", "learning_rate"], "values": [{"value": 0.3341666666666664, "step": null, "ts": 1639493494.452904}]}, "version": 82}
{"obj": {"type": "LogFloats", "path": ["network", "train_loss"], "values": [{"value": 0.03331977017223835, "step": null, "ts": 1639493495.591171}]}, "version": 83}
{"obj": {"type": "LogStrings", "path": ["monitoring", "stdout"], "values": [{"value": "test count:", "step": null, "ts": 1639493495.7403076}]}, "version": 84}
{"obj": {"type": "LogStrings", "path": ["monitoring", "stdout"], "values": [{"value": " ", "step": null, "ts": 1639493495.7403076}]}, "version": 85}
{"obj": {"type": "LogStrings", "path": ["monitoring", "stdout"], "values": [{"value": "1", "step": null, "ts": 1639493495.7403076}]}, "version": 86}
{"obj": {"type": "LogStrings", "path": ["monitoring", "stdout"], "values": [{"value": "\n", "step": null, "ts": 1639493495.7403076}]}, "version": 87}
{"obj": {"type": "LogFloats", "path": ["network", "validation_acc_per_pic"], "values": [{"value": 0.694225, "step": null, "ts": 1639493495.817377}]}, "version": 88}
{"obj": {"type": "LogFloats", "path": ["network", "validation_loss"], "values": [{"value": 0.05420439690351486, "step": null, "ts": 1639493495.817377}]}, "version": 89}
{"obj": {"type": "LogStrings", "path": ["monitoring", "stdout"], "values": [{"value": "Training epoch 6", "step": null, "ts": 1639493495.818378}]}, "version": 90}
{"obj": {"type": "LogStrings", "path": ["monitoring", "stdout"], "values": [{"value": "\n", "step": null, "ts": 1639493495.818378}]}, "version": 91}
{"obj": {"type": "LogFloats", "path": ["network", "learning_rate"], "values": [{"value": 0.4008000000000004, "step": null, "ts": 1639493495.818378}]}, "version": 92}
{"obj": {"type": "LogFloats", "path": ["monitoring", "cpu"], "values": [{"value": 42.0, "step": null, "ts": 1639493495.8494058}]}, "version": 93}
{"obj": {"type": "LogFloats", "path": ["monitoring", "memory"], "values": [{"value": 8.696479797363281, "step": null, "ts": 1639493495.8494058}]}, "version": 94}
{"obj": {"type": "LogFloats", "path": ["monitoring", "gpu"], "values": [{"value": 49.0, "step": null, "ts": 1639493495.8494058}]}, "version": 95}
{"obj": {"type": "LogFloats", "path": ["monitoring", "gpu_memory"], "values": [{"value": 2.660308837890625, "step": null, "ts": 1639493495.8494058}]}, "version": 96}
{"obj": {"type": "LogFloats", "path": ["network", "train_loss"], "values": [{"value": 0.03515129592269659, "step": null, "ts": 1639493496.962133}]}, "version": 97}
{"obj": {"type": "LogStrings", "path": ["monitoring", "stdout"], "values": [{"value": "test count:", "step": null, "ts": 1639493497.1132703}]}, "version": 98}
{"obj": {"type": "LogStrings", "path": ["monitoring", "stdout"], "values": [{"value": " ", "step": null, "ts": 1639493497.114271}]}, "version": 99}
{"obj": {"type": "LogStrings", "path": ["monitoring", "stdout"], "values": [{"value": "1", "step": null, "ts": 1639493497.114271}]}, "version": 100}
{"obj": {"type": "LogStrings", "path": ["monitoring", "stdout"], "values": [{"value": "\n", "step": null, "ts": 1639493497.114271}]}, "version": 101}
{"obj": {"type": "LogFloats", "path": ["network", "validation_acc_per_pic"], "values": [{"value": 0.5681, "step": null, "ts": 1639493497.1923425}]}, "version": 102}
{"obj": {"type": "LogFloats", "path": ["network", "validation_loss"], "values": [{"value": 0.06961721926927567, "step": null, "ts": 1639493497.1923425}]}, "version": 103}
{"obj": {"type": "LogStrings", "path": ["monitoring", "stdout"], "values": [{"value": "Training epoch 7", "step": null, "ts": 1639493497.1923425}]}, "version": 104}
{"obj": {"type": "LogStrings", "path": ["monitoring", "stdout"], "values": [{"value": "\n", "step": null, "ts": 1639493497.1923425}]}, "version": 105}
{"obj": {"type": "LogFloats", "path": ["network", "learning_rate"], "values": [{"value": 0.4674333333333335, "step": null, "ts": 1639493497.1923425}]}, "version": 106}
{"obj": {"type": "LogFloats", "path": ["network", "train_loss"], "values": [{"value": 0.029322477243840694, "step": null, "ts": 1639493498.3346305}]}, "version": 107}
{"obj": {"type": "LogStrings", "path": ["monitoring", "stdout"], "values": [{"value": "test count:", "step": null, "ts": 1639493498.483766}]}, "version": 108}
{"obj": {"type": "LogStrings", "path": ["monitoring", "stdout"], "values": [{"value": " ", "step": null, "ts": 1639493498.483766}]}, "version": 109}
{"obj": {"type": "LogStrings", "path": ["monitoring", "stdout"], "values": [{"value": "1", "step": null, "ts": 1639493498.483766}]}, "version": 110}
{"obj": {"type": "LogStrings", "path": ["monitoring", "stdout"], "values": [{"value": "\n", "step": null, "ts": 1639493498.483766}]}, "version": 111}
{"obj": {"type": "LogFloats", "path": ["network", "validation_acc_per_pic"], "values": [{"value": 0.6138, "step": null, "ts": 1639493498.5611045}]}, "version": 112}
{"obj": {"type": "LogFloats", "path": ["network", "validation_loss"], "values": [{"value": 0.06302668154239655, "step": null, "ts": 1639493498.5611045}]}, "version": 113}
{"obj": {"type": "LogStrings", "path": ["monitoring", "stdout"], "values": [{"value": "Training epoch 8", "step": null, "ts": 1639493498.5611045}]}, "version": 114}
{"obj": {"type": "LogStrings", "path": ["monitoring", "stdout"], "values": [{"value": "\n", "step": null, "ts": 1639493498.5621061}]}, "version": 115}
{"obj": {"type": "LogFloats", "path": ["network", "learning_rate"], "values": [{"value": 0.5340666666666666, "step": null, "ts": 1639493498.5621061}]}, "version": 116}
{"obj": {"type": "LogFloats", "path": ["network", "train_loss"], "values": [{"value": 0.027755431085824966, "step": null, "ts": 1639493499.7055547}]}, "version": 117}
{"obj": {"type": "LogStrings", "path": ["monitoring", "stdout"], "values": [{"value": "test count:", "step": null, "ts": 1639493499.8576932}]}, "version": 118}
{"obj": {"type": "LogStrings", "path": ["monitoring", "stdout"], "values": [{"value": " ", "step": null, "ts": 1639493499.8586938}]}, "version": 119}
{"obj": {"type": "LogStrings", "path": ["monitoring", "stdout"], "values": [{"value": "1", "step": null, "ts": 1639493499.8586938}]}, "version": 120}
{"obj": {"type": "LogStrings", "path": ["monitoring", "stdout"], "values": [{"value": "\n", "step": null, "ts": 1639493499.8586938}]}, "version": 121}
{"obj": {"type": "LogFloats", "path": ["network", "validation_acc_per_pic"], "values": [{"value": 0.674225, "step": null, "ts": 1639493499.9357643}]}, "version": 122}
{"obj": {"type": "LogFloats", "path": ["network", "validation_loss"], "values": [{"value": 0.05481663718819618, "step": null, "ts": 1639493499.9367652}]}, "version": 123}
{"obj": {"type": "LogStrings", "path": ["monitoring", "stdout"], "values": [{"value": "Training epoch 9", "step": null, "ts": 1639493499.9367652}]}, "version": 124}
{"obj": {"type": "LogStrings", "path": ["monitoring", "stdout"], "values": [{"value": "\n", "step": null, "ts": 1639493499.9367652}]}, "version": 125}
{"obj": {"type": "LogFloats", "path": ["network", "learning_rate"], "values": [{"value": 0.6006999999999997, "step": null, "ts": 1639493499.9367652}]}, "version": 126}
{"obj": {"type": "LogFloats", "path": ["network", "train_loss"], "values": [{"value": 0.027006806433200838, "step": null, "ts": 1639493501.0840774}]}, "version": 127}
{"obj": {"type": "LogStrings", "path": ["monitoring", "stdout"], "values": [{"value": "test count:", "step": null, "ts": 1639493501.2482266}]}, "version": 128}
{"obj": {"type": "LogStrings", "path": ["monitoring", "stdout"], "values": [{"value": " ", "step": null, "ts": 1639493501.2482266}]}, "version": 129}
{"obj": {"type": "LogStrings", "path": ["monitoring", "stdout"], "values": [{"value": "1", "step": null, "ts": 1639493501.2482266}]}, "version": 130}
{"obj": {"type": "LogStrings", "path": ["monitoring", "stdout"], "values": [{"value": "\n", "step": null, "ts": 1639493501.2482266}]}, "version": 131}
{"obj": {"type": "LogFloats", "path": ["network", "validation_acc_per_pic"], "values": [{"value": 0.622575, "step": null, "ts": 1639493501.3262973}]}, "version": 132}
{"obj": {"type": "LogFloats", "path": ["network", "validation_loss"], "values": [{"value": 0.06398747861385345, "step": null, "ts": 1639493501.3262973}]}, "version": 133}
{"obj": {"type": "LogStrings", "path": ["monitoring", "stdout"], "values": [{"value": "Training epoch 10", "step": null, "ts": 1639493501.3262973}]}, "version": 134}
{"obj": {"type": "LogStrings", "path": ["monitoring", "stdout"], "values": [{"value": "\n", "step": null, "ts": 1639493501.3262973}]}, "version": 135}
{"obj": {"type": "LogFloats", "path": ["network", "learning_rate"], "values": [{"value": 0.6673333333333337, "step": null, "ts": 1639493501.3272984}]}, "version": 136}
{"obj": {"type": "LogFloats", "path": ["network", "train_loss"], "values": [{"value": 0.022352522052824498, "step": null, "ts": 1639493502.4650092}]}, "version": 137}
{"obj": {"type": "LogStrings", "path": ["monitoring", "stdout"], "values": [{"value": "test count:", "step": null, "ts": 1639493502.6144066}]}, "version": 138}
{"obj": {"type": "LogStrings", "path": ["monitoring", "stdout"], "values": [{"value": " ", "step": null, "ts": 1639493502.6144066}]}, "version": 139}
{"obj": {"type": "LogStrings", "path": ["monitoring", "stdout"], "values": [{"value": "1", "step": null, "ts": 1639493502.6144066}]}, "version": 140}
{"obj": {"type": "LogStrings", "path": ["monitoring", "stdout"], "values": [{"value": "\n", "step": null, "ts": 1639493502.6144066}]}, "version": 141}
{"obj": {"type": "LogFloats", "path": ["network", "validation_acc_per_pic"], "values": [{"value": 0.6104583333333333, "step": null, "ts": 1639493502.6914766}]}, "version": 142}
{"obj": {"type": "LogFloats", "path": ["network", "validation_loss"], "values": [{"value": 0.0641590878367424, "step": null, "ts": 1639493502.6924777}]}, "version": 143}
{"obj": {"type": "LogStrings", "path": ["monitoring", "stdout"], "values": [{"value": "Training epoch 11", "step": null, "ts": 1639493502.6924777}]}, "version": 144}
{"obj": {"type": "LogStrings", "path": ["monitoring", "stdout"], "values": [{"value": "\n", "step": null, "ts": 1639493502.6924777}]}, "version": 145}
{"obj": {"type": "LogFloats", "path": ["network", "learning_rate"], "values": [{"value": 0.7339666666666668, "step": null, "ts": 1639493502.6924777}]}, "version": 146}
{"obj": {"type": "LogFloats", "path": ["network", "train_loss"], "values": [{"value": 0.021796419657766818, "step": null, "ts": 1639493503.8318594}]}, "version": 147}
{"obj": {"type": "LogStrings", "path": ["monitoring", "stdout"], "values": [{"value": "test count:", "step": null, "ts": 1639493503.9819307}]}, "version": 148}
{"obj": {"type": "LogStrings", "path": ["monitoring", "stdout"], "values": [{"value": " ", "step": null, "ts": 1639493503.9819307}]}, "version": 149}
{"obj": {"type": "LogStrings", "path": ["monitoring", "stdout"], "values": [{"value": "1", "step": null, "ts": 1639493503.9819307}]}, "version": 150}
{"obj": {"type": "LogStrings", "path": ["monitoring", "stdout"], "values": [{"value": "\n", "step": null, "ts": 1639493503.9829316}]}, "version": 151}
{"obj": {"type": "LogFloats", "path": ["network", "validation_acc_per_pic"], "values": [{"value": 0.6183333333333333, "step": null, "ts": 1639493504.0600016}]}, "version": 152}
{"obj": {"type": "LogFloats", "path": ["network", "validation_loss"], "values": [{"value": 0.0666564553976059, "step": null, "ts": 1639493504.0600016}]}, "version": 153}
{"obj": {"type": "LogStrings", "path": ["monitoring", "stdout"], "values": [{"value": "Training epoch 12", "step": null, "ts": 1639493504.0600016}]}, "version": 154}
{"obj": {"type": "LogStrings", "path": ["monitoring", "stdout"], "values": [{"value": "\n", "step": null, "ts": 1639493504.0600016}]}, "version": 155}
{"obj": {"type": "LogFloats", "path": ["network", "learning_rate"], "values": [{"value": 0.8005999999999999, "step": null, "ts": 1639493504.0610025}]}, "version": 156}
{"obj": {"type": "LogFloats", "path": ["network", "train_loss"], "values": [{"value": 0.01959438659250736, "step": null, "ts": 1639493505.193309}]}, "version": 157}
{"obj": {"type": "LogStrings", "path": ["monitoring", "stdout"], "values": [{"value": "test count:", "step": null, "ts": 1639493505.3494503}]}, "version": 158}
{"obj": {"type": "LogStrings", "path": ["monitoring", "stdout"], "values": [{"value": " ", "step": null, "ts": 1639493505.3504512}]}, "version": 159}
{"obj": {"type": "LogStrings", "path": ["monitoring", "stdout"], "values": [{"value": "1", "step": null, "ts": 1639493505.3504512}]}, "version": 160}
{"obj": {"type": "LogStrings", "path": ["monitoring", "stdout"], "values": [{"value": "\n", "step": null, "ts": 1639493505.3504512}]}, "version": 161}
{"obj": {"type": "LogFloats", "path": ["network", "validation_acc_per_pic"], "values": [{"value": 0.59485, "step": null, "ts": 1639493505.4275224}]}, "version": 162}
{"obj": {"type": "LogFloats", "path": ["network", "validation_loss"], "values": [{"value": 0.07028499245643616, "step": null, "ts": 1639493505.4275224}]}, "version": 163}
{"obj": {"type": "LogStrings", "path": ["monitoring", "stdout"], "values": [{"value": "Training epoch 13", "step": null, "ts": 1639493505.4275224}]}, "version": 164}
{"obj": {"type": "LogStrings", "path": ["monitoring", "stdout"], "values": [{"value": "\n", "step": null, "ts": 1639493505.4285226}]}, "version": 165}
{"obj": {"type": "LogFloats", "path": ["network", "learning_rate"], "values": [{"value": 0.8672333333333339, "step": null, "ts": 1639493505.4285226}]}, "version": 166}
{"obj": {"type": "LogFloats", "path": ["monitoring", "cpu"], "values": [{"value": 49.0, "step": null, "ts": 1639493505.8661792}]}, "version": 167}
{"obj": {"type": "LogFloats", "path": ["monitoring", "memory"], "values": [{"value": 8.684879302978516, "step": null, "ts": 1639493505.8661792}]}, "version": 168}
{"obj": {"type": "LogFloats", "path": ["monitoring", "gpu"], "values": [{"value": 74.0, "step": null, "ts": 1639493505.8661792}]}, "version": 169}
{"obj": {"type": "LogFloats", "path": ["monitoring", "gpu_memory"], "values": [{"value": 2.660308837890625, "step": null, "ts": 1639493505.8661792}]}, "version": 170}
{"obj": {"type": "LogFloats", "path": ["network", "train_loss"], "values": [{"value": 0.024213385209441184, "step": null, "ts": 1639493506.5738215}]}, "version": 171}
{"obj": {"type": "LogStrings", "path": ["monitoring", "stdout"], "values": [{"value": "test count:", "step": null, "ts": 1639493506.727261}]}, "version": 172}
{"obj": {"type": "LogStrings", "path": ["monitoring", "stdout"], "values": [{"value": " ", "step": null, "ts": 1639493506.727261}]}, "version": 173}
{"obj": {"type": "LogStrings", "path": ["monitoring", "stdout"], "values": [{"value": "1", "step": null, "ts": 1639493506.727261}]}, "version": 174}
{"obj": {"type": "LogStrings", "path": ["monitoring", "stdout"], "values": [{"value": "\n", "step": null, "ts": 1639493506.727261}]}, "version": 175}
{"obj": {"type": "LogFloats", "path": ["network", "validation_acc_per_pic"], "values": [{"value": 0.598575, "step": null, "ts": 1639493506.805332}]}, "version": 176}
{"obj": {"type": "LogFloats", "path": ["network", "validation_loss"], "values": [{"value": 0.06794552505016327, "step": null, "ts": 1639493506.805332}]}, "version": 177}
{"obj": {"type": "LogStrings", "path": ["monitoring", "stdout"], "values": [{"value": "Training epoch 14", "step": null, "ts": 1639493506.805332}]}, "version": 178}
{"obj": {"type": "LogStrings", "path": ["monitoring", "stdout"], "values": [{"value": "\n", "step": null, "ts": 1639493506.805332}]}, "version": 179}
{"obj": {"type": "LogFloats", "path": ["network", "learning_rate"], "values": [{"value": 0.933866666666667, "step": null, "ts": 1639493506.805332}]}, "version": 180}
{"obj": {"type": "LogFloats", "path": ["network", "train_loss"], "values": [{"value": 0.021691964752972127, "step": null, "ts": 1639493507.9416187}]}, "version": 181}
{"obj": {"type": "LogStrings", "path": ["monitoring", "stdout"], "values": [{"value": "test count:", "step": null, "ts": 1639493508.093757}]}, "version": 182}
{"obj": {"type": "LogStrings", "path": ["monitoring", "stdout"], "values": [{"value": " ", "step": null, "ts": 1639493508.0947578}]}, "version": 183}
{"obj": {"type": "LogStrings", "path": ["monitoring", "stdout"], "values": [{"value": "1", "step": null, "ts": 1639493508.0947578}]}, "version": 184}
{"obj": {"type": "LogStrings", "path": ["monitoring", "stdout"], "values": [{"value": "\n", "step": null, "ts": 1639493508.0947578}]}, "version": 185}
{"obj": {"type": "LogFloats", "path": ["network", "validation_acc_per_pic"], "values": [{"value": 0.6474916666666667, "step": null, "ts": 1639493508.1718278}]}, "version": 186}
{"obj": {"type": "LogFloats", "path": ["network", "validation_loss"], "values": [{"value": 0.05945098027586937, "step": null, "ts": 1639493508.1718278}]}, "version": 187}
{"obj": {"type": "LogStrings", "path": ["monitoring", "stdout"], "values": [{"value": "Training epoch 15", "step": null, "ts": 1639493508.1718278}]}, "version": 188}
{"obj": {"type": "LogStrings", "path": ["monitoring", "stdout"], "values": [{"value": "\n", "step": null, "ts": 1639493508.1728287}]}, "version": 189}
{"obj": {"type": "LogFloats", "path": ["network", "learning_rate"], "values": [{"value": 1.0005, "step": null, "ts": 1639493508.1728287}]}, "version": 190}
{"obj": {"type": "LogFloats", "path": ["network", "train_loss"], "values": [{"value": 0.01719366982579231, "step": null, "ts": 1639493509.3151507}]}, "version": 191}
{"obj": {"type": "LogStrings", "path": ["monitoring", "stdout"], "values": [{"value": "test count:", "step": null, "ts": 1639493509.4722955}]}, "version": 192}
{"obj": {"type": "LogStrings", "path": ["monitoring", "stdout"], "values": [{"value": " ", "step": null, "ts": 1639493509.4722955}]}, "version": 193}
{"obj": {"type": "LogStrings", "path": ["monitoring", "stdout"], "values": [{"value": "1", "step": null, "ts": 1639493509.4722955}]}, "version": 194}
{"obj": {"type": "LogStrings", "path": ["monitoring", "stdout"], "values": [{"value": "\n", "step": null, "ts": 1639493509.4722955}]}, "version": 195}
{"obj": {"type": "LogFloats", "path": ["network", "validation_acc_per_pic"], "values": [{"value": 0.6170416666666667, "step": null, "ts": 1639493509.550369}]}, "version": 196}
{"obj": {"type": "LogFloats", "path": ["network", "validation_loss"], "values": [{"value": 0.0695507675409317, "step": null, "ts": 1639493509.550369}]}, "version": 197}
{"obj": {"type": "LogStrings", "path": ["monitoring", "stdout"], "values": [{"value": "Training epoch 16", "step": null, "ts": 1639493509.550369}]}, "version": 198}
{"obj": {"type": "LogStrings", "path": ["monitoring", "stdout"], "values": [{"value": "\n", "step": null, "ts": 1639493509.550369}]}, "version": 199}
{"obj": {"type": "LogFloats", "path": ["network", "learning_rate"], "values": [{"value": 1.067133333333333, "step": null, "ts": 1639493509.550369}]}, "version": 200}
{"obj": {"type": "LogFloats", "path": ["network", "train_loss"], "values": [{"value": 0.01627329895272851, "step": null, "ts": 1639493510.6929443}]}, "version": 201}
{"obj": {"type": "LogStrings", "path": ["monitoring", "stdout"], "values": [{"value": "test count:", "step": null, "ts": 1639493510.8475215}]}, "version": 202}
{"obj": {"type": "LogStrings", "path": ["monitoring", "stdout"], "values": [{"value": " ", "step": null, "ts": 1639493510.8475215}]}, "version": 203}
{"obj": {"type": "LogStrings", "path": ["monitoring", "stdout"], "values": [{"value": "1", "step": null, "ts": 1639493510.8475215}]}, "version": 204}
{"obj": {"type": "LogStrings", "path": ["monitoring", "stdout"], "values": [{"value": "\n", "step": null, "ts": 1639493510.8475215}]}, "version": 205}
{"obj": {"type": "LogFloats", "path": ["network", "validation_acc_per_pic"], "values": [{"value": 0.6065583333333333, "step": null, "ts": 1639493510.9255927}]}, "version": 206}
{"obj": {"type": "LogFloats", "path": ["network", "validation_loss"], "values": [{"value": 0.07093582302331924, "step": null, "ts": 1639493510.9255927}]}, "version": 207}
{"obj": {"type": "LogStrings", "path": ["monitoring", "stdout"], "values": [{"value": "Training epoch 17", "step": null, "ts": 1639493510.9255927}]}, "version": 208}
{"obj": {"type": "LogStrings", "path": ["monitoring", "stdout"], "values": [{"value": "\n", "step": null, "ts": 1639493510.9255927}]}, "version": 209}
{"obj": {"type": "LogFloats", "path": ["network", "learning_rate"], "values": [{"value": 1.1337666666666661, "step": null, "ts": 1639493510.9255927}]}, "version": 210}
{"obj": {"type": "LogFloats", "path": ["network", "train_loss"], "values": [{"value": 0.01818348132073879, "step": null, "ts": 1639493512.0639067}]}, "version": 211}
{"obj": {"type": "LogStrings", "path": ["monitoring", "stdout"], "values": [{"value": "test count:", "step": null, "ts": 1639493512.2150445}]}, "version": 212}
{"obj": {"type": "LogStrings", "path": ["monitoring", "stdout"], "values": [{"value": " ", "step": null, "ts": 1639493512.2150445}]}, "version": 213}
{"obj": {"type": "LogStrings", "path": ["monitoring", "stdout"], "values": [{"value": "1", "step": null, "ts": 1639493512.2150445}]}, "version": 214}
{"obj": {"type": "LogStrings", "path": ["monitoring", "stdout"], "values": [{"value": "\n", "step": null, "ts": 1639493512.2150445}]}, "version": 215}
{"obj": {"type": "LogFloats", "path": ["network", "validation_acc_per_pic"], "values": [{"value": 0.6379083333333333, "step": null, "ts": 1639493512.292114}]}, "version": 216}
{"obj": {"type": "LogFloats", "path": ["network", "validation_loss"], "values": [{"value": 0.06373324990272522, "step": null, "ts": 1639493512.293115}]}, "version": 217}
{"obj": {"type": "LogStrings", "path": ["monitoring", "stdout"], "values": [{"value": "Training epoch 18", "step": null, "ts": 1639493512.293115}]}, "version": 218}
{"obj": {"type": "LogStrings", "path": ["monitoring", "stdout"], "values": [{"value": "\n", "step": null, "ts": 1639493512.293115}]}, "version": 219}
{"obj": {"type": "LogFloats", "path": ["network", "learning_rate"], "values": [{"value": 1.2004000000000001, "step": null, "ts": 1639493512.293115}]}, "version": 220}
{"obj": {"type": "LogFloats", "path": ["network", "train_loss"], "values": [{"value": 0.01477974271401763, "step": null, "ts": 1639493513.4364262}]}, "version": 221}
{"obj": {"type": "LogStrings", "path": ["monitoring", "stdout"], "values": [{"value": "test count:", "step": null, "ts": 1639493513.587563}]}, "version": 222}
{"obj": {"type": "LogStrings", "path": ["monitoring", "stdout"], "values": [{"value": " ", "step": null, "ts": 1639493513.587563}]}, "version": 223}
{"obj": {"type": "LogStrings", "path": ["monitoring", "stdout"], "values": [{"value": "1", "step": null, "ts": 1639493513.587563}]}, "version": 224}
{"obj": {"type": "LogStrings", "path": ["monitoring", "stdout"], "values": [{"value": "\n", "step": null, "ts": 1639493513.587563}]}, "version": 225}
{"obj": {"type": "LogFloats", "path": ["network", "validation_acc_per_pic"], "values": [{"value": 0.6670166666666667, "step": null, "ts": 1639493513.664633}]}, "version": 226}
{"obj": {"type": "LogFloats", "path": ["network", "validation_loss"], "values": [{"value": 0.05913945287466049, "step": null, "ts": 1639493513.664633}]}, "version": 227}
{"obj": {"type": "LogStrings", "path": ["monitoring", "stdout"], "values": [{"value": "Training epoch 19", "step": null, "ts": 1639493513.6656342}]}, "version": 228}
{"obj": {"type": "LogStrings", "path": ["monitoring", "stdout"], "values": [{"value": "\n", "step": null, "ts": 1639493513.6656342}]}, "version": 229}
{"obj": {"type": "LogFloats", "path": ["network", "learning_rate"], "values": [{"value": 1.2670333333333332, "step": null, "ts": 1639493513.6656342}]}, "version": 230}
{"obj": {"type": "LogFloats", "path": ["network", "train_loss"], "values": [{"value": 0.01476938473060727, "step": null, "ts": 1639493514.7997553}]}, "version": 231}
{"obj": {"type": "LogStrings", "path": ["monitoring", "stdout"], "values": [{"value": "test count:", "step": null, "ts": 1639493514.9529994}]}, "version": 232}
{"obj": {"type": "LogStrings", "path": ["monitoring", "stdout"], "values": [{"value": " ", "step": null, "ts": 1639493514.9529994}]}, "version": 233}
{"obj": {"type": "LogStrings", "path": ["monitoring", "stdout"], "values": [{"value": "1", "step": null, "ts": 1639493514.9529994}]}, "version": 234}
{"obj": {"type": "LogStrings", "path": ["monitoring", "stdout"], "values": [{"value": "\n", "step": null, "ts": 1639493514.9529994}]}, "version": 235}
{"obj": {"type": "LogFloats", "path": ["network", "validation_acc_per_pic"], "values": [{"value": 0.6330083333333333, "step": null, "ts": 1639493515.0310733}]}, "version": 236}
{"obj": {"type": "LogFloats", "path": ["network", "validation_loss"], "values": [{"value": 0.06449513137340546, "step": null, "ts": 1639493515.0310733}]}, "version": 237}
{"obj": {"type": "LogStrings", "path": ["monitoring", "stdout"], "values": [{"value": "Training epoch 20", "step": null, "ts": 1639493515.0310733}]}, "version": 238}
{"obj": {"type": "LogStrings", "path": ["monitoring", "stdout"], "values": [{"value": "\n", "step": null, "ts": 1639493515.0310733}]}, "version": 239}
{"obj": {"type": "LogFloats", "path": ["network", "learning_rate"], "values": [{"value": 1.3336666666666663, "step": null, "ts": 1639493515.0310733}]}, "version": 240}
{"obj": {"type": "LogFloats", "path": ["monitoring", "cpu"], "values": [{"value": 49.1, "step": null, "ts": 1639493515.8825164}]}, "version": 241}
{"obj": {"type": "LogFloats", "path": ["monitoring", "memory"], "values": [{"value": 8.64162826538086, "step": null, "ts": 1639493515.8825164}]}, "version": 242}
{"obj": {"type": "LogFloats", "path": ["monitoring", "gpu"], "values": [{"value": 72.0, "step": null, "ts": 1639493515.8825164}]}, "version": 243}
{"obj": {"type": "LogFloats", "path": ["monitoring", "gpu_memory"], "values": [{"value": 2.660308837890625, "step": null, "ts": 1639493515.8825164}]}, "version": 244}
{"obj": {"type": "LogFloats", "path": ["network", "train_loss"], "values": [{"value": 0.01574065927416086, "step": null, "ts": 1639493516.176786}]}, "version": 245}
{"obj": {"type": "LogStrings", "path": ["monitoring", "stdout"], "values": [{"value": "test count:", "step": null, "ts": 1639493516.3377564}]}, "version": 246}
{"obj": {"type": "LogStrings", "path": ["monitoring", "stdout"], "values": [{"value": " ", "step": null, "ts": 1639493516.3377564}]}, "version": 247}
{"obj": {"type": "LogStrings", "path": ["monitoring", "stdout"], "values": [{"value": "1", "step": null, "ts": 1639493516.3377564}]}, "version": 248}
{"obj": {"type": "LogStrings", "path": ["monitoring", "stdout"], "values": [{"value": "\n", "step": null, "ts": 1639493516.3377564}]}, "version": 249}
{"obj": {"type": "LogFloats", "path": ["network", "validation_acc_per_pic"], "values": [{"value": 0.5611416666666666, "step": null, "ts": 1639493516.4164205}]}, "version": 250}
{"obj": {"type": "LogFloats", "path": ["network", "validation_loss"], "values": [{"value": 0.08018288761377335, "step": null, "ts": 1639493516.4164205}]}, "version": 251}
{"obj": {"type": "LogStrings", "path": ["monitoring", "stdout"], "values": [{"value": "Training epoch 21", "step": null, "ts": 1639493516.4164205}]}, "version": 252}
{"obj": {"type": "LogStrings", "path": ["monitoring", "stdout"], "values": [{"value": "\n", "step": null, "ts": 1639493516.4164205}]}, "version": 253}
{"obj": {"type": "LogFloats", "path": ["network", "learning_rate"], "values": [{"value": 1.4003000000000003, "step": null, "ts": 1639493516.4164205}]}, "version": 254}
{"obj": {"type": "LogFloats", "path": ["network", "train_loss"], "values": [{"value": 0.017756863683462142, "step": null, "ts": 1639493517.5814514}]}, "version": 255}
{"obj": {"type": "LogStrings", "path": ["monitoring", "stdout"], "values": [{"value": "test count:", "step": null, "ts": 1639493517.737593}]}, "version": 256}
{"obj": {"type": "LogStrings", "path": ["monitoring", "stdout"], "values": [{"value": " ", "step": null, "ts": 1639493517.737593}]}, "version": 257}
{"obj": {"type": "LogStrings", "path": ["monitoring", "stdout"], "values": [{"value": "1", "step": null, "ts": 1639493517.737593}]}, "version": 258}
{"obj": {"type": "LogStrings", "path": ["monitoring", "stdout"], "values": [{"value": "\n", "step": null, "ts": 1639493517.737593}]}, "version": 259}
{"obj": {"type": "LogFloats", "path": ["network", "validation_acc_per_pic"], "values": [{"value": 0.6121333333333333, "step": null, "ts": 1639493517.8170185}]}, "version": 260}
{"obj": {"type": "LogFloats", "path": ["network", "validation_loss"], "values": [{"value": 0.06903126090765, "step": null, "ts": 1639493517.8170185}]}, "version": 261}
{"obj": {"type": "LogStrings", "path": ["monitoring", "stdout"], "values": [{"value": "Training epoch 22", "step": null, "ts": 1639493517.8170185}]}, "version": 262}
{"obj": {"type": "LogStrings", "path": ["monitoring", "stdout"], "values": [{"value": "\n", "step": null, "ts": 1639493517.8170185}]}, "version": 263}
{"obj": {"type": "LogFloats", "path": ["network", "learning_rate"], "values": [{"value": 1.4669333333333334, "step": null, "ts": 1639493517.8170185}]}, "version": 264}
{"obj": {"type": "LogFloats", "path": ["network", "train_loss"], "values": [{"value": 0.01578534338623285, "step": null, "ts": 1639493518.988772}]}, "version": 265}
{"obj": {"type": "LogStrings", "path": ["monitoring", "stdout"], "values": [{"value": "test count:", "step": null, "ts": 1639493519.1389081}]}, "version": 266}
{"obj": {"type": "LogStrings", "path": ["monitoring", "stdout"], "values": [{"value": " ", "step": null, "ts": 1639493519.1389081}]}, "version": 267}
{"obj": {"type": "LogStrings", "path": ["monitoring", "stdout"], "values": [{"value": "1", "step": null, "ts": 1639493519.1389081}]}, "version": 268}
{"obj": {"type": "LogStrings", "path": ["monitoring", "stdout"], "values": [{"value": "\n", "step": null, "ts": 1639493519.1389081}]}, "version": 269}
{"obj": {"type": "LogFloats", "path": ["network", "validation_acc_per_pic"], "values": [{"value": 0.5886666666666667, "step": null, "ts": 1639493519.2169793}]}, "version": 270}
{"obj": {"type": "LogFloats", "path": ["network", "validation_loss"], "values": [{"value": 0.06691346317529678, "step": null, "ts": 1639493519.2169793}]}, "version": 271}
{"obj": {"type": "LogStrings", "path": ["monitoring", "stdout"], "values": [{"value": "Training epoch 23", "step": null, "ts": 1639493519.2169793}]}, "version": 272}
{"obj": {"type": "LogStrings", "path": ["monitoring", "stdout"], "values": [{"value": "\n", "step": null, "ts": 1639493519.2179801}]}, "version": 273}
{"obj": {"type": "LogFloats", "path": ["network", "learning_rate"], "values": [{"value": 1.5335666666666665, "step": null, "ts": 1639493519.2179801}]}, "version": 274}
{"obj": {"type": "LogFloats", "path": ["network", "train_loss"], "values": [{"value": 0.0154663004912436, "step": null, "ts": 1639493520.389434}]}, "version": 275}
{"obj": {"type": "LogStrings", "path": ["monitoring", "stdout"], "values": [{"value": "test count:", "step": null, "ts": 1639493520.5384293}]}, "version": 276}
{"obj": {"type": "LogStrings", "path": ["monitoring", "stdout"], "values": [{"value": " ", "step": null, "ts": 1639493520.5384293}]}, "version": 277}
{"obj": {"type": "LogStrings", "path": ["monitoring", "stdout"], "values": [{"value": "1", "step": null, "ts": 1639493520.5384293}]}, "version": 278}
{"obj": {"type": "LogStrings", "path": ["monitoring", "stdout"], "values": [{"value": "\n", "step": null, "ts": 1639493520.5394304}]}, "version": 279}
{"obj": {"type": "LogFloats", "path": ["network", "validation_acc_per_pic"], "values": [{"value": 0.6065083333333333, "step": null, "ts": 1639493520.6170592}]}, "version": 280}
{"obj": {"type": "LogFloats", "path": ["network", "validation_loss"], "values": [{"value": 0.07222698628902435, "step": null, "ts": 1639493520.6170592}]}, "version": 281}
{"obj": {"type": "LogStrings", "path": ["monitoring", "stdout"], "values": [{"value": "Training epoch 24", "step": null, "ts": 1639493520.61806}]}, "version": 282}
{"obj": {"type": "LogStrings", "path": ["monitoring", "stdout"], "values": [{"value": "\n", "step": null, "ts": 1639493520.61806}]}, "version": 283}
{"obj": {"type": "LogFloats", "path": ["network", "learning_rate"], "values": [{"value": 1.6001999999999996, "step": null, "ts": 1639493520.61806}]}, "version": 284}
{"obj": {"type": "LogFloats", "path": ["network", "train_loss"], "values": [{"value": 0.017622591555118562, "step": null, "ts": 1639493521.760995}]}, "version": 285}
{"obj": {"type": "LogStrings", "path": ["monitoring", "stdout"], "values": [{"value": "test count:", "step": null, "ts": 1639493521.9127905}]}, "version": 286}
{"obj": {"type": "LogStrings", "path": ["monitoring", "stdout"], "values": [{"value": " ", "step": null, "ts": 1639493521.9127905}]}, "version": 287}
{"obj": {"type": "LogStrings", "path": ["monitoring", "stdout"], "values": [{"value": "1", "step": null, "ts": 1639493521.9127905}]}, "version": 288}
{"obj": {"type": "LogStrings", "path": ["monitoring", "stdout"], "values": [{"value": "\n", "step": null, "ts": 1639493521.9137912}]}, "version": 289}
{"obj": {"type": "LogFloats", "path": ["network", "validation_acc_per_pic"], "values": [{"value": 0.5849166666666666, "step": null, "ts": 1639493521.9908614}]}, "version": 290}
{"obj": {"type": "LogFloats", "path": ["network", "validation_loss"], "values": [{"value": 0.07250526547431946, "step": null, "ts": 1639493521.9918623}]}, "version": 291}
{"obj": {"type": "LogStrings", "path": ["monitoring", "stdout"], "values": [{"value": "Training epoch 25", "step": null, "ts": 1639493521.9918623}]}, "version": 292}
{"obj": {"type": "LogStrings", "path": ["monitoring", "stdout"], "values": [{"value": "\n", "step": null, "ts": 1639493521.9918623}]}, "version": 293}
{"obj": {"type": "LogFloats", "path": ["network", "learning_rate"], "values": [{"value": 1.6668333333333336, "step": null, "ts": 1639493521.9918623}]}, "version": 294}
{"obj": {"type": "LogFloats", "path": ["network", "train_loss"], "values": [{"value": 0.01475246362388134, "step": null, "ts": 1639493523.1301947}]}, "version": 295}
{"obj": {"type": "LogStrings", "path": ["monitoring", "stdout"], "values": [{"value": "test count:", "step": null, "ts": 1639493523.279903}]}, "version": 296}
{"obj": {"type": "LogStrings", "path": ["monitoring", "stdout"], "values": [{"value": " ", "step": null, "ts": 1639493523.279903}]}, "version": 297}
{"obj": {"type": "LogStrings", "path": ["monitoring", "stdout"], "values": [{"value": "1", "step": null, "ts": 1639493523.279903}]}, "version": 298}
{"obj": {"type": "LogStrings", "path": ["monitoring", "stdout"], "values": [{"value": "\n", "step": null, "ts": 1639493523.279903}]}, "version": 299}
{"obj": {"type": "LogFloats", "path": ["network", "validation_acc_per_pic"], "values": [{"value": 0.6133, "step": null, "ts": 1639493523.3573046}]}, "version": 300}
{"obj": {"type": "LogFloats", "path": ["network", "validation_loss"], "values": [{"value": 0.06692055612802505, "step": null, "ts": 1639493523.3573046}]}, "version": 301}
{"obj": {"type": "LogStrings", "path": ["monitoring", "stdout"], "values": [{"value": "Training epoch 26", "step": null, "ts": 1639493523.3573046}]}, "version": 302}
{"obj": {"type": "LogStrings", "path": ["monitoring", "stdout"], "values": [{"value": "\n", "step": null, "ts": 1639493523.3573046}]}, "version": 303}
{"obj": {"type": "LogFloats", "path": ["network", "learning_rate"], "values": [{"value": 1.7334666666666667, "step": null, "ts": 1639493523.3573046}]}, "version": 304}
{"obj": {"type": "LogFloats", "path": ["network", "train_loss"], "values": [{"value": 0.014266026113182307, "step": null, "ts": 1639493524.5023906}]}, "version": 305}
{"obj": {"type": "LogStrings", "path": ["monitoring", "stdout"], "values": [{"value": "test count:", "step": null, "ts": 1639493524.6565216}]}, "version": 306}
{"obj": {"type": "LogStrings", "path": ["monitoring", "stdout"], "values": [{"value": " ", "step": null, "ts": 1639493524.6565216}]}, "version": 307}
{"obj": {"type": "LogStrings", "path": ["monitoring", "stdout"], "values": [{"value": "1", "step": null, "ts": 1639493524.6565216}]}, "version": 308}
{"obj": {"type": "LogStrings", "path": ["monitoring", "stdout"], "values": [{"value": "\n", "step": null, "ts": 1639493524.6565216}]}, "version": 309}
{"obj": {"type": "LogFloats", "path": ["network", "validation_acc_per_pic"], "values": [{"value": 0.6229083333333333, "step": null, "ts": 1639493524.7345922}]}, "version": 310}
{"obj": {"type": "LogFloats", "path": ["network", "validation_loss"], "values": [{"value": 0.06527278572320938, "step": null, "ts": 1639493524.7355933}]}, "version": 311}
{"obj": {"type": "LogStrings", "path": ["monitoring", "stdout"], "values": [{"value": "Training epoch 27", "step": null, "ts": 1639493524.7355933}]}, "version": 312}
{"obj": {"type": "LogStrings", "path": ["monitoring", "stdout"], "values": [{"value": "\n", "step": null, "ts": 1639493524.7355933}]}, "version": 313}
{"obj": {"type": "LogFloats", "path": ["network", "learning_rate"], "values": [{"value": 1.8000999999999998, "step": null, "ts": 1639493524.7355933}]}, "version": 314}
{"obj": {"type": "LogFloats", "path": ["monitoring", "cpu"], "values": [{"value": 48.7, "step": null, "ts": 1639493525.8875356}]}, "version": 315}
{"obj": {"type": "LogFloats", "path": ["monitoring", "memory"], "values": [{"value": 8.641571044921875, "step": null, "ts": 1639493525.8875356}]}, "version": 316}
{"obj": {"type": "LogFloats", "path": ["monitoring", "gpu"], "values": [{"value": 69.0, "step": null, "ts": 1639493525.8875356}]}, "version": 317}
{"obj": {"type": "LogFloats", "path": ["monitoring", "gpu_memory"], "values": [{"value": 2.660308837890625, "step": null, "ts": 1639493525.8875356}]}, "version": 318}
{"obj": {"type": "LogFloats", "path": ["network", "train_loss"], "values": [{"value": 0.013793263770639896, "step": null, "ts": 1639493525.8975446}]}, "version": 319}
{"obj": {"type": "LogStrings", "path": ["monitoring", "stdout"], "values": [{"value": "test count:", "step": null, "ts": 1639493526.0501854}]}, "version": 320}
{"obj": {"type": "LogStrings", "path": ["monitoring", "stdout"], "values": [{"value": " ", "step": null, "ts": 1639493526.051186}]}, "version": 321}
{"obj": {"type": "LogStrings", "path": ["monitoring", "stdout"], "values": [{"value": "1", "step": null, "ts": 1639493526.051186}]}, "version": 322}
{"obj": {"type": "LogStrings", "path": ["monitoring", "stdout"], "values": [{"value": "\n", "step": null, "ts": 1639493526.051186}]}, "version": 323}
{"obj": {"type": "LogFloats", "path": ["network", "validation_acc_per_pic"], "values": [{"value": 0.5850166666666666, "step": null, "ts": 1639493526.1280224}]}, "version": 324}
{"obj": {"type": "LogFloats", "path": ["network", "validation_loss"], "values": [{"value": 0.07568380236625671, "step": null, "ts": 1639493526.1280224}]}, "version": 325}
{"obj": {"type": "LogStrings", "path": ["monitoring", "stdout"], "values": [{"value": "Training epoch 28", "step": null, "ts": 1639493526.1280224}]}, "version": 326}
{"obj": {"type": "LogStrings", "path": ["monitoring", "stdout"], "values": [{"value": "\n", "step": null, "ts": 1639493526.1280224}]}, "version": 327}
{"obj": {"type": "LogFloats", "path": ["network", "learning_rate"], "values": [{"value": 1.8667333333333338, "step": null, "ts": 1639493526.129023}]}, "version": 328}
{"obj": {"type": "LogFloats", "path": ["network", "train_loss"], "values": [{"value": 0.01686742715537548, "step": null, "ts": 1639493527.2693317}]}, "version": 329}
{"obj": {"type": "LogStrings", "path": ["monitoring", "stdout"], "values": [{"value": "test count:", "step": null, "ts": 1639493527.4282699}]}, "version": 330}
{"obj": {"type": "LogStrings", "path": ["monitoring", "stdout"], "values": [{"value": " ", "step": null, "ts": 1639493527.4282699}]}, "version": 331}
{"obj": {"type": "LogStrings", "path": ["monitoring", "stdout"], "values": [{"value": "1", "step": null, "ts": 1639493527.4282699}]}, "version": 332}
{"obj": {"type": "LogStrings", "path": ["monitoring", "stdout"], "values": [{"value": "\n", "step": null, "ts": 1639493527.4282699}]}, "version": 333}
{"obj": {"type": "LogFloats", "path": ["network", "validation_acc_per_pic"], "values": [{"value": 0.5490166666666667, "step": null, "ts": 1639493527.5083425}]}, "version": 334}
{"obj": {"type": "LogFloats", "path": ["network", "validation_loss"], "values": [{"value": 0.07574006170034409, "step": null, "ts": 1639493527.5083425}]}, "version": 335}
{"obj": {"type": "LogStrings", "path": ["monitoring", "stdout"], "values": [{"value": "Training epoch 29", "step": null, "ts": 1639493527.5083425}]}, "version": 336}
{"obj": {"type": "LogStrings", "path": ["monitoring", "stdout"], "values": [{"value": "\n", "step": null, "ts": 1639493527.5083425}]}, "version": 337}
{"obj": {"type": "LogFloats", "path": ["network", "learning_rate"], "values": [{"value": 1.933366666666667, "step": null, "ts": 1639493527.5083425}]}, "version": 338}
{"obj": {"type": "LogFloats", "path": ["network", "train_loss"], "values": [{"value": 0.018788602948188782, "step": null, "ts": 1639493528.650413}]}, "version": 339}
{"obj": {"type": "LogStrings", "path": ["monitoring", "stdout"], "values": [{"value": "test count:", "step": null, "ts": 1639493528.8005493}]}, "version": 340}
{"obj": {"type": "LogStrings", "path": ["monitoring", "stdout"], "values": [{"value": " ", "step": null, "ts": 1639493528.8005493}]}, "version": 341}
{"obj": {"type": "LogStrings", "path": ["monitoring", "stdout"], "values": [{"value": "1", "step": null, "ts": 1639493528.8005493}]}, "version": 342}
{"obj": {"type": "LogStrings", "path": ["monitoring", "stdout"], "values": [{"value": "\n", "step": null, "ts": 1639493528.8015506}]}, "version": 343}
{"obj": {"type": "LogFloats", "path": ["network", "validation_acc_per_pic"], "values": [{"value": 0.5946833333333333, "step": null, "ts": 1639493528.8784385}]}, "version": 344}
{"obj": {"type": "LogFloats", "path": ["network", "validation_loss"], "values": [{"value": 0.06840052455663681, "step": null, "ts": 1639493528.8784385}]}, "version": 345}
{"obj": {"type": "LogStrings", "path": ["monitoring", "stdout"], "values": [{"value": "Training epoch 30", "step": null, "ts": 1639493528.8794396}]}, "version": 346}
{"obj": {"type": "LogStrings", "path": ["monitoring", "stdout"], "values": [{"value": "\n", "step": null, "ts": 1639493528.8794396}]}, "version": 347}
{"obj": {"type": "LogFloats", "path": ["network", "learning_rate"], "values": [{"value": 2.0, "step": null, "ts": 1639493528.8794396}]}, "version": 348}
{"obj": {"type": "LogFloats", "path": ["network", "train_loss"], "values": [{"value": 0.015839275624603032, "step": null, "ts": 1639493530.015491}]}, "version": 349}
{"obj": {"type": "LogStrings", "path": ["monitoring", "stdout"], "values": [{"value": "test count:", "step": null, "ts": 1639493530.1666284}]}, "version": 350}
{"obj": {"type": "LogStrings", "path": ["monitoring", "stdout"], "values": [{"value": " ", "step": null, "ts": 1639493530.167629}]}, "version": 351}
{"obj": {"type": "LogStrings", "path": ["monitoring", "stdout"], "values": [{"value": "1", "step": null, "ts": 1639493530.167629}]}, "version": 352}
{"obj": {"type": "LogStrings", "path": ["monitoring", "stdout"], "values": [{"value": "\n", "step": null, "ts": 1639493530.167629}]}, "version": 353}
{"obj": {"type": "LogFloats", "path": ["network", "validation_acc_per_pic"], "values": [{"value": 0.5852916666666667, "step": null, "ts": 1639493530.2457}]}, "version": 354}
{"obj": {"type": "LogFloats", "path": ["network", "validation_loss"], "values": [{"value": 0.07746229320764542, "step": null, "ts": 1639493530.2467012}]}, "version": 355}
{"obj": {"type": "UploadFile", "path": ["network", "network_weights"], "ext": "pt", "file_path": "C:\\Users\\Marc\\Desktop\\Billeder\\params\\find_learning\\network.pt"}, "version": 356}
{"obj": {"type": "LogStrings", "path": ["monitoring", "stdout"], "values": [{"value": "test count:", "step": null, "ts": 1639493530.4809139}]}, "version": 357}
{"obj": {"type": "LogStrings", "path": ["monitoring", "stdout"], "values": [{"value": " ", "step": null, "ts": 1639493530.4809139}]}, "version": 358}
{"obj": {"type": "LogStrings", "path": ["monitoring", "stdout"], "values": [{"value": "1", "step": null, "ts": 1639493530.4809139}]}, "version": 359}
{"obj": {"type": "LogStrings", "path": ["monitoring", "stdout"], "values": [{"value": "\n", "step": null, "ts": 1639493530.4809139}]}, "version": 360}
{"obj": {"type": "LogStrings", "path": ["monitoring", "stdout"], "values": [{"value": "test count:", "step": null, "ts": 1639493530.6090307}]}, "version": 361}
{"obj": {"type": "LogStrings", "path": ["monitoring", "stdout"], "values": [{"value": " ", "step": null, "ts": 1639493530.610031}]}, "version": 362}
{"obj": {"type": "LogStrings", "path": ["monitoring", "stdout"], "values": [{"value": "2", "step": null, "ts": 1639493530.610031}]}, "version": 363}
{"obj": {"type": "LogStrings", "path": ["monitoring", "stdout"], "values": [{"value": "\n", "step": null, "ts": 1639493530.610031}]}, "version": 364}
{"obj": {"type": "LogStrings", "path": ["monitoring", "stdout"], "values": [{"value": "test count:", "step": null, "ts": 1639493530.7391486}]}, "version": 365}
{"obj": {"type": "LogStrings", "path": ["monitoring", "stdout"], "values": [{"value": " ", "step": null, "ts": 1639493530.7391486}]}, "version": 366}
{"obj": {"type": "LogStrings", "path": ["monitoring", "stdout"], "values": [{"value": "3", "step": null, "ts": 1639493530.7391486}]}, "version": 367}
{"obj": {"type": "LogStrings", "path": ["monitoring", "stdout"], "values": [{"value": "\n", "step": null, "ts": 1639493530.7391486}]}, "version": 368}
{"obj": {"type": "LogStrings", "path": ["monitoring", "stdout"], "values": [{"value": "test count:", "step": null, "ts": 1639493530.8652625}]}, "version": 369}
{"obj": {"type": "LogStrings", "path": ["monitoring", "stdout"], "values": [{"value": " ", "step": null, "ts": 1639493530.8652625}]}, "version": 370}
{"obj": {"type": "LogStrings", "path": ["monitoring", "stdout"], "values": [{"value": "4", "step": null, "ts": 1639493530.8652625}]}, "version": 371}
{"obj": {"type": "LogStrings", "path": ["monitoring", "stdout"], "values": [{"value": "\n", "step": null, "ts": 1639493530.8652625}]}, "version": 372}
{"obj": {"type": "LogStrings", "path": ["monitoring", "stdout"], "values": [{"value": "test count:", "step": null, "ts": 1639493530.9927077}]}, "version": 373}
{"obj": {"type": "LogStrings", "path": ["monitoring", "stdout"], "values": [{"value": " ", "step": null, "ts": 1639493530.9927077}]}, "version": 374}
{"obj": {"type": "LogStrings", "path": ["monitoring", "stdout"], "values": [{"value": "5", "step": null, "ts": 1639493530.9927077}]}, "version": 375}
{"obj": {"type": "LogStrings", "path": ["monitoring", "stdout"], "values": [{"value": "\n", "step": null, "ts": 1639493530.9927077}]}, "version": 376}
{"obj": {"type": "LogStrings", "path": ["monitoring", "stdout"], "values": [{"value": "0.87705", "step": null, "ts": 1639493531.0707817}]}, "version": 377}
{"obj": {"type": "LogStrings", "path": ["monitoring", "stdout"], "values": [{"value": "\n", "step": null, "ts": 1639493531.0707817}]}, "version": 378}
{"obj": {"type": "LogFloats", "path": ["network", "test_accuracy_per_pic"], "values": [{"value": 0.9206, "step": null, "ts": 1639493531.0707817}, {"value": 0.8036416666666667, "step": null, "ts": 1639493531.0707817}, {"value": 0.9149, "step": null, "ts": 1639493531.0707817}, {"value": 0.8559583333333334, "step": null, "ts": 1639493531.0707817}, {"value": 0.89015, "step": null, "ts": 1639493531.0707817}]}, "version": 379}
{"obj": {"type": "LogFloats", "path": ["network", "mean_test_accuracy"], "values": [{"value": 0.87705, "step": null, "ts": 1639493531.0707817}]}, "version": 380}
