{"obj": {"type": "AssignString", "path": ["sys", "name"], "value": "Untitled"}, "version": 1}
{"obj": {"type": "AssignString", "path": ["sys", "description"], "value": ""}, "version": 2}
{"obj": {"type": "AssignString", "path": ["sys", "hostname"], "value": "DESKTOP-SDMAFDQ"}, "version": 3}
{"obj": {"type": "AssignBool", "path": ["sys", "failed"], "value": false}, "version": 4}
{"obj": {"type": "ClearStringLog", "path": ["monitoring", "stdout"]}, "version": 5}
{"obj": {"type": "ClearStringLog", "path": ["monitoring", "stderr"]}, "version": 6}
{"obj": {"type": "AssignString", "path": ["source_code", "entrypoint"], "value": "trainer.py"}, "version": 7}
{"obj": {"type": "UploadFileSet", "path": ["source_code", "files"], "file_globs": ["C:\\Users\\Marc\\Documents\\GitHub\\Deep_final\\trainer.py"], "reset": "False"}, "version": 8}
{"obj": {"type": "ConfigFloatSeries", "path": ["monitoring", "cpu"], "min": 0.0, "max": 100.0, "unit": "%"}, "version": 9}
{"obj": {"type": "ClearFloatLog", "path": ["monitoring", "cpu"]}, "version": 10}
{"obj": {"type": "ConfigFloatSeries", "path": ["monitoring", "memory"], "min": 0.0, "max": 15.387199401855469, "unit": "GB"}, "version": 11}
{"obj": {"type": "ClearFloatLog", "path": ["monitoring", "memory"]}, "version": 12}
{"obj": {"type": "ConfigFloatSeries", "path": ["monitoring", "gpu"], "min": 0.0, "max": 100.0, "unit": "%"}, "version": 13}
{"obj": {"type": "ClearFloatLog", "path": ["monitoring", "gpu"]}, "version": 14}
{"obj": {"type": "ConfigFloatSeries", "path": ["monitoring", "gpu_memory"], "min": 0.0, "max": 4.0, "unit": "GB"}, "version": 15}
{"obj": {"type": "ClearFloatLog", "path": ["monitoring", "gpu_memory"]}, "version": 16}
{"obj": {"type": "LogFloats", "path": ["monitoring", "cpu"], "values": [{"value": 9.0, "step": null, "ts": 1639303760.9722376}]}, "version": 17}
{"obj": {"type": "LogFloats", "path": ["monitoring", "memory"], "values": [{"value": 7.568168640136719, "step": null, "ts": 1639303760.9722376}]}, "version": 18}
{"obj": {"type": "LogFloats", "path": ["monitoring", "gpu_memory"], "values": [{"value": 0.051025390625, "step": null, "ts": 1639303760.9722376}]}, "version": 19}
{"obj": {"type": "AssignString", "path": ["network5", "parameters", "optimizer"], "value": "SGD"}, "version": 20}
{"obj": {"type": "AssignString", "path": ["network5", "parameters", "loss_function"], "value": "MSEloss"}, "version": 21}
{"obj": {"type": "AssignString", "path": ["network5", "parameters", "model"], "value": "GTA_Unet"}, "version": 22}
{"obj": {"type": "AssignString", "path": ["network5", "parameters", "scheduler"], "value": "CyclicLR"}, "version": 23}
{"obj": {"type": "LogStrings", "path": ["monitoring", "stdout"], "values": [{"value": "Training epoch 0", "step": null, "ts": 1639303761.2034476}]}, "version": 24}
{"obj": {"type": "LogStrings", "path": ["monitoring", "stdout"], "values": [{"value": "\n", "step": null, "ts": 1639303761.2034476}]}, "version": 25}
{"obj": {"type": "LogFloats", "path": ["network5", "learning_rate"], "values": [{"value": 0.1, "step": null, "ts": 1639303761.2034476}]}, "version": 26}
{"obj": {"type": "LogFloats", "path": ["network5", "train_loss"], "values": [{"value": 0.09706941694021225, "step": null, "ts": 1639303763.84614}]}, "version": 27}
{"obj": {"type": "LogFloats", "path": ["network5", "validation_loss"], "values": [{"value": 0.0915704146027565, "step": null, "ts": 1639303763.9522362}]}, "version": 28}
{"obj": {"type": "LogStrings", "path": ["monitoring", "stdout"], "values": [{"value": "Training epoch 1", "step": null, "ts": 1639303763.9532378}]}, "version": 29}
{"obj": {"type": "LogStrings", "path": ["monitoring", "stdout"], "values": [{"value": "\n", "step": null, "ts": 1639303763.9532378}]}, "version": 30}
{"obj": {"type": "LogFloats", "path": ["network5", "learning_rate"], "values": [{"value": 0.3, "step": null, "ts": 1639303763.9532378}]}, "version": 31}
{"obj": {"type": "LogFloats", "path": ["network5", "train_loss"], "values": [{"value": 0.07449027299880981, "step": null, "ts": 1639303765.078595}]}, "version": 32}
{"obj": {"type": "LogFloats", "path": ["network5", "validation_loss"], "values": [{"value": 0.07897990196943283, "step": null, "ts": 1639303765.1836903}]}, "version": 33}
{"obj": {"type": "LogStrings", "path": ["monitoring", "stdout"], "values": [{"value": "Training epoch 2", "step": null, "ts": 1639303765.1836903}]}, "version": 34}
{"obj": {"type": "LogStrings", "path": ["monitoring", "stdout"], "values": [{"value": "\n", "step": null, "ts": 1639303765.1836903}]}, "version": 35}
{"obj": {"type": "LogFloats", "path": ["network5", "learning_rate"], "values": [{"value": 0.2333333333333333, "step": null, "ts": 1639303765.1846912}]}, "version": 36}
{"obj": {"type": "LogFloats", "path": ["network5", "train_loss"], "values": [{"value": 0.04441625103354454, "step": null, "ts": 1639303766.307319}]}, "version": 37}
{"obj": {"type": "LogFloats", "path": ["network5", "validation_loss"], "values": [{"value": 0.06867282837629318, "step": null, "ts": 1639303766.4124186}]}, "version": 38}
{"obj": {"type": "LogStrings", "path": ["monitoring", "stdout"], "values": [{"value": "Training epoch 3", "step": null, "ts": 1639303766.4134195}]}, "version": 39}
{"obj": {"type": "LogStrings", "path": ["monitoring", "stdout"], "values": [{"value": "\n", "step": null, "ts": 1639303766.4134195}]}, "version": 40}
{"obj": {"type": "LogFloats", "path": ["network5", "learning_rate"], "values": [{"value": 0.16666666666666666, "step": null, "ts": 1639303766.4134195}]}, "version": 41}
{"obj": {"type": "LogFloats", "path": ["network5", "train_loss"], "values": [{"value": 0.034284013137221334, "step": null, "ts": 1639303767.5454946}]}, "version": 42}
{"obj": {"type": "LogFloats", "path": ["network5", "validation_loss"], "values": [{"value": 0.05814528092741966, "step": null, "ts": 1639303767.652874}]}, "version": 43}
{"obj": {"type": "LogStrings", "path": ["monitoring", "stdout"], "values": [{"value": "Training epoch 4", "step": null, "ts": 1639303767.653875}]}, "version": 44}
{"obj": {"type": "LogStrings", "path": ["monitoring", "stdout"], "values": [{"value": "\n", "step": null, "ts": 1639303767.653875}]}, "version": 45}
{"obj": {"type": "LogFloats", "path": ["network5", "learning_rate"], "values": [{"value": 0.1, "step": null, "ts": 1639303767.653875}]}, "version": 46}
{"obj": {"type": "LogFloats", "path": ["network5", "train_loss"], "values": [{"value": 0.027720477618277072, "step": null, "ts": 1639303768.8004606}]}, "version": 47}
{"obj": {"type": "LogFloats", "path": ["network5", "validation_loss"], "values": [{"value": 0.06679137796163559, "step": null, "ts": 1639303768.9105606}]}, "version": 48}
{"obj": {"type": "LogStrings", "path": ["monitoring", "stdout"], "values": [{"value": "Training epoch 5", "step": null, "ts": 1639303768.9105606}]}, "version": 49}
{"obj": {"type": "LogStrings", "path": ["monitoring", "stdout"], "values": [{"value": "\n", "step": null, "ts": 1639303768.9105606}]}, "version": 50}
{"obj": {"type": "LogFloats", "path": ["network5", "learning_rate"], "values": [{"value": 0.3, "step": null, "ts": 1639303768.9105606}]}, "version": 51}
{"obj": {"type": "LogFloats", "path": ["network5", "train_loss"], "values": [{"value": 0.026010382734239102, "step": null, "ts": 1639303770.043356}]}, "version": 52}
{"obj": {"type": "LogFloats", "path": ["network5", "validation_loss"], "values": [{"value": 0.08172310888767242, "step": null, "ts": 1639303770.1524577}]}, "version": 53}
{"obj": {"type": "LogStrings", "path": ["monitoring", "stdout"], "values": [{"value": "Training epoch 6", "step": null, "ts": 1639303770.1524577}]}, "version": 54}
{"obj": {"type": "LogStrings", "path": ["monitoring", "stdout"], "values": [{"value": "\n", "step": null, "ts": 1639303770.1524577}]}, "version": 55}
{"obj": {"type": "LogFloats", "path": ["network5", "learning_rate"], "values": [{"value": 0.2333333333333333, "step": null, "ts": 1639303770.1524577}]}, "version": 56}
{"obj": {"type": "LogFloats", "path": ["monitoring", "cpu"], "values": [{"value": 43.5, "step": null, "ts": 1639303770.9830427}]}, "version": 57}
{"obj": {"type": "LogFloats", "path": ["monitoring", "memory"], "values": [{"value": 9.068981170654297, "step": null, "ts": 1639303770.9830427}]}, "version": 58}
{"obj": {"type": "LogFloats", "path": ["monitoring", "gpu"], "values": [{"value": 76.0, "step": null, "ts": 1639303770.9830427}]}, "version": 59}
{"obj": {"type": "LogFloats", "path": ["monitoring", "gpu_memory"], "values": [{"value": 2.559967041015625, "step": null, "ts": 1639303770.9830427}]}, "version": 60}
{"obj": {"type": "LogFloats", "path": ["network5", "train_loss"], "values": [{"value": 0.028761304169893264, "step": null, "ts": 1639303771.2893207}]}, "version": 61}
{"obj": {"type": "LogFloats", "path": ["network5", "validation_loss"], "values": [{"value": 0.05832963064312935, "step": null, "ts": 1639303771.3954167}]}, "version": 62}
{"obj": {"type": "LogStrings", "path": ["monitoring", "stdout"], "values": [{"value": "Training epoch 7", "step": null, "ts": 1639303771.3954167}]}, "version": 63}
{"obj": {"type": "LogStrings", "path": ["monitoring", "stdout"], "values": [{"value": "\n", "step": null, "ts": 1639303771.3964186}]}, "version": 64}
{"obj": {"type": "LogFloats", "path": ["network5", "learning_rate"], "values": [{"value": 0.16666666666666666, "step": null, "ts": 1639303771.3964186}]}, "version": 65}
{"obj": {"type": "LogFloats", "path": ["network5", "train_loss"], "values": [{"value": 0.02236730754375458, "step": null, "ts": 1639303772.533782}]}, "version": 66}
{"obj": {"type": "LogFloats", "path": ["network5", "validation_loss"], "values": [{"value": 0.06194678694009781, "step": null, "ts": 1639303772.642881}]}, "version": 67}
{"obj": {"type": "LogStrings", "path": ["monitoring", "stdout"], "values": [{"value": "Training epoch 8", "step": null, "ts": 1639303772.642881}]}, "version": 68}
{"obj": {"type": "LogStrings", "path": ["monitoring", "stdout"], "values": [{"value": "\n", "step": null, "ts": 1639303772.642881}]}, "version": 69}
{"obj": {"type": "LogFloats", "path": ["network5", "learning_rate"], "values": [{"value": 0.1, "step": null, "ts": 1639303772.642881}]}, "version": 70}
{"obj": {"type": "LogFloats", "path": ["network5", "train_loss"], "values": [{"value": 0.019887911342084407, "step": null, "ts": 1639303773.7674491}]}, "version": 71}
{"obj": {"type": "LogFloats", "path": ["network5", "validation_loss"], "values": [{"value": 0.05594630166888237, "step": null, "ts": 1639303773.8755474}]}, "version": 72}
{"obj": {"type": "LogStrings", "path": ["monitoring", "stdout"], "values": [{"value": "Training epoch 9", "step": null, "ts": 1639303773.8755474}]}, "version": 73}
{"obj": {"type": "LogStrings", "path": ["monitoring", "stdout"], "values": [{"value": "\n", "step": null, "ts": 1639303773.8755474}]}, "version": 74}
{"obj": {"type": "LogFloats", "path": ["network5", "learning_rate"], "values": [{"value": 0.3, "step": null, "ts": 1639303773.8765483}]}, "version": 75}
{"obj": {"type": "LogFloats", "path": ["network5", "train_loss"], "values": [{"value": 0.016849641874432563, "step": null, "ts": 1639303775.0081477}]}, "version": 76}
{"obj": {"type": "LogFloats", "path": ["network5", "validation_loss"], "values": [{"value": 0.07222064584493637, "step": null, "ts": 1639303775.1141524}]}, "version": 77}
{"obj": {"type": "LogStrings", "path": ["monitoring", "stdout"], "values": [{"value": "Training epoch 10", "step": null, "ts": 1639303775.1151536}]}, "version": 78}
{"obj": {"type": "LogStrings", "path": ["monitoring", "stdout"], "values": [{"value": "\n", "step": null, "ts": 1639303775.1151536}]}, "version": 79}
{"obj": {"type": "LogFloats", "path": ["network5", "learning_rate"], "values": [{"value": 0.2333333333333333, "step": null, "ts": 1639303775.1151536}]}, "version": 80}
{"obj": {"type": "LogFloats", "path": ["network5", "train_loss"], "values": [{"value": 0.018331699445843695, "step": null, "ts": 1639303776.2375987}]}, "version": 81}
{"obj": {"type": "LogFloats", "path": ["network5", "validation_loss"], "values": [{"value": 0.05893322825431824, "step": null, "ts": 1639303776.3456967}]}, "version": 82}
{"obj": {"type": "LogStrings", "path": ["monitoring", "stdout"], "values": [{"value": "Training epoch 11", "step": null, "ts": 1639303776.3456967}]}, "version": 83}
{"obj": {"type": "LogStrings", "path": ["monitoring", "stdout"], "values": [{"value": "\n", "step": null, "ts": 1639303776.346698}]}, "version": 84}
{"obj": {"type": "LogFloats", "path": ["network5", "learning_rate"], "values": [{"value": 0.16666666666666666, "step": null, "ts": 1639303776.346698}]}, "version": 85}
{"obj": {"type": "LogFloats", "path": ["network5", "train_loss"], "values": [{"value": 0.0156539686024189, "step": null, "ts": 1639303777.4741545}]}, "version": 86}
{"obj": {"type": "LogFloats", "path": ["network5", "validation_loss"], "values": [{"value": 0.06283052265644073, "step": null, "ts": 1639303777.5842547}]}, "version": 87}
{"obj": {"type": "LogStrings", "path": ["monitoring", "stdout"], "values": [{"value": "Training epoch 12", "step": null, "ts": 1639303777.5842547}]}, "version": 88}
{"obj": {"type": "LogStrings", "path": ["monitoring", "stdout"], "values": [{"value": "\n", "step": null, "ts": 1639303777.5842547}]}, "version": 89}
{"obj": {"type": "LogFloats", "path": ["network5", "learning_rate"], "values": [{"value": 0.1, "step": null, "ts": 1639303777.5852568}]}, "version": 90}
{"obj": {"type": "LogFloats", "path": ["network5", "train_loss"], "values": [{"value": 0.013678675331175328, "step": null, "ts": 1639303778.7164223}]}, "version": 91}
{"obj": {"type": "LogFloats", "path": ["network5", "validation_loss"], "values": [{"value": 0.05925043299794197, "step": null, "ts": 1639303778.8228004}]}, "version": 92}
{"obj": {"type": "LogStrings", "path": ["monitoring", "stdout"], "values": [{"value": "Training epoch 13", "step": null, "ts": 1639303778.8228004}]}, "version": 93}
{"obj": {"type": "LogStrings", "path": ["monitoring", "stdout"], "values": [{"value": "\n", "step": null, "ts": 1639303778.8228004}]}, "version": 94}
{"obj": {"type": "LogFloats", "path": ["network5", "learning_rate"], "values": [{"value": 0.3, "step": null, "ts": 1639303778.8228004}]}, "version": 95}
{"obj": {"type": "LogFloats", "path": ["network5", "train_loss"], "values": [{"value": 0.012629376631230116, "step": null, "ts": 1639303779.9515266}]}, "version": 96}
{"obj": {"type": "LogFloats", "path": ["network5", "validation_loss"], "values": [{"value": 0.05409632623195648, "step": null, "ts": 1639303780.060626}]}, "version": 97}
{"obj": {"type": "LogStrings", "path": ["monitoring", "stdout"], "values": [{"value": "Training epoch 14", "step": null, "ts": 1639303780.060626}]}, "version": 98}
{"obj": {"type": "LogStrings", "path": ["monitoring", "stdout"], "values": [{"value": "\n", "step": null, "ts": 1639303780.060626}]}, "version": 99}
{"obj": {"type": "LogFloats", "path": ["network5", "learning_rate"], "values": [{"value": 0.2333333333333333, "step": null, "ts": 1639303780.060626}]}, "version": 100}
{"obj": {"type": "LogFloats", "path": ["monitoring", "cpu"], "values": [{"value": 50.5, "step": null, "ts": 1639303780.9928756}]}, "version": 101}
{"obj": {"type": "LogFloats", "path": ["monitoring", "memory"], "values": [{"value": 9.056106567382812, "step": null, "ts": 1639303780.9928756}]}, "version": 102}
{"obj": {"type": "LogFloats", "path": ["monitoring", "gpu"], "values": [{"value": 72.0, "step": null, "ts": 1639303780.9928756}]}, "version": 103}
{"obj": {"type": "LogFloats", "path": ["monitoring", "gpu_memory"], "values": [{"value": 2.559967041015625, "step": null, "ts": 1639303780.9928756}]}, "version": 104}
{"obj": {"type": "LogFloats", "path": ["network5", "train_loss"], "values": [{"value": 0.01124691842123866, "step": null, "ts": 1639303781.183048}]}, "version": 105}
{"obj": {"type": "LogFloats", "path": ["network5", "validation_loss"], "values": [{"value": 0.06325336545705795, "step": null, "ts": 1639303781.2911458}]}, "version": 106}
{"obj": {"type": "LogStrings", "path": ["monitoring", "stdout"], "values": [{"value": "Training epoch 15", "step": null, "ts": 1639303781.2911458}]}, "version": 107}
{"obj": {"type": "LogStrings", "path": ["monitoring", "stdout"], "values": [{"value": "\n", "step": null, "ts": 1639303781.2911458}]}, "version": 108}
{"obj": {"type": "LogFloats", "path": ["network5", "learning_rate"], "values": [{"value": 0.16666666666666666, "step": null, "ts": 1639303781.2911458}]}, "version": 109}
{"obj": {"type": "LogFloats", "path": ["network5", "train_loss"], "values": [{"value": 0.010401331447064876, "step": null, "ts": 1639303782.4222126}]}, "version": 110}
{"obj": {"type": "LogFloats", "path": ["network5", "validation_loss"], "values": [{"value": 0.0602792426943779, "step": null, "ts": 1639303782.5312088}]}, "version": 111}
{"obj": {"type": "LogStrings", "path": ["monitoring", "stdout"], "values": [{"value": "Training epoch 16", "step": null, "ts": 1639303782.5312088}]}, "version": 112}
{"obj": {"type": "LogStrings", "path": ["monitoring", "stdout"], "values": [{"value": "\n", "step": null, "ts": 1639303782.5312088}]}, "version": 113}
{"obj": {"type": "LogFloats", "path": ["network5", "learning_rate"], "values": [{"value": 0.1, "step": null, "ts": 1639303782.5312088}]}, "version": 114}
{"obj": {"type": "LogFloats", "path": ["network5", "train_loss"], "values": [{"value": 0.009373206552118063, "step": null, "ts": 1639303783.662156}]}, "version": 115}
{"obj": {"type": "LogFloats", "path": ["network5", "validation_loss"], "values": [{"value": 0.058867767453193665, "step": null, "ts": 1639303783.7681618}]}, "version": 116}
{"obj": {"type": "LogStrings", "path": ["monitoring", "stdout"], "values": [{"value": "Training epoch 17", "step": null, "ts": 1639303783.7691617}]}, "version": 117}
{"obj": {"type": "LogStrings", "path": ["monitoring", "stdout"], "values": [{"value": "\n", "step": null, "ts": 1639303783.7691617}]}, "version": 118}
{"obj": {"type": "LogFloats", "path": ["network5", "learning_rate"], "values": [{"value": 0.3, "step": null, "ts": 1639303783.7691617}]}, "version": 119}
{"obj": {"type": "LogFloats", "path": ["network5", "train_loss"], "values": [{"value": 0.008612284157425164, "step": null, "ts": 1639303784.900616}]}, "version": 120}
{"obj": {"type": "LogFloats", "path": ["network5", "validation_loss"], "values": [{"value": 0.06068606674671173, "step": null, "ts": 1639303785.0107148}]}, "version": 121}
{"obj": {"type": "LogStrings", "path": ["monitoring", "stdout"], "values": [{"value": "Training epoch 18", "step": null, "ts": 1639303785.0107148}]}, "version": 122}
{"obj": {"type": "LogStrings", "path": ["monitoring", "stdout"], "values": [{"value": "\n", "step": null, "ts": 1639303785.0107148}]}, "version": 123}
{"obj": {"type": "LogFloats", "path": ["network5", "learning_rate"], "values": [{"value": 0.2333333333333333, "step": null, "ts": 1639303785.0107148}]}, "version": 124}
{"obj": {"type": "LogFloats", "path": ["network5", "train_loss"], "values": [{"value": 0.007924036122858524, "step": null, "ts": 1639303786.1467433}]}, "version": 125}
{"obj": {"type": "LogFloats", "path": ["network5", "validation_loss"], "values": [{"value": 0.06097624450922012, "step": null, "ts": 1639303786.2558424}]}, "version": 126}
{"obj": {"type": "LogStrings", "path": ["monitoring", "stdout"], "values": [{"value": "Training epoch 19", "step": null, "ts": 1639303786.2558424}]}, "version": 127}
{"obj": {"type": "LogStrings", "path": ["monitoring", "stdout"], "values": [{"value": "\n", "step": null, "ts": 1639303786.2568436}]}, "version": 128}
{"obj": {"type": "LogFloats", "path": ["network5", "learning_rate"], "values": [{"value": 0.16666666666666666, "step": null, "ts": 1639303786.2568436}]}, "version": 129}
{"obj": {"type": "LogFloats", "path": ["network5", "train_loss"], "values": [{"value": 0.007289052940905094, "step": null, "ts": 1639303787.3771396}]}, "version": 130}
{"obj": {"type": "LogFloats", "path": ["network5", "validation_loss"], "values": [{"value": 0.06120512634515762, "step": null, "ts": 1639303787.4852376}]}, "version": 131}
{"obj": {"type": "LogStrings", "path": ["monitoring", "stdout"], "values": [{"value": "Training epoch 20", "step": null, "ts": 1639303787.4852376}]}, "version": 132}
{"obj": {"type": "LogStrings", "path": ["monitoring", "stdout"], "values": [{"value": "\n", "step": null, "ts": 1639303787.4852376}]}, "version": 133}
{"obj": {"type": "LogFloats", "path": ["network5", "learning_rate"], "values": [{"value": 0.1, "step": null, "ts": 1639303787.4852376}]}, "version": 134}
{"obj": {"type": "LogFloats", "path": ["network5", "train_loss"], "values": [{"value": 0.006881975801661611, "step": null, "ts": 1639303788.6099377}]}, "version": 135}
{"obj": {"type": "LogFloats", "path": ["network5", "validation_loss"], "values": [{"value": 0.06188219040632248, "step": null, "ts": 1639303788.7190373}]}, "version": 136}
{"obj": {"type": "LogStrings", "path": ["monitoring", "stdout"], "values": [{"value": "Training epoch 21", "step": null, "ts": 1639303788.7200384}]}, "version": 137}
{"obj": {"type": "LogStrings", "path": ["monitoring", "stdout"], "values": [{"value": "\n", "step": null, "ts": 1639303788.7200384}]}, "version": 138}
{"obj": {"type": "LogFloats", "path": ["network5", "learning_rate"], "values": [{"value": 0.3, "step": null, "ts": 1639303788.7200384}]}, "version": 139}
{"obj": {"type": "LogFloats", "path": ["network5", "train_loss"], "values": [{"value": 0.0066564530599862335, "step": null, "ts": 1639303789.85069}]}, "version": 140}
{"obj": {"type": "LogFloats", "path": ["network5", "validation_loss"], "values": [{"value": 0.05987013876438141, "step": null, "ts": 1639303789.957061}]}, "version": 141}
{"obj": {"type": "LogStrings", "path": ["monitoring", "stdout"], "values": [{"value": "Training epoch 22", "step": null, "ts": 1639303789.957061}]}, "version": 142}
{"obj": {"type": "LogStrings", "path": ["monitoring", "stdout"], "values": [{"value": "\n", "step": null, "ts": 1639303789.9580622}]}, "version": 143}
{"obj": {"type": "LogFloats", "path": ["network5", "learning_rate"], "values": [{"value": 0.2333333333333333, "step": null, "ts": 1639303789.9580622}]}, "version": 144}
{"obj": {"type": "LogFloats", "path": ["monitoring", "cpu"], "values": [{"value": 50.9, "step": null, "ts": 1639303791.010116}]}, "version": 145}
{"obj": {"type": "LogFloats", "path": ["monitoring", "memory"], "values": [{"value": 9.044975280761719, "step": null, "ts": 1639303791.010116}]}, "version": 146}
{"obj": {"type": "LogFloats", "path": ["monitoring", "gpu"], "values": [{"value": 73.0, "step": null, "ts": 1639303791.010116}]}, "version": 147}
{"obj": {"type": "LogFloats", "path": ["monitoring", "gpu_memory"], "values": [{"value": 2.559967041015625, "step": null, "ts": 1639303791.010116}]}, "version": 148}
{"obj": {"type": "LogFloats", "path": ["network5", "train_loss"], "values": [{"value": 0.00623445762321353, "step": null, "ts": 1639303791.0862706}]}, "version": 149}
{"obj": {"type": "LogFloats", "path": ["network5", "validation_loss"], "values": [{"value": 0.06195763871073723, "step": null, "ts": 1639303791.1934552}]}, "version": 150}
{"obj": {"type": "LogStrings", "path": ["monitoring", "stdout"], "values": [{"value": "Training epoch 23", "step": null, "ts": 1639303791.1934552}]}, "version": 151}
{"obj": {"type": "LogStrings", "path": ["monitoring", "stdout"], "values": [{"value": "\n", "step": null, "ts": 1639303791.1944566}]}, "version": 152}
{"obj": {"type": "LogFloats", "path": ["network5", "learning_rate"], "values": [{"value": 0.16666666666666666, "step": null, "ts": 1639303791.1944566}]}, "version": 153}
{"obj": {"type": "LogFloats", "path": ["network5", "train_loss"], "values": [{"value": 0.0060531037859618666, "step": null, "ts": 1639303792.32147}]}, "version": 154}
{"obj": {"type": "LogFloats", "path": ["network5", "validation_loss"], "values": [{"value": 0.06226092204451561, "step": null, "ts": 1639303792.427566}]}, "version": 155}
{"obj": {"type": "LogStrings", "path": ["monitoring", "stdout"], "values": [{"value": "Training epoch 24", "step": null, "ts": 1639303792.427566}]}, "version": 156}
{"obj": {"type": "LogStrings", "path": ["monitoring", "stdout"], "values": [{"value": "\n", "step": null, "ts": 1639303792.427566}]}, "version": 157}
{"obj": {"type": "LogFloats", "path": ["network5", "learning_rate"], "values": [{"value": 0.1, "step": null, "ts": 1639303792.427566}]}, "version": 158}
{"obj": {"type": "LogFloats", "path": ["network5", "train_loss"], "values": [{"value": 0.00579422814771533, "step": null, "ts": 1639303793.5598714}]}, "version": 159}
{"obj": {"type": "LogFloats", "path": ["network5", "validation_loss"], "values": [{"value": 0.06167096272110939, "step": null, "ts": 1639303793.6649678}]}, "version": 160}
{"obj": {"type": "LogStrings", "path": ["monitoring", "stdout"], "values": [{"value": "Training epoch 25", "step": null, "ts": 1639303793.6649678}]}, "version": 161}
{"obj": {"type": "LogStrings", "path": ["monitoring", "stdout"], "values": [{"value": "\n", "step": null, "ts": 1639303793.6649678}]}, "version": 162}
{"obj": {"type": "LogFloats", "path": ["network5", "learning_rate"], "values": [{"value": 0.3, "step": null, "ts": 1639303793.6649678}]}, "version": 163}
{"obj": {"type": "LogFloats", "path": ["network5", "train_loss"], "values": [{"value": 0.005640140920877457, "step": null, "ts": 1639303794.795705}]}, "version": 164}
{"obj": {"type": "LogFloats", "path": ["network5", "validation_loss"], "values": [{"value": 0.061051126569509506, "step": null, "ts": 1639303794.9037404}]}, "version": 165}
{"obj": {"type": "LogStrings", "path": ["monitoring", "stdout"], "values": [{"value": "Training epoch 26", "step": null, "ts": 1639303794.9037404}]}, "version": 166}
{"obj": {"type": "LogStrings", "path": ["monitoring", "stdout"], "values": [{"value": "\n", "step": null, "ts": 1639303794.9037404}]}, "version": 167}
{"obj": {"type": "LogFloats", "path": ["network5", "learning_rate"], "values": [{"value": 0.2333333333333333, "step": null, "ts": 1639303794.9037404}]}, "version": 168}
{"obj": {"type": "LogFloats", "path": ["network5", "train_loss"], "values": [{"value": 0.005447322828695178, "step": null, "ts": 1639303796.0310593}]}, "version": 169}
{"obj": {"type": "LogFloats", "path": ["network5", "validation_loss"], "values": [{"value": 0.06257175654172897, "step": null, "ts": 1639303796.1374474}]}, "version": 170}
{"obj": {"type": "LogStrings", "path": ["monitoring", "stdout"], "values": [{"value": "Training epoch 27", "step": null, "ts": 1639303796.1374474}]}, "version": 171}
{"obj": {"type": "LogStrings", "path": ["monitoring", "stdout"], "values": [{"value": "\n", "step": null, "ts": 1639303796.1384485}]}, "version": 172}
{"obj": {"type": "LogFloats", "path": ["network5", "learning_rate"], "values": [{"value": 0.16666666666666666, "step": null, "ts": 1639303796.1384485}]}, "version": 173}
{"obj": {"type": "LogFloats", "path": ["network5", "train_loss"], "values": [{"value": 0.0054550609085708855, "step": null, "ts": 1639303797.2651224}]}, "version": 174}
{"obj": {"type": "LogFloats", "path": ["network5", "validation_loss"], "values": [{"value": 0.06083744019269943, "step": null, "ts": 1639303797.3742213}]}, "version": 175}
{"obj": {"type": "LogStrings", "path": ["monitoring", "stdout"], "values": [{"value": "Training epoch 28", "step": null, "ts": 1639303797.3742213}]}, "version": 176}
{"obj": {"type": "LogStrings", "path": ["monitoring", "stdout"], "values": [{"value": "\n", "step": null, "ts": 1639303797.3742213}]}, "version": 177}
{"obj": {"type": "LogFloats", "path": ["network5", "learning_rate"], "values": [{"value": 0.1, "step": null, "ts": 1639303797.3742213}]}, "version": 178}
{"obj": {"type": "LogFloats", "path": ["network5", "train_loss"], "values": [{"value": 0.005198781471699476, "step": null, "ts": 1639303798.503954}]}, "version": 179}
{"obj": {"type": "LogFloats", "path": ["network5", "validation_loss"], "values": [{"value": 0.0631982684135437, "step": null, "ts": 1639303798.613053}]}, "version": 180}
{"obj": {"type": "LogStrings", "path": ["monitoring", "stdout"], "values": [{"value": "Training epoch 29", "step": null, "ts": 1639303798.613053}]}, "version": 181}
{"obj": {"type": "LogStrings", "path": ["monitoring", "stdout"], "values": [{"value": "\n", "step": null, "ts": 1639303798.613053}]}, "version": 182}
{"obj": {"type": "LogFloats", "path": ["network5", "learning_rate"], "values": [{"value": 0.3, "step": null, "ts": 1639303798.613053}]}, "version": 183}
{"obj": {"type": "LogFloats", "path": ["network5", "train_loss"], "values": [{"value": 0.005262741353362799, "step": null, "ts": 1639303799.7480125}]}, "version": 184}
{"obj": {"type": "LogFloats", "path": ["network5", "validation_loss"], "values": [{"value": 0.059908222407102585, "step": null, "ts": 1639303799.8541086}]}, "version": 185}
{"obj": {"type": "LogStrings", "path": ["monitoring", "stdout"], "values": [{"value": "Training epoch 30", "step": null, "ts": 1639303799.8541086}]}, "version": 186}
{"obj": {"type": "LogStrings", "path": ["monitoring", "stdout"], "values": [{"value": "\n", "step": null, "ts": 1639303799.8551102}]}, "version": 187}
{"obj": {"type": "LogFloats", "path": ["network5", "learning_rate"], "values": [{"value": 0.2333333333333333, "step": null, "ts": 1639303799.8551102}]}, "version": 188}
{"obj": {"type": "LogFloats", "path": ["network5", "train_loss"], "values": [{"value": 0.005309397866949439, "step": null, "ts": 1639303800.9948876}]}, "version": 189}
{"obj": {"type": "LogFloats", "path": ["monitoring", "cpu"], "values": [{"value": 50.2, "step": null, "ts": 1639303801.01891}]}, "version": 190}
{"obj": {"type": "LogFloats", "path": ["monitoring", "memory"], "values": [{"value": 9.042655944824219, "step": null, "ts": 1639303801.01891}]}, "version": 191}
{"obj": {"type": "LogFloats", "path": ["monitoring", "gpu"], "values": [{"value": 75.0, "step": null, "ts": 1639303801.01891}]}, "version": 192}
{"obj": {"type": "LogFloats", "path": ["monitoring", "gpu_memory"], "values": [{"value": 2.559967041015625, "step": null, "ts": 1639303801.01891}]}, "version": 193}
{"obj": {"type": "LogFloats", "path": ["network5", "validation_loss"], "values": [{"value": 0.0609152615070343, "step": null, "ts": 1639303801.0989828}]}, "version": 194}
{"obj": {"type": "LogStrings", "path": ["monitoring", "stdout"], "values": [{"value": "Training epoch 31", "step": null, "ts": 1639303801.0989828}]}, "version": 195}
{"obj": {"type": "LogStrings", "path": ["monitoring", "stdout"], "values": [{"value": "\n", "step": null, "ts": 1639303801.0989828}]}, "version": 196}
{"obj": {"type": "LogFloats", "path": ["network5", "learning_rate"], "values": [{"value": 0.16666666666666666, "step": null, "ts": 1639303801.0989828}]}, "version": 197}
{"obj": {"type": "LogFloats", "path": ["network5", "train_loss"], "values": [{"value": 0.005275567341595888, "step": null, "ts": 1639303802.2387223}]}, "version": 198}
{"obj": {"type": "LogFloats", "path": ["network5", "validation_loss"], "values": [{"value": 0.06184587627649307, "step": null, "ts": 1639303802.3448188}]}, "version": 199}
{"obj": {"type": "LogStrings", "path": ["monitoring", "stdout"], "values": [{"value": "Training epoch 32", "step": null, "ts": 1639303802.3458195}]}, "version": 200}
{"obj": {"type": "LogStrings", "path": ["monitoring", "stdout"], "values": [{"value": "\n", "step": null, "ts": 1639303802.3458195}]}, "version": 201}
{"obj": {"type": "LogFloats", "path": ["network5", "learning_rate"], "values": [{"value": 0.1, "step": null, "ts": 1639303802.3458195}]}, "version": 202}
{"obj": {"type": "LogFloats", "path": ["network5", "train_loss"], "values": [{"value": 0.004775095963850617, "step": null, "ts": 1639303803.473266}]}, "version": 203}
{"obj": {"type": "LogFloats", "path": ["network5", "validation_loss"], "values": [{"value": 0.06076735258102417, "step": null, "ts": 1639303803.5823646}]}, "version": 204}
{"obj": {"type": "LogStrings", "path": ["monitoring", "stdout"], "values": [{"value": "Training epoch 33", "step": null, "ts": 1639303803.5823646}]}, "version": 205}
{"obj": {"type": "LogStrings", "path": ["monitoring", "stdout"], "values": [{"value": "\n", "step": null, "ts": 1639303803.5823646}]}, "version": 206}
{"obj": {"type": "LogFloats", "path": ["network5", "learning_rate"], "values": [{"value": 0.3, "step": null, "ts": 1639303803.5823646}]}, "version": 207}
{"obj": {"type": "LogFloats", "path": ["network5", "train_loss"], "values": [{"value": 0.004848560784012079, "step": null, "ts": 1639303804.7094488}]}, "version": 208}
{"obj": {"type": "LogFloats", "path": ["network5", "validation_loss"], "values": [{"value": 0.06496064364910126, "step": null, "ts": 1639303804.8205516}]}, "version": 209}
{"obj": {"type": "LogStrings", "path": ["monitoring", "stdout"], "values": [{"value": "Training epoch 34", "step": null, "ts": 1639303804.8205516}]}, "version": 210}
{"obj": {"type": "LogStrings", "path": ["monitoring", "stdout"], "values": [{"value": "\n", "step": null, "ts": 1639303804.8205516}]}, "version": 211}
{"obj": {"type": "LogFloats", "path": ["network5", "learning_rate"], "values": [{"value": 0.2333333333333333, "step": null, "ts": 1639303804.8205516}]}, "version": 212}
{"obj": {"type": "LogFloats", "path": ["network5", "train_loss"], "values": [{"value": 0.004741208115592599, "step": null, "ts": 1639303805.954862}]}, "version": 213}
{"obj": {"type": "LogFloats", "path": ["network5", "validation_loss"], "values": [{"value": 0.05813070014119148, "step": null, "ts": 1639303806.0649612}]}, "version": 214}
{"obj": {"type": "LogStrings", "path": ["monitoring", "stdout"], "values": [{"value": "Training epoch 35", "step": null, "ts": 1639303806.0649612}]}, "version": 215}
{"obj": {"type": "LogStrings", "path": ["monitoring", "stdout"], "values": [{"value": "\n", "step": null, "ts": 1639303806.0649612}]}, "version": 216}
{"obj": {"type": "LogFloats", "path": ["network5", "learning_rate"], "values": [{"value": 0.16666666666666666, "step": null, "ts": 1639303806.0649612}]}, "version": 217}
{"obj": {"type": "LogFloats", "path": ["network5", "train_loss"], "values": [{"value": 0.004841960268095136, "step": null, "ts": 1639303807.1955392}]}, "version": 218}
{"obj": {"type": "LogFloats", "path": ["network5", "validation_loss"], "values": [{"value": 0.06631873548030853, "step": null, "ts": 1639303807.3046374}]}, "version": 219}
{"obj": {"type": "LogStrings", "path": ["monitoring", "stdout"], "values": [{"value": "Training epoch 36", "step": null, "ts": 1639303807.3046374}]}, "version": 220}
{"obj": {"type": "LogStrings", "path": ["monitoring", "stdout"], "values": [{"value": "\n", "step": null, "ts": 1639303807.3046374}]}, "version": 221}
{"obj": {"type": "LogFloats", "path": ["network5", "learning_rate"], "values": [{"value": 0.1, "step": null, "ts": 1639303807.3046374}]}, "version": 222}
{"obj": {"type": "LogFloats", "path": ["network5", "train_loss"], "values": [{"value": 0.004749144706875086, "step": null, "ts": 1639303808.4409485}]}, "version": 223}
{"obj": {"type": "LogFloats", "path": ["network5", "validation_loss"], "values": [{"value": 0.06345697492361069, "step": null, "ts": 1639303808.5480435}]}, "version": 224}
{"obj": {"type": "LogStrings", "path": ["monitoring", "stdout"], "values": [{"value": "Training epoch 37", "step": null, "ts": 1639303808.5490444}]}, "version": 225}
{"obj": {"type": "LogStrings", "path": ["monitoring", "stdout"], "values": [{"value": "\n", "step": null, "ts": 1639303808.5490444}]}, "version": 226}
{"obj": {"type": "LogFloats", "path": ["network5", "learning_rate"], "values": [{"value": 0.3, "step": null, "ts": 1639303808.5490444}]}, "version": 227}
{"obj": {"type": "LogFloats", "path": ["network5", "train_loss"], "values": [{"value": 0.005115611758083105, "step": null, "ts": 1639303809.6833577}]}, "version": 228}
{"obj": {"type": "LogFloats", "path": ["network5", "validation_loss"], "values": [{"value": 0.06251390278339386, "step": null, "ts": 1639303809.7934575}]}, "version": 229}
{"obj": {"type": "LogStrings", "path": ["monitoring", "stdout"], "values": [{"value": "Training epoch 38", "step": null, "ts": 1639303809.7944582}]}, "version": 230}
{"obj": {"type": "LogStrings", "path": ["monitoring", "stdout"], "values": [{"value": "\n", "step": null, "ts": 1639303809.7944582}]}, "version": 231}
{"obj": {"type": "LogFloats", "path": ["network5", "learning_rate"], "values": [{"value": 0.2333333333333333, "step": null, "ts": 1639303809.7944582}]}, "version": 232}
{"obj": {"type": "LogFloats", "path": ["network5", "train_loss"], "values": [{"value": 0.006502238102257252, "step": null, "ts": 1639303810.9197567}]}, "version": 233}
{"obj": {"type": "LogFloats", "path": ["network5", "validation_loss"], "values": [{"value": 0.06262426823377609, "step": null, "ts": 1639303811.0278554}]}, "version": 234}
{"obj": {"type": "LogStrings", "path": ["monitoring", "stdout"], "values": [{"value": "Training epoch 39", "step": null, "ts": 1639303811.0278554}]}, "version": 235}
{"obj": {"type": "LogStrings", "path": ["monitoring", "stdout"], "values": [{"value": "\n", "step": null, "ts": 1639303811.0278554}]}, "version": 236}
{"obj": {"type": "LogFloats", "path": ["network5", "learning_rate"], "values": [{"value": 0.16666666666666666, "step": null, "ts": 1639303811.0278554}]}, "version": 237}
{"obj": {"type": "LogFloats", "path": ["monitoring", "cpu"], "values": [{"value": 51.7, "step": null, "ts": 1639303811.0268545}]}, "version": 238}
{"obj": {"type": "LogFloats", "path": ["monitoring", "memory"], "values": [{"value": 9.044490814208984, "step": null, "ts": 1639303811.0268545}]}, "version": 239}
{"obj": {"type": "LogFloats", "path": ["monitoring", "gpu"], "values": [{"value": 74.0, "step": null, "ts": 1639303811.0268545}]}, "version": 240}
{"obj": {"type": "LogFloats", "path": ["monitoring", "gpu_memory"], "values": [{"value": 2.559967041015625, "step": null, "ts": 1639303811.0268545}]}, "version": 241}
{"obj": {"type": "LogFloats", "path": ["network5", "train_loss"], "values": [{"value": 0.005533146765083074, "step": null, "ts": 1639303812.1596823}]}, "version": 242}
{"obj": {"type": "LogFloats", "path": ["network5", "validation_loss"], "values": [{"value": 0.0637023001909256, "step": null, "ts": 1639303812.267105}]}, "version": 243}
{"obj": {"type": "LogStrings", "path": ["monitoring", "stdout"], "values": [{"value": "Training epoch 40", "step": null, "ts": 1639303812.2681062}]}, "version": 244}
{"obj": {"type": "LogStrings", "path": ["monitoring", "stdout"], "values": [{"value": "\n", "step": null, "ts": 1639303812.2681062}]}, "version": 245}
{"obj": {"type": "LogFloats", "path": ["network5", "learning_rate"], "values": [{"value": 0.1, "step": null, "ts": 1639303812.2681062}]}, "version": 246}
{"obj": {"type": "LogFloats", "path": ["network5", "train_loss"], "values": [{"value": 0.005692950589582324, "step": null, "ts": 1639303813.396466}]}, "version": 247}
{"obj": {"type": "LogFloats", "path": ["network5", "validation_loss"], "values": [{"value": 0.0602949857711792, "step": null, "ts": 1639303813.5055645}]}, "version": 248}
{"obj": {"type": "LogStrings", "path": ["monitoring", "stdout"], "values": [{"value": "Training epoch 41", "step": null, "ts": 1639303813.5065656}]}, "version": 249}
{"obj": {"type": "LogStrings", "path": ["monitoring", "stdout"], "values": [{"value": "\n", "step": null, "ts": 1639303813.5065656}]}, "version": 250}
{"obj": {"type": "LogFloats", "path": ["network5", "learning_rate"], "values": [{"value": 0.3, "step": null, "ts": 1639303813.5065656}]}, "version": 251}
{"obj": {"type": "LogFloats", "path": ["network5", "train_loss"], "values": [{"value": 0.005053316242992878, "step": null, "ts": 1639303814.631861}]}, "version": 252}
{"obj": {"type": "LogFloats", "path": ["network5", "validation_loss"], "values": [{"value": 0.06195675581693649, "step": null, "ts": 1639303814.7409604}]}, "version": 253}
{"obj": {"type": "LogStrings", "path": ["monitoring", "stdout"], "values": [{"value": "Training epoch 42", "step": null, "ts": 1639303814.7409604}]}, "version": 254}
{"obj": {"type": "LogStrings", "path": ["monitoring", "stdout"], "values": [{"value": "\n", "step": null, "ts": 1639303814.7419617}]}, "version": 255}
{"obj": {"type": "LogFloats", "path": ["network5", "learning_rate"], "values": [{"value": 0.2333333333333333, "step": null, "ts": 1639303814.7419617}]}, "version": 256}
{"obj": {"type": "LogFloats", "path": ["network5", "train_loss"], "values": [{"value": 0.004605735000222921, "step": null, "ts": 1639303815.8652508}]}, "version": 257}
{"obj": {"type": "LogFloats", "path": ["network5", "validation_loss"], "values": [{"value": 0.06556332856416702, "step": null, "ts": 1639303815.9723485}]}, "version": 258}
{"obj": {"type": "LogStrings", "path": ["monitoring", "stdout"], "values": [{"value": "Training epoch 43", "step": null, "ts": 1639303815.973349}]}, "version": 259}
{"obj": {"type": "LogStrings", "path": ["monitoring", "stdout"], "values": [{"value": "\n", "step": null, "ts": 1639303815.973349}]}, "version": 260}
{"obj": {"type": "LogFloats", "path": ["network5", "learning_rate"], "values": [{"value": 0.16666666666666666, "step": null, "ts": 1639303815.973349}]}, "version": 261}
{"obj": {"type": "LogFloats", "path": ["network5", "train_loss"], "values": [{"value": 0.004654510598629713, "step": null, "ts": 1639303817.0991843}]}, "version": 262}
{"obj": {"type": "LogFloats", "path": ["network5", "validation_loss"], "values": [{"value": 0.06102577969431877, "step": null, "ts": 1639303817.2102845}]}, "version": 263}
{"obj": {"type": "LogStrings", "path": ["monitoring", "stdout"], "values": [{"value": "Training epoch 44", "step": null, "ts": 1639303817.2102845}]}, "version": 264}
{"obj": {"type": "LogStrings", "path": ["monitoring", "stdout"], "values": [{"value": "\n", "step": null, "ts": 1639303817.2102845}]}, "version": 265}
{"obj": {"type": "LogFloats", "path": ["network5", "learning_rate"], "values": [{"value": 0.1, "step": null, "ts": 1639303817.2112856}]}, "version": 266}
{"obj": {"type": "LogFloats", "path": ["network5", "train_loss"], "values": [{"value": 0.0042120523285120726, "step": null, "ts": 1639303818.3312593}]}, "version": 267}
{"obj": {"type": "LogFloats", "path": ["network5", "validation_loss"], "values": [{"value": 0.06589600443840027, "step": null, "ts": 1639303818.439085}]}, "version": 268}
{"obj": {"type": "LogStrings", "path": ["monitoring", "stdout"], "values": [{"value": "Training epoch 45", "step": null, "ts": 1639303818.439085}]}, "version": 269}
{"obj": {"type": "LogStrings", "path": ["monitoring", "stdout"], "values": [{"value": "\n", "step": null, "ts": 1639303818.439085}]}, "version": 270}
{"obj": {"type": "LogFloats", "path": ["network5", "learning_rate"], "values": [{"value": 0.3, "step": null, "ts": 1639303818.4400861}]}, "version": 271}
{"obj": {"type": "LogFloats", "path": ["network5", "train_loss"], "values": [{"value": 0.004076650738716126, "step": null, "ts": 1639303819.5631683}]}, "version": 272}
{"obj": {"type": "LogFloats", "path": ["network5", "validation_loss"], "values": [{"value": 0.06343185901641846, "step": null, "ts": 1639303819.6690679}]}, "version": 273}
{"obj": {"type": "LogStrings", "path": ["monitoring", "stdout"], "values": [{"value": "Training epoch 46", "step": null, "ts": 1639303819.6690679}]}, "version": 274}
{"obj": {"type": "LogStrings", "path": ["monitoring", "stdout"], "values": [{"value": "\n", "step": null, "ts": 1639303819.6690679}]}, "version": 275}
{"obj": {"type": "LogFloats", "path": ["network5", "learning_rate"], "values": [{"value": 0.2333333333333333, "step": null, "ts": 1639303819.6690679}]}, "version": 276}
{"obj": {"type": "LogFloats", "path": ["network5", "train_loss"], "values": [{"value": 0.003929561236873269, "step": null, "ts": 1639303820.79307}]}, "version": 277}
{"obj": {"type": "LogFloats", "path": ["network5", "validation_loss"], "values": [{"value": 0.06080171465873718, "step": null, "ts": 1639303820.9020731}]}, "version": 278}
{"obj": {"type": "LogStrings", "path": ["monitoring", "stdout"], "values": [{"value": "Training epoch 47", "step": null, "ts": 1639303820.9020731}]}, "version": 279}
{"obj": {"type": "LogStrings", "path": ["monitoring", "stdout"], "values": [{"value": "\n", "step": null, "ts": 1639303820.9020731}]}, "version": 280}
{"obj": {"type": "LogFloats", "path": ["network5", "learning_rate"], "values": [{"value": 0.16666666666666666, "step": null, "ts": 1639303820.9020731}]}, "version": 281}
{"obj": {"type": "LogFloats", "path": ["monitoring", "cpu"], "values": [{"value": 48.9, "step": null, "ts": 1639303821.033075}]}, "version": 282}
{"obj": {"type": "LogFloats", "path": ["monitoring", "memory"], "values": [{"value": 9.025157928466797, "step": null, "ts": 1639303821.033075}]}, "version": 283}
{"obj": {"type": "LogFloats", "path": ["monitoring", "gpu"], "values": [{"value": 61.0, "step": null, "ts": 1639303821.033075}]}, "version": 284}
{"obj": {"type": "LogFloats", "path": ["monitoring", "gpu_memory"], "values": [{"value": 2.559967041015625, "step": null, "ts": 1639303821.033075}]}, "version": 285}
{"obj": {"type": "LogFloats", "path": ["network5", "train_loss"], "values": [{"value": 0.00372989010065794, "step": null, "ts": 1639303822.026071}]}, "version": 286}
{"obj": {"type": "LogFloats", "path": ["network5", "validation_loss"], "values": [{"value": 0.06089707836508751, "step": null, "ts": 1639303822.1341693}]}, "version": 287}
{"obj": {"type": "LogStrings", "path": ["monitoring", "stdout"], "values": [{"value": "Training epoch 48", "step": null, "ts": 1639303822.1341693}]}, "version": 288}
{"obj": {"type": "LogStrings", "path": ["monitoring", "stdout"], "values": [{"value": "\n", "step": null, "ts": 1639303822.1341693}]}, "version": 289}
{"obj": {"type": "LogFloats", "path": ["network5", "learning_rate"], "values": [{"value": 0.1, "step": null, "ts": 1639303822.1341693}]}, "version": 290}
{"obj": {"type": "LogFloats", "path": ["network5", "train_loss"], "values": [{"value": 0.003607687773182988, "step": null, "ts": 1639303823.2643323}]}, "version": 291}
{"obj": {"type": "LogFloats", "path": ["network5", "validation_loss"], "values": [{"value": 0.06111743301153183, "step": null, "ts": 1639303823.3704286}]}, "version": 292}
{"obj": {"type": "LogStrings", "path": ["monitoring", "stdout"], "values": [{"value": "Training epoch 49", "step": null, "ts": 1639303823.3704286}]}, "version": 293}
{"obj": {"type": "LogStrings", "path": ["monitoring", "stdout"], "values": [{"value": "\n", "step": null, "ts": 1639303823.3704286}]}, "version": 294}
{"obj": {"type": "LogFloats", "path": ["network5", "learning_rate"], "values": [{"value": 0.3, "step": null, "ts": 1639303823.3704286}]}, "version": 295}
{"obj": {"type": "LogFloats", "path": ["network5", "train_loss"], "values": [{"value": 0.003510818863287568, "step": null, "ts": 1639303824.5010564}]}, "version": 296}
{"obj": {"type": "LogFloats", "path": ["network5", "validation_loss"], "values": [{"value": 0.06154888495802879, "step": null, "ts": 1639303824.6091547}]}, "version": 297}
{"obj": {"type": "UploadFile", "path": ["network5", "network_weights"], "ext": "pt", "file_path": "C:\\Users\\Marc\\Desktop\\Billeder\\params\\network5.pt"}, "version": 298}
{"obj": {"type": "LogStrings", "path": ["monitoring", "stdout"], "values": [{"value": "test count:", "step": null, "ts": 1639303824.8537724}]}, "version": 299}
{"obj": {"type": "LogStrings", "path": ["monitoring", "stdout"], "values": [{"value": " ", "step": null, "ts": 1639303824.8537724}]}, "version": 300}
{"obj": {"type": "LogStrings", "path": ["monitoring", "stdout"], "values": [{"value": "1", "step": null, "ts": 1639303824.8547719}]}, "version": 301}
{"obj": {"type": "LogStrings", "path": ["monitoring", "stdout"], "values": [{"value": "\n", "step": null, "ts": 1639303824.8547719}]}, "version": 302}
{"obj": {"type": "LogStrings", "path": ["monitoring", "stdout"], "values": [{"value": "test count:", "step": null, "ts": 1639303825.9647794}]}, "version": 303}
{"obj": {"type": "LogStrings", "path": ["monitoring", "stdout"], "values": [{"value": " ", "step": null, "ts": 1639303825.9647794}]}, "version": 304}
{"obj": {"type": "LogStrings", "path": ["monitoring", "stdout"], "values": [{"value": "2", "step": null, "ts": 1639303825.9647794}]}, "version": 305}
{"obj": {"type": "LogStrings", "path": ["monitoring", "stdout"], "values": [{"value": "\n", "step": null, "ts": 1639303825.9647794}]}, "version": 306}
{"obj": {"type": "LogStrings", "path": ["monitoring", "stdout"], "values": [{"value": "test count:", "step": null, "ts": 1639303827.061776}]}, "version": 307}
{"obj": {"type": "LogStrings", "path": ["monitoring", "stdout"], "values": [{"value": " ", "step": null, "ts": 1639303827.061776}]}, "version": 308}
{"obj": {"type": "LogStrings", "path": ["monitoring", "stdout"], "values": [{"value": "3", "step": null, "ts": 1639303827.061776}]}, "version": 309}
{"obj": {"type": "LogStrings", "path": ["monitoring", "stdout"], "values": [{"value": "\n", "step": null, "ts": 1639303827.061776}]}, "version": 310}
{"obj": {"type": "LogStrings", "path": ["monitoring", "stdout"], "values": [{"value": "test count:", "step": null, "ts": 1639303828.1647136}]}, "version": 311}
{"obj": {"type": "LogStrings", "path": ["monitoring", "stdout"], "values": [{"value": " ", "step": null, "ts": 1639303828.1657145}]}, "version": 312}
{"obj": {"type": "LogStrings", "path": ["monitoring", "stdout"], "values": [{"value": "4", "step": null, "ts": 1639303828.1657145}]}, "version": 313}
{"obj": {"type": "LogStrings", "path": ["monitoring", "stdout"], "values": [{"value": "\n", "step": null, "ts": 1639303828.1657145}]}, "version": 314}
{"obj": {"type": "LogStrings", "path": ["monitoring", "stdout"], "values": [{"value": "test count:", "step": null, "ts": 1639303829.2603095}]}, "version": 315}
{"obj": {"type": "LogStrings", "path": ["monitoring", "stdout"], "values": [{"value": " ", "step": null, "ts": 1639303829.2603095}]}, "version": 316}
{"obj": {"type": "LogStrings", "path": ["monitoring", "stdout"], "values": [{"value": "5", "step": null, "ts": 1639303829.2603095}]}, "version": 317}
{"obj": {"type": "LogStrings", "path": ["monitoring", "stdout"], "values": [{"value": "\n", "step": null, "ts": 1639303829.2603095}]}, "version": 318}
{"obj": {"type": "LogStrings", "path": ["monitoring", "stdout"], "values": [{"value": "test count:", "step": null, "ts": 1639303830.358246}]}, "version": 319}
{"obj": {"type": "LogStrings", "path": ["monitoring", "stdout"], "values": [{"value": " ", "step": null, "ts": 1639303830.358246}]}, "version": 320}
{"obj": {"type": "LogStrings", "path": ["monitoring", "stdout"], "values": [{"value": "6", "step": null, "ts": 1639303830.358246}]}, "version": 321}
{"obj": {"type": "LogStrings", "path": ["monitoring", "stdout"], "values": [{"value": "\n", "step": null, "ts": 1639303830.358246}]}, "version": 322}
{"obj": {"type": "LogFloats", "path": ["monitoring", "cpu"], "values": [{"value": 32.2, "step": null, "ts": 1639303831.0528796}]}, "version": 323}
{"obj": {"type": "LogFloats", "path": ["monitoring", "memory"], "values": [{"value": 9.090625762939453, "step": null, "ts": 1639303831.0528796}]}, "version": 324}
{"obj": {"type": "LogFloats", "path": ["monitoring", "gpu_memory"], "values": [{"value": 2.559967041015625, "step": null, "ts": 1639303831.0528796}]}, "version": 325}
{"obj": {"type": "LogStrings", "path": ["monitoring", "stdout"], "values": [{"value": "test count:", "step": null, "ts": 1639303831.473261}]}, "version": 326}
{"obj": {"type": "LogStrings", "path": ["monitoring", "stdout"], "values": [{"value": " ", "step": null, "ts": 1639303831.473261}]}, "version": 327}
{"obj": {"type": "LogStrings", "path": ["monitoring", "stdout"], "values": [{"value": "7", "step": null, "ts": 1639303831.473261}]}, "version": 328}
{"obj": {"type": "LogStrings", "path": ["monitoring", "stdout"], "values": [{"value": "\n", "step": null, "ts": 1639303831.473261}]}, "version": 329}
{"obj": {"type": "LogStrings", "path": ["monitoring", "stdout"], "values": [{"value": "test count:", "step": null, "ts": 1639303832.5872717}]}, "version": 330}
{"obj": {"type": "LogStrings", "path": ["monitoring", "stdout"], "values": [{"value": " ", "step": null, "ts": 1639303832.5882723}]}, "version": 331}
{"obj": {"type": "LogStrings", "path": ["monitoring", "stdout"], "values": [{"value": "8", "step": null, "ts": 1639303832.5882723}]}, "version": 332}
{"obj": {"type": "LogStrings", "path": ["monitoring", "stdout"], "values": [{"value": "\n", "step": null, "ts": 1639303832.5882723}]}, "version": 333}
{"obj": {"type": "LogStrings", "path": ["monitoring", "stdout"], "values": [{"value": "test count:", "step": null, "ts": 1639303833.7062871}]}, "version": 334}
{"obj": {"type": "LogStrings", "path": ["monitoring", "stdout"], "values": [{"value": " ", "step": null, "ts": 1639303833.7062871}]}, "version": 335}
{"obj": {"type": "LogStrings", "path": ["monitoring", "stdout"], "values": [{"value": "9", "step": null, "ts": 1639303833.7062871}]}, "version": 336}
{"obj": {"type": "LogStrings", "path": ["monitoring", "stdout"], "values": [{"value": "\n", "step": null, "ts": 1639303833.7062871}]}, "version": 337}
{"obj": {"type": "LogStrings", "path": ["monitoring", "stdout"], "values": [{"value": "test count:", "step": null, "ts": 1639303834.823607}]}, "version": 338}
{"obj": {"type": "LogStrings", "path": ["monitoring", "stdout"], "values": [{"value": " ", "step": null, "ts": 1639303834.823607}]}, "version": 339}
{"obj": {"type": "LogStrings", "path": ["monitoring", "stdout"], "values": [{"value": "10", "step": null, "ts": 1639303834.823607}]}, "version": 340}
{"obj": {"type": "LogStrings", "path": ["monitoring", "stdout"], "values": [{"value": "\n", "step": null, "ts": 1639303834.823607}]}, "version": 341}
{"obj": {"type": "LogStrings", "path": ["monitoring", "stdout"], "values": [{"value": "0.7378055555555556", "step": null, "ts": 1639303835.880635}]}, "version": 342}
{"obj": {"type": "LogStrings", "path": ["monitoring", "stdout"], "values": [{"value": "\n", "step": null, "ts": 1639303835.880635}]}, "version": 343}
{"obj": {"type": "LogFloats", "path": ["network5", "test_accuracy_per_pic"], "values": [{"value": 0.7230555555555556, "step": null, "ts": 1639303835.880635}, {"value": 0.7888888888888889, "step": null, "ts": 1639303835.880635}, {"value": 0.7644444444444445, "step": null, "ts": 1639303835.880635}, {"value": 0.7725, "step": null, "ts": 1639303835.880635}, {"value": 0.7794444444444445, "step": null, "ts": 1639303835.880635}, {"value": 0.7122222222222222, "step": null, "ts": 1639303835.880635}, {"value": 0.6580555555555555, "step": null, "ts": 1639303835.880635}, {"value": 0.7036111111111111, "step": null, "ts": 1639303835.880635}, {"value": 0.7538888888888889, "step": null, "ts": 1639303835.880635}, {"value": 0.7219444444444445, "step": null, "ts": 1639303835.880635}]}, "version": 344}
{"obj": {"type": "LogFloats", "path": ["network5", "mean_test_accuracy"], "values": [{"value": 0.7378055555555556, "step": null, "ts": 1639303835.880635}]}, "version": 345}
