{"obj": {"type": "LogFloats", "path": ["monitoring", "cpu"], "values": [{"value": 8.9, "step": null, "ts": 1639301053.714028}]}, "version": 1}
{"obj": {"type": "LogFloats", "path": ["monitoring", "memory"], "values": [{"value": 7.253532409667969, "step": null, "ts": 1639301053.714028}]}, "version": 2}
{"obj": {"type": "LogFloats", "path": ["monitoring", "gpu_memory"], "values": [{"value": 0.051025390625, "step": null, "ts": 1639301053.714028}]}, "version": 3}
{"obj": {"type": "LogFloats", "path": ["monitoring", "cpu"], "values": [{"value": 3.2, "step": null, "ts": 1639301063.732071}]}, "version": 4}
{"obj": {"type": "LogFloats", "path": ["monitoring", "memory"], "values": [{"value": 7.275138854980469, "step": null, "ts": 1639301063.732071}]}, "version": 5}
{"obj": {"type": "LogFloats", "path": ["monitoring", "gpu_memory"], "values": [{"value": 0.051025390625, "step": null, "ts": 1639301063.732071}]}, "version": 6}
{"obj": {"type": "LogStrings", "path": ["monitoring", "traceback"], "values": [{"value": "An uncaught exception occurred while run was active on worker DESKTOP-SDMAFDQ.", "step": null, "ts": 1639301063.8087134}, {"value": "Marking run as failed", "step": null, "ts": 1639301063.8087134}, {"value": "Traceback:", "step": null, "ts": 1639301063.8087134}, {"value": "  File \"C:\\Users\\Marc\\Documents\\GitHub\\Deep_final\\neptune test.py\", line 20, in <module>\n    net = run['network2/network_weights'].download()\n", "step": null, "ts": 1639301063.8087134}, {"value": "  File \"C:\\Users\\Marc\\anaconda3\\envs\\deep\\lib\\site-packages\\neptune\\new\\attributes\\atoms\\file.py\", line 53, in download\n    self._backend.download_file(self._container_id, self._path, destination)\n", "step": null, "ts": 1639301063.8087134}, {"value": "  File \"C:\\Users\\Marc\\anaconda3\\envs\\deep\\lib\\site-packages\\neptune\\new\\internal\\backends\\hosted_neptune_backend.py\", line 590, in download_file\n    download_file_attribute(\n", "step": null, "ts": 1639301063.8087134}, {"value": "  File \"C:\\Users\\Marc\\anaconda3\\envs\\deep\\lib\\site-packages\\neptune\\new\\internal\\backends\\hosted_file_operations.py\", line 338, in download_file_attribute\n    _store_response_as_file(response, destination)\n", "step": null, "ts": 1639301063.8087134}, {"value": "  File \"C:\\Users\\Marc\\anaconda3\\envs\\deep\\lib\\site-packages\\neptune\\new\\internal\\backends\\hosted_file_operations.py\", line 378, in _store_response_as_file\n    for chunk in response.iter_content(chunk_size=1024 * 1024):\n", "step": null, "ts": 1639301063.8087134}, {"value": "  File \"C:\\Users\\Marc\\anaconda3\\envs\\deep\\lib\\site-packages\\requests\\models.py\", line 758, in generate\n    for chunk in self.raw.stream(chunk_size, decode_content=True):\n", "step": null, "ts": 1639301063.8087134}, {"value": "  File \"C:\\Users\\Marc\\anaconda3\\envs\\deep\\lib\\site-packages\\urllib3\\response.py\", line 576, in stream\n    data = self.read(amt=amt, decode_content=decode_content)\n", "step": null, "ts": 1639301063.8087134}, {"value": "  File \"C:\\Users\\Marc\\anaconda3\\envs\\deep\\lib\\site-packages\\urllib3\\response.py\", line 519, in read\n    data = self._fp.read(amt) if not fp_closed else b\"\"\n", "step": null, "ts": 1639301063.8087134}, {"value": "  File \"C:\\Users\\Marc\\anaconda3\\envs\\deep\\lib\\http\\client.py\", line 459, in read\n    n = self.readinto(b)\n", "step": null, "ts": 1639301063.8087134}, {"value": "  File \"C:\\Users\\Marc\\anaconda3\\envs\\deep\\lib\\http\\client.py\", line 503, in readinto\n    n = self.fp.readinto(b)\n", "step": null, "ts": 1639301063.8087134}, {"value": "  File \"C:\\Users\\Marc\\anaconda3\\envs\\deep\\lib\\socket.py\", line 704, in readinto\n    return self._sock.recv_into(b)\n", "step": null, "ts": 1639301063.8087134}, {"value": "  File \"C:\\Users\\Marc\\anaconda3\\envs\\deep\\lib\\ssl.py\", line 1241, in recv_into\n    return self.read(nbytes, buffer)\n", "step": null, "ts": 1639301063.8087134}, {"value": "  File \"C:\\Users\\Marc\\anaconda3\\envs\\deep\\lib\\ssl.py\", line 1099, in read\n    return self._sslobj.read(len, buffer)\n", "step": null, "ts": 1639301063.8087134}, {"value": "", "step": null, "ts": 1639301063.8087134}]}, "version": 7}
{"obj": {"type": "AssignBool", "path": ["sys", "failed"], "value": true}, "version": 8}
{"obj": {"type": "LogStrings", "path": ["monitoring", "stderr"], "values": [{"value": "Traceback (most recent call last):\n", "step": null, "ts": 1639301063.809714}]}, "version": 9}
{"obj": {"type": "LogStrings", "path": ["monitoring", "stderr"], "values": [{"value": "  File \"C:\\Users\\Marc\\Documents\\GitHub\\Deep_final\\neptune test.py\", line 20, in <module>\n", "step": null, "ts": 1639301063.8107147}]}, "version": 10}
{"obj": {"type": "LogStrings", "path": ["monitoring", "stderr"], "values": [{"value": "    ", "step": null, "ts": 1639301063.8107147}]}, "version": 11}
{"obj": {"type": "LogStrings", "path": ["monitoring", "stderr"], "values": [{"value": "net = run['network2/network_weights'].download()", "step": null, "ts": 1639301063.8107147}]}, "version": 12}
{"obj": {"type": "LogStrings", "path": ["monitoring", "stderr"], "values": [{"value": "\n", "step": null, "ts": 1639301063.8107147}]}, "version": 13}
{"obj": {"type": "LogStrings", "path": ["monitoring", "stderr"], "values": [{"value": "  File \"C:\\Users\\Marc\\anaconda3\\envs\\deep\\lib\\site-packages\\neptune\\new\\attributes\\atoms\\file.py\", line 53, in download\n", "step": null, "ts": 1639301063.8117158}]}, "version": 14}
{"obj": {"type": "LogStrings", "path": ["monitoring", "stderr"], "values": [{"value": "    ", "step": null, "ts": 1639301063.8117158}]}, "version": 15}
{"obj": {"type": "LogStrings", "path": ["monitoring", "stderr"], "values": [{"value": "self._backend.download_file(self._container_id, self._path, destination)", "step": null, "ts": 1639301063.8117158}]}, "version": 16}
{"obj": {"type": "LogStrings", "path": ["monitoring", "stderr"], "values": [{"value": "\n", "step": null, "ts": 1639301063.8117158}]}, "version": 17}
{"obj": {"type": "LogStrings", "path": ["monitoring", "stderr"], "values": [{"value": "  File \"C:\\Users\\Marc\\anaconda3\\envs\\deep\\lib\\site-packages\\neptune\\new\\internal\\backends\\hosted_neptune_backend.py\", line 590, in download_file\n", "step": null, "ts": 1639301063.8127172}]}, "version": 18}
{"obj": {"type": "LogStrings", "path": ["monitoring", "stderr"], "values": [{"value": "    ", "step": null, "ts": 1639301063.8127172}]}, "version": 19}
{"obj": {"type": "LogStrings", "path": ["monitoring", "stderr"], "values": [{"value": "download_file_attribute(", "step": null, "ts": 1639301063.8127172}]}, "version": 20}
{"obj": {"type": "LogStrings", "path": ["monitoring", "stderr"], "values": [{"value": "\n", "step": null, "ts": 1639301063.8127172}]}, "version": 21}
{"obj": {"type": "LogStrings", "path": ["monitoring", "stderr"], "values": [{"value": "  File \"C:\\Users\\Marc\\anaconda3\\envs\\deep\\lib\\site-packages\\neptune\\new\\internal\\backends\\hosted_file_operations.py\", line 338, in download_file_attribute\n", "step": null, "ts": 1639301063.8137186}]}, "version": 22}
{"obj": {"type": "LogStrings", "path": ["monitoring", "stderr"], "values": [{"value": "    ", "step": null, "ts": 1639301063.8137186}]}, "version": 23}
{"obj": {"type": "LogStrings", "path": ["monitoring", "stderr"], "values": [{"value": "_store_response_as_file(response, destination)", "step": null, "ts": 1639301063.8137186}]}, "version": 24}
{"obj": {"type": "LogStrings", "path": ["monitoring", "stderr"], "values": [{"value": "\n", "step": null, "ts": 1639301063.8137186}]}, "version": 25}
{"obj": {"type": "LogStrings", "path": ["monitoring", "stderr"], "values": [{"value": "  File \"C:\\Users\\Marc\\anaconda3\\envs\\deep\\lib\\site-packages\\neptune\\new\\internal\\backends\\hosted_file_operations.py\", line 378, in _store_response_as_file\n", "step": null, "ts": 1639301063.8147187}]}, "version": 26}
{"obj": {"type": "LogStrings", "path": ["monitoring", "stderr"], "values": [{"value": "    ", "step": null, "ts": 1639301063.8147187}]}, "version": 27}
{"obj": {"type": "LogStrings", "path": ["monitoring", "stderr"], "values": [{"value": "for chunk in response.iter_content(chunk_size=1024 * 1024):", "step": null, "ts": 1639301063.8147187}]}, "version": 28}
{"obj": {"type": "LogStrings", "path": ["monitoring", "stderr"], "values": [{"value": "\n", "step": null, "ts": 1639301063.8147187}]}, "version": 29}
{"obj": {"type": "LogStrings", "path": ["monitoring", "stderr"], "values": [{"value": "  File \"C:\\Users\\Marc\\anaconda3\\envs\\deep\\lib\\site-packages\\requests\\models.py\", line 758, in generate\n", "step": null, "ts": 1639301063.8147187}]}, "version": 30}
{"obj": {"type": "LogStrings", "path": ["monitoring", "stderr"], "values": [{"value": "    ", "step": null, "ts": 1639301063.8157194}]}, "version": 31}
{"obj": {"type": "LogStrings", "path": ["monitoring", "stderr"], "values": [{"value": "for chunk in self.raw.stream(chunk_size, decode_content=True):", "step": null, "ts": 1639301063.8157194}]}, "version": 32}
{"obj": {"type": "LogStrings", "path": ["monitoring", "stderr"], "values": [{"value": "\n", "step": null, "ts": 1639301063.8157194}]}, "version": 33}
{"obj": {"type": "LogStrings", "path": ["monitoring", "stderr"], "values": [{"value": "  File \"C:\\Users\\Marc\\anaconda3\\envs\\deep\\lib\\site-packages\\urllib3\\response.py\", line 576, in stream\n", "step": null, "ts": 1639301063.8167207}]}, "version": 34}
{"obj": {"type": "LogStrings", "path": ["monitoring", "stderr"], "values": [{"value": "    ", "step": null, "ts": 1639301063.8167207}]}, "version": 35}
{"obj": {"type": "LogStrings", "path": ["monitoring", "stderr"], "values": [{"value": "data = self.read(amt=amt, decode_content=decode_content)", "step": null, "ts": 1639301063.8167207}]}, "version": 36}
{"obj": {"type": "LogStrings", "path": ["monitoring", "stderr"], "values": [{"value": "\n", "step": null, "ts": 1639301063.8167207}]}, "version": 37}
{"obj": {"type": "LogStrings", "path": ["monitoring", "stderr"], "values": [{"value": "  File \"C:\\Users\\Marc\\anaconda3\\envs\\deep\\lib\\site-packages\\urllib3\\response.py\", line 519, in read\n", "step": null, "ts": 1639301063.8167207}]}, "version": 38}
{"obj": {"type": "LogStrings", "path": ["monitoring", "stderr"], "values": [{"value": "    ", "step": null, "ts": 1639301063.8177214}]}, "version": 39}
{"obj": {"type": "LogStrings", "path": ["monitoring", "stderr"], "values": [{"value": "data = self._fp.read(amt) if not fp_closed else b\"\"", "step": null, "ts": 1639301063.8177214}]}, "version": 40}
{"obj": {"type": "LogStrings", "path": ["monitoring", "stderr"], "values": [{"value": "\n", "step": null, "ts": 1639301063.8177214}]}, "version": 41}
{"obj": {"type": "LogStrings", "path": ["monitoring", "stderr"], "values": [{"value": "  File \"C:\\Users\\Marc\\anaconda3\\envs\\deep\\lib\\http\\client.py\", line 459, in read\n", "step": null, "ts": 1639301063.8177214}]}, "version": 42}
{"obj": {"type": "LogStrings", "path": ["monitoring", "stderr"], "values": [{"value": "    ", "step": null, "ts": 1639301063.8187225}]}, "version": 43}
{"obj": {"type": "LogStrings", "path": ["monitoring", "stderr"], "values": [{"value": "n = self.readinto(b)", "step": null, "ts": 1639301063.8187225}]}, "version": 44}
{"obj": {"type": "LogStrings", "path": ["monitoring", "stderr"], "values": [{"value": "\n", "step": null, "ts": 1639301063.8187225}]}, "version": 45}
{"obj": {"type": "LogStrings", "path": ["monitoring", "stderr"], "values": [{"value": "  File \"C:\\Users\\Marc\\anaconda3\\envs\\deep\\lib\\http\\client.py\", line 503, in readinto\n", "step": null, "ts": 1639301063.8187225}]}, "version": 46}
{"obj": {"type": "LogStrings", "path": ["monitoring", "stderr"], "values": [{"value": "    ", "step": null, "ts": 1639301063.8197234}]}, "version": 47}
{"obj": {"type": "LogStrings", "path": ["monitoring", "stderr"], "values": [{"value": "n = self.fp.readinto(b)", "step": null, "ts": 1639301063.8197234}]}, "version": 48}
{"obj": {"type": "LogStrings", "path": ["monitoring", "stderr"], "values": [{"value": "\n", "step": null, "ts": 1639301063.8197234}]}, "version": 49}
{"obj": {"type": "LogStrings", "path": ["monitoring", "stderr"], "values": [{"value": "  File \"C:\\Users\\Marc\\anaconda3\\envs\\deep\\lib\\socket.py\", line 704, in readinto\n", "step": null, "ts": 1639301063.8207242}]}, "version": 50}
{"obj": {"type": "LogStrings", "path": ["monitoring", "stderr"], "values": [{"value": "    ", "step": null, "ts": 1639301063.8217263}]}, "version": 51}
{"obj": {"type": "LogStrings", "path": ["monitoring", "stderr"], "values": [{"value": "return self._sock.recv_into(b)", "step": null, "ts": 1639301063.8217263}]}, "version": 52}
{"obj": {"type": "LogStrings", "path": ["monitoring", "stderr"], "values": [{"value": "\n", "step": null, "ts": 1639301063.8217263}]}, "version": 53}
{"obj": {"type": "LogStrings", "path": ["monitoring", "stderr"], "values": [{"value": "  File \"C:\\Users\\Marc\\anaconda3\\envs\\deep\\lib\\ssl.py\", line 1241, in recv_into\n", "step": null, "ts": 1639301063.8217263}]}, "version": 54}
{"obj": {"type": "LogStrings", "path": ["monitoring", "stderr"], "values": [{"value": "    ", "step": null, "ts": 1639301063.8227262}]}, "version": 55}
{"obj": {"type": "LogStrings", "path": ["monitoring", "stderr"], "values": [{"value": "return self.read(nbytes, buffer)", "step": null, "ts": 1639301063.8227262}]}, "version": 56}
{"obj": {"type": "LogStrings", "path": ["monitoring", "stderr"], "values": [{"value": "\n", "step": null, "ts": 1639301063.8227262}]}, "version": 57}
{"obj": {"type": "LogStrings", "path": ["monitoring", "stderr"], "values": [{"value": "  File \"C:\\Users\\Marc\\anaconda3\\envs\\deep\\lib\\ssl.py\", line 1099, in read\n", "step": null, "ts": 1639301063.8227262}]}, "version": 58}
{"obj": {"type": "LogStrings", "path": ["monitoring", "stderr"], "values": [{"value": "    ", "step": null, "ts": 1639301063.823727}]}, "version": 59}
{"obj": {"type": "LogStrings", "path": ["monitoring", "stderr"], "values": [{"value": "return self._sslobj.read(len, buffer)", "step": null, "ts": 1639301063.823727}]}, "version": 60}
{"obj": {"type": "LogStrings", "path": ["monitoring", "stderr"], "values": [{"value": "\n", "step": null, "ts": 1639301063.823727}]}, "version": 61}
{"obj": {"type": "LogStrings", "path": ["monitoring", "stderr"], "values": [{"value": "KeyboardInterrupt", "step": null, "ts": 1639301063.824728}]}, "version": 62}
{"obj": {"type": "LogStrings", "path": ["monitoring", "stderr"], "values": [{"value": "", "step": null, "ts": 1639301063.824728}]}, "version": 63}
{"obj": {"type": "LogStrings", "path": ["monitoring", "stderr"], "values": [{"value": "\n", "step": null, "ts": 1639301063.8257287}]}, "version": 64}
