{"obj": {"type": "AssignString", "path": ["sys", "name"], "value": "Untitled"}, "version": 1}
{"obj": {"type": "AssignString", "path": ["sys", "description"], "value": ""}, "version": 2}
{"obj": {"type": "AssignString", "path": ["sys", "hostname"], "value": "DESKTOP-SDMAFDQ"}, "version": 3}
{"obj": {"type": "AssignBool", "path": ["sys", "failed"], "value": false}, "version": 4}
{"obj": {"type": "ClearStringLog", "path": ["monitoring", "stdout"]}, "version": 5}
{"obj": {"type": "ClearStringLog", "path": ["monitoring", "stderr"]}, "version": 6}
{"obj": {"type": "AssignString", "path": ["source_code", "entrypoint"], "value": "trainer.py"}, "version": 7}
{"obj": {"type": "UploadFileSet", "path": ["source_code", "files"], "file_globs": ["C:\\Users\\Marc\\Documents\\GitHub\\Deep_final\\trainer.py"], "reset": "False"}, "version": 8}
{"obj": {"type": "ConfigFloatSeries", "path": ["monitoring", "cpu"], "min": 0.0, "max": 100.0, "unit": "%"}, "version": 9}
{"obj": {"type": "ClearFloatLog", "path": ["monitoring", "cpu"]}, "version": 10}
{"obj": {"type": "ConfigFloatSeries", "path": ["monitoring", "memory"], "min": 0.0, "max": 15.387199401855469, "unit": "GB"}, "version": 11}
{"obj": {"type": "ClearFloatLog", "path": ["monitoring", "memory"]}, "version": 12}
{"obj": {"type": "ConfigFloatSeries", "path": ["monitoring", "gpu"], "min": 0.0, "max": 100.0, "unit": "%"}, "version": 13}
{"obj": {"type": "ClearFloatLog", "path": ["monitoring", "gpu"]}, "version": 14}
{"obj": {"type": "ConfigFloatSeries", "path": ["monitoring", "gpu_memory"], "min": 0.0, "max": 4.0, "unit": "GB"}, "version": 15}
{"obj": {"type": "ClearFloatLog", "path": ["monitoring", "gpu_memory"]}, "version": 16}
{"obj": {"type": "LogFloats", "path": ["monitoring", "cpu"], "values": [{"value": 9.0, "step": null, "ts": 1639304922.1390233}]}, "version": 17}
{"obj": {"type": "LogFloats", "path": ["monitoring", "memory"], "values": [{"value": 7.602451324462891, "step": null, "ts": 1639304922.1390233}]}, "version": 18}
{"obj": {"type": "LogFloats", "path": ["monitoring", "gpu_memory"], "values": [{"value": 0.051025390625, "step": null, "ts": 1639304922.1390233}]}, "version": 19}
{"obj": {"type": "AssignString", "path": ["network6", "parameters", "optimizer"], "value": "SGD"}, "version": 20}
{"obj": {"type": "AssignString", "path": ["network6", "parameters", "loss_function"], "value": "MSEloss"}, "version": 21}
{"obj": {"type": "AssignString", "path": ["network6", "parameters", "model"], "value": "GTA_Unet"}, "version": 22}
{"obj": {"type": "AssignString", "path": ["network6", "parameters", "scheduler"], "value": "CosineAnnealingLR"}, "version": 23}
{"obj": {"type": "LogStrings", "path": ["monitoring", "stdout"], "values": [{"value": "Training epoch 0", "step": null, "ts": 1639304922.3582222}]}, "version": 24}
{"obj": {"type": "LogStrings", "path": ["monitoring", "stdout"], "values": [{"value": "\n", "step": null, "ts": 1639304922.3582222}]}, "version": 25}
{"obj": {"type": "LogFloats", "path": ["network6", "learning_rate"], "values": [{"value": 0.5, "step": null, "ts": 1639304922.3582222}]}, "version": 26}
{"obj": {"type": "LogFloats", "path": ["network6", "train_loss"], "values": [{"value": 0.09929584860801696, "step": null, "ts": 1639304924.9722583}]}, "version": 27}
{"obj": {"type": "LogFloats", "path": ["network6", "validation_loss"], "values": [{"value": 0.09196604788303375, "step": null, "ts": 1639304925.079356}]}, "version": 28}
{"obj": {"type": "LogStrings", "path": ["monitoring", "stdout"], "values": [{"value": "Training epoch 1", "step": null, "ts": 1639304925.079356}]}, "version": 29}
{"obj": {"type": "LogStrings", "path": ["monitoring", "stdout"], "values": [{"value": "\n", "step": null, "ts": 1639304925.079356}]}, "version": 30}
{"obj": {"type": "LogFloats", "path": ["network6", "learning_rate"], "values": [{"value": 0.49021130325903073, "step": null, "ts": 1639304925.0803573}]}, "version": 31}
{"obj": {"type": "LogFloats", "path": ["network6", "train_loss"], "values": [{"value": 0.08113824874162674, "step": null, "ts": 1639304926.1903632}]}, "version": 32}
{"obj": {"type": "LogFloats", "path": ["network6", "validation_loss"], "values": [{"value": 0.08364374935626984, "step": null, "ts": 1639304926.3004642}]}, "version": 33}
{"obj": {"type": "LogStrings", "path": ["monitoring", "stdout"], "values": [{"value": "Training epoch 2", "step": null, "ts": 1639304926.3004642}]}, "version": 34}
{"obj": {"type": "LogStrings", "path": ["monitoring", "stdout"], "values": [{"value": "\n", "step": null, "ts": 1639304926.3004642}]}, "version": 35}
{"obj": {"type": "LogFloats", "path": ["network6", "learning_rate"], "values": [{"value": 0.46180339887498956, "step": null, "ts": 1639304926.3004642}]}, "version": 36}
{"obj": {"type": "LogFloats", "path": ["network6", "train_loss"], "values": [{"value": 0.06512456387281418, "step": null, "ts": 1639304927.402464}]}, "version": 37}
{"obj": {"type": "LogFloats", "path": ["network6", "validation_loss"], "values": [{"value": 0.07675130665302277, "step": null, "ts": 1639304927.51957}]}, "version": 38}
{"obj": {"type": "LogStrings", "path": ["monitoring", "stdout"], "values": [{"value": "Training epoch 3", "step": null, "ts": 1639304927.51957}]}, "version": 39}
{"obj": {"type": "LogStrings", "path": ["monitoring", "stdout"], "values": [{"value": "\n", "step": null, "ts": 1639304927.51957}]}, "version": 40}
{"obj": {"type": "LogFloats", "path": ["network6", "learning_rate"], "values": [{"value": 0.41755705045849467, "step": null, "ts": 1639304927.51957}]}, "version": 41}
{"obj": {"type": "LogFloats", "path": ["network6", "train_loss"], "values": [{"value": 0.051776549965143207, "step": null, "ts": 1639304928.6275325}]}, "version": 42}
{"obj": {"type": "LogFloats", "path": ["network6", "validation_loss"], "values": [{"value": 0.06864207237958908, "step": null, "ts": 1639304928.7346423}]}, "version": 43}
{"obj": {"type": "LogStrings", "path": ["monitoring", "stdout"], "values": [{"value": "Training epoch 4", "step": null, "ts": 1639304928.7346423}]}, "version": 44}
{"obj": {"type": "LogStrings", "path": ["monitoring", "stdout"], "values": [{"value": "\n", "step": null, "ts": 1639304928.7356398}]}, "version": 45}
{"obj": {"type": "LogFloats", "path": ["network6", "learning_rate"], "values": [{"value": 0.3618033988749896, "step": null, "ts": 1639304928.7356398}]}, "version": 46}
{"obj": {"type": "LogFloats", "path": ["network6", "train_loss"], "values": [{"value": 0.04187135510146618, "step": null, "ts": 1639304929.8442938}]}, "version": 47}
{"obj": {"type": "LogFloats", "path": ["network6", "validation_loss"], "values": [{"value": 0.07369911670684814, "step": null, "ts": 1639304929.955396}]}, "version": 48}
{"obj": {"type": "LogStrings", "path": ["monitoring", "stdout"], "values": [{"value": "Training epoch 5", "step": null, "ts": 1639304929.955396}]}, "version": 49}
{"obj": {"type": "LogStrings", "path": ["monitoring", "stdout"], "values": [{"value": "\n", "step": null, "ts": 1639304929.955396}]}, "version": 50}
{"obj": {"type": "LogFloats", "path": ["network6", "learning_rate"], "values": [{"value": 0.3000000000000001, "step": null, "ts": 1639304929.955396}]}, "version": 51}
{"obj": {"type": "LogFloats", "path": ["network6", "train_loss"], "values": [{"value": 0.033387836441397666, "step": null, "ts": 1639304931.076827}]}, "version": 52}
{"obj": {"type": "LogFloats", "path": ["network6", "validation_loss"], "values": [{"value": 0.060229118913412094, "step": null, "ts": 1639304931.1849256}]}, "version": 53}
{"obj": {"type": "LogStrings", "path": ["monitoring", "stdout"], "values": [{"value": "Training epoch 6", "step": null, "ts": 1639304931.1849256}]}, "version": 54}
{"obj": {"type": "LogStrings", "path": ["monitoring", "stdout"], "values": [{"value": "\n", "step": null, "ts": 1639304931.1859262}]}, "version": 55}
{"obj": {"type": "LogFloats", "path": ["network6", "learning_rate"], "values": [{"value": 0.2381966011250106, "step": null, "ts": 1639304931.1859262}]}, "version": 56}
{"obj": {"type": "LogFloats", "path": ["monitoring", "cpu"], "values": [{"value": 43.2, "step": null, "ts": 1639304932.1457975}]}, "version": 57}
{"obj": {"type": "LogFloats", "path": ["monitoring", "memory"], "values": [{"value": 9.26190185546875, "step": null, "ts": 1639304932.1457975}]}, "version": 58}
{"obj": {"type": "LogFloats", "path": ["monitoring", "gpu"], "values": [{"value": 88.0, "step": null, "ts": 1639304932.1457975}]}, "version": 59}
{"obj": {"type": "LogFloats", "path": ["monitoring", "gpu_memory"], "values": [{"value": 2.456451416015625, "step": null, "ts": 1639304932.1457975}]}, "version": 60}
{"obj": {"type": "LogFloats", "path": ["network6", "train_loss"], "values": [{"value": 0.030762482434511185, "step": null, "ts": 1639304932.2919302}]}, "version": 61}
{"obj": {"type": "LogFloats", "path": ["network6", "validation_loss"], "values": [{"value": 0.06912098824977875, "step": null, "ts": 1639304932.399027}]}, "version": 62}
{"obj": {"type": "LogStrings", "path": ["monitoring", "stdout"], "values": [{"value": "Training epoch 7", "step": null, "ts": 1639304932.4000282}]}, "version": 63}
{"obj": {"type": "LogStrings", "path": ["monitoring", "stdout"], "values": [{"value": "\n", "step": null, "ts": 1639304932.4000282}]}, "version": 64}
{"obj": {"type": "LogFloats", "path": ["network6", "learning_rate"], "values": [{"value": 0.18244294954150542, "step": null, "ts": 1639304932.4000282}]}, "version": 65}
{"obj": {"type": "LogFloats", "path": ["network6", "train_loss"], "values": [{"value": 0.025698088854551316, "step": null, "ts": 1639304933.5080338}]}, "version": 66}
{"obj": {"type": "LogFloats", "path": ["network6", "validation_loss"], "values": [{"value": 0.0644480362534523, "step": null, "ts": 1639304933.62514}]}, "version": 67}
{"obj": {"type": "LogStrings", "path": ["monitoring", "stdout"], "values": [{"value": "Training epoch 8", "step": null, "ts": 1639304933.6261406}]}, "version": 68}
{"obj": {"type": "LogStrings", "path": ["monitoring", "stdout"], "values": [{"value": "\n", "step": null, "ts": 1639304933.6261406}]}, "version": 69}
{"obj": {"type": "LogFloats", "path": ["network6", "learning_rate"], "values": [{"value": 0.13819660112501053, "step": null, "ts": 1639304933.6261406}]}, "version": 70}
{"obj": {"type": "LogFloats", "path": ["network6", "train_loss"], "values": [{"value": 0.02327510342001915, "step": null, "ts": 1639304934.7241373}]}, "version": 71}
{"obj": {"type": "LogFloats", "path": ["network6", "validation_loss"], "values": [{"value": 0.06589716672897339, "step": null, "ts": 1639304934.8332355}]}, "version": 72}
{"obj": {"type": "LogStrings", "path": ["monitoring", "stdout"], "values": [{"value": "Training epoch 9", "step": null, "ts": 1639304934.8332355}]}, "version": 73}
{"obj": {"type": "LogStrings", "path": ["monitoring", "stdout"], "values": [{"value": "\n", "step": null, "ts": 1639304934.8332355}]}, "version": 74}
{"obj": {"type": "LogFloats", "path": ["network6", "learning_rate"], "values": [{"value": 0.1097886967409693, "step": null, "ts": 1639304934.8332355}]}, "version": 75}
{"obj": {"type": "LogFloats", "path": ["network6", "train_loss"], "values": [{"value": 0.022018007934093475, "step": null, "ts": 1639304935.9472466}]}, "version": 76}
{"obj": {"type": "LogFloats", "path": ["network6", "validation_loss"], "values": [{"value": 0.06338594853878021, "step": null, "ts": 1639304936.0543437}]}, "version": 77}
{"obj": {"type": "LogStrings", "path": ["monitoring", "stdout"], "values": [{"value": "Training epoch 10", "step": null, "ts": 1639304936.0543437}]}, "version": 78}
{"obj": {"type": "LogStrings", "path": ["monitoring", "stdout"], "values": [{"value": "\n", "step": null, "ts": 1639304936.0543437}]}, "version": 79}
{"obj": {"type": "LogFloats", "path": ["network6", "learning_rate"], "values": [{"value": 0.1, "step": null, "ts": 1639304936.0543437}]}, "version": 80}
{"obj": {"type": "LogFloats", "path": ["network6", "train_loss"], "values": [{"value": 0.02099782843142748, "step": null, "ts": 1639304937.1603522}]}, "version": 81}
{"obj": {"type": "LogFloats", "path": ["network6", "validation_loss"], "values": [{"value": 0.06291546672582626, "step": null, "ts": 1639304937.2664487}]}, "version": 82}
{"obj": {"type": "LogStrings", "path": ["monitoring", "stdout"], "values": [{"value": "Training epoch 11", "step": null, "ts": 1639304937.2674496}]}, "version": 83}
{"obj": {"type": "LogStrings", "path": ["monitoring", "stdout"], "values": [{"value": "\n", "step": null, "ts": 1639304937.2674496}]}, "version": 84}
{"obj": {"type": "LogFloats", "path": ["network6", "learning_rate"], "values": [{"value": 0.1097886967409693, "step": null, "ts": 1639304937.2674496}]}, "version": 85}
{"obj": {"type": "LogFloats", "path": ["network6", "train_loss"], "values": [{"value": 0.02016601897776127, "step": null, "ts": 1639304938.3765905}]}, "version": 86}
{"obj": {"type": "LogFloats", "path": ["network6", "validation_loss"], "values": [{"value": 0.06241494417190552, "step": null, "ts": 1639304938.482687}]}, "version": 87}
{"obj": {"type": "LogStrings", "path": ["monitoring", "stdout"], "values": [{"value": "Training epoch 12", "step": null, "ts": 1639304938.4836886}]}, "version": 88}
{"obj": {"type": "LogStrings", "path": ["monitoring", "stdout"], "values": [{"value": "\n", "step": null, "ts": 1639304938.4836886}]}, "version": 89}
{"obj": {"type": "LogFloats", "path": ["network6", "learning_rate"], "values": [{"value": 0.1381966011250107, "step": null, "ts": 1639304938.4836886}]}, "version": 90}
{"obj": {"type": "LogFloats", "path": ["network6", "train_loss"], "values": [{"value": 0.019484011083841325, "step": null, "ts": 1639304939.5876899}]}, "version": 91}
{"obj": {"type": "LogFloats", "path": ["network6", "validation_loss"], "values": [{"value": 0.060844819992780685, "step": null, "ts": 1639304939.6947892}]}, "version": 92}
{"obj": {"type": "LogStrings", "path": ["monitoring", "stdout"], "values": [{"value": "Training epoch 13", "step": null, "ts": 1639304939.6947892}]}, "version": 93}
{"obj": {"type": "LogStrings", "path": ["monitoring", "stdout"], "values": [{"value": "\n", "step": null, "ts": 1639304939.6947892}]}, "version": 94}
{"obj": {"type": "LogFloats", "path": ["network6", "learning_rate"], "values": [{"value": 0.18244294954150575, "step": null, "ts": 1639304939.6957905}]}, "version": 95}
{"obj": {"type": "LogFloats", "path": ["network6", "train_loss"], "values": [{"value": 0.018754936382174493, "step": null, "ts": 1639304940.8019528}]}, "version": 96}
{"obj": {"type": "LogFloats", "path": ["network6", "validation_loss"], "values": [{"value": 0.0600288100540638, "step": null, "ts": 1639304940.9090502}]}, "version": 97}
{"obj": {"type": "LogStrings", "path": ["monitoring", "stdout"], "values": [{"value": "Training epoch 14", "step": null, "ts": 1639304940.9090502}]}, "version": 98}
{"obj": {"type": "LogStrings", "path": ["monitoring", "stdout"], "values": [{"value": "\n", "step": null, "ts": 1639304940.910051}]}, "version": 99}
{"obj": {"type": "LogFloats", "path": ["network6", "learning_rate"], "values": [{"value": 0.23819660112501115, "step": null, "ts": 1639304940.910051}]}, "version": 100}
{"obj": {"type": "LogFloats", "path": ["network6", "train_loss"], "values": [{"value": 0.017670001089572906, "step": null, "ts": 1639304942.0180564}]}, "version": 101}
{"obj": {"type": "LogFloats", "path": ["network6", "validation_loss"], "values": [{"value": 0.0660402774810791, "step": null, "ts": 1639304942.125154}]}, "version": 102}
{"obj": {"type": "LogStrings", "path": ["monitoring", "stdout"], "values": [{"value": "Training epoch 15", "step": null, "ts": 1639304942.125154}]}, "version": 103}
{"obj": {"type": "LogStrings", "path": ["monitoring", "stdout"], "values": [{"value": "\n", "step": null, "ts": 1639304942.125154}]}, "version": 104}
{"obj": {"type": "LogFloats", "path": ["network6", "learning_rate"], "values": [{"value": 0.30000000000000093, "step": null, "ts": 1639304942.125154}]}, "version": 105}
{"obj": {"type": "LogFloats", "path": ["monitoring", "cpu"], "values": [{"value": 50.6, "step": null, "ts": 1639304942.1491754}]}, "version": 106}
{"obj": {"type": "LogFloats", "path": ["monitoring", "memory"], "values": [{"value": 9.23916244506836, "step": null, "ts": 1639304942.1491754}]}, "version": 107}
{"obj": {"type": "LogFloats", "path": ["monitoring", "gpu"], "values": [{"value": 73.0, "step": null, "ts": 1639304942.1491754}]}, "version": 108}
{"obj": {"type": "LogFloats", "path": ["monitoring", "gpu_memory"], "values": [{"value": 2.456451416015625, "step": null, "ts": 1639304942.1491754}]}, "version": 109}
{"obj": {"type": "LogFloats", "path": ["network6", "train_loss"], "values": [{"value": 0.01898346245288849, "step": null, "ts": 1639304943.230157}]}, "version": 110}
{"obj": {"type": "LogFloats", "path": ["network6", "validation_loss"], "values": [{"value": 0.0542861707508564, "step": null, "ts": 1639304943.3412573}]}, "version": 111}
{"obj": {"type": "LogStrings", "path": ["monitoring", "stdout"], "values": [{"value": "Training epoch 16", "step": null, "ts": 1639304943.3412573}]}, "version": 112}
{"obj": {"type": "LogStrings", "path": ["monitoring", "stdout"], "values": [{"value": "\n", "step": null, "ts": 1639304943.3412573}]}, "version": 113}
{"obj": {"type": "LogFloats", "path": ["network6", "learning_rate"], "values": [{"value": 0.3618033988749907, "step": null, "ts": 1639304943.3412573}]}, "version": 114}
{"obj": {"type": "LogFloats", "path": ["network6", "train_loss"], "values": [{"value": 0.03313822653144598, "step": null, "ts": 1639304944.4542677}]}, "version": 115}
{"obj": {"type": "LogFloats", "path": ["network6", "validation_loss"], "values": [{"value": 0.0647052526473999, "step": null, "ts": 1639304944.5633662}]}, "version": 116}
{"obj": {"type": "LogStrings", "path": ["monitoring", "stdout"], "values": [{"value": "Training epoch 17", "step": null, "ts": 1639304944.5633662}]}, "version": 117}
{"obj": {"type": "LogStrings", "path": ["monitoring", "stdout"], "values": [{"value": "\n", "step": null, "ts": 1639304944.5633662}]}, "version": 118}
{"obj": {"type": "LogFloats", "path": ["network6", "learning_rate"], "values": [{"value": 0.4175570504584961, "step": null, "ts": 1639304944.5633662}]}, "version": 119}
{"obj": {"type": "LogFloats", "path": ["network6", "train_loss"], "values": [{"value": 0.028486188501119614, "step": null, "ts": 1639304945.6723733}]}, "version": 120}
{"obj": {"type": "LogFloats", "path": ["network6", "validation_loss"], "values": [{"value": 0.07813940197229385, "step": null, "ts": 1639304945.7794697}]}, "version": 121}
{"obj": {"type": "LogStrings", "path": ["monitoring", "stdout"], "values": [{"value": "Training epoch 18", "step": null, "ts": 1639304945.7804708}]}, "version": 122}
{"obj": {"type": "LogStrings", "path": ["monitoring", "stdout"], "values": [{"value": "\n", "step": null, "ts": 1639304945.7804708}]}, "version": 123}
{"obj": {"type": "LogFloats", "path": ["network6", "learning_rate"], "values": [{"value": 0.46180339887499133, "step": null, "ts": 1639304945.7804708}]}, "version": 124}
{"obj": {"type": "LogFloats", "path": ["network6", "train_loss"], "values": [{"value": 0.030380834266543387, "step": null, "ts": 1639304946.8874753}]}, "version": 125}
{"obj": {"type": "LogFloats", "path": ["network6", "validation_loss"], "values": [{"value": 0.06956744939088821, "step": null, "ts": 1639304946.9955735}]}, "version": 126}
{"obj": {"type": "LogStrings", "path": ["monitoring", "stdout"], "values": [{"value": "Training epoch 19", "step": null, "ts": 1639304946.9965746}]}, "version": 127}
{"obj": {"type": "LogStrings", "path": ["monitoring", "stdout"], "values": [{"value": "\n", "step": null, "ts": 1639304946.9965746}]}, "version": 128}
{"obj": {"type": "LogFloats", "path": ["network6", "learning_rate"], "values": [{"value": 0.4902113032590327, "step": null, "ts": 1639304946.9965746}]}, "version": 129}
{"obj": {"type": "LogFloats", "path": ["network6", "train_loss"], "values": [{"value": 0.023573679849505424, "step": null, "ts": 1639304948.1020882}]}, "version": 130}
{"obj": {"type": "LogFloats", "path": ["network6", "validation_loss"], "values": [{"value": 0.06839406490325928, "step": null, "ts": 1639304948.2105982}]}, "version": 131}
{"obj": {"type": "LogStrings", "path": ["monitoring", "stdout"], "values": [{"value": "Training epoch 20", "step": null, "ts": 1639304948.2105982}]}, "version": 132}
{"obj": {"type": "LogStrings", "path": ["monitoring", "stdout"], "values": [{"value": "\n", "step": null, "ts": 1639304948.2105982}]}, "version": 133}
{"obj": {"type": "LogFloats", "path": ["network6", "learning_rate"], "values": [{"value": 0.5000000000000021, "step": null, "ts": 1639304948.2105982}]}, "version": 134}
{"obj": {"type": "LogFloats", "path": ["network6", "train_loss"], "values": [{"value": 0.022562766820192336, "step": null, "ts": 1639304949.3176057}]}, "version": 135}
{"obj": {"type": "LogFloats", "path": ["network6", "validation_loss"], "values": [{"value": 0.07092075794935226, "step": null, "ts": 1639304949.4239032}]}, "version": 136}
{"obj": {"type": "LogStrings", "path": ["monitoring", "stdout"], "values": [{"value": "Training epoch 21", "step": null, "ts": 1639304949.4239032}]}, "version": 137}
{"obj": {"type": "LogStrings", "path": ["monitoring", "stdout"], "values": [{"value": "\n", "step": null, "ts": 1639304949.4249043}]}, "version": 138}
{"obj": {"type": "LogFloats", "path": ["network6", "learning_rate"], "values": [{"value": 0.49021130325903284, "step": null, "ts": 1639304949.4249043}]}, "version": 139}
{"obj": {"type": "LogFloats", "path": ["network6", "train_loss"], "values": [{"value": 0.018912606127560138, "step": null, "ts": 1639304950.5279222}]}, "version": 140}
{"obj": {"type": "LogFloats", "path": ["network6", "validation_loss"], "values": [{"value": 0.06212010234594345, "step": null, "ts": 1639304950.6360204}]}, "version": 141}
{"obj": {"type": "LogStrings", "path": ["monitoring", "stdout"], "values": [{"value": "Training epoch 22", "step": null, "ts": 1639304950.6360204}]}, "version": 142}
{"obj": {"type": "LogStrings", "path": ["monitoring", "stdout"], "values": [{"value": "\n", "step": null, "ts": 1639304950.6360204}]}, "version": 143}
{"obj": {"type": "LogFloats", "path": ["network6", "learning_rate"], "values": [{"value": 0.46180339887499156, "step": null, "ts": 1639304950.6360204}]}, "version": 144}
{"obj": {"type": "LogFloats", "path": ["network6", "train_loss"], "values": [{"value": 0.01632654946297407, "step": null, "ts": 1639304951.7480297}]}, "version": 145}
{"obj": {"type": "LogFloats", "path": ["network6", "validation_loss"], "values": [{"value": 0.06740235537290573, "step": null, "ts": 1639304951.855127}]}, "version": 146}
{"obj": {"type": "LogStrings", "path": ["monitoring", "stdout"], "values": [{"value": "Training epoch 23", "step": null, "ts": 1639304951.855127}]}, "version": 147}
{"obj": {"type": "LogStrings", "path": ["monitoring", "stdout"], "values": [{"value": "\n", "step": null, "ts": 1639304951.855127}]}, "version": 148}
{"obj": {"type": "LogFloats", "path": ["network6", "learning_rate"], "values": [{"value": 0.41755705045849645, "step": null, "ts": 1639304951.855127}]}, "version": 149}
{"obj": {"type": "LogFloats", "path": ["monitoring", "cpu"], "values": [{"value": 52.0, "step": null, "ts": 1639304952.165408}]}, "version": 150}
{"obj": {"type": "LogFloats", "path": ["monitoring", "memory"], "values": [{"value": 9.224300384521484, "step": null, "ts": 1639304952.165408}]}, "version": 151}
{"obj": {"type": "LogFloats", "path": ["monitoring", "gpu"], "values": [{"value": 93.0, "step": null, "ts": 1639304952.165408}]}, "version": 152}
{"obj": {"type": "LogFloats", "path": ["monitoring", "gpu_memory"], "values": [{"value": 2.456451416015625, "step": null, "ts": 1639304952.165408}]}, "version": 153}
{"obj": {"type": "LogFloats", "path": ["network6", "train_loss"], "values": [{"value": 0.014264792762696743, "step": null, "ts": 1639304952.9611309}]}, "version": 154}
{"obj": {"type": "LogFloats", "path": ["network6", "validation_loss"], "values": [{"value": 0.064914770424366, "step": null, "ts": 1639304953.067227}]}, "version": 155}
{"obj": {"type": "LogStrings", "path": ["monitoring", "stdout"], "values": [{"value": "Training epoch 24", "step": null, "ts": 1639304953.067227}]}, "version": 156}
{"obj": {"type": "LogStrings", "path": ["monitoring", "stdout"], "values": [{"value": "\n", "step": null, "ts": 1639304953.067227}]}, "version": 157}
{"obj": {"type": "LogFloats", "path": ["network6", "learning_rate"], "values": [{"value": 0.361803398874991, "step": null, "ts": 1639304953.068229}]}, "version": 158}
{"obj": {"type": "LogFloats", "path": ["network6", "train_loss"], "values": [{"value": 0.013792230375111103, "step": null, "ts": 1639304954.1712286}]}, "version": 159}
{"obj": {"type": "LogFloats", "path": ["network6", "validation_loss"], "values": [{"value": 0.06481288373470306, "step": null, "ts": 1639304954.2783258}]}, "version": 160}
{"obj": {"type": "LogStrings", "path": ["monitoring", "stdout"], "values": [{"value": "Training epoch 25", "step": null, "ts": 1639304954.2793272}]}, "version": 161}
{"obj": {"type": "LogStrings", "path": ["monitoring", "stdout"], "values": [{"value": "\n", "step": null, "ts": 1639304954.2793272}]}, "version": 162}
{"obj": {"type": "LogFloats", "path": ["network6", "learning_rate"], "values": [{"value": 0.3000000000000012, "step": null, "ts": 1639304954.2793272}]}, "version": 163}
{"obj": {"type": "LogFloats", "path": ["network6", "train_loss"], "values": [{"value": 0.013019562046974898, "step": null, "ts": 1639304955.3953397}]}, "version": 164}
{"obj": {"type": "LogFloats", "path": ["network6", "validation_loss"], "values": [{"value": 0.0669734850525856, "step": null, "ts": 1639304955.5014358}]}, "version": 165}
{"obj": {"type": "LogStrings", "path": ["monitoring", "stdout"], "values": [{"value": "Training epoch 26", "step": null, "ts": 1639304955.5014358}]}, "version": 166}
{"obj": {"type": "LogStrings", "path": ["monitoring", "stdout"], "values": [{"value": "\n", "step": null, "ts": 1639304955.5014358}]}, "version": 167}
{"obj": {"type": "LogFloats", "path": ["network6", "learning_rate"], "values": [{"value": 0.2381966011250114, "step": null, "ts": 1639304955.5024369}]}, "version": 168}
{"obj": {"type": "LogFloats", "path": ["network6", "train_loss"], "values": [{"value": 0.012599506042897701, "step": null, "ts": 1639304956.6034358}]}, "version": 169}
{"obj": {"type": "LogFloats", "path": ["network6", "validation_loss"], "values": [{"value": 0.06546039134263992, "step": null, "ts": 1639304956.7125347}]}, "version": 170}
{"obj": {"type": "LogStrings", "path": ["monitoring", "stdout"], "values": [{"value": "Training epoch 27", "step": null, "ts": 1639304956.713536}]}, "version": 171}
{"obj": {"type": "LogStrings", "path": ["monitoring", "stdout"], "values": [{"value": "\n", "step": null, "ts": 1639304956.713536}]}, "version": 172}
{"obj": {"type": "LogFloats", "path": ["network6", "learning_rate"], "values": [{"value": 0.18244294954150592, "step": null, "ts": 1639304956.713536}]}, "version": 173}
{"obj": {"type": "LogFloats", "path": ["network6", "train_loss"], "values": [{"value": 0.01227603666484356, "step": null, "ts": 1639304957.8191946}]}, "version": 174}
{"obj": {"type": "LogFloats", "path": ["network6", "validation_loss"], "values": [{"value": 0.0657917782664299, "step": null, "ts": 1639304957.9280348}]}, "version": 175}
{"obj": {"type": "LogStrings", "path": ["monitoring", "stdout"], "values": [{"value": "Training epoch 28", "step": null, "ts": 1639304957.9290354}]}, "version": 176}
{"obj": {"type": "LogStrings", "path": ["monitoring", "stdout"], "values": [{"value": "\n", "step": null, "ts": 1639304957.9290354}]}, "version": 177}
{"obj": {"type": "LogFloats", "path": ["network6", "learning_rate"], "values": [{"value": 0.13819660112501078, "step": null, "ts": 1639304957.9290354}]}, "version": 178}
{"obj": {"type": "LogFloats", "path": ["network6", "train_loss"], "values": [{"value": 0.012052171397954226, "step": null, "ts": 1639304959.0360484}]}, "version": 179}
{"obj": {"type": "LogFloats", "path": ["network6", "validation_loss"], "values": [{"value": 0.06599586457014084, "step": null, "ts": 1639304959.1441488}]}, "version": 180}
{"obj": {"type": "LogStrings", "path": ["monitoring", "stdout"], "values": [{"value": "Training epoch 29", "step": null, "ts": 1639304959.1451492}]}, "version": 181}
{"obj": {"type": "LogStrings", "path": ["monitoring", "stdout"], "values": [{"value": "\n", "step": null, "ts": 1639304959.1451492}]}, "version": 182}
{"obj": {"type": "LogFloats", "path": ["network6", "learning_rate"], "values": [{"value": 0.10978869674096937, "step": null, "ts": 1639304959.1451492}]}, "version": 183}
{"obj": {"type": "LogFloats", "path": ["network6", "train_loss"], "values": [{"value": 0.011905006505548954, "step": null, "ts": 1639304960.2541666}]}, "version": 184}
{"obj": {"type": "LogFloats", "path": ["network6", "validation_loss"], "values": [{"value": 0.06628480553627014, "step": null, "ts": 1639304960.3652673}]}, "version": 185}
{"obj": {"type": "LogStrings", "path": ["monitoring", "stdout"], "values": [{"value": "Training epoch 30", "step": null, "ts": 1639304960.3662674}]}, "version": 186}
{"obj": {"type": "LogStrings", "path": ["monitoring", "stdout"], "values": [{"value": "\n", "step": null, "ts": 1639304960.3662674}]}, "version": 187}
{"obj": {"type": "LogFloats", "path": ["network6", "learning_rate"], "values": [{"value": 0.1, "step": null, "ts": 1639304960.3662674}]}, "version": 188}
{"obj": {"type": "LogFloats", "path": ["network6", "train_loss"], "values": [{"value": 0.011810556147247553, "step": null, "ts": 1639304961.4652643}]}, "version": 189}
{"obj": {"type": "LogFloats", "path": ["network6", "validation_loss"], "values": [{"value": 0.06608908623456955, "step": null, "ts": 1639304961.5733633}]}, "version": 190}
{"obj": {"type": "LogStrings", "path": ["monitoring", "stdout"], "values": [{"value": "Training epoch 31", "step": null, "ts": 1639304961.5733633}]}, "version": 191}
{"obj": {"type": "LogStrings", "path": ["monitoring", "stdout"], "values": [{"value": "\n", "step": null, "ts": 1639304961.5733633}]}, "version": 192}
{"obj": {"type": "LogFloats", "path": ["network6", "learning_rate"], "values": [{"value": 0.1097886967409693, "step": null, "ts": 1639304961.5733633}]}, "version": 193}
{"obj": {"type": "LogFloats", "path": ["monitoring", "cpu"], "values": [{"value": 49.3, "step": null, "ts": 1639304962.1739085}]}, "version": 194}
{"obj": {"type": "LogFloats", "path": ["monitoring", "memory"], "values": [{"value": 9.191219329833984, "step": null, "ts": 1639304962.1739085}]}, "version": 195}
{"obj": {"type": "LogFloats", "path": ["monitoring", "gpu"], "values": [{"value": 70.0, "step": null, "ts": 1639304962.1739085}]}, "version": 196}
{"obj": {"type": "LogFloats", "path": ["monitoring", "gpu_memory"], "values": [{"value": 2.456451416015625, "step": null, "ts": 1639304962.1739085}]}, "version": 197}
{"obj": {"type": "LogFloats", "path": ["network6", "train_loss"], "values": [{"value": 0.01172390328720212, "step": null, "ts": 1639304962.6833694}]}, "version": 198}
{"obj": {"type": "LogFloats", "path": ["network6", "validation_loss"], "values": [{"value": 0.06612534075975418, "step": null, "ts": 1639304962.7914681}]}, "version": 199}
{"obj": {"type": "LogStrings", "path": ["monitoring", "stdout"], "values": [{"value": "Training epoch 32", "step": null, "ts": 1639304962.7914681}]}, "version": 200}
{"obj": {"type": "LogStrings", "path": ["monitoring", "stdout"], "values": [{"value": "\n", "step": null, "ts": 1639304962.792469}]}, "version": 201}
{"obj": {"type": "LogFloats", "path": ["network6", "learning_rate"], "values": [{"value": 0.1381966011250106, "step": null, "ts": 1639304962.792469}]}, "version": 202}
{"obj": {"type": "LogFloats", "path": ["network6", "train_loss"], "values": [{"value": 0.011643530614674092, "step": null, "ts": 1639304963.9044776}]}, "version": 203}
{"obj": {"type": "LogFloats", "path": ["network6", "validation_loss"], "values": [{"value": 0.06652722507715225, "step": null, "ts": 1639304964.014578}]}, "version": 204}
{"obj": {"type": "LogStrings", "path": ["monitoring", "stdout"], "values": [{"value": "Training epoch 33", "step": null, "ts": 1639304964.014578}]}, "version": 205}
{"obj": {"type": "LogStrings", "path": ["monitoring", "stdout"], "values": [{"value": "\n", "step": null, "ts": 1639304964.014578}]}, "version": 206}
{"obj": {"type": "LogFloats", "path": ["network6", "learning_rate"], "values": [{"value": 0.18244294954150556, "step": null, "ts": 1639304964.014578}]}, "version": 207}
{"obj": {"type": "LogFloats", "path": ["network6", "train_loss"], "values": [{"value": 0.011554418411105872, "step": null, "ts": 1639304965.1159458}]}, "version": 208}
{"obj": {"type": "LogFloats", "path": ["network6", "validation_loss"], "values": [{"value": 0.06665094196796417, "step": null, "ts": 1639304965.224579}]}, "version": 209}
{"obj": {"type": "LogStrings", "path": ["monitoring", "stdout"], "values": [{"value": "Training epoch 34", "step": null, "ts": 1639304965.2255797}]}, "version": 210}
{"obj": {"type": "LogStrings", "path": ["monitoring", "stdout"], "values": [{"value": "\n", "step": null, "ts": 1639304965.2255797}]}, "version": 211}
{"obj": {"type": "LogFloats", "path": ["network6", "learning_rate"], "values": [{"value": 0.23819660112501084, "step": null, "ts": 1639304965.2255797}]}, "version": 212}
{"obj": {"type": "LogFloats", "path": ["network6", "train_loss"], "values": [{"value": 0.011390217486768961, "step": null, "ts": 1639304966.3339646}]}, "version": 213}
{"obj": {"type": "LogFloats", "path": ["network6", "validation_loss"], "values": [{"value": 0.0655260756611824, "step": null, "ts": 1639304966.4400635}]}, "version": 214}
{"obj": {"type": "LogStrings", "path": ["monitoring", "stdout"], "values": [{"value": "Training epoch 35", "step": null, "ts": 1639304966.4400635}]}, "version": 215}
{"obj": {"type": "LogStrings", "path": ["monitoring", "stdout"], "values": [{"value": "\n", "step": null, "ts": 1639304966.4410646}]}, "version": 216}
{"obj": {"type": "LogFloats", "path": ["network6", "learning_rate"], "values": [{"value": 0.3000000000000005, "step": null, "ts": 1639304966.4410646}]}, "version": 217}
{"obj": {"type": "LogFloats", "path": ["network6", "train_loss"], "values": [{"value": 0.011289014108479023, "step": null, "ts": 1639304967.5478015}]}, "version": 218}
{"obj": {"type": "LogFloats", "path": ["network6", "validation_loss"], "values": [{"value": 0.06548554450273514, "step": null, "ts": 1639304967.6559002}]}, "version": 219}
{"obj": {"type": "LogStrings", "path": ["monitoring", "stdout"], "values": [{"value": "Training epoch 36", "step": null, "ts": 1639304967.6559002}]}, "version": 220}
{"obj": {"type": "LogStrings", "path": ["monitoring", "stdout"], "values": [{"value": "\n", "step": null, "ts": 1639304967.6559002}]}, "version": 221}
{"obj": {"type": "LogFloats", "path": ["network6", "learning_rate"], "values": [{"value": 0.36180339887499013, "step": null, "ts": 1639304967.6559002}]}, "version": 222}
{"obj": {"type": "LogFloats", "path": ["network6", "train_loss"], "values": [{"value": 0.01110221641138196, "step": null, "ts": 1639304968.7659204}]}, "version": 223}
{"obj": {"type": "LogFloats", "path": ["network6", "validation_loss"], "values": [{"value": 0.06478425115346909, "step": null, "ts": 1639304968.876255}]}, "version": 224}
{"obj": {"type": "LogStrings", "path": ["monitoring", "stdout"], "values": [{"value": "Training epoch 37", "step": null, "ts": 1639304968.876255}]}, "version": 225}
{"obj": {"type": "LogStrings", "path": ["monitoring", "stdout"], "values": [{"value": "\n", "step": null, "ts": 1639304968.876255}]}, "version": 226}
{"obj": {"type": "LogFloats", "path": ["network6", "learning_rate"], "values": [{"value": 0.41755705045849556, "step": null, "ts": 1639304968.876255}]}, "version": 227}
{"obj": {"type": "LogFloats", "path": ["network6", "train_loss"], "values": [{"value": 0.011011120770126582, "step": null, "ts": 1639304969.984155}]}, "version": 228}
{"obj": {"type": "LogFloats", "path": ["network6", "validation_loss"], "values": [{"value": 0.06503976881504059, "step": null, "ts": 1639304970.0912523}]}, "version": 229}
{"obj": {"type": "LogStrings", "path": ["monitoring", "stdout"], "values": [{"value": "Training epoch 38", "step": null, "ts": 1639304970.0912523}]}, "version": 230}
{"obj": {"type": "LogStrings", "path": ["monitoring", "stdout"], "values": [{"value": "\n", "step": null, "ts": 1639304970.0912523}]}, "version": 231}
{"obj": {"type": "LogFloats", "path": ["network6", "learning_rate"], "values": [{"value": 0.46180339887499056, "step": null, "ts": 1639304970.0912523}]}, "version": 232}
{"obj": {"type": "LogFloats", "path": ["network6", "train_loss"], "values": [{"value": 0.010804808512330056, "step": null, "ts": 1639304971.189835}]}, "version": 233}
{"obj": {"type": "LogFloats", "path": ["network6", "validation_loss"], "values": [{"value": 0.06976309418678284, "step": null, "ts": 1639304971.2989337}]}, "version": 234}
{"obj": {"type": "LogStrings", "path": ["monitoring", "stdout"], "values": [{"value": "Training epoch 39", "step": null, "ts": 1639304971.2989337}]}, "version": 235}
{"obj": {"type": "LogStrings", "path": ["monitoring", "stdout"], "values": [{"value": "\n", "step": null, "ts": 1639304971.2989337}]}, "version": 236}
{"obj": {"type": "LogFloats", "path": ["network6", "learning_rate"], "values": [{"value": 0.49021130325903195, "step": null, "ts": 1639304971.2989337}]}, "version": 237}
{"obj": {"type": "LogFloats", "path": ["monitoring", "cpu"], "values": [{"value": 49.7, "step": null, "ts": 1639304972.1837375}]}, "version": 238}
{"obj": {"type": "LogFloats", "path": ["monitoring", "memory"], "values": [{"value": 9.173957824707031, "step": null, "ts": 1639304972.1837375}]}, "version": 239}
{"obj": {"type": "LogFloats", "path": ["monitoring", "gpu"], "values": [{"value": 72.0, "step": null, "ts": 1639304972.1837375}]}, "version": 240}
{"obj": {"type": "LogFloats", "path": ["monitoring", "gpu_memory"], "values": [{"value": 2.456451416015625, "step": null, "ts": 1639304972.1837375}]}, "version": 241}
{"obj": {"type": "LogFloats", "path": ["network6", "train_loss"], "values": [{"value": 0.010756923351436853, "step": null, "ts": 1639304972.4129448}]}, "version": 242}
{"obj": {"type": "LogFloats", "path": ["network6", "validation_loss"], "values": [{"value": 0.06636806577444077, "step": null, "ts": 1639304972.519041}]}, "version": 243}
{"obj": {"type": "LogStrings", "path": ["monitoring", "stdout"], "values": [{"value": "Training epoch 40", "step": null, "ts": 1639304972.520042}]}, "version": 244}
{"obj": {"type": "LogStrings", "path": ["monitoring", "stdout"], "values": [{"value": "\n", "step": null, "ts": 1639304972.520042}]}, "version": 245}
{"obj": {"type": "LogFloats", "path": ["network6", "learning_rate"], "values": [{"value": 0.5000000000000013, "step": null, "ts": 1639304972.520042}]}, "version": 246}
{"obj": {"type": "LogFloats", "path": ["network6", "train_loss"], "values": [{"value": 0.011401496827602386, "step": null, "ts": 1639304973.6270466}]}, "version": 247}
{"obj": {"type": "LogFloats", "path": ["network6", "validation_loss"], "values": [{"value": 0.06629867106676102, "step": null, "ts": 1639304973.7361457}]}, "version": 248}
{"obj": {"type": "LogStrings", "path": ["monitoring", "stdout"], "values": [{"value": "Training epoch 41", "step": null, "ts": 1639304973.7361457}]}, "version": 249}
{"obj": {"type": "LogStrings", "path": ["monitoring", "stdout"], "values": [{"value": "\n", "step": null, "ts": 1639304973.7361457}]}, "version": 250}
{"obj": {"type": "LogFloats", "path": ["network6", "learning_rate"], "values": [{"value": 0.49021130325903217, "step": null, "ts": 1639304973.7361457}]}, "version": 251}
{"obj": {"type": "LogFloats", "path": ["network6", "train_loss"], "values": [{"value": 0.011219817586243153, "step": null, "ts": 1639304974.8421493}]}, "version": 252}
{"obj": {"type": "LogFloats", "path": ["network6", "validation_loss"], "values": [{"value": 0.0630100816488266, "step": null, "ts": 1639304974.950248}]}, "version": 253}
{"obj": {"type": "LogStrings", "path": ["monitoring", "stdout"], "values": [{"value": "Training epoch 42", "step": null, "ts": 1639304974.950248}]}, "version": 254}
{"obj": {"type": "LogStrings", "path": ["monitoring", "stdout"], "values": [{"value": "\n", "step": null, "ts": 1639304974.950248}]}, "version": 255}
{"obj": {"type": "LogFloats", "path": ["network6", "learning_rate"], "values": [{"value": 0.4618033988749909, "step": null, "ts": 1639304974.950248}]}, "version": 256}
{"obj": {"type": "LogFloats", "path": ["network6", "train_loss"], "values": [{"value": 0.010770998429507017, "step": null, "ts": 1639304976.0587637}]}, "version": 257}
{"obj": {"type": "LogFloats", "path": ["network6", "validation_loss"], "values": [{"value": 0.06741020083427429, "step": null, "ts": 1639304976.1658638}]}, "version": 258}
{"obj": {"type": "LogStrings", "path": ["monitoring", "stdout"], "values": [{"value": "Training epoch 43", "step": null, "ts": 1639304976.1658638}]}, "version": 259}
{"obj": {"type": "LogStrings", "path": ["monitoring", "stdout"], "values": [{"value": "\n", "step": null, "ts": 1639304976.166865}]}, "version": 260}
{"obj": {"type": "LogFloats", "path": ["network6", "learning_rate"], "values": [{"value": 0.4175570504584959, "step": null, "ts": 1639304976.166865}]}, "version": 261}
{"obj": {"type": "LogFloats", "path": ["network6", "train_loss"], "values": [{"value": 0.009922815207391977, "step": null, "ts": 1639304977.2754133}]}, "version": 262}
{"obj": {"type": "LogFloats", "path": ["network6", "validation_loss"], "values": [{"value": 0.06781157106161118, "step": null, "ts": 1639304977.3814116}]}, "version": 263}
{"obj": {"type": "LogStrings", "path": ["monitoring", "stdout"], "values": [{"value": "Training epoch 44", "step": null, "ts": 1639304977.3814116}]}, "version": 264}
{"obj": {"type": "LogStrings", "path": ["monitoring", "stdout"], "values": [{"value": "\n", "step": null, "ts": 1639304977.3814116}]}, "version": 265}
{"obj": {"type": "LogFloats", "path": ["network6", "learning_rate"], "values": [{"value": 0.3618033988749909, "step": null, "ts": 1639304977.3814116}]}, "version": 266}
{"obj": {"type": "LogFloats", "path": ["network6", "train_loss"], "values": [{"value": 0.009197392780333758, "step": null, "ts": 1639304978.4826355}]}, "version": 267}
{"obj": {"type": "LogFloats", "path": ["network6", "validation_loss"], "values": [{"value": 0.06818968802690506, "step": null, "ts": 1639304978.590734}]}, "version": 268}
{"obj": {"type": "LogStrings", "path": ["monitoring", "stdout"], "values": [{"value": "Training epoch 45", "step": null, "ts": 1639304978.590734}]}, "version": 269}
{"obj": {"type": "LogStrings", "path": ["monitoring", "stdout"], "values": [{"value": "\n", "step": null, "ts": 1639304978.590734}]}, "version": 270}
{"obj": {"type": "LogFloats", "path": ["network6", "learning_rate"], "values": [{"value": 0.3000000000000008, "step": null, "ts": 1639304978.591735}]}, "version": 271}
{"obj": {"type": "LogFloats", "path": ["network6", "train_loss"], "values": [{"value": 0.008817697688937188, "step": null, "ts": 1639304979.7027433}]}, "version": 272}
{"obj": {"type": "LogFloats", "path": ["network6", "validation_loss"], "values": [{"value": 0.06796634197235107, "step": null, "ts": 1639304979.8108418}]}, "version": 273}
{"obj": {"type": "LogStrings", "path": ["monitoring", "stdout"], "values": [{"value": "Training epoch 46", "step": null, "ts": 1639304979.8108418}]}, "version": 274}
{"obj": {"type": "LogStrings", "path": ["monitoring", "stdout"], "values": [{"value": "\n", "step": null, "ts": 1639304979.8118424}]}, "version": 275}
{"obj": {"type": "LogFloats", "path": ["network6", "learning_rate"], "values": [{"value": 0.23819660112501112, "step": null, "ts": 1639304979.8118424}]}, "version": 276}
{"obj": {"type": "LogFloats", "path": ["network6", "train_loss"], "values": [{"value": 0.008560068998485803, "step": null, "ts": 1639304980.9248564}]}, "version": 277}
{"obj": {"type": "LogFloats", "path": ["network6", "validation_loss"], "values": [{"value": 0.06858616322278976, "step": null, "ts": 1639304981.034956}]}, "version": 278}
{"obj": {"type": "LogStrings", "path": ["monitoring", "stdout"], "values": [{"value": "Training epoch 47", "step": null, "ts": 1639304981.0359566}]}, "version": 279}
{"obj": {"type": "LogStrings", "path": ["monitoring", "stdout"], "values": [{"value": "\n", "step": null, "ts": 1639304981.0359566}]}, "version": 280}
{"obj": {"type": "LogFloats", "path": ["network6", "learning_rate"], "values": [{"value": 0.18244294954150547, "step": null, "ts": 1639304981.0359566}]}, "version": 281}
{"obj": {"type": "LogFloats", "path": ["network6", "train_loss"], "values": [{"value": 0.008351463917642831, "step": null, "ts": 1639304982.1440554}]}, "version": 282}
{"obj": {"type": "LogFloats", "path": ["monitoring", "cpu"], "values": [{"value": 50.1, "step": null, "ts": 1639304982.1930995}]}, "version": 283}
{"obj": {"type": "LogFloats", "path": ["monitoring", "memory"], "values": [{"value": 9.092941284179688, "step": null, "ts": 1639304982.1930995}]}, "version": 284}
{"obj": {"type": "LogFloats", "path": ["monitoring", "gpu"], "values": [{"value": 89.0, "step": null, "ts": 1639304982.1930995}]}, "version": 285}
{"obj": {"type": "LogFloats", "path": ["monitoring", "gpu_memory"], "values": [{"value": 2.456451416015625, "step": null, "ts": 1639304982.1930995}]}, "version": 286}
{"obj": {"type": "LogFloats", "path": ["network6", "validation_loss"], "values": [{"value": 0.06845325976610184, "step": null, "ts": 1639304982.2521532}]}, "version": 287}
{"obj": {"type": "LogStrings", "path": ["monitoring", "stdout"], "values": [{"value": "Training epoch 48", "step": null, "ts": 1639304982.2531538}]}, "version": 288}
{"obj": {"type": "LogStrings", "path": ["monitoring", "stdout"], "values": [{"value": "\n", "step": null, "ts": 1639304982.2531538}]}, "version": 289}
{"obj": {"type": "LogFloats", "path": ["network6", "learning_rate"], "values": [{"value": 0.13819660112501073, "step": null, "ts": 1639304982.2531538}]}, "version": 290}
{"obj": {"type": "LogFloats", "path": ["network6", "train_loss"], "values": [{"value": 0.008207337278872729, "step": null, "ts": 1639304983.3601584}]}, "version": 291}
{"obj": {"type": "LogFloats", "path": ["network6", "validation_loss"], "values": [{"value": 0.06858879327774048, "step": null, "ts": 1639304983.4672558}]}, "version": 292}
{"obj": {"type": "LogStrings", "path": ["monitoring", "stdout"], "values": [{"value": "Training epoch 49", "step": null, "ts": 1639304983.4672558}]}, "version": 293}
{"obj": {"type": "LogStrings", "path": ["monitoring", "stdout"], "values": [{"value": "\n", "step": null, "ts": 1639304983.4672558}]}, "version": 294}
{"obj": {"type": "LogFloats", "path": ["network6", "learning_rate"], "values": [{"value": 0.10978869674096947, "step": null, "ts": 1639304983.4672558}]}, "version": 295}
{"obj": {"type": "LogFloats", "path": ["network6", "train_loss"], "values": [{"value": 0.008100444357842207, "step": null, "ts": 1639304984.5842705}]}, "version": 296}
{"obj": {"type": "LogFloats", "path": ["network6", "validation_loss"], "values": [{"value": 0.06859250366687775, "step": null, "ts": 1639304984.691366}]}, "version": 297}
{"obj": {"type": "UploadFile", "path": ["network6", "network_weights"], "ext": "pt", "file_path": "C:\\Users\\Marc\\Desktop\\Billeder\\params\\network6.pt"}, "version": 298}
{"obj": {"type": "LogStrings", "path": ["monitoring", "stdout"], "values": [{"value": "test count:", "step": null, "ts": 1639304984.9526558}]}, "version": 299}
{"obj": {"type": "LogStrings", "path": ["monitoring", "stdout"], "values": [{"value": " ", "step": null, "ts": 1639304984.9526558}]}, "version": 300}
{"obj": {"type": "LogStrings", "path": ["monitoring", "stdout"], "values": [{"value": "1", "step": null, "ts": 1639304984.9526558}]}, "version": 301}
{"obj": {"type": "LogStrings", "path": ["monitoring", "stdout"], "values": [{"value": "\n", "step": null, "ts": 1639304984.9526558}]}, "version": 302}
{"obj": {"type": "LogStrings", "path": ["monitoring", "stdout"], "values": [{"value": "test count:", "step": null, "ts": 1639304986.0689833}]}, "version": 303}
{"obj": {"type": "LogStrings", "path": ["monitoring", "stdout"], "values": [{"value": " ", "step": null, "ts": 1639304986.0689833}]}, "version": 304}
{"obj": {"type": "LogStrings", "path": ["monitoring", "stdout"], "values": [{"value": "2", "step": null, "ts": 1639304986.0689833}]}, "version": 305}
{"obj": {"type": "LogStrings", "path": ["monitoring", "stdout"], "values": [{"value": "\n", "step": null, "ts": 1639304986.0699842}]}, "version": 306}
{"obj": {"type": "LogStrings", "path": ["monitoring", "stdout"], "values": [{"value": "test count:", "step": null, "ts": 1639304987.1940916}]}, "version": 307}
{"obj": {"type": "LogStrings", "path": ["monitoring", "stdout"], "values": [{"value": " ", "step": null, "ts": 1639304987.1940916}]}, "version": 308}
{"obj": {"type": "LogStrings", "path": ["monitoring", "stdout"], "values": [{"value": "3", "step": null, "ts": 1639304987.1940916}]}, "version": 309}
{"obj": {"type": "LogStrings", "path": ["monitoring", "stdout"], "values": [{"value": "\n", "step": null, "ts": 1639304987.1940916}]}, "version": 310}
{"obj": {"type": "LogStrings", "path": ["monitoring", "stdout"], "values": [{"value": "test count:", "step": null, "ts": 1639304988.2922044}]}, "version": 311}
{"obj": {"type": "LogStrings", "path": ["monitoring", "stdout"], "values": [{"value": " ", "step": null, "ts": 1639304988.2922044}]}, "version": 312}
{"obj": {"type": "LogStrings", "path": ["monitoring", "stdout"], "values": [{"value": "4", "step": null, "ts": 1639304988.2922044}]}, "version": 313}
{"obj": {"type": "LogStrings", "path": ["monitoring", "stdout"], "values": [{"value": "\n", "step": null, "ts": 1639304988.2922044}]}, "version": 314}
{"obj": {"type": "LogStrings", "path": ["monitoring", "stdout"], "values": [{"value": "test count:", "step": null, "ts": 1639304989.3851976}]}, "version": 315}
{"obj": {"type": "LogStrings", "path": ["monitoring", "stdout"], "values": [{"value": " ", "step": null, "ts": 1639304989.3851976}]}, "version": 316}
{"obj": {"type": "LogStrings", "path": ["monitoring", "stdout"], "values": [{"value": "5", "step": null, "ts": 1639304989.3861973}]}, "version": 317}
{"obj": {"type": "LogStrings", "path": ["monitoring", "stdout"], "values": [{"value": "\n", "step": null, "ts": 1639304989.3861973}]}, "version": 318}
{"obj": {"type": "LogStrings", "path": ["monitoring", "stdout"], "values": [{"value": "test count:", "step": null, "ts": 1639304990.483193}]}, "version": 319}
{"obj": {"type": "LogStrings", "path": ["monitoring", "stdout"], "values": [{"value": " ", "step": null, "ts": 1639304990.483193}]}, "version": 320}
{"obj": {"type": "LogStrings", "path": ["monitoring", "stdout"], "values": [{"value": "6", "step": null, "ts": 1639304990.483193}]}, "version": 321}
{"obj": {"type": "LogStrings", "path": ["monitoring", "stdout"], "values": [{"value": "\n", "step": null, "ts": 1639304990.483193}]}, "version": 322}
{"obj": {"type": "LogStrings", "path": ["monitoring", "stdout"], "values": [{"value": "test count:", "step": null, "ts": 1639304991.5751839}]}, "version": 323}
{"obj": {"type": "LogStrings", "path": ["monitoring", "stdout"], "values": [{"value": " ", "step": null, "ts": 1639304991.5751839}]}, "version": 324}
{"obj": {"type": "LogStrings", "path": ["monitoring", "stdout"], "values": [{"value": "7", "step": null, "ts": 1639304991.5751839}]}, "version": 325}
{"obj": {"type": "LogStrings", "path": ["monitoring", "stdout"], "values": [{"value": "\n", "step": null, "ts": 1639304991.5761847}]}, "version": 326}
{"obj": {"type": "LogFloats", "path": ["monitoring", "cpu"], "values": [{"value": 31.9, "step": null, "ts": 1639304992.2147245}]}, "version": 327}
{"obj": {"type": "LogFloats", "path": ["monitoring", "memory"], "values": [{"value": 9.183433532714844, "step": null, "ts": 1639304992.2147245}]}, "version": 328}
{"obj": {"type": "LogFloats", "path": ["monitoring", "gpu_memory"], "values": [{"value": 2.456451416015625, "step": null, "ts": 1639304992.2147245}]}, "version": 329}
{"obj": {"type": "LogStrings", "path": ["monitoring", "stdout"], "values": [{"value": "test count:", "step": null, "ts": 1639304992.6961627}]}, "version": 330}
{"obj": {"type": "LogStrings", "path": ["monitoring", "stdout"], "values": [{"value": " ", "step": null, "ts": 1639304992.6961627}]}, "version": 331}
{"obj": {"type": "LogStrings", "path": ["monitoring", "stdout"], "values": [{"value": "8", "step": null, "ts": 1639304992.6961627}]}, "version": 332}
{"obj": {"type": "LogStrings", "path": ["monitoring", "stdout"], "values": [{"value": "\n", "step": null, "ts": 1639304992.6961627}]}, "version": 333}
{"obj": {"type": "LogStrings", "path": ["monitoring", "stdout"], "values": [{"value": "test count:", "step": null, "ts": 1639304993.7754436}]}, "version": 334}
{"obj": {"type": "LogStrings", "path": ["monitoring", "stdout"], "values": [{"value": " ", "step": null, "ts": 1639304993.7764442}]}, "version": 335}
{"obj": {"type": "LogStrings", "path": ["monitoring", "stdout"], "values": [{"value": "9", "step": null, "ts": 1639304993.7764442}]}, "version": 336}
{"obj": {"type": "LogStrings", "path": ["monitoring", "stdout"], "values": [{"value": "\n", "step": null, "ts": 1639304993.7764442}]}, "version": 337}
{"obj": {"type": "LogStrings", "path": ["monitoring", "stdout"], "values": [{"value": "test count:", "step": null, "ts": 1639304994.8852198}]}, "version": 338}
{"obj": {"type": "LogStrings", "path": ["monitoring", "stdout"], "values": [{"value": " ", "step": null, "ts": 1639304994.8862212}]}, "version": 339}
{"obj": {"type": "LogStrings", "path": ["monitoring", "stdout"], "values": [{"value": "10", "step": null, "ts": 1639304994.8862212}]}, "version": 340}
{"obj": {"type": "LogStrings", "path": ["monitoring", "stdout"], "values": [{"value": "\n", "step": null, "ts": 1639304994.8862212}]}, "version": 341}
{"obj": {"type": "LogStrings", "path": ["monitoring", "stdout"], "values": [{"value": "0.7497500000000001", "step": null, "ts": 1639304995.9117174}]}, "version": 342}
{"obj": {"type": "LogStrings", "path": ["monitoring", "stdout"], "values": [{"value": "\n", "step": null, "ts": 1639304995.912718}]}, "version": 343}
{"obj": {"type": "LogFloats", "path": ["network6", "test_accuracy_per_pic"], "values": [{"value": 0.7338888888888889, "step": null, "ts": 1639304995.912718}, {"value": 0.7908333333333334, "step": null, "ts": 1639304995.912718}, {"value": 0.7666666666666667, "step": null, "ts": 1639304995.912718}, {"value": 0.7283333333333334, "step": null, "ts": 1639304995.912718}, {"value": 0.77, "step": null, "ts": 1639304995.912718}, {"value": 0.7283333333333334, "step": null, "ts": 1639304995.912718}, {"value": 0.7661111111111111, "step": null, "ts": 1639304995.912718}, {"value": 0.7727777777777778, "step": null, "ts": 1639304995.912718}, {"value": 0.745, "step": null, "ts": 1639304995.912718}, {"value": 0.6955555555555556, "step": null, "ts": 1639304995.912718}]}, "version": 344}
{"obj": {"type": "LogFloats", "path": ["network6", "mean_test_accuracy"], "values": [{"value": 0.7497500000000001, "step": null, "ts": 1639304995.912718}]}, "version": 345}
