{"obj": {"type": "AssignString", "path": ["sys", "name"], "value": "Untitled"}, "version": 1}
{"obj": {"type": "AssignString", "path": ["sys", "description"], "value": ""}, "version": 2}
{"obj": {"type": "AssignString", "path": ["sys", "hostname"], "value": "DESKTOP-SDMAFDQ"}, "version": 3}
{"obj": {"type": "AssignBool", "path": ["sys", "failed"], "value": false}, "version": 4}
{"obj": {"type": "ClearStringLog", "path": ["monitoring", "stdout"]}, "version": 5}
{"obj": {"type": "ClearStringLog", "path": ["monitoring", "stderr"]}, "version": 6}
{"obj": {"type": "AssignString", "path": ["source_code", "entrypoint"], "value": "townetfortom.py"}, "version": 7}
{"obj": {"type": "UploadFileSet", "path": ["source_code", "files"], "file_globs": ["C:\\Users\\Marc\\Documents\\GitHub\\Deep_final\\townetfortom.py"], "reset": "False"}, "version": 8}
{"obj": {"type": "ConfigFloatSeries", "path": ["monitoring", "cpu"], "min": 0.0, "max": 100.0, "unit": "%"}, "version": 9}
{"obj": {"type": "ClearFloatLog", "path": ["monitoring", "cpu"]}, "version": 10}
{"obj": {"type": "ConfigFloatSeries", "path": ["monitoring", "memory"], "min": 0.0, "max": 15.387199401855469, "unit": "GB"}, "version": 11}
{"obj": {"type": "ClearFloatLog", "path": ["monitoring", "memory"]}, "version": 12}
{"obj": {"type": "ConfigFloatSeries", "path": ["monitoring", "gpu"], "min": 0.0, "max": 100.0, "unit": "%"}, "version": 13}
{"obj": {"type": "ClearFloatLog", "path": ["monitoring", "gpu"]}, "version": 14}
{"obj": {"type": "ConfigFloatSeries", "path": ["monitoring", "gpu_memory"], "min": 0.0, "max": 4.0, "unit": "GB"}, "version": 15}
{"obj": {"type": "ClearFloatLog", "path": ["monitoring", "gpu_memory"]}, "version": 16}
{"obj": {"type": "LogFloats", "path": ["monitoring", "cpu"], "values": [{"value": 6.4, "step": null, "ts": 1639551117.5327132}]}, "version": 17}
{"obj": {"type": "LogFloats", "path": ["monitoring", "memory"], "values": [{"value": 5.526515960693359, "step": null, "ts": 1639551117.5327132}]}, "version": 18}
{"obj": {"type": "LogFloats", "path": ["monitoring", "gpu_memory"], "values": [{"value": 0.051025390625, "step": null, "ts": 1639551117.5327132}]}, "version": 19}
{"obj": {"type": "AssignString", "path": ["network_cycl", "parameters", "optimizer"], "value": "SGD"}, "version": 20}
{"obj": {"type": "AssignFloat", "path": ["network_cycl", "parameters", "optimizer_momentum"], "value": 0.9}, "version": 21}
{"obj": {"type": "AssignFloat", "path": ["network_cycl", "parameters", "optimizer_learning_rate"], "value": 0.1}, "version": 22}
{"obj": {"type": "AssignString", "path": ["network_cycl", "parameters", "loss_function"], "value": "MSEloss"}, "version": 23}
{"obj": {"type": "AssignString", "path": ["network_cycl", "parameters", "model"], "value": "GTA_Unet"}, "version": 24}
{"obj": {"type": "AssignString", "path": ["network_cycl", "parameters", "scheduler"], "value": "CyclicLR"}, "version": 25}
{"obj": {"type": "AssignFloat", "path": ["network_cycl", "parameters", "scheduler_base_lr"], "value": 0.001}, "version": 26}
{"obj": {"type": "AssignFloat", "path": ["network_cycl", "parameters", "scheduler_max_lr"], "value": 1.5}, "version": 27}
{"obj": {"type": "AssignInt", "path": ["network_cycl", "parameters", "scheduler_step_size_up"], "value": 5}, "version": 28}
{"obj": {"type": "LogStrings", "path": ["monitoring", "stdout"], "values": [{"value": "Training epoch 0", "step": null, "ts": 1639551117.7498562}]}, "version": 29}
{"obj": {"type": "LogStrings", "path": ["monitoring", "stdout"], "values": [{"value": "\n", "step": null, "ts": 1639551117.7498562}]}, "version": 30}
{"obj": {"type": "LogFloats", "path": ["network_cycl", "learning_rate"], "values": [{"value": 0.001, "step": null, "ts": 1639551117.7498562}]}, "version": 31}
{"obj": {"type": "LogFloats", "path": ["network_cycl", "train_loss"], "values": [{"value": 0.09868751615285873, "step": null, "ts": 1639551123.6316497}]}, "version": 32}
{"obj": {"type": "LogFloats", "path": ["network_cycl", "validation_mean_acc"], "values": [{"value": 0.17428833333333332, "step": null, "ts": 1639551124.7696826}]}, "version": 33}
{"obj": {"type": "LogFloats", "path": ["network_cycl", "validation_loss"], "values": [{"value": 0.09800404161214829, "step": null, "ts": 1639551124.7696826}]}, "version": 34}
{"obj": {"type": "LogStrings", "path": ["monitoring", "stdout"], "values": [{"value": "Training epoch 1", "step": null, "ts": 1639551124.7696826}]}, "version": 35}
{"obj": {"type": "LogStrings", "path": ["monitoring", "stdout"], "values": [{"value": "\n", "step": null, "ts": 1639551124.7696826}]}, "version": 36}
{"obj": {"type": "LogFloats", "path": ["network_cycl", "learning_rate"], "values": [{"value": 0.3008000000000003, "step": null, "ts": 1639551124.7696826}]}, "version": 37}
{"obj": {"type": "LogFloats", "path": ["monitoring", "cpu"], "values": [{"value": 40.8, "step": null, "ts": 1639551127.545966}]}, "version": 38}
{"obj": {"type": "LogFloats", "path": ["monitoring", "memory"], "values": [{"value": 7.113323211669922, "step": null, "ts": 1639551127.545966}]}, "version": 39}
{"obj": {"type": "LogFloats", "path": ["monitoring", "gpu"], "values": [{"value": 88.0, "step": null, "ts": 1639551127.545966}]}, "version": 40}
{"obj": {"type": "LogFloats", "path": ["monitoring", "gpu_memory"], "values": [{"value": 2.581451416015625, "step": null, "ts": 1639551127.545966}]}, "version": 41}
{"obj": {"type": "LogFloats", "path": ["network_cycl", "train_loss"], "values": [{"value": 0.046970780566334726, "step": null, "ts": 1639551129.2220113}]}, "version": 42}
{"obj": {"type": "LogFloats", "path": ["network_cycl", "validation_mean_acc"], "values": [{"value": 0.6934583333333333, "step": null, "ts": 1639551130.373056}]}, "version": 43}
{"obj": {"type": "LogFloats", "path": ["network_cycl", "validation_loss"], "values": [{"value": 0.05265636518597603, "step": null, "ts": 1639551130.373056}]}, "version": 44}
{"obj": {"type": "LogStrings", "path": ["monitoring", "stdout"], "values": [{"value": "Training epoch 2", "step": null, "ts": 1639551130.3740568}]}, "version": 45}
{"obj": {"type": "LogStrings", "path": ["monitoring", "stdout"], "values": [{"value": "\n", "step": null, "ts": 1639551130.3740568}]}, "version": 46}
{"obj": {"type": "LogFloats", "path": ["network_cycl", "learning_rate"], "values": [{"value": 0.6005999999999999, "step": null, "ts": 1639551130.3740568}]}, "version": 47}
{"obj": {"type": "LogFloats", "path": ["network_cycl", "train_loss"], "values": [{"value": 0.03212875705212355, "step": null, "ts": 1639551134.820375}]}, "version": 48}
{"obj": {"type": "LogFloats", "path": ["network_cycl", "validation_mean_acc"], "values": [{"value": 0.7068233333333334, "step": null, "ts": 1639551135.958407}]}, "version": 49}
{"obj": {"type": "LogFloats", "path": ["network_cycl", "validation_loss"], "values": [{"value": 0.048158493265509604, "step": null, "ts": 1639551135.958407}]}, "version": 50}
{"obj": {"type": "LogStrings", "path": ["monitoring", "stdout"], "values": [{"value": "Training epoch 3", "step": null, "ts": 1639551135.958407}]}, "version": 51}
{"obj": {"type": "LogStrings", "path": ["monitoring", "stdout"], "values": [{"value": "\n", "step": null, "ts": 1639551135.958407}]}, "version": 52}
{"obj": {"type": "LogFloats", "path": ["network_cycl", "learning_rate"], "values": [{"value": 0.9004000000000002, "step": null, "ts": 1639551135.958407}]}, "version": 53}
{"obj": {"type": "LogFloats", "path": ["monitoring", "cpu"], "values": [{"value": 47.5, "step": null, "ts": 1639551137.561627}]}, "version": 54}
{"obj": {"type": "LogFloats", "path": ["monitoring", "memory"], "values": [{"value": 7.109020233154297, "step": null, "ts": 1639551137.561627}]}, "version": 55}
{"obj": {"type": "LogFloats", "path": ["monitoring", "gpu"], "values": [{"value": 72.0, "step": null, "ts": 1639551137.561627}]}, "version": 56}
{"obj": {"type": "LogFloats", "path": ["monitoring", "gpu_memory"], "values": [{"value": 2.581451416015625, "step": null, "ts": 1639551137.561627}]}, "version": 57}
{"obj": {"type": "LogFloats", "path": ["network_cycl", "train_loss"], "values": [{"value": 0.030718774162232877, "step": null, "ts": 1639551140.409736}]}, "version": 58}
{"obj": {"type": "LogFloats", "path": ["network_cycl", "validation_mean_acc"], "values": [{"value": 0.734055, "step": null, "ts": 1639551141.5587785}]}, "version": 59}
{"obj": {"type": "LogFloats", "path": ["network_cycl", "validation_loss"], "values": [{"value": 0.0449047826230526, "step": null, "ts": 1639551141.5587785}]}, "version": 60}
{"obj": {"type": "LogStrings", "path": ["monitoring", "stdout"], "values": [{"value": "Training epoch 4", "step": null, "ts": 1639551141.5597796}]}, "version": 61}
{"obj": {"type": "LogStrings", "path": ["monitoring", "stdout"], "values": [{"value": "\n", "step": null, "ts": 1639551141.5597796}]}, "version": 62}
{"obj": {"type": "LogFloats", "path": ["network_cycl", "learning_rate"], "values": [{"value": 1.2001999999999997, "step": null, "ts": 1639551141.5597796}]}, "version": 63}
{"obj": {"type": "LogFloats", "path": ["network_cycl", "train_loss"], "values": [{"value": 0.02934875460341573, "step": null, "ts": 1639551146.0110998}]}, "version": 64}
{"obj": {"type": "LogFloats", "path": ["network_cycl", "validation_mean_acc"], "values": [{"value": 0.6877566666666667, "step": null, "ts": 1639551147.158141}]}, "version": 65}
{"obj": {"type": "LogFloats", "path": ["network_cycl", "validation_loss"], "values": [{"value": 0.05436787977814674, "step": null, "ts": 1639551147.158141}]}, "version": 66}
{"obj": {"type": "LogStrings", "path": ["monitoring", "stdout"], "values": [{"value": "Training epoch 5", "step": null, "ts": 1639551147.1591415}]}, "version": 67}
{"obj": {"type": "LogStrings", "path": ["monitoring", "stdout"], "values": [{"value": "\n", "step": null, "ts": 1639551147.1591415}]}, "version": 68}
{"obj": {"type": "LogFloats", "path": ["network_cycl", "learning_rate"], "values": [{"value": 1.5, "step": null, "ts": 1639551147.1591415}]}, "version": 69}
{"obj": {"type": "LogFloats", "path": ["monitoring", "cpu"], "values": [{"value": 47.4, "step": null, "ts": 1639551147.5795236}]}, "version": 70}
{"obj": {"type": "LogFloats", "path": ["monitoring", "memory"], "values": [{"value": 7.1137542724609375, "step": null, "ts": 1639551147.5795236}]}, "version": 71}
{"obj": {"type": "LogFloats", "path": ["monitoring", "gpu"], "values": [{"value": 74.0, "step": null, "ts": 1639551147.5795236}]}, "version": 72}
{"obj": {"type": "LogFloats", "path": ["monitoring", "gpu_memory"], "values": [{"value": 2.581451416015625, "step": null, "ts": 1639551147.5795236}]}, "version": 73}
{"obj": {"type": "LogFloats", "path": ["network_cycl", "train_loss"], "values": [{"value": 0.029351371666416527, "step": null, "ts": 1639551151.6191895}]}, "version": 74}
{"obj": {"type": "LogFloats", "path": ["network_cycl", "validation_mean_acc"], "values": [{"value": 0.73003, "step": null, "ts": 1639551152.76623}]}, "version": 75}
{"obj": {"type": "LogFloats", "path": ["network_cycl", "validation_loss"], "values": [{"value": 0.045846082270145416, "step": null, "ts": 1639551152.76623}]}, "version": 76}
{"obj": {"type": "LogStrings", "path": ["monitoring", "stdout"], "values": [{"value": "Training epoch 6", "step": null, "ts": 1639551152.76623}]}, "version": 77}
{"obj": {"type": "LogStrings", "path": ["monitoring", "stdout"], "values": [{"value": "\n", "step": null, "ts": 1639551152.76623}]}, "version": 78}
{"obj": {"type": "LogFloats", "path": ["network_cycl", "learning_rate"], "values": [{"value": 1.2001999999999997, "step": null, "ts": 1639551152.76623}]}, "version": 79}
{"obj": {"type": "LogFloats", "path": ["network_cycl", "train_loss"], "values": [{"value": 0.02606747383251786, "step": null, "ts": 1639551157.2305722}]}, "version": 80}
{"obj": {"type": "LogFloats", "path": ["monitoring", "cpu"], "values": [{"value": 47.2, "step": null, "ts": 1639551157.5936599}]}, "version": 81}
{"obj": {"type": "LogFloats", "path": ["monitoring", "memory"], "values": [{"value": 7.116889953613281, "step": null, "ts": 1639551157.5936599}]}, "version": 82}
{"obj": {"type": "LogFloats", "path": ["monitoring", "gpu"], "values": [{"value": 60.0, "step": null, "ts": 1639551157.5936599}]}, "version": 83}
{"obj": {"type": "LogFloats", "path": ["monitoring", "gpu_memory"], "values": [{"value": 2.581451416015625, "step": null, "ts": 1639551157.5936599}]}, "version": 84}
{"obj": {"type": "LogFloats", "path": ["network_cycl", "validation_mean_acc"], "values": [{"value": 0.7425133333333334, "step": null, "ts": 1639551158.3953874}]}, "version": 85}
{"obj": {"type": "LogFloats", "path": ["network_cycl", "validation_loss"], "values": [{"value": 0.04341012574732304, "step": null, "ts": 1639551158.3953874}]}, "version": 86}
{"obj": {"type": "LogStrings", "path": ["monitoring", "stdout"], "values": [{"value": "Training epoch 7", "step": null, "ts": 1639551158.3953874}]}, "version": 87}
{"obj": {"type": "LogStrings", "path": ["monitoring", "stdout"], "values": [{"value": "\n", "step": null, "ts": 1639551158.3953874}]}, "version": 88}
{"obj": {"type": "LogFloats", "path": ["network_cycl", "learning_rate"], "values": [{"value": 0.9004000000000002, "step": null, "ts": 1639551158.3953874}]}, "version": 89}
{"obj": {"type": "LogFloats", "path": ["network_cycl", "train_loss"], "values": [{"value": 0.023147523682564498, "step": null, "ts": 1639551162.8607326}]}, "version": 90}
{"obj": {"type": "LogFloats", "path": ["network_cycl", "validation_mean_acc"], "values": [{"value": 0.7536700000000001, "step": null, "ts": 1639551164.0237882}]}, "version": 91}
{"obj": {"type": "LogFloats", "path": ["network_cycl", "validation_loss"], "values": [{"value": 0.042047242447733876, "step": null, "ts": 1639551164.0237882}]}, "version": 92}
{"obj": {"type": "LogStrings", "path": ["monitoring", "stdout"], "values": [{"value": "Training epoch 8", "step": null, "ts": 1639551164.0237882}]}, "version": 93}
{"obj": {"type": "LogStrings", "path": ["monitoring", "stdout"], "values": [{"value": "\n", "step": null, "ts": 1639551164.0237882}]}, "version": 94}
{"obj": {"type": "LogFloats", "path": ["network_cycl", "learning_rate"], "values": [{"value": 0.6005999999999999, "step": null, "ts": 1639551164.0237882}]}, "version": 95}
{"obj": {"type": "LogFloats", "path": ["monitoring", "cpu"], "values": [{"value": 47.4, "step": null, "ts": 1639551167.5975683}]}, "version": 96}
{"obj": {"type": "LogFloats", "path": ["monitoring", "memory"], "values": [{"value": 7.098320007324219, "step": null, "ts": 1639551167.5975683}]}, "version": 97}
{"obj": {"type": "LogFloats", "path": ["monitoring", "gpu"], "values": [{"value": 72.0, "step": null, "ts": 1639551167.5975683}]}, "version": 98}
{"obj": {"type": "LogFloats", "path": ["monitoring", "gpu_memory"], "values": [{"value": 2.581451416015625, "step": null, "ts": 1639551167.5975683}]}, "version": 99}
{"obj": {"type": "LogFloats", "path": ["network_cycl", "train_loss"], "values": [{"value": 0.02124424991197884, "step": null, "ts": 1639551168.4823713}]}, "version": 100}
{"obj": {"type": "LogFloats", "path": ["network_cycl", "validation_mean_acc"], "values": [{"value": 0.7548300000000001, "step": null, "ts": 1639551169.6274104}]}, "version": 101}
{"obj": {"type": "LogFloats", "path": ["network_cycl", "validation_loss"], "values": [{"value": 0.04182286933064461, "step": null, "ts": 1639551169.6274104}]}, "version": 102}
{"obj": {"type": "LogStrings", "path": ["monitoring", "stdout"], "values": [{"value": "Training epoch 9", "step": null, "ts": 1639551169.6284113}]}, "version": 103}
{"obj": {"type": "LogStrings", "path": ["monitoring", "stdout"], "values": [{"value": "\n", "step": null, "ts": 1639551169.6284113}]}, "version": 104}
{"obj": {"type": "LogFloats", "path": ["network_cycl", "learning_rate"], "values": [{"value": 0.3008000000000003, "step": null, "ts": 1639551169.6284113}]}, "version": 105}
{"obj": {"type": "LogFloats", "path": ["network_cycl", "train_loss"], "values": [{"value": 0.020110715040937067, "step": null, "ts": 1639551174.0842257}]}, "version": 106}
{"obj": {"type": "LogFloats", "path": ["network_cycl", "validation_mean_acc"], "values": [{"value": 0.7590583333333333, "step": null, "ts": 1639551175.2267985}]}, "version": 107}
{"obj": {"type": "LogFloats", "path": ["network_cycl", "validation_loss"], "values": [{"value": 0.04046845510601997, "step": null, "ts": 1639551175.2267985}]}, "version": 108}
{"obj": {"type": "LogStrings", "path": ["monitoring", "stdout"], "values": [{"value": "Training epoch 10", "step": null, "ts": 1639551175.2267985}]}, "version": 109}
{"obj": {"type": "LogStrings", "path": ["monitoring", "stdout"], "values": [{"value": "\n", "step": null, "ts": 1639551175.2267985}]}, "version": 110}
{"obj": {"type": "LogFloats", "path": ["network_cycl", "learning_rate"], "values": [{"value": 0.001, "step": null, "ts": 1639551175.2267985}]}, "version": 111}
{"obj": {"type": "LogFloats", "path": ["monitoring", "cpu"], "values": [{"value": 47.5, "step": null, "ts": 1639551177.6119626}]}, "version": 112}
{"obj": {"type": "LogFloats", "path": ["monitoring", "memory"], "values": [{"value": 7.100315093994141, "step": null, "ts": 1639551177.6119626}]}, "version": 113}
{"obj": {"type": "LogFloats", "path": ["monitoring", "gpu"], "values": [{"value": 74.0, "step": null, "ts": 1639551177.6119626}]}, "version": 114}
{"obj": {"type": "LogFloats", "path": ["monitoring", "gpu_memory"], "values": [{"value": 2.581451416015625, "step": null, "ts": 1639551177.6119626}]}, "version": 115}
{"obj": {"type": "LogFloats", "path": ["network_cycl", "train_loss"], "values": [{"value": 0.01871744538657367, "step": null, "ts": 1639551179.6948533}]}, "version": 116}
{"obj": {"type": "LogFloats", "path": ["network_cycl", "validation_mean_acc"], "values": [{"value": 0.7592983333333334, "step": null, "ts": 1639551180.8388917}]}, "version": 117}
{"obj": {"type": "LogFloats", "path": ["network_cycl", "validation_loss"], "values": [{"value": 0.040426090359687805, "step": null, "ts": 1639551180.8388917}]}, "version": 118}
{"obj": {"type": "LogStrings", "path": ["monitoring", "stdout"], "values": [{"value": "Training epoch 11", "step": null, "ts": 1639551180.8388917}]}, "version": 119}
{"obj": {"type": "LogStrings", "path": ["monitoring", "stdout"], "values": [{"value": "\n", "step": null, "ts": 1639551180.8388917}]}, "version": 120}
{"obj": {"type": "LogFloats", "path": ["network_cycl", "learning_rate"], "values": [{"value": 0.3008000000000003, "step": null, "ts": 1639551180.8388917}]}, "version": 121}
{"obj": {"type": "LogFloats", "path": ["network_cycl", "train_loss"], "values": [{"value": 0.021788214705884455, "step": null, "ts": 1639551185.293222}]}, "version": 122}
{"obj": {"type": "LogFloats", "path": ["network_cycl", "validation_mean_acc"], "values": [{"value": 0.7361500000000001, "step": null, "ts": 1639551186.47029}]}, "version": 123}
{"obj": {"type": "LogFloats", "path": ["network_cycl", "validation_loss"], "values": [{"value": 0.045693087950348855, "step": null, "ts": 1639551186.47029}]}, "version": 124}
{"obj": {"type": "LogStrings", "path": ["monitoring", "stdout"], "values": [{"value": "Training epoch 12", "step": null, "ts": 1639551186.47029}]}, "version": 125}
{"obj": {"type": "LogStrings", "path": ["monitoring", "stdout"], "values": [{"value": "\n", "step": null, "ts": 1639551186.47029}]}, "version": 126}
{"obj": {"type": "LogFloats", "path": ["network_cycl", "learning_rate"], "values": [{"value": 0.6006000000000006, "step": null, "ts": 1639551186.47029}]}, "version": 127}
{"obj": {"type": "LogFloats", "path": ["monitoring", "cpu"], "values": [{"value": 47.5, "step": null, "ts": 1639551187.6183324}]}, "version": 128}
{"obj": {"type": "LogFloats", "path": ["monitoring", "memory"], "values": [{"value": 7.1013946533203125, "step": null, "ts": 1639551187.6183324}]}, "version": 129}
{"obj": {"type": "LogFloats", "path": ["monitoring", "gpu"], "values": [{"value": 76.0, "step": null, "ts": 1639551187.6183324}]}, "version": 130}
{"obj": {"type": "LogFloats", "path": ["monitoring", "gpu_memory"], "values": [{"value": 2.581451416015625, "step": null, "ts": 1639551187.6183324}]}, "version": 131}
{"obj": {"type": "LogFloats", "path": ["network_cycl", "train_loss"], "values": [{"value": 0.020775856310501696, "step": null, "ts": 1639551190.9306257}]}, "version": 132}
{"obj": {"type": "LogFloats", "path": ["network_cycl", "validation_mean_acc"], "values": [{"value": 0.7556350000000001, "step": null, "ts": 1639551192.0676577}]}, "version": 133}
{"obj": {"type": "LogFloats", "path": ["network_cycl", "validation_loss"], "values": [{"value": 0.04052455201745033, "step": null, "ts": 1639551192.0676577}]}, "version": 134}
{"obj": {"type": "LogStrings", "path": ["monitoring", "stdout"], "values": [{"value": "Training epoch 13", "step": null, "ts": 1639551192.0676577}]}, "version": 135}
{"obj": {"type": "LogStrings", "path": ["monitoring", "stdout"], "values": [{"value": "\n", "step": null, "ts": 1639551192.0686584}]}, "version": 136}
{"obj": {"type": "LogFloats", "path": ["network_cycl", "learning_rate"], "values": [{"value": 0.9003999999999995, "step": null, "ts": 1639551192.0686584}]}, "version": 137}
{"obj": {"type": "LogFloats", "path": ["network_cycl", "train_loss"], "values": [{"value": 0.020734625542536377, "step": null, "ts": 1639551196.5169725}]}, "version": 138}
{"obj": {"type": "LogFloats", "path": ["monitoring", "cpu"], "values": [{"value": 47.6, "step": null, "ts": 1639551197.6362717}]}, "version": 139}
{"obj": {"type": "LogFloats", "path": ["monitoring", "memory"], "values": [{"value": 7.093738555908203, "step": null, "ts": 1639551197.6362717}]}, "version": 140}
{"obj": {"type": "LogFloats", "path": ["monitoring", "gpu"], "values": [{"value": 52.0, "step": null, "ts": 1639551197.6362717}]}, "version": 141}
{"obj": {"type": "LogFloats", "path": ["monitoring", "gpu_memory"], "values": [{"value": 2.581451416015625, "step": null, "ts": 1639551197.6362717}]}, "version": 142}
{"obj": {"type": "LogFloats", "path": ["network_cycl", "validation_mean_acc"], "values": [{"value": 0.7264283333333335, "step": null, "ts": 1639551197.6743069}]}, "version": 143}
{"obj": {"type": "LogFloats", "path": ["network_cycl", "validation_loss"], "values": [{"value": 0.04584520533680916, "step": null, "ts": 1639551197.6753078}]}, "version": 144}
{"obj": {"type": "LogStrings", "path": ["monitoring", "stdout"], "values": [{"value": "Training epoch 14", "step": null, "ts": 1639551197.6753078}]}, "version": 145}
{"obj": {"type": "LogStrings", "path": ["monitoring", "stdout"], "values": [{"value": "\n", "step": null, "ts": 1639551197.6753078}]}, "version": 146}
{"obj": {"type": "LogFloats", "path": ["network_cycl", "learning_rate"], "values": [{"value": 1.2001999999999997, "step": null, "ts": 1639551197.6753078}]}, "version": 147}
{"obj": {"type": "LogFloats", "path": ["network_cycl", "train_loss"], "values": [{"value": 0.020842739148065448, "step": null, "ts": 1639551202.140634}]}, "version": 148}
{"obj": {"type": "LogFloats", "path": ["network_cycl", "validation_mean_acc"], "values": [{"value": 0.720765, "step": null, "ts": 1639551203.2776663}]}, "version": 149}
{"obj": {"type": "LogFloats", "path": ["network_cycl", "validation_loss"], "values": [{"value": 0.04966439381241798, "step": null, "ts": 1639551203.2776663}]}, "version": 150}
{"obj": {"type": "LogStrings", "path": ["monitoring", "stdout"], "values": [{"value": "Training epoch 15", "step": null, "ts": 1639551203.2776663}]}, "version": 151}
{"obj": {"type": "LogStrings", "path": ["monitoring", "stdout"], "values": [{"value": "\n", "step": null, "ts": 1639551203.2776663}]}, "version": 152}
{"obj": {"type": "LogFloats", "path": ["network_cycl", "learning_rate"], "values": [{"value": 1.5, "step": null, "ts": 1639551203.2786667}]}, "version": 153}
{"obj": {"type": "LogFloats", "path": ["monitoring", "cpu"], "values": [{"value": 47.4, "step": null, "ts": 1639551207.6413922}]}, "version": 154}
{"obj": {"type": "LogFloats", "path": ["monitoring", "memory"], "values": [{"value": 7.086475372314453, "step": null, "ts": 1639551207.6413922}]}, "version": 155}
{"obj": {"type": "LogFloats", "path": ["monitoring", "gpu"], "values": [{"value": 75.0, "step": null, "ts": 1639551207.6413922}]}, "version": 156}
{"obj": {"type": "LogFloats", "path": ["monitoring", "gpu_memory"], "values": [{"value": 2.581451416015625, "step": null, "ts": 1639551207.6413922}]}, "version": 157}
{"obj": {"type": "LogFloats", "path": ["network_cycl", "train_loss"], "values": [{"value": 0.022960278717800976, "step": null, "ts": 1639551207.7454865}]}, "version": 158}
{"obj": {"type": "LogFloats", "path": ["network_cycl", "validation_mean_acc"], "values": [{"value": 0.7665633333333334, "step": null, "ts": 1639551208.901067}]}, "version": 159}
{"obj": {"type": "LogFloats", "path": ["network_cycl", "validation_loss"], "values": [{"value": 0.03915946520864964, "step": null, "ts": 1639551208.901067}]}, "version": 160}
{"obj": {"type": "LogStrings", "path": ["monitoring", "stdout"], "values": [{"value": "Training epoch 16", "step": null, "ts": 1639551208.902068}]}, "version": 161}
{"obj": {"type": "LogStrings", "path": ["monitoring", "stdout"], "values": [{"value": "\n", "step": null, "ts": 1639551208.902068}]}, "version": 162}
{"obj": {"type": "LogFloats", "path": ["network_cycl", "learning_rate"], "values": [{"value": 1.2001999999999997, "step": null, "ts": 1639551208.902068}]}, "version": 163}
{"obj": {"type": "LogFloats", "path": ["network_cycl", "train_loss"], "values": [{"value": 0.01983456462621689, "step": null, "ts": 1639551213.361869}]}, "version": 164}
{"obj": {"type": "LogFloats", "path": ["network_cycl", "validation_mean_acc"], "values": [{"value": 0.76332, "step": null, "ts": 1639551214.531453}]}, "version": 165}
{"obj": {"type": "LogFloats", "path": ["network_cycl", "validation_loss"], "values": [{"value": 0.03971382640302181, "step": null, "ts": 1639551214.531453}]}, "version": 166}
{"obj": {"type": "LogStrings", "path": ["monitoring", "stdout"], "values": [{"value": "Training epoch 17", "step": null, "ts": 1639551214.531453}]}, "version": 167}
{"obj": {"type": "LogStrings", "path": ["monitoring", "stdout"], "values": [{"value": "\n", "step": null, "ts": 1639551214.531453}]}, "version": 168}
{"obj": {"type": "LogFloats", "path": ["network_cycl", "learning_rate"], "values": [{"value": 0.9003999999999995, "step": null, "ts": 1639551214.531453}]}, "version": 169}
{"obj": {"type": "LogFloats", "path": ["monitoring", "cpu"], "values": [{"value": 47.4, "step": null, "ts": 1639551217.6465538}]}, "version": 170}
{"obj": {"type": "LogFloats", "path": ["monitoring", "memory"], "values": [{"value": 7.083335876464844, "step": null, "ts": 1639551217.6465538}]}, "version": 171}
{"obj": {"type": "LogFloats", "path": ["monitoring", "gpu"], "values": [{"value": 73.0, "step": null, "ts": 1639551217.6465538}]}, "version": 172}
{"obj": {"type": "LogFloats", "path": ["monitoring", "gpu_memory"], "values": [{"value": 2.581451416015625, "step": null, "ts": 1639551217.6465538}]}, "version": 173}
{"obj": {"type": "LogFloats", "path": ["network_cycl", "train_loss"], "values": [{"value": 0.01914662648923695, "step": null, "ts": 1639551218.9997818}]}, "version": 174}
{"obj": {"type": "LogFloats", "path": ["network_cycl", "validation_mean_acc"], "values": [{"value": 0.7622450000000001, "step": null, "ts": 1639551220.1508265}]}, "version": 175}
{"obj": {"type": "LogFloats", "path": ["network_cycl", "validation_loss"], "values": [{"value": 0.039988572150468825, "step": null, "ts": 1639551220.1508265}]}, "version": 176}
{"obj": {"type": "LogStrings", "path": ["monitoring", "stdout"], "values": [{"value": "Training epoch 18", "step": null, "ts": 1639551220.1508265}]}, "version": 177}
{"obj": {"type": "LogStrings", "path": ["monitoring", "stdout"], "values": [{"value": "\n", "step": null, "ts": 1639551220.1518276}]}, "version": 178}
{"obj": {"type": "LogFloats", "path": ["network_cycl", "learning_rate"], "values": [{"value": 0.6006000000000006, "step": null, "ts": 1639551220.1518276}]}, "version": 179}
{"obj": {"type": "LogFloats", "path": ["network_cycl", "train_loss"], "values": [{"value": 0.017061396245844664, "step": null, "ts": 1639551224.6181867}]}, "version": 180}
{"obj": {"type": "LogFloats", "path": ["network_cycl", "validation_mean_acc"], "values": [{"value": 0.7722783333333333, "step": null, "ts": 1639551225.7699986}]}, "version": 181}
{"obj": {"type": "LogFloats", "path": ["network_cycl", "validation_loss"], "values": [{"value": 0.037679437547922134, "step": null, "ts": 1639551225.7699986}]}, "version": 182}
{"obj": {"type": "LogStrings", "path": ["monitoring", "stdout"], "values": [{"value": "Training epoch 19", "step": null, "ts": 1639551225.7699986}]}, "version": 183}
{"obj": {"type": "LogStrings", "path": ["monitoring", "stdout"], "values": [{"value": "\n", "step": null, "ts": 1639551225.7699986}]}, "version": 184}
{"obj": {"type": "LogFloats", "path": ["network_cycl", "learning_rate"], "values": [{"value": 0.3008000000000003, "step": null, "ts": 1639551225.7699986}]}, "version": 185}
{"obj": {"type": "LogFloats", "path": ["monitoring", "cpu"], "values": [{"value": 47.4, "step": null, "ts": 1639551227.6527076}]}, "version": 186}
{"obj": {"type": "LogFloats", "path": ["monitoring", "memory"], "values": [{"value": 7.077655792236328, "step": null, "ts": 1639551227.6527076}]}, "version": 187}
{"obj": {"type": "LogFloats", "path": ["monitoring", "gpu"], "values": [{"value": 75.0, "step": null, "ts": 1639551227.6527076}]}, "version": 188}
{"obj": {"type": "LogFloats", "path": ["monitoring", "gpu_memory"], "values": [{"value": 2.581451416015625, "step": null, "ts": 1639551227.6527076}]}, "version": 189}
{"obj": {"type": "LogFloats", "path": ["network_cycl", "train_loss"], "values": [{"value": 0.015285671828314662, "step": null, "ts": 1639551230.2235913}]}, "version": 190}
{"obj": {"type": "LogFloats", "path": ["network_cycl", "validation_mean_acc"], "values": [{"value": 0.7768666666666666, "step": null, "ts": 1639551231.366391}]}, "version": 191}
{"obj": {"type": "LogFloats", "path": ["network_cycl", "validation_loss"], "values": [{"value": 0.0374948475509882, "step": null, "ts": 1639551231.366391}]}, "version": 192}
{"obj": {"type": "LogStrings", "path": ["monitoring", "stdout"], "values": [{"value": "Training epoch 20", "step": null, "ts": 1639551231.366391}]}, "version": 193}
{"obj": {"type": "LogStrings", "path": ["monitoring", "stdout"], "values": [{"value": "\n", "step": null, "ts": 1639551231.366391}]}, "version": 194}
{"obj": {"type": "LogFloats", "path": ["network_cycl", "learning_rate"], "values": [{"value": 0.001, "step": null, "ts": 1639551231.366391}]}, "version": 195}
{"obj": {"type": "LogFloats", "path": ["network_cycl", "train_loss"], "values": [{"value": 0.01423157169483602, "step": null, "ts": 1639551235.8309922}]}, "version": 196}
{"obj": {"type": "LogFloats", "path": ["network_cycl", "validation_mean_acc"], "values": [{"value": 0.7769466666666667, "step": null, "ts": 1639551236.964792}]}, "version": 197}
{"obj": {"type": "LogFloats", "path": ["network_cycl", "validation_loss"], "values": [{"value": 0.03747129701077938, "step": null, "ts": 1639551236.964792}]}, "version": 198}
{"obj": {"type": "LogStrings", "path": ["monitoring", "stdout"], "values": [{"value": "Training epoch 21", "step": null, "ts": 1639551236.964792}]}, "version": 199}
{"obj": {"type": "LogStrings", "path": ["monitoring", "stdout"], "values": [{"value": "\n", "step": null, "ts": 1639551236.964792}]}, "version": 200}
{"obj": {"type": "LogFloats", "path": ["network_cycl", "learning_rate"], "values": [{"value": 0.3008000000000003, "step": null, "ts": 1639551236.964792}]}, "version": 201}
{"obj": {"type": "LogFloats", "path": ["monitoring", "cpu"], "values": [{"value": 47.5, "step": null, "ts": 1639551237.6574214}]}, "version": 202}
{"obj": {"type": "LogFloats", "path": ["monitoring", "memory"], "values": [{"value": 7.083259582519531, "step": null, "ts": 1639551237.6574214}]}, "version": 203}
{"obj": {"type": "LogFloats", "path": ["monitoring", "gpu"], "values": [{"value": 100.0, "step": null, "ts": 1639551237.6574214}]}, "version": 204}
{"obj": {"type": "LogFloats", "path": ["monitoring", "gpu_memory"], "values": [{"value": 2.581451416015625, "step": null, "ts": 1639551237.6574214}]}, "version": 205}
{"obj": {"type": "LogFloats", "path": ["network_cycl", "train_loss"], "values": [{"value": 0.014491081237792969, "step": null, "ts": 1639551241.4183848}]}, "version": 206}
{"obj": {"type": "LogFloats", "path": ["network_cycl", "validation_mean_acc"], "values": [{"value": 0.7767000000000001, "step": null, "ts": 1639551242.563204}]}, "version": 207}
{"obj": {"type": "LogFloats", "path": ["network_cycl", "validation_loss"], "values": [{"value": 0.037428728118538854, "step": null, "ts": 1639551242.563204}]}, "version": 208}
{"obj": {"type": "LogStrings", "path": ["monitoring", "stdout"], "values": [{"value": "Training epoch 22", "step": null, "ts": 1639551242.563204}]}, "version": 209}
{"obj": {"type": "LogStrings", "path": ["monitoring", "stdout"], "values": [{"value": "\n", "step": null, "ts": 1639551242.563204}]}, "version": 210}
{"obj": {"type": "LogFloats", "path": ["network_cycl", "learning_rate"], "values": [{"value": 0.6006000000000006, "step": null, "ts": 1639551242.563204}]}, "version": 211}
{"obj": {"type": "LogFloats", "path": ["network_cycl", "train_loss"], "values": [{"value": 0.015975924278609454, "step": null, "ts": 1639551247.0187986}]}, "version": 212}
{"obj": {"type": "LogFloats", "path": ["monitoring", "cpu"], "values": [{"value": 47.1, "step": null, "ts": 1639551247.6721761}]}, "version": 213}
{"obj": {"type": "LogFloats", "path": ["monitoring", "memory"], "values": [{"value": 7.090202331542969, "step": null, "ts": 1639551247.6721761}]}, "version": 214}
{"obj": {"type": "LogFloats", "path": ["monitoring", "gpu"], "values": [{"value": 68.0, "step": null, "ts": 1639551247.6721761}]}, "version": 215}
{"obj": {"type": "LogFloats", "path": ["monitoring", "gpu_memory"], "values": [{"value": 2.581451416015625, "step": null, "ts": 1639551247.6721761}]}, "version": 216}
{"obj": {"type": "LogFloats", "path": ["network_cycl", "validation_mean_acc"], "values": [{"value": 0.7665833333333334, "step": null, "ts": 1639551248.1646228}]}, "version": 217}
{"obj": {"type": "LogFloats", "path": ["network_cycl", "validation_loss"], "values": [{"value": 0.04068622589111328, "step": null, "ts": 1639551248.1646228}]}, "version": 218}
{"obj": {"type": "LogStrings", "path": ["monitoring", "stdout"], "values": [{"value": "Training epoch 23", "step": null, "ts": 1639551248.1646228}]}, "version": 219}
{"obj": {"type": "LogStrings", "path": ["monitoring", "stdout"], "values": [{"value": "\n", "step": null, "ts": 1639551248.1646228}]}, "version": 220}
{"obj": {"type": "LogFloats", "path": ["network_cycl", "learning_rate"], "values": [{"value": 0.9003999999999995, "step": null, "ts": 1639551248.165624}]}, "version": 221}
{"obj": {"type": "LogFloats", "path": ["network_cycl", "train_loss"], "values": [{"value": 0.017572672758251428, "step": null, "ts": 1639551252.6297212}]}, "version": 222}
{"obj": {"type": "LogFloats", "path": ["network_cycl", "validation_mean_acc"], "values": [{"value": 0.7770233333333334, "step": null, "ts": 1639551253.7805288}]}, "version": 223}
{"obj": {"type": "LogFloats", "path": ["network_cycl", "validation_loss"], "values": [{"value": 0.03712055645883083, "step": null, "ts": 1639551253.7805288}]}, "version": 224}
{"obj": {"type": "LogStrings", "path": ["monitoring", "stdout"], "values": [{"value": "Training epoch 24", "step": null, "ts": 1639551253.7805288}]}, "version": 225}
{"obj": {"type": "LogStrings", "path": ["monitoring", "stdout"], "values": [{"value": "\n", "step": null, "ts": 1639551253.7805288}]}, "version": 226}
{"obj": {"type": "LogFloats", "path": ["network_cycl", "learning_rate"], "values": [{"value": 1.2001999999999997, "step": null, "ts": 1639551253.78153}]}, "version": 227}
{"obj": {"type": "LogFloats", "path": ["monitoring", "cpu"], "values": [{"value": 47.5, "step": null, "ts": 1639551257.67611}]}, "version": 228}
{"obj": {"type": "LogFloats", "path": ["monitoring", "memory"], "values": [{"value": 7.073249816894531, "step": null, "ts": 1639551257.67611}]}, "version": 229}
{"obj": {"type": "LogFloats", "path": ["monitoring", "gpu"], "values": [{"value": 73.0, "step": null, "ts": 1639551257.67611}]}, "version": 230}
{"obj": {"type": "LogFloats", "path": ["monitoring", "gpu_memory"], "values": [{"value": 2.581451416015625, "step": null, "ts": 1639551257.67611}]}, "version": 231}
{"obj": {"type": "LogFloats", "path": ["network_cycl", "train_loss"], "values": [{"value": 0.015751139051280914, "step": null, "ts": 1639551258.2373836}]}, "version": 232}
{"obj": {"type": "LogFloats", "path": ["network_cycl", "validation_mean_acc"], "values": [{"value": 0.7665466666666667, "step": null, "ts": 1639551259.3984373}]}, "version": 233}
{"obj": {"type": "LogFloats", "path": ["network_cycl", "validation_loss"], "values": [{"value": 0.04050993025302887, "step": null, "ts": 1639551259.3984373}]}, "version": 234}
{"obj": {"type": "LogStrings", "path": ["monitoring", "stdout"], "values": [{"value": "Training epoch 25", "step": null, "ts": 1639551259.3984373}]}, "version": 235}
{"obj": {"type": "LogStrings", "path": ["monitoring", "stdout"], "values": [{"value": "\n", "step": null, "ts": 1639551259.3984373}]}, "version": 236}
{"obj": {"type": "LogFloats", "path": ["network_cycl", "learning_rate"], "values": [{"value": 1.5, "step": null, "ts": 1639551259.3984373}]}, "version": 237}
{"obj": {"type": "LogFloats", "path": ["network_cycl", "train_loss"], "values": [{"value": 0.0173536870861426, "step": null, "ts": 1639551263.8552992}]}, "version": 238}
{"obj": {"type": "LogFloats", "path": ["network_cycl", "validation_mean_acc"], "values": [{"value": 0.7420316666666666, "step": null, "ts": 1639551265.0091066}]}, "version": 239}
{"obj": {"type": "LogFloats", "path": ["network_cycl", "validation_loss"], "values": [{"value": 0.04514443315565586, "step": null, "ts": 1639551265.0091066}]}, "version": 240}
{"obj": {"type": "LogStrings", "path": ["monitoring", "stdout"], "values": [{"value": "Training epoch 26", "step": null, "ts": 1639551265.010108}]}, "version": 241}
{"obj": {"type": "LogStrings", "path": ["monitoring", "stdout"], "values": [{"value": "\n", "step": null, "ts": 1639551265.010108}]}, "version": 242}
{"obj": {"type": "LogFloats", "path": ["network_cycl", "learning_rate"], "values": [{"value": 1.2001999999999997, "step": null, "ts": 1639551265.010108}]}, "version": 243}
{"obj": {"type": "LogFloats", "path": ["monitoring", "cpu"], "values": [{"value": 47.6, "step": null, "ts": 1639551267.6855357}]}, "version": 244}
{"obj": {"type": "LogFloats", "path": ["monitoring", "memory"], "values": [{"value": 7.074253082275391, "step": null, "ts": 1639551267.6855357}]}, "version": 245}
{"obj": {"type": "LogFloats", "path": ["monitoring", "gpu"], "values": [{"value": 74.0, "step": null, "ts": 1639551267.6855357}]}, "version": 246}
{"obj": {"type": "LogFloats", "path": ["monitoring", "gpu_memory"], "values": [{"value": 2.581451416015625, "step": null, "ts": 1639551267.6855357}]}, "version": 247}
{"obj": {"type": "LogFloats", "path": ["network_cycl", "train_loss"], "values": [{"value": 0.018625399563461542, "step": null, "ts": 1639551269.4779282}]}, "version": 248}
{"obj": {"type": "LogFloats", "path": ["network_cycl", "validation_mean_acc"], "values": [{"value": 0.77957, "step": null, "ts": 1639551270.6155124}]}, "version": 249}
{"obj": {"type": "LogFloats", "path": ["network_cycl", "validation_loss"], "values": [{"value": 0.03711267113685608, "step": null, "ts": 1639551270.6155124}]}, "version": 250}
{"obj": {"type": "LogStrings", "path": ["monitoring", "stdout"], "values": [{"value": "Training epoch 27", "step": null, "ts": 1639551270.6155124}]}, "version": 251}
{"obj": {"type": "LogStrings", "path": ["monitoring", "stdout"], "values": [{"value": "\n", "step": null, "ts": 1639551270.6155124}]}, "version": 252}
{"obj": {"type": "LogFloats", "path": ["network_cycl", "learning_rate"], "values": [{"value": 0.9003999999999995, "step": null, "ts": 1639551270.6155124}]}, "version": 253}
{"obj": {"type": "LogFloats", "path": ["network_cycl", "train_loss"], "values": [{"value": 0.01615720530971885, "step": null, "ts": 1639551275.06867}]}, "version": 254}
{"obj": {"type": "LogFloats", "path": ["network_cycl", "validation_mean_acc"], "values": [{"value": 0.7776316666666666, "step": null, "ts": 1639551276.2147098}]}, "version": 255}
{"obj": {"type": "LogFloats", "path": ["network_cycl", "validation_loss"], "values": [{"value": 0.03661976419389248, "step": null, "ts": 1639551276.2147098}]}, "version": 256}
{"obj": {"type": "LogStrings", "path": ["monitoring", "stdout"], "values": [{"value": "Training epoch 28", "step": null, "ts": 1639551276.2147098}]}, "version": 257}
{"obj": {"type": "LogStrings", "path": ["monitoring", "stdout"], "values": [{"value": "\n", "step": null, "ts": 1639551276.2147098}]}, "version": 258}
{"obj": {"type": "LogFloats", "path": ["network_cycl", "learning_rate"], "values": [{"value": 0.6006000000000006, "step": null, "ts": 1639551276.2147098}]}, "version": 259}
{"obj": {"type": "LogFloats", "path": ["monitoring", "cpu"], "values": [{"value": 47.4, "step": null, "ts": 1639551277.693825}]}, "version": 260}
{"obj": {"type": "LogFloats", "path": ["monitoring", "memory"], "values": [{"value": 7.071197509765625, "step": null, "ts": 1639551277.693825}]}, "version": 261}
{"obj": {"type": "LogFloats", "path": ["monitoring", "gpu"], "values": [{"value": 100.0, "step": null, "ts": 1639551277.693825}]}, "version": 262}
{"obj": {"type": "LogFloats", "path": ["monitoring", "gpu_memory"], "values": [{"value": 2.581451416015625, "step": null, "ts": 1639551277.693825}]}, "version": 263}
{"obj": {"type": "LogFloats", "path": ["network_cycl", "train_loss"], "values": [{"value": 0.013353403424844146, "step": null, "ts": 1639551280.6805854}]}, "version": 264}
{"obj": {"type": "LogFloats", "path": ["network_cycl", "validation_mean_acc"], "values": [{"value": 0.77651, "step": null, "ts": 1639551281.8196192}]}, "version": 265}
{"obj": {"type": "LogFloats", "path": ["network_cycl", "validation_loss"], "values": [{"value": 0.03801928460597992, "step": null, "ts": 1639551281.8196192}]}, "version": 266}
{"obj": {"type": "LogStrings", "path": ["monitoring", "stdout"], "values": [{"value": "Training epoch 29", "step": null, "ts": 1639551281.8196192}]}, "version": 267}
{"obj": {"type": "LogStrings", "path": ["monitoring", "stdout"], "values": [{"value": "\n", "step": null, "ts": 1639551281.8196192}]}, "version": 268}
{"obj": {"type": "LogFloats", "path": ["network_cycl", "learning_rate"], "values": [{"value": 0.3008000000000003, "step": null, "ts": 1639551281.8196192}]}, "version": 269}
{"obj": {"type": "LogFloats", "path": ["network_cycl", "train_loss"], "values": [{"value": 0.012125641666352749, "step": null, "ts": 1639551286.2736611}]}, "version": 270}
{"obj": {"type": "LogFloats", "path": ["network_cycl", "validation_mean_acc"], "values": [{"value": 0.79738, "step": null, "ts": 1639551287.410508}]}, "version": 271}
{"obj": {"type": "LogFloats", "path": ["network_cycl", "validation_loss"], "values": [{"value": 0.03392515368759632, "step": null, "ts": 1639551287.410508}]}, "version": 272}
{"obj": {"type": "LogStrings", "path": ["monitoring", "stdout"], "values": [{"value": "Training epoch 30", "step": null, "ts": 1639551287.411509}]}, "version": 273}
{"obj": {"type": "LogStrings", "path": ["monitoring", "stdout"], "values": [{"value": "\n", "step": null, "ts": 1639551287.411509}]}, "version": 274}
{"obj": {"type": "LogFloats", "path": ["network_cycl", "learning_rate"], "values": [{"value": 0.001, "step": null, "ts": 1639551287.411509}]}, "version": 275}
{"obj": {"type": "LogFloats", "path": ["monitoring", "cpu"], "values": [{"value": 47.4, "step": null, "ts": 1639551287.7067769}]}, "version": 276}
{"obj": {"type": "LogFloats", "path": ["monitoring", "memory"], "values": [{"value": 7.065879821777344, "step": null, "ts": 1639551287.7067769}]}, "version": 277}
{"obj": {"type": "LogFloats", "path": ["monitoring", "gpu"], "values": [{"value": 68.0, "step": null, "ts": 1639551287.7067769}]}, "version": 278}
{"obj": {"type": "LogFloats", "path": ["monitoring", "gpu_memory"], "values": [{"value": 2.581451416015625, "step": null, "ts": 1639551287.7067769}]}, "version": 279}
{"obj": {"type": "LogFloats", "path": ["network_cycl", "train_loss"], "values": [{"value": 0.0111380681861192, "step": null, "ts": 1639551291.8677182}]}, "version": 280}
{"obj": {"type": "LogFloats", "path": ["network_cycl", "validation_mean_acc"], "values": [{"value": 0.7973649999999999, "step": null, "ts": 1639551293.0200782}]}, "version": 281}
{"obj": {"type": "LogFloats", "path": ["network_cycl", "validation_loss"], "values": [{"value": 0.03392964992672205, "step": null, "ts": 1639551293.0200782}]}, "version": 282}
{"obj": {"type": "LogStrings", "path": ["monitoring", "stdout"], "values": [{"value": "Training epoch 31", "step": null, "ts": 1639551293.0200782}]}, "version": 283}
{"obj": {"type": "LogStrings", "path": ["monitoring", "stdout"], "values": [{"value": "\n", "step": null, "ts": 1639551293.0200782}]}, "version": 284}
{"obj": {"type": "LogFloats", "path": ["network_cycl", "learning_rate"], "values": [{"value": 0.30079999999999896, "step": null, "ts": 1639551293.0200782}]}, "version": 285}
{"obj": {"type": "LogFloats", "path": ["network_cycl", "train_loss"], "values": [{"value": 0.011523858201690019, "step": null, "ts": 1639551297.4738905}]}, "version": 286}
{"obj": {"type": "LogFloats", "path": ["monitoring", "cpu"], "values": [{"value": 47.1, "step": null, "ts": 1639551297.720114}]}, "version": 287}
{"obj": {"type": "LogFloats", "path": ["monitoring", "memory"], "values": [{"value": 7.077465057373047, "step": null, "ts": 1639551297.720114}]}, "version": 288}
{"obj": {"type": "LogFloats", "path": ["monitoring", "gpu"], "values": [{"value": 68.0, "step": null, "ts": 1639551297.720114}]}, "version": 289}
{"obj": {"type": "LogFloats", "path": ["monitoring", "gpu_memory"], "values": [{"value": 2.581451416015625, "step": null, "ts": 1639551297.720114}]}, "version": 290}
{"obj": {"type": "LogFloats", "path": ["network_cycl", "validation_mean_acc"], "values": [{"value": 0.79204, "step": null, "ts": 1639551298.6074684}]}, "version": 291}
{"obj": {"type": "LogFloats", "path": ["network_cycl", "validation_loss"], "values": [{"value": 0.03459743056446314, "step": null, "ts": 1639551298.6074684}]}, "version": 292}
{"obj": {"type": "LogStrings", "path": ["monitoring", "stdout"], "values": [{"value": "Training epoch 32", "step": null, "ts": 1639551298.6084692}]}, "version": 293}
{"obj": {"type": "LogStrings", "path": ["monitoring", "stdout"], "values": [{"value": "\n", "step": null, "ts": 1639551298.6084692}]}, "version": 294}
{"obj": {"type": "LogFloats", "path": ["network_cycl", "learning_rate"], "values": [{"value": 0.6006000000000006, "step": null, "ts": 1639551298.6084692}]}, "version": 295}
{"obj": {"type": "LogFloats", "path": ["network_cycl", "train_loss"], "values": [{"value": 0.011721381964161993, "step": null, "ts": 1639551303.066284}]}, "version": 296}
{"obj": {"type": "LogFloats", "path": ["network_cycl", "validation_mean_acc"], "values": [{"value": 0.7856799999999999, "step": null, "ts": 1639551304.2213778}]}, "version": 297}
{"obj": {"type": "LogFloats", "path": ["network_cycl", "validation_loss"], "values": [{"value": 0.0363956194370985, "step": null, "ts": 1639551304.2213778}]}, "version": 298}
{"obj": {"type": "LogStrings", "path": ["monitoring", "stdout"], "values": [{"value": "Training epoch 33", "step": null, "ts": 1639551304.222379}]}, "version": 299}
{"obj": {"type": "LogStrings", "path": ["monitoring", "stdout"], "values": [{"value": "\n", "step": null, "ts": 1639551304.222379}]}, "version": 300}
{"obj": {"type": "LogFloats", "path": ["network_cycl", "learning_rate"], "values": [{"value": 0.9003999999999995, "step": null, "ts": 1639551304.222379}]}, "version": 301}
{"obj": {"type": "LogFloats", "path": ["monitoring", "cpu"], "values": [{"value": 47.5, "step": null, "ts": 1639551307.7363415}]}, "version": 302}
{"obj": {"type": "LogFloats", "path": ["monitoring", "memory"], "values": [{"value": 7.071857452392578, "step": null, "ts": 1639551307.7363415}]}, "version": 303}
{"obj": {"type": "LogFloats", "path": ["monitoring", "gpu"], "values": [{"value": 74.0, "step": null, "ts": 1639551307.7363415}]}, "version": 304}
{"obj": {"type": "LogFloats", "path": ["monitoring", "gpu_memory"], "values": [{"value": 2.581451416015625, "step": null, "ts": 1639551307.7363415}]}, "version": 305}
{"obj": {"type": "LogFloats", "path": ["network_cycl", "train_loss"], "values": [{"value": 0.011701411148533226, "step": null, "ts": 1639551308.6761942}]}, "version": 306}
{"obj": {"type": "LogFloats", "path": ["network_cycl", "validation_mean_acc"], "values": [{"value": 0.7752116666666667, "step": null, "ts": 1639551309.8140974}]}, "version": 307}
{"obj": {"type": "LogFloats", "path": ["network_cycl", "validation_loss"], "values": [{"value": 0.03938742466270924, "step": null, "ts": 1639551309.8140974}]}, "version": 308}
{"obj": {"type": "LogStrings", "path": ["monitoring", "stdout"], "values": [{"value": "Training epoch 34", "step": null, "ts": 1639551309.8140974}]}, "version": 309}
{"obj": {"type": "LogStrings", "path": ["monitoring", "stdout"], "values": [{"value": "\n", "step": null, "ts": 1639551309.8140974}]}, "version": 310}
{"obj": {"type": "LogFloats", "path": ["network_cycl", "learning_rate"], "values": [{"value": 1.200200000000001, "step": null, "ts": 1639551309.8140974}]}, "version": 311}
{"obj": {"type": "LogFloats", "path": ["network_cycl", "train_loss"], "values": [{"value": 0.013675293885171413, "step": null, "ts": 1639551314.2749057}]}, "version": 312}
{"obj": {"type": "LogFloats", "path": ["network_cycl", "validation_mean_acc"], "values": [{"value": 0.795505, "step": null, "ts": 1639551315.4033613}]}, "version": 313}
{"obj": {"type": "LogFloats", "path": ["network_cycl", "validation_loss"], "values": [{"value": 0.035267461091279984, "step": null, "ts": 1639551315.4033613}]}, "version": 314}
{"obj": {"type": "LogStrings", "path": ["monitoring", "stdout"], "values": [{"value": "Training epoch 35", "step": null, "ts": 1639551315.4043622}]}, "version": 315}
{"obj": {"type": "LogStrings", "path": ["monitoring", "stdout"], "values": [{"value": "\n", "step": null, "ts": 1639551315.4043622}]}, "version": 316}
{"obj": {"type": "LogFloats", "path": ["network_cycl", "learning_rate"], "values": [{"value": 1.5, "step": null, "ts": 1639551315.4043622}]}, "version": 317}
{"obj": {"type": "LogFloats", "path": ["monitoring", "cpu"], "values": [{"value": 47.5, "step": null, "ts": 1639551317.7542515}]}, "version": 318}
{"obj": {"type": "LogFloats", "path": ["monitoring", "memory"], "values": [{"value": 7.064884185791016, "step": null, "ts": 1639551317.7542515}]}, "version": 319}
{"obj": {"type": "LogFloats", "path": ["monitoring", "gpu"], "values": [{"value": 100.0, "step": null, "ts": 1639551317.7542515}]}, "version": 320}
{"obj": {"type": "LogFloats", "path": ["monitoring", "gpu_memory"], "values": [{"value": 2.581451416015625, "step": null, "ts": 1639551317.7542515}]}, "version": 321}
{"obj": {"type": "LogFloats", "path": ["network_cycl", "train_loss"], "values": [{"value": 0.014760413463227451, "step": null, "ts": 1639551319.8626797}]}, "version": 322}
{"obj": {"type": "LogFloats", "path": ["network_cycl", "validation_mean_acc"], "values": [{"value": 0.77358, "step": null, "ts": 1639551321.0117226}]}, "version": 323}
{"obj": {"type": "LogFloats", "path": ["network_cycl", "validation_loss"], "values": [{"value": 0.03926613107323647, "step": null, "ts": 1639551321.0117226}]}, "version": 324}
{"obj": {"type": "LogStrings", "path": ["monitoring", "stdout"], "values": [{"value": "Training epoch 36", "step": null, "ts": 1639551321.0127232}]}, "version": 325}
{"obj": {"type": "LogStrings", "path": ["monitoring", "stdout"], "values": [{"value": "\n", "step": null, "ts": 1639551321.0127232}]}, "version": 326}
{"obj": {"type": "LogFloats", "path": ["network_cycl", "learning_rate"], "values": [{"value": 1.200200000000001, "step": null, "ts": 1639551321.0127232}]}, "version": 327}
{"obj": {"type": "LogFloats", "path": ["network_cycl", "train_loss"], "values": [{"value": 0.016500899265520275, "step": null, "ts": 1639551325.4735873}]}, "version": 328}
{"obj": {"type": "LogFloats", "path": ["network_cycl", "validation_mean_acc"], "values": [{"value": 0.775375, "step": null, "ts": 1639551326.6066153}]}, "version": 329}
{"obj": {"type": "LogFloats", "path": ["network_cycl", "validation_loss"], "values": [{"value": 0.03939838223159313, "step": null, "ts": 1639551326.6066153}]}, "version": 330}
{"obj": {"type": "LogStrings", "path": ["monitoring", "stdout"], "values": [{"value": "Training epoch 37", "step": null, "ts": 1639551326.6066153}]}, "version": 331}
{"obj": {"type": "LogStrings", "path": ["monitoring", "stdout"], "values": [{"value": "\n", "step": null, "ts": 1639551326.6066153}]}, "version": 332}
{"obj": {"type": "LogFloats", "path": ["network_cycl", "learning_rate"], "values": [{"value": 0.9003999999999995, "step": null, "ts": 1639551326.6066153}]}, "version": 333}
{"obj": {"type": "LogFloats", "path": ["monitoring", "cpu"], "values": [{"value": 47.6, "step": null, "ts": 1639551327.7594624}]}, "version": 334}
{"obj": {"type": "LogFloats", "path": ["monitoring", "memory"], "values": [{"value": 7.078304290771484, "step": null, "ts": 1639551327.7594624}]}, "version": 335}
{"obj": {"type": "LogFloats", "path": ["monitoring", "gpu"], "values": [{"value": 73.0, "step": null, "ts": 1639551327.7594624}]}, "version": 336}
{"obj": {"type": "LogFloats", "path": ["monitoring", "gpu_memory"], "values": [{"value": 2.581451416015625, "step": null, "ts": 1639551327.7594624}]}, "version": 337}
{"obj": {"type": "LogFloats", "path": ["network_cycl", "train_loss"], "values": [{"value": 0.015145969134755433, "step": null, "ts": 1639551331.0684655}]}, "version": 338}
{"obj": {"type": "LogFloats", "path": ["network_cycl", "validation_mean_acc"], "values": [{"value": 0.7623366666666668, "step": null, "ts": 1639551332.2034955}]}, "version": 339}
{"obj": {"type": "LogFloats", "path": ["network_cycl", "validation_loss"], "values": [{"value": 0.038931751251220705, "step": null, "ts": 1639551332.2034955}]}, "version": 340}
{"obj": {"type": "LogStrings", "path": ["monitoring", "stdout"], "values": [{"value": "Training epoch 38", "step": null, "ts": 1639551332.2034955}]}, "version": 341}
{"obj": {"type": "LogStrings", "path": ["monitoring", "stdout"], "values": [{"value": "\n", "step": null, "ts": 1639551332.2034955}]}, "version": 342}
{"obj": {"type": "LogFloats", "path": ["network_cycl", "learning_rate"], "values": [{"value": 0.6006000000000006, "step": null, "ts": 1639551332.2044964}]}, "version": 343}
{"obj": {"type": "LogFloats", "path": ["network_cycl", "train_loss"], "values": [{"value": 0.012532205157913267, "step": null, "ts": 1639551336.6625679}]}, "version": 344}
{"obj": {"type": "LogFloats", "path": ["monitoring", "cpu"], "values": [{"value": 47.5, "step": null, "ts": 1639551337.7703357}]}, "version": 345}
{"obj": {"type": "LogFloats", "path": ["monitoring", "memory"], "values": [{"value": 7.068794250488281, "step": null, "ts": 1639551337.7703357}]}, "version": 346}
{"obj": {"type": "LogFloats", "path": ["monitoring", "gpu"], "values": [{"value": 59.0, "step": null, "ts": 1639551337.7703357}]}, "version": 347}
{"obj": {"type": "LogFloats", "path": ["monitoring", "gpu_memory"], "values": [{"value": 2.581451416015625, "step": null, "ts": 1639551337.7703357}]}, "version": 348}
{"obj": {"type": "LogFloats", "path": ["network_cycl", "validation_mean_acc"], "values": [{"value": 0.7908666666666667, "step": null, "ts": 1639551337.8323922}]}, "version": 349}
{"obj": {"type": "LogFloats", "path": ["network_cycl", "validation_loss"], "values": [{"value": 0.036185100488364694, "step": null, "ts": 1639551337.8323922}]}, "version": 350}
{"obj": {"type": "LogStrings", "path": ["monitoring", "stdout"], "values": [{"value": "Training epoch 39", "step": null, "ts": 1639551337.8323922}]}, "version": 351}
{"obj": {"type": "LogStrings", "path": ["monitoring", "stdout"], "values": [{"value": "\n", "step": null, "ts": 1639551337.8323922}]}, "version": 352}
{"obj": {"type": "LogFloats", "path": ["network_cycl", "learning_rate"], "values": [{"value": 0.30079999999999896, "step": null, "ts": 1639551337.8323922}]}, "version": 353}
{"obj": {"type": "LogFloats", "path": ["network_cycl", "train_loss"], "values": [{"value": 0.010236846911720932, "step": null, "ts": 1639551342.2933655}]}, "version": 354}
{"obj": {"type": "LogFloats", "path": ["network_cycl", "validation_mean_acc"], "values": [{"value": 0.8031099999999999, "step": null, "ts": 1639551343.4233909}]}, "version": 355}
{"obj": {"type": "LogFloats", "path": ["network_cycl", "validation_loss"], "values": [{"value": 0.0337910033762455, "step": null, "ts": 1639551343.4233909}]}, "version": 356}
{"obj": {"type": "LogStrings", "path": ["monitoring", "stdout"], "values": [{"value": "Training epoch 40", "step": null, "ts": 1639551343.424392}]}, "version": 357}
{"obj": {"type": "LogStrings", "path": ["monitoring", "stdout"], "values": [{"value": "\n", "step": null, "ts": 1639551343.424392}]}, "version": 358}
{"obj": {"type": "LogFloats", "path": ["network_cycl", "learning_rate"], "values": [{"value": 0.001, "step": null, "ts": 1639551343.424392}]}, "version": 359}
{"obj": {"type": "LogFloats", "path": ["monitoring", "cpu"], "values": [{"value": 47.0, "step": null, "ts": 1639551347.7843487}]}, "version": 360}
{"obj": {"type": "LogFloats", "path": ["monitoring", "memory"], "values": [{"value": 7.051277160644531, "step": null, "ts": 1639551347.7843487}]}, "version": 361}
{"obj": {"type": "LogFloats", "path": ["monitoring", "gpu"], "values": [{"value": 82.0, "step": null, "ts": 1639551347.7843487}]}, "version": 362}
{"obj": {"type": "LogFloats", "path": ["monitoring", "gpu_memory"], "values": [{"value": 2.581451416015625, "step": null, "ts": 1639551347.7843487}]}, "version": 363}
{"obj": {"type": "LogFloats", "path": ["network_cycl", "train_loss"], "values": [{"value": 0.009289083303883672, "step": null, "ts": 1639551347.8834386}]}, "version": 364}
{"obj": {"type": "LogFloats", "path": ["network_cycl", "validation_mean_acc"], "values": [{"value": 0.8031266666666668, "step": null, "ts": 1639551349.015466}]}, "version": 365}
{"obj": {"type": "LogFloats", "path": ["network_cycl", "validation_loss"], "values": [{"value": 0.033787361904978754, "step": null, "ts": 1639551349.015466}]}, "version": 366}
{"obj": {"type": "LogStrings", "path": ["monitoring", "stdout"], "values": [{"value": "Training epoch 41", "step": null, "ts": 1639551349.0164666}]}, "version": 367}
{"obj": {"type": "LogStrings", "path": ["monitoring", "stdout"], "values": [{"value": "\n", "step": null, "ts": 1639551349.0164666}]}, "version": 368}
{"obj": {"type": "LogFloats", "path": ["network_cycl", "learning_rate"], "values": [{"value": 0.30079999999999896, "step": null, "ts": 1639551349.0164666}]}, "version": 369}
{"obj": {"type": "LogFloats", "path": ["network_cycl", "train_loss"], "values": [{"value": 0.00907709690509364, "step": null, "ts": 1639551353.4610016}]}, "version": 370}
{"obj": {"type": "LogFloats", "path": ["network_cycl", "validation_mean_acc"], "values": [{"value": 0.8048350000000001, "step": null, "ts": 1639551354.6128573}]}, "version": 371}
{"obj": {"type": "LogFloats", "path": ["network_cycl", "validation_loss"], "values": [{"value": 0.03358297888189554, "step": null, "ts": 1639551354.6128573}]}, "version": 372}
{"obj": {"type": "LogStrings", "path": ["monitoring", "stdout"], "values": [{"value": "Training epoch 42", "step": null, "ts": 1639551354.6128573}]}, "version": 373}
{"obj": {"type": "LogStrings", "path": ["monitoring", "stdout"], "values": [{"value": "\n", "step": null, "ts": 1639551354.6128573}]}, "version": 374}
{"obj": {"type": "LogFloats", "path": ["network_cycl", "learning_rate"], "values": [{"value": 0.6006000000000006, "step": null, "ts": 1639551354.6128573}]}, "version": 375}
{"obj": {"type": "LogFloats", "path": ["monitoring", "cpu"], "values": [{"value": 47.8, "step": null, "ts": 1639551357.7894988}]}, "version": 376}
{"obj": {"type": "LogFloats", "path": ["monitoring", "memory"], "values": [{"value": 7.076744079589844, "step": null, "ts": 1639551357.7894988}]}, "version": 377}
{"obj": {"type": "LogFloats", "path": ["monitoring", "gpu"], "values": [{"value": 95.0, "step": null, "ts": 1639551357.7894988}]}, "version": 378}
{"obj": {"type": "LogFloats", "path": ["monitoring", "gpu_memory"], "values": [{"value": 2.581451416015625, "step": null, "ts": 1639551357.7894988}]}, "version": 379}
{"obj": {"type": "LogFloats", "path": ["network_cycl", "train_loss"], "values": [{"value": 0.008972589031327517, "step": null, "ts": 1639551359.063702}]}, "version": 380}
{"obj": {"type": "LogFloats", "path": ["network_cycl", "validation_mean_acc"], "values": [{"value": 0.8039133333333333, "step": null, "ts": 1639551360.2167482}]}, "version": 381}
{"obj": {"type": "LogFloats", "path": ["network_cycl", "validation_loss"], "values": [{"value": 0.034750678204, "step": null, "ts": 1639551360.2167482}]}, "version": 382}
{"obj": {"type": "LogStrings", "path": ["monitoring", "stdout"], "values": [{"value": "Training epoch 43", "step": null, "ts": 1639551360.2167482}]}, "version": 383}
{"obj": {"type": "LogStrings", "path": ["monitoring", "stdout"], "values": [{"value": "\n", "step": null, "ts": 1639551360.2167482}]}, "version": 384}
{"obj": {"type": "LogFloats", "path": ["network_cycl", "learning_rate"], "values": [{"value": 0.9003999999999995, "step": null, "ts": 1639551360.2167482}]}, "version": 385}
{"obj": {"type": "LogFloats", "path": ["network_cycl", "train_loss"], "values": [{"value": 0.009235605585854501, "step": null, "ts": 1639551364.6771414}]}, "version": 386}
{"obj": {"type": "LogFloats", "path": ["network_cycl", "validation_mean_acc"], "values": [{"value": 0.7982633333333333, "step": null, "ts": 1639551365.8251832}]}, "version": 387}
{"obj": {"type": "LogFloats", "path": ["network_cycl", "validation_loss"], "values": [{"value": 0.03587553557008505, "step": null, "ts": 1639551365.8251832}]}, "version": 388}
{"obj": {"type": "LogStrings", "path": ["monitoring", "stdout"], "values": [{"value": "Training epoch 44", "step": null, "ts": 1639551365.8251832}]}, "version": 389}
{"obj": {"type": "LogStrings", "path": ["monitoring", "stdout"], "values": [{"value": "\n", "step": null, "ts": 1639551365.8251832}]}, "version": 390}
{"obj": {"type": "LogFloats", "path": ["network_cycl", "learning_rate"], "values": [{"value": 1.200200000000001, "step": null, "ts": 1639551365.8251832}]}, "version": 391}
{"obj": {"type": "LogFloats", "path": ["monitoring", "cpu"], "values": [{"value": 47.4, "step": null, "ts": 1639551367.8059807}]}, "version": 392}
{"obj": {"type": "LogFloats", "path": ["monitoring", "memory"], "values": [{"value": 7.062644958496094, "step": null, "ts": 1639551367.8059807}]}, "version": 393}
{"obj": {"type": "LogFloats", "path": ["monitoring", "gpu"], "values": [{"value": 71.0, "step": null, "ts": 1639551367.8059807}]}, "version": 394}
{"obj": {"type": "LogFloats", "path": ["monitoring", "gpu_memory"], "values": [{"value": 2.581451416015625, "step": null, "ts": 1639551367.8059807}]}, "version": 395}
{"obj": {"type": "LogFloats", "path": ["network_cycl", "train_loss"], "values": [{"value": 0.012091444851830602, "step": null, "ts": 1639551370.2859929}]}, "version": 396}
{"obj": {"type": "LogFloats", "path": ["network_cycl", "validation_mean_acc"], "values": [{"value": 0.79421, "step": null, "ts": 1639551371.4235413}]}, "version": 397}
{"obj": {"type": "LogFloats", "path": ["network_cycl", "validation_loss"], "values": [{"value": 0.03399859350174665, "step": null, "ts": 1639551371.4235413}]}, "version": 398}
{"obj": {"type": "LogStrings", "path": ["monitoring", "stdout"], "values": [{"value": "Training epoch 45", "step": null, "ts": 1639551371.4235413}]}, "version": 399}
{"obj": {"type": "LogStrings", "path": ["monitoring", "stdout"], "values": [{"value": "\n", "step": null, "ts": 1639551371.4235413}]}, "version": 400}
{"obj": {"type": "LogFloats", "path": ["network_cycl", "learning_rate"], "values": [{"value": 1.5, "step": null, "ts": 1639551371.4245412}]}, "version": 401}
{"obj": {"type": "LogFloats", "path": ["network_cycl", "train_loss"], "values": [{"value": 0.010374517925083638, "step": null, "ts": 1639551375.8945355}]}, "version": 402}
{"obj": {"type": "LogFloats", "path": ["network_cycl", "validation_mean_acc"], "values": [{"value": 0.7787700000000001, "step": null, "ts": 1639551377.0295658}]}, "version": 403}
{"obj": {"type": "LogFloats", "path": ["network_cycl", "validation_loss"], "values": [{"value": 0.037603439204394816, "step": null, "ts": 1639551377.0295658}]}, "version": 404}
{"obj": {"type": "LogStrings", "path": ["monitoring", "stdout"], "values": [{"value": "Training epoch 46", "step": null, "ts": 1639551377.0295658}]}, "version": 405}
{"obj": {"type": "LogStrings", "path": ["monitoring", "stdout"], "values": [{"value": "\n", "step": null, "ts": 1639551377.0295658}]}, "version": 406}
{"obj": {"type": "LogFloats", "path": ["network_cycl", "learning_rate"], "values": [{"value": 1.200200000000001, "step": null, "ts": 1639551377.0295658}]}, "version": 407}
{"obj": {"type": "LogFloats", "path": ["monitoring", "cpu"], "values": [{"value": 47.5, "step": null, "ts": 1639551377.822285}]}, "version": 408}
{"obj": {"type": "LogFloats", "path": ["monitoring", "memory"], "values": [{"value": 7.065395355224609, "step": null, "ts": 1639551377.822285}]}, "version": 409}
{"obj": {"type": "LogFloats", "path": ["monitoring", "gpu"], "values": [{"value": 73.0, "step": null, "ts": 1639551377.822285}]}, "version": 410}
{"obj": {"type": "LogFloats", "path": ["monitoring", "gpu_memory"], "values": [{"value": 2.581451416015625, "step": null, "ts": 1639551377.822285}]}, "version": 411}
{"obj": {"type": "LogFloats", "path": ["network_cycl", "train_loss"], "values": [{"value": 0.010855740285478532, "step": null, "ts": 1639551381.4885824}]}, "version": 412}
{"obj": {"type": "LogFloats", "path": ["network_cycl", "validation_mean_acc"], "values": [{"value": 0.7820766666666666, "step": null, "ts": 1639551382.6136034}]}, "version": 413}
{"obj": {"type": "LogFloats", "path": ["network_cycl", "validation_loss"], "values": [{"value": 0.037044663727283475, "step": null, "ts": 1639551382.6136034}]}, "version": 414}
{"obj": {"type": "LogStrings", "path": ["monitoring", "stdout"], "values": [{"value": "Training epoch 47", "step": null, "ts": 1639551382.6136034}]}, "version": 415}
{"obj": {"type": "LogStrings", "path": ["monitoring", "stdout"], "values": [{"value": "\n", "step": null, "ts": 1639551382.6136034}]}, "version": 416}
{"obj": {"type": "LogFloats", "path": ["network_cycl", "learning_rate"], "values": [{"value": 0.9003999999999995, "step": null, "ts": 1639551382.6146038}]}, "version": 417}
{"obj": {"type": "LogFloats", "path": ["network_cycl", "train_loss"], "values": [{"value": 0.009516161680221558, "step": null, "ts": 1639551387.0768454}]}, "version": 418}
{"obj": {"type": "LogFloats", "path": ["monitoring", "cpu"], "values": [{"value": 47.2, "step": null, "ts": 1639551387.8280773}]}, "version": 419}
{"obj": {"type": "LogFloats", "path": ["monitoring", "memory"], "values": [{"value": 7.076877593994141, "step": null, "ts": 1639551387.8280773}]}, "version": 420}
{"obj": {"type": "LogFloats", "path": ["monitoring", "gpu"], "values": [{"value": 49.0, "step": null, "ts": 1639551387.8280773}]}, "version": 421}
{"obj": {"type": "LogFloats", "path": ["monitoring", "gpu_memory"], "values": [{"value": 2.581451416015625, "step": null, "ts": 1639551387.8280773}]}, "version": 422}
{"obj": {"type": "LogFloats", "path": ["network_cycl", "validation_mean_acc"], "values": [{"value": 0.8016883333333332, "step": null, "ts": 1639551388.2224352}]}, "version": 423}
{"obj": {"type": "LogFloats", "path": ["network_cycl", "validation_loss"], "values": [{"value": 0.03530983813107014, "step": null, "ts": 1639551388.2234364}]}, "version": 424}
{"obj": {"type": "LogStrings", "path": ["monitoring", "stdout"], "values": [{"value": "Training epoch 48", "step": null, "ts": 1639551388.2234364}]}, "version": 425}
{"obj": {"type": "LogStrings", "path": ["monitoring", "stdout"], "values": [{"value": "\n", "step": null, "ts": 1639551388.2234364}]}, "version": 426}
{"obj": {"type": "LogFloats", "path": ["network_cycl", "learning_rate"], "values": [{"value": 0.6006000000000006, "step": null, "ts": 1639551388.2234364}]}, "version": 427}
{"obj": {"type": "LogFloats", "path": ["network_cycl", "train_loss"], "values": [{"value": 0.008400008187163622, "step": null, "ts": 1639551392.6784606}]}, "version": 428}
{"obj": {"type": "LogFloats", "path": ["network_cycl", "validation_mean_acc"], "values": [{"value": 0.8018383333333332, "step": null, "ts": 1639551393.8044825}]}, "version": 429}
{"obj": {"type": "LogFloats", "path": ["network_cycl", "validation_loss"], "values": [{"value": 0.034757613018155095, "step": null, "ts": 1639551393.8044825}]}, "version": 430}
{"obj": {"type": "LogStrings", "path": ["monitoring", "stdout"], "values": [{"value": "Training epoch 49", "step": null, "ts": 1639551393.8044825}]}, "version": 431}
{"obj": {"type": "LogStrings", "path": ["monitoring", "stdout"], "values": [{"value": "\n", "step": null, "ts": 1639551393.8044825}]}, "version": 432}
{"obj": {"type": "LogFloats", "path": ["network_cycl", "learning_rate"], "values": [{"value": 0.30079999999999896, "step": null, "ts": 1639551393.8044825}]}, "version": 433}
{"obj": {"type": "LogFloats", "path": ["monitoring", "cpu"], "values": [{"value": 47.3, "step": null, "ts": 1639551397.8444555}]}, "version": 434}
{"obj": {"type": "LogFloats", "path": ["monitoring", "memory"], "values": [{"value": 7.069923400878906, "step": null, "ts": 1639551397.8444555}]}, "version": 435}
{"obj": {"type": "LogFloats", "path": ["monitoring", "gpu"], "values": [{"value": 94.0, "step": null, "ts": 1639551397.8444555}]}, "version": 436}
{"obj": {"type": "LogFloats", "path": ["monitoring", "gpu_memory"], "values": [{"value": 2.581451416015625, "step": null, "ts": 1639551397.8444555}]}, "version": 437}
{"obj": {"type": "LogFloats", "path": ["network_cycl", "train_loss"], "values": [{"value": 0.007517211360391229, "step": null, "ts": 1639551398.2588313}]}, "version": 438}
{"obj": {"type": "LogFloats", "path": ["network_cycl", "validation_mean_acc"], "values": [{"value": 0.8066933333333333, "step": null, "ts": 1639551399.4068732}]}, "version": 439}
{"obj": {"type": "LogFloats", "path": ["network_cycl", "validation_loss"], "values": [{"value": 0.03418124262243509, "step": null, "ts": 1639551399.4068732}]}, "version": 440}
{"obj": {"type": "LogStrings", "path": ["monitoring", "stdout"], "values": [{"value": "Training epoch 50", "step": null, "ts": 1639551399.4078743}]}, "version": 441}
{"obj": {"type": "LogStrings", "path": ["monitoring", "stdout"], "values": [{"value": "\n", "step": null, "ts": 1639551399.4078743}]}, "version": 442}
{"obj": {"type": "LogFloats", "path": ["network_cycl", "learning_rate"], "values": [{"value": 0.001, "step": null, "ts": 1639551399.4078743}]}, "version": 443}
{"obj": {"type": "LogFloats", "path": ["network_cycl", "train_loss"], "values": [{"value": 0.006881727080326527, "step": null, "ts": 1639551403.8671882}]}, "version": 444}
{"obj": {"type": "LogFloats", "path": ["network_cycl", "validation_mean_acc"], "values": [{"value": 0.8067283333333333, "step": null, "ts": 1639551405.0022182}]}, "version": 445}
{"obj": {"type": "LogFloats", "path": ["network_cycl", "validation_loss"], "values": [{"value": 0.03417687844485044, "step": null, "ts": 1639551405.0022182}]}, "version": 446}
{"obj": {"type": "UploadFile", "path": ["network_cycl", "network_weights"], "ext": "pt", "file_path": "C:\\Users\\Marc\\Desktop\\Billeder\\params\\thefinaltwo\\network_cycl.pt"}, "version": 447}
{"obj": {"type": "LogStrings", "path": ["monitoring", "stdout"], "values": [{"value": "test count:", "step": null, "ts": 1639551405.2274227}]}, "version": 448}
{"obj": {"type": "LogStrings", "path": ["monitoring", "stdout"], "values": [{"value": " ", "step": null, "ts": 1639551405.2274227}]}, "version": 449}
{"obj": {"type": "LogStrings", "path": ["monitoring", "stdout"], "values": [{"value": "1", "step": null, "ts": 1639551405.2274227}]}, "version": 450}
{"obj": {"type": "LogStrings", "path": ["monitoring", "stdout"], "values": [{"value": "\n", "step": null, "ts": 1639551405.2274227}]}, "version": 451}
{"obj": {"type": "LogStrings", "path": ["monitoring", "stdout"], "values": [{"value": "test count:", "step": null, "ts": 1639551405.3475318}]}, "version": 452}
{"obj": {"type": "LogStrings", "path": ["monitoring", "stdout"], "values": [{"value": " ", "step": null, "ts": 1639551405.3475318}]}, "version": 453}
{"obj": {"type": "LogStrings", "path": ["monitoring", "stdout"], "values": [{"value": "2", "step": null, "ts": 1639551405.3475318}]}, "version": 454}
{"obj": {"type": "LogStrings", "path": ["monitoring", "stdout"], "values": [{"value": "\n", "step": null, "ts": 1639551405.3475318}]}, "version": 455}
{"obj": {"type": "LogStrings", "path": ["monitoring", "stdout"], "values": [{"value": "test count:", "step": null, "ts": 1639551405.4656389}]}, "version": 456}
{"obj": {"type": "LogStrings", "path": ["monitoring", "stdout"], "values": [{"value": " ", "step": null, "ts": 1639551405.4666393}]}, "version": 457}
{"obj": {"type": "LogStrings", "path": ["monitoring", "stdout"], "values": [{"value": "3", "step": null, "ts": 1639551405.4666393}]}, "version": 458}
{"obj": {"type": "LogStrings", "path": ["monitoring", "stdout"], "values": [{"value": "\n", "step": null, "ts": 1639551405.4666393}]}, "version": 459}
{"obj": {"type": "LogStrings", "path": ["monitoring", "stdout"], "values": [{"value": "test count:", "step": null, "ts": 1639551405.5907528}]}, "version": 460}
{"obj": {"type": "LogStrings", "path": ["monitoring", "stdout"], "values": [{"value": " ", "step": null, "ts": 1639551405.591753}]}, "version": 461}
{"obj": {"type": "LogStrings", "path": ["monitoring", "stdout"], "values": [{"value": "4", "step": null, "ts": 1639551405.591753}]}, "version": 462}
{"obj": {"type": "LogStrings", "path": ["monitoring", "stdout"], "values": [{"value": "\n", "step": null, "ts": 1639551405.591753}]}, "version": 463}
{"obj": {"type": "LogStrings", "path": ["monitoring", "stdout"], "values": [{"value": "test count:", "step": null, "ts": 1639551405.7118623}]}, "version": 464}
{"obj": {"type": "LogStrings", "path": ["monitoring", "stdout"], "values": [{"value": " ", "step": null, "ts": 1639551405.7118623}]}, "version": 465}
{"obj": {"type": "LogStrings", "path": ["monitoring", "stdout"], "values": [{"value": "5", "step": null, "ts": 1639551405.7118623}]}, "version": 466}
{"obj": {"type": "LogStrings", "path": ["monitoring", "stdout"], "values": [{"value": "\n", "step": null, "ts": 1639551405.7118623}]}, "version": 467}
{"obj": {"type": "LogStrings", "path": ["monitoring", "stdout"], "values": [{"value": "0.9225533333333333", "step": null, "ts": 1639551405.788932}]}, "version": 468}
{"obj": {"type": "LogStrings", "path": ["monitoring", "stdout"], "values": [{"value": "\n", "step": null, "ts": 1639551405.788932}]}, "version": 469}
{"obj": {"type": "LogFloats", "path": ["network_cycl", "test_accuracy_per_pic"], "values": [{"value": 0.9102333333333333, "step": null, "ts": 1639551405.788932}, {"value": 0.902375, "step": null, "ts": 1639551405.788932}, {"value": 0.9054916666666667, "step": null, "ts": 1639551405.788932}, {"value": 0.94425, "step": null, "ts": 1639551405.788932}, {"value": 0.9504166666666667, "step": null, "ts": 1639551405.788932}]}, "version": 470}
{"obj": {"type": "LogFloats", "path": ["network_cycl", "mean_test_accuracy"], "values": [{"value": 0.9225533333333333, "step": null, "ts": 1639551405.788932}]}, "version": 471}
