{"obj": {"type": "AssignString", "path": ["sys", "name"], "value": "Untitled"}, "version": 1}
{"obj": {"type": "AssignString", "path": ["sys", "description"], "value": ""}, "version": 2}
{"obj": {"type": "AssignString", "path": ["sys", "hostname"], "value": "DESKTOP-SDMAFDQ"}, "version": 3}
{"obj": {"type": "AssignBool", "path": ["sys", "failed"], "value": false}, "version": 4}
{"obj": {"type": "ClearStringLog", "path": ["monitoring", "stdout"]}, "version": 5}
{"obj": {"type": "ClearStringLog", "path": ["monitoring", "stderr"]}, "version": 6}
{"obj": {"type": "AssignString", "path": ["source_code", "entrypoint"], "value": "max_learning-finder.py"}, "version": 7}
{"obj": {"type": "UploadFileSet", "path": ["source_code", "files"], "file_globs": ["C:\\Users\\Marc\\Documents\\GitHub\\Deep_final\\max_learning-finder.py"], "reset": "False"}, "version": 8}
{"obj": {"type": "ConfigFloatSeries", "path": ["monitoring", "cpu"], "min": 0.0, "max": 100.0, "unit": "%"}, "version": 9}
{"obj": {"type": "ClearFloatLog", "path": ["monitoring", "cpu"]}, "version": 10}
{"obj": {"type": "ConfigFloatSeries", "path": ["monitoring", "memory"], "min": 0.0, "max": 15.387199401855469, "unit": "GB"}, "version": 11}
{"obj": {"type": "ClearFloatLog", "path": ["monitoring", "memory"]}, "version": 12}
{"obj": {"type": "ConfigFloatSeries", "path": ["monitoring", "gpu"], "min": 0.0, "max": 100.0, "unit": "%"}, "version": 13}
{"obj": {"type": "ClearFloatLog", "path": ["monitoring", "gpu"]}, "version": 14}
{"obj": {"type": "ConfigFloatSeries", "path": ["monitoring", "gpu_memory"], "min": 0.0, "max": 4.0, "unit": "GB"}, "version": 15}
{"obj": {"type": "ClearFloatLog", "path": ["monitoring", "gpu_memory"]}, "version": 16}
{"obj": {"type": "LogFloats", "path": ["monitoring", "cpu"], "values": [{"value": 9.3, "step": null, "ts": 1639493587.772031}]}, "version": 17}
{"obj": {"type": "LogFloats", "path": ["monitoring", "memory"], "values": [{"value": 7.10443115234375, "step": null, "ts": 1639493587.772031}]}, "version": 18}
{"obj": {"type": "LogFloats", "path": ["monitoring", "gpu"], "values": [{"value": 3.0, "step": null, "ts": 1639493587.772031}]}, "version": 19}
{"obj": {"type": "LogFloats", "path": ["monitoring", "gpu_memory"], "values": [{"value": 0.1513671875, "step": null, "ts": 1639493587.772031}]}, "version": 20}
{"obj": {"type": "AssignString", "path": ["network", "parameters", "optimizer"], "value": "SGD"}, "version": 21}
{"obj": {"type": "AssignFloat", "path": ["network", "parameters", "optimizer_momentum"], "value": 0.9}, "version": 22}
{"obj": {"type": "AssignFloat", "path": ["network", "parameters", "optimizer_learning_rate"], "value": 0.1}, "version": 23}
{"obj": {"type": "AssignString", "path": ["network", "parameters", "loss_function"], "value": "MSEloss"}, "version": 24}
{"obj": {"type": "AssignString", "path": ["network", "parameters", "model"], "value": "GTA_Unet"}, "version": 25}
{"obj": {"type": "AssignString", "path": ["network", "parameters", "scheduler"], "value": "CyclicLR"}, "version": 26}
{"obj": {"type": "AssignFloat", "path": ["network", "parameters", "scheduler_base_lr"], "value": 0.001}, "version": 27}
{"obj": {"type": "AssignFloat", "path": ["network", "parameters", "scheduler_max_lr"], "value": 1.5}, "version": 28}
{"obj": {"type": "AssignInt", "path": ["network", "parameters", "scheduler_step_size_up"], "value": 30}, "version": 29}
{"obj": {"type": "LogStrings", "path": ["monitoring", "stdout"], "values": [{"value": "Training epoch 0", "step": null, "ts": 1639493588.009246}]}, "version": 30}
{"obj": {"type": "LogStrings", "path": ["monitoring", "stdout"], "values": [{"value": "\n", "step": null, "ts": 1639493588.009246}]}, "version": 31}
{"obj": {"type": "LogFloats", "path": ["network", "learning_rate"], "values": [{"value": 0.001, "step": null, "ts": 1639493588.009246}]}, "version": 32}
{"obj": {"type": "LogFloats", "path": ["network", "train_loss"], "values": [{"value": 0.1025812953710556, "step": null, "ts": 1639493590.7123537}]}, "version": 33}
{"obj": {"type": "LogStrings", "path": ["monitoring", "stdout"], "values": [{"value": "test count:", "step": null, "ts": 1639493590.8624904}]}, "version": 34}
{"obj": {"type": "LogStrings", "path": ["monitoring", "stdout"], "values": [{"value": " ", "step": null, "ts": 1639493590.8624904}]}, "version": 35}
{"obj": {"type": "LogStrings", "path": ["monitoring", "stdout"], "values": [{"value": "1", "step": null, "ts": 1639493590.8624904}]}, "version": 36}
{"obj": {"type": "LogStrings", "path": ["monitoring", "stdout"], "values": [{"value": "\n", "step": null, "ts": 1639493590.8634903}]}, "version": 37}
{"obj": {"type": "LogFloats", "path": ["network", "validation_acc_per_pic"], "values": [{"value": 0.11448333333333334, "step": null, "ts": 1639493590.942563}]}, "version": 38}
{"obj": {"type": "LogFloats", "path": ["network", "validation_loss"], "values": [{"value": 0.1017158180475235, "step": null, "ts": 1639493590.942563}]}, "version": 39}
{"obj": {"type": "LogStrings", "path": ["monitoring", "stdout"], "values": [{"value": "Training epoch 1", "step": null, "ts": 1639493590.9435635}]}, "version": 40}
{"obj": {"type": "LogStrings", "path": ["monitoring", "stdout"], "values": [{"value": "\n", "step": null, "ts": 1639493590.9435635}]}, "version": 41}
{"obj": {"type": "LogFloats", "path": ["network", "learning_rate"], "values": [{"value": 0.03847499999999987, "step": null, "ts": 1639493590.9435635}]}, "version": 42}
{"obj": {"type": "LogFloats", "path": ["network", "train_loss"], "values": [{"value": 0.10046760737895966, "step": null, "ts": 1639493592.1066186}]}, "version": 43}
{"obj": {"type": "LogStrings", "path": ["monitoring", "stdout"], "values": [{"value": "test count:", "step": null, "ts": 1639493592.2667649}]}, "version": 44}
{"obj": {"type": "LogStrings", "path": ["monitoring", "stdout"], "values": [{"value": " ", "step": null, "ts": 1639493592.2667649}]}, "version": 45}
{"obj": {"type": "LogStrings", "path": ["monitoring", "stdout"], "values": [{"value": "1", "step": null, "ts": 1639493592.2677653}]}, "version": 46}
{"obj": {"type": "LogStrings", "path": ["monitoring", "stdout"], "values": [{"value": "\n", "step": null, "ts": 1639493592.2677653}]}, "version": 47}
{"obj": {"type": "LogFloats", "path": ["network", "validation_acc_per_pic"], "values": [{"value": 0.259575, "step": null, "ts": 1639493592.3468366}]}, "version": 48}
{"obj": {"type": "LogFloats", "path": ["network", "validation_loss"], "values": [{"value": 0.09813599288463593, "step": null, "ts": 1639493592.3468366}]}, "version": 49}
{"obj": {"type": "LogStrings", "path": ["monitoring", "stdout"], "values": [{"value": "Training epoch 2", "step": null, "ts": 1639493592.3468366}]}, "version": 50}
{"obj": {"type": "LogStrings", "path": ["monitoring", "stdout"], "values": [{"value": "\n", "step": null, "ts": 1639493592.3468366}]}, "version": 51}
{"obj": {"type": "LogFloats", "path": ["network", "learning_rate"], "values": [{"value": 0.07594999999999974, "step": null, "ts": 1639493592.3468366}]}, "version": 52}
{"obj": {"type": "LogFloats", "path": ["network", "train_loss"], "values": [{"value": 0.0901679053902626, "step": null, "ts": 1639493593.5128953}]}, "version": 53}
{"obj": {"type": "LogStrings", "path": ["monitoring", "stdout"], "values": [{"value": "test count:", "step": null, "ts": 1639493593.6730404}]}, "version": 54}
{"obj": {"type": "LogStrings", "path": ["monitoring", "stdout"], "values": [{"value": " ", "step": null, "ts": 1639493593.6730404}]}, "version": 55}
{"obj": {"type": "LogStrings", "path": ["monitoring", "stdout"], "values": [{"value": "1", "step": null, "ts": 1639493593.6740413}]}, "version": 56}
{"obj": {"type": "LogStrings", "path": ["monitoring", "stdout"], "values": [{"value": "\n", "step": null, "ts": 1639493593.6740413}]}, "version": 57}
{"obj": {"type": "LogFloats", "path": ["network", "validation_acc_per_pic"], "values": [{"value": 0.40713333333333335, "step": null, "ts": 1639493593.7511113}]}, "version": 58}
{"obj": {"type": "LogFloats", "path": ["network", "validation_loss"], "values": [{"value": 0.08962582051753998, "step": null, "ts": 1639493593.7511113}]}, "version": 59}
{"obj": {"type": "LogStrings", "path": ["monitoring", "stdout"], "values": [{"value": "Training epoch 3", "step": null, "ts": 1639493593.7511113}]}, "version": 60}
{"obj": {"type": "LogStrings", "path": ["monitoring", "stdout"], "values": [{"value": "\n", "step": null, "ts": 1639493593.7511113}]}, "version": 61}
{"obj": {"type": "LogFloats", "path": ["network", "learning_rate"], "values": [{"value": 0.11342500000000028, "step": null, "ts": 1639493593.7511113}]}, "version": 62}
{"obj": {"type": "LogFloats", "path": ["network", "train_loss"], "values": [{"value": 0.06827289536595345, "step": null, "ts": 1639493594.9051583}]}, "version": 63}
{"obj": {"type": "LogStrings", "path": ["monitoring", "stdout"], "values": [{"value": "test count:", "step": null, "ts": 1639493595.054294}]}, "version": 64}
{"obj": {"type": "LogStrings", "path": ["monitoring", "stdout"], "values": [{"value": " ", "step": null, "ts": 1639493595.055295}]}, "version": 65}
{"obj": {"type": "LogStrings", "path": ["monitoring", "stdout"], "values": [{"value": "1", "step": null, "ts": 1639493595.055295}]}, "version": 66}
{"obj": {"type": "LogStrings", "path": ["monitoring", "stdout"], "values": [{"value": "\n", "step": null, "ts": 1639493595.055295}]}, "version": 67}
{"obj": {"type": "LogFloats", "path": ["network", "validation_acc_per_pic"], "values": [{"value": 0.475625, "step": null, "ts": 1639493595.1333654}]}, "version": 68}
{"obj": {"type": "LogFloats", "path": ["network", "validation_loss"], "values": [{"value": 0.07847505807876587, "step": null, "ts": 1639493595.1333654}]}, "version": 69}
{"obj": {"type": "LogStrings", "path": ["monitoring", "stdout"], "values": [{"value": "Training epoch 4", "step": null, "ts": 1639493595.1333654}]}, "version": 70}
{"obj": {"type": "LogStrings", "path": ["monitoring", "stdout"], "values": [{"value": "\n", "step": null, "ts": 1639493595.1333654}]}, "version": 71}
{"obj": {"type": "LogFloats", "path": ["network", "learning_rate"], "values": [{"value": 0.15090000000000015, "step": null, "ts": 1639493595.1333654}]}, "version": 72}
{"obj": {"type": "LogFloats", "path": ["network", "train_loss"], "values": [{"value": 0.051271922141313556, "step": null, "ts": 1639493596.273673}]}, "version": 73}
{"obj": {"type": "LogStrings", "path": ["monitoring", "stdout"], "values": [{"value": "test count:", "step": null, "ts": 1639493596.4273186}]}, "version": 74}
{"obj": {"type": "LogStrings", "path": ["monitoring", "stdout"], "values": [{"value": " ", "step": null, "ts": 1639493596.4273186}]}, "version": 75}
{"obj": {"type": "LogStrings", "path": ["monitoring", "stdout"], "values": [{"value": "1", "step": null, "ts": 1639493596.4273186}]}, "version": 76}
{"obj": {"type": "LogStrings", "path": ["monitoring", "stdout"], "values": [{"value": "\n", "step": null, "ts": 1639493596.4273186}]}, "version": 77}
{"obj": {"type": "LogFloats", "path": ["network", "validation_acc_per_pic"], "values": [{"value": 0.501675, "step": null, "ts": 1639493596.505169}]}, "version": 78}
{"obj": {"type": "LogFloats", "path": ["network", "validation_loss"], "values": [{"value": 0.0755443274974823, "step": null, "ts": 1639493596.5061696}]}, "version": 79}
{"obj": {"type": "LogStrings", "path": ["monitoring", "stdout"], "values": [{"value": "Training epoch 5", "step": null, "ts": 1639493596.5061696}]}, "version": 80}
{"obj": {"type": "LogStrings", "path": ["monitoring", "stdout"], "values": [{"value": "\n", "step": null, "ts": 1639493596.5061696}]}, "version": 81}
{"obj": {"type": "LogFloats", "path": ["network", "learning_rate"], "values": [{"value": 0.18837500000000001, "step": null, "ts": 1639493596.5061696}]}, "version": 82}
{"obj": {"type": "LogFloats", "path": ["network", "train_loss"], "values": [{"value": 0.036232324317097664, "step": null, "ts": 1639493597.6552844}]}, "version": 83}
{"obj": {"type": "LogFloats", "path": ["monitoring", "cpu"], "values": [{"value": 43.1, "step": null, "ts": 1639493597.7845426}]}, "version": 84}
{"obj": {"type": "LogFloats", "path": ["monitoring", "memory"], "values": [{"value": 8.705307006835938, "step": null, "ts": 1639493597.7845426}]}, "version": 85}
{"obj": {"type": "LogFloats", "path": ["monitoring", "gpu"], "values": [{"value": 63.0, "step": null, "ts": 1639493597.7845426}]}, "version": 86}
{"obj": {"type": "LogFloats", "path": ["monitoring", "gpu_memory"], "values": [{"value": 2.660308837890625, "step": null, "ts": 1639493597.7845426}]}, "version": 87}
{"obj": {"type": "LogStrings", "path": ["monitoring", "stdout"], "values": [{"value": "test count:", "step": null, "ts": 1639493597.8075635}]}, "version": 88}
{"obj": {"type": "LogStrings", "path": ["monitoring", "stdout"], "values": [{"value": " ", "step": null, "ts": 1639493597.8075635}]}, "version": 89}
{"obj": {"type": "LogStrings", "path": ["monitoring", "stdout"], "values": [{"value": "1", "step": null, "ts": 1639493597.8075635}]}, "version": 90}
{"obj": {"type": "LogStrings", "path": ["monitoring", "stdout"], "values": [{"value": "\n", "step": null, "ts": 1639493597.8075635}]}, "version": 91}
{"obj": {"type": "LogFloats", "path": ["network", "validation_acc_per_pic"], "values": [{"value": 0.6061666666666666, "step": null, "ts": 1639493597.8856347}]}, "version": 92}
{"obj": {"type": "LogFloats", "path": ["network", "validation_loss"], "values": [{"value": 0.0637638196349144, "step": null, "ts": 1639493597.8856347}]}, "version": 93}
{"obj": {"type": "LogStrings", "path": ["monitoring", "stdout"], "values": [{"value": "Training epoch 6", "step": null, "ts": 1639493597.8856347}]}, "version": 94}
{"obj": {"type": "LogStrings", "path": ["monitoring", "stdout"], "values": [{"value": "\n", "step": null, "ts": 1639493597.886635}]}, "version": 95}
{"obj": {"type": "LogFloats", "path": ["network", "learning_rate"], "values": [{"value": 0.22584999999999988, "step": null, "ts": 1639493597.886635}]}, "version": 96}
{"obj": {"type": "LogFloats", "path": ["network", "train_loss"], "values": [{"value": 0.032003185339272024, "step": null, "ts": 1639493599.0316746}]}, "version": 97}
{"obj": {"type": "LogStrings", "path": ["monitoring", "stdout"], "values": [{"value": "test count:", "step": null, "ts": 1639493599.1868153}]}, "version": 98}
{"obj": {"type": "LogStrings", "path": ["monitoring", "stdout"], "values": [{"value": " ", "step": null, "ts": 1639493599.1868153}]}, "version": 99}
{"obj": {"type": "LogStrings", "path": ["monitoring", "stdout"], "values": [{"value": "1", "step": null, "ts": 1639493599.1868153}]}, "version": 100}
{"obj": {"type": "LogStrings", "path": ["monitoring", "stdout"], "values": [{"value": "\n", "step": null, "ts": 1639493599.1868153}]}, "version": 101}
{"obj": {"type": "LogFloats", "path": ["network", "validation_acc_per_pic"], "values": [{"value": 0.6555, "step": null, "ts": 1639493599.263885}]}, "version": 102}
{"obj": {"type": "LogFloats", "path": ["network", "validation_loss"], "values": [{"value": 0.057709455490112305, "step": null, "ts": 1639493599.264886}]}, "version": 103}
{"obj": {"type": "LogStrings", "path": ["monitoring", "stdout"], "values": [{"value": "Training epoch 7", "step": null, "ts": 1639493599.264886}]}, "version": 104}
{"obj": {"type": "LogStrings", "path": ["monitoring", "stdout"], "values": [{"value": "\n", "step": null, "ts": 1639493599.264886}]}, "version": 105}
{"obj": {"type": "LogFloats", "path": ["network", "learning_rate"], "values": [{"value": 0.26332499999999975, "step": null, "ts": 1639493599.264886}]}, "version": 106}
{"obj": {"type": "LogFloats", "path": ["network", "train_loss"], "values": [{"value": 0.028230235539376737, "step": null, "ts": 1639493600.402919}]}, "version": 107}
{"obj": {"type": "LogStrings", "path": ["monitoring", "stdout"], "values": [{"value": "test count:", "step": null, "ts": 1639493600.5580595}]}, "version": 108}
{"obj": {"type": "LogStrings", "path": ["monitoring", "stdout"], "values": [{"value": " ", "step": null, "ts": 1639493600.5580595}]}, "version": 109}
{"obj": {"type": "LogStrings", "path": ["monitoring", "stdout"], "values": [{"value": "1", "step": null, "ts": 1639493600.5580595}]}, "version": 110}
{"obj": {"type": "LogStrings", "path": ["monitoring", "stdout"], "values": [{"value": "\n", "step": null, "ts": 1639493600.5580595}]}, "version": 111}
{"obj": {"type": "LogFloats", "path": ["network", "validation_acc_per_pic"], "values": [{"value": 0.57065, "step": null, "ts": 1639493600.6361303}]}, "version": 112}
{"obj": {"type": "LogFloats", "path": ["network", "validation_loss"], "values": [{"value": 0.06941947340965271, "step": null, "ts": 1639493600.6361303}]}, "version": 113}
{"obj": {"type": "LogStrings", "path": ["monitoring", "stdout"], "values": [{"value": "Training epoch 8", "step": null, "ts": 1639493600.6371317}]}, "version": 114}
{"obj": {"type": "LogStrings", "path": ["monitoring", "stdout"], "values": [{"value": "\n", "step": null, "ts": 1639493600.6371317}]}, "version": 115}
{"obj": {"type": "LogFloats", "path": ["network", "learning_rate"], "values": [{"value": 0.3008000000000003, "step": null, "ts": 1639493600.6371317}]}, "version": 116}
{"obj": {"type": "LogFloats", "path": ["network", "train_loss"], "values": [{"value": 0.024742108583450318, "step": null, "ts": 1639493601.7841723}]}, "version": 117}
{"obj": {"type": "LogStrings", "path": ["monitoring", "stdout"], "values": [{"value": "test count:", "step": null, "ts": 1639493601.937313}]}, "version": 118}
{"obj": {"type": "LogStrings", "path": ["monitoring", "stdout"], "values": [{"value": " ", "step": null, "ts": 1639493601.937313}]}, "version": 119}
{"obj": {"type": "LogStrings", "path": ["monitoring", "stdout"], "values": [{"value": "1", "step": null, "ts": 1639493601.938312}]}, "version": 120}
{"obj": {"type": "LogStrings", "path": ["monitoring", "stdout"], "values": [{"value": "\n", "step": null, "ts": 1639493601.938312}]}, "version": 121}
{"obj": {"type": "LogFloats", "path": ["network", "validation_acc_per_pic"], "values": [{"value": 0.594075, "step": null, "ts": 1639493602.016383}]}, "version": 122}
{"obj": {"type": "LogFloats", "path": ["network", "validation_loss"], "values": [{"value": 0.06507944315671921, "step": null, "ts": 1639493602.016383}]}, "version": 123}
{"obj": {"type": "LogStrings", "path": ["monitoring", "stdout"], "values": [{"value": "Training epoch 9", "step": null, "ts": 1639493602.016383}]}, "version": 124}
{"obj": {"type": "LogStrings", "path": ["monitoring", "stdout"], "values": [{"value": "\n", "step": null, "ts": 1639493602.016383}]}, "version": 125}
{"obj": {"type": "LogFloats", "path": ["network", "learning_rate"], "values": [{"value": 0.33827500000000016, "step": null, "ts": 1639493602.016383}]}, "version": 126}
{"obj": {"type": "LogFloats", "path": ["network", "train_loss"], "values": [{"value": 0.02140216249972582, "step": null, "ts": 1639493603.1724315}]}, "version": 127}
{"obj": {"type": "LogStrings", "path": ["monitoring", "stdout"], "values": [{"value": "test count:", "step": null, "ts": 1639493603.3255708}]}, "version": 128}
{"obj": {"type": "LogStrings", "path": ["monitoring", "stdout"], "values": [{"value": " ", "step": null, "ts": 1639493603.3255708}]}, "version": 129}
{"obj": {"type": "LogStrings", "path": ["monitoring", "stdout"], "values": [{"value": "1", "step": null, "ts": 1639493603.3255708}]}, "version": 130}
{"obj": {"type": "LogStrings", "path": ["monitoring", "stdout"], "values": [{"value": "\n", "step": null, "ts": 1639493603.3255708}]}, "version": 131}
{"obj": {"type": "LogFloats", "path": ["network", "validation_acc_per_pic"], "values": [{"value": 0.5769666666666666, "step": null, "ts": 1639493603.4036424}]}, "version": 132}
{"obj": {"type": "LogFloats", "path": ["network", "validation_loss"], "values": [{"value": 0.0694132074713707, "step": null, "ts": 1639493603.4036424}]}, "version": 133}
{"obj": {"type": "LogStrings", "path": ["monitoring", "stdout"], "values": [{"value": "Training epoch 10", "step": null, "ts": 1639493603.4036424}]}, "version": 134}
{"obj": {"type": "LogStrings", "path": ["monitoring", "stdout"], "values": [{"value": "\n", "step": null, "ts": 1639493603.4046428}]}, "version": 135}
{"obj": {"type": "LogFloats", "path": ["network", "learning_rate"], "values": [{"value": 0.37575000000000003, "step": null, "ts": 1639493603.4046428}]}, "version": 136}
{"obj": {"type": "LogFloats", "path": ["network", "train_loss"], "values": [{"value": 0.018349209800362587, "step": null, "ts": 1639493604.546884}]}, "version": 137}
{"obj": {"type": "LogStrings", "path": ["monitoring", "stdout"], "values": [{"value": "test count:", "step": null, "ts": 1639493604.6990228}]}, "version": 138}
{"obj": {"type": "LogStrings", "path": ["monitoring", "stdout"], "values": [{"value": " ", "step": null, "ts": 1639493604.6990228}]}, "version": 139}
{"obj": {"type": "LogStrings", "path": ["monitoring", "stdout"], "values": [{"value": "1", "step": null, "ts": 1639493604.6990228}]}, "version": 140}
{"obj": {"type": "LogStrings", "path": ["monitoring", "stdout"], "values": [{"value": "\n", "step": null, "ts": 1639493604.6990228}]}, "version": 141}
{"obj": {"type": "LogFloats", "path": ["network", "validation_acc_per_pic"], "values": [{"value": 0.6019416666666667, "step": null, "ts": 1639493604.7770936}]}, "version": 142}
{"obj": {"type": "LogFloats", "path": ["network", "validation_loss"], "values": [{"value": 0.06389893591403961, "step": null, "ts": 1639493604.7770936}]}, "version": 143}
{"obj": {"type": "LogStrings", "path": ["monitoring", "stdout"], "values": [{"value": "Training epoch 11", "step": null, "ts": 1639493604.7780943}]}, "version": 144}
{"obj": {"type": "LogStrings", "path": ["monitoring", "stdout"], "values": [{"value": "\n", "step": null, "ts": 1639493604.7780943}]}, "version": 145}
{"obj": {"type": "LogFloats", "path": ["network", "learning_rate"], "values": [{"value": 0.4132249999999999, "step": null, "ts": 1639493604.7780943}]}, "version": 146}
{"obj": {"type": "LogFloats", "path": ["network", "train_loss"], "values": [{"value": 0.018588140979409216, "step": null, "ts": 1639493605.9241607}]}, "version": 147}
{"obj": {"type": "LogStrings", "path": ["monitoring", "stdout"], "values": [{"value": "test count:", "step": null, "ts": 1639493606.076279}]}, "version": 148}
{"obj": {"type": "LogStrings", "path": ["monitoring", "stdout"], "values": [{"value": " ", "step": null, "ts": 1639493606.076279}]}, "version": 149}
{"obj": {"type": "LogStrings", "path": ["monitoring", "stdout"], "values": [{"value": "1", "step": null, "ts": 1639493606.076279}]}, "version": 150}
{"obj": {"type": "LogStrings", "path": ["monitoring", "stdout"], "values": [{"value": "\n", "step": null, "ts": 1639493606.076279}]}, "version": 151}
{"obj": {"type": "LogFloats", "path": ["network", "validation_acc_per_pic"], "values": [{"value": 0.6585666666666666, "step": null, "ts": 1639493606.1532898}]}, "version": 152}
{"obj": {"type": "LogFloats", "path": ["network", "validation_loss"], "values": [{"value": 0.057707492262125015, "step": null, "ts": 1639493606.1532898}]}, "version": 153}
{"obj": {"type": "LogStrings", "path": ["monitoring", "stdout"], "values": [{"value": "Training epoch 12", "step": null, "ts": 1639493606.1542904}]}, "version": 154}
{"obj": {"type": "LogStrings", "path": ["monitoring", "stdout"], "values": [{"value": "\n", "step": null, "ts": 1639493606.1542904}]}, "version": 155}
{"obj": {"type": "LogFloats", "path": ["network", "learning_rate"], "values": [{"value": 0.45069999999999977, "step": null, "ts": 1639493606.1542904}]}, "version": 156}
{"obj": {"type": "LogFloats", "path": ["network", "train_loss"], "values": [{"value": 0.022927130199968816, "step": null, "ts": 1639493607.2942674}]}, "version": 157}
{"obj": {"type": "LogStrings", "path": ["monitoring", "stdout"], "values": [{"value": "test count:", "step": null, "ts": 1639493607.45044}]}, "version": 158}
{"obj": {"type": "LogStrings", "path": ["monitoring", "stdout"], "values": [{"value": " ", "step": null, "ts": 1639493607.45044}]}, "version": 159}
{"obj": {"type": "LogStrings", "path": ["monitoring", "stdout"], "values": [{"value": "1", "step": null, "ts": 1639493607.45044}]}, "version": 160}
{"obj": {"type": "LogStrings", "path": ["monitoring", "stdout"], "values": [{"value": "\n", "step": null, "ts": 1639493607.45044}]}, "version": 161}
{"obj": {"type": "LogFloats", "path": ["network", "validation_acc_per_pic"], "values": [{"value": 0.5480416666666666, "step": null, "ts": 1639493607.5281987}]}, "version": 162}
{"obj": {"type": "LogFloats", "path": ["network", "validation_loss"], "values": [{"value": 0.076700359582901, "step": null, "ts": 1639493607.5281987}]}, "version": 163}
{"obj": {"type": "LogStrings", "path": ["monitoring", "stdout"], "values": [{"value": "Training epoch 13", "step": null, "ts": 1639493607.5281987}]}, "version": 164}
{"obj": {"type": "LogStrings", "path": ["monitoring", "stdout"], "values": [{"value": "\n", "step": null, "ts": 1639493607.5281987}]}, "version": 165}
{"obj": {"type": "LogFloats", "path": ["network", "learning_rate"], "values": [{"value": 0.4881750000000003, "step": null, "ts": 1639493607.5281987}]}, "version": 166}
{"obj": {"type": "LogFloats", "path": ["monitoring", "cpu"], "values": [{"value": 49.0, "step": null, "ts": 1639493607.7982657}]}, "version": 167}
{"obj": {"type": "LogFloats", "path": ["monitoring", "memory"], "values": [{"value": 8.689651489257812, "step": null, "ts": 1639493607.7982657}]}, "version": 168}
{"obj": {"type": "LogFloats", "path": ["monitoring", "gpu"], "values": [{"value": 60.0, "step": null, "ts": 1639493607.7982657}]}, "version": 169}
{"obj": {"type": "LogFloats", "path": ["monitoring", "gpu_memory"], "values": [{"value": 2.660308837890625, "step": null, "ts": 1639493607.7982657}]}, "version": 170}
{"obj": {"type": "LogFloats", "path": ["network", "train_loss"], "values": [{"value": 0.022751308232545852, "step": null, "ts": 1639493608.6762714}]}, "version": 171}
{"obj": {"type": "LogStrings", "path": ["monitoring", "stdout"], "values": [{"value": "test count:", "step": null, "ts": 1639493608.832271}]}, "version": 172}
{"obj": {"type": "LogStrings", "path": ["monitoring", "stdout"], "values": [{"value": " ", "step": null, "ts": 1639493608.832271}]}, "version": 173}
{"obj": {"type": "LogStrings", "path": ["monitoring", "stdout"], "values": [{"value": "1", "step": null, "ts": 1639493608.832271}]}, "version": 174}
{"obj": {"type": "LogStrings", "path": ["monitoring", "stdout"], "values": [{"value": "\n", "step": null, "ts": 1639493608.8332708}]}, "version": 175}
{"obj": {"type": "LogFloats", "path": ["network", "validation_acc_per_pic"], "values": [{"value": 0.59945, "step": null, "ts": 1639493608.9112682}]}, "version": 176}
{"obj": {"type": "LogFloats", "path": ["network", "validation_loss"], "values": [{"value": 0.0727735087275505, "step": null, "ts": 1639493608.9112682}]}, "version": 177}
{"obj": {"type": "LogStrings", "path": ["monitoring", "stdout"], "values": [{"value": "Training epoch 14", "step": null, "ts": 1639493608.9112682}]}, "version": 178}
{"obj": {"type": "LogStrings", "path": ["monitoring", "stdout"], "values": [{"value": "\n", "step": null, "ts": 1639493608.9112682}]}, "version": 179}
{"obj": {"type": "LogFloats", "path": ["network", "learning_rate"], "values": [{"value": 0.5256500000000002, "step": null, "ts": 1639493608.9112682}]}, "version": 180}
{"obj": {"type": "LogFloats", "path": ["network", "train_loss"], "values": [{"value": 0.020651931315660475, "step": null, "ts": 1639493610.0542922}]}, "version": 181}
{"obj": {"type": "LogStrings", "path": ["monitoring", "stdout"], "values": [{"value": "test count:", "step": null, "ts": 1639493610.2143521}]}, "version": 182}
{"obj": {"type": "LogStrings", "path": ["monitoring", "stdout"], "values": [{"value": " ", "step": null, "ts": 1639493610.2143521}]}, "version": 183}
{"obj": {"type": "LogStrings", "path": ["monitoring", "stdout"], "values": [{"value": "1", "step": null, "ts": 1639493610.2143521}]}, "version": 184}
{"obj": {"type": "LogStrings", "path": ["monitoring", "stdout"], "values": [{"value": "\n", "step": null, "ts": 1639493610.2143521}]}, "version": 185}
{"obj": {"type": "LogFloats", "path": ["network", "validation_acc_per_pic"], "values": [{"value": 0.6182, "step": null, "ts": 1639493610.2913268}]}, "version": 186}
{"obj": {"type": "LogFloats", "path": ["network", "validation_loss"], "values": [{"value": 0.06896669417619705, "step": null, "ts": 1639493610.2913268}]}, "version": 187}
{"obj": {"type": "LogStrings", "path": ["monitoring", "stdout"], "values": [{"value": "Training epoch 15", "step": null, "ts": 1639493610.292327}]}, "version": 188}
{"obj": {"type": "LogStrings", "path": ["monitoring", "stdout"], "values": [{"value": "\n", "step": null, "ts": 1639493610.292327}]}, "version": 189}
{"obj": {"type": "LogFloats", "path": ["network", "learning_rate"], "values": [{"value": 0.563125, "step": null, "ts": 1639493610.292327}]}, "version": 190}
{"obj": {"type": "LogFloats", "path": ["network", "train_loss"], "values": [{"value": 0.021961094997823238, "step": null, "ts": 1639493611.449279}]}, "version": 191}
{"obj": {"type": "LogStrings", "path": ["monitoring", "stdout"], "values": [{"value": "test count:", "step": null, "ts": 1639493611.607331}]}, "version": 192}
{"obj": {"type": "LogStrings", "path": ["monitoring", "stdout"], "values": [{"value": " ", "step": null, "ts": 1639493611.6083317}]}, "version": 193}
{"obj": {"type": "LogStrings", "path": ["monitoring", "stdout"], "values": [{"value": "1", "step": null, "ts": 1639493611.6083317}]}, "version": 194}
{"obj": {"type": "LogStrings", "path": ["monitoring", "stdout"], "values": [{"value": "\n", "step": null, "ts": 1639493611.6083317}]}, "version": 195}
{"obj": {"type": "LogFloats", "path": ["network", "validation_acc_per_pic"], "values": [{"value": 0.52655, "step": null, "ts": 1639493611.6853173}]}, "version": 196}
{"obj": {"type": "LogFloats", "path": ["network", "validation_loss"], "values": [{"value": 0.07600665092468262, "step": null, "ts": 1639493611.6863182}]}, "version": 197}
{"obj": {"type": "LogStrings", "path": ["monitoring", "stdout"], "values": [{"value": "Training epoch 16", "step": null, "ts": 1639493611.6863182}]}, "version": 198}
{"obj": {"type": "LogStrings", "path": ["monitoring", "stdout"], "values": [{"value": "\n", "step": null, "ts": 1639493611.6863182}]}, "version": 199}
{"obj": {"type": "LogFloats", "path": ["network", "learning_rate"], "values": [{"value": 0.6005999999999999, "step": null, "ts": 1639493611.6863182}]}, "version": 200}
{"obj": {"type": "LogFloats", "path": ["network", "train_loss"], "values": [{"value": 0.02058972418308258, "step": null, "ts": 1639493612.8402746}]}, "version": 201}
{"obj": {"type": "LogStrings", "path": ["monitoring", "stdout"], "values": [{"value": "test count:", "step": null, "ts": 1639493612.999321}]}, "version": 202}
{"obj": {"type": "LogStrings", "path": ["monitoring", "stdout"], "values": [{"value": " ", "step": null, "ts": 1639493612.999321}]}, "version": 203}
{"obj": {"type": "LogStrings", "path": ["monitoring", "stdout"], "values": [{"value": "1", "step": null, "ts": 1639493612.999321}]}, "version": 204}
{"obj": {"type": "LogStrings", "path": ["monitoring", "stdout"], "values": [{"value": "\n", "step": null, "ts": 1639493612.999321}]}, "version": 205}
{"obj": {"type": "LogFloats", "path": ["network", "validation_acc_per_pic"], "values": [{"value": 0.6523166666666667, "step": null, "ts": 1639493613.0783045}]}, "version": 206}
{"obj": {"type": "LogFloats", "path": ["network", "validation_loss"], "values": [{"value": 0.0595812126994133, "step": null, "ts": 1639493613.0793054}]}, "version": 207}
{"obj": {"type": "LogStrings", "path": ["monitoring", "stdout"], "values": [{"value": "Training epoch 17", "step": null, "ts": 1639493613.0793054}]}, "version": 208}
{"obj": {"type": "LogStrings", "path": ["monitoring", "stdout"], "values": [{"value": "\n", "step": null, "ts": 1639493613.0793054}]}, "version": 209}
{"obj": {"type": "LogFloats", "path": ["network", "learning_rate"], "values": [{"value": 0.6380749999999998, "step": null, "ts": 1639493613.0793054}]}, "version": 210}
{"obj": {"type": "LogFloats", "path": ["network", "train_loss"], "values": [{"value": 0.017728454805910586, "step": null, "ts": 1639493614.2223403}]}, "version": 211}
{"obj": {"type": "LogStrings", "path": ["monitoring", "stdout"], "values": [{"value": "test count:", "step": null, "ts": 1639493614.3761473}]}, "version": 212}
{"obj": {"type": "LogStrings", "path": ["monitoring", "stdout"], "values": [{"value": " ", "step": null, "ts": 1639493614.3761473}]}, "version": 213}
{"obj": {"type": "LogStrings", "path": ["monitoring", "stdout"], "values": [{"value": "1", "step": null, "ts": 1639493614.377266}]}, "version": 214}
{"obj": {"type": "LogStrings", "path": ["monitoring", "stdout"], "values": [{"value": "\n", "step": null, "ts": 1639493614.377266}]}, "version": 215}
{"obj": {"type": "LogFloats", "path": ["network", "validation_acc_per_pic"], "values": [{"value": 0.6355416666666667, "step": null, "ts": 1639493614.4542773}]}, "version": 216}
{"obj": {"type": "LogFloats", "path": ["network", "validation_loss"], "values": [{"value": 0.06016423553228378, "step": null, "ts": 1639493614.4542773}]}, "version": 217}
{"obj": {"type": "LogStrings", "path": ["monitoring", "stdout"], "values": [{"value": "Training epoch 18", "step": null, "ts": 1639493614.455278}]}, "version": 218}
{"obj": {"type": "LogStrings", "path": ["monitoring", "stdout"], "values": [{"value": "\n", "step": null, "ts": 1639493614.455278}]}, "version": 219}
{"obj": {"type": "LogFloats", "path": ["network", "learning_rate"], "values": [{"value": 0.6755500000000003, "step": null, "ts": 1639493614.455278}]}, "version": 220}
{"obj": {"type": "LogFloats", "path": ["network", "train_loss"], "values": [{"value": 0.017270031571388244, "step": null, "ts": 1639493615.5982742}]}, "version": 221}
{"obj": {"type": "LogStrings", "path": ["monitoring", "stdout"], "values": [{"value": "test count:", "step": null, "ts": 1639493615.7542558}]}, "version": 222}
{"obj": {"type": "LogStrings", "path": ["monitoring", "stdout"], "values": [{"value": " ", "step": null, "ts": 1639493615.7542558}]}, "version": 223}
{"obj": {"type": "LogStrings", "path": ["monitoring", "stdout"], "values": [{"value": "1", "step": null, "ts": 1639493615.7542558}]}, "version": 224}
{"obj": {"type": "LogStrings", "path": ["monitoring", "stdout"], "values": [{"value": "\n", "step": null, "ts": 1639493615.755257}]}, "version": 225}
{"obj": {"type": "LogFloats", "path": ["network", "validation_acc_per_pic"], "values": [{"value": 0.592125, "step": null, "ts": 1639493615.8322608}]}, "version": 226}
{"obj": {"type": "LogFloats", "path": ["network", "validation_loss"], "values": [{"value": 0.06954414397478104, "step": null, "ts": 1639493615.8322608}]}, "version": 227}
{"obj": {"type": "LogStrings", "path": ["monitoring", "stdout"], "values": [{"value": "Training epoch 19", "step": null, "ts": 1639493615.8322608}]}, "version": 228}
{"obj": {"type": "LogStrings", "path": ["monitoring", "stdout"], "values": [{"value": "\n", "step": null, "ts": 1639493615.8332617}]}, "version": 229}
{"obj": {"type": "LogFloats", "path": ["network", "learning_rate"], "values": [{"value": 0.7130250000000001, "step": null, "ts": 1639493615.8332617}]}, "version": 230}
{"obj": {"type": "LogFloats", "path": ["network", "train_loss"], "values": [{"value": 0.0157924541272223, "step": null, "ts": 1639493616.9752553}]}, "version": 231}
{"obj": {"type": "LogStrings", "path": ["monitoring", "stdout"], "values": [{"value": "test count:", "step": null, "ts": 1639493617.1322556}]}, "version": 232}
{"obj": {"type": "LogStrings", "path": ["monitoring", "stdout"], "values": [{"value": " ", "step": null, "ts": 1639493617.1322556}]}, "version": 233}
{"obj": {"type": "LogStrings", "path": ["monitoring", "stdout"], "values": [{"value": "1", "step": null, "ts": 1639493617.1322556}]}, "version": 234}
{"obj": {"type": "LogStrings", "path": ["monitoring", "stdout"], "values": [{"value": "\n", "step": null, "ts": 1639493617.1322556}]}, "version": 235}
{"obj": {"type": "LogFloats", "path": ["network", "validation_acc_per_pic"], "values": [{"value": 0.614125, "step": null, "ts": 1639493617.21053}]}, "version": 236}
{"obj": {"type": "LogFloats", "path": ["network", "validation_loss"], "values": [{"value": 0.06384645402431488, "step": null, "ts": 1639493617.21053}]}, "version": 237}
{"obj": {"type": "LogStrings", "path": ["monitoring", "stdout"], "values": [{"value": "Training epoch 20", "step": null, "ts": 1639493617.21053}]}, "version": 238}
{"obj": {"type": "LogStrings", "path": ["monitoring", "stdout"], "values": [{"value": "\n", "step": null, "ts": 1639493617.21053}]}, "version": 239}
{"obj": {"type": "LogFloats", "path": ["network", "learning_rate"], "values": [{"value": 0.7505000000000001, "step": null, "ts": 1639493617.21053}]}, "version": 240}
{"obj": {"type": "LogFloats", "path": ["monitoring", "cpu"], "values": [{"value": 49.2, "step": null, "ts": 1639493617.8060708}]}, "version": 241}
{"obj": {"type": "LogFloats", "path": ["monitoring", "memory"], "values": [{"value": 8.683464050292969, "step": null, "ts": 1639493617.8060708}]}, "version": 242}
{"obj": {"type": "LogFloats", "path": ["monitoring", "gpu"], "values": [{"value": 95.0, "step": null, "ts": 1639493617.8060708}]}, "version": 243}
{"obj": {"type": "LogFloats", "path": ["monitoring", "gpu_memory"], "values": [{"value": 2.660308837890625, "step": null, "ts": 1639493617.8060708}]}, "version": 244}
{"obj": {"type": "LogFloats", "path": ["network", "train_loss"], "values": [{"value": 0.01382782580330968, "step": null, "ts": 1639493618.3565707}]}, "version": 245}
{"obj": {"type": "LogStrings", "path": ["monitoring", "stdout"], "values": [{"value": "test count:", "step": null, "ts": 1639493618.5127122}]}, "version": 246}
{"obj": {"type": "LogStrings", "path": ["monitoring", "stdout"], "values": [{"value": " ", "step": null, "ts": 1639493618.5127122}]}, "version": 247}
{"obj": {"type": "LogStrings", "path": ["monitoring", "stdout"], "values": [{"value": "1", "step": null, "ts": 1639493618.5127122}]}, "version": 248}
{"obj": {"type": "LogStrings", "path": ["monitoring", "stdout"], "values": [{"value": "\n", "step": null, "ts": 1639493618.5127122}]}, "version": 249}
{"obj": {"type": "LogFloats", "path": ["network", "validation_acc_per_pic"], "values": [{"value": 0.6008916666666667, "step": null, "ts": 1639493618.5907829}]}, "version": 250}
{"obj": {"type": "LogFloats", "path": ["network", "validation_loss"], "values": [{"value": 0.06514693051576614, "step": null, "ts": 1639493618.5907829}]}, "version": 251}
{"obj": {"type": "LogStrings", "path": ["monitoring", "stdout"], "values": [{"value": "Training epoch 21", "step": null, "ts": 1639493618.5907829}]}, "version": 252}
{"obj": {"type": "LogStrings", "path": ["monitoring", "stdout"], "values": [{"value": "\n", "step": null, "ts": 1639493618.5907829}]}, "version": 253}
{"obj": {"type": "LogFloats", "path": ["network", "learning_rate"], "values": [{"value": 0.787975, "step": null, "ts": 1639493618.5907829}]}, "version": 254}
{"obj": {"type": "LogFloats", "path": ["network", "train_loss"], "values": [{"value": 0.012470291368663311, "step": null, "ts": 1639493619.7431781}]}, "version": 255}
{"obj": {"type": "LogStrings", "path": ["monitoring", "stdout"], "values": [{"value": "test count:", "step": null, "ts": 1639493619.8963177}]}, "version": 256}
{"obj": {"type": "LogStrings", "path": ["monitoring", "stdout"], "values": [{"value": " ", "step": null, "ts": 1639493619.8973181}]}, "version": 257}
{"obj": {"type": "LogStrings", "path": ["monitoring", "stdout"], "values": [{"value": "1", "step": null, "ts": 1639493619.8973181}]}, "version": 258}
{"obj": {"type": "LogStrings", "path": ["monitoring", "stdout"], "values": [{"value": "\n", "step": null, "ts": 1639493619.8973181}]}, "version": 259}
{"obj": {"type": "LogFloats", "path": ["network", "validation_acc_per_pic"], "values": [{"value": 0.6135416666666667, "step": null, "ts": 1639493619.9753888}]}, "version": 260}
{"obj": {"type": "LogFloats", "path": ["network", "validation_loss"], "values": [{"value": 0.0643208920955658, "step": null, "ts": 1639493619.9753888}]}, "version": 261}
{"obj": {"type": "LogStrings", "path": ["monitoring", "stdout"], "values": [{"value": "Training epoch 22", "step": null, "ts": 1639493619.9753888}]}, "version": 262}
{"obj": {"type": "LogStrings", "path": ["monitoring", "stdout"], "values": [{"value": "\n", "step": null, "ts": 1639493619.9753888}]}, "version": 263}
{"obj": {"type": "LogFloats", "path": ["network", "learning_rate"], "values": [{"value": 0.8254499999999998, "step": null, "ts": 1639493619.9763892}]}, "version": 264}
{"obj": {"type": "LogFloats", "path": ["network", "train_loss"], "values": [{"value": 0.011599142849445344, "step": null, "ts": 1639493621.1204278}]}, "version": 265}
{"obj": {"type": "LogStrings", "path": ["monitoring", "stdout"], "values": [{"value": "test count:", "step": null, "ts": 1639493621.273567}]}, "version": 266}
{"obj": {"type": "LogStrings", "path": ["monitoring", "stdout"], "values": [{"value": " ", "step": null, "ts": 1639493621.2745676}]}, "version": 267}
{"obj": {"type": "LogStrings", "path": ["monitoring", "stdout"], "values": [{"value": "1", "step": null, "ts": 1639493621.2745676}]}, "version": 268}
{"obj": {"type": "LogStrings", "path": ["monitoring", "stdout"], "values": [{"value": "\n", "step": null, "ts": 1639493621.2745676}]}, "version": 269}
{"obj": {"type": "LogFloats", "path": ["network", "validation_acc_per_pic"], "values": [{"value": 0.641775, "step": null, "ts": 1639493621.351638}]}, "version": 270}
{"obj": {"type": "LogFloats", "path": ["network", "validation_loss"], "values": [{"value": 0.062252119183540344, "step": null, "ts": 1639493621.351638}]}, "version": 271}
{"obj": {"type": "LogStrings", "path": ["monitoring", "stdout"], "values": [{"value": "Training epoch 23", "step": null, "ts": 1639493621.352639}]}, "version": 272}
{"obj": {"type": "LogStrings", "path": ["monitoring", "stdout"], "values": [{"value": "\n", "step": null, "ts": 1639493621.352639}]}, "version": 273}
{"obj": {"type": "LogFloats", "path": ["network", "learning_rate"], "values": [{"value": 0.8629250000000003, "step": null, "ts": 1639493621.352639}]}, "version": 274}
{"obj": {"type": "LogFloats", "path": ["network", "train_loss"], "values": [{"value": 0.010501020681113004, "step": null, "ts": 1639493622.4958708}]}, "version": 275}
{"obj": {"type": "LogStrings", "path": ["monitoring", "stdout"], "values": [{"value": "test count:", "step": null, "ts": 1639493622.6590188}]}, "version": 276}
{"obj": {"type": "LogStrings", "path": ["monitoring", "stdout"], "values": [{"value": " ", "step": null, "ts": 1639493622.6590188}]}, "version": 277}
{"obj": {"type": "LogStrings", "path": ["monitoring", "stdout"], "values": [{"value": "1", "step": null, "ts": 1639493622.6590188}]}, "version": 278}
{"obj": {"type": "LogStrings", "path": ["monitoring", "stdout"], "values": [{"value": "\n", "step": null, "ts": 1639493622.6590188}]}, "version": 279}
{"obj": {"type": "LogFloats", "path": ["network", "validation_acc_per_pic"], "values": [{"value": 0.5933916666666667, "step": null, "ts": 1639493622.7371209}]}, "version": 280}
{"obj": {"type": "LogFloats", "path": ["network", "validation_loss"], "values": [{"value": 0.07011989504098892, "step": null, "ts": 1639493622.7371209}]}, "version": 281}
{"obj": {"type": "LogStrings", "path": ["monitoring", "stdout"], "values": [{"value": "Training epoch 24", "step": null, "ts": 1639493622.7371209}]}, "version": 282}
{"obj": {"type": "LogStrings", "path": ["monitoring", "stdout"], "values": [{"value": "\n", "step": null, "ts": 1639493622.7381222}]}, "version": 283}
{"obj": {"type": "LogFloats", "path": ["network", "learning_rate"], "values": [{"value": 0.9004000000000002, "step": null, "ts": 1639493622.7381222}]}, "version": 284}
{"obj": {"type": "LogFloats", "path": ["network", "train_loss"], "values": [{"value": 0.010513747110962868, "step": null, "ts": 1639493623.8813906}]}, "version": 285}
{"obj": {"type": "LogStrings", "path": ["monitoring", "stdout"], "values": [{"value": "test count:", "step": null, "ts": 1639493624.0345304}]}, "version": 286}
{"obj": {"type": "LogStrings", "path": ["monitoring", "stdout"], "values": [{"value": " ", "step": null, "ts": 1639493624.0355308}]}, "version": 287}
{"obj": {"type": "LogStrings", "path": ["monitoring", "stdout"], "values": [{"value": "1", "step": null, "ts": 1639493624.0355308}]}, "version": 288}
{"obj": {"type": "LogStrings", "path": ["monitoring", "stdout"], "values": [{"value": "\n", "step": null, "ts": 1639493624.0355308}]}, "version": 289}
{"obj": {"type": "LogFloats", "path": ["network", "validation_acc_per_pic"], "values": [{"value": 0.6055416666666666, "step": null, "ts": 1639493624.11361}]}, "version": 290}
{"obj": {"type": "LogFloats", "path": ["network", "validation_loss"], "values": [{"value": 0.06989961862564087, "step": null, "ts": 1639493624.11361}]}, "version": 291}
{"obj": {"type": "LogStrings", "path": ["monitoring", "stdout"], "values": [{"value": "Training epoch 25", "step": null, "ts": 1639493624.11361}]}, "version": 292}
{"obj": {"type": "LogStrings", "path": ["monitoring", "stdout"], "values": [{"value": "\n", "step": null, "ts": 1639493624.11361}]}, "version": 293}
{"obj": {"type": "LogFloats", "path": ["network", "learning_rate"], "values": [{"value": 0.9378750000000001, "step": null, "ts": 1639493624.11361}]}, "version": 294}
{"obj": {"type": "LogFloats", "path": ["network", "train_loss"], "values": [{"value": 0.009006500337272882, "step": null, "ts": 1639493625.2526445}]}, "version": 295}
{"obj": {"type": "LogStrings", "path": ["monitoring", "stdout"], "values": [{"value": "test count:", "step": null, "ts": 1639493625.409787}]}, "version": 296}
{"obj": {"type": "LogStrings", "path": ["monitoring", "stdout"], "values": [{"value": " ", "step": null, "ts": 1639493625.409787}]}, "version": 297}
{"obj": {"type": "LogStrings", "path": ["monitoring", "stdout"], "values": [{"value": "1", "step": null, "ts": 1639493625.409787}]}, "version": 298}
{"obj": {"type": "LogStrings", "path": ["monitoring", "stdout"], "values": [{"value": "\n", "step": null, "ts": 1639493625.409787}]}, "version": 299}
{"obj": {"type": "LogFloats", "path": ["network", "validation_acc_per_pic"], "values": [{"value": 0.603575, "step": null, "ts": 1639493625.4878578}]}, "version": 300}
{"obj": {"type": "LogFloats", "path": ["network", "validation_loss"], "values": [{"value": 0.07016874849796295, "step": null, "ts": 1639493625.4878578}]}, "version": 301}
{"obj": {"type": "LogStrings", "path": ["monitoring", "stdout"], "values": [{"value": "Training epoch 26", "step": null, "ts": 1639493625.4878578}]}, "version": 302}
{"obj": {"type": "LogStrings", "path": ["monitoring", "stdout"], "values": [{"value": "\n", "step": null, "ts": 1639493625.4878578}]}, "version": 303}
{"obj": {"type": "LogFloats", "path": ["network", "learning_rate"], "values": [{"value": 0.9753499999999999, "step": null, "ts": 1639493625.4888592}]}, "version": 304}
{"obj": {"type": "LogFloats", "path": ["network", "train_loss"], "values": [{"value": 0.008267666585743428, "step": null, "ts": 1639493626.6278925}]}, "version": 305}
{"obj": {"type": "LogStrings", "path": ["monitoring", "stdout"], "values": [{"value": "test count:", "step": null, "ts": 1639493626.786036}]}, "version": 306}
{"obj": {"type": "LogStrings", "path": ["monitoring", "stdout"], "values": [{"value": " ", "step": null, "ts": 1639493626.786036}]}, "version": 307}
{"obj": {"type": "LogStrings", "path": ["monitoring", "stdout"], "values": [{"value": "1", "step": null, "ts": 1639493626.786036}]}, "version": 308}
{"obj": {"type": "LogStrings", "path": ["monitoring", "stdout"], "values": [{"value": "\n", "step": null, "ts": 1639493626.786036}]}, "version": 309}
{"obj": {"type": "LogFloats", "path": ["network", "validation_acc_per_pic"], "values": [{"value": 0.5946916666666666, "step": null, "ts": 1639493626.8638532}]}, "version": 310}
{"obj": {"type": "LogFloats", "path": ["network", "validation_loss"], "values": [{"value": 0.07185447216033936, "step": null, "ts": 1639493626.864854}]}, "version": 311}
{"obj": {"type": "LogStrings", "path": ["monitoring", "stdout"], "values": [{"value": "Training epoch 27", "step": null, "ts": 1639493626.864854}]}, "version": 312}
{"obj": {"type": "LogStrings", "path": ["monitoring", "stdout"], "values": [{"value": "\n", "step": null, "ts": 1639493626.864854}]}, "version": 313}
{"obj": {"type": "LogFloats", "path": ["network", "learning_rate"], "values": [{"value": 1.0128249999999996, "step": null, "ts": 1639493626.864854}]}, "version": 314}
{"obj": {"type": "LogFloats", "path": ["monitoring", "cpu"], "values": [{"value": 48.8, "step": null, "ts": 1639493627.81482}]}, "version": 315}
{"obj": {"type": "LogFloats", "path": ["monitoring", "memory"], "values": [{"value": 8.68661117553711, "step": null, "ts": 1639493627.81482}]}, "version": 316}
{"obj": {"type": "LogFloats", "path": ["monitoring", "gpu"], "values": [{"value": 71.0, "step": null, "ts": 1639493627.81482}]}, "version": 317}
{"obj": {"type": "LogFloats", "path": ["monitoring", "gpu_memory"], "values": [{"value": 2.660308837890625, "step": null, "ts": 1639493627.81482}]}, "version": 318}
{"obj": {"type": "LogFloats", "path": ["network", "train_loss"], "values": [{"value": 0.008923528250306845, "step": null, "ts": 1639493628.008996}]}, "version": 319}
{"obj": {"type": "LogStrings", "path": ["monitoring", "stdout"], "values": [{"value": "test count:", "step": null, "ts": 1639493628.1616561}]}, "version": 320}
{"obj": {"type": "LogStrings", "path": ["monitoring", "stdout"], "values": [{"value": " ", "step": null, "ts": 1639493628.1616561}]}, "version": 321}
{"obj": {"type": "LogStrings", "path": ["monitoring", "stdout"], "values": [{"value": "1", "step": null, "ts": 1639493628.1616561}]}, "version": 322}
{"obj": {"type": "LogStrings", "path": ["monitoring", "stdout"], "values": [{"value": "\n", "step": null, "ts": 1639493628.1616561}]}, "version": 323}
{"obj": {"type": "LogFloats", "path": ["network", "validation_acc_per_pic"], "values": [{"value": 0.5879916666666667, "step": null, "ts": 1639493628.239727}]}, "version": 324}
{"obj": {"type": "LogFloats", "path": ["network", "validation_loss"], "values": [{"value": 0.07518617808818817, "step": null, "ts": 1639493628.240728}]}, "version": 325}
{"obj": {"type": "LogStrings", "path": ["monitoring", "stdout"], "values": [{"value": "Training epoch 28", "step": null, "ts": 1639493628.240728}]}, "version": 326}
{"obj": {"type": "LogStrings", "path": ["monitoring", "stdout"], "values": [{"value": "\n", "step": null, "ts": 1639493628.240728}]}, "version": 327}
{"obj": {"type": "LogFloats", "path": ["network", "learning_rate"], "values": [{"value": 1.0503000000000002, "step": null, "ts": 1639493628.240728}]}, "version": 328}
{"obj": {"type": "LogFloats", "path": ["network", "train_loss"], "values": [{"value": 0.008467013388872147, "step": null, "ts": 1639493629.3968515}]}, "version": 329}
{"obj": {"type": "LogStrings", "path": ["monitoring", "stdout"], "values": [{"value": "test count:", "step": null, "ts": 1639493629.5549946}]}, "version": 330}
{"obj": {"type": "LogStrings", "path": ["monitoring", "stdout"], "values": [{"value": " ", "step": null, "ts": 1639493629.5549946}]}, "version": 331}
{"obj": {"type": "LogStrings", "path": ["monitoring", "stdout"], "values": [{"value": "1", "step": null, "ts": 1639493629.5549946}]}, "version": 332}
{"obj": {"type": "LogStrings", "path": ["monitoring", "stdout"], "values": [{"value": "\n", "step": null, "ts": 1639493629.5549946}]}, "version": 333}
{"obj": {"type": "LogFloats", "path": ["network", "validation_acc_per_pic"], "values": [{"value": 0.61525, "step": null, "ts": 1639493629.6330652}]}, "version": 334}
{"obj": {"type": "LogFloats", "path": ["network", "validation_loss"], "values": [{"value": 0.06817877292633057, "step": null, "ts": 1639493629.6330652}]}, "version": 335}
{"obj": {"type": "LogStrings", "path": ["monitoring", "stdout"], "values": [{"value": "Training epoch 29", "step": null, "ts": 1639493629.6330652}]}, "version": 336}
{"obj": {"type": "LogStrings", "path": ["monitoring", "stdout"], "values": [{"value": "\n", "step": null, "ts": 1639493629.6330652}]}, "version": 337}
{"obj": {"type": "LogFloats", "path": ["network", "learning_rate"], "values": [{"value": 1.0877750000000002, "step": null, "ts": 1639493629.6330652}]}, "version": 338}
{"obj": {"type": "LogFloats", "path": ["network", "train_loss"], "values": [{"value": 0.008633932378143073, "step": null, "ts": 1639493630.7781043}]}, "version": 339}
{"obj": {"type": "LogStrings", "path": ["monitoring", "stdout"], "values": [{"value": "test count:", "step": null, "ts": 1639493630.9302428}]}, "version": 340}
{"obj": {"type": "LogStrings", "path": ["monitoring", "stdout"], "values": [{"value": " ", "step": null, "ts": 1639493630.9302428}]}, "version": 341}
{"obj": {"type": "LogStrings", "path": ["monitoring", "stdout"], "values": [{"value": "1", "step": null, "ts": 1639493630.9302428}]}, "version": 342}
{"obj": {"type": "LogStrings", "path": ["monitoring", "stdout"], "values": [{"value": "\n", "step": null, "ts": 1639493630.9302428}]}, "version": 343}
{"obj": {"type": "LogFloats", "path": ["network", "validation_acc_per_pic"], "values": [{"value": 0.5732666666666667, "step": null, "ts": 1639493631.0093143}]}, "version": 344}
{"obj": {"type": "LogFloats", "path": ["network", "validation_loss"], "values": [{"value": 0.07927273958921432, "step": null, "ts": 1639493631.0093143}]}, "version": 345}
{"obj": {"type": "LogStrings", "path": ["monitoring", "stdout"], "values": [{"value": "Training epoch 30", "step": null, "ts": 1639493631.0093143}]}, "version": 346}
{"obj": {"type": "LogStrings", "path": ["monitoring", "stdout"], "values": [{"value": "\n", "step": null, "ts": 1639493631.010315}]}, "version": 347}
{"obj": {"type": "LogFloats", "path": ["network", "learning_rate"], "values": [{"value": 1.1252499999999999, "step": null, "ts": 1639493631.010315}]}, "version": 348}
{"obj": {"type": "LogFloats", "path": ["network", "train_loss"], "values": [{"value": 0.009080101456493139, "step": null, "ts": 1639493632.151351}]}, "version": 349}
{"obj": {"type": "LogStrings", "path": ["monitoring", "stdout"], "values": [{"value": "test count:", "step": null, "ts": 1639493632.309494}]}, "version": 350}
{"obj": {"type": "LogStrings", "path": ["monitoring", "stdout"], "values": [{"value": " ", "step": null, "ts": 1639493632.309494}]}, "version": 351}
{"obj": {"type": "LogStrings", "path": ["monitoring", "stdout"], "values": [{"value": "1", "step": null, "ts": 1639493632.309494}]}, "version": 352}
{"obj": {"type": "LogStrings", "path": ["monitoring", "stdout"], "values": [{"value": "\n", "step": null, "ts": 1639493632.309494}]}, "version": 353}
{"obj": {"type": "LogFloats", "path": ["network", "validation_acc_per_pic"], "values": [{"value": 0.589725, "step": null, "ts": 1639493632.3875656}]}, "version": 354}
{"obj": {"type": "LogFloats", "path": ["network", "validation_loss"], "values": [{"value": 0.07417113333940506, "step": null, "ts": 1639493632.3875656}]}, "version": 355}
{"obj": {"type": "LogStrings", "path": ["monitoring", "stdout"], "values": [{"value": "Training epoch 31", "step": null, "ts": 1639493632.3885658}]}, "version": 356}
{"obj": {"type": "LogStrings", "path": ["monitoring", "stdout"], "values": [{"value": "\n", "step": null, "ts": 1639493632.3885658}]}, "version": 357}
{"obj": {"type": "LogFloats", "path": ["network", "learning_rate"], "values": [{"value": 1.1627249999999998, "step": null, "ts": 1639493632.3885658}]}, "version": 358}
{"obj": {"type": "LogFloats", "path": ["network", "train_loss"], "values": [{"value": 0.008337101805955172, "step": null, "ts": 1639493633.5306015}]}, "version": 359}
{"obj": {"type": "LogStrings", "path": ["monitoring", "stdout"], "values": [{"value": "test count:", "step": null, "ts": 1639493633.6897492}]}, "version": 360}
{"obj": {"type": "LogStrings", "path": ["monitoring", "stdout"], "values": [{"value": " ", "step": null, "ts": 1639493633.6897492}]}, "version": 361}
{"obj": {"type": "LogStrings", "path": ["monitoring", "stdout"], "values": [{"value": "1", "step": null, "ts": 1639493633.6897492}]}, "version": 362}
{"obj": {"type": "LogStrings", "path": ["monitoring", "stdout"], "values": [{"value": "\n", "step": null, "ts": 1639493633.6897492}]}, "version": 363}
{"obj": {"type": "LogFloats", "path": ["network", "validation_acc_per_pic"], "values": [{"value": 0.6083166666666666, "step": null, "ts": 1639493633.7668188}]}, "version": 364}
{"obj": {"type": "LogFloats", "path": ["network", "validation_loss"], "values": [{"value": 0.07231830060482025, "step": null, "ts": 1639493633.7678201}]}, "version": 365}
{"obj": {"type": "LogStrings", "path": ["monitoring", "stdout"], "values": [{"value": "Training epoch 32", "step": null, "ts": 1639493633.7678201}]}, "version": 366}
{"obj": {"type": "LogStrings", "path": ["monitoring", "stdout"], "values": [{"value": "\n", "step": null, "ts": 1639493633.7678201}]}, "version": 367}
{"obj": {"type": "LogFloats", "path": ["network", "learning_rate"], "values": [{"value": 1.2001999999999997, "step": null, "ts": 1639493633.7678201}]}, "version": 368}
{"obj": {"type": "LogFloats", "path": ["network", "train_loss"], "values": [{"value": 0.007787658646702766, "step": null, "ts": 1639493634.9134433}]}, "version": 369}
{"obj": {"type": "LogStrings", "path": ["monitoring", "stdout"], "values": [{"value": "test count:", "step": null, "ts": 1639493635.066752}]}, "version": 370}
{"obj": {"type": "LogStrings", "path": ["monitoring", "stdout"], "values": [{"value": " ", "step": null, "ts": 1639493635.066752}]}, "version": 371}
{"obj": {"type": "LogStrings", "path": ["monitoring", "stdout"], "values": [{"value": "1", "step": null, "ts": 1639493635.066752}]}, "version": 372}
{"obj": {"type": "LogStrings", "path": ["monitoring", "stdout"], "values": [{"value": "\n", "step": null, "ts": 1639493635.0677438}]}, "version": 373}
{"obj": {"type": "LogFloats", "path": ["network", "validation_acc_per_pic"], "values": [{"value": 0.5657583333333334, "step": null, "ts": 1639493635.1454854}]}, "version": 374}
{"obj": {"type": "LogFloats", "path": ["network", "validation_loss"], "values": [{"value": 0.07824068516492844, "step": null, "ts": 1639493635.1454854}]}, "version": 375}
{"obj": {"type": "LogStrings", "path": ["monitoring", "stdout"], "values": [{"value": "Training epoch 33", "step": null, "ts": 1639493635.1454854}]}, "version": 376}
{"obj": {"type": "LogStrings", "path": ["monitoring", "stdout"], "values": [{"value": "\n", "step": null, "ts": 1639493635.1454854}]}, "version": 377}
{"obj": {"type": "LogFloats", "path": ["network", "learning_rate"], "values": [{"value": 1.2376750000000003, "step": null, "ts": 1639493635.1454854}]}, "version": 378}
{"obj": {"type": "LogFloats", "path": ["network", "train_loss"], "values": [{"value": 0.007747736107558012, "step": null, "ts": 1639493636.2986631}]}, "version": 379}
{"obj": {"type": "LogStrings", "path": ["monitoring", "stdout"], "values": [{"value": "test count:", "step": null, "ts": 1639493636.4578078}]}, "version": 380}
{"obj": {"type": "LogStrings", "path": ["monitoring", "stdout"], "values": [{"value": " ", "step": null, "ts": 1639493636.4578078}]}, "version": 381}
{"obj": {"type": "LogStrings", "path": ["monitoring", "stdout"], "values": [{"value": "1", "step": null, "ts": 1639493636.4578078}]}, "version": 382}
{"obj": {"type": "LogStrings", "path": ["monitoring", "stdout"], "values": [{"value": "\n", "step": null, "ts": 1639493636.4588084}]}, "version": 383}
{"obj": {"type": "LogFloats", "path": ["network", "validation_acc_per_pic"], "values": [{"value": 0.58955, "step": null, "ts": 1639493636.5368788}]}, "version": 384}
{"obj": {"type": "LogFloats", "path": ["network", "validation_loss"], "values": [{"value": 0.07527321577072144, "step": null, "ts": 1639493636.5368788}]}, "version": 385}
{"obj": {"type": "LogStrings", "path": ["monitoring", "stdout"], "values": [{"value": "Training epoch 34", "step": null, "ts": 1639493636.5368788}]}, "version": 386}
{"obj": {"type": "LogStrings", "path": ["monitoring", "stdout"], "values": [{"value": "\n", "step": null, "ts": 1639493636.5368788}]}, "version": 387}
{"obj": {"type": "LogFloats", "path": ["network", "learning_rate"], "values": [{"value": 1.27515, "step": null, "ts": 1639493636.5368788}]}, "version": 388}
{"obj": {"type": "LogFloats", "path": ["network", "train_loss"], "values": [{"value": 0.00786910643801093, "step": null, "ts": 1639493637.6899257}]}, "version": 389}
{"obj": {"type": "LogFloats", "path": ["monitoring", "cpu"], "values": [{"value": 49.0, "step": null, "ts": 1639493637.8208206}]}, "version": 390}
{"obj": {"type": "LogFloats", "path": ["monitoring", "memory"], "values": [{"value": 8.69122314453125, "step": null, "ts": 1639493637.8208206}]}, "version": 391}
{"obj": {"type": "LogFloats", "path": ["monitoring", "gpu"], "values": [{"value": 97.0, "step": null, "ts": 1639493637.8208206}]}, "version": 392}
{"obj": {"type": "LogFloats", "path": ["monitoring", "gpu_memory"], "values": [{"value": 2.660308837890625, "step": null, "ts": 1639493637.8208206}]}, "version": 393}
{"obj": {"type": "LogStrings", "path": ["monitoring", "stdout"], "values": [{"value": "test count:", "step": null, "ts": 1639493637.8458433}]}, "version": 394}
{"obj": {"type": "LogStrings", "path": ["monitoring", "stdout"], "values": [{"value": " ", "step": null, "ts": 1639493637.8458433}]}, "version": 395}
{"obj": {"type": "LogStrings", "path": ["monitoring", "stdout"], "values": [{"value": "1", "step": null, "ts": 1639493637.8458433}]}, "version": 396}
{"obj": {"type": "LogStrings", "path": ["monitoring", "stdout"], "values": [{"value": "\n", "step": null, "ts": 1639493637.8458433}]}, "version": 397}
{"obj": {"type": "LogFloats", "path": ["network", "validation_acc_per_pic"], "values": [{"value": 0.601275, "step": null, "ts": 1639493637.923914}]}, "version": 398}
{"obj": {"type": "LogFloats", "path": ["network", "validation_loss"], "values": [{"value": 0.07178813219070435, "step": null, "ts": 1639493637.923914}]}, "version": 399}
{"obj": {"type": "LogStrings", "path": ["monitoring", "stdout"], "values": [{"value": "Training epoch 35", "step": null, "ts": 1639493637.923914}]}, "version": 400}
{"obj": {"type": "LogStrings", "path": ["monitoring", "stdout"], "values": [{"value": "\n", "step": null, "ts": 1639493637.923914}]}, "version": 401}
{"obj": {"type": "LogFloats", "path": ["network", "learning_rate"], "values": [{"value": 1.312625, "step": null, "ts": 1639493637.923914}]}, "version": 402}
{"obj": {"type": "LogFloats", "path": ["network", "train_loss"], "values": [{"value": 0.00909540830180049, "step": null, "ts": 1639493639.0838535}]}, "version": 403}
{"obj": {"type": "LogStrings", "path": ["monitoring", "stdout"], "values": [{"value": "test count:", "step": null, "ts": 1639493639.2470021}]}, "version": 404}
{"obj": {"type": "LogStrings", "path": ["monitoring", "stdout"], "values": [{"value": " ", "step": null, "ts": 1639493639.2470021}]}, "version": 405}
{"obj": {"type": "LogStrings", "path": ["monitoring", "stdout"], "values": [{"value": "1", "step": null, "ts": 1639493639.2470021}]}, "version": 406}
{"obj": {"type": "LogStrings", "path": ["monitoring", "stdout"], "values": [{"value": "\n", "step": null, "ts": 1639493639.2470021}]}, "version": 407}
{"obj": {"type": "LogFloats", "path": ["network", "validation_acc_per_pic"], "values": [{"value": 0.5526083333333334, "step": null, "ts": 1639493639.3240712}]}, "version": 408}
{"obj": {"type": "LogFloats", "path": ["network", "validation_loss"], "values": [{"value": 0.08322314918041229, "step": null, "ts": 1639493639.3240712}]}, "version": 409}
{"obj": {"type": "LogStrings", "path": ["monitoring", "stdout"], "values": [{"value": "Training epoch 36", "step": null, "ts": 1639493639.3240712}]}, "version": 410}
{"obj": {"type": "LogStrings", "path": ["monitoring", "stdout"], "values": [{"value": "\n", "step": null, "ts": 1639493639.3240712}]}, "version": 411}
{"obj": {"type": "LogFloats", "path": ["network", "learning_rate"], "values": [{"value": 1.3500999999999999, "step": null, "ts": 1639493639.325072}]}, "version": 412}
{"obj": {"type": "LogFloats", "path": ["network", "train_loss"], "values": [{"value": 0.012328993715345859, "step": null, "ts": 1639493640.4791195}]}, "version": 413}
{"obj": {"type": "LogStrings", "path": ["monitoring", "stdout"], "values": [{"value": "test count:", "step": null, "ts": 1639493640.6422684}]}, "version": 414}
{"obj": {"type": "LogStrings", "path": ["monitoring", "stdout"], "values": [{"value": " ", "step": null, "ts": 1639493640.6422684}]}, "version": 415}
{"obj": {"type": "LogStrings", "path": ["monitoring", "stdout"], "values": [{"value": "1", "step": null, "ts": 1639493640.6422684}]}, "version": 416}
{"obj": {"type": "LogStrings", "path": ["monitoring", "stdout"], "values": [{"value": "\n", "step": null, "ts": 1639493640.6422684}]}, "version": 417}
{"obj": {"type": "LogFloats", "path": ["network", "validation_acc_per_pic"], "values": [{"value": 0.5631583333333333, "step": null, "ts": 1639493640.7198439}]}, "version": 418}
{"obj": {"type": "LogFloats", "path": ["network", "validation_loss"], "values": [{"value": 0.08254162222146988, "step": null, "ts": 1639493640.7198439}]}, "version": 419}
{"obj": {"type": "LogStrings", "path": ["monitoring", "stdout"], "values": [{"value": "Training epoch 37", "step": null, "ts": 1639493640.7198439}]}, "version": 420}
{"obj": {"type": "LogStrings", "path": ["monitoring", "stdout"], "values": [{"value": "\n", "step": null, "ts": 1639493640.7208447}]}, "version": 421}
{"obj": {"type": "LogFloats", "path": ["network", "learning_rate"], "values": [{"value": 1.3875749999999998, "step": null, "ts": 1639493640.7208447}]}, "version": 422}
{"obj": {"type": "LogFloats", "path": ["network", "train_loss"], "values": [{"value": 0.00971175143495202, "step": null, "ts": 1639493641.8657176}]}, "version": 423}
{"obj": {"type": "LogStrings", "path": ["monitoring", "stdout"], "values": [{"value": "test count:", "step": null, "ts": 1639493642.0248332}]}, "version": 424}
{"obj": {"type": "LogStrings", "path": ["monitoring", "stdout"], "values": [{"value": " ", "step": null, "ts": 1639493642.0248332}]}, "version": 425}
{"obj": {"type": "LogStrings", "path": ["monitoring", "stdout"], "values": [{"value": "1", "step": null, "ts": 1639493642.0248332}]}, "version": 426}
{"obj": {"type": "LogStrings", "path": ["monitoring", "stdout"], "values": [{"value": "\n", "step": null, "ts": 1639493642.0248332}]}, "version": 427}
{"obj": {"type": "LogFloats", "path": ["network", "validation_acc_per_pic"], "values": [{"value": 0.6134083333333333, "step": null, "ts": 1639493642.1029038}]}, "version": 428}
{"obj": {"type": "LogFloats", "path": ["network", "validation_loss"], "values": [{"value": 0.07119836658239365, "step": null, "ts": 1639493642.1029038}]}, "version": 429}
{"obj": {"type": "LogStrings", "path": ["monitoring", "stdout"], "values": [{"value": "Training epoch 38", "step": null, "ts": 1639493642.1039045}]}, "version": 430}
{"obj": {"type": "LogStrings", "path": ["monitoring", "stdout"], "values": [{"value": "\n", "step": null, "ts": 1639493642.1039045}]}, "version": 431}
{"obj": {"type": "LogFloats", "path": ["network", "learning_rate"], "values": [{"value": 1.4250500000000001, "step": null, "ts": 1639493642.1039045}]}, "version": 432}
{"obj": {"type": "LogFloats", "path": ["network", "train_loss"], "values": [{"value": 0.010426318179816008, "step": null, "ts": 1639493643.2446668}]}, "version": 433}
{"obj": {"type": "LogStrings", "path": ["monitoring", "stdout"], "values": [{"value": "test count:", "step": null, "ts": 1639493643.3968053}]}, "version": 434}
{"obj": {"type": "LogStrings", "path": ["monitoring", "stdout"], "values": [{"value": " ", "step": null, "ts": 1639493643.3968053}]}, "version": 435}
{"obj": {"type": "LogStrings", "path": ["monitoring", "stdout"], "values": [{"value": "1", "step": null, "ts": 1639493643.3978055}]}, "version": 436}
{"obj": {"type": "LogStrings", "path": ["monitoring", "stdout"], "values": [{"value": "\n", "step": null, "ts": 1639493643.3978055}]}, "version": 437}
{"obj": {"type": "LogFloats", "path": ["network", "validation_acc_per_pic"], "values": [{"value": 0.5794333333333334, "step": null, "ts": 1639493643.4758763}]}, "version": 438}
{"obj": {"type": "LogFloats", "path": ["network", "validation_loss"], "values": [{"value": 0.07793693244457245, "step": null, "ts": 1639493643.4758763}]}, "version": 439}
{"obj": {"type": "LogStrings", "path": ["monitoring", "stdout"], "values": [{"value": "Training epoch 39", "step": null, "ts": 1639493643.4768782}]}, "version": 440}
{"obj": {"type": "LogStrings", "path": ["monitoring", "stdout"], "values": [{"value": "\n", "step": null, "ts": 1639493643.4768782}]}, "version": 441}
{"obj": {"type": "LogFloats", "path": ["network", "learning_rate"], "values": [{"value": 1.462525, "step": null, "ts": 1639493643.4768782}]}, "version": 442}
{"obj": {"type": "LogFloats", "path": ["network", "train_loss"], "values": [{"value": 0.023582244478166103, "step": null, "ts": 1639493644.6199148}]}, "version": 443}
{"obj": {"type": "LogStrings", "path": ["monitoring", "stdout"], "values": [{"value": "test count:", "step": null, "ts": 1639493644.7760565}]}, "version": 444}
{"obj": {"type": "LogStrings", "path": ["monitoring", "stdout"], "values": [{"value": " ", "step": null, "ts": 1639493644.7770584}]}, "version": 445}
{"obj": {"type": "LogStrings", "path": ["monitoring", "stdout"], "values": [{"value": "1", "step": null, "ts": 1639493644.7770584}]}, "version": 446}
{"obj": {"type": "LogStrings", "path": ["monitoring", "stdout"], "values": [{"value": "\n", "step": null, "ts": 1639493644.7770584}]}, "version": 447}
{"obj": {"type": "LogFloats", "path": ["network", "validation_acc_per_pic"], "values": [{"value": 0.5571083333333333, "step": null, "ts": 1639493644.8541276}]}, "version": 448}
{"obj": {"type": "LogFloats", "path": ["network", "validation_loss"], "values": [{"value": 0.0814073234796524, "step": null, "ts": 1639493644.8541276}]}, "version": 449}
{"obj": {"type": "LogStrings", "path": ["monitoring", "stdout"], "values": [{"value": "Training epoch 40", "step": null, "ts": 1639493644.8541276}]}, "version": 450}
{"obj": {"type": "LogStrings", "path": ["monitoring", "stdout"], "values": [{"value": "\n", "step": null, "ts": 1639493644.8541276}]}, "version": 451}
{"obj": {"type": "LogFloats", "path": ["network", "learning_rate"], "values": [{"value": 1.5, "step": null, "ts": 1639493644.8541276}]}, "version": 452}
{"obj": {"type": "LogFloats", "path": ["network", "train_loss"], "values": [{"value": 0.022044549509882928, "step": null, "ts": 1639493645.9971647}]}, "version": 453}
{"obj": {"type": "LogStrings", "path": ["monitoring", "stdout"], "values": [{"value": "test count:", "step": null, "ts": 1639493646.1523054}]}, "version": 454}
{"obj": {"type": "LogStrings", "path": ["monitoring", "stdout"], "values": [{"value": " ", "step": null, "ts": 1639493646.1523054}]}, "version": 455}
{"obj": {"type": "LogStrings", "path": ["monitoring", "stdout"], "values": [{"value": "1", "step": null, "ts": 1639493646.1523054}]}, "version": 456}
{"obj": {"type": "LogStrings", "path": ["monitoring", "stdout"], "values": [{"value": "\n", "step": null, "ts": 1639493646.1523054}]}, "version": 457}
{"obj": {"type": "LogFloats", "path": ["network", "validation_acc_per_pic"], "values": [{"value": 0.477925, "step": null, "ts": 1639493646.229375}]}, "version": 458}
{"obj": {"type": "LogFloats", "path": ["network", "validation_loss"], "values": [{"value": 0.09356746077537537, "step": null, "ts": 1639493646.229375}]}, "version": 459}
{"obj": {"type": "UploadFile", "path": ["network", "network_weights"], "ext": "pt", "file_path": "C:\\Users\\Marc\\Desktop\\Billeder\\params\\find_learning\\network.pt"}, "version": 460}
{"obj": {"type": "LogStrings", "path": ["monitoring", "stdout"], "values": [{"value": "test count:", "step": null, "ts": 1639493646.4735968}]}, "version": 461}
{"obj": {"type": "LogStrings", "path": ["monitoring", "stdout"], "values": [{"value": " ", "step": null, "ts": 1639493646.4735968}]}, "version": 462}
{"obj": {"type": "LogStrings", "path": ["monitoring", "stdout"], "values": [{"value": "1", "step": null, "ts": 1639493646.4745977}]}, "version": 463}
{"obj": {"type": "LogStrings", "path": ["monitoring", "stdout"], "values": [{"value": "\n", "step": null, "ts": 1639493646.4745977}]}, "version": 464}
{"obj": {"type": "LogStrings", "path": ["monitoring", "stdout"], "values": [{"value": "test count:", "step": null, "ts": 1639493646.5977097}]}, "version": 465}
{"obj": {"type": "LogStrings", "path": ["monitoring", "stdout"], "values": [{"value": " ", "step": null, "ts": 1639493646.5977097}]}, "version": 466}
{"obj": {"type": "LogStrings", "path": ["monitoring", "stdout"], "values": [{"value": "2", "step": null, "ts": 1639493646.5977097}]}, "version": 467}
{"obj": {"type": "LogStrings", "path": ["monitoring", "stdout"], "values": [{"value": "\n", "step": null, "ts": 1639493646.5977097}]}, "version": 468}
{"obj": {"type": "LogStrings", "path": ["monitoring", "stdout"], "values": [{"value": "test count:", "step": null, "ts": 1639493646.7278283}]}, "version": 469}
{"obj": {"type": "LogStrings", "path": ["monitoring", "stdout"], "values": [{"value": " ", "step": null, "ts": 1639493646.7278283}]}, "version": 470}
{"obj": {"type": "LogStrings", "path": ["monitoring", "stdout"], "values": [{"value": "3", "step": null, "ts": 1639493646.7278283}]}, "version": 471}
{"obj": {"type": "LogStrings", "path": ["monitoring", "stdout"], "values": [{"value": "\n", "step": null, "ts": 1639493646.7278283}]}, "version": 472}
{"obj": {"type": "LogStrings", "path": ["monitoring", "stdout"], "values": [{"value": "test count:", "step": null, "ts": 1639493646.8539422}]}, "version": 473}
{"obj": {"type": "LogStrings", "path": ["monitoring", "stdout"], "values": [{"value": " ", "step": null, "ts": 1639493646.8539422}]}, "version": 474}
{"obj": {"type": "LogStrings", "path": ["monitoring", "stdout"], "values": [{"value": "4", "step": null, "ts": 1639493646.8539422}]}, "version": 475}
{"obj": {"type": "LogStrings", "path": ["monitoring", "stdout"], "values": [{"value": "\n", "step": null, "ts": 1639493646.8539422}]}, "version": 476}
{"obj": {"type": "LogStrings", "path": ["monitoring", "stdout"], "values": [{"value": "test count:", "step": null, "ts": 1639493646.975052}]}, "version": 477}
{"obj": {"type": "LogStrings", "path": ["monitoring", "stdout"], "values": [{"value": " ", "step": null, "ts": 1639493646.975052}]}, "version": 478}
{"obj": {"type": "LogStrings", "path": ["monitoring", "stdout"], "values": [{"value": "5", "step": null, "ts": 1639493646.975052}]}, "version": 479}
{"obj": {"type": "LogStrings", "path": ["monitoring", "stdout"], "values": [{"value": "\n", "step": null, "ts": 1639493646.975052}]}, "version": 480}
{"obj": {"type": "LogStrings", "path": ["monitoring", "stdout"], "values": [{"value": "0.8387249999999999", "step": null, "ts": 1639493647.0531228}]}, "version": 481}
{"obj": {"type": "LogStrings", "path": ["monitoring", "stdout"], "values": [{"value": "\n", "step": null, "ts": 1639493647.0531228}]}, "version": 482}
{"obj": {"type": "LogFloats", "path": ["network", "test_accuracy_per_pic"], "values": [{"value": 0.8756166666666667, "step": null, "ts": 1639493647.054124}, {"value": 0.8382666666666667, "step": null, "ts": 1639493647.054124}, {"value": 0.814425, "step": null, "ts": 1639493647.054124}, {"value": 0.8332916666666667, "step": null, "ts": 1639493647.054124}, {"value": 0.832025, "step": null, "ts": 1639493647.054124}]}, "version": 483}
{"obj": {"type": "LogFloats", "path": ["network", "mean_test_accuracy"], "values": [{"value": 0.8387249999999999, "step": null, "ts": 1639493647.054124}]}, "version": 484}
