{"obj": {"type": "AssignString", "path": ["sys", "name"], "value": "Untitled"}, "version": 1}
{"obj": {"type": "AssignString", "path": ["sys", "description"], "value": ""}, "version": 2}
{"obj": {"type": "AssignString", "path": ["sys", "hostname"], "value": "DESKTOP-SDMAFDQ"}, "version": 3}
{"obj": {"type": "AssignBool", "path": ["sys", "failed"], "value": false}, "version": 4}
{"obj": {"type": "ClearStringLog", "path": ["monitoring", "stdout"]}, "version": 5}
{"obj": {"type": "ClearStringLog", "path": ["monitoring", "stderr"]}, "version": 6}
{"obj": {"type": "AssignString", "path": ["source_code", "entrypoint"], "value": "max_learning-finder.py"}, "version": 7}
{"obj": {"type": "UploadFileSet", "path": ["source_code", "files"], "file_globs": ["C:\\Users\\Marc\\Documents\\GitHub\\Deep_final\\max_learning-finder.py"], "reset": "False"}, "version": 8}
{"obj": {"type": "ConfigFloatSeries", "path": ["monitoring", "cpu"], "min": 0.0, "max": 100.0, "unit": "%"}, "version": 9}
{"obj": {"type": "ClearFloatLog", "path": ["monitoring", "cpu"]}, "version": 10}
{"obj": {"type": "ConfigFloatSeries", "path": ["monitoring", "memory"], "min": 0.0, "max": 15.387199401855469, "unit": "GB"}, "version": 11}
{"obj": {"type": "ClearFloatLog", "path": ["monitoring", "memory"]}, "version": 12}
{"obj": {"type": "ConfigFloatSeries", "path": ["monitoring", "gpu"], "min": 0.0, "max": 100.0, "unit": "%"}, "version": 13}
{"obj": {"type": "ClearFloatLog", "path": ["monitoring", "gpu"]}, "version": 14}
{"obj": {"type": "ConfigFloatSeries", "path": ["monitoring", "gpu_memory"], "min": 0.0, "max": 4.0, "unit": "GB"}, "version": 15}
{"obj": {"type": "ClearFloatLog", "path": ["monitoring", "gpu_memory"]}, "version": 16}
{"obj": {"type": "LogFloats", "path": ["monitoring", "cpu"], "values": [{"value": 11.2, "step": null, "ts": 1639492880.1287994}]}, "version": 17}
{"obj": {"type": "LogFloats", "path": ["monitoring", "memory"], "values": [{"value": 6.718330383300781, "step": null, "ts": 1639492880.1287994}]}, "version": 18}
{"obj": {"type": "LogFloats", "path": ["monitoring", "gpu"], "values": [{"value": 3.0, "step": null, "ts": 1639492880.1287994}]}, "version": 19}
{"obj": {"type": "LogFloats", "path": ["monitoring", "gpu_memory"], "values": [{"value": 0.1513671875, "step": null, "ts": 1639492880.1287994}]}, "version": 20}
{"obj": {"type": "AssignString", "path": ["network", "parameters", "optimizer"], "value": "SGD"}, "version": 21}
{"obj": {"type": "AssignFloat", "path": ["network", "parameters", "optimizer_momentum"], "value": 0.9}, "version": 22}
{"obj": {"type": "AssignFloat", "path": ["network", "parameters", "optimizer_learning_rate"], "value": 0.1}, "version": 23}
{"obj": {"type": "AssignString", "path": ["network", "parameters", "loss_function"], "value": "MSEloss"}, "version": 24}
{"obj": {"type": "AssignString", "path": ["network", "parameters", "model"], "value": "GTA_Unet"}, "version": 25}
{"obj": {"type": "AssignString", "path": ["network", "parameters", "scheduler"], "value": "CyclicLR"}, "version": 26}
{"obj": {"type": "AssignFloat", "path": ["network", "parameters", "scheduler_base_lr"], "value": 0.001}, "version": 27}
{"obj": {"type": "AssignInt", "path": ["network", "parameters", "scheduler_max_lr"], "value": 1}, "version": 28}
{"obj": {"type": "AssignInt", "path": ["network", "parameters", "scheduler_step_size_up"], "value": 30}, "version": 29}
{"obj": {"type": "LogStrings", "path": ["monitoring", "stdout"], "values": [{"value": "Training epoch 0", "step": null, "ts": 1639492880.365014}]}, "version": 30}
{"obj": {"type": "LogStrings", "path": ["monitoring", "stdout"], "values": [{"value": "\n", "step": null, "ts": 1639492880.365014}]}, "version": 31}
{"obj": {"type": "LogFloats", "path": ["network", "learning_rate"], "values": [{"value": 0.001, "step": null, "ts": 1639492880.365014}]}, "version": 32}
{"obj": {"type": "LogFloats", "path": ["network", "train_loss"], "values": [{"value": 0.09773890227079392, "step": null, "ts": 1639492883.0376368}]}, "version": 33}
{"obj": {"type": "LogStrings", "path": ["monitoring", "stdout"], "values": [{"value": "test count:", "step": null, "ts": 1639492883.195648}]}, "version": 34}
{"obj": {"type": "LogStrings", "path": ["monitoring", "stdout"], "values": [{"value": " ", "step": null, "ts": 1639492883.195648}]}, "version": 35}
{"obj": {"type": "LogStrings", "path": ["monitoring", "stdout"], "values": [{"value": "1", "step": null, "ts": 1639492883.195648}]}, "version": 36}
{"obj": {"type": "LogStrings", "path": ["monitoring", "stdout"], "values": [{"value": "\n", "step": null, "ts": 1639492883.195648}]}, "version": 37}
{"obj": {"type": "LogFloats", "path": ["network", "validation_acc_per_pic"], "values": [{"value": 0.1837, "step": null, "ts": 1639492883.2740734}]}, "version": 38}
{"obj": {"type": "LogFloats", "path": ["network", "validation_loss"], "values": [{"value": 0.0980125218629837, "step": null, "ts": 1639492883.2740734}]}, "version": 39}
{"obj": {"type": "LogStrings", "path": ["monitoring", "stdout"], "values": [{"value": "Training epoch 1", "step": null, "ts": 1639492883.2740734}]}, "version": 40}
{"obj": {"type": "LogStrings", "path": ["monitoring", "stdout"], "values": [{"value": "\n", "step": null, "ts": 1639492883.275074}]}, "version": 41}
{"obj": {"type": "LogFloats", "path": ["network", "learning_rate"], "values": [{"value": 0.03429999999999988, "step": null, "ts": 1639492883.275074}]}, "version": 42}
{"obj": {"type": "LogFloats", "path": ["network", "train_loss"], "values": [{"value": 0.09432903975248337, "step": null, "ts": 1639492884.4221148}]}, "version": 43}
{"obj": {"type": "LogStrings", "path": ["monitoring", "stdout"], "values": [{"value": "test count:", "step": null, "ts": 1639492884.5752542}]}, "version": 44}
{"obj": {"type": "LogStrings", "path": ["monitoring", "stdout"], "values": [{"value": " ", "step": null, "ts": 1639492884.5752542}]}, "version": 45}
{"obj": {"type": "LogStrings", "path": ["monitoring", "stdout"], "values": [{"value": "1", "step": null, "ts": 1639492884.5752542}]}, "version": 46}
{"obj": {"type": "LogStrings", "path": ["monitoring", "stdout"], "values": [{"value": "\n", "step": null, "ts": 1639492884.5752542}]}, "version": 47}
{"obj": {"type": "LogFloats", "path": ["network", "validation_acc_per_pic"], "values": [{"value": 0.354875, "step": null, "ts": 1639492884.6533253}]}, "version": 48}
{"obj": {"type": "LogFloats", "path": ["network", "validation_loss"], "values": [{"value": 0.09340935945510864, "step": null, "ts": 1639492884.6533253}]}, "version": 49}
{"obj": {"type": "LogStrings", "path": ["monitoring", "stdout"], "values": [{"value": "Training epoch 2", "step": null, "ts": 1639492884.654326}]}, "version": 50}
{"obj": {"type": "LogStrings", "path": ["monitoring", "stdout"], "values": [{"value": "\n", "step": null, "ts": 1639492884.654326}]}, "version": 51}
{"obj": {"type": "LogFloats", "path": ["network", "learning_rate"], "values": [{"value": 0.0676000000000002, "step": null, "ts": 1639492884.654326}]}, "version": 52}
{"obj": {"type": "LogFloats", "path": ["network", "train_loss"], "values": [{"value": 0.08276146203279496, "step": null, "ts": 1639492885.7933595}]}, "version": 53}
{"obj": {"type": "LogStrings", "path": ["monitoring", "stdout"], "values": [{"value": "test count:", "step": null, "ts": 1639492885.95951}]}, "version": 54}
{"obj": {"type": "LogStrings", "path": ["monitoring", "stdout"], "values": [{"value": " ", "step": null, "ts": 1639492885.95951}]}, "version": 55}
{"obj": {"type": "LogStrings", "path": ["monitoring", "stdout"], "values": [{"value": "1", "step": null, "ts": 1639492885.95951}]}, "version": 56}
{"obj": {"type": "LogStrings", "path": ["monitoring", "stdout"], "values": [{"value": "\n", "step": null, "ts": 1639492885.95951}]}, "version": 57}
{"obj": {"type": "LogFloats", "path": ["network", "validation_acc_per_pic"], "values": [{"value": 0.5023166666666666, "step": null, "ts": 1639492886.037581}]}, "version": 58}
{"obj": {"type": "LogFloats", "path": ["network", "validation_loss"], "values": [{"value": 0.08411653339862823, "step": null, "ts": 1639492886.037581}]}, "version": 59}
{"obj": {"type": "LogStrings", "path": ["monitoring", "stdout"], "values": [{"value": "Training epoch 3", "step": null, "ts": 1639492886.038582}]}, "version": 60}
{"obj": {"type": "LogStrings", "path": ["monitoring", "stdout"], "values": [{"value": "\n", "step": null, "ts": 1639492886.038582}]}, "version": 61}
{"obj": {"type": "LogFloats", "path": ["network", "learning_rate"], "values": [{"value": 0.10090000000000009, "step": null, "ts": 1639492886.038582}]}, "version": 62}
{"obj": {"type": "LogFloats", "path": ["network", "train_loss"], "values": [{"value": 0.06301283985376357, "step": null, "ts": 1639492887.179617}]}, "version": 63}
{"obj": {"type": "LogStrings", "path": ["monitoring", "stdout"], "values": [{"value": "test count:", "step": null, "ts": 1639492887.3377604}]}, "version": 64}
{"obj": {"type": "LogStrings", "path": ["monitoring", "stdout"], "values": [{"value": " ", "step": null, "ts": 1639492887.3377604}]}, "version": 65}
{"obj": {"type": "LogStrings", "path": ["monitoring", "stdout"], "values": [{"value": "1", "step": null, "ts": 1639492887.3377604}]}, "version": 66}
{"obj": {"type": "LogStrings", "path": ["monitoring", "stdout"], "values": [{"value": "\n", "step": null, "ts": 1639492887.3377604}]}, "version": 67}
{"obj": {"type": "LogFloats", "path": ["network", "validation_acc_per_pic"], "values": [{"value": 0.5273083333333334, "step": null, "ts": 1639492887.4158318}]}, "version": 68}
{"obj": {"type": "LogFloats", "path": ["network", "validation_loss"], "values": [{"value": 0.07720203697681427, "step": null, "ts": 1639492887.4158318}]}, "version": 69}
{"obj": {"type": "LogStrings", "path": ["monitoring", "stdout"], "values": [{"value": "Training epoch 4", "step": null, "ts": 1639492887.4158318}]}, "version": 70}
{"obj": {"type": "LogStrings", "path": ["monitoring", "stdout"], "values": [{"value": "\n", "step": null, "ts": 1639492887.4168327}]}, "version": 71}
{"obj": {"type": "LogFloats", "path": ["network", "learning_rate"], "values": [{"value": 0.13419999999999996, "step": null, "ts": 1639492887.4168327}]}, "version": 72}
{"obj": {"type": "LogFloats", "path": ["network", "train_loss"], "values": [{"value": 0.044095467403531076, "step": null, "ts": 1639492888.557487}]}, "version": 73}
{"obj": {"type": "LogStrings", "path": ["monitoring", "stdout"], "values": [{"value": "test count:", "step": null, "ts": 1639492888.7137995}]}, "version": 74}
{"obj": {"type": "LogStrings", "path": ["monitoring", "stdout"], "values": [{"value": " ", "step": null, "ts": 1639492888.7137995}]}, "version": 75}
{"obj": {"type": "LogStrings", "path": ["monitoring", "stdout"], "values": [{"value": "1", "step": null, "ts": 1639492888.7137995}]}, "version": 76}
{"obj": {"type": "LogStrings", "path": ["monitoring", "stdout"], "values": [{"value": "\n", "step": null, "ts": 1639492888.7148004}]}, "version": 77}
{"obj": {"type": "LogFloats", "path": ["network", "validation_acc_per_pic"], "values": [{"value": 0.58225, "step": null, "ts": 1639492888.791874}]}, "version": 78}
{"obj": {"type": "LogFloats", "path": ["network", "validation_loss"], "values": [{"value": 0.06526005268096924, "step": null, "ts": 1639492888.791874}]}, "version": 79}
{"obj": {"type": "LogStrings", "path": ["monitoring", "stdout"], "values": [{"value": "Training epoch 5", "step": null, "ts": 1639492888.7928748}]}, "version": 80}
{"obj": {"type": "LogStrings", "path": ["monitoring", "stdout"], "values": [{"value": "\n", "step": null, "ts": 1639492888.7928748}]}, "version": 81}
{"obj": {"type": "LogFloats", "path": ["network", "learning_rate"], "values": [{"value": 0.16749999999999984, "step": null, "ts": 1639492888.7928748}]}, "version": 82}
{"obj": {"type": "LogFloats", "path": ["network", "train_loss"], "values": [{"value": 0.030401625856757163, "step": null, "ts": 1639492889.9316928}]}, "version": 83}
{"obj": {"type": "LogStrings", "path": ["monitoring", "stdout"], "values": [{"value": "test count:", "step": null, "ts": 1639492890.0828426}]}, "version": 84}
{"obj": {"type": "LogStrings", "path": ["monitoring", "stdout"], "values": [{"value": " ", "step": null, "ts": 1639492890.0828426}]}, "version": 85}
{"obj": {"type": "LogStrings", "path": ["monitoring", "stdout"], "values": [{"value": "1", "step": null, "ts": 1639492890.0828426}]}, "version": 86}
{"obj": {"type": "LogStrings", "path": ["monitoring", "stdout"], "values": [{"value": "\n", "step": null, "ts": 1639492890.0828426}]}, "version": 87}
{"obj": {"type": "LogFloats", "path": ["monitoring", "cpu"], "values": [{"value": 41.9, "step": null, "ts": 1639492890.1438787}]}, "version": 88}
{"obj": {"type": "LogFloats", "path": ["monitoring", "memory"], "values": [{"value": 8.302074432373047, "step": null, "ts": 1639492890.1438787}]}, "version": 89}
{"obj": {"type": "LogFloats", "path": ["monitoring", "gpu"], "values": [{"value": 73.0, "step": null, "ts": 1639492890.1438787}]}, "version": 90}
{"obj": {"type": "LogFloats", "path": ["monitoring", "gpu_memory"], "values": [{"value": 2.660308837890625, "step": null, "ts": 1639492890.1438787}]}, "version": 91}
{"obj": {"type": "LogFloats", "path": ["network", "validation_acc_per_pic"], "values": [{"value": 0.7040666666666666, "step": null, "ts": 1639492890.1608963}]}, "version": 92}
{"obj": {"type": "LogFloats", "path": ["network", "validation_loss"], "values": [{"value": 0.050718728452920914, "step": null, "ts": 1639492890.1608963}]}, "version": 93}
{"obj": {"type": "LogStrings", "path": ["monitoring", "stdout"], "values": [{"value": "Training epoch 6", "step": null, "ts": 1639492890.1608963}]}, "version": 94}
{"obj": {"type": "LogStrings", "path": ["monitoring", "stdout"], "values": [{"value": "\n", "step": null, "ts": 1639492890.1608963}]}, "version": 95}
{"obj": {"type": "LogFloats", "path": ["network", "learning_rate"], "values": [{"value": 0.20080000000000017, "step": null, "ts": 1639492890.1608963}]}, "version": 96}
{"obj": {"type": "LogFloats", "path": ["network", "train_loss"], "values": [{"value": 0.030026039481163024, "step": null, "ts": 1639492891.2999067}]}, "version": 97}
{"obj": {"type": "LogStrings", "path": ["monitoring", "stdout"], "values": [{"value": "test count:", "step": null, "ts": 1639492891.4550474}]}, "version": 98}
{"obj": {"type": "LogStrings", "path": ["monitoring", "stdout"], "values": [{"value": " ", "step": null, "ts": 1639492891.4550474}]}, "version": 99}
{"obj": {"type": "LogStrings", "path": ["monitoring", "stdout"], "values": [{"value": "1", "step": null, "ts": 1639492891.4550474}]}, "version": 100}
{"obj": {"type": "LogStrings", "path": ["monitoring", "stdout"], "values": [{"value": "\n", "step": null, "ts": 1639492891.4550474}]}, "version": 101}
{"obj": {"type": "LogFloats", "path": ["network", "validation_acc_per_pic"], "values": [{"value": 0.633175, "step": null, "ts": 1639492891.5331187}]}, "version": 102}
{"obj": {"type": "LogFloats", "path": ["network", "validation_loss"], "values": [{"value": 0.06008315831422806, "step": null, "ts": 1639492891.5331187}]}, "version": 103}
{"obj": {"type": "LogStrings", "path": ["monitoring", "stdout"], "values": [{"value": "Training epoch 7", "step": null, "ts": 1639492891.5331187}]}, "version": 104}
{"obj": {"type": "LogStrings", "path": ["monitoring", "stdout"], "values": [{"value": "\n", "step": null, "ts": 1639492891.5341198}]}, "version": 105}
{"obj": {"type": "LogFloats", "path": ["network", "learning_rate"], "values": [{"value": 0.23410000000000006, "step": null, "ts": 1639492891.5341198}]}, "version": 106}
{"obj": {"type": "LogFloats", "path": ["network", "train_loss"], "values": [{"value": 0.026466750539839268, "step": null, "ts": 1639492892.6721518}]}, "version": 107}
{"obj": {"type": "LogStrings", "path": ["monitoring", "stdout"], "values": [{"value": "test count:", "step": null, "ts": 1639492892.8252907}]}, "version": 108}
{"obj": {"type": "LogStrings", "path": ["monitoring", "stdout"], "values": [{"value": " ", "step": null, "ts": 1639492892.8252907}]}, "version": 109}
{"obj": {"type": "LogStrings", "path": ["monitoring", "stdout"], "values": [{"value": "1", "step": null, "ts": 1639492892.8262918}]}, "version": 110}
{"obj": {"type": "LogStrings", "path": ["monitoring", "stdout"], "values": [{"value": "\n", "step": null, "ts": 1639492892.8262918}]}, "version": 111}
{"obj": {"type": "LogFloats", "path": ["network", "validation_acc_per_pic"], "values": [{"value": 0.6038333333333333, "step": null, "ts": 1639492892.9043636}]}, "version": 112}
{"obj": {"type": "LogFloats", "path": ["network", "validation_loss"], "values": [{"value": 0.0660705715417862, "step": null, "ts": 1639492892.9043636}]}, "version": 113}
{"obj": {"type": "LogStrings", "path": ["monitoring", "stdout"], "values": [{"value": "Training epoch 8", "step": null, "ts": 1639492892.9043636}]}, "version": 114}
{"obj": {"type": "LogStrings", "path": ["monitoring", "stdout"], "values": [{"value": "\n", "step": null, "ts": 1639492892.9043636}]}, "version": 115}
{"obj": {"type": "LogFloats", "path": ["network", "learning_rate"], "values": [{"value": 0.2673999999999999, "step": null, "ts": 1639492892.9043636}]}, "version": 116}
{"obj": {"type": "LogFloats", "path": ["network", "train_loss"], "values": [{"value": 0.029556701146066188, "step": null, "ts": 1639492894.0501688}]}, "version": 117}
{"obj": {"type": "LogStrings", "path": ["monitoring", "stdout"], "values": [{"value": "test count:", "step": null, "ts": 1639492894.2043085}]}, "version": 118}
{"obj": {"type": "LogStrings", "path": ["monitoring", "stdout"], "values": [{"value": " ", "step": null, "ts": 1639492894.2043085}]}, "version": 119}
{"obj": {"type": "LogStrings", "path": ["monitoring", "stdout"], "values": [{"value": "1", "step": null, "ts": 1639492894.2043085}]}, "version": 120}
{"obj": {"type": "LogStrings", "path": ["monitoring", "stdout"], "values": [{"value": "\n", "step": null, "ts": 1639492894.2043085}]}, "version": 121}
{"obj": {"type": "LogFloats", "path": ["network", "validation_acc_per_pic"], "values": [{"value": 0.642525, "step": null, "ts": 1639492894.282379}]}, "version": 122}
{"obj": {"type": "LogFloats", "path": ["network", "validation_loss"], "values": [{"value": 0.059520550072193146, "step": null, "ts": 1639492894.282379}]}, "version": 123}
{"obj": {"type": "LogStrings", "path": ["monitoring", "stdout"], "values": [{"value": "Training epoch 9", "step": null, "ts": 1639492894.2833803}]}, "version": 124}
{"obj": {"type": "LogStrings", "path": ["monitoring", "stdout"], "values": [{"value": "\n", "step": null, "ts": 1639492894.2833803}]}, "version": 125}
{"obj": {"type": "LogFloats", "path": ["network", "learning_rate"], "values": [{"value": 0.3006999999999998, "step": null, "ts": 1639492894.2833803}]}, "version": 126}
{"obj": {"type": "LogFloats", "path": ["network", "train_loss"], "values": [{"value": 0.031105529889464377, "step": null, "ts": 1639492895.421803}]}, "version": 127}
{"obj": {"type": "LogStrings", "path": ["monitoring", "stdout"], "values": [{"value": "test count:", "step": null, "ts": 1639492895.5769444}]}, "version": 128}
{"obj": {"type": "LogStrings", "path": ["monitoring", "stdout"], "values": [{"value": " ", "step": null, "ts": 1639492895.5769444}]}, "version": 129}
{"obj": {"type": "LogStrings", "path": ["monitoring", "stdout"], "values": [{"value": "1", "step": null, "ts": 1639492895.577946}]}, "version": 130}
{"obj": {"type": "LogStrings", "path": ["monitoring", "stdout"], "values": [{"value": "\n", "step": null, "ts": 1639492895.577946}]}, "version": 131}
{"obj": {"type": "LogFloats", "path": ["network", "validation_acc_per_pic"], "values": [{"value": 0.5078166666666667, "step": null, "ts": 1639492895.6550148}]}, "version": 132}
{"obj": {"type": "LogFloats", "path": ["network", "validation_loss"], "values": [{"value": 0.0785238966345787, "step": null, "ts": 1639492895.6550148}]}, "version": 133}
{"obj": {"type": "LogStrings", "path": ["monitoring", "stdout"], "values": [{"value": "Training epoch 10", "step": null, "ts": 1639492895.6550148}]}, "version": 134}
{"obj": {"type": "LogStrings", "path": ["monitoring", "stdout"], "values": [{"value": "\n", "step": null, "ts": 1639492895.6560156}]}, "version": 135}
{"obj": {"type": "LogFloats", "path": ["network", "learning_rate"], "values": [{"value": 0.33400000000000013, "step": null, "ts": 1639492895.6560156}]}, "version": 136}
{"obj": {"type": "LogFloats", "path": ["network", "train_loss"], "values": [{"value": 0.029131868667900563, "step": null, "ts": 1639492896.800037}]}, "version": 137}
{"obj": {"type": "LogStrings", "path": ["monitoring", "stdout"], "values": [{"value": "test count:", "step": null, "ts": 1639492896.953176}]}, "version": 138}
{"obj": {"type": "LogStrings", "path": ["monitoring", "stdout"], "values": [{"value": " ", "step": null, "ts": 1639492896.953176}]}, "version": 139}
{"obj": {"type": "LogStrings", "path": ["monitoring", "stdout"], "values": [{"value": "1", "step": null, "ts": 1639492896.953176}]}, "version": 140}
{"obj": {"type": "LogStrings", "path": ["monitoring", "stdout"], "values": [{"value": "\n", "step": null, "ts": 1639492896.953176}]}, "version": 141}
{"obj": {"type": "LogFloats", "path": ["network", "validation_acc_per_pic"], "values": [{"value": 0.6086666666666667, "step": null, "ts": 1639492897.0322483}]}, "version": 142}
{"obj": {"type": "LogFloats", "path": ["network", "validation_loss"], "values": [{"value": 0.062010228633880615, "step": null, "ts": 1639492897.0322483}]}, "version": 143}
{"obj": {"type": "LogStrings", "path": ["monitoring", "stdout"], "values": [{"value": "Training epoch 11", "step": null, "ts": 1639492897.0322483}]}, "version": 144}
{"obj": {"type": "LogStrings", "path": ["monitoring", "stdout"], "values": [{"value": "\n", "step": null, "ts": 1639492897.0332491}]}, "version": 145}
{"obj": {"type": "LogFloats", "path": ["network", "learning_rate"], "values": [{"value": 0.3673, "step": null, "ts": 1639492897.0332491}]}, "version": 146}
{"obj": {"type": "LogFloats", "path": ["network", "train_loss"], "values": [{"value": 0.022241108305752277, "step": null, "ts": 1639492898.1716979}]}, "version": 147}
{"obj": {"type": "LogStrings", "path": ["monitoring", "stdout"], "values": [{"value": "test count:", "step": null, "ts": 1639492898.329635}]}, "version": 148}
{"obj": {"type": "LogStrings", "path": ["monitoring", "stdout"], "values": [{"value": " ", "step": null, "ts": 1639492898.329635}]}, "version": 149}
{"obj": {"type": "LogStrings", "path": ["monitoring", "stdout"], "values": [{"value": "1", "step": null, "ts": 1639492898.3306355}]}, "version": 150}
{"obj": {"type": "LogStrings", "path": ["monitoring", "stdout"], "values": [{"value": "\n", "step": null, "ts": 1639492898.3306355}]}, "version": 151}
{"obj": {"type": "LogFloats", "path": ["network", "validation_acc_per_pic"], "values": [{"value": 0.5664083333333333, "step": null, "ts": 1639492898.4086838}]}, "version": 152}
{"obj": {"type": "LogFloats", "path": ["network", "validation_loss"], "values": [{"value": 0.06679485738277435, "step": null, "ts": 1639492898.4086838}]}, "version": 153}
{"obj": {"type": "LogStrings", "path": ["monitoring", "stdout"], "values": [{"value": "Training epoch 12", "step": null, "ts": 1639492898.4086838}]}, "version": 154}
{"obj": {"type": "LogStrings", "path": ["monitoring", "stdout"], "values": [{"value": "\n", "step": null, "ts": 1639492898.409677}]}, "version": 155}
{"obj": {"type": "LogFloats", "path": ["network", "learning_rate"], "values": [{"value": 0.4005999999999999, "step": null, "ts": 1639492898.409677}]}, "version": 156}
{"obj": {"type": "LogFloats", "path": ["network", "train_loss"], "values": [{"value": 0.018171420320868492, "step": null, "ts": 1639492899.5446756}]}, "version": 157}
{"obj": {"type": "LogStrings", "path": ["monitoring", "stdout"], "values": [{"value": "test count:", "step": null, "ts": 1639492899.699818}]}, "version": 158}
{"obj": {"type": "LogStrings", "path": ["monitoring", "stdout"], "values": [{"value": " ", "step": null, "ts": 1639492899.699818}]}, "version": 159}
{"obj": {"type": "LogStrings", "path": ["monitoring", "stdout"], "values": [{"value": "1", "step": null, "ts": 1639492899.7008173}]}, "version": 160}
{"obj": {"type": "LogStrings", "path": ["monitoring", "stdout"], "values": [{"value": "\n", "step": null, "ts": 1639492899.7008173}]}, "version": 161}
{"obj": {"type": "LogFloats", "path": ["network", "validation_acc_per_pic"], "values": [{"value": 0.6004, "step": null, "ts": 1639492899.7788882}]}, "version": 162}
{"obj": {"type": "LogFloats", "path": ["network", "validation_loss"], "values": [{"value": 0.06753475219011307, "step": null, "ts": 1639492899.7788882}]}, "version": 163}
{"obj": {"type": "LogStrings", "path": ["monitoring", "stdout"], "values": [{"value": "Training epoch 13", "step": null, "ts": 1639492899.7788882}]}, "version": 164}
{"obj": {"type": "LogStrings", "path": ["monitoring", "stdout"], "values": [{"value": "\n", "step": null, "ts": 1639492899.7788882}]}, "version": 165}
{"obj": {"type": "LogFloats", "path": ["network", "learning_rate"], "values": [{"value": 0.43390000000000023, "step": null, "ts": 1639492899.7788882}]}, "version": 166}
{"obj": {"type": "LogFloats", "path": ["monitoring", "cpu"], "values": [{"value": 49.0, "step": null, "ts": 1639492900.1592329}]}, "version": 167}
{"obj": {"type": "LogFloats", "path": ["monitoring", "memory"], "values": [{"value": 8.300006866455078, "step": null, "ts": 1639492900.1592329}]}, "version": 168}
{"obj": {"type": "LogFloats", "path": ["monitoring", "gpu"], "values": [{"value": 79.0, "step": null, "ts": 1639492900.1592329}]}, "version": 169}
{"obj": {"type": "LogFloats", "path": ["monitoring", "gpu_memory"], "values": [{"value": 2.660308837890625, "step": null, "ts": 1639492900.1592329}]}, "version": 170}
{"obj": {"type": "LogFloats", "path": ["network", "train_loss"], "values": [{"value": 0.018587087839841844, "step": null, "ts": 1639492900.930933}]}, "version": 171}
{"obj": {"type": "LogStrings", "path": ["monitoring", "stdout"], "values": [{"value": "test count:", "step": null, "ts": 1639492901.0860746}]}, "version": 172}
{"obj": {"type": "LogStrings", "path": ["monitoring", "stdout"], "values": [{"value": " ", "step": null, "ts": 1639492901.0870755}]}, "version": 173}
{"obj": {"type": "LogStrings", "path": ["monitoring", "stdout"], "values": [{"value": "1", "step": null, "ts": 1639492901.0870755}]}, "version": 174}
{"obj": {"type": "LogStrings", "path": ["monitoring", "stdout"], "values": [{"value": "\n", "step": null, "ts": 1639492901.0870755}]}, "version": 175}
{"obj": {"type": "LogFloats", "path": ["network", "validation_acc_per_pic"], "values": [{"value": 0.6134083333333333, "step": null, "ts": 1639492901.164145}]}, "version": 176}
{"obj": {"type": "LogFloats", "path": ["network", "validation_loss"], "values": [{"value": 0.06701342016458511, "step": null, "ts": 1639492901.1651459}]}, "version": 177}
{"obj": {"type": "LogStrings", "path": ["monitoring", "stdout"], "values": [{"value": "Training epoch 14", "step": null, "ts": 1639492901.1651459}]}, "version": 178}
{"obj": {"type": "LogStrings", "path": ["monitoring", "stdout"], "values": [{"value": "\n", "step": null, "ts": 1639492901.1651459}]}, "version": 179}
{"obj": {"type": "LogFloats", "path": ["network", "learning_rate"], "values": [{"value": 0.4672000000000001, "step": null, "ts": 1639492901.1651459}]}, "version": 180}
{"obj": {"type": "LogFloats", "path": ["network", "train_loss"], "values": [{"value": 0.023927133344113827, "step": null, "ts": 1639492902.3181922}]}, "version": 181}
{"obj": {"type": "LogStrings", "path": ["monitoring", "stdout"], "values": [{"value": "test count:", "step": null, "ts": 1639492902.4863453}]}, "version": 182}
{"obj": {"type": "LogStrings", "path": ["monitoring", "stdout"], "values": [{"value": " ", "step": null, "ts": 1639492902.4863453}]}, "version": 183}
{"obj": {"type": "LogStrings", "path": ["monitoring", "stdout"], "values": [{"value": "1", "step": null, "ts": 1639492902.4863453}]}, "version": 184}
{"obj": {"type": "LogStrings", "path": ["monitoring", "stdout"], "values": [{"value": "\n", "step": null, "ts": 1639492902.4863453}]}, "version": 185}
{"obj": {"type": "LogFloats", "path": ["network", "validation_acc_per_pic"], "values": [{"value": 0.6201833333333333, "step": null, "ts": 1639492902.5654163}]}, "version": 186}
{"obj": {"type": "LogFloats", "path": ["network", "validation_loss"], "values": [{"value": 0.06569690257310867, "step": null, "ts": 1639492902.5654163}]}, "version": 187}
{"obj": {"type": "LogStrings", "path": ["monitoring", "stdout"], "values": [{"value": "Training epoch 15", "step": null, "ts": 1639492902.5654163}]}, "version": 188}
{"obj": {"type": "LogStrings", "path": ["monitoring", "stdout"], "values": [{"value": "\n", "step": null, "ts": 1639492902.5654163}]}, "version": 189}
{"obj": {"type": "LogFloats", "path": ["network", "learning_rate"], "values": [{"value": 0.5005, "step": null, "ts": 1639492902.5664172}]}, "version": 190}
{"obj": {"type": "LogFloats", "path": ["network", "train_loss"], "values": [{"value": 0.028963020257651805, "step": null, "ts": 1639492903.7294729}]}, "version": 191}
{"obj": {"type": "LogStrings", "path": ["monitoring", "stdout"], "values": [{"value": "test count:", "step": null, "ts": 1639492903.8906212}]}, "version": 192}
{"obj": {"type": "LogStrings", "path": ["monitoring", "stdout"], "values": [{"value": " ", "step": null, "ts": 1639492903.8906212}]}, "version": 193}
{"obj": {"type": "LogStrings", "path": ["monitoring", "stdout"], "values": [{"value": "1", "step": null, "ts": 1639492903.8906212}]}, "version": 194}
{"obj": {"type": "LogStrings", "path": ["monitoring", "stdout"], "values": [{"value": "\n", "step": null, "ts": 1639492903.8906212}]}, "version": 195}
{"obj": {"type": "LogFloats", "path": ["network", "validation_acc_per_pic"], "values": [{"value": 0.6323583333333334, "step": null, "ts": 1639492903.9716926}]}, "version": 196}
{"obj": {"type": "LogFloats", "path": ["network", "validation_loss"], "values": [{"value": 0.06029882654547691, "step": null, "ts": 1639492903.9716926}]}, "version": 197}
{"obj": {"type": "LogStrings", "path": ["monitoring", "stdout"], "values": [{"value": "Training epoch 16", "step": null, "ts": 1639492903.9716926}]}, "version": 198}
{"obj": {"type": "LogStrings", "path": ["monitoring", "stdout"], "values": [{"value": "\n", "step": null, "ts": 1639492903.9716926}]}, "version": 199}
{"obj": {"type": "LogFloats", "path": ["network", "learning_rate"], "values": [{"value": 0.5337999999999998, "step": null, "ts": 1639492903.9716926}]}, "version": 200}
{"obj": {"type": "LogFloats", "path": ["network", "train_loss"], "values": [{"value": 0.02221314013004303, "step": null, "ts": 1639492905.1297436}]}, "version": 201}
{"obj": {"type": "LogStrings", "path": ["monitoring", "stdout"], "values": [{"value": "test count:", "step": null, "ts": 1639492905.2898893}]}, "version": 202}
{"obj": {"type": "LogStrings", "path": ["monitoring", "stdout"], "values": [{"value": " ", "step": null, "ts": 1639492905.2898893}]}, "version": 203}
{"obj": {"type": "LogStrings", "path": ["monitoring", "stdout"], "values": [{"value": "1", "step": null, "ts": 1639492905.2898893}]}, "version": 204}
{"obj": {"type": "LogStrings", "path": ["monitoring", "stdout"], "values": [{"value": "\n", "step": null, "ts": 1639492905.2898893}]}, "version": 205}
{"obj": {"type": "LogFloats", "path": ["network", "validation_acc_per_pic"], "values": [{"value": 0.626375, "step": null, "ts": 1639492905.3689616}]}, "version": 206}
{"obj": {"type": "LogFloats", "path": ["network", "validation_loss"], "values": [{"value": 0.06204931065440178, "step": null, "ts": 1639492905.3689616}]}, "version": 207}
{"obj": {"type": "LogStrings", "path": ["monitoring", "stdout"], "values": [{"value": "Training epoch 17", "step": null, "ts": 1639492905.3699615}]}, "version": 208}
{"obj": {"type": "LogStrings", "path": ["monitoring", "stdout"], "values": [{"value": "\n", "step": null, "ts": 1639492905.3699615}]}, "version": 209}
{"obj": {"type": "LogFloats", "path": ["network", "learning_rate"], "values": [{"value": 0.5670999999999997, "step": null, "ts": 1639492905.3699615}]}, "version": 210}
{"obj": {"type": "LogFloats", "path": ["network", "train_loss"], "values": [{"value": 0.01865084208548069, "step": null, "ts": 1639492906.5144298}]}, "version": 211}
{"obj": {"type": "LogStrings", "path": ["monitoring", "stdout"], "values": [{"value": "test count:", "step": null, "ts": 1639492906.667569}]}, "version": 212}
{"obj": {"type": "LogStrings", "path": ["monitoring", "stdout"], "values": [{"value": " ", "step": null, "ts": 1639492906.667569}]}, "version": 213}
{"obj": {"type": "LogStrings", "path": ["monitoring", "stdout"], "values": [{"value": "1", "step": null, "ts": 1639492906.667569}]}, "version": 214}
{"obj": {"type": "LogStrings", "path": ["monitoring", "stdout"], "values": [{"value": "\n", "step": null, "ts": 1639492906.667569}]}, "version": 215}
{"obj": {"type": "LogFloats", "path": ["network", "validation_acc_per_pic"], "values": [{"value": 0.6264833333333333, "step": null, "ts": 1639492906.7466407}]}, "version": 216}
{"obj": {"type": "LogFloats", "path": ["network", "validation_loss"], "values": [{"value": 0.06587547063827515, "step": null, "ts": 1639492906.7466407}]}, "version": 217}
{"obj": {"type": "LogStrings", "path": ["monitoring", "stdout"], "values": [{"value": "Training epoch 18", "step": null, "ts": 1639492906.7466407}]}, "version": 218}
{"obj": {"type": "LogStrings", "path": ["monitoring", "stdout"], "values": [{"value": "\n", "step": null, "ts": 1639492906.7466407}]}, "version": 219}
{"obj": {"type": "LogFloats", "path": ["network", "learning_rate"], "values": [{"value": 0.6004, "step": null, "ts": 1639492906.7476413}]}, "version": 220}
{"obj": {"type": "LogFloats", "path": ["network", "train_loss"], "values": [{"value": 0.017711366526782513, "step": null, "ts": 1639492907.8985116}]}, "version": 221}
{"obj": {"type": "LogStrings", "path": ["monitoring", "stdout"], "values": [{"value": "test count:", "step": null, "ts": 1639492908.057657}]}, "version": 222}
{"obj": {"type": "LogStrings", "path": ["monitoring", "stdout"], "values": [{"value": " ", "step": null, "ts": 1639492908.057657}]}, "version": 223}
{"obj": {"type": "LogStrings", "path": ["monitoring", "stdout"], "values": [{"value": "1", "step": null, "ts": 1639492908.0586581}]}, "version": 224}
{"obj": {"type": "LogStrings", "path": ["monitoring", "stdout"], "values": [{"value": "\n", "step": null, "ts": 1639492908.0586581}]}, "version": 225}
{"obj": {"type": "LogFloats", "path": ["network", "validation_acc_per_pic"], "values": [{"value": 0.5962666666666666, "step": null, "ts": 1639492908.1367285}]}, "version": 226}
{"obj": {"type": "LogFloats", "path": ["network", "validation_loss"], "values": [{"value": 0.06876868009567261, "step": null, "ts": 1639492908.1367285}]}, "version": 227}
{"obj": {"type": "LogStrings", "path": ["monitoring", "stdout"], "values": [{"value": "Training epoch 19", "step": null, "ts": 1639492908.1367285}]}, "version": 228}
{"obj": {"type": "LogStrings", "path": ["monitoring", "stdout"], "values": [{"value": "\n", "step": null, "ts": 1639492908.1367285}]}, "version": 229}
{"obj": {"type": "LogFloats", "path": ["network", "learning_rate"], "values": [{"value": 0.6336999999999999, "step": null, "ts": 1639492908.1367285}]}, "version": 230}
{"obj": {"type": "LogFloats", "path": ["network", "train_loss"], "values": [{"value": 0.015760661289095878, "step": null, "ts": 1639492909.2877731}]}, "version": 231}
{"obj": {"type": "LogStrings", "path": ["monitoring", "stdout"], "values": [{"value": "test count:", "step": null, "ts": 1639492909.4469175}]}, "version": 232}
{"obj": {"type": "LogStrings", "path": ["monitoring", "stdout"], "values": [{"value": " ", "step": null, "ts": 1639492909.4469175}]}, "version": 233}
{"obj": {"type": "LogStrings", "path": ["monitoring", "stdout"], "values": [{"value": "1", "step": null, "ts": 1639492909.4469175}]}, "version": 234}
{"obj": {"type": "LogStrings", "path": ["monitoring", "stdout"], "values": [{"value": "\n", "step": null, "ts": 1639492909.4479184}]}, "version": 235}
{"obj": {"type": "LogFloats", "path": ["network", "validation_acc_per_pic"], "values": [{"value": 0.6229916666666667, "step": null, "ts": 1639492909.5259888}]}, "version": 236}
{"obj": {"type": "LogFloats", "path": ["network", "validation_loss"], "values": [{"value": 0.06659923493862152, "step": null, "ts": 1639492909.5259888}]}, "version": 237}
{"obj": {"type": "LogStrings", "path": ["monitoring", "stdout"], "values": [{"value": "Training epoch 20", "step": null, "ts": 1639492909.5259888}]}, "version": 238}
{"obj": {"type": "LogStrings", "path": ["monitoring", "stdout"], "values": [{"value": "\n", "step": null, "ts": 1639492909.5259888}]}, "version": 239}
{"obj": {"type": "LogFloats", "path": ["network", "learning_rate"], "values": [{"value": 0.6669999999999998, "step": null, "ts": 1639492909.5259888}]}, "version": 240}
{"obj": {"type": "LogFloats", "path": ["monitoring", "cpu"], "values": [{"value": 53.3, "step": null, "ts": 1639492910.1665702}]}, "version": 241}
{"obj": {"type": "LogFloats", "path": ["monitoring", "memory"], "values": [{"value": 8.353721618652344, "step": null, "ts": 1639492910.1665702}]}, "version": 242}
{"obj": {"type": "LogFloats", "path": ["monitoring", "gpu"], "values": [{"value": 71.0, "step": null, "ts": 1639492910.1665702}]}, "version": 243}
{"obj": {"type": "LogFloats", "path": ["monitoring", "gpu_memory"], "values": [{"value": 2.660308837890625, "step": null, "ts": 1639492910.1665702}]}, "version": 244}
{"obj": {"type": "LogFloats", "path": ["network", "train_loss"], "values": [{"value": 0.015696931071579455, "step": null, "ts": 1639492910.6790361}]}, "version": 245}
{"obj": {"type": "LogStrings", "path": ["monitoring", "stdout"], "values": [{"value": "test count:", "step": null, "ts": 1639492910.8331757}]}, "version": 246}
{"obj": {"type": "LogStrings", "path": ["monitoring", "stdout"], "values": [{"value": " ", "step": null, "ts": 1639492910.8331757}]}, "version": 247}
{"obj": {"type": "LogStrings", "path": ["monitoring", "stdout"], "values": [{"value": "1", "step": null, "ts": 1639492910.8331757}]}, "version": 248}
{"obj": {"type": "LogStrings", "path": ["monitoring", "stdout"], "values": [{"value": "\n", "step": null, "ts": 1639492910.8331757}]}, "version": 249}
{"obj": {"type": "LogFloats", "path": ["network", "validation_acc_per_pic"], "values": [{"value": 0.6803666666666667, "step": null, "ts": 1639492910.912247}]}, "version": 250}
{"obj": {"type": "LogFloats", "path": ["network", "validation_loss"], "values": [{"value": 0.056797001510858536, "step": null, "ts": 1639492910.912247}]}, "version": 251}
{"obj": {"type": "LogStrings", "path": ["monitoring", "stdout"], "values": [{"value": "Training epoch 21", "step": null, "ts": 1639492910.912247}]}, "version": 252}
{"obj": {"type": "LogStrings", "path": ["monitoring", "stdout"], "values": [{"value": "\n", "step": null, "ts": 1639492910.912247}]}, "version": 253}
{"obj": {"type": "LogFloats", "path": ["network", "learning_rate"], "values": [{"value": 0.7003000000000001, "step": null, "ts": 1639492910.912247}]}, "version": 254}
{"obj": {"type": "LogFloats", "path": ["network", "train_loss"], "values": [{"value": 0.014757788460701703, "step": null, "ts": 1639492912.0552845}]}, "version": 255}
{"obj": {"type": "LogStrings", "path": ["monitoring", "stdout"], "values": [{"value": "test count:", "step": null, "ts": 1639492912.2094245}]}, "version": 256}
{"obj": {"type": "LogStrings", "path": ["monitoring", "stdout"], "values": [{"value": " ", "step": null, "ts": 1639492912.2094245}]}, "version": 257}
{"obj": {"type": "LogStrings", "path": ["monitoring", "stdout"], "values": [{"value": "1", "step": null, "ts": 1639492912.2094245}]}, "version": 258}
{"obj": {"type": "LogStrings", "path": ["monitoring", "stdout"], "values": [{"value": "\n", "step": null, "ts": 1639492912.2104254}]}, "version": 259}
{"obj": {"type": "LogFloats", "path": ["network", "validation_acc_per_pic"], "values": [{"value": 0.61185, "step": null, "ts": 1639492912.2884955}]}, "version": 260}
{"obj": {"type": "LogFloats", "path": ["network", "validation_loss"], "values": [{"value": 0.06655506044626236, "step": null, "ts": 1639492912.2884955}]}, "version": 261}
{"obj": {"type": "LogStrings", "path": ["monitoring", "stdout"], "values": [{"value": "Training epoch 22", "step": null, "ts": 1639492912.2884955}]}, "version": 262}
{"obj": {"type": "LogStrings", "path": ["monitoring", "stdout"], "values": [{"value": "\n", "step": null, "ts": 1639492912.2884955}]}, "version": 263}
{"obj": {"type": "LogFloats", "path": ["network", "learning_rate"], "values": [{"value": 0.7336, "step": null, "ts": 1639492912.2884955}]}, "version": 264}
{"obj": {"type": "LogFloats", "path": ["network", "train_loss"], "values": [{"value": 0.012453232053667307, "step": null, "ts": 1639492913.435936}]}, "version": 265}
{"obj": {"type": "LogStrings", "path": ["monitoring", "stdout"], "values": [{"value": "test count:", "step": null, "ts": 1639492913.5860722}]}, "version": 266}
{"obj": {"type": "LogStrings", "path": ["monitoring", "stdout"], "values": [{"value": " ", "step": null, "ts": 1639492913.5870733}]}, "version": 267}
{"obj": {"type": "LogStrings", "path": ["monitoring", "stdout"], "values": [{"value": "1", "step": null, "ts": 1639492913.5870733}]}, "version": 268}
{"obj": {"type": "LogStrings", "path": ["monitoring", "stdout"], "values": [{"value": "\n", "step": null, "ts": 1639492913.5870733}]}, "version": 269}
{"obj": {"type": "LogFloats", "path": ["network", "validation_acc_per_pic"], "values": [{"value": 0.6205166666666667, "step": null, "ts": 1639492913.6701484}]}, "version": 270}
{"obj": {"type": "LogFloats", "path": ["network", "validation_loss"], "values": [{"value": 0.06715209037065506, "step": null, "ts": 1639492913.6701484}]}, "version": 271}
{"obj": {"type": "LogStrings", "path": ["monitoring", "stdout"], "values": [{"value": "Training epoch 23", "step": null, "ts": 1639492913.6701484}]}, "version": 272}
{"obj": {"type": "LogStrings", "path": ["monitoring", "stdout"], "values": [{"value": "\n", "step": null, "ts": 1639492913.6701484}]}, "version": 273}
{"obj": {"type": "LogFloats", "path": ["network", "learning_rate"], "values": [{"value": 0.7668999999999999, "step": null, "ts": 1639492913.6711493}]}, "version": 274}
{"obj": {"type": "LogFloats", "path": ["network", "train_loss"], "values": [{"value": 0.011786825861781836, "step": null, "ts": 1639492914.823975}]}, "version": 275}
{"obj": {"type": "LogStrings", "path": ["monitoring", "stdout"], "values": [{"value": "test count:", "step": null, "ts": 1639492914.9841197}]}, "version": 276}
{"obj": {"type": "LogStrings", "path": ["monitoring", "stdout"], "values": [{"value": " ", "step": null, "ts": 1639492914.9841197}]}, "version": 277}
{"obj": {"type": "LogStrings", "path": ["monitoring", "stdout"], "values": [{"value": "1", "step": null, "ts": 1639492914.9841197}]}, "version": 278}
{"obj": {"type": "LogStrings", "path": ["monitoring", "stdout"], "values": [{"value": "\n", "step": null, "ts": 1639492914.9841197}]}, "version": 279}
{"obj": {"type": "LogFloats", "path": ["network", "validation_acc_per_pic"], "values": [{"value": 0.594125, "step": null, "ts": 1639492915.0611904}]}, "version": 280}
{"obj": {"type": "LogFloats", "path": ["network", "validation_loss"], "values": [{"value": 0.06935739517211914, "step": null, "ts": 1639492915.0611904}]}, "version": 281}
{"obj": {"type": "LogStrings", "path": ["monitoring", "stdout"], "values": [{"value": "Training epoch 24", "step": null, "ts": 1639492915.062191}]}, "version": 282}
{"obj": {"type": "LogStrings", "path": ["monitoring", "stdout"], "values": [{"value": "\n", "step": null, "ts": 1639492915.062191}]}, "version": 283}
{"obj": {"type": "LogFloats", "path": ["network", "learning_rate"], "values": [{"value": 0.8001999999999998, "step": null, "ts": 1639492915.062191}]}, "version": 284}
{"obj": {"type": "LogFloats", "path": ["network", "train_loss"], "values": [{"value": 0.011467548552900553, "step": null, "ts": 1639492916.2132354}]}, "version": 285}
{"obj": {"type": "LogStrings", "path": ["monitoring", "stdout"], "values": [{"value": "test count:", "step": null, "ts": 1639492916.3743813}]}, "version": 286}
{"obj": {"type": "LogStrings", "path": ["monitoring", "stdout"], "values": [{"value": " ", "step": null, "ts": 1639492916.3743813}]}, "version": 287}
{"obj": {"type": "LogStrings", "path": ["monitoring", "stdout"], "values": [{"value": "1", "step": null, "ts": 1639492916.3743813}]}, "version": 288}
{"obj": {"type": "LogStrings", "path": ["monitoring", "stdout"], "values": [{"value": "\n", "step": null, "ts": 1639492916.3743813}]}, "version": 289}
{"obj": {"type": "LogFloats", "path": ["network", "validation_acc_per_pic"], "values": [{"value": 0.6437916666666667, "step": null, "ts": 1639492916.4524522}]}, "version": 290}
{"obj": {"type": "LogFloats", "path": ["network", "validation_loss"], "values": [{"value": 0.06440441310405731, "step": null, "ts": 1639492916.4524522}]}, "version": 291}
{"obj": {"type": "LogStrings", "path": ["monitoring", "stdout"], "values": [{"value": "Training epoch 25", "step": null, "ts": 1639492916.4524522}]}, "version": 292}
{"obj": {"type": "LogStrings", "path": ["monitoring", "stdout"], "values": [{"value": "\n", "step": null, "ts": 1639492916.4524522}]}, "version": 293}
{"obj": {"type": "LogFloats", "path": ["network", "learning_rate"], "values": [{"value": 0.8335000000000001, "step": null, "ts": 1639492916.4524522}]}, "version": 294}
{"obj": {"type": "LogFloats", "path": ["network", "train_loss"], "values": [{"value": 0.01121730227023363, "step": null, "ts": 1639492917.6075008}]}, "version": 295}
{"obj": {"type": "LogStrings", "path": ["monitoring", "stdout"], "values": [{"value": "test count:", "step": null, "ts": 1639492917.764643}]}, "version": 296}
{"obj": {"type": "LogStrings", "path": ["monitoring", "stdout"], "values": [{"value": " ", "step": null, "ts": 1639492917.764643}]}, "version": 297}
{"obj": {"type": "LogStrings", "path": ["monitoring", "stdout"], "values": [{"value": "1", "step": null, "ts": 1639492917.764643}]}, "version": 298}
{"obj": {"type": "LogStrings", "path": ["monitoring", "stdout"], "values": [{"value": "\n", "step": null, "ts": 1639492917.764643}]}, "version": 299}
{"obj": {"type": "LogFloats", "path": ["network", "validation_acc_per_pic"], "values": [{"value": 0.6284166666666666, "step": null, "ts": 1639492917.8437145}]}, "version": 300}
{"obj": {"type": "LogFloats", "path": ["network", "validation_loss"], "values": [{"value": 0.06599663197994232, "step": null, "ts": 1639492917.8437145}]}, "version": 301}
{"obj": {"type": "LogStrings", "path": ["monitoring", "stdout"], "values": [{"value": "Training epoch 26", "step": null, "ts": 1639492917.8447168}]}, "version": 302}
{"obj": {"type": "LogStrings", "path": ["monitoring", "stdout"], "values": [{"value": "\n", "step": null, "ts": 1639492917.8447168}]}, "version": 303}
{"obj": {"type": "LogFloats", "path": ["network", "learning_rate"], "values": [{"value": 0.8668, "step": null, "ts": 1639492917.8447168}]}, "version": 304}
{"obj": {"type": "LogFloats", "path": ["network", "train_loss"], "values": [{"value": 0.010512028820812702, "step": null, "ts": 1639492918.993759}]}, "version": 305}
{"obj": {"type": "LogStrings", "path": ["monitoring", "stdout"], "values": [{"value": "test count:", "step": null, "ts": 1639492919.151903}]}, "version": 306}
{"obj": {"type": "LogStrings", "path": ["monitoring", "stdout"], "values": [{"value": " ", "step": null, "ts": 1639492919.151903}]}, "version": 307}
{"obj": {"type": "LogStrings", "path": ["monitoring", "stdout"], "values": [{"value": "1", "step": null, "ts": 1639492919.151903}]}, "version": 308}
{"obj": {"type": "LogStrings", "path": ["monitoring", "stdout"], "values": [{"value": "\n", "step": null, "ts": 1639492919.151903}]}, "version": 309}
{"obj": {"type": "LogFloats", "path": ["network", "validation_acc_per_pic"], "values": [{"value": 0.610375, "step": null, "ts": 1639492919.2299736}]}, "version": 310}
{"obj": {"type": "LogFloats", "path": ["network", "validation_loss"], "values": [{"value": 0.06923438608646393, "step": null, "ts": 1639492919.2309742}]}, "version": 311}
{"obj": {"type": "LogStrings", "path": ["monitoring", "stdout"], "values": [{"value": "Training epoch 27", "step": null, "ts": 1639492919.2309742}]}, "version": 312}
{"obj": {"type": "LogStrings", "path": ["monitoring", "stdout"], "values": [{"value": "\n", "step": null, "ts": 1639492919.2309742}]}, "version": 313}
{"obj": {"type": "LogFloats", "path": ["network", "learning_rate"], "values": [{"value": 0.9000999999999999, "step": null, "ts": 1639492919.2309742}]}, "version": 314}
{"obj": {"type": "LogFloats", "path": ["monitoring", "cpu"], "values": [{"value": 54.2, "step": null, "ts": 1639492920.1824038}]}, "version": 315}
{"obj": {"type": "LogFloats", "path": ["monitoring", "memory"], "values": [{"value": 8.352779388427734, "step": null, "ts": 1639492920.1824038}]}, "version": 316}
{"obj": {"type": "LogFloats", "path": ["monitoring", "gpu"], "values": [{"value": 74.0, "step": null, "ts": 1639492920.1824038}]}, "version": 317}
{"obj": {"type": "LogFloats", "path": ["monitoring", "gpu_memory"], "values": [{"value": 2.660308837890625, "step": null, "ts": 1639492920.1824038}]}, "version": 318}
{"obj": {"type": "LogFloats", "path": ["network", "train_loss"], "values": [{"value": 0.009590305387973785, "step": null, "ts": 1639492920.3820393}]}, "version": 319}
{"obj": {"type": "LogStrings", "path": ["monitoring", "stdout"], "values": [{"value": "test count:", "step": null, "ts": 1639492920.5390077}]}, "version": 320}
{"obj": {"type": "LogStrings", "path": ["monitoring", "stdout"], "values": [{"value": " ", "step": null, "ts": 1639492920.5390077}]}, "version": 321}
{"obj": {"type": "LogStrings", "path": ["monitoring", "stdout"], "values": [{"value": "1", "step": null, "ts": 1639492920.5390077}]}, "version": 322}
{"obj": {"type": "LogStrings", "path": ["monitoring", "stdout"], "values": [{"value": "\n", "step": null, "ts": 1639492920.5390077}]}, "version": 323}
{"obj": {"type": "LogFloats", "path": ["network", "validation_acc_per_pic"], "values": [{"value": 0.651675, "step": null, "ts": 1639492920.6170962}]}, "version": 324}
{"obj": {"type": "LogFloats", "path": ["network", "validation_loss"], "values": [{"value": 0.06426916271448135, "step": null, "ts": 1639492920.6180885}]}, "version": 325}
{"obj": {"type": "LogStrings", "path": ["monitoring", "stdout"], "values": [{"value": "Training epoch 28", "step": null, "ts": 1639492920.6180885}]}, "version": 326}
{"obj": {"type": "LogStrings", "path": ["monitoring", "stdout"], "values": [{"value": "\n", "step": null, "ts": 1639492920.6180885}]}, "version": 327}
{"obj": {"type": "LogFloats", "path": ["network", "learning_rate"], "values": [{"value": 0.9334000000000002, "step": null, "ts": 1639492920.6180885}]}, "version": 328}
{"obj": {"type": "LogFloats", "path": ["network", "train_loss"], "values": [{"value": 0.01057078894227743, "step": null, "ts": 1639492921.7643452}]}, "version": 329}
{"obj": {"type": "LogStrings", "path": ["monitoring", "stdout"], "values": [{"value": "test count:", "step": null, "ts": 1639492921.9204865}]}, "version": 330}
{"obj": {"type": "LogStrings", "path": ["monitoring", "stdout"], "values": [{"value": " ", "step": null, "ts": 1639492921.9204865}]}, "version": 331}
{"obj": {"type": "LogStrings", "path": ["monitoring", "stdout"], "values": [{"value": "1", "step": null, "ts": 1639492921.9204865}]}, "version": 332}
{"obj": {"type": "LogStrings", "path": ["monitoring", "stdout"], "values": [{"value": "\n", "step": null, "ts": 1639492921.9204865}]}, "version": 333}
{"obj": {"type": "LogFloats", "path": ["network", "validation_acc_per_pic"], "values": [{"value": 0.6164666666666667, "step": null, "ts": 1639492921.999559}]}, "version": 334}
{"obj": {"type": "LogFloats", "path": ["network", "validation_loss"], "values": [{"value": 0.06879115104675293, "step": null, "ts": 1639492921.999559}]}, "version": 335}
{"obj": {"type": "LogStrings", "path": ["monitoring", "stdout"], "values": [{"value": "Training epoch 29", "step": null, "ts": 1639492921.999559}]}, "version": 336}
{"obj": {"type": "LogStrings", "path": ["monitoring", "stdout"], "values": [{"value": "\n", "step": null, "ts": 1639492921.999559}]}, "version": 337}
{"obj": {"type": "LogFloats", "path": ["network", "learning_rate"], "values": [{"value": 0.9667000000000001, "step": null, "ts": 1639492921.999559}]}, "version": 338}
{"obj": {"type": "LogFloats", "path": ["network", "train_loss"], "values": [{"value": 0.01272811871021986, "step": null, "ts": 1639492923.1490936}]}, "version": 339}
{"obj": {"type": "LogStrings", "path": ["monitoring", "stdout"], "values": [{"value": "test count:", "step": null, "ts": 1639492923.3082387}]}, "version": 340}
{"obj": {"type": "LogStrings", "path": ["monitoring", "stdout"], "values": [{"value": " ", "step": null, "ts": 1639492923.3082387}]}, "version": 341}
{"obj": {"type": "LogStrings", "path": ["monitoring", "stdout"], "values": [{"value": "1", "step": null, "ts": 1639492923.3082387}]}, "version": 342}
{"obj": {"type": "LogStrings", "path": ["monitoring", "stdout"], "values": [{"value": "\n", "step": null, "ts": 1639492923.3082387}]}, "version": 343}
{"obj": {"type": "LogFloats", "path": ["network", "validation_acc_per_pic"], "values": [{"value": 0.6029833333333333, "step": null, "ts": 1639492923.38731}]}, "version": 344}
{"obj": {"type": "LogFloats", "path": ["network", "validation_loss"], "values": [{"value": 0.07295551151037216, "step": null, "ts": 1639492923.38731}]}, "version": 345}
{"obj": {"type": "LogStrings", "path": ["monitoring", "stdout"], "values": [{"value": "Training epoch 30", "step": null, "ts": 1639492923.38731}]}, "version": 346}
{"obj": {"type": "LogStrings", "path": ["monitoring", "stdout"], "values": [{"value": "\n", "step": null, "ts": 1639492923.3883111}]}, "version": 347}
{"obj": {"type": "LogFloats", "path": ["network", "learning_rate"], "values": [{"value": 1.0, "step": null, "ts": 1639492923.3883111}]}, "version": 348}
{"obj": {"type": "LogFloats", "path": ["network", "train_loss"], "values": [{"value": 0.0124937548302114, "step": null, "ts": 1639492924.5313485}]}, "version": 349}
{"obj": {"type": "LogStrings", "path": ["monitoring", "stdout"], "values": [{"value": "test count:", "step": null, "ts": 1639492924.6914933}]}, "version": 350}
{"obj": {"type": "LogStrings", "path": ["monitoring", "stdout"], "values": [{"value": " ", "step": null, "ts": 1639492924.6914933}]}, "version": 351}
{"obj": {"type": "LogStrings", "path": ["monitoring", "stdout"], "values": [{"value": "1", "step": null, "ts": 1639492924.6914933}]}, "version": 352}
{"obj": {"type": "LogStrings", "path": ["monitoring", "stdout"], "values": [{"value": "\n", "step": null, "ts": 1639492924.6914933}]}, "version": 353}
{"obj": {"type": "LogFloats", "path": ["network", "validation_acc_per_pic"], "values": [{"value": 0.5980916666666667, "step": null, "ts": 1639492924.7695644}]}, "version": 354}
{"obj": {"type": "LogFloats", "path": ["network", "validation_loss"], "values": [{"value": 0.0734621062874794, "step": null, "ts": 1639492924.7705653}]}, "version": 355}
{"obj": {"type": "UploadFile", "path": ["network", "network_weights"], "ext": "pt", "file_path": "C:\\Users\\Marc\\Desktop\\Billeder\\params\\find_learning\\network.pt"}, "version": 356}
{"obj": {"type": "LogStrings", "path": ["monitoring", "stdout"], "values": [{"value": "test count:", "step": null, "ts": 1639492925.026798}]}, "version": 357}
{"obj": {"type": "LogStrings", "path": ["monitoring", "stdout"], "values": [{"value": " ", "step": null, "ts": 1639492925.026798}]}, "version": 358}
{"obj": {"type": "LogStrings", "path": ["monitoring", "stdout"], "values": [{"value": "1", "step": null, "ts": 1639492925.026798}]}, "version": 359}
{"obj": {"type": "LogStrings", "path": ["monitoring", "stdout"], "values": [{"value": "\n", "step": null, "ts": 1639492925.0277991}]}, "version": 360}
{"obj": {"type": "LogStrings", "path": ["monitoring", "stdout"], "values": [{"value": "test count:", "step": null, "ts": 1639492925.165925}]}, "version": 361}
{"obj": {"type": "LogStrings", "path": ["monitoring", "stdout"], "values": [{"value": " ", "step": null, "ts": 1639492925.1669257}]}, "version": 362}
{"obj": {"type": "LogStrings", "path": ["monitoring", "stdout"], "values": [{"value": "2", "step": null, "ts": 1639492925.1669257}]}, "version": 363}
{"obj": {"type": "LogStrings", "path": ["monitoring", "stdout"], "values": [{"value": "\n", "step": null, "ts": 1639492925.1669257}]}, "version": 364}
{"obj": {"type": "LogStrings", "path": ["monitoring", "stdout"], "values": [{"value": "test count:", "step": null, "ts": 1639492925.2980444}]}, "version": 365}
{"obj": {"type": "LogStrings", "path": ["monitoring", "stdout"], "values": [{"value": " ", "step": null, "ts": 1639492925.2980444}]}, "version": 366}
{"obj": {"type": "LogStrings", "path": ["monitoring", "stdout"], "values": [{"value": "3", "step": null, "ts": 1639492925.2980444}]}, "version": 367}
{"obj": {"type": "LogStrings", "path": ["monitoring", "stdout"], "values": [{"value": "\n", "step": null, "ts": 1639492925.2980444}]}, "version": 368}
{"obj": {"type": "LogStrings", "path": ["monitoring", "stdout"], "values": [{"value": "test count:", "step": null, "ts": 1639492925.4301639}]}, "version": 369}
{"obj": {"type": "LogStrings", "path": ["monitoring", "stdout"], "values": [{"value": " ", "step": null, "ts": 1639492925.4301639}]}, "version": 370}
{"obj": {"type": "LogStrings", "path": ["monitoring", "stdout"], "values": [{"value": "4", "step": null, "ts": 1639492925.4301639}]}, "version": 371}
{"obj": {"type": "LogStrings", "path": ["monitoring", "stdout"], "values": [{"value": "\n", "step": null, "ts": 1639492925.4311647}]}, "version": 372}
{"obj": {"type": "LogStrings", "path": ["monitoring", "stdout"], "values": [{"value": "test count:", "step": null, "ts": 1639492925.5582802}]}, "version": 373}
{"obj": {"type": "LogStrings", "path": ["monitoring", "stdout"], "values": [{"value": " ", "step": null, "ts": 1639492925.5582802}]}, "version": 374}
{"obj": {"type": "LogStrings", "path": ["monitoring", "stdout"], "values": [{"value": "5", "step": null, "ts": 1639492925.5582802}]}, "version": 375}
{"obj": {"type": "LogStrings", "path": ["monitoring", "stdout"], "values": [{"value": "\n", "step": null, "ts": 1639492925.5582802}]}, "version": 376}
{"obj": {"type": "LogStrings", "path": ["monitoring", "stdout"], "values": [{"value": "0.8922283333333333", "step": null, "ts": 1639492925.6373518}]}, "version": 377}
{"obj": {"type": "LogStrings", "path": ["monitoring", "stdout"], "values": [{"value": "\n", "step": null, "ts": 1639492925.6373518}]}, "version": 378}
{"obj": {"type": "LogFloats", "path": ["network", "test_accuracy_per_pic"], "values": [{"value": 0.89985, "step": null, "ts": 1639492925.6373518}, {"value": 0.9035416666666667, "step": null, "ts": 1639492925.6373518}, {"value": 0.8454083333333333, "step": null, "ts": 1639492925.6373518}, {"value": 0.883525, "step": null, "ts": 1639492925.6373518}, {"value": 0.9288166666666666, "step": null, "ts": 1639492925.6373518}]}, "version": 379}
{"obj": {"type": "LogFloats", "path": ["network", "mean_test_accuracy"], "values": [{"value": 0.8922283333333333, "step": null, "ts": 1639492925.6383529}]}, "version": 380}
