{"obj": {"type": "AssignString", "path": ["sys", "name"], "value": "Untitled"}, "version": 1}
{"obj": {"type": "AssignString", "path": ["sys", "description"], "value": ""}, "version": 2}
{"obj": {"type": "AssignString", "path": ["sys", "hostname"], "value": "DESKTOP-SDMAFDQ"}, "version": 3}
{"obj": {"type": "AssignBool", "path": ["sys", "failed"], "value": false}, "version": 4}
{"obj": {"type": "ClearStringLog", "path": ["monitoring", "stdout"]}, "version": 5}
{"obj": {"type": "ClearStringLog", "path": ["monitoring", "stderr"]}, "version": 6}
{"obj": {"type": "AssignString", "path": ["source_code", "entrypoint"], "value": "trainer.py"}, "version": 7}
{"obj": {"type": "UploadFileSet", "path": ["source_code", "files"], "file_globs": ["C:\\Users\\Marc\\Documents\\GitHub\\Deep_final\\trainer.py"], "reset": "False"}, "version": 8}
{"obj": {"type": "ConfigFloatSeries", "path": ["monitoring", "cpu"], "min": 0.0, "max": 100.0, "unit": "%"}, "version": 9}
{"obj": {"type": "ClearFloatLog", "path": ["monitoring", "cpu"]}, "version": 10}
{"obj": {"type": "ConfigFloatSeries", "path": ["monitoring", "memory"], "min": 0.0, "max": 15.387199401855469, "unit": "GB"}, "version": 11}
{"obj": {"type": "ClearFloatLog", "path": ["monitoring", "memory"]}, "version": 12}
{"obj": {"type": "ConfigFloatSeries", "path": ["monitoring", "gpu"], "min": 0.0, "max": 100.0, "unit": "%"}, "version": 13}
{"obj": {"type": "ClearFloatLog", "path": ["monitoring", "gpu"]}, "version": 14}
{"obj": {"type": "ConfigFloatSeries", "path": ["monitoring", "gpu_memory"], "min": 0.0, "max": 4.0, "unit": "GB"}, "version": 15}
{"obj": {"type": "ClearFloatLog", "path": ["monitoring", "gpu_memory"]}, "version": 16}
{"obj": {"type": "LogFloats", "path": ["monitoring", "cpu"], "values": [{"value": 11.8, "step": null, "ts": 1639303380.694465}]}, "version": 17}
{"obj": {"type": "LogFloats", "path": ["monitoring", "memory"], "values": [{"value": 7.582988739013672, "step": null, "ts": 1639303380.694465}]}, "version": 18}
{"obj": {"type": "LogFloats", "path": ["monitoring", "gpu_memory"], "values": [{"value": 0.051025390625, "step": null, "ts": 1639303380.694465}]}, "version": 19}
{"obj": {"type": "AssignFloat", "path": ["network", "parameters", "momentum"], "value": 0.9}, "version": 20}
{"obj": {"type": "AssignString", "path": ["network", "parameters", "optimizer"], "value": "Adam"}, "version": 21}
{"obj": {"type": "AssignString", "path": ["network", "parameters", "loss_function"], "value": "MSEloss"}, "version": 22}
{"obj": {"type": "AssignString", "path": ["network", "parameters", "model"], "value": "GTA_Unet"}, "version": 23}
{"obj": {"type": "AssignString", "path": ["network", "parameters", "scheduler"], "value": "CyclicLR"}, "version": 24}
{"obj": {"type": "LogStrings", "path": ["monitoring", "stdout"], "values": [{"value": "Training epoch 0", "step": null, "ts": 1639303380.945693}]}, "version": 25}
{"obj": {"type": "LogStrings", "path": ["monitoring", "stdout"], "values": [{"value": "\n", "step": null, "ts": 1639303380.945693}]}, "version": 26}
{"obj": {"type": "LogFloats", "path": ["network2", "learning_rate"], "values": [{"value": 0.001, "step": null, "ts": 1639303380.9466941}]}, "version": 27}
{"obj": {"type": "LogFloats", "path": ["network2", "train_loss"], "values": [{"value": 0.09063844680786133, "step": null, "ts": 1639303383.7212405}]}, "version": 28}
{"obj": {"type": "LogFloats", "path": ["network2", "validation_loss"], "values": [{"value": 0.08593333512544632, "step": null, "ts": 1639303383.8313408}]}, "version": 29}
{"obj": {"type": "LogStrings", "path": ["monitoring", "stdout"], "values": [{"value": "Training epoch 1", "step": null, "ts": 1639303383.8313408}]}, "version": 30}
{"obj": {"type": "LogStrings", "path": ["monitoring", "stdout"], "values": [{"value": "\n", "step": null, "ts": 1639303383.8313408}]}, "version": 31}
{"obj": {"type": "LogFloats", "path": ["network2", "learning_rate"], "values": [{"value": 0.01090000000000001, "step": null, "ts": 1639303383.8313408}]}, "version": 32}
{"obj": {"type": "LogFloats", "path": ["network2", "train_loss"], "values": [{"value": 0.06241648644208908, "step": null, "ts": 1639303385.029758}]}, "version": 33}
{"obj": {"type": "LogFloats", "path": ["network2", "validation_loss"], "values": [{"value": 0.06955176591873169, "step": null, "ts": 1639303385.1378553}]}, "version": 34}
{"obj": {"type": "LogStrings", "path": ["monitoring", "stdout"], "values": [{"value": "Training epoch 2", "step": null, "ts": 1639303385.1378553}]}, "version": 35}
{"obj": {"type": "LogStrings", "path": ["monitoring", "stdout"], "values": [{"value": "\n", "step": null, "ts": 1639303385.1378553}]}, "version": 36}
{"obj": {"type": "LogFloats", "path": ["network2", "learning_rate"], "values": [{"value": 0.02080000000000002, "step": null, "ts": 1639303385.1388562}]}, "version": 37}
{"obj": {"type": "LogFloats", "path": ["network2", "train_loss"], "values": [{"value": 0.043663570284843446, "step": null, "ts": 1639303386.3213315}]}, "version": 38}
{"obj": {"type": "LogFloats", "path": ["network2", "validation_loss"], "values": [{"value": 0.06949083507061005, "step": null, "ts": 1639303386.4266598}]}, "version": 39}
{"obj": {"type": "LogStrings", "path": ["monitoring", "stdout"], "values": [{"value": "Training epoch 3", "step": null, "ts": 1639303386.4276607}]}, "version": 40}
{"obj": {"type": "LogStrings", "path": ["monitoring", "stdout"], "values": [{"value": "\n", "step": null, "ts": 1639303386.4276607}]}, "version": 41}
{"obj": {"type": "LogFloats", "path": ["network2", "learning_rate"], "values": [{"value": 0.030699999999999984, "step": null, "ts": 1639303386.4276607}]}, "version": 42}
{"obj": {"type": "LogFloats", "path": ["network2", "train_loss"], "values": [{"value": 0.04389925971627236, "step": null, "ts": 1639303387.6209154}]}, "version": 43}
{"obj": {"type": "LogFloats", "path": ["network2", "validation_loss"], "values": [{"value": 0.0676213726401329, "step": null, "ts": 1639303387.7280126}]}, "version": 44}
{"obj": {"type": "LogStrings", "path": ["monitoring", "stdout"], "values": [{"value": "Training epoch 4", "step": null, "ts": 1639303387.7280126}]}, "version": 45}
{"obj": {"type": "LogStrings", "path": ["monitoring", "stdout"], "values": [{"value": "\n", "step": null, "ts": 1639303387.7290137}]}, "version": 46}
{"obj": {"type": "LogFloats", "path": ["network2", "learning_rate"], "values": [{"value": 0.0406, "step": null, "ts": 1639303387.7290137}]}, "version": 47}
{"obj": {"type": "LogFloats", "path": ["network2", "train_loss"], "values": [{"value": 0.03738607577979565, "step": null, "ts": 1639303388.9030788}]}, "version": 48}
{"obj": {"type": "LogFloats", "path": ["network2", "validation_loss"], "values": [{"value": 0.06878039240837097, "step": null, "ts": 1639303389.009175}]}, "version": 49}
{"obj": {"type": "LogStrings", "path": ["monitoring", "stdout"], "values": [{"value": "Training epoch 5", "step": null, "ts": 1639303389.009175}]}, "version": 50}
{"obj": {"type": "LogStrings", "path": ["monitoring", "stdout"], "values": [{"value": "\n", "step": null, "ts": 1639303389.009175}]}, "version": 51}
{"obj": {"type": "LogFloats", "path": ["network2", "learning_rate"], "values": [{"value": 0.0505, "step": null, "ts": 1639303389.009175}]}, "version": 52}
{"obj": {"type": "LogFloats", "path": ["network2", "train_loss"], "values": [{"value": 0.03603861518204212, "step": null, "ts": 1639303390.1842413}]}, "version": 53}
{"obj": {"type": "LogFloats", "path": ["network2", "validation_loss"], "values": [{"value": 0.07352620363235474, "step": null, "ts": 1639303390.291339}]}, "version": 54}
{"obj": {"type": "LogStrings", "path": ["monitoring", "stdout"], "values": [{"value": "Training epoch 6", "step": null, "ts": 1639303390.2923398}]}, "version": 55}
{"obj": {"type": "LogStrings", "path": ["monitoring", "stdout"], "values": [{"value": "\n", "step": null, "ts": 1639303390.2923398}]}, "version": 56}
{"obj": {"type": "LogFloats", "path": ["network2", "learning_rate"], "values": [{"value": 0.06040000000000001, "step": null, "ts": 1639303390.2923398}]}, "version": 57}
{"obj": {"type": "LogFloats", "path": ["monitoring", "cpu"], "values": [{"value": 42.2, "step": null, "ts": 1639303390.7117202}]}, "version": 58}
{"obj": {"type": "LogFloats", "path": ["monitoring", "memory"], "values": [{"value": 9.179481506347656, "step": null, "ts": 1639303390.7117202}]}, "version": 59}
{"obj": {"type": "LogFloats", "path": ["monitoring", "gpu"], "values": [{"value": 73.0, "step": null, "ts": 1639303390.7117202}]}, "version": 60}
{"obj": {"type": "LogFloats", "path": ["monitoring", "gpu_memory"], "values": [{"value": 2.677154541015625, "step": null, "ts": 1639303390.7117202}]}, "version": 61}
{"obj": {"type": "LogFloats", "path": ["network2", "train_loss"], "values": [{"value": 0.032735878601670265, "step": null, "ts": 1639303391.4684072}]}, "version": 62}
{"obj": {"type": "LogFloats", "path": ["network2", "validation_loss"], "values": [{"value": 0.07399158924818039, "step": null, "ts": 1639303391.5745034}]}, "version": 63}
{"obj": {"type": "LogStrings", "path": ["monitoring", "stdout"], "values": [{"value": "Training epoch 7", "step": null, "ts": 1639303391.5745034}]}, "version": 64}
{"obj": {"type": "LogStrings", "path": ["monitoring", "stdout"], "values": [{"value": "\n", "step": null, "ts": 1639303391.5745034}]}, "version": 65}
{"obj": {"type": "LogFloats", "path": ["network2", "learning_rate"], "values": [{"value": 0.07030000000000002, "step": null, "ts": 1639303391.5745034}]}, "version": 66}
{"obj": {"type": "LogFloats", "path": ["network2", "train_loss"], "values": [{"value": 0.030630695819854736, "step": null, "ts": 1639303392.7713633}]}, "version": 67}
{"obj": {"type": "LogFloats", "path": ["network2", "validation_loss"], "values": [{"value": 0.08489038050174713, "step": null, "ts": 1639303392.8774586}]}, "version": 68}
{"obj": {"type": "LogStrings", "path": ["monitoring", "stdout"], "values": [{"value": "Training epoch 8", "step": null, "ts": 1639303392.8784606}]}, "version": 69}
{"obj": {"type": "LogStrings", "path": ["monitoring", "stdout"], "values": [{"value": "\n", "step": null, "ts": 1639303392.8784606}]}, "version": 70}
{"obj": {"type": "LogFloats", "path": ["network2", "learning_rate"], "values": [{"value": 0.0802, "step": null, "ts": 1639303392.8784606}]}, "version": 71}
{"obj": {"type": "LogFloats", "path": ["network2", "train_loss"], "values": [{"value": 0.030614567920565605, "step": null, "ts": 1639303394.0586405}]}, "version": 72}
{"obj": {"type": "LogFloats", "path": ["network2", "validation_loss"], "values": [{"value": 0.07897090166807175, "step": null, "ts": 1639303394.1657372}]}, "version": 73}
{"obj": {"type": "LogStrings", "path": ["monitoring", "stdout"], "values": [{"value": "Training epoch 9", "step": null, "ts": 1639303394.1657372}]}, "version": 74}
{"obj": {"type": "LogStrings", "path": ["monitoring", "stdout"], "values": [{"value": "\n", "step": null, "ts": 1639303394.1657372}]}, "version": 75}
{"obj": {"type": "LogFloats", "path": ["network2", "learning_rate"], "values": [{"value": 0.0901, "step": null, "ts": 1639303394.1657372}]}, "version": 76}
{"obj": {"type": "LogFloats", "path": ["network2", "train_loss"], "values": [{"value": 0.03324232697486877, "step": null, "ts": 1639303395.3487062}]}, "version": 77}
{"obj": {"type": "LogFloats", "path": ["network2", "validation_loss"], "values": [{"value": 0.08421510457992554, "step": null, "ts": 1639303395.4528008}]}, "version": 78}
{"obj": {"type": "LogStrings", "path": ["monitoring", "stdout"], "values": [{"value": "Training epoch 10", "step": null, "ts": 1639303395.4538014}]}, "version": 79}
{"obj": {"type": "LogStrings", "path": ["monitoring", "stdout"], "values": [{"value": "\n", "step": null, "ts": 1639303395.4538014}]}, "version": 80}
{"obj": {"type": "LogFloats", "path": ["network2", "learning_rate"], "values": [{"value": 0.1, "step": null, "ts": 1639303395.4538014}]}, "version": 81}
{"obj": {"type": "LogFloats", "path": ["network2", "train_loss"], "values": [{"value": 0.034780067205429074, "step": null, "ts": 1639303396.6238694}]}, "version": 82}
{"obj": {"type": "LogFloats", "path": ["network2", "validation_loss"], "values": [{"value": 0.07321542501449585, "step": null, "ts": 1639303396.7299657}]}, "version": 83}
{"obj": {"type": "LogStrings", "path": ["monitoring", "stdout"], "values": [{"value": "Training epoch 11", "step": null, "ts": 1639303396.7299657}]}, "version": 84}
{"obj": {"type": "LogStrings", "path": ["monitoring", "stdout"], "values": [{"value": "\n", "step": null, "ts": 1639303396.730966}]}, "version": 85}
{"obj": {"type": "LogFloats", "path": ["network2", "learning_rate"], "values": [{"value": 0.0901, "step": null, "ts": 1639303396.730966}]}, "version": 86}
{"obj": {"type": "LogFloats", "path": ["network2", "train_loss"], "values": [{"value": 0.03517577014863491, "step": null, "ts": 1639303397.907034}]}, "version": 87}
{"obj": {"type": "LogFloats", "path": ["network2", "validation_loss"], "values": [{"value": 0.06716439127922058, "step": null, "ts": 1639303398.0121293}]}, "version": 88}
{"obj": {"type": "LogStrings", "path": ["monitoring", "stdout"], "values": [{"value": "Training epoch 12", "step": null, "ts": 1639303398.0121293}]}, "version": 89}
{"obj": {"type": "LogStrings", "path": ["monitoring", "stdout"], "values": [{"value": "\n", "step": null, "ts": 1639303398.0121293}]}, "version": 90}
{"obj": {"type": "LogFloats", "path": ["network2", "learning_rate"], "values": [{"value": 0.0802, "step": null, "ts": 1639303398.0121293}]}, "version": 91}
{"obj": {"type": "LogFloats", "path": ["network2", "train_loss"], "values": [{"value": 0.03085586875677109, "step": null, "ts": 1639303399.1932003}]}, "version": 92}
{"obj": {"type": "LogFloats", "path": ["network2", "validation_loss"], "values": [{"value": 0.07415524870157242, "step": null, "ts": 1639303399.3011527}]}, "version": 93}
{"obj": {"type": "LogStrings", "path": ["monitoring", "stdout"], "values": [{"value": "Training epoch 13", "step": null, "ts": 1639303399.3011527}]}, "version": 94}
{"obj": {"type": "LogStrings", "path": ["monitoring", "stdout"], "values": [{"value": "\n", "step": null, "ts": 1639303399.3011527}]}, "version": 95}
{"obj": {"type": "LogFloats", "path": ["network2", "learning_rate"], "values": [{"value": 0.07030000000000002, "step": null, "ts": 1639303399.3011527}]}, "version": 96}
{"obj": {"type": "LogFloats", "path": ["network2", "train_loss"], "values": [{"value": 0.031356646493077275, "step": null, "ts": 1639303400.4900224}]}, "version": 97}
{"obj": {"type": "LogFloats", "path": ["network2", "validation_loss"], "values": [{"value": 0.07953036576509476, "step": null, "ts": 1639303400.596241}]}, "version": 98}
{"obj": {"type": "LogStrings", "path": ["monitoring", "stdout"], "values": [{"value": "Training epoch 14", "step": null, "ts": 1639303400.5972362}]}, "version": 99}
{"obj": {"type": "LogStrings", "path": ["monitoring", "stdout"], "values": [{"value": "\n", "step": null, "ts": 1639303400.5972362}]}, "version": 100}
{"obj": {"type": "LogFloats", "path": ["network2", "learning_rate"], "values": [{"value": 0.06040000000000001, "step": null, "ts": 1639303400.5972362}]}, "version": 101}
{"obj": {"type": "LogFloats", "path": ["monitoring", "cpu"], "values": [{"value": 48.0, "step": null, "ts": 1639303400.728457}]}, "version": 102}
{"obj": {"type": "LogFloats", "path": ["monitoring", "memory"], "values": [{"value": 9.177654266357422, "step": null, "ts": 1639303400.728457}]}, "version": 103}
{"obj": {"type": "LogFloats", "path": ["monitoring", "gpu"], "values": [{"value": 63.0, "step": null, "ts": 1639303400.728457}]}, "version": 104}
{"obj": {"type": "LogFloats", "path": ["monitoring", "gpu_memory"], "values": [{"value": 2.677154541015625, "step": null, "ts": 1639303400.728457}]}, "version": 105}
{"obj": {"type": "LogFloats", "path": ["network2", "train_loss"], "values": [{"value": 0.03498885668814182, "step": null, "ts": 1639303401.780164}]}, "version": 106}
{"obj": {"type": "LogFloats", "path": ["network2", "validation_loss"], "values": [{"value": 0.07348006218671799, "step": null, "ts": 1639303401.8872614}]}, "version": 107}
{"obj": {"type": "LogStrings", "path": ["monitoring", "stdout"], "values": [{"value": "Training epoch 15", "step": null, "ts": 1639303401.8872614}]}, "version": 108}
{"obj": {"type": "LogStrings", "path": ["monitoring", "stdout"], "values": [{"value": "\n", "step": null, "ts": 1639303401.8872614}]}, "version": 109}
{"obj": {"type": "LogFloats", "path": ["network2", "learning_rate"], "values": [{"value": 0.0505, "step": null, "ts": 1639303401.8872614}]}, "version": 110}
{"obj": {"type": "LogFloats", "path": ["network2", "train_loss"], "values": [{"value": 0.028102773427963256, "step": null, "ts": 1639303403.0617828}]}, "version": 111}
{"obj": {"type": "LogFloats", "path": ["network2", "validation_loss"], "values": [{"value": 0.07048273831605911, "step": null, "ts": 1639303403.16888}]}, "version": 112}
{"obj": {"type": "LogStrings", "path": ["monitoring", "stdout"], "values": [{"value": "Training epoch 16", "step": null, "ts": 1639303403.16888}]}, "version": 113}
{"obj": {"type": "LogStrings", "path": ["monitoring", "stdout"], "values": [{"value": "\n", "step": null, "ts": 1639303403.16888}]}, "version": 114}
{"obj": {"type": "LogFloats", "path": ["network2", "learning_rate"], "values": [{"value": 0.0406, "step": null, "ts": 1639303403.16888}]}, "version": 115}
{"obj": {"type": "LogFloats", "path": ["network2", "train_loss"], "values": [{"value": 0.02656656913459301, "step": null, "ts": 1639303404.3539546}]}, "version": 116}
{"obj": {"type": "LogFloats", "path": ["network2", "validation_loss"], "values": [{"value": 0.0708535686135292, "step": null, "ts": 1639303404.460052}]}, "version": 117}
{"obj": {"type": "LogStrings", "path": ["monitoring", "stdout"], "values": [{"value": "Training epoch 17", "step": null, "ts": 1639303404.4610527}]}, "version": 118}
{"obj": {"type": "LogStrings", "path": ["monitoring", "stdout"], "values": [{"value": "\n", "step": null, "ts": 1639303404.4610527}]}, "version": 119}
{"obj": {"type": "LogFloats", "path": ["network2", "learning_rate"], "values": [{"value": 0.030699999999999984, "step": null, "ts": 1639303404.4610527}]}, "version": 120}
{"obj": {"type": "LogFloats", "path": ["network2", "train_loss"], "values": [{"value": 0.025333261117339134, "step": null, "ts": 1639303405.6421237}]}, "version": 121}
{"obj": {"type": "LogFloats", "path": ["network2", "validation_loss"], "values": [{"value": 0.07115408778190613, "step": null, "ts": 1639303405.7492216}]}, "version": 122}
{"obj": {"type": "LogStrings", "path": ["monitoring", "stdout"], "values": [{"value": "Training epoch 18", "step": null, "ts": 1639303405.7492216}]}, "version": 123}
{"obj": {"type": "LogStrings", "path": ["monitoring", "stdout"], "values": [{"value": "\n", "step": null, "ts": 1639303405.7492216}]}, "version": 124}
{"obj": {"type": "LogFloats", "path": ["network2", "learning_rate"], "values": [{"value": 0.02080000000000002, "step": null, "ts": 1639303405.7492216}]}, "version": 125}
{"obj": {"type": "LogFloats", "path": ["network2", "train_loss"], "values": [{"value": 0.024137605726718903, "step": null, "ts": 1639303406.9244323}]}, "version": 126}
{"obj": {"type": "LogFloats", "path": ["network2", "validation_loss"], "values": [{"value": 0.07359188795089722, "step": null, "ts": 1639303407.0325296}]}, "version": 127}
{"obj": {"type": "LogStrings", "path": ["monitoring", "stdout"], "values": [{"value": "Training epoch 19", "step": null, "ts": 1639303407.0335307}]}, "version": 128}
{"obj": {"type": "LogStrings", "path": ["monitoring", "stdout"], "values": [{"value": "\n", "step": null, "ts": 1639303407.0335307}]}, "version": 129}
{"obj": {"type": "LogFloats", "path": ["network2", "learning_rate"], "values": [{"value": 0.01090000000000001, "step": null, "ts": 1639303407.0335307}]}, "version": 130}
{"obj": {"type": "LogFloats", "path": ["network2", "train_loss"], "values": [{"value": 0.02292663287371397, "step": null, "ts": 1639303408.2185736}]}, "version": 131}
{"obj": {"type": "LogFloats", "path": ["network2", "validation_loss"], "values": [{"value": 0.07321701943874359, "step": null, "ts": 1639303408.3246696}]}, "version": 132}
{"obj": {"type": "LogStrings", "path": ["monitoring", "stdout"], "values": [{"value": "Training epoch 20", "step": null, "ts": 1639303408.3256707}]}, "version": 133}
{"obj": {"type": "LogStrings", "path": ["monitoring", "stdout"], "values": [{"value": "\n", "step": null, "ts": 1639303408.3256707}]}, "version": 134}
{"obj": {"type": "LogFloats", "path": ["network2", "learning_rate"], "values": [{"value": 0.001, "step": null, "ts": 1639303408.3256707}]}, "version": 135}
{"obj": {"type": "LogFloats", "path": ["network2", "train_loss"], "values": [{"value": 0.022512356005609035, "step": null, "ts": 1639303409.507532}]}, "version": 136}
{"obj": {"type": "LogFloats", "path": ["network2", "validation_loss"], "values": [{"value": 0.07337449491024017, "step": null, "ts": 1639303409.6136365}]}, "version": 137}
{"obj": {"type": "LogStrings", "path": ["monitoring", "stdout"], "values": [{"value": "Training epoch 21", "step": null, "ts": 1639303409.6146376}]}, "version": 138}
{"obj": {"type": "LogStrings", "path": ["monitoring", "stdout"], "values": [{"value": "\n", "step": null, "ts": 1639303409.6146376}]}, "version": 139}
{"obj": {"type": "LogFloats", "path": ["network2", "learning_rate"], "values": [{"value": 0.010899999999999965, "step": null, "ts": 1639303409.6146376}]}, "version": 140}
{"obj": {"type": "LogFloats", "path": ["monitoring", "cpu"], "values": [{"value": 46.9, "step": null, "ts": 1639303410.7340872}]}, "version": 141}
{"obj": {"type": "LogFloats", "path": ["monitoring", "memory"], "values": [{"value": 9.179515838623047, "step": null, "ts": 1639303410.7340872}]}, "version": 142}
{"obj": {"type": "LogFloats", "path": ["monitoring", "gpu"], "values": [{"value": 74.0, "step": null, "ts": 1639303410.7340872}]}, "version": 143}
{"obj": {"type": "LogFloats", "path": ["monitoring", "gpu_memory"], "values": [{"value": 2.677154541015625, "step": null, "ts": 1639303410.7340872}]}, "version": 144}
{"obj": {"type": "LogFloats", "path": ["network2", "train_loss"], "values": [{"value": 0.022431608662009238, "step": null, "ts": 1639303410.7981458}]}, "version": 145}
{"obj": {"type": "LogFloats", "path": ["network2", "validation_loss"], "values": [{"value": 0.0736817866563797, "step": null, "ts": 1639303410.9052432}]}, "version": 146}
{"obj": {"type": "LogStrings", "path": ["monitoring", "stdout"], "values": [{"value": "Training epoch 22", "step": null, "ts": 1639303410.9062436}]}, "version": 147}
{"obj": {"type": "LogStrings", "path": ["monitoring", "stdout"], "values": [{"value": "\n", "step": null, "ts": 1639303410.9062436}]}, "version": 148}
{"obj": {"type": "LogFloats", "path": ["network2", "learning_rate"], "values": [{"value": 0.02080000000000002, "step": null, "ts": 1639303410.9062436}]}, "version": 149}
{"obj": {"type": "LogFloats", "path": ["network2", "train_loss"], "values": [{"value": 0.02223652768880129, "step": null, "ts": 1639303412.0893168}]}, "version": 150}
{"obj": {"type": "LogFloats", "path": ["network2", "validation_loss"], "values": [{"value": 0.0724848136305809, "step": null, "ts": 1639303412.1984158}]}, "version": 151}
{"obj": {"type": "LogStrings", "path": ["monitoring", "stdout"], "values": [{"value": "Training epoch 23", "step": null, "ts": 1639303412.1994174}]}, "version": 152}
{"obj": {"type": "LogStrings", "path": ["monitoring", "stdout"], "values": [{"value": "\n", "step": null, "ts": 1639303412.1994174}]}, "version": 153}
{"obj": {"type": "LogFloats", "path": ["network2", "learning_rate"], "values": [{"value": 0.030699999999999984, "step": null, "ts": 1639303412.1994174}]}, "version": 154}
{"obj": {"type": "LogFloats", "path": ["network2", "train_loss"], "values": [{"value": 0.021929495222866534, "step": null, "ts": 1639303413.3844926}]}, "version": 155}
{"obj": {"type": "LogFloats", "path": ["network2", "validation_loss"], "values": [{"value": 0.07298058271408081, "step": null, "ts": 1639303413.4895878}]}, "version": 156}
{"obj": {"type": "LogStrings", "path": ["monitoring", "stdout"], "values": [{"value": "Training epoch 24", "step": null, "ts": 1639303413.4895878}]}, "version": 157}
{"obj": {"type": "LogStrings", "path": ["monitoring", "stdout"], "values": [{"value": "\n", "step": null, "ts": 1639303413.4895878}]}, "version": 158}
{"obj": {"type": "LogFloats", "path": ["network2", "learning_rate"], "values": [{"value": 0.04060000000000004, "step": null, "ts": 1639303413.4895878}]}, "version": 159}
{"obj": {"type": "LogFloats", "path": ["network2", "train_loss"], "values": [{"value": 0.02172522768378258, "step": null, "ts": 1639303414.67818}]}, "version": 160}
{"obj": {"type": "LogFloats", "path": ["network2", "validation_loss"], "values": [{"value": 0.07171260565519333, "step": null, "ts": 1639303414.7872806}]}, "version": 161}
{"obj": {"type": "LogStrings", "path": ["monitoring", "stdout"], "values": [{"value": "Training epoch 25", "step": null, "ts": 1639303414.7882817}]}, "version": 162}
{"obj": {"type": "LogStrings", "path": ["monitoring", "stdout"], "values": [{"value": "\n", "step": null, "ts": 1639303414.7882817}]}, "version": 163}
{"obj": {"type": "LogFloats", "path": ["network2", "learning_rate"], "values": [{"value": 0.0505, "step": null, "ts": 1639303414.7882817}]}, "version": 164}
{"obj": {"type": "LogFloats", "path": ["network2", "train_loss"], "values": [{"value": 0.02413036711513996, "step": null, "ts": 1639303415.9643517}]}, "version": 165}
{"obj": {"type": "LogFloats", "path": ["network2", "validation_loss"], "values": [{"value": 0.0768972858786583, "step": null, "ts": 1639303416.0714483}]}, "version": 166}
{"obj": {"type": "LogStrings", "path": ["monitoring", "stdout"], "values": [{"value": "Training epoch 26", "step": null, "ts": 1639303416.0714483}]}, "version": 167}
{"obj": {"type": "LogStrings", "path": ["monitoring", "stdout"], "values": [{"value": "\n", "step": null, "ts": 1639303416.0714483}]}, "version": 168}
{"obj": {"type": "LogFloats", "path": ["network2", "learning_rate"], "values": [{"value": 0.06039999999999997, "step": null, "ts": 1639303416.0714483}]}, "version": 169}
{"obj": {"type": "LogFloats", "path": ["network2", "train_loss"], "values": [{"value": 0.023862437531352042, "step": null, "ts": 1639303417.2566693}]}, "version": 170}
{"obj": {"type": "LogFloats", "path": ["network2", "validation_loss"], "values": [{"value": 0.07492740452289581, "step": null, "ts": 1639303417.362766}]}, "version": 171}
{"obj": {"type": "LogStrings", "path": ["monitoring", "stdout"], "values": [{"value": "Training epoch 27", "step": null, "ts": 1639303417.362766}]}, "version": 172}
{"obj": {"type": "LogStrings", "path": ["monitoring", "stdout"], "values": [{"value": "\n", "step": null, "ts": 1639303417.362766}]}, "version": 173}
{"obj": {"type": "LogFloats", "path": ["network2", "learning_rate"], "values": [{"value": 0.07030000000000002, "step": null, "ts": 1639303417.362766}]}, "version": 174}
{"obj": {"type": "LogFloats", "path": ["network2", "train_loss"], "values": [{"value": 0.024690133333206177, "step": null, "ts": 1639303418.5386279}]}, "version": 175}
{"obj": {"type": "LogFloats", "path": ["network2", "validation_loss"], "values": [{"value": 0.07360094040632248, "step": null, "ts": 1639303418.6434424}]}, "version": 176}
{"obj": {"type": "LogStrings", "path": ["monitoring", "stdout"], "values": [{"value": "Training epoch 28", "step": null, "ts": 1639303418.6444433}]}, "version": 177}
{"obj": {"type": "LogStrings", "path": ["monitoring", "stdout"], "values": [{"value": "\n", "step": null, "ts": 1639303418.6444433}]}, "version": 178}
{"obj": {"type": "LogFloats", "path": ["network2", "learning_rate"], "values": [{"value": 0.0802, "step": null, "ts": 1639303418.6444433}]}, "version": 179}
{"obj": {"type": "LogFloats", "path": ["network2", "train_loss"], "values": [{"value": 0.02336229234933853, "step": null, "ts": 1639303419.8230615}]}, "version": 180}
{"obj": {"type": "LogFloats", "path": ["network2", "validation_loss"], "values": [{"value": 0.07053802162408829, "step": null, "ts": 1639303419.9291573}]}, "version": 181}
{"obj": {"type": "LogStrings", "path": ["monitoring", "stdout"], "values": [{"value": "Training epoch 29", "step": null, "ts": 1639303419.9301581}]}, "version": 182}
{"obj": {"type": "LogStrings", "path": ["monitoring", "stdout"], "values": [{"value": "\n", "step": null, "ts": 1639303419.9301581}]}, "version": 183}
{"obj": {"type": "LogFloats", "path": ["network2", "learning_rate"], "values": [{"value": 0.09010000000000004, "step": null, "ts": 1639303419.9301581}]}, "version": 184}
{"obj": {"type": "LogFloats", "path": ["monitoring", "cpu"], "values": [{"value": 46.8, "step": null, "ts": 1639303420.737891}]}, "version": 185}
{"obj": {"type": "LogFloats", "path": ["monitoring", "memory"], "values": [{"value": 9.18463134765625, "step": null, "ts": 1639303420.737891}]}, "version": 186}
{"obj": {"type": "LogFloats", "path": ["monitoring", "gpu"], "values": [{"value": 71.0, "step": null, "ts": 1639303420.737891}]}, "version": 187}
{"obj": {"type": "LogFloats", "path": ["monitoring", "gpu_memory"], "values": [{"value": 2.677154541015625, "step": null, "ts": 1639303420.737891}]}, "version": 188}
{"obj": {"type": "LogFloats", "path": ["network2", "train_loss"], "values": [{"value": 0.02274653911590576, "step": null, "ts": 1639303421.1222403}]}, "version": 189}
{"obj": {"type": "LogFloats", "path": ["network2", "validation_loss"], "values": [{"value": 0.07923810929059982, "step": null, "ts": 1639303421.228336}]}, "version": 190}
{"obj": {"type": "LogStrings", "path": ["monitoring", "stdout"], "values": [{"value": "Training epoch 30", "step": null, "ts": 1639303421.228336}]}, "version": 191}
{"obj": {"type": "LogStrings", "path": ["monitoring", "stdout"], "values": [{"value": "\n", "step": null, "ts": 1639303421.229337}]}, "version": 192}
{"obj": {"type": "LogFloats", "path": ["network2", "learning_rate"], "values": [{"value": 0.1, "step": null, "ts": 1639303421.229337}]}, "version": 193}
{"obj": {"type": "LogFloats", "path": ["network2", "train_loss"], "values": [{"value": 0.02160601783543825, "step": null, "ts": 1639303422.414413}]}, "version": 194}
{"obj": {"type": "LogFloats", "path": ["network2", "validation_loss"], "values": [{"value": 0.073357954621315, "step": null, "ts": 1639303422.520509}]}, "version": 195}
{"obj": {"type": "LogStrings", "path": ["monitoring", "stdout"], "values": [{"value": "Training epoch 31", "step": null, "ts": 1639303422.5215096}]}, "version": 196}
{"obj": {"type": "LogStrings", "path": ["monitoring", "stdout"], "values": [{"value": "\n", "step": null, "ts": 1639303422.5215096}]}, "version": 197}
{"obj": {"type": "LogFloats", "path": ["network2", "learning_rate"], "values": [{"value": 0.09010000000000004, "step": null, "ts": 1639303422.5215096}]}, "version": 198}
{"obj": {"type": "LogFloats", "path": ["network2", "train_loss"], "values": [{"value": 0.02412937916815281, "step": null, "ts": 1639303423.6990812}]}, "version": 199}
{"obj": {"type": "LogFloats", "path": ["network2", "validation_loss"], "values": [{"value": 0.07535133510828018, "step": null, "ts": 1639303423.8061867}]}, "version": 200}
{"obj": {"type": "LogStrings", "path": ["monitoring", "stdout"], "values": [{"value": "Training epoch 32", "step": null, "ts": 1639303423.8061867}]}, "version": 201}
{"obj": {"type": "LogStrings", "path": ["monitoring", "stdout"], "values": [{"value": "\n", "step": null, "ts": 1639303423.8071878}]}, "version": 202}
{"obj": {"type": "LogFloats", "path": ["network2", "learning_rate"], "values": [{"value": 0.0802, "step": null, "ts": 1639303423.8071878}]}, "version": 203}
{"obj": {"type": "LogFloats", "path": ["network2", "train_loss"], "values": [{"value": 0.024128017574548723, "step": null, "ts": 1639303424.993233}]}, "version": 204}
{"obj": {"type": "LogFloats", "path": ["network2", "validation_loss"], "values": [{"value": 0.06769706308841705, "step": null, "ts": 1639303425.1013315}]}, "version": 205}
{"obj": {"type": "LogStrings", "path": ["monitoring", "stdout"], "values": [{"value": "Training epoch 33", "step": null, "ts": 1639303425.1013315}]}, "version": 206}
{"obj": {"type": "LogStrings", "path": ["monitoring", "stdout"], "values": [{"value": "\n", "step": null, "ts": 1639303425.1013315}]}, "version": 207}
{"obj": {"type": "LogFloats", "path": ["network2", "learning_rate"], "values": [{"value": 0.07030000000000002, "step": null, "ts": 1639303425.1013315}]}, "version": 208}
{"obj": {"type": "LogFloats", "path": ["network2", "train_loss"], "values": [{"value": 0.022524432092905045, "step": null, "ts": 1639303426.2794857}]}, "version": 209}
{"obj": {"type": "LogFloats", "path": ["network2", "validation_loss"], "values": [{"value": 0.07006889581680298, "step": null, "ts": 1639303426.3855813}]}, "version": 210}
{"obj": {"type": "LogStrings", "path": ["monitoring", "stdout"], "values": [{"value": "Training epoch 34", "step": null, "ts": 1639303426.3865824}]}, "version": 211}
{"obj": {"type": "LogStrings", "path": ["monitoring", "stdout"], "values": [{"value": "\n", "step": null, "ts": 1639303426.3865824}]}, "version": 212}
{"obj": {"type": "LogFloats", "path": ["network2", "learning_rate"], "values": [{"value": 0.06039999999999997, "step": null, "ts": 1639303426.3865824}]}, "version": 213}
{"obj": {"type": "LogFloats", "path": ["network2", "train_loss"], "values": [{"value": 0.023043079860508443, "step": null, "ts": 1639303427.5679832}]}, "version": 214}
{"obj": {"type": "LogFloats", "path": ["network2", "validation_loss"], "values": [{"value": 0.07360684126615524, "step": null, "ts": 1639303427.6740787}]}, "version": 215}
{"obj": {"type": "LogStrings", "path": ["monitoring", "stdout"], "values": [{"value": "Training epoch 35", "step": null, "ts": 1639303427.6750793}]}, "version": 216}
{"obj": {"type": "LogStrings", "path": ["monitoring", "stdout"], "values": [{"value": "\n", "step": null, "ts": 1639303427.6750793}]}, "version": 217}
{"obj": {"type": "LogFloats", "path": ["network2", "learning_rate"], "values": [{"value": 0.0505, "step": null, "ts": 1639303427.6750793}]}, "version": 218}
{"obj": {"type": "LogFloats", "path": ["network2", "train_loss"], "values": [{"value": 0.021046662144362925, "step": null, "ts": 1639303428.8540602}]}, "version": 219}
{"obj": {"type": "LogFloats", "path": ["network2", "validation_loss"], "values": [{"value": 0.0760812759399414, "step": null, "ts": 1639303428.9611568}]}, "version": 220}
{"obj": {"type": "LogStrings", "path": ["monitoring", "stdout"], "values": [{"value": "Training epoch 36", "step": null, "ts": 1639303428.9611568}]}, "version": 221}
{"obj": {"type": "LogStrings", "path": ["monitoring", "stdout"], "values": [{"value": "\n", "step": null, "ts": 1639303428.9611568}]}, "version": 222}
{"obj": {"type": "LogFloats", "path": ["network2", "learning_rate"], "values": [{"value": 0.04060000000000004, "step": null, "ts": 1639303428.9621577}]}, "version": 223}
{"obj": {"type": "LogFloats", "path": ["network2", "train_loss"], "values": [{"value": 0.020117772556841374, "step": null, "ts": 1639303430.137728}]}, "version": 224}
{"obj": {"type": "LogFloats", "path": ["network2", "validation_loss"], "values": [{"value": 0.07352196425199509, "step": null, "ts": 1639303430.244825}]}, "version": 225}
{"obj": {"type": "LogStrings", "path": ["monitoring", "stdout"], "values": [{"value": "Training epoch 37", "step": null, "ts": 1639303430.244825}]}, "version": 226}
{"obj": {"type": "LogStrings", "path": ["monitoring", "stdout"], "values": [{"value": "\n", "step": null, "ts": 1639303430.244825}]}, "version": 227}
{"obj": {"type": "LogFloats", "path": ["network2", "learning_rate"], "values": [{"value": 0.030699999999999984, "step": null, "ts": 1639303430.244825}]}, "version": 228}
{"obj": {"type": "LogFloats", "path": ["monitoring", "cpu"], "values": [{"value": 47.6, "step": null, "ts": 1639303430.7442784}]}, "version": 229}
{"obj": {"type": "LogFloats", "path": ["monitoring", "memory"], "values": [{"value": 9.187191009521484, "step": null, "ts": 1639303430.7442784}]}, "version": 230}
{"obj": {"type": "LogFloats", "path": ["monitoring", "gpu"], "values": [{"value": 72.0, "step": null, "ts": 1639303430.7442784}]}, "version": 231}
{"obj": {"type": "LogFloats", "path": ["monitoring", "gpu_memory"], "values": [{"value": 2.677154541015625, "step": null, "ts": 1639303430.7442784}]}, "version": 232}
{"obj": {"type": "LogFloats", "path": ["network2", "train_loss"], "values": [{"value": 0.01897521074861288, "step": null, "ts": 1639303431.4227066}]}, "version": 233}
{"obj": {"type": "LogFloats", "path": ["network2", "validation_loss"], "values": [{"value": 0.07135510444641113, "step": null, "ts": 1639303431.5290709}]}, "version": 234}
{"obj": {"type": "LogStrings", "path": ["monitoring", "stdout"], "values": [{"value": "Training epoch 38", "step": null, "ts": 1639303431.5290709}]}, "version": 235}
{"obj": {"type": "LogStrings", "path": ["monitoring", "stdout"], "values": [{"value": "\n", "step": null, "ts": 1639303431.5290709}]}, "version": 236}
{"obj": {"type": "LogFloats", "path": ["network2", "learning_rate"], "values": [{"value": 0.02080000000000002, "step": null, "ts": 1639303431.5290709}]}, "version": 237}
{"obj": {"type": "LogFloats", "path": ["network2", "train_loss"], "values": [{"value": 0.01851575020700693, "step": null, "ts": 1639303432.7098072}]}, "version": 238}
{"obj": {"type": "LogFloats", "path": ["network2", "validation_loss"], "values": [{"value": 0.07454690337181091, "step": null, "ts": 1639303432.8169036}]}, "version": 239}
{"obj": {"type": "LogStrings", "path": ["monitoring", "stdout"], "values": [{"value": "Training epoch 39", "step": null, "ts": 1639303432.8179047}]}, "version": 240}
{"obj": {"type": "LogStrings", "path": ["monitoring", "stdout"], "values": [{"value": "\n", "step": null, "ts": 1639303432.8179047}]}, "version": 241}
{"obj": {"type": "LogFloats", "path": ["network2", "learning_rate"], "values": [{"value": 0.010899999999999965, "step": null, "ts": 1639303432.8179047}]}, "version": 242}
{"obj": {"type": "LogFloats", "path": ["network2", "train_loss"], "values": [{"value": 0.01753313895314932, "step": null, "ts": 1639303433.9969788}]}, "version": 243}
{"obj": {"type": "LogFloats", "path": ["network2", "validation_loss"], "values": [{"value": 0.07445632666349411, "step": null, "ts": 1639303434.1020737}]}, "version": 244}
{"obj": {"type": "LogStrings", "path": ["monitoring", "stdout"], "values": [{"value": "Training epoch 40", "step": null, "ts": 1639303434.1020737}]}, "version": 245}
{"obj": {"type": "LogStrings", "path": ["monitoring", "stdout"], "values": [{"value": "\n", "step": null, "ts": 1639303434.1030743}]}, "version": 246}
{"obj": {"type": "LogFloats", "path": ["network2", "learning_rate"], "values": [{"value": 0.001, "step": null, "ts": 1639303434.1030743}]}, "version": 247}
{"obj": {"type": "LogFloats", "path": ["network2", "train_loss"], "values": [{"value": 0.01718377284705639, "step": null, "ts": 1639303435.2884066}]}, "version": 248}
{"obj": {"type": "LogFloats", "path": ["network2", "validation_loss"], "values": [{"value": 0.07441765815019608, "step": null, "ts": 1639303435.3945029}]}, "version": 249}
{"obj": {"type": "LogStrings", "path": ["monitoring", "stdout"], "values": [{"value": "Training epoch 41", "step": null, "ts": 1639303435.3945029}]}, "version": 250}
{"obj": {"type": "LogStrings", "path": ["monitoring", "stdout"], "values": [{"value": "\n", "step": null, "ts": 1639303435.3945029}]}, "version": 251}
{"obj": {"type": "LogFloats", "path": ["network2", "learning_rate"], "values": [{"value": 0.010899999999999965, "step": null, "ts": 1639303435.3945029}]}, "version": 252}
{"obj": {"type": "LogFloats", "path": ["network2", "train_loss"], "values": [{"value": 0.01722634918987751, "step": null, "ts": 1639303436.576576}]}, "version": 253}
{"obj": {"type": "LogFloats", "path": ["network2", "validation_loss"], "values": [{"value": 0.07407549768686295, "step": null, "ts": 1639303436.6836727}]}, "version": 254}
{"obj": {"type": "LogStrings", "path": ["monitoring", "stdout"], "values": [{"value": "Training epoch 42", "step": null, "ts": 1639303436.6836727}]}, "version": 255}
{"obj": {"type": "LogStrings", "path": ["monitoring", "stdout"], "values": [{"value": "\n", "step": null, "ts": 1639303436.6846735}]}, "version": 256}
{"obj": {"type": "LogFloats", "path": ["network2", "learning_rate"], "values": [{"value": 0.02080000000000002, "step": null, "ts": 1639303436.6846735}]}, "version": 257}
{"obj": {"type": "LogFloats", "path": ["network2", "train_loss"], "values": [{"value": 0.017091709189116955, "step": null, "ts": 1639303437.8667464}]}, "version": 258}
{"obj": {"type": "LogFloats", "path": ["network2", "validation_loss"], "values": [{"value": 0.07520630210638046, "step": null, "ts": 1639303437.9718423}]}, "version": 259}
{"obj": {"type": "LogStrings", "path": ["monitoring", "stdout"], "values": [{"value": "Training epoch 43", "step": null, "ts": 1639303437.9718423}]}, "version": 260}
{"obj": {"type": "LogStrings", "path": ["monitoring", "stdout"], "values": [{"value": "\n", "step": null, "ts": 1639303437.9718423}]}, "version": 261}
{"obj": {"type": "LogFloats", "path": ["network2", "learning_rate"], "values": [{"value": 0.030699999999999984, "step": null, "ts": 1639303437.9718423}]}, "version": 262}
{"obj": {"type": "LogFloats", "path": ["network2", "train_loss"], "values": [{"value": 0.01693715192377567, "step": null, "ts": 1639303439.151913}]}, "version": 263}
{"obj": {"type": "LogFloats", "path": ["network2", "validation_loss"], "values": [{"value": 0.07438750565052032, "step": null, "ts": 1639303439.2580087}]}, "version": 264}
{"obj": {"type": "LogStrings", "path": ["monitoring", "stdout"], "values": [{"value": "Training epoch 44", "step": null, "ts": 1639303439.2580087}]}, "version": 265}
{"obj": {"type": "LogStrings", "path": ["monitoring", "stdout"], "values": [{"value": "\n", "step": null, "ts": 1639303439.2590098}]}, "version": 266}
{"obj": {"type": "LogFloats", "path": ["network2", "learning_rate"], "values": [{"value": 0.04060000000000004, "step": null, "ts": 1639303439.2590098}]}, "version": 267}
{"obj": {"type": "LogFloats", "path": ["network2", "train_loss"], "values": [{"value": 0.016822874546051025, "step": null, "ts": 1639303440.4395726}]}, "version": 268}
{"obj": {"type": "LogFloats", "path": ["network2", "validation_loss"], "values": [{"value": 0.07158280909061432, "step": null, "ts": 1639303440.5436678}]}, "version": 269}
{"obj": {"type": "LogStrings", "path": ["monitoring", "stdout"], "values": [{"value": "Training epoch 45", "step": null, "ts": 1639303440.5446684}]}, "version": 270}
{"obj": {"type": "LogStrings", "path": ["monitoring", "stdout"], "values": [{"value": "\n", "step": null, "ts": 1639303440.5446684}]}, "version": 271}
{"obj": {"type": "LogFloats", "path": ["network2", "learning_rate"], "values": [{"value": 0.0505, "step": null, "ts": 1639303440.5446684}]}, "version": 272}
{"obj": {"type": "LogFloats", "path": ["monitoring", "cpu"], "values": [{"value": 46.9, "step": null, "ts": 1639303440.7538576}]}, "version": 273}
{"obj": {"type": "LogFloats", "path": ["monitoring", "memory"], "values": [{"value": 9.160049438476562, "step": null, "ts": 1639303440.7538576}]}, "version": 274}
{"obj": {"type": "LogFloats", "path": ["monitoring", "gpu"], "values": [{"value": 48.0, "step": null, "ts": 1639303440.7538576}]}, "version": 275}
{"obj": {"type": "LogFloats", "path": ["monitoring", "gpu_memory"], "values": [{"value": 2.677154541015625, "step": null, "ts": 1639303440.7538576}]}, "version": 276}
{"obj": {"type": "LogFloats", "path": ["network2", "train_loss"], "values": [{"value": 0.01704521235078573, "step": null, "ts": 1639303441.7274997}]}, "version": 277}
{"obj": {"type": "LogFloats", "path": ["network2", "validation_loss"], "values": [{"value": 0.07330087572336197, "step": null, "ts": 1639303441.8325949}]}, "version": 278}
{"obj": {"type": "LogStrings", "path": ["monitoring", "stdout"], "values": [{"value": "Training epoch 46", "step": null, "ts": 1639303441.8325949}]}, "version": 279}
{"obj": {"type": "LogStrings", "path": ["monitoring", "stdout"], "values": [{"value": "\n", "step": null, "ts": 1639303441.8325949}]}, "version": 280}
{"obj": {"type": "LogFloats", "path": ["network2", "learning_rate"], "values": [{"value": 0.06039999999999997, "step": null, "ts": 1639303441.8325949}]}, "version": 281}
{"obj": {"type": "LogFloats", "path": ["network2", "train_loss"], "values": [{"value": 0.017161422036588193, "step": null, "ts": 1639303443.0086615}]}, "version": 282}
{"obj": {"type": "LogFloats", "path": ["network2", "validation_loss"], "values": [{"value": 0.07323341071605682, "step": null, "ts": 1639303443.1147585}]}, "version": 283}
{"obj": {"type": "LogStrings", "path": ["monitoring", "stdout"], "values": [{"value": "Training epoch 47", "step": null, "ts": 1639303443.1147585}]}, "version": 284}
{"obj": {"type": "LogStrings", "path": ["monitoring", "stdout"], "values": [{"value": "\n", "step": null, "ts": 1639303443.1147585}]}, "version": 285}
{"obj": {"type": "LogFloats", "path": ["network2", "learning_rate"], "values": [{"value": 0.07030000000000002, "step": null, "ts": 1639303443.1147585}]}, "version": 286}
{"obj": {"type": "LogFloats", "path": ["network2", "train_loss"], "values": [{"value": 0.01707752179354429, "step": null, "ts": 1639303444.3028367}]}, "version": 287}
{"obj": {"type": "LogFloats", "path": ["network2", "validation_loss"], "values": [{"value": 0.07254926860332489, "step": null, "ts": 1639303444.4090776}]}, "version": 288}
{"obj": {"type": "LogStrings", "path": ["monitoring", "stdout"], "values": [{"value": "Training epoch 48", "step": null, "ts": 1639303444.4100788}]}, "version": 289}
{"obj": {"type": "LogStrings", "path": ["monitoring", "stdout"], "values": [{"value": "\n", "step": null, "ts": 1639303444.4100788}]}, "version": 290}
{"obj": {"type": "LogFloats", "path": ["network2", "learning_rate"], "values": [{"value": 0.0802, "step": null, "ts": 1639303444.4100788}]}, "version": 291}
{"obj": {"type": "LogFloats", "path": ["network2", "train_loss"], "values": [{"value": 0.01575758010149002, "step": null, "ts": 1639303445.5866737}]}, "version": 292}
{"obj": {"type": "LogFloats", "path": ["network2", "validation_loss"], "values": [{"value": 0.07215330004692078, "step": null, "ts": 1639303445.69377}]}, "version": 293}
{"obj": {"type": "LogStrings", "path": ["monitoring", "stdout"], "values": [{"value": "Training epoch 49", "step": null, "ts": 1639303445.6947713}]}, "version": 294}
{"obj": {"type": "LogStrings", "path": ["monitoring", "stdout"], "values": [{"value": "\n", "step": null, "ts": 1639303445.6947713}]}, "version": 295}
{"obj": {"type": "LogFloats", "path": ["network2", "learning_rate"], "values": [{"value": 0.09010000000000004, "step": null, "ts": 1639303445.6947713}]}, "version": 296}
{"obj": {"type": "LogFloats", "path": ["network2", "train_loss"], "values": [{"value": 0.015997650288045406, "step": null, "ts": 1639303446.8721879}]}, "version": 297}
{"obj": {"type": "LogFloats", "path": ["network2", "validation_loss"], "values": [{"value": 0.07712309807538986, "step": null, "ts": 1639303446.9772825}]}, "version": 298}
{"obj": {"type": "UploadFile", "path": ["network2", "network_weights"], "ext": "pt", "file_path": "C:\\Users\\Marc\\Desktop\\Billeder\\params\\GTA_Unet_test.pt"}, "version": 299}
{"obj": {"type": "LogStrings", "path": ["monitoring", "stdout"], "values": [{"value": "test count:", "step": null, "ts": 1639303447.2341316}]}, "version": 300}
{"obj": {"type": "LogStrings", "path": ["monitoring", "stdout"], "values": [{"value": " ", "step": null, "ts": 1639303447.235132}]}, "version": 301}
{"obj": {"type": "LogStrings", "path": ["monitoring", "stdout"], "values": [{"value": "1", "step": null, "ts": 1639303447.235132}]}, "version": 302}
{"obj": {"type": "LogStrings", "path": ["monitoring", "stdout"], "values": [{"value": "\n", "step": null, "ts": 1639303447.235132}]}, "version": 303}
{"obj": {"type": "LogStrings", "path": ["monitoring", "stdout"], "values": [{"value": "test count:", "step": null, "ts": 1639303448.3190122}]}, "version": 304}
{"obj": {"type": "LogStrings", "path": ["monitoring", "stdout"], "values": [{"value": " ", "step": null, "ts": 1639303448.3190122}]}, "version": 305}
{"obj": {"type": "LogStrings", "path": ["monitoring", "stdout"], "values": [{"value": "2", "step": null, "ts": 1639303448.3200133}]}, "version": 306}
{"obj": {"type": "LogStrings", "path": ["monitoring", "stdout"], "values": [{"value": "\n", "step": null, "ts": 1639303448.3200133}]}, "version": 307}
{"obj": {"type": "LogStrings", "path": ["monitoring", "stdout"], "values": [{"value": "test count:", "step": null, "ts": 1639303449.419568}]}, "version": 308}
{"obj": {"type": "LogStrings", "path": ["monitoring", "stdout"], "values": [{"value": " ", "step": null, "ts": 1639303449.4205692}]}, "version": 309}
{"obj": {"type": "LogStrings", "path": ["monitoring", "stdout"], "values": [{"value": "3", "step": null, "ts": 1639303449.4205692}]}, "version": 310}
{"obj": {"type": "LogStrings", "path": ["monitoring", "stdout"], "values": [{"value": "\n", "step": null, "ts": 1639303449.4205692}]}, "version": 311}
{"obj": {"type": "LogStrings", "path": ["monitoring", "stdout"], "values": [{"value": "test count:", "step": null, "ts": 1639303450.5149083}]}, "version": 312}
{"obj": {"type": "LogStrings", "path": ["monitoring", "stdout"], "values": [{"value": " ", "step": null, "ts": 1639303450.5149083}]}, "version": 313}
{"obj": {"type": "LogStrings", "path": ["monitoring", "stdout"], "values": [{"value": "4", "step": null, "ts": 1639303450.5149083}]}, "version": 314}
{"obj": {"type": "LogStrings", "path": ["monitoring", "stdout"], "values": [{"value": "\n", "step": null, "ts": 1639303450.5149083}]}, "version": 315}
{"obj": {"type": "LogFloats", "path": ["monitoring", "cpu"], "values": [{"value": 38.4, "step": null, "ts": 1639303450.7761457}]}, "version": 316}
{"obj": {"type": "LogFloats", "path": ["monitoring", "memory"], "values": [{"value": 9.235458374023438, "step": null, "ts": 1639303450.7761457}]}, "version": 317}
{"obj": {"type": "LogFloats", "path": ["monitoring", "gpu_memory"], "values": [{"value": 2.677154541015625, "step": null, "ts": 1639303450.7761457}]}, "version": 318}
{"obj": {"type": "LogStrings", "path": ["monitoring", "stdout"], "values": [{"value": "test count:", "step": null, "ts": 1639303451.612905}]}, "version": 319}
{"obj": {"type": "LogStrings", "path": ["monitoring", "stdout"], "values": [{"value": " ", "step": null, "ts": 1639303451.612905}]}, "version": 320}
{"obj": {"type": "LogStrings", "path": ["monitoring", "stdout"], "values": [{"value": "5", "step": null, "ts": 1639303451.612905}]}, "version": 321}
{"obj": {"type": "LogStrings", "path": ["monitoring", "stdout"], "values": [{"value": "\n", "step": null, "ts": 1639303451.612905}]}, "version": 322}
{"obj": {"type": "LogStrings", "path": ["monitoring", "stdout"], "values": [{"value": "test count:", "step": null, "ts": 1639303452.7109182}]}, "version": 323}
{"obj": {"type": "LogStrings", "path": ["monitoring", "stdout"], "values": [{"value": " ", "step": null, "ts": 1639303452.7109182}]}, "version": 324}
{"obj": {"type": "LogStrings", "path": ["monitoring", "stdout"], "values": [{"value": "6", "step": null, "ts": 1639303452.7109182}]}, "version": 325}
{"obj": {"type": "LogStrings", "path": ["monitoring", "stdout"], "values": [{"value": "\n", "step": null, "ts": 1639303452.7109182}]}, "version": 326}
{"obj": {"type": "LogStrings", "path": ["monitoring", "stdout"], "values": [{"value": "test count:", "step": null, "ts": 1639303453.7989082}]}, "version": 327}
{"obj": {"type": "LogStrings", "path": ["monitoring", "stdout"], "values": [{"value": " ", "step": null, "ts": 1639303453.7989082}]}, "version": 328}
{"obj": {"type": "LogStrings", "path": ["monitoring", "stdout"], "values": [{"value": "7", "step": null, "ts": 1639303453.7989082}]}, "version": 329}
{"obj": {"type": "LogStrings", "path": ["monitoring", "stdout"], "values": [{"value": "\n", "step": null, "ts": 1639303453.7989082}]}, "version": 330}
{"obj": {"type": "LogStrings", "path": ["monitoring", "stdout"], "values": [{"value": "test count:", "step": null, "ts": 1639303454.8828924}]}, "version": 331}
{"obj": {"type": "LogStrings", "path": ["monitoring", "stdout"], "values": [{"value": " ", "step": null, "ts": 1639303454.8828924}]}, "version": 332}
{"obj": {"type": "LogStrings", "path": ["monitoring", "stdout"], "values": [{"value": "8", "step": null, "ts": 1639303454.8838928}]}, "version": 333}
{"obj": {"type": "LogStrings", "path": ["monitoring", "stdout"], "values": [{"value": "\n", "step": null, "ts": 1639303454.8838928}]}, "version": 334}
{"obj": {"type": "LogStrings", "path": ["monitoring", "stdout"], "values": [{"value": "test count:", "step": null, "ts": 1639303455.9732943}]}, "version": 335}
{"obj": {"type": "LogStrings", "path": ["monitoring", "stdout"], "values": [{"value": " ", "step": null, "ts": 1639303455.9732943}]}, "version": 336}
{"obj": {"type": "LogStrings", "path": ["monitoring", "stdout"], "values": [{"value": "9", "step": null, "ts": 1639303455.9732943}]}, "version": 337}
{"obj": {"type": "LogStrings", "path": ["monitoring", "stdout"], "values": [{"value": "\n", "step": null, "ts": 1639303455.9732943}]}, "version": 338}
{"obj": {"type": "LogStrings", "path": ["monitoring", "stdout"], "values": [{"value": "test count:", "step": null, "ts": 1639303457.0853028}]}, "version": 339}
{"obj": {"type": "LogStrings", "path": ["monitoring", "stdout"], "values": [{"value": " ", "step": null, "ts": 1639303457.0853028}]}, "version": 340}
{"obj": {"type": "LogStrings", "path": ["monitoring", "stdout"], "values": [{"value": "10", "step": null, "ts": 1639303457.0853028}]}, "version": 341}
{"obj": {"type": "LogStrings", "path": ["monitoring", "stdout"], "values": [{"value": "\n", "step": null, "ts": 1639303457.0853028}]}, "version": 342}
{"obj": {"type": "LogStrings", "path": ["monitoring", "stdout"], "values": [{"value": "0.7413611111111111", "step": null, "ts": 1639303458.1159222}]}, "version": 343}
{"obj": {"type": "LogStrings", "path": ["monitoring", "stdout"], "values": [{"value": "\n", "step": null, "ts": 1639303458.1159222}]}, "version": 344}
{"obj": {"type": "LogFloats", "path": ["network2", "test_accuracy_per_pic"], "values": [{"value": 0.7569444444444444, "step": null, "ts": 1639303458.1169229}, {"value": 0.7358333333333333, "step": null, "ts": 1639303458.1169229}, {"value": 0.7758333333333334, "step": null, "ts": 1639303458.1169229}, {"value": 0.72, "step": null, "ts": 1639303458.1169229}, {"value": 0.7555555555555555, "step": null, "ts": 1639303458.1169229}, {"value": 0.7608333333333334, "step": null, "ts": 1639303458.1169229}, {"value": 0.7683333333333333, "step": null, "ts": 1639303458.1169229}, {"value": 0.7258333333333333, "step": null, "ts": 1639303458.1169229}, {"value": 0.7030555555555555, "step": null, "ts": 1639303458.1169229}, {"value": 0.7113888888888888, "step": null, "ts": 1639303458.1169229}]}, "version": 345}
{"obj": {"type": "LogFloats", "path": ["network2", "mean_test_accuracy"], "values": [{"value": 0.7413611111111111, "step": null, "ts": 1639303458.1169229}]}, "version": 346}
