{"obj": {"type": "AssignString", "path": ["sys", "name"], "value": "Untitled"}, "version": 1}
{"obj": {"type": "AssignString", "path": ["sys", "description"], "value": ""}, "version": 2}
{"obj": {"type": "AssignString", "path": ["sys", "hostname"], "value": "DESKTOP-SDMAFDQ"}, "version": 3}
{"obj": {"type": "AssignBool", "path": ["sys", "failed"], "value": false}, "version": 4}
{"obj": {"type": "ClearStringLog", "path": ["monitoring", "stdout"]}, "version": 5}
{"obj": {"type": "ClearStringLog", "path": ["monitoring", "stderr"]}, "version": 6}
{"obj": {"type": "AssignString", "path": ["source_code", "entrypoint"], "value": "trainer.py"}, "version": 7}
{"obj": {"type": "UploadFileSet", "path": ["source_code", "files"], "file_globs": ["C:\\Users\\Marc\\Documents\\GitHub\\Deep_final\\trainer.py"], "reset": "False"}, "version": 8}
{"obj": {"type": "ConfigFloatSeries", "path": ["monitoring", "cpu"], "min": 0.0, "max": 100.0, "unit": "%"}, "version": 9}
{"obj": {"type": "ClearFloatLog", "path": ["monitoring", "cpu"]}, "version": 10}
{"obj": {"type": "ConfigFloatSeries", "path": ["monitoring", "memory"], "min": 0.0, "max": 15.387199401855469, "unit": "GB"}, "version": 11}
{"obj": {"type": "ClearFloatLog", "path": ["monitoring", "memory"]}, "version": 12}
{"obj": {"type": "ConfigFloatSeries", "path": ["monitoring", "gpu"], "min": 0.0, "max": 100.0, "unit": "%"}, "version": 13}
{"obj": {"type": "ClearFloatLog", "path": ["monitoring", "gpu"]}, "version": 14}
{"obj": {"type": "ConfigFloatSeries", "path": ["monitoring", "gpu_memory"], "min": 0.0, "max": 4.0, "unit": "GB"}, "version": 15}
{"obj": {"type": "ClearFloatLog", "path": ["monitoring", "gpu_memory"]}, "version": 16}
{"obj": {"type": "LogFloats", "path": ["monitoring", "cpu"], "values": [{"value": 7.5, "step": null, "ts": 1639229408.1075134}]}, "version": 17}
{"obj": {"type": "LogFloats", "path": ["monitoring", "memory"], "values": [{"value": 6.496955871582031, "step": null, "ts": 1639229408.1075134}]}, "version": 18}
{"obj": {"type": "LogFloats", "path": ["monitoring", "gpu"], "values": [{"value": 3.0, "step": null, "ts": 1639229408.1075134}]}, "version": 19}
{"obj": {"type": "LogFloats", "path": ["monitoring", "gpu_memory"], "values": [{"value": 0.1529541015625, "step": null, "ts": 1639229408.1075134}]}, "version": 20}
{"obj": {"type": "AssignFloat", "path": ["network network2", "parameters", "learning_rate"], "value": 0.1}, "version": 21}
{"obj": {"type": "AssignFloat", "path": ["network network2", "parameters", "momentum"], "value": 0.9}, "version": 22}
{"obj": {"type": "AssignString", "path": ["network network2", "parameters", "optimizer"], "value": "SGD"}, "version": 23}
{"obj": {"type": "AssignString", "path": ["network network2", "parameters", "loss_function"], "value": "MSEloss"}, "version": 24}
{"obj": {"type": "AssignString", "path": ["network network2", "parameters", "model"], "value": "GTA_Unet"}, "version": 25}
{"obj": {"type": "AssignString", "path": ["network network2", "parameters", "scheduler"], "value": "ReduceLROnPlateau"}, "version": 26}
{"obj": {"type": "LogStrings", "path": ["monitoring", "stdout"], "values": [{"value": "Training epoch 0", "step": null, "ts": 1639229408.327712}]}, "version": 27}
{"obj": {"type": "LogStrings", "path": ["monitoring", "stdout"], "values": [{"value": "\n", "step": null, "ts": 1639229408.327712}]}, "version": 28}
{"obj": {"type": "LogFloats", "path": ["monitoring", "cpu"], "values": [{"value": 41.8, "step": null, "ts": 1639229418.1164677}]}, "version": 29}
{"obj": {"type": "LogFloats", "path": ["monitoring", "memory"], "values": [{"value": 7.852420806884766, "step": null, "ts": 1639229418.1164677}]}, "version": 30}
{"obj": {"type": "LogFloats", "path": ["monitoring", "gpu"], "values": [{"value": 76.0, "step": null, "ts": 1639229418.1164677}]}, "version": 31}
{"obj": {"type": "LogFloats", "path": ["monitoring", "gpu_memory"], "values": [{"value": 2.070098876953125, "step": null, "ts": 1639229418.1164677}]}, "version": 32}
{"obj": {"type": "LogFloats", "path": ["network network2", "train_loss"], "values": [{"value": 0.046780825015157464, "step": null, "ts": 1639229421.2925174}]}, "version": 33}
{"obj": {"type": "LogFloats", "path": ["network network2", "validation_loss"], "values": [{"value": 0.03105027452111244, "step": null, "ts": 1639229422.390514}]}, "version": 34}
{"obj": {"type": "LogStrings", "path": ["monitoring", "traceback"], "values": [{"value": "An uncaught exception occurred while run was active on worker DESKTOP-SDMAFDQ.", "step": null, "ts": 1639229422.3915148}, {"value": "Marking run as failed", "step": null, "ts": 1639229422.3915148}, {"value": "Traceback:", "step": null, "ts": 1639229422.3915148}, {"value": "  File \"C:\\Users\\Marc\\Documents\\GitHub\\Deep_final\\trainer.py\", line 129, in <module>\n    print(scheduler.item())\n", "step": null, "ts": 1639229422.3915148}, {"value": "'ReduceLROnPlateau' object has no attribute 'item'", "step": null, "ts": 1639229422.3915148}]}, "version": 35}
{"obj": {"type": "AssignBool", "path": ["sys", "failed"], "value": true}, "version": 36}
{"obj": {"type": "LogStrings", "path": ["monitoring", "stderr"], "values": [{"value": "Traceback (most recent call last):\n", "step": null, "ts": 1639229422.3915148}]}, "version": 37}
{"obj": {"type": "LogStrings", "path": ["monitoring", "stderr"], "values": [{"value": "  File \"C:\\Users\\Marc\\Documents\\GitHub\\Deep_final\\trainer.py\", line 129, in <module>\n", "step": null, "ts": 1639229422.3925161}]}, "version": 38}
{"obj": {"type": "LogStrings", "path": ["monitoring", "stderr"], "values": [{"value": "    ", "step": null, "ts": 1639229422.3925161}]}, "version": 39}
{"obj": {"type": "LogStrings", "path": ["monitoring", "stderr"], "values": [{"value": "print(scheduler.item())", "step": null, "ts": 1639229422.3925161}]}, "version": 40}
{"obj": {"type": "LogStrings", "path": ["monitoring", "stderr"], "values": [{"value": "\n", "step": null, "ts": 1639229422.3925161}]}, "version": 41}
{"obj": {"type": "LogStrings", "path": ["monitoring", "stderr"], "values": [{"value": "AttributeError", "step": null, "ts": 1639229422.3935163}]}, "version": 42}
{"obj": {"type": "LogStrings", "path": ["monitoring", "stderr"], "values": [{"value": ": ", "step": null, "ts": 1639229422.3935163}]}, "version": 43}
{"obj": {"type": "LogStrings", "path": ["monitoring", "stderr"], "values": [{"value": "'ReduceLROnPlateau' object has no attribute 'item'", "step": null, "ts": 1639229422.3935163}]}, "version": 44}
{"obj": {"type": "LogStrings", "path": ["monitoring", "stderr"], "values": [{"value": "\n", "step": null, "ts": 1639229422.3935163}]}, "version": 45}
