{"obj": {"type": "LogFloats", "path": ["monitoring", "cpu"], "values": [{"value": 8.2, "step": null, "ts": 1639298448.4644794}]}, "version": 1}
{"obj": {"type": "LogFloats", "path": ["monitoring", "memory"], "values": [{"value": 6.955005645751953, "step": null, "ts": 1639298448.4644794}]}, "version": 2}
{"obj": {"type": "LogFloats", "path": ["monitoring", "gpu_memory"], "values": [{"value": 0.051025390625, "step": null, "ts": 1639298448.4644794}]}, "version": 3}
{"obj": {"type": "LogStrings", "path": ["monitoring", "stdout"], "values": [{"value": "OrderedDict([('inc.double_conv.0.weight', tensor([[[[ 0.1535, -0.1866,  0.0685],\n          [-0.0835,  0.0129, -0.1563],\n          [ 0.1615,  0.1046, -0.0049]],\n\n         [[-0.1308,  0.0741,  0.1269],\n          [ 0.0296, -0.2039,  0.0524],\n          [-0.0901, -0.0794, -0.1018]],\n\n         [[-0.1506,  0.0054, -0.1179],\n          [ 0.0276, -0.1099,  0.0295],\n          [ 0.1541, -0.1375,  0.1193]]],\n\n\n        [[[ 0.0244, -0.1606, -0.0960],\n          [-0.2045, -0.1709,  0.0950],\n          [ 0.0059, -0.2091,  0.0941]],\n\n         [[ 0.0731,  0.1063, -0.0715],\n          [-0.1362,  0.0265,  0.0387],\n          [-0.1454, -0.0838,  0.0513]],\n\n         [[ 0.1568,  0.1320,  0.1767],\n          [-0.1299, -0.0248,  0.0899],\n          [ 0.1819,  0.0514,  0.0976]]],\n\n\n        [[[ 0.1307, -0.1138, -0.1205],\n          [-0.1520, -0.0533,  0.0755],\n          [-0.1183,  0.0192, -0.2177]],\n\n         [[-0.0764,  0.1704,  0.1059],\n          [-0.0754, -0.1068, -0.0850],\n          [ 0.0024,  0.1145,  0.1530]],\n\n  ", "step": null, "ts": 1639298448.8645425}]}, "version": 4}
{"obj": {"type": "LogStrings", "path": ["monitoring", "stdout"], "values": [{"value": "\n", "step": null, "ts": 1639298448.8655434}]}, "version": 5}
{"obj": {"type": "LogStrings", "path": ["monitoring", "traceback"], "values": [{"value": "An uncaught exception occurred while run was active on worker DESKTOP-SDMAFDQ.", "step": null, "ts": 1639298448.8665445}, {"value": "Marking run as failed", "step": null, "ts": 1639298448.8665445}, {"value": "Traceback:", "step": null, "ts": 1639298448.8665445}, {"value": "  File \"C:\\Users\\Marc\\Documents\\GitHub\\Deep_final\\neptune test.py\", line 22, in <module>\n    model.load_state_dict(net.iloc[0][\"value\"])\n", "step": null, "ts": 1639298448.8665445}, {"value": "  File \"C:\\Users\\Marc\\anaconda3\\envs\\deep\\lib\\site-packages\\torch\\nn\\modules\\module.py\", line 1455, in load_state_dict\n    state_dict = state_dict.copy()\n", "step": null, "ts": 1639298448.8665445}, {"value": "'str' object has no attribute 'copy'", "step": null, "ts": 1639298448.8665445}]}, "version": 6}
{"obj": {"type": "AssignBool", "path": ["sys", "failed"], "value": true}, "version": 7}
{"obj": {"type": "LogStrings", "path": ["monitoring", "stderr"], "values": [{"value": "Traceback (most recent call last):\n", "step": null, "ts": 1639298448.8675451}]}, "version": 8}
{"obj": {"type": "LogStrings", "path": ["monitoring", "stderr"], "values": [{"value": "  File \"C:\\Users\\Marc\\Documents\\GitHub\\Deep_final\\neptune test.py\", line 22, in <module>\n", "step": null, "ts": 1639298448.8675451}]}, "version": 9}
{"obj": {"type": "LogStrings", "path": ["monitoring", "stderr"], "values": [{"value": "    ", "step": null, "ts": 1639298448.8675451}]}, "version": 10}
{"obj": {"type": "LogStrings", "path": ["monitoring", "stderr"], "values": [{"value": "model.load_state_dict(net.iloc[0][\"value\"])", "step": null, "ts": 1639298448.8675451}]}, "version": 11}
{"obj": {"type": "LogStrings", "path": ["monitoring", "stderr"], "values": [{"value": "\n", "step": null, "ts": 1639298448.8675451}]}, "version": 12}
{"obj": {"type": "LogStrings", "path": ["monitoring", "stderr"], "values": [{"value": "  File \"C:\\Users\\Marc\\anaconda3\\envs\\deep\\lib\\site-packages\\torch\\nn\\modules\\module.py\", line 1455, in load_state_dict\n", "step": null, "ts": 1639298448.8685458}]}, "version": 13}
{"obj": {"type": "LogStrings", "path": ["monitoring", "stderr"], "values": [{"value": "    ", "step": null, "ts": 1639298448.869547}]}, "version": 14}
{"obj": {"type": "LogStrings", "path": ["monitoring", "stderr"], "values": [{"value": "state_dict = state_dict.copy()", "step": null, "ts": 1639298448.869547}]}, "version": 15}
{"obj": {"type": "LogStrings", "path": ["monitoring", "stderr"], "values": [{"value": "\n", "step": null, "ts": 1639298448.869547}]}, "version": 16}
{"obj": {"type": "LogStrings", "path": ["monitoring", "stderr"], "values": [{"value": "AttributeError", "step": null, "ts": 1639298448.869547}]}, "version": 17}
{"obj": {"type": "LogStrings", "path": ["monitoring", "stderr"], "values": [{"value": ": ", "step": null, "ts": 1639298448.869547}]}, "version": 18}
{"obj": {"type": "LogStrings", "path": ["monitoring", "stderr"], "values": [{"value": "'str' object has no attribute 'copy'", "step": null, "ts": 1639298448.869547}]}, "version": 19}
{"obj": {"type": "LogStrings", "path": ["monitoring", "stderr"], "values": [{"value": "\n", "step": null, "ts": 1639298448.869547}]}, "version": 20}
