{"obj": {"type": "AssignString", "path": ["sys", "name"], "value": "Untitled"}, "version": 1}
{"obj": {"type": "AssignString", "path": ["sys", "description"], "value": ""}, "version": 2}
{"obj": {"type": "AssignString", "path": ["sys", "hostname"], "value": "DESKTOP-SDMAFDQ"}, "version": 3}
{"obj": {"type": "AssignBool", "path": ["sys", "failed"], "value": false}, "version": 4}
{"obj": {"type": "ClearStringLog", "path": ["monitoring", "stdout"]}, "version": 5}
{"obj": {"type": "ClearStringLog", "path": ["monitoring", "stderr"]}, "version": 6}
{"obj": {"type": "AssignString", "path": ["source_code", "entrypoint"], "value": "trainer.py"}, "version": 7}
{"obj": {"type": "UploadFileSet", "path": ["source_code", "files"], "file_globs": ["C:\\Users\\Marc\\Documents\\GitHub\\Deep_final\\trainer.py"], "reset": "False"}, "version": 8}
{"obj": {"type": "ConfigFloatSeries", "path": ["monitoring", "cpu"], "min": 0.0, "max": 100.0, "unit": "%"}, "version": 9}
{"obj": {"type": "ClearFloatLog", "path": ["monitoring", "cpu"]}, "version": 10}
{"obj": {"type": "ConfigFloatSeries", "path": ["monitoring", "memory"], "min": 0.0, "max": 15.387199401855469, "unit": "GB"}, "version": 11}
{"obj": {"type": "ClearFloatLog", "path": ["monitoring", "memory"]}, "version": 12}
{"obj": {"type": "ConfigFloatSeries", "path": ["monitoring", "gpu"], "min": 0.0, "max": 100.0, "unit": "%"}, "version": 13}
{"obj": {"type": "ClearFloatLog", "path": ["monitoring", "gpu"]}, "version": 14}
{"obj": {"type": "ConfigFloatSeries", "path": ["monitoring", "gpu_memory"], "min": 0.0, "max": 4.0, "unit": "GB"}, "version": 15}
{"obj": {"type": "ClearFloatLog", "path": ["monitoring", "gpu_memory"]}, "version": 16}
{"obj": {"type": "LogFloats", "path": ["monitoring", "cpu"], "values": [{"value": 8.2, "step": null, "ts": 1639301670.9348052}]}, "version": 17}
{"obj": {"type": "LogFloats", "path": ["monitoring", "memory"], "values": [{"value": 7.480400085449219, "step": null, "ts": 1639301670.9348052}]}, "version": 18}
{"obj": {"type": "LogFloats", "path": ["monitoring", "gpu_memory"], "values": [{"value": 0.051025390625, "step": null, "ts": 1639301670.9348052}]}, "version": 19}
{"obj": {"type": "AssignFloat", "path": ["network2", "parameters", "momentum"], "value": 0.9}, "version": 20}
{"obj": {"type": "AssignString", "path": ["network2", "parameters", "optimizer"], "value": "SGD"}, "version": 21}
{"obj": {"type": "AssignString", "path": ["network2", "parameters", "loss_function"], "value": "MSEloss"}, "version": 22}
{"obj": {"type": "AssignString", "path": ["network2", "parameters", "model"], "value": "GTA_Unet"}, "version": 23}
{"obj": {"type": "AssignString", "path": ["network2", "parameters", "scheduler"], "value": "ReduceLROnPlateau"}, "version": 24}
{"obj": {"type": "LogStrings", "path": ["monitoring", "stdout"], "values": [{"value": "Training epoch 0", "step": null, "ts": 1639301671.1620119}]}, "version": 25}
{"obj": {"type": "LogStrings", "path": ["monitoring", "stdout"], "values": [{"value": "\n", "step": null, "ts": 1639301671.1620119}]}, "version": 26}
{"obj": {"type": "LogFloats", "path": ["network2", "learning_rate"], "values": [{"value": 0.1, "step": null, "ts": 1639301671.1620119}]}, "version": 27}
{"obj": {"type": "LogFloats", "path": ["network2", "train_loss"], "values": [{"value": 0.10004851669073105, "step": null, "ts": 1639301673.8312283}]}, "version": 28}
{"obj": {"type": "LogFloats", "path": ["network2", "validation_loss"], "values": [{"value": 0.09825685620307922, "step": null, "ts": 1639301673.9393263}]}, "version": 29}
{"obj": {"type": "LogStrings", "path": ["monitoring", "stdout"], "values": [{"value": "Training epoch 1", "step": null, "ts": 1639301673.9403272}]}, "version": 30}
{"obj": {"type": "LogStrings", "path": ["monitoring", "stdout"], "values": [{"value": "\n", "step": null, "ts": 1639301673.9403272}]}, "version": 31}
{"obj": {"type": "LogFloats", "path": ["network2", "learning_rate"], "values": [{"value": 0.1, "step": null, "ts": 1639301673.9403272}]}, "version": 32}
{"obj": {"type": "LogFloats", "path": ["network2", "train_loss"], "values": [{"value": 0.08909258246421814, "step": null, "ts": 1639301675.0693517}]}, "version": 33}
{"obj": {"type": "LogFloats", "path": ["network2", "validation_loss"], "values": [{"value": 0.08797319233417511, "step": null, "ts": 1639301675.1784506}]}, "version": 34}
{"obj": {"type": "LogStrings", "path": ["monitoring", "stdout"], "values": [{"value": "Training epoch 2", "step": null, "ts": 1639301675.1784506}]}, "version": 35}
{"obj": {"type": "LogStrings", "path": ["monitoring", "stdout"], "values": [{"value": "\n", "step": null, "ts": 1639301675.1784506}]}, "version": 36}
{"obj": {"type": "LogFloats", "path": ["network2", "learning_rate"], "values": [{"value": 0.1, "step": null, "ts": 1639301675.1794517}]}, "version": 37}
{"obj": {"type": "LogFloats", "path": ["network2", "train_loss"], "values": [{"value": 0.0670376367866993, "step": null, "ts": 1639301676.3074758}]}, "version": 38}
{"obj": {"type": "LogFloats", "path": ["network2", "validation_loss"], "values": [{"value": 0.07605131715536118, "step": null, "ts": 1639301676.415574}]}, "version": 39}
{"obj": {"type": "LogStrings", "path": ["monitoring", "stdout"], "values": [{"value": "Training epoch 3", "step": null, "ts": 1639301676.415574}]}, "version": 40}
{"obj": {"type": "LogStrings", "path": ["monitoring", "stdout"], "values": [{"value": "\n", "step": null, "ts": 1639301676.4165747}]}, "version": 41}
{"obj": {"type": "LogFloats", "path": ["network2", "learning_rate"], "values": [{"value": 0.1, "step": null, "ts": 1639301676.4165747}]}, "version": 42}
{"obj": {"type": "LogFloats", "path": ["network2", "train_loss"], "values": [{"value": 0.048406756669282916, "step": null, "ts": 1639301677.545599}]}, "version": 43}
{"obj": {"type": "LogFloats", "path": ["network2", "validation_loss"], "values": [{"value": 0.07483740895986557, "step": null, "ts": 1639301677.6526961}]}, "version": 44}
{"obj": {"type": "LogStrings", "path": ["monitoring", "stdout"], "values": [{"value": "Training epoch 4", "step": null, "ts": 1639301677.6526961}]}, "version": 45}
{"obj": {"type": "LogStrings", "path": ["monitoring", "stdout"], "values": [{"value": "\n", "step": null, "ts": 1639301677.6526961}]}, "version": 46}
{"obj": {"type": "LogFloats", "path": ["network2", "learning_rate"], "values": [{"value": 0.1, "step": null, "ts": 1639301677.6526961}]}, "version": 47}
{"obj": {"type": "LogFloats", "path": ["network2", "train_loss"], "values": [{"value": 0.036815055459737775, "step": null, "ts": 1639301678.7795537}]}, "version": 48}
{"obj": {"type": "LogFloats", "path": ["network2", "validation_loss"], "values": [{"value": 0.07123902440071106, "step": null, "ts": 1639301678.8866575}]}, "version": 49}
{"obj": {"type": "LogStrings", "path": ["monitoring", "stdout"], "values": [{"value": "Training epoch 5", "step": null, "ts": 1639301678.8876586}]}, "version": 50}
{"obj": {"type": "LogStrings", "path": ["monitoring", "stdout"], "values": [{"value": "\n", "step": null, "ts": 1639301678.8876586}]}, "version": 51}
{"obj": {"type": "LogFloats", "path": ["network2", "learning_rate"], "values": [{"value": 0.1, "step": null, "ts": 1639301678.8876586}]}, "version": 52}
{"obj": {"type": "LogFloats", "path": ["network2", "train_loss"], "values": [{"value": 0.028493324294686317, "step": null, "ts": 1639301680.010229}]}, "version": 53}
{"obj": {"type": "LogFloats", "path": ["network2", "validation_loss"], "values": [{"value": 0.059402842074632645, "step": null, "ts": 1639301680.1189916}]}, "version": 54}
{"obj": {"type": "LogStrings", "path": ["monitoring", "stdout"], "values": [{"value": "Training epoch 6", "step": null, "ts": 1639301680.1189916}]}, "version": 55}
{"obj": {"type": "LogStrings", "path": ["monitoring", "stdout"], "values": [{"value": "\n", "step": null, "ts": 1639301680.1199923}]}, "version": 56}
{"obj": {"type": "LogFloats", "path": ["network2", "learning_rate"], "values": [{"value": 0.1, "step": null, "ts": 1639301680.1199923}]}, "version": 57}
{"obj": {"type": "LogFloats", "path": ["monitoring", "cpu"], "values": [{"value": 40.6, "step": null, "ts": 1639301680.9532897}]}, "version": 58}
{"obj": {"type": "LogFloats", "path": ["monitoring", "memory"], "values": [{"value": 9.041252136230469, "step": null, "ts": 1639301680.9532897}]}, "version": 59}
{"obj": {"type": "LogFloats", "path": ["monitoring", "gpu"], "values": [{"value": 73.0, "step": null, "ts": 1639301680.9532897}]}, "version": 60}
{"obj": {"type": "LogFloats", "path": ["monitoring", "gpu_memory"], "values": [{"value": 2.559967041015625, "step": null, "ts": 1639301680.9532897}]}, "version": 61}
{"obj": {"type": "LogFloats", "path": ["network2", "train_loss"], "values": [{"value": 0.024274545162916182, "step": null, "ts": 1639301681.2415514}]}, "version": 62}
{"obj": {"type": "LogFloats", "path": ["network2", "validation_loss"], "values": [{"value": 0.07320928573608398, "step": null, "ts": 1639301681.3476477}]}, "version": 63}
{"obj": {"type": "LogStrings", "path": ["monitoring", "stdout"], "values": [{"value": "Training epoch 7", "step": null, "ts": 1639301681.3486488}]}, "version": 64}
{"obj": {"type": "LogStrings", "path": ["monitoring", "stdout"], "values": [{"value": "\n", "step": null, "ts": 1639301681.3486488}]}, "version": 65}
{"obj": {"type": "LogFloats", "path": ["network2", "learning_rate"], "values": [{"value": 0.1, "step": null, "ts": 1639301681.3486488}]}, "version": 66}
{"obj": {"type": "LogFloats", "path": ["network2", "train_loss"], "values": [{"value": 0.019751690700650214, "step": null, "ts": 1639301682.4726684}]}, "version": 67}
{"obj": {"type": "LogFloats", "path": ["network2", "validation_loss"], "values": [{"value": 0.0594341903924942, "step": null, "ts": 1639301682.5807667}]}, "version": 68}
{"obj": {"type": "LogStrings", "path": ["monitoring", "stdout"], "values": [{"value": "Training epoch 8", "step": null, "ts": 1639301682.5817678}]}, "version": 69}
{"obj": {"type": "LogStrings", "path": ["monitoring", "stdout"], "values": [{"value": "\n", "step": null, "ts": 1639301682.5817678}]}, "version": 70}
{"obj": {"type": "LogFloats", "path": ["network2", "learning_rate"], "values": [{"value": 0.1, "step": null, "ts": 1639301682.5817678}]}, "version": 71}
{"obj": {"type": "LogFloats", "path": ["network2", "train_loss"], "values": [{"value": 0.018985688872635364, "step": null, "ts": 1639301683.7037857}]}, "version": 72}
{"obj": {"type": "LogFloats", "path": ["network2", "validation_loss"], "values": [{"value": 0.06294042617082596, "step": null, "ts": 1639301683.8128848}]}, "version": 73}
{"obj": {"type": "LogStrings", "path": ["monitoring", "stdout"], "values": [{"value": "Training epoch 9", "step": null, "ts": 1639301683.8128848}]}, "version": 74}
{"obj": {"type": "LogStrings", "path": ["monitoring", "stdout"], "values": [{"value": "\n", "step": null, "ts": 1639301683.8128848}]}, "version": 75}
{"obj": {"type": "LogFloats", "path": ["network2", "learning_rate"], "values": [{"value": 0.1, "step": null, "ts": 1639301683.8128848}]}, "version": 76}
{"obj": {"type": "LogFloats", "path": ["network2", "train_loss"], "values": [{"value": 0.01705271881073713, "step": null, "ts": 1639301684.932212}]}, "version": 77}
{"obj": {"type": "LogFloats", "path": ["network2", "validation_loss"], "values": [{"value": 0.06281662732362747, "step": null, "ts": 1639301685.0393102}]}, "version": 78}
{"obj": {"type": "LogStrings", "path": ["monitoring", "stdout"], "values": [{"value": "Training epoch 10", "step": null, "ts": 1639301685.0393102}]}, "version": 79}
{"obj": {"type": "LogStrings", "path": ["monitoring", "stdout"], "values": [{"value": "\n", "step": null, "ts": 1639301685.0393102}]}, "version": 80}
{"obj": {"type": "LogFloats", "path": ["network2", "learning_rate"], "values": [{"value": 0.010000000000000002, "step": null, "ts": 1639301685.0403106}]}, "version": 81}
{"obj": {"type": "LogFloats", "path": ["network2", "train_loss"], "values": [{"value": 0.014525964111089706, "step": null, "ts": 1639301686.1651995}]}, "version": 82}
{"obj": {"type": "LogFloats", "path": ["network2", "validation_loss"], "values": [{"value": 0.06215572729706764, "step": null, "ts": 1639301686.2732975}]}, "version": 83}
{"obj": {"type": "LogStrings", "path": ["monitoring", "stdout"], "values": [{"value": "Training epoch 11", "step": null, "ts": 1639301686.2742987}]}, "version": 84}
{"obj": {"type": "LogStrings", "path": ["monitoring", "stdout"], "values": [{"value": "\n", "step": null, "ts": 1639301686.2742987}]}, "version": 85}
{"obj": {"type": "LogFloats", "path": ["network2", "learning_rate"], "values": [{"value": 0.010000000000000002, "step": null, "ts": 1639301686.2742987}]}, "version": 86}
{"obj": {"type": "LogFloats", "path": ["network2", "train_loss"], "values": [{"value": 0.014239402674138545, "step": null, "ts": 1639301687.3968158}]}, "version": 87}
{"obj": {"type": "LogFloats", "path": ["network2", "validation_loss"], "values": [{"value": 0.061890002340078354, "step": null, "ts": 1639301687.5029263}]}, "version": 88}
{"obj": {"type": "LogStrings", "path": ["monitoring", "stdout"], "values": [{"value": "Training epoch 12", "step": null, "ts": 1639301687.5029263}]}, "version": 89}
{"obj": {"type": "LogStrings", "path": ["monitoring", "stdout"], "values": [{"value": "\n", "step": null, "ts": 1639301687.5029263}]}, "version": 90}
{"obj": {"type": "LogFloats", "path": ["network2", "learning_rate"], "values": [{"value": 0.010000000000000002, "step": null, "ts": 1639301687.5029263}]}, "version": 91}
{"obj": {"type": "LogFloats", "path": ["network2", "train_loss"], "values": [{"value": 0.013904603570699692, "step": null, "ts": 1639301688.6239429}]}, "version": 92}
{"obj": {"type": "LogFloats", "path": ["network2", "validation_loss"], "values": [{"value": 0.06211806833744049, "step": null, "ts": 1639301688.7300394}]}, "version": 93}
{"obj": {"type": "LogStrings", "path": ["monitoring", "stdout"], "values": [{"value": "Training epoch 13", "step": null, "ts": 1639301688.7300394}]}, "version": 94}
{"obj": {"type": "LogStrings", "path": ["monitoring", "stdout"], "values": [{"value": "\n", "step": null, "ts": 1639301688.7310407}]}, "version": 95}
{"obj": {"type": "LogFloats", "path": ["network2", "learning_rate"], "values": [{"value": 0.010000000000000002, "step": null, "ts": 1639301688.7310407}]}, "version": 96}
{"obj": {"type": "LogFloats", "path": ["network2", "train_loss"], "values": [{"value": 0.013648579828441143, "step": null, "ts": 1639301689.8590639}]}, "version": 97}
{"obj": {"type": "LogFloats", "path": ["network2", "validation_loss"], "values": [{"value": 0.06227850914001465, "step": null, "ts": 1639301689.9651601}]}, "version": 98}
{"obj": {"type": "LogStrings", "path": ["monitoring", "stdout"], "values": [{"value": "Training epoch 14", "step": null, "ts": 1639301689.9651601}]}, "version": 99}
{"obj": {"type": "LogStrings", "path": ["monitoring", "stdout"], "values": [{"value": "\n", "step": null, "ts": 1639301689.9651601}]}, "version": 100}
{"obj": {"type": "LogFloats", "path": ["network2", "learning_rate"], "values": [{"value": 0.0010000000000000002, "step": null, "ts": 1639301689.9651601}]}, "version": 101}
{"obj": {"type": "LogFloats", "path": ["monitoring", "cpu"], "values": [{"value": 48.1, "step": null, "ts": 1639301690.970072}]}, "version": 102}
{"obj": {"type": "LogFloats", "path": ["monitoring", "memory"], "values": [{"value": 9.044036865234375, "step": null, "ts": 1639301690.970072}]}, "version": 103}
{"obj": {"type": "LogFloats", "path": ["monitoring", "gpu"], "values": [{"value": 72.0, "step": null, "ts": 1639301690.970072}]}, "version": 104}
{"obj": {"type": "LogFloats", "path": ["monitoring", "gpu_memory"], "values": [{"value": 2.559967041015625, "step": null, "ts": 1639301690.970072}]}, "version": 105}
{"obj": {"type": "LogFloats", "path": ["network2", "train_loss"], "values": [{"value": 0.013514036498963832, "step": null, "ts": 1639301691.0871785}]}, "version": 106}
{"obj": {"type": "LogFloats", "path": ["network2", "validation_loss"], "values": [{"value": 0.062268201261758804, "step": null, "ts": 1639301691.1952767}]}, "version": 107}
{"obj": {"type": "LogStrings", "path": ["monitoring", "stdout"], "values": [{"value": "Training epoch 15", "step": null, "ts": 1639301691.1952767}]}, "version": 108}
{"obj": {"type": "LogStrings", "path": ["monitoring", "stdout"], "values": [{"value": "\n", "step": null, "ts": 1639301691.1962779}]}, "version": 109}
{"obj": {"type": "LogFloats", "path": ["network2", "learning_rate"], "values": [{"value": 0.0010000000000000002, "step": null, "ts": 1639301691.1962779}]}, "version": 110}
{"obj": {"type": "LogFloats", "path": ["network2", "train_loss"], "values": [{"value": 0.01348852962255478, "step": null, "ts": 1639301692.324301}]}, "version": 111}
{"obj": {"type": "LogFloats", "path": ["network2", "validation_loss"], "values": [{"value": 0.06223812326788902, "step": null, "ts": 1639301692.4334004}]}, "version": 112}
{"obj": {"type": "LogStrings", "path": ["monitoring", "stdout"], "values": [{"value": "Training epoch 16", "step": null, "ts": 1639301692.4334004}]}, "version": 113}
{"obj": {"type": "LogStrings", "path": ["monitoring", "stdout"], "values": [{"value": "\n", "step": null, "ts": 1639301692.4334004}]}, "version": 114}
{"obj": {"type": "LogFloats", "path": ["network2", "learning_rate"], "values": [{"value": 0.0010000000000000002, "step": null, "ts": 1639301692.4334004}]}, "version": 115}
{"obj": {"type": "LogFloats", "path": ["network2", "train_loss"], "values": [{"value": 0.013463786244392395, "step": null, "ts": 1639301693.5566301}]}, "version": 116}
{"obj": {"type": "LogFloats", "path": ["network2", "validation_loss"], "values": [{"value": 0.06223651394248009, "step": null, "ts": 1639301693.6638293}]}, "version": 117}
{"obj": {"type": "LogStrings", "path": ["monitoring", "stdout"], "values": [{"value": "Training epoch 17", "step": null, "ts": 1639301693.6638293}]}, "version": 118}
{"obj": {"type": "LogStrings", "path": ["monitoring", "stdout"], "values": [{"value": "\n", "step": null, "ts": 1639301693.6638293}]}, "version": 119}
{"obj": {"type": "LogFloats", "path": ["network2", "learning_rate"], "values": [{"value": 0.0010000000000000002, "step": null, "ts": 1639301693.6638293}]}, "version": 120}
{"obj": {"type": "LogFloats", "path": ["network2", "train_loss"], "values": [{"value": 0.01343845557421446, "step": null, "ts": 1639301694.7826178}]}, "version": 121}
{"obj": {"type": "LogFloats", "path": ["network2", "validation_loss"], "values": [{"value": 0.06220700219273567, "step": null, "ts": 1639301694.890716}]}, "version": 122}
{"obj": {"type": "LogStrings", "path": ["monitoring", "stdout"], "values": [{"value": "Training epoch 18", "step": null, "ts": 1639301694.890716}]}, "version": 123}
{"obj": {"type": "LogStrings", "path": ["monitoring", "stdout"], "values": [{"value": "\n", "step": null, "ts": 1639301694.890716}]}, "version": 124}
{"obj": {"type": "LogFloats", "path": ["network2", "learning_rate"], "values": [{"value": 0.00010000000000000003, "step": null, "ts": 1639301694.890716}]}, "version": 125}
{"obj": {"type": "LogFloats", "path": ["network2", "train_loss"], "values": [{"value": 0.013420870900154114, "step": null, "ts": 1639301696.0082228}]}, "version": 126}
{"obj": {"type": "LogFloats", "path": ["network2", "validation_loss"], "values": [{"value": 0.062204550951719284, "step": null, "ts": 1639301696.1153197}]}, "version": 127}
{"obj": {"type": "LogStrings", "path": ["monitoring", "stdout"], "values": [{"value": "Training epoch 19", "step": null, "ts": 1639301696.1153197}]}, "version": 128}
{"obj": {"type": "LogStrings", "path": ["monitoring", "stdout"], "values": [{"value": "\n", "step": null, "ts": 1639301696.1153197}]}, "version": 129}
{"obj": {"type": "LogFloats", "path": ["network2", "learning_rate"], "values": [{"value": 0.00010000000000000003, "step": null, "ts": 1639301696.1153197}]}, "version": 130}
{"obj": {"type": "LogFloats", "path": ["network2", "train_loss"], "values": [{"value": 0.013418457470834255, "step": null, "ts": 1639301697.2403407}]}, "version": 131}
{"obj": {"type": "LogFloats", "path": ["network2", "validation_loss"], "values": [{"value": 0.06220223382115364, "step": null, "ts": 1639301697.3454363}]}, "version": 132}
{"obj": {"type": "LogStrings", "path": ["monitoring", "stdout"], "values": [{"value": "Training epoch 20", "step": null, "ts": 1639301697.3454363}]}, "version": 133}
{"obj": {"type": "LogStrings", "path": ["monitoring", "stdout"], "values": [{"value": "\n", "step": null, "ts": 1639301697.3454363}]}, "version": 134}
{"obj": {"type": "LogFloats", "path": ["network2", "learning_rate"], "values": [{"value": 0.00010000000000000003, "step": null, "ts": 1639301697.3454363}]}, "version": 135}
{"obj": {"type": "LogFloats", "path": ["network2", "train_loss"], "values": [{"value": 0.013416099734604359, "step": null, "ts": 1639301698.4694564}]}, "version": 136}
{"obj": {"type": "LogFloats", "path": ["network2", "validation_loss"], "values": [{"value": 0.06220098212361336, "step": null, "ts": 1639301698.5785553}]}, "version": 137}
{"obj": {"type": "LogStrings", "path": ["monitoring", "stdout"], "values": [{"value": "Training epoch 21", "step": null, "ts": 1639301698.5785553}]}, "version": 138}
{"obj": {"type": "LogStrings", "path": ["monitoring", "stdout"], "values": [{"value": "\n", "step": null, "ts": 1639301698.5785553}]}, "version": 139}
{"obj": {"type": "LogFloats", "path": ["network2", "learning_rate"], "values": [{"value": 0.00010000000000000003, "step": null, "ts": 1639301698.5785553}]}, "version": 140}
{"obj": {"type": "LogFloats", "path": ["network2", "train_loss"], "values": [{"value": 0.013414085283875466, "step": null, "ts": 1639301699.6995726}]}, "version": 141}
{"obj": {"type": "LogFloats", "path": ["network2", "validation_loss"], "values": [{"value": 0.0622003898024559, "step": null, "ts": 1639301699.8066697}]}, "version": 142}
{"obj": {"type": "LogStrings", "path": ["monitoring", "stdout"], "values": [{"value": "Training epoch 22", "step": null, "ts": 1639301699.8076708}]}, "version": 143}
{"obj": {"type": "LogStrings", "path": ["monitoring", "stdout"], "values": [{"value": "\n", "step": null, "ts": 1639301699.8076708}]}, "version": 144}
{"obj": {"type": "LogFloats", "path": ["network2", "learning_rate"], "values": [{"value": 1.0000000000000004e-05, "step": null, "ts": 1639301699.8076708}]}, "version": 145}
{"obj": {"type": "LogFloats", "path": ["network2", "train_loss"], "values": [{"value": 0.013411957956850528, "step": null, "ts": 1639301700.935207}]}, "version": 146}
{"obj": {"type": "LogFloats", "path": ["monitoring", "cpu"], "values": [{"value": 48.0, "step": null, "ts": 1639301700.9772453}]}, "version": 147}
{"obj": {"type": "LogFloats", "path": ["monitoring", "memory"], "values": [{"value": 9.047779083251953, "step": null, "ts": 1639301700.9772453}]}, "version": 148}
{"obj": {"type": "LogFloats", "path": ["monitoring", "gpu"], "values": [{"value": 82.0, "step": null, "ts": 1639301700.9772453}]}, "version": 149}
{"obj": {"type": "LogFloats", "path": ["monitoring", "gpu_memory"], "values": [{"value": 2.559967041015625, "step": null, "ts": 1639301700.9772453}]}, "version": 150}
{"obj": {"type": "LogFloats", "path": ["network2", "validation_loss"], "values": [{"value": 0.06220017373561859, "step": null, "ts": 1639301701.0423071}]}, "version": 151}
{"obj": {"type": "LogStrings", "path": ["monitoring", "stdout"], "values": [{"value": "Training epoch 23", "step": null, "ts": 1639301701.0425549}]}, "version": 152}
{"obj": {"type": "LogStrings", "path": ["monitoring", "stdout"], "values": [{"value": "\n", "step": null, "ts": 1639301701.0425549}]}, "version": 153}
{"obj": {"type": "LogFloats", "path": ["network2", "learning_rate"], "values": [{"value": 1.0000000000000004e-05, "step": null, "ts": 1639301701.0425549}]}, "version": 154}
{"obj": {"type": "LogFloats", "path": ["network2", "train_loss"], "values": [{"value": 0.013411755301058292, "step": null, "ts": 1639301702.1619508}]}, "version": 155}
{"obj": {"type": "LogFloats", "path": ["network2", "validation_loss"], "values": [{"value": 0.06219997629523277, "step": null, "ts": 1639301702.2690482}]}, "version": 156}
{"obj": {"type": "LogStrings", "path": ["monitoring", "stdout"], "values": [{"value": "Training epoch 24", "step": null, "ts": 1639301702.2690482}]}, "version": 157}
{"obj": {"type": "LogStrings", "path": ["monitoring", "stdout"], "values": [{"value": "\n", "step": null, "ts": 1639301702.2690482}]}, "version": 158}
{"obj": {"type": "LogFloats", "path": ["network2", "learning_rate"], "values": [{"value": 1.0000000000000004e-05, "step": null, "ts": 1639301702.2690482}]}, "version": 159}
{"obj": {"type": "LogFloats", "path": ["network2", "train_loss"], "values": [{"value": 0.013411517068743706, "step": null, "ts": 1639301703.3960235}]}, "version": 160}
{"obj": {"type": "LogFloats", "path": ["network2", "validation_loss"], "values": [{"value": 0.06219973787665367, "step": null, "ts": 1639301703.5021183}]}, "version": 161}
{"obj": {"type": "LogStrings", "path": ["monitoring", "stdout"], "values": [{"value": "Training epoch 25", "step": null, "ts": 1639301703.5031195}]}, "version": 162}
{"obj": {"type": "LogStrings", "path": ["monitoring", "stdout"], "values": [{"value": "\n", "step": null, "ts": 1639301703.5031195}]}, "version": 163}
{"obj": {"type": "LogFloats", "path": ["network2", "learning_rate"], "values": [{"value": 1.0000000000000004e-05, "step": null, "ts": 1639301703.5031195}]}, "version": 164}
{"obj": {"type": "LogFloats", "path": ["network2", "train_loss"], "values": [{"value": 0.013411284796893597, "step": null, "ts": 1639301704.6311433}]}, "version": 165}
{"obj": {"type": "LogFloats", "path": ["network2", "validation_loss"], "values": [{"value": 0.062199581414461136, "step": null, "ts": 1639301704.7382412}]}, "version": 166}
{"obj": {"type": "LogStrings", "path": ["monitoring", "stdout"], "values": [{"value": "Training epoch 26", "step": null, "ts": 1639301704.7392411}]}, "version": 167}
{"obj": {"type": "LogStrings", "path": ["monitoring", "stdout"], "values": [{"value": "\n", "step": null, "ts": 1639301704.7392411}]}, "version": 168}
{"obj": {"type": "LogFloats", "path": ["network2", "learning_rate"], "values": [{"value": 1.0000000000000004e-06, "step": null, "ts": 1639301704.7392411}]}, "version": 169}
{"obj": {"type": "LogFloats", "path": ["network2", "train_loss"], "values": [{"value": 0.01341114304959774, "step": null, "ts": 1639301705.8572557}]}, "version": 170}
{"obj": {"type": "LogFloats", "path": ["network2", "validation_loss"], "values": [{"value": 0.06219956651329994, "step": null, "ts": 1639301705.9663548}]}, "version": 171}
{"obj": {"type": "LogStrings", "path": ["monitoring", "stdout"], "values": [{"value": "Training epoch 27", "step": null, "ts": 1639301705.967356}]}, "version": 172}
{"obj": {"type": "LogStrings", "path": ["monitoring", "stdout"], "values": [{"value": "\n", "step": null, "ts": 1639301705.967356}]}, "version": 173}
{"obj": {"type": "LogFloats", "path": ["network2", "learning_rate"], "values": [{"value": 1.0000000000000004e-06, "step": null, "ts": 1639301705.967356}]}, "version": 174}
{"obj": {"type": "LogFloats", "path": ["network2", "train_loss"], "values": [{"value": 0.013411135785281659, "step": null, "ts": 1639301707.0933776}]}, "version": 175}
{"obj": {"type": "LogFloats", "path": ["network2", "validation_loss"], "values": [{"value": 0.06219956651329994, "step": null, "ts": 1639301707.2004747}]}, "version": 176}
{"obj": {"type": "LogStrings", "path": ["monitoring", "stdout"], "values": [{"value": "Training epoch 28", "step": null, "ts": 1639301707.2004747}]}, "version": 177}
{"obj": {"type": "LogStrings", "path": ["monitoring", "stdout"], "values": [{"value": "\n", "step": null, "ts": 1639301707.201476}]}, "version": 178}
{"obj": {"type": "LogFloats", "path": ["network2", "learning_rate"], "values": [{"value": 1.0000000000000004e-06, "step": null, "ts": 1639301707.201476}]}, "version": 179}
{"obj": {"type": "LogFloats", "path": ["network2", "train_loss"], "values": [{"value": 0.01341113019734621, "step": null, "ts": 1639301708.3291233}]}, "version": 180}
{"obj": {"type": "LogFloats", "path": ["network2", "validation_loss"], "values": [{"value": 0.062199559062719345, "step": null, "ts": 1639301708.4342325}]}, "version": 181}
{"obj": {"type": "LogStrings", "path": ["monitoring", "stdout"], "values": [{"value": "Training epoch 29", "step": null, "ts": 1639301708.4342325}]}, "version": 182}
{"obj": {"type": "LogStrings", "path": ["monitoring", "stdout"], "values": [{"value": "\n", "step": null, "ts": 1639301708.4342325}]}, "version": 183}
{"obj": {"type": "LogFloats", "path": ["network2", "learning_rate"], "values": [{"value": 1.0000000000000004e-06, "step": null, "ts": 1639301708.4342325}]}, "version": 184}
{"obj": {"type": "LogFloats", "path": ["network2", "train_loss"], "values": [{"value": 0.013411123864352703, "step": null, "ts": 1639301709.560734}]}, "version": 185}
{"obj": {"type": "LogFloats", "path": ["network2", "validation_loss"], "values": [{"value": 0.06219955161213875, "step": null, "ts": 1639301709.6663592}]}, "version": 186}
{"obj": {"type": "LogStrings", "path": ["monitoring", "stdout"], "values": [{"value": "Training epoch 30", "step": null, "ts": 1639301709.6663592}]}, "version": 187}
{"obj": {"type": "LogStrings", "path": ["monitoring", "stdout"], "values": [{"value": "\n", "step": null, "ts": 1639301709.6673603}]}, "version": 188}
{"obj": {"type": "LogFloats", "path": ["network2", "learning_rate"], "values": [{"value": 1.0000000000000005e-07, "step": null, "ts": 1639301709.6673603}]}, "version": 189}
{"obj": {"type": "LogFloats", "path": ["network2", "train_loss"], "values": [{"value": 0.01341111771762371, "step": null, "ts": 1639301710.785854}]}, "version": 190}
{"obj": {"type": "LogFloats", "path": ["network2", "validation_loss"], "values": [{"value": 0.06219955161213875, "step": null, "ts": 1639301710.8949533}]}, "version": 191}
{"obj": {"type": "LogStrings", "path": ["monitoring", "stdout"], "values": [{"value": "Training epoch 31", "step": null, "ts": 1639301710.8949533}]}, "version": 192}
{"obj": {"type": "LogStrings", "path": ["monitoring", "stdout"], "values": [{"value": "\n", "step": null, "ts": 1639301710.8949533}]}, "version": 193}
{"obj": {"type": "LogFloats", "path": ["network2", "learning_rate"], "values": [{"value": 1.0000000000000005e-07, "step": null, "ts": 1639301710.8949533}]}, "version": 194}
{"obj": {"type": "LogFloats", "path": ["monitoring", "cpu"], "values": [{"value": 47.8, "step": null, "ts": 1639301710.9950435}]}, "version": 195}
{"obj": {"type": "LogFloats", "path": ["monitoring", "memory"], "values": [{"value": 9.03924560546875, "step": null, "ts": 1639301710.9950435}]}, "version": 196}
{"obj": {"type": "LogFloats", "path": ["monitoring", "gpu"], "values": [{"value": 65.0, "step": null, "ts": 1639301710.9950435}]}, "version": 197}
{"obj": {"type": "LogFloats", "path": ["monitoring", "gpu_memory"], "values": [{"value": 2.559967041015625, "step": null, "ts": 1639301710.9950435}]}, "version": 198}
{"obj": {"type": "LogFloats", "path": ["network2", "train_loss"], "values": [{"value": 0.01341111771762371, "step": null, "ts": 1639301712.0214021}]}, "version": 199}
{"obj": {"type": "LogFloats", "path": ["network2", "validation_loss"], "values": [{"value": 0.06219955161213875, "step": null, "ts": 1639301712.1375074}]}, "version": 200}
{"obj": {"type": "LogStrings", "path": ["monitoring", "stdout"], "values": [{"value": "Training epoch 32", "step": null, "ts": 1639301712.1375074}]}, "version": 201}
{"obj": {"type": "LogStrings", "path": ["monitoring", "stdout"], "values": [{"value": "\n", "step": null, "ts": 1639301712.1375074}]}, "version": 202}
{"obj": {"type": "LogFloats", "path": ["network2", "learning_rate"], "values": [{"value": 1.0000000000000005e-07, "step": null, "ts": 1639301712.1375074}]}, "version": 203}
{"obj": {"type": "LogFloats", "path": ["network2", "train_loss"], "values": [{"value": 0.013411117903888225, "step": null, "ts": 1639301713.2655587}]}, "version": 204}
{"obj": {"type": "LogFloats", "path": ["network2", "validation_loss"], "values": [{"value": 0.06219954416155815, "step": null, "ts": 1639301713.3706548}]}, "version": 205}
{"obj": {"type": "LogStrings", "path": ["monitoring", "stdout"], "values": [{"value": "Training epoch 33", "step": null, "ts": 1639301713.3706548}]}, "version": 206}
{"obj": {"type": "LogStrings", "path": ["monitoring", "stdout"], "values": [{"value": "\n", "step": null, "ts": 1639301713.3716557}]}, "version": 207}
{"obj": {"type": "LogFloats", "path": ["network2", "learning_rate"], "values": [{"value": 1.0000000000000005e-07, "step": null, "ts": 1639301713.3716557}]}, "version": 208}
{"obj": {"type": "LogFloats", "path": ["network2", "train_loss"], "values": [{"value": 0.013411117531359196, "step": null, "ts": 1639301714.4976773}]}, "version": 209}
{"obj": {"type": "LogFloats", "path": ["network2", "validation_loss"], "values": [{"value": 0.06219954416155815, "step": null, "ts": 1639301714.6047745}]}, "version": 210}
{"obj": {"type": "LogStrings", "path": ["monitoring", "stdout"], "values": [{"value": "Training epoch 34", "step": null, "ts": 1639301714.6047745}]}, "version": 211}
{"obj": {"type": "LogStrings", "path": ["monitoring", "stdout"], "values": [{"value": "\n", "step": null, "ts": 1639301714.6047745}]}, "version": 212}
{"obj": {"type": "LogFloats", "path": ["network2", "learning_rate"], "values": [{"value": 1.0000000000000005e-08, "step": null, "ts": 1639301714.6047745}]}, "version": 213}
{"obj": {"type": "LogFloats", "path": ["network2", "train_loss"], "values": [{"value": 0.013411117531359196, "step": null, "ts": 1639301715.7358005}]}, "version": 214}
{"obj": {"type": "LogFloats", "path": ["network2", "validation_loss"], "values": [{"value": 0.06219955161213875, "step": null, "ts": 1639301715.8418968}]}, "version": 215}
{"obj": {"type": "LogStrings", "path": ["monitoring", "stdout"], "values": [{"value": "Training epoch 35", "step": null, "ts": 1639301715.842898}]}, "version": 216}
{"obj": {"type": "LogStrings", "path": ["monitoring", "stdout"], "values": [{"value": "\n", "step": null, "ts": 1639301715.842898}]}, "version": 217}
{"obj": {"type": "LogFloats", "path": ["network2", "learning_rate"], "values": [{"value": 1.0000000000000005e-08, "step": null, "ts": 1639301715.842898}]}, "version": 218}
{"obj": {"type": "LogFloats", "path": ["network2", "train_loss"], "values": [{"value": 0.01341111771762371, "step": null, "ts": 1639301716.9738665}]}, "version": 219}
{"obj": {"type": "LogFloats", "path": ["network2", "validation_loss"], "values": [{"value": 0.06219954416155815, "step": null, "ts": 1639301717.0839682}]}, "version": 220}
{"obj": {"type": "LogStrings", "path": ["monitoring", "stdout"], "values": [{"value": "Training epoch 36", "step": null, "ts": 1639301717.0839682}]}, "version": 221}
{"obj": {"type": "LogStrings", "path": ["monitoring", "stdout"], "values": [{"value": "\n", "step": null, "ts": 1639301717.0839682}]}, "version": 222}
{"obj": {"type": "LogFloats", "path": ["network2", "learning_rate"], "values": [{"value": 1.0000000000000005e-08, "step": null, "ts": 1639301717.0839682}]}, "version": 223}
{"obj": {"type": "LogFloats", "path": ["network2", "train_loss"], "values": [{"value": 0.013411117531359196, "step": null, "ts": 1639301718.2125986}]}, "version": 224}
{"obj": {"type": "LogFloats", "path": ["network2", "validation_loss"], "values": [{"value": 0.06219954416155815, "step": null, "ts": 1639301718.3227012}]}, "version": 225}
{"obj": {"type": "LogStrings", "path": ["monitoring", "stdout"], "values": [{"value": "Training epoch 37", "step": null, "ts": 1639301718.3227012}]}, "version": 226}
{"obj": {"type": "LogStrings", "path": ["monitoring", "stdout"], "values": [{"value": "\n", "step": null, "ts": 1639301718.3237023}]}, "version": 227}
{"obj": {"type": "LogFloats", "path": ["network2", "learning_rate"], "values": [{"value": 1.0000000000000005e-08, "step": null, "ts": 1639301718.3237023}]}, "version": 228}
{"obj": {"type": "LogFloats", "path": ["network2", "train_loss"], "values": [{"value": 0.01341111771762371, "step": null, "ts": 1639301719.45426}]}, "version": 229}
{"obj": {"type": "LogFloats", "path": ["network2", "validation_loss"], "values": [{"value": 0.06219954416155815, "step": null, "ts": 1639301719.561723}]}, "version": 230}
{"obj": {"type": "LogStrings", "path": ["monitoring", "stdout"], "values": [{"value": "Training epoch 38", "step": null, "ts": 1639301719.561723}]}, "version": 231}
{"obj": {"type": "LogStrings", "path": ["monitoring", "stdout"], "values": [{"value": "\n", "step": null, "ts": 1639301719.561723}]}, "version": 232}
{"obj": {"type": "LogFloats", "path": ["network2", "learning_rate"], "values": [{"value": 1.0000000000000005e-08, "step": null, "ts": 1639301719.561723}]}, "version": 233}
{"obj": {"type": "LogFloats", "path": ["network2", "train_loss"], "values": [{"value": 0.013411117531359196, "step": null, "ts": 1639301720.687815}]}, "version": 234}
{"obj": {"type": "LogFloats", "path": ["network2", "validation_loss"], "values": [{"value": 0.06219954416155815, "step": null, "ts": 1639301720.7939112}]}, "version": 235}
{"obj": {"type": "LogStrings", "path": ["monitoring", "stdout"], "values": [{"value": "Training epoch 39", "step": null, "ts": 1639301720.7939112}]}, "version": 236}
{"obj": {"type": "LogStrings", "path": ["monitoring", "stdout"], "values": [{"value": "\n", "step": null, "ts": 1639301720.7939112}]}, "version": 237}
{"obj": {"type": "LogFloats", "path": ["network2", "learning_rate"], "values": [{"value": 1.0000000000000005e-08, "step": null, "ts": 1639301720.794912}]}, "version": 238}
{"obj": {"type": "LogFloats", "path": ["monitoring", "cpu"], "values": [{"value": 48.1, "step": null, "ts": 1639301720.9980965}]}, "version": 239}
{"obj": {"type": "LogFloats", "path": ["monitoring", "memory"], "values": [{"value": 9.036872863769531, "step": null, "ts": 1639301720.9980965}]}, "version": 240}
{"obj": {"type": "LogFloats", "path": ["monitoring", "gpu"], "values": [{"value": 45.0, "step": null, "ts": 1639301720.9980965}]}, "version": 241}
{"obj": {"type": "LogFloats", "path": ["monitoring", "gpu_memory"], "values": [{"value": 2.559967041015625, "step": null, "ts": 1639301720.9980965}]}, "version": 242}
{"obj": {"type": "LogFloats", "path": ["network2", "train_loss"], "values": [{"value": 0.01341111734509468, "step": null, "ts": 1639301721.911926}]}, "version": 243}
{"obj": {"type": "LogFloats", "path": ["network2", "validation_loss"], "values": [{"value": 0.06219954416155815, "step": null, "ts": 1639301722.0210247}]}, "version": 244}
{"obj": {"type": "LogStrings", "path": ["monitoring", "stdout"], "values": [{"value": "Training epoch 40", "step": null, "ts": 1639301722.0210247}]}, "version": 245}
{"obj": {"type": "LogStrings", "path": ["monitoring", "stdout"], "values": [{"value": "\n", "step": null, "ts": 1639301722.0210247}]}, "version": 246}
{"obj": {"type": "LogFloats", "path": ["network2", "learning_rate"], "values": [{"value": 1.0000000000000005e-08, "step": null, "ts": 1639301722.0210247}]}, "version": 247}
{"obj": {"type": "LogFloats", "path": ["network2", "train_loss"], "values": [{"value": 0.01341111809015274, "step": null, "ts": 1639301723.1390395}]}, "version": 248}
{"obj": {"type": "LogFloats", "path": ["network2", "validation_loss"], "values": [{"value": 0.06219954416155815, "step": null, "ts": 1639301723.2471378}]}, "version": 249}
{"obj": {"type": "LogStrings", "path": ["monitoring", "stdout"], "values": [{"value": "Training epoch 41", "step": null, "ts": 1639301723.2471378}]}, "version": 250}
{"obj": {"type": "LogStrings", "path": ["monitoring", "stdout"], "values": [{"value": "\n", "step": null, "ts": 1639301723.2471378}]}, "version": 251}
{"obj": {"type": "LogFloats", "path": ["network2", "learning_rate"], "values": [{"value": 1.0000000000000005e-08, "step": null, "ts": 1639301723.2471378}]}, "version": 252}
{"obj": {"type": "LogFloats", "path": ["network2", "train_loss"], "values": [{"value": 0.013411117531359196, "step": null, "ts": 1639301724.3781643}]}, "version": 253}
{"obj": {"type": "LogFloats", "path": ["network2", "validation_loss"], "values": [{"value": 0.06219954416155815, "step": null, "ts": 1639301724.487263}]}, "version": 254}
{"obj": {"type": "LogStrings", "path": ["monitoring", "stdout"], "values": [{"value": "Training epoch 42", "step": null, "ts": 1639301724.487263}]}, "version": 255}
{"obj": {"type": "LogStrings", "path": ["monitoring", "stdout"], "values": [{"value": "\n", "step": null, "ts": 1639301724.4882636}]}, "version": 256}
{"obj": {"type": "LogFloats", "path": ["network2", "learning_rate"], "values": [{"value": 1.0000000000000005e-08, "step": null, "ts": 1639301724.4882636}]}, "version": 257}
{"obj": {"type": "LogFloats", "path": ["network2", "train_loss"], "values": [{"value": 0.01341111771762371, "step": null, "ts": 1639301725.6116645}]}, "version": 258}
{"obj": {"type": "LogFloats", "path": ["network2", "validation_loss"], "values": [{"value": 0.06219954416155815, "step": null, "ts": 1639301725.7173045}]}, "version": 259}
{"obj": {"type": "LogStrings", "path": ["monitoring", "stdout"], "values": [{"value": "Training epoch 43", "step": null, "ts": 1639301725.7173045}]}, "version": 260}
{"obj": {"type": "LogStrings", "path": ["monitoring", "stdout"], "values": [{"value": "\n", "step": null, "ts": 1639301725.7183058}]}, "version": 261}
{"obj": {"type": "LogFloats", "path": ["network2", "learning_rate"], "values": [{"value": 1.0000000000000005e-08, "step": null, "ts": 1639301725.7183058}]}, "version": 262}
{"obj": {"type": "LogFloats", "path": ["network2", "train_loss"], "values": [{"value": 0.01341111771762371, "step": null, "ts": 1639301726.8458455}]}, "version": 263}
{"obj": {"type": "LogFloats", "path": ["network2", "validation_loss"], "values": [{"value": 0.06219954416155815, "step": null, "ts": 1639301726.9529424}]}, "version": 264}
{"obj": {"type": "LogStrings", "path": ["monitoring", "stdout"], "values": [{"value": "Training epoch 44", "step": null, "ts": 1639301726.9529424}]}, "version": 265}
{"obj": {"type": "LogStrings", "path": ["monitoring", "stdout"], "values": [{"value": "\n", "step": null, "ts": 1639301726.9529424}]}, "version": 266}
{"obj": {"type": "LogFloats", "path": ["network2", "learning_rate"], "values": [{"value": 1.0000000000000005e-08, "step": null, "ts": 1639301726.9529424}]}, "version": 267}
{"obj": {"type": "LogFloats", "path": ["network2", "train_loss"], "values": [{"value": 0.01341111734509468, "step": null, "ts": 1639301728.0792048}]}, "version": 268}
{"obj": {"type": "LogFloats", "path": ["network2", "validation_loss"], "values": [{"value": 0.06219954416155815, "step": null, "ts": 1639301728.185301}]}, "version": 269}
{"obj": {"type": "LogStrings", "path": ["monitoring", "stdout"], "values": [{"value": "Training epoch 45", "step": null, "ts": 1639301728.185301}]}, "version": 270}
{"obj": {"type": "LogStrings", "path": ["monitoring", "stdout"], "values": [{"value": "\n", "step": null, "ts": 1639301728.185301}]}, "version": 271}
{"obj": {"type": "LogFloats", "path": ["network2", "learning_rate"], "values": [{"value": 1.0000000000000005e-08, "step": null, "ts": 1639301728.186302}]}, "version": 272}
{"obj": {"type": "LogFloats", "path": ["network2", "train_loss"], "values": [{"value": 0.01341111734509468, "step": null, "ts": 1639301729.3093212}]}, "version": 273}
{"obj": {"type": "LogFloats", "path": ["network2", "validation_loss"], "values": [{"value": 0.06219954416155815, "step": null, "ts": 1639301729.419421}]}, "version": 274}
{"obj": {"type": "LogStrings", "path": ["monitoring", "stdout"], "values": [{"value": "Training epoch 46", "step": null, "ts": 1639301729.419421}]}, "version": 275}
{"obj": {"type": "LogStrings", "path": ["monitoring", "stdout"], "values": [{"value": "\n", "step": null, "ts": 1639301729.419421}]}, "version": 276}
{"obj": {"type": "LogFloats", "path": ["network2", "learning_rate"], "values": [{"value": 1.0000000000000005e-08, "step": null, "ts": 1639301729.419421}]}, "version": 277}
{"obj": {"type": "LogFloats", "path": ["network2", "train_loss"], "values": [{"value": 0.01341111734509468, "step": null, "ts": 1639301730.547445}]}, "version": 278}
{"obj": {"type": "LogFloats", "path": ["network2", "validation_loss"], "values": [{"value": 0.06219954416155815, "step": null, "ts": 1639301730.6535408}]}, "version": 279}
{"obj": {"type": "LogStrings", "path": ["monitoring", "stdout"], "values": [{"value": "Training epoch 47", "step": null, "ts": 1639301730.6535408}]}, "version": 280}
{"obj": {"type": "LogStrings", "path": ["monitoring", "stdout"], "values": [{"value": "\n", "step": null, "ts": 1639301730.6545417}]}, "version": 281}
{"obj": {"type": "LogFloats", "path": ["network2", "learning_rate"], "values": [{"value": 1.0000000000000005e-08, "step": null, "ts": 1639301730.6545417}]}, "version": 282}
{"obj": {"type": "LogFloats", "path": ["monitoring", "cpu"], "values": [{"value": 47.6, "step": null, "ts": 1639301731.007863}]}, "version": 283}
{"obj": {"type": "LogFloats", "path": ["monitoring", "memory"], "values": [{"value": 9.037593841552734, "step": null, "ts": 1639301731.007863}]}, "version": 284}
{"obj": {"type": "LogFloats", "path": ["monitoring", "gpu"], "values": [{"value": 99.0, "step": null, "ts": 1639301731.007863}]}, "version": 285}
{"obj": {"type": "LogFloats", "path": ["monitoring", "gpu_memory"], "values": [{"value": 2.559967041015625, "step": null, "ts": 1639301731.007863}]}, "version": 286}
{"obj": {"type": "LogFloats", "path": ["network2", "train_loss"], "values": [{"value": 0.01341111809015274, "step": null, "ts": 1639301731.7755592}]}, "version": 287}
{"obj": {"type": "LogFloats", "path": ["network2", "validation_loss"], "values": [{"value": 0.06219954416155815, "step": null, "ts": 1639301731.8836572}]}, "version": 288}
{"obj": {"type": "LogStrings", "path": ["monitoring", "stdout"], "values": [{"value": "Training epoch 48", "step": null, "ts": 1639301731.884658}]}, "version": 289}
{"obj": {"type": "LogStrings", "path": ["monitoring", "stdout"], "values": [{"value": "\n", "step": null, "ts": 1639301731.884658}]}, "version": 290}
{"obj": {"type": "LogFloats", "path": ["network2", "learning_rate"], "values": [{"value": 1.0000000000000005e-08, "step": null, "ts": 1639301731.884658}]}, "version": 291}
{"obj": {"type": "LogFloats", "path": ["network2", "train_loss"], "values": [{"value": 0.013411117531359196, "step": null, "ts": 1639301733.0106704}]}, "version": 292}
{"obj": {"type": "LogFloats", "path": ["network2", "validation_loss"], "values": [{"value": 0.06219954416155815, "step": null, "ts": 1639301733.1257741}]}, "version": 293}
{"obj": {"type": "LogStrings", "path": ["monitoring", "stdout"], "values": [{"value": "Training epoch 49", "step": null, "ts": 1639301733.1257741}]}, "version": 294}
{"obj": {"type": "LogStrings", "path": ["monitoring", "stdout"], "values": [{"value": "\n", "step": null, "ts": 1639301733.1267755}]}, "version": 295}
{"obj": {"type": "LogFloats", "path": ["network2", "learning_rate"], "values": [{"value": 1.0000000000000005e-08, "step": null, "ts": 1639301733.1267755}]}, "version": 296}
{"obj": {"type": "LogFloats", "path": ["network2", "train_loss"], "values": [{"value": 0.01341111771762371, "step": null, "ts": 1639301734.2523022}]}, "version": 297}
{"obj": {"type": "LogFloats", "path": ["network2", "validation_loss"], "values": [{"value": 0.06219954416155815, "step": null, "ts": 1639301734.3573976}]}, "version": 298}
{"obj": {"type": "UploadFile", "path": ["network2", "network_weights"], "ext": "pt", "file_path": "C:\\Users\\Marc\\Desktop\\Billeder\\params\\GTA_Unet_test.pt"}, "version": 299}
{"obj": {"type": "LogStrings", "path": ["monitoring", "stdout"], "values": [{"value": "test count:", "step": null, "ts": 1639301734.6223283}]}, "version": 300}
{"obj": {"type": "LogStrings", "path": ["monitoring", "stdout"], "values": [{"value": " ", "step": null, "ts": 1639301734.6223283}]}, "version": 301}
{"obj": {"type": "LogStrings", "path": ["monitoring", "stdout"], "values": [{"value": "1", "step": null, "ts": 1639301734.6223283}]}, "version": 302}
{"obj": {"type": "LogStrings", "path": ["monitoring", "stdout"], "values": [{"value": "\n", "step": null, "ts": 1639301734.6223283}]}, "version": 303}
{"obj": {"type": "LogStrings", "path": ["monitoring", "stdout"], "values": [{"value": "test count:", "step": null, "ts": 1639301735.745913}]}, "version": 304}
{"obj": {"type": "LogStrings", "path": ["monitoring", "stdout"], "values": [{"value": " ", "step": null, "ts": 1639301735.746914}]}, "version": 305}
{"obj": {"type": "LogStrings", "path": ["monitoring", "stdout"], "values": [{"value": "2", "step": null, "ts": 1639301735.746914}]}, "version": 306}
{"obj": {"type": "LogStrings", "path": ["monitoring", "stdout"], "values": [{"value": "\n", "step": null, "ts": 1639301735.746914}]}, "version": 307}
{"obj": {"type": "LogStrings", "path": ["monitoring", "stdout"], "values": [{"value": "test count:", "step": null, "ts": 1639301736.8373744}]}, "version": 308}
{"obj": {"type": "LogStrings", "path": ["monitoring", "stdout"], "values": [{"value": " ", "step": null, "ts": 1639301736.8373744}]}, "version": 309}
{"obj": {"type": "LogStrings", "path": ["monitoring", "stdout"], "values": [{"value": "3", "step": null, "ts": 1639301736.838375}]}, "version": 310}
{"obj": {"type": "LogStrings", "path": ["monitoring", "stdout"], "values": [{"value": "\n", "step": null, "ts": 1639301736.838375}]}, "version": 311}
{"obj": {"type": "LogStrings", "path": ["monitoring", "stdout"], "values": [{"value": "test count:", "step": null, "ts": 1639301737.9800105}]}, "version": 312}
{"obj": {"type": "LogStrings", "path": ["monitoring", "stdout"], "values": [{"value": " ", "step": null, "ts": 1639301737.9800105}]}, "version": 313}
{"obj": {"type": "LogStrings", "path": ["monitoring", "stdout"], "values": [{"value": "4", "step": null, "ts": 1639301737.9800105}]}, "version": 314}
{"obj": {"type": "LogStrings", "path": ["monitoring", "stdout"], "values": [{"value": "\n", "step": null, "ts": 1639301737.9800105}]}, "version": 315}
{"obj": {"type": "LogStrings", "path": ["monitoring", "stdout"], "values": [{"value": "test count:", "step": null, "ts": 1639301739.084012}]}, "version": 316}
{"obj": {"type": "LogStrings", "path": ["monitoring", "stdout"], "values": [{"value": " ", "step": null, "ts": 1639301739.084012}]}, "version": 317}
{"obj": {"type": "LogStrings", "path": ["monitoring", "stdout"], "values": [{"value": "5", "step": null, "ts": 1639301739.084012}]}, "version": 318}
{"obj": {"type": "LogStrings", "path": ["monitoring", "stdout"], "values": [{"value": "\n", "step": null, "ts": 1639301739.084012}]}, "version": 319}
{"obj": {"type": "LogStrings", "path": ["monitoring", "stdout"], "values": [{"value": "test count:", "step": null, "ts": 1639301740.187211}]}, "version": 320}
{"obj": {"type": "LogStrings", "path": ["monitoring", "stdout"], "values": [{"value": " ", "step": null, "ts": 1639301740.1882112}]}, "version": 321}
{"obj": {"type": "LogStrings", "path": ["monitoring", "stdout"], "values": [{"value": "6", "step": null, "ts": 1639301740.1882112}]}, "version": 322}
{"obj": {"type": "LogStrings", "path": ["monitoring", "stdout"], "values": [{"value": "\n", "step": null, "ts": 1639301740.1882112}]}, "version": 323}
{"obj": {"type": "LogFloats", "path": ["monitoring", "cpu"], "values": [{"value": 30.6, "step": null, "ts": 1639301741.0405784}]}, "version": 324}
{"obj": {"type": "LogFloats", "path": ["monitoring", "memory"], "values": [{"value": 9.073833465576172, "step": null, "ts": 1639301741.0405784}]}, "version": 325}
{"obj": {"type": "LogFloats", "path": ["monitoring", "gpu_memory"], "values": [{"value": 2.559967041015625, "step": null, "ts": 1639301741.0405784}]}, "version": 326}
{"obj": {"type": "LogStrings", "path": ["monitoring", "stdout"], "values": [{"value": "test count:", "step": null, "ts": 1639301741.31883}]}, "version": 327}
{"obj": {"type": "LogStrings", "path": ["monitoring", "stdout"], "values": [{"value": " ", "step": null, "ts": 1639301741.31883}]}, "version": 328}
{"obj": {"type": "LogStrings", "path": ["monitoring", "stdout"], "values": [{"value": "7", "step": null, "ts": 1639301741.31883}]}, "version": 329}
{"obj": {"type": "LogStrings", "path": ["monitoring", "stdout"], "values": [{"value": "\n", "step": null, "ts": 1639301741.31883}]}, "version": 330}
{"obj": {"type": "LogStrings", "path": ["monitoring", "stdout"], "values": [{"value": "test count:", "step": null, "ts": 1639301742.4227207}]}, "version": 331}
{"obj": {"type": "LogStrings", "path": ["monitoring", "stdout"], "values": [{"value": " ", "step": null, "ts": 1639301742.4227207}]}, "version": 332}
{"obj": {"type": "LogStrings", "path": ["monitoring", "stdout"], "values": [{"value": "8", "step": null, "ts": 1639301742.4227207}]}, "version": 333}
{"obj": {"type": "LogStrings", "path": ["monitoring", "stdout"], "values": [{"value": "\n", "step": null, "ts": 1639301742.4227207}]}, "version": 334}
{"obj": {"type": "LogStrings", "path": ["monitoring", "stdout"], "values": [{"value": "test count:", "step": null, "ts": 1639301743.5044782}]}, "version": 335}
{"obj": {"type": "LogStrings", "path": ["monitoring", "stdout"], "values": [{"value": " ", "step": null, "ts": 1639301743.5044782}]}, "version": 336}
{"obj": {"type": "LogStrings", "path": ["monitoring", "stdout"], "values": [{"value": "9", "step": null, "ts": 1639301743.5044782}]}, "version": 337}
{"obj": {"type": "LogStrings", "path": ["monitoring", "stdout"], "values": [{"value": "\n", "step": null, "ts": 1639301743.5044782}]}, "version": 338}
{"obj": {"type": "LogStrings", "path": ["monitoring", "stdout"], "values": [{"value": "test count:", "step": null, "ts": 1639301744.60351}]}, "version": 339}
{"obj": {"type": "LogStrings", "path": ["monitoring", "stdout"], "values": [{"value": " ", "step": null, "ts": 1639301744.60351}]}, "version": 340}
{"obj": {"type": "LogStrings", "path": ["monitoring", "stdout"], "values": [{"value": "10", "step": null, "ts": 1639301744.60351}]}, "version": 341}
{"obj": {"type": "LogStrings", "path": ["monitoring", "stdout"], "values": [{"value": "\n", "step": null, "ts": 1639301744.6045108}]}, "version": 342}
{"obj": {"type": "LogStrings", "path": ["monitoring", "stdout"], "values": [{"value": "0.777611111111111", "step": null, "ts": 1639301745.6403854}]}, "version": 343}
{"obj": {"type": "LogStrings", "path": ["monitoring", "stdout"], "values": [{"value": "\n", "step": null, "ts": 1639301745.6403854}]}, "version": 344}
{"obj": {"type": "LogFloats", "path": ["network2", "test_accuracy_per_pic"], "values": [{"value": 0.8008333333333333, "step": null, "ts": 1639301745.6403854}, {"value": 0.7733333333333333, "step": null, "ts": 1639301745.6403854}, {"value": 0.7683333333333333, "step": null, "ts": 1639301745.6403854}, {"value": 0.7805555555555556, "step": null, "ts": 1639301745.6403854}, {"value": 0.7911111111111111, "step": null, "ts": 1639301745.6403854}, {"value": 0.7177777777777777, "step": null, "ts": 1639301745.6403854}, {"value": 0.7794444444444445, "step": null, "ts": 1639301745.6403854}, {"value": 0.7925, "step": null, "ts": 1639301745.6403854}, {"value": 0.7830555555555555, "step": null, "ts": 1639301745.6403854}, {"value": 0.7891666666666667, "step": null, "ts": 1639301745.6403854}]}, "version": 345}
{"obj": {"type": "LogFloats", "path": ["network2", "mean_test_accuracy"], "values": [{"value": 0.777611111111111, "step": null, "ts": 1639301745.6403854}]}, "version": 346}
