{"obj": {"type": "AssignString", "path": ["sys", "name"], "value": "Untitled"}, "version": 1}
{"obj": {"type": "AssignString", "path": ["sys", "description"], "value": ""}, "version": 2}
{"obj": {"type": "AssignString", "path": ["sys", "hostname"], "value": "DESKTOP-SDMAFDQ"}, "version": 3}
{"obj": {"type": "AssignBool", "path": ["sys", "failed"], "value": false}, "version": 4}
{"obj": {"type": "ClearStringLog", "path": ["monitoring", "stdout"]}, "version": 5}
{"obj": {"type": "ClearStringLog", "path": ["monitoring", "stderr"]}, "version": 6}
{"obj": {"type": "AssignString", "path": ["source_code", "entrypoint"], "value": "max_learning-finder.py"}, "version": 7}
{"obj": {"type": "UploadFileSet", "path": ["source_code", "files"], "file_globs": ["C:\\Users\\Marc\\Documents\\GitHub\\Deep_final\\max_learning-finder.py"], "reset": "False"}, "version": 8}
{"obj": {"type": "ConfigFloatSeries", "path": ["monitoring", "cpu"], "min": 0.0, "max": 100.0, "unit": "%"}, "version": 9}
{"obj": {"type": "ClearFloatLog", "path": ["monitoring", "cpu"]}, "version": 10}
{"obj": {"type": "ConfigFloatSeries", "path": ["monitoring", "memory"], "min": 0.0, "max": 15.387199401855469, "unit": "GB"}, "version": 11}
{"obj": {"type": "ClearFloatLog", "path": ["monitoring", "memory"]}, "version": 12}
{"obj": {"type": "ConfigFloatSeries", "path": ["monitoring", "gpu"], "min": 0.0, "max": 100.0, "unit": "%"}, "version": 13}
{"obj": {"type": "ClearFloatLog", "path": ["monitoring", "gpu"]}, "version": 14}
{"obj": {"type": "ConfigFloatSeries", "path": ["monitoring", "gpu_memory"], "min": 0.0, "max": 4.0, "unit": "GB"}, "version": 15}
{"obj": {"type": "ClearFloatLog", "path": ["monitoring", "gpu_memory"]}, "version": 16}
{"obj": {"type": "LogFloats", "path": ["monitoring", "cpu"], "values": [{"value": 11.5, "step": null, "ts": 1639492972.1894295}]}, "version": 17}
{"obj": {"type": "LogFloats", "path": ["monitoring", "memory"], "values": [{"value": 6.845134735107422, "step": null, "ts": 1639492972.1894295}]}, "version": 18}
{"obj": {"type": "LogFloats", "path": ["monitoring", "gpu"], "values": [{"value": 3.0, "step": null, "ts": 1639492972.1894295}]}, "version": 19}
{"obj": {"type": "LogFloats", "path": ["monitoring", "gpu_memory"], "values": [{"value": 0.1513671875, "step": null, "ts": 1639492972.1894295}]}, "version": 20}
{"obj": {"type": "AssignString", "path": ["network", "parameters", "optimizer"], "value": "SGD"}, "version": 21}
{"obj": {"type": "AssignFloat", "path": ["network", "parameters", "optimizer_momentum"], "value": 0.9}, "version": 22}
{"obj": {"type": "AssignFloat", "path": ["network", "parameters", "optimizer_learning_rate"], "value": 0.1}, "version": 23}
{"obj": {"type": "AssignString", "path": ["network", "parameters", "loss_function"], "value": "MSEloss"}, "version": 24}
{"obj": {"type": "AssignString", "path": ["network", "parameters", "model"], "value": "GTA_Unet"}, "version": 25}
{"obj": {"type": "AssignString", "path": ["network", "parameters", "scheduler"], "value": "CyclicLR"}, "version": 26}
{"obj": {"type": "AssignFloat", "path": ["network", "parameters", "scheduler_base_lr"], "value": 0.001}, "version": 27}
{"obj": {"type": "AssignInt", "path": ["network", "parameters", "scheduler_max_lr"], "value": 1}, "version": 28}
{"obj": {"type": "AssignInt", "path": ["network", "parameters", "scheduler_step_size_up"], "value": 30}, "version": 29}
{"obj": {"type": "LogStrings", "path": ["monitoring", "stdout"], "values": [{"value": "Training epoch 0", "step": null, "ts": 1639492972.452801}]}, "version": 30}
{"obj": {"type": "LogStrings", "path": ["monitoring", "stdout"], "values": [{"value": "\n", "step": null, "ts": 1639492972.452801}]}, "version": 31}
{"obj": {"type": "LogFloats", "path": ["network", "learning_rate"], "values": [{"value": 0.0001, "step": null, "ts": 1639492972.452801}]}, "version": 32}
{"obj": {"type": "LogFloats", "path": ["network", "train_loss"], "values": [{"value": 0.09969192892313003, "step": null, "ts": 1639492975.240059}]}, "version": 33}
{"obj": {"type": "LogStrings", "path": ["monitoring", "stdout"], "values": [{"value": "test count:", "step": null, "ts": 1639492975.4025438}]}, "version": 34}
{"obj": {"type": "LogStrings", "path": ["monitoring", "stdout"], "values": [{"value": " ", "step": null, "ts": 1639492975.4025438}]}, "version": 35}
{"obj": {"type": "LogStrings", "path": ["monitoring", "stdout"], "values": [{"value": "1", "step": null, "ts": 1639492975.4035459}]}, "version": 36}
{"obj": {"type": "LogStrings", "path": ["monitoring", "stdout"], "values": [{"value": "\n", "step": null, "ts": 1639492975.4035459}]}, "version": 37}
{"obj": {"type": "LogFloats", "path": ["network", "validation_acc_per_pic"], "values": [{"value": 0.14576666666666666, "step": null, "ts": 1639492975.4841237}]}, "version": 38}
{"obj": {"type": "LogFloats", "path": ["network", "validation_loss"], "values": [{"value": 0.10023713856935501, "step": null, "ts": 1639492975.4851243}]}, "version": 39}
{"obj": {"type": "LogStrings", "path": ["monitoring", "stdout"], "values": [{"value": "Training epoch 1", "step": null, "ts": 1639492975.4851243}]}, "version": 40}
{"obj": {"type": "LogStrings", "path": ["monitoring", "stdout"], "values": [{"value": "\n", "step": null, "ts": 1639492975.4851243}]}, "version": 41}
{"obj": {"type": "LogFloats", "path": ["network", "learning_rate"], "values": [{"value": 0.03342999999999988, "step": null, "ts": 1639492975.4851243}]}, "version": 42}
{"obj": {"type": "LogFloats", "path": ["network", "train_loss"], "values": [{"value": 0.09719163626432419, "step": null, "ts": 1639492976.656956}]}, "version": 43}
{"obj": {"type": "LogStrings", "path": ["monitoring", "stdout"], "values": [{"value": "test count:", "step": null, "ts": 1639492976.8140988}]}, "version": 44}
{"obj": {"type": "LogStrings", "path": ["monitoring", "stdout"], "values": [{"value": " ", "step": null, "ts": 1639492976.8140988}]}, "version": 45}
{"obj": {"type": "LogStrings", "path": ["monitoring", "stdout"], "values": [{"value": "1", "step": null, "ts": 1639492976.8140988}]}, "version": 46}
{"obj": {"type": "LogStrings", "path": ["monitoring", "stdout"], "values": [{"value": "\n", "step": null, "ts": 1639492976.8150988}]}, "version": 47}
{"obj": {"type": "LogFloats", "path": ["network", "validation_acc_per_pic"], "values": [{"value": 0.257075, "step": null, "ts": 1639492976.89217}]}, "version": 48}
{"obj": {"type": "LogFloats", "path": ["network", "validation_loss"], "values": [{"value": 0.09720715135335922, "step": null, "ts": 1639492976.89317}]}, "version": 49}
{"obj": {"type": "LogStrings", "path": ["monitoring", "stdout"], "values": [{"value": "Training epoch 2", "step": null, "ts": 1639492976.89317}]}, "version": 50}
{"obj": {"type": "LogStrings", "path": ["monitoring", "stdout"], "values": [{"value": "\n", "step": null, "ts": 1639492976.89317}]}, "version": 51}
{"obj": {"type": "LogFloats", "path": ["network", "learning_rate"], "values": [{"value": 0.06676000000000021, "step": null, "ts": 1639492976.89317}]}, "version": 52}
{"obj": {"type": "LogFloats", "path": ["network", "train_loss"], "values": [{"value": 0.08584033101797103, "step": null, "ts": 1639492978.0545096}]}, "version": 53}
{"obj": {"type": "LogStrings", "path": ["monitoring", "stdout"], "values": [{"value": "test count:", "step": null, "ts": 1639492978.2076485}]}, "version": 54}
{"obj": {"type": "LogStrings", "path": ["monitoring", "stdout"], "values": [{"value": " ", "step": null, "ts": 1639492978.2086499}]}, "version": 55}
{"obj": {"type": "LogStrings", "path": ["monitoring", "stdout"], "values": [{"value": "1", "step": null, "ts": 1639492978.2086499}]}, "version": 56}
{"obj": {"type": "LogStrings", "path": ["monitoring", "stdout"], "values": [{"value": "\n", "step": null, "ts": 1639492978.2086499}]}, "version": 57}
{"obj": {"type": "LogFloats", "path": ["network", "validation_acc_per_pic"], "values": [{"value": 0.40241666666666664, "step": null, "ts": 1639492978.2867205}]}, "version": 58}
{"obj": {"type": "LogFloats", "path": ["network", "validation_loss"], "values": [{"value": 0.08976686745882034, "step": null, "ts": 1639492978.2867205}]}, "version": 59}
{"obj": {"type": "LogStrings", "path": ["monitoring", "stdout"], "values": [{"value": "Training epoch 3", "step": null, "ts": 1639492978.2867205}]}, "version": 60}
{"obj": {"type": "LogStrings", "path": ["monitoring", "stdout"], "values": [{"value": "\n", "step": null, "ts": 1639492978.2867205}]}, "version": 61}
{"obj": {"type": "LogFloats", "path": ["network", "learning_rate"], "values": [{"value": 0.1000900000000001, "step": null, "ts": 1639492978.2867205}]}, "version": 62}
{"obj": {"type": "LogFloats", "path": ["network", "train_loss"], "values": [{"value": 0.06485262140631676, "step": null, "ts": 1639492979.455453}]}, "version": 63}
{"obj": {"type": "LogStrings", "path": ["monitoring", "stdout"], "values": [{"value": "test count:", "step": null, "ts": 1639492979.6175997}]}, "version": 64}
{"obj": {"type": "LogStrings", "path": ["monitoring", "stdout"], "values": [{"value": " ", "step": null, "ts": 1639492979.6175997}]}, "version": 65}
{"obj": {"type": "LogStrings", "path": ["monitoring", "stdout"], "values": [{"value": "1", "step": null, "ts": 1639492979.6175997}]}, "version": 66}
{"obj": {"type": "LogStrings", "path": ["monitoring", "stdout"], "values": [{"value": "\n", "step": null, "ts": 1639492979.6175997}]}, "version": 67}
{"obj": {"type": "LogFloats", "path": ["network", "validation_acc_per_pic"], "values": [{"value": 0.458625, "step": null, "ts": 1639492979.6966715}]}, "version": 68}
{"obj": {"type": "LogFloats", "path": ["network", "validation_loss"], "values": [{"value": 0.08133716881275177, "step": null, "ts": 1639492979.6966715}]}, "version": 69}
{"obj": {"type": "LogStrings", "path": ["monitoring", "stdout"], "values": [{"value": "Training epoch 4", "step": null, "ts": 1639492979.6966715}]}, "version": 70}
{"obj": {"type": "LogStrings", "path": ["monitoring", "stdout"], "values": [{"value": "\n", "step": null, "ts": 1639492979.6966715}]}, "version": 71}
{"obj": {"type": "LogFloats", "path": ["network", "learning_rate"], "values": [{"value": 0.13341999999999996, "step": null, "ts": 1639492979.6966715}]}, "version": 72}
{"obj": {"type": "LogFloats", "path": ["network", "train_loss"], "values": [{"value": 0.047768544778227805, "step": null, "ts": 1639492980.8561397}]}, "version": 73}
{"obj": {"type": "LogStrings", "path": ["monitoring", "stdout"], "values": [{"value": "test count:", "step": null, "ts": 1639492981.0122817}]}, "version": 74}
{"obj": {"type": "LogStrings", "path": ["monitoring", "stdout"], "values": [{"value": " ", "step": null, "ts": 1639492981.0122817}]}, "version": 75}
{"obj": {"type": "LogStrings", "path": ["monitoring", "stdout"], "values": [{"value": "1", "step": null, "ts": 1639492981.0122817}]}, "version": 76}
{"obj": {"type": "LogStrings", "path": ["monitoring", "stdout"], "values": [{"value": "\n", "step": null, "ts": 1639492981.0122817}]}, "version": 77}
{"obj": {"type": "LogFloats", "path": ["network", "validation_acc_per_pic"], "values": [{"value": 0.529975, "step": null, "ts": 1639492981.0913525}]}, "version": 78}
{"obj": {"type": "LogFloats", "path": ["network", "validation_loss"], "values": [{"value": 0.07342936098575592, "step": null, "ts": 1639492981.0913525}]}, "version": 79}
{"obj": {"type": "LogStrings", "path": ["monitoring", "stdout"], "values": [{"value": "Training epoch 5", "step": null, "ts": 1639492981.0913525}]}, "version": 80}
{"obj": {"type": "LogStrings", "path": ["monitoring", "stdout"], "values": [{"value": "\n", "step": null, "ts": 1639492981.0913525}]}, "version": 81}
{"obj": {"type": "LogFloats", "path": ["network", "learning_rate"], "values": [{"value": 0.16674999999999984, "step": null, "ts": 1639492981.0913525}]}, "version": 82}
{"obj": {"type": "LogFloats", "path": ["monitoring", "cpu"], "values": [{"value": 48.0, "step": null, "ts": 1639492982.2027957}]}, "version": 83}
{"obj": {"type": "LogFloats", "path": ["monitoring", "memory"], "values": [{"value": 8.624107360839844, "step": null, "ts": 1639492982.2027957}]}, "version": 84}
{"obj": {"type": "LogFloats", "path": ["monitoring", "gpu"], "values": [{"value": 78.0, "step": null, "ts": 1639492982.2027957}]}, "version": 85}
{"obj": {"type": "LogFloats", "path": ["monitoring", "gpu_memory"], "values": [{"value": 2.660308837890625, "step": null, "ts": 1639492982.2027957}]}, "version": 86}
{"obj": {"type": "LogFloats", "path": ["network", "train_loss"], "values": [{"value": 0.03417871817946434, "step": null, "ts": 1639492982.2408304}]}, "version": 87}
{"obj": {"type": "LogStrings", "path": ["monitoring", "stdout"], "values": [{"value": "test count:", "step": null, "ts": 1639492982.4074757}]}, "version": 88}
{"obj": {"type": "LogStrings", "path": ["monitoring", "stdout"], "values": [{"value": " ", "step": null, "ts": 1639492982.4074757}]}, "version": 89}
{"obj": {"type": "LogStrings", "path": ["monitoring", "stdout"], "values": [{"value": "1", "step": null, "ts": 1639492982.408476}]}, "version": 90}
{"obj": {"type": "LogStrings", "path": ["monitoring", "stdout"], "values": [{"value": "\n", "step": null, "ts": 1639492982.408476}]}, "version": 91}
{"obj": {"type": "LogFloats", "path": ["network", "validation_acc_per_pic"], "values": [{"value": 0.5830333333333333, "step": null, "ts": 1639492982.486937}]}, "version": 92}
{"obj": {"type": "LogFloats", "path": ["network", "validation_loss"], "values": [{"value": 0.07008083164691925, "step": null, "ts": 1639492982.486937}]}, "version": 93}
{"obj": {"type": "LogStrings", "path": ["monitoring", "stdout"], "values": [{"value": "Training epoch 6", "step": null, "ts": 1639492982.4879377}]}, "version": 94}
{"obj": {"type": "LogStrings", "path": ["monitoring", "stdout"], "values": [{"value": "\n", "step": null, "ts": 1639492982.4879377}]}, "version": 95}
{"obj": {"type": "LogFloats", "path": ["network", "learning_rate"], "values": [{"value": 0.20008000000000017, "step": null, "ts": 1639492982.4879377}]}, "version": 96}
{"obj": {"type": "LogFloats", "path": ["network", "train_loss"], "values": [{"value": 0.025495309196412564, "step": null, "ts": 1639492983.6472094}]}, "version": 97}
{"obj": {"type": "LogStrings", "path": ["monitoring", "stdout"], "values": [{"value": "test count:", "step": null, "ts": 1639492983.802822}]}, "version": 98}
{"obj": {"type": "LogStrings", "path": ["monitoring", "stdout"], "values": [{"value": " ", "step": null, "ts": 1639492983.802822}]}, "version": 99}
{"obj": {"type": "LogStrings", "path": ["monitoring", "stdout"], "values": [{"value": "1", "step": null, "ts": 1639492983.8038244}]}, "version": 100}
{"obj": {"type": "LogStrings", "path": ["monitoring", "stdout"], "values": [{"value": "\n", "step": null, "ts": 1639492983.8038244}]}, "version": 101}
{"obj": {"type": "LogFloats", "path": ["network", "validation_acc_per_pic"], "values": [{"value": 0.6457333333333334, "step": null, "ts": 1639492983.8808935}]}, "version": 102}
{"obj": {"type": "LogFloats", "path": ["network", "validation_loss"], "values": [{"value": 0.06203914061188698, "step": null, "ts": 1639492983.8808935}]}, "version": 103}
{"obj": {"type": "LogStrings", "path": ["monitoring", "stdout"], "values": [{"value": "Training epoch 7", "step": null, "ts": 1639492983.8818946}]}, "version": 104}
{"obj": {"type": "LogStrings", "path": ["monitoring", "stdout"], "values": [{"value": "\n", "step": null, "ts": 1639492983.8818946}]}, "version": 105}
{"obj": {"type": "LogFloats", "path": ["network", "learning_rate"], "values": [{"value": 0.23341000000000006, "step": null, "ts": 1639492983.8818946}]}, "version": 106}
{"obj": {"type": "LogFloats", "path": ["network", "train_loss"], "values": [{"value": 0.02815502304583788, "step": null, "ts": 1639492985.0322506}]}, "version": 107}
{"obj": {"type": "LogStrings", "path": ["monitoring", "stdout"], "values": [{"value": "test count:", "step": null, "ts": 1639492985.1863909}]}, "version": 108}
{"obj": {"type": "LogStrings", "path": ["monitoring", "stdout"], "values": [{"value": " ", "step": null, "ts": 1639492985.1863909}]}, "version": 109}
{"obj": {"type": "LogStrings", "path": ["monitoring", "stdout"], "values": [{"value": "1", "step": null, "ts": 1639492985.1873915}]}, "version": 110}
{"obj": {"type": "LogStrings", "path": ["monitoring", "stdout"], "values": [{"value": "\n", "step": null, "ts": 1639492985.1873915}]}, "version": 111}
{"obj": {"type": "LogFloats", "path": ["network", "validation_acc_per_pic"], "values": [{"value": 0.5909666666666666, "step": null, "ts": 1639492985.2654648}]}, "version": 112}
{"obj": {"type": "LogFloats", "path": ["network", "validation_loss"], "values": [{"value": 0.07053946703672409, "step": null, "ts": 1639492985.2654648}]}, "version": 113}
{"obj": {"type": "LogStrings", "path": ["monitoring", "stdout"], "values": [{"value": "Training epoch 8", "step": null, "ts": 1639492985.266463}]}, "version": 114}
{"obj": {"type": "LogStrings", "path": ["monitoring", "stdout"], "values": [{"value": "\n", "step": null, "ts": 1639492985.266463}]}, "version": 115}
{"obj": {"type": "LogFloats", "path": ["network", "learning_rate"], "values": [{"value": 0.2667399999999999, "step": null, "ts": 1639492985.266463}]}, "version": 116}
{"obj": {"type": "LogFloats", "path": ["network", "train_loss"], "values": [{"value": 0.02923358492553234, "step": null, "ts": 1639492986.4159021}]}, "version": 117}
{"obj": {"type": "LogStrings", "path": ["monitoring", "stdout"], "values": [{"value": "test count:", "step": null, "ts": 1639492986.5743372}]}, "version": 118}
{"obj": {"type": "LogStrings", "path": ["monitoring", "stdout"], "values": [{"value": " ", "step": null, "ts": 1639492986.5743372}]}, "version": 119}
{"obj": {"type": "LogStrings", "path": ["monitoring", "stdout"], "values": [{"value": "1", "step": null, "ts": 1639492986.5753381}]}, "version": 120}
{"obj": {"type": "LogStrings", "path": ["monitoring", "stdout"], "values": [{"value": "\n", "step": null, "ts": 1639492986.5753381}]}, "version": 121}
{"obj": {"type": "LogFloats", "path": ["network", "validation_acc_per_pic"], "values": [{"value": 0.553825, "step": null, "ts": 1639492986.6524084}]}, "version": 122}
{"obj": {"type": "LogFloats", "path": ["network", "validation_loss"], "values": [{"value": 0.07602935284376144, "step": null, "ts": 1639492986.653409}]}, "version": 123}
{"obj": {"type": "LogStrings", "path": ["monitoring", "stdout"], "values": [{"value": "Training epoch 9", "step": null, "ts": 1639492986.653409}]}, "version": 124}
{"obj": {"type": "LogStrings", "path": ["monitoring", "stdout"], "values": [{"value": "\n", "step": null, "ts": 1639492986.653409}]}, "version": 125}
{"obj": {"type": "LogFloats", "path": ["network", "learning_rate"], "values": [{"value": 0.30006999999999984, "step": null, "ts": 1639492986.653409}]}, "version": 126}
{"obj": {"type": "LogFloats", "path": ["network", "train_loss"], "values": [{"value": 0.027598734013736248, "step": null, "ts": 1639492987.7957535}]}, "version": 127}
{"obj": {"type": "LogStrings", "path": ["monitoring", "stdout"], "values": [{"value": "test count:", "step": null, "ts": 1639492987.9518957}]}, "version": 128}
{"obj": {"type": "LogStrings", "path": ["monitoring", "stdout"], "values": [{"value": " ", "step": null, "ts": 1639492987.9518957}]}, "version": 129}
{"obj": {"type": "LogStrings", "path": ["monitoring", "stdout"], "values": [{"value": "1", "step": null, "ts": 1639492987.9528973}]}, "version": 130}
{"obj": {"type": "LogStrings", "path": ["monitoring", "stdout"], "values": [{"value": "\n", "step": null, "ts": 1639492987.9528973}]}, "version": 131}
{"obj": {"type": "LogFloats", "path": ["network", "validation_acc_per_pic"], "values": [{"value": 0.62645, "step": null, "ts": 1639492988.0299666}]}, "version": 132}
{"obj": {"type": "LogFloats", "path": ["network", "validation_loss"], "values": [{"value": 0.06321581453084946, "step": null, "ts": 1639492988.0309675}]}, "version": 133}
{"obj": {"type": "LogStrings", "path": ["monitoring", "stdout"], "values": [{"value": "Training epoch 10", "step": null, "ts": 1639492988.0309675}]}, "version": 134}
{"obj": {"type": "LogStrings", "path": ["monitoring", "stdout"], "values": [{"value": "\n", "step": null, "ts": 1639492988.0309675}]}, "version": 135}
{"obj": {"type": "LogFloats", "path": ["network", "learning_rate"], "values": [{"value": 0.33340000000000014, "step": null, "ts": 1639492988.0309675}]}, "version": 136}
{"obj": {"type": "LogFloats", "path": ["network", "train_loss"], "values": [{"value": 0.02563597895205021, "step": null, "ts": 1639492989.1799161}]}, "version": 137}
{"obj": {"type": "LogStrings", "path": ["monitoring", "stdout"], "values": [{"value": "test count:", "step": null, "ts": 1639492989.340061}]}, "version": 138}
{"obj": {"type": "LogStrings", "path": ["monitoring", "stdout"], "values": [{"value": " ", "step": null, "ts": 1639492989.341062}]}, "version": 139}
{"obj": {"type": "LogStrings", "path": ["monitoring", "stdout"], "values": [{"value": "1", "step": null, "ts": 1639492989.341062}]}, "version": 140}
{"obj": {"type": "LogStrings", "path": ["monitoring", "stdout"], "values": [{"value": "\n", "step": null, "ts": 1639492989.341062}]}, "version": 141}
{"obj": {"type": "LogFloats", "path": ["network", "validation_acc_per_pic"], "values": [{"value": 0.6063166666666666, "step": null, "ts": 1639492989.4201338}]}, "version": 142}
{"obj": {"type": "LogFloats", "path": ["network", "validation_loss"], "values": [{"value": 0.06731732934713364, "step": null, "ts": 1639492989.421135}]}, "version": 143}
{"obj": {"type": "LogStrings", "path": ["monitoring", "stdout"], "values": [{"value": "Training epoch 11", "step": null, "ts": 1639492989.421135}]}, "version": 144}
{"obj": {"type": "LogStrings", "path": ["monitoring", "stdout"], "values": [{"value": "\n", "step": null, "ts": 1639492989.421135}]}, "version": 145}
{"obj": {"type": "LogFloats", "path": ["network", "learning_rate"], "values": [{"value": 0.36673, "step": null, "ts": 1639492989.421135}]}, "version": 146}
{"obj": {"type": "LogFloats", "path": ["network", "train_loss"], "values": [{"value": 0.025399727560579777, "step": null, "ts": 1639492990.5841634}]}, "version": 147}
{"obj": {"type": "LogStrings", "path": ["monitoring", "stdout"], "values": [{"value": "test count:", "step": null, "ts": 1639492990.744815}]}, "version": 148}
{"obj": {"type": "LogStrings", "path": ["monitoring", "stdout"], "values": [{"value": " ", "step": null, "ts": 1639492990.744815}]}, "version": 149}
{"obj": {"type": "LogStrings", "path": ["monitoring", "stdout"], "values": [{"value": "1", "step": null, "ts": 1639492990.744815}]}, "version": 150}
{"obj": {"type": "LogStrings", "path": ["monitoring", "stdout"], "values": [{"value": "\n", "step": null, "ts": 1639492990.744815}]}, "version": 151}
{"obj": {"type": "LogFloats", "path": ["network", "validation_acc_per_pic"], "values": [{"value": 0.6369333333333334, "step": null, "ts": 1639492990.8228862}]}, "version": 152}
{"obj": {"type": "LogFloats", "path": ["network", "validation_loss"], "values": [{"value": 0.05943954735994339, "step": null, "ts": 1639492990.8228862}]}, "version": 153}
{"obj": {"type": "LogStrings", "path": ["monitoring", "stdout"], "values": [{"value": "Training epoch 12", "step": null, "ts": 1639492990.8228862}]}, "version": 154}
{"obj": {"type": "LogStrings", "path": ["monitoring", "stdout"], "values": [{"value": "\n", "step": null, "ts": 1639492990.8228862}]}, "version": 155}
{"obj": {"type": "LogFloats", "path": ["network", "learning_rate"], "values": [{"value": 0.4000599999999999, "step": null, "ts": 1639492990.8238869}]}, "version": 156}
{"obj": {"type": "LogFloats", "path": ["network", "train_loss"], "values": [{"value": 0.020695118233561516, "step": null, "ts": 1639492991.987247}]}, "version": 157}
{"obj": {"type": "LogStrings", "path": ["monitoring", "stdout"], "values": [{"value": "test count:", "step": null, "ts": 1639492992.1453905}]}, "version": 158}
{"obj": {"type": "LogStrings", "path": ["monitoring", "stdout"], "values": [{"value": " ", "step": null, "ts": 1639492992.1453905}]}, "version": 159}
{"obj": {"type": "LogStrings", "path": ["monitoring", "stdout"], "values": [{"value": "1", "step": null, "ts": 1639492992.1453905}]}, "version": 160}
{"obj": {"type": "LogStrings", "path": ["monitoring", "stdout"], "values": [{"value": "\n", "step": null, "ts": 1639492992.1453905}]}, "version": 161}
{"obj": {"type": "LogFloats", "path": ["monitoring", "cpu"], "values": [{"value": 53.1, "step": null, "ts": 1639492992.2104495}]}, "version": 162}
{"obj": {"type": "LogFloats", "path": ["monitoring", "memory"], "values": [{"value": 8.693111419677734, "step": null, "ts": 1639492992.2104495}]}, "version": 163}
{"obj": {"type": "LogFloats", "path": ["monitoring", "gpu"], "values": [{"value": 72.0, "step": null, "ts": 1639492992.2104495}]}, "version": 164}
{"obj": {"type": "LogFloats", "path": ["monitoring", "gpu_memory"], "values": [{"value": 2.660308837890625, "step": null, "ts": 1639492992.2104495}]}, "version": 165}
{"obj": {"type": "LogFloats", "path": ["network", "validation_acc_per_pic"], "values": [{"value": 0.5956583333333333, "step": null, "ts": 1639492992.2234616}]}, "version": 166}
{"obj": {"type": "LogFloats", "path": ["network", "validation_loss"], "values": [{"value": 0.06598449498414993, "step": null, "ts": 1639492992.2234616}]}, "version": 167}
{"obj": {"type": "LogStrings", "path": ["monitoring", "stdout"], "values": [{"value": "Training epoch 13", "step": null, "ts": 1639492992.2234616}]}, "version": 168}
{"obj": {"type": "LogStrings", "path": ["monitoring", "stdout"], "values": [{"value": "\n", "step": null, "ts": 1639492992.2234616}]}, "version": 169}
{"obj": {"type": "LogFloats", "path": ["network", "learning_rate"], "values": [{"value": 0.4333900000000002, "step": null, "ts": 1639492992.2234616}]}, "version": 170}
{"obj": {"type": "LogFloats", "path": ["network", "train_loss"], "values": [{"value": 0.018849079497158527, "step": null, "ts": 1639492993.37979}]}, "version": 171}
{"obj": {"type": "LogStrings", "path": ["monitoring", "stdout"], "values": [{"value": "test count:", "step": null, "ts": 1639492993.5409365}]}, "version": 172}
{"obj": {"type": "LogStrings", "path": ["monitoring", "stdout"], "values": [{"value": " ", "step": null, "ts": 1639492993.5409365}]}, "version": 173}
{"obj": {"type": "LogStrings", "path": ["monitoring", "stdout"], "values": [{"value": "1", "step": null, "ts": 1639492993.5409365}]}, "version": 174}
{"obj": {"type": "LogStrings", "path": ["monitoring", "stdout"], "values": [{"value": "\n", "step": null, "ts": 1639492993.5409365}]}, "version": 175}
{"obj": {"type": "LogFloats", "path": ["network", "validation_acc_per_pic"], "values": [{"value": 0.6106, "step": null, "ts": 1639492993.6193113}]}, "version": 176}
{"obj": {"type": "LogFloats", "path": ["network", "validation_loss"], "values": [{"value": 0.07220136374235153, "step": null, "ts": 1639492993.6193113}]}, "version": 177}
{"obj": {"type": "LogStrings", "path": ["monitoring", "stdout"], "values": [{"value": "Training epoch 14", "step": null, "ts": 1639492993.6193113}]}, "version": 178}
{"obj": {"type": "LogStrings", "path": ["monitoring", "stdout"], "values": [{"value": "\n", "step": null, "ts": 1639492993.6193113}]}, "version": 179}
{"obj": {"type": "LogFloats", "path": ["network", "learning_rate"], "values": [{"value": 0.46672000000000013, "step": null, "ts": 1639492993.6193113}]}, "version": 180}
{"obj": {"type": "LogFloats", "path": ["network", "train_loss"], "values": [{"value": 0.018006994016468526, "step": null, "ts": 1639492994.7681832}]}, "version": 181}
{"obj": {"type": "LogStrings", "path": ["monitoring", "stdout"], "values": [{"value": "test count:", "step": null, "ts": 1639492994.9223957}]}, "version": 182}
{"obj": {"type": "LogStrings", "path": ["monitoring", "stdout"], "values": [{"value": " ", "step": null, "ts": 1639492994.9233959}]}, "version": 183}
{"obj": {"type": "LogStrings", "path": ["monitoring", "stdout"], "values": [{"value": "1", "step": null, "ts": 1639492994.9233959}]}, "version": 184}
{"obj": {"type": "LogStrings", "path": ["monitoring", "stdout"], "values": [{"value": "\n", "step": null, "ts": 1639492994.9233959}]}, "version": 185}
{"obj": {"type": "LogFloats", "path": ["network", "validation_acc_per_pic"], "values": [{"value": 0.6029916666666667, "step": null, "ts": 1639492995.0016613}]}, "version": 186}
{"obj": {"type": "LogFloats", "path": ["network", "validation_loss"], "values": [{"value": 0.07112257182598114, "step": null, "ts": 1639492995.0016613}]}, "version": 187}
{"obj": {"type": "LogStrings", "path": ["monitoring", "stdout"], "values": [{"value": "Training epoch 15", "step": null, "ts": 1639492995.0016613}]}, "version": 188}
{"obj": {"type": "LogStrings", "path": ["monitoring", "stdout"], "values": [{"value": "\n", "step": null, "ts": 1639492995.0016613}]}, "version": 189}
{"obj": {"type": "LogFloats", "path": ["network", "learning_rate"], "values": [{"value": 0.50005, "step": null, "ts": 1639492995.0016613}]}, "version": 190}
{"obj": {"type": "LogFloats", "path": ["network", "train_loss"], "values": [{"value": 0.01655912762507796, "step": null, "ts": 1639492996.1548543}]}, "version": 191}
{"obj": {"type": "LogStrings", "path": ["monitoring", "stdout"], "values": [{"value": "test count:", "step": null, "ts": 1639492996.312999}]}, "version": 192}
{"obj": {"type": "LogStrings", "path": ["monitoring", "stdout"], "values": [{"value": " ", "step": null, "ts": 1639492996.312999}]}, "version": 193}
{"obj": {"type": "LogStrings", "path": ["monitoring", "stdout"], "values": [{"value": "1", "step": null, "ts": 1639492996.312999}]}, "version": 194}
{"obj": {"type": "LogStrings", "path": ["monitoring", "stdout"], "values": [{"value": "\n", "step": null, "ts": 1639492996.312999}]}, "version": 195}
{"obj": {"type": "LogFloats", "path": ["network", "validation_acc_per_pic"], "values": [{"value": 0.6344416666666667, "step": null, "ts": 1639492996.3920698}]}, "version": 196}
{"obj": {"type": "LogFloats", "path": ["network", "validation_loss"], "values": [{"value": 0.06406645476818085, "step": null, "ts": 1639492996.3920698}]}, "version": 197}
{"obj": {"type": "LogStrings", "path": ["monitoring", "stdout"], "values": [{"value": "Training epoch 16", "step": null, "ts": 1639492996.3920698}]}, "version": 198}
{"obj": {"type": "LogStrings", "path": ["monitoring", "stdout"], "values": [{"value": "\n", "step": null, "ts": 1639492996.3920698}]}, "version": 199}
{"obj": {"type": "LogFloats", "path": ["network", "learning_rate"], "values": [{"value": 0.5333799999999999, "step": null, "ts": 1639492996.3920698}]}, "version": 200}
{"obj": {"type": "LogFloats", "path": ["network", "train_loss"], "values": [{"value": 0.013246800564229489, "step": null, "ts": 1639492997.551443}]}, "version": 201}
{"obj": {"type": "LogStrings", "path": ["monitoring", "stdout"], "values": [{"value": "test count:", "step": null, "ts": 1639492997.7168941}]}, "version": 202}
{"obj": {"type": "LogStrings", "path": ["monitoring", "stdout"], "values": [{"value": " ", "step": null, "ts": 1639492997.7168941}]}, "version": 203}
{"obj": {"type": "LogStrings", "path": ["monitoring", "stdout"], "values": [{"value": "1", "step": null, "ts": 1639492997.7168941}]}, "version": 204}
{"obj": {"type": "LogStrings", "path": ["monitoring", "stdout"], "values": [{"value": "\n", "step": null, "ts": 1639492997.7168941}]}, "version": 205}
{"obj": {"type": "LogFloats", "path": ["network", "validation_acc_per_pic"], "values": [{"value": 0.5743333333333334, "step": null, "ts": 1639492997.7959657}]}, "version": 206}
{"obj": {"type": "LogFloats", "path": ["network", "validation_loss"], "values": [{"value": 0.07274090498685837, "step": null, "ts": 1639492997.7959657}]}, "version": 207}
{"obj": {"type": "LogStrings", "path": ["monitoring", "stdout"], "values": [{"value": "Training epoch 17", "step": null, "ts": 1639492997.7969666}]}, "version": 208}
{"obj": {"type": "LogStrings", "path": ["monitoring", "stdout"], "values": [{"value": "\n", "step": null, "ts": 1639492997.7969666}]}, "version": 209}
{"obj": {"type": "LogFloats", "path": ["network", "learning_rate"], "values": [{"value": 0.5667099999999997, "step": null, "ts": 1639492997.7969666}]}, "version": 210}
{"obj": {"type": "LogFloats", "path": ["network", "train_loss"], "values": [{"value": 0.014338140562176704, "step": null, "ts": 1639492998.9518502}]}, "version": 211}
{"obj": {"type": "LogStrings", "path": ["monitoring", "stdout"], "values": [{"value": "test count:", "step": null, "ts": 1639492999.1190028}]}, "version": 212}
{"obj": {"type": "LogStrings", "path": ["monitoring", "stdout"], "values": [{"value": " ", "step": null, "ts": 1639492999.1190028}]}, "version": 213}
{"obj": {"type": "LogStrings", "path": ["monitoring", "stdout"], "values": [{"value": "1", "step": null, "ts": 1639492999.1190028}]}, "version": 214}
{"obj": {"type": "LogStrings", "path": ["monitoring", "stdout"], "values": [{"value": "\n", "step": null, "ts": 1639492999.1190028}]}, "version": 215}
{"obj": {"type": "LogFloats", "path": ["network", "validation_acc_per_pic"], "values": [{"value": 0.6406333333333334, "step": null, "ts": 1639492999.2020774}]}, "version": 216}
{"obj": {"type": "LogFloats", "path": ["network", "validation_loss"], "values": [{"value": 0.06096852570772171, "step": null, "ts": 1639492999.2020774}]}, "version": 217}
{"obj": {"type": "LogStrings", "path": ["monitoring", "stdout"], "values": [{"value": "Training epoch 18", "step": null, "ts": 1639492999.2030802}]}, "version": 218}
{"obj": {"type": "LogStrings", "path": ["monitoring", "stdout"], "values": [{"value": "\n", "step": null, "ts": 1639492999.2030802}]}, "version": 219}
{"obj": {"type": "LogFloats", "path": ["network", "learning_rate"], "values": [{"value": 0.6000400000000001, "step": null, "ts": 1639492999.2030802}]}, "version": 220}
{"obj": {"type": "LogFloats", "path": ["network", "train_loss"], "values": [{"value": 0.011392200738191605, "step": null, "ts": 1639493000.3771238}]}, "version": 221}
{"obj": {"type": "LogStrings", "path": ["monitoring", "stdout"], "values": [{"value": "test count:", "step": null, "ts": 1639493000.5332665}]}, "version": 222}
{"obj": {"type": "LogStrings", "path": ["monitoring", "stdout"], "values": [{"value": " ", "step": null, "ts": 1639493000.5332665}]}, "version": 223}
{"obj": {"type": "LogStrings", "path": ["monitoring", "stdout"], "values": [{"value": "1", "step": null, "ts": 1639493000.5332665}]}, "version": 224}
{"obj": {"type": "LogStrings", "path": ["monitoring", "stdout"], "values": [{"value": "\n", "step": null, "ts": 1639493000.5332665}]}, "version": 225}
{"obj": {"type": "LogFloats", "path": ["network", "validation_acc_per_pic"], "values": [{"value": 0.611925, "step": null, "ts": 1639493000.6113367}]}, "version": 226}
{"obj": {"type": "LogFloats", "path": ["network", "validation_loss"], "values": [{"value": 0.06802213191986084, "step": null, "ts": 1639493000.6113367}]}, "version": 227}
{"obj": {"type": "LogStrings", "path": ["monitoring", "stdout"], "values": [{"value": "Training epoch 19", "step": null, "ts": 1639493000.6123374}]}, "version": 228}
{"obj": {"type": "LogStrings", "path": ["monitoring", "stdout"], "values": [{"value": "\n", "step": null, "ts": 1639493000.6123374}]}, "version": 229}
{"obj": {"type": "LogFloats", "path": ["network", "learning_rate"], "values": [{"value": 0.63337, "step": null, "ts": 1639493000.6123374}]}, "version": 230}
{"obj": {"type": "LogFloats", "path": ["network", "train_loss"], "values": [{"value": 0.010260841809213161, "step": null, "ts": 1639493001.7739975}]}, "version": 231}
{"obj": {"type": "LogStrings", "path": ["monitoring", "stdout"], "values": [{"value": "test count:", "step": null, "ts": 1639493001.9421506}]}, "version": 232}
{"obj": {"type": "LogStrings", "path": ["monitoring", "stdout"], "values": [{"value": " ", "step": null, "ts": 1639493001.9431517}]}, "version": 233}
{"obj": {"type": "LogStrings", "path": ["monitoring", "stdout"], "values": [{"value": "1", "step": null, "ts": 1639493001.9431517}]}, "version": 234}
{"obj": {"type": "LogStrings", "path": ["monitoring", "stdout"], "values": [{"value": "\n", "step": null, "ts": 1639493001.9431517}]}, "version": 235}
{"obj": {"type": "LogFloats", "path": ["network", "validation_acc_per_pic"], "values": [{"value": 0.58235, "step": null, "ts": 1639493002.022223}]}, "version": 236}
{"obj": {"type": "LogFloats", "path": ["network", "validation_loss"], "values": [{"value": 0.07415798306465149, "step": null, "ts": 1639493002.022223}]}, "version": 237}
{"obj": {"type": "LogStrings", "path": ["monitoring", "stdout"], "values": [{"value": "Training epoch 20", "step": null, "ts": 1639493002.022223}]}, "version": 238}
{"obj": {"type": "LogStrings", "path": ["monitoring", "stdout"], "values": [{"value": "\n", "step": null, "ts": 1639493002.022223}]}, "version": 239}
{"obj": {"type": "LogFloats", "path": ["network", "learning_rate"], "values": [{"value": 0.6666999999999998, "step": null, "ts": 1639493002.022223}]}, "version": 240}
{"obj": {"type": "LogFloats", "path": ["monitoring", "cpu"], "values": [{"value": 53.9, "step": null, "ts": 1639493002.2184012}]}, "version": 241}
{"obj": {"type": "LogFloats", "path": ["monitoring", "memory"], "values": [{"value": 8.753379821777344, "step": null, "ts": 1639493002.2184012}]}, "version": 242}
{"obj": {"type": "LogFloats", "path": ["monitoring", "gpu"], "values": [{"value": 49.0, "step": null, "ts": 1639493002.2184012}]}, "version": 243}
{"obj": {"type": "LogFloats", "path": ["monitoring", "gpu_memory"], "values": [{"value": 2.660308837890625, "step": null, "ts": 1639493002.2184012}]}, "version": 244}
{"obj": {"type": "LogFloats", "path": ["network", "train_loss"], "values": [{"value": 0.00989168807864189, "step": null, "ts": 1639493003.1906102}]}, "version": 245}
{"obj": {"type": "LogStrings", "path": ["monitoring", "stdout"], "values": [{"value": "test count:", "step": null, "ts": 1639493003.345751}]}, "version": 246}
{"obj": {"type": "LogStrings", "path": ["monitoring", "stdout"], "values": [{"value": " ", "step": null, "ts": 1639493003.345751}]}, "version": 247}
{"obj": {"type": "LogStrings", "path": ["monitoring", "stdout"], "values": [{"value": "1", "step": null, "ts": 1639493003.3467522}]}, "version": 248}
{"obj": {"type": "LogStrings", "path": ["monitoring", "stdout"], "values": [{"value": "\n", "step": null, "ts": 1639493003.3467522}]}, "version": 249}
{"obj": {"type": "LogFloats", "path": ["network", "validation_acc_per_pic"], "values": [{"value": 0.6292083333333334, "step": null, "ts": 1639493003.423822}]}, "version": 250}
{"obj": {"type": "LogFloats", "path": ["network", "validation_loss"], "values": [{"value": 0.06488962471485138, "step": null, "ts": 1639493003.4248228}]}, "version": 251}
{"obj": {"type": "LogStrings", "path": ["monitoring", "stdout"], "values": [{"value": "Training epoch 21", "step": null, "ts": 1639493003.4248228}]}, "version": 252}
{"obj": {"type": "LogStrings", "path": ["monitoring", "stdout"], "values": [{"value": "\n", "step": null, "ts": 1639493003.4248228}]}, "version": 253}
{"obj": {"type": "LogFloats", "path": ["network", "learning_rate"], "values": [{"value": 0.7000300000000002, "step": null, "ts": 1639493003.4248228}]}, "version": 254}
{"obj": {"type": "LogFloats", "path": ["network", "train_loss"], "values": [{"value": 0.009930842090398073, "step": null, "ts": 1639493004.5950487}]}, "version": 255}
{"obj": {"type": "LogStrings", "path": ["monitoring", "stdout"], "values": [{"value": "test count:", "step": null, "ts": 1639493004.7735033}]}, "version": 256}
{"obj": {"type": "LogStrings", "path": ["monitoring", "stdout"], "values": [{"value": " ", "step": null, "ts": 1639493004.7745042}]}, "version": 257}
{"obj": {"type": "LogStrings", "path": ["monitoring", "stdout"], "values": [{"value": "1", "step": null, "ts": 1639493004.7745042}]}, "version": 258}
{"obj": {"type": "LogStrings", "path": ["monitoring", "stdout"], "values": [{"value": "\n", "step": null, "ts": 1639493004.7745042}]}, "version": 259}
{"obj": {"type": "LogFloats", "path": ["network", "validation_acc_per_pic"], "values": [{"value": 0.62365, "step": null, "ts": 1639493004.852575}]}, "version": 260}
{"obj": {"type": "LogFloats", "path": ["network", "validation_loss"], "values": [{"value": 0.06647253781557083, "step": null, "ts": 1639493004.8535757}]}, "version": 261}
{"obj": {"type": "LogStrings", "path": ["monitoring", "stdout"], "values": [{"value": "Training epoch 22", "step": null, "ts": 1639493004.8535757}]}, "version": 262}
{"obj": {"type": "LogStrings", "path": ["monitoring", "stdout"], "values": [{"value": "\n", "step": null, "ts": 1639493004.8535757}]}, "version": 263}
{"obj": {"type": "LogFloats", "path": ["network", "learning_rate"], "values": [{"value": 0.73336, "step": null, "ts": 1639493004.8535757}]}, "version": 264}
{"obj": {"type": "LogFloats", "path": ["network", "train_loss"], "values": [{"value": 0.009418585058301687, "step": null, "ts": 1639493006.0068817}]}, "version": 265}
{"obj": {"type": "LogStrings", "path": ["monitoring", "stdout"], "values": [{"value": "test count:", "step": null, "ts": 1639493006.1620224}]}, "version": 266}
{"obj": {"type": "LogStrings", "path": ["monitoring", "stdout"], "values": [{"value": " ", "step": null, "ts": 1639493006.1630228}]}, "version": 267}
{"obj": {"type": "LogStrings", "path": ["monitoring", "stdout"], "values": [{"value": "1", "step": null, "ts": 1639493006.1630228}]}, "version": 268}
{"obj": {"type": "LogStrings", "path": ["monitoring", "stdout"], "values": [{"value": "\n", "step": null, "ts": 1639493006.1630228}]}, "version": 269}
{"obj": {"type": "LogFloats", "path": ["network", "validation_acc_per_pic"], "values": [{"value": 0.60065, "step": null, "ts": 1639493006.2440972}]}, "version": 270}
{"obj": {"type": "LogFloats", "path": ["network", "validation_loss"], "values": [{"value": 0.07122054696083069, "step": null, "ts": 1639493006.2440972}]}, "version": 271}
{"obj": {"type": "LogStrings", "path": ["monitoring", "stdout"], "values": [{"value": "Training epoch 23", "step": null, "ts": 1639493006.2440972}]}, "version": 272}
{"obj": {"type": "LogStrings", "path": ["monitoring", "stdout"], "values": [{"value": "\n", "step": null, "ts": 1639493006.2440972}]}, "version": 273}
{"obj": {"type": "LogFloats", "path": ["network", "learning_rate"], "values": [{"value": 0.76669, "step": null, "ts": 1639493006.2440972}]}, "version": 274}
{"obj": {"type": "LogFloats", "path": ["network", "train_loss"], "values": [{"value": 0.009760254994034767, "step": null, "ts": 1639493007.4205143}]}, "version": 275}
{"obj": {"type": "LogStrings", "path": ["monitoring", "stdout"], "values": [{"value": "test count:", "step": null, "ts": 1639493007.5720305}]}, "version": 276}
{"obj": {"type": "LogStrings", "path": ["monitoring", "stdout"], "values": [{"value": " ", "step": null, "ts": 1639493007.5720305}]}, "version": 277}
{"obj": {"type": "LogStrings", "path": ["monitoring", "stdout"], "values": [{"value": "1", "step": null, "ts": 1639493007.5720305}]}, "version": 278}
{"obj": {"type": "LogStrings", "path": ["monitoring", "stdout"], "values": [{"value": "\n", "step": null, "ts": 1639493007.5720305}]}, "version": 279}
{"obj": {"type": "LogFloats", "path": ["network", "validation_acc_per_pic"], "values": [{"value": 0.5939, "step": null, "ts": 1639493007.6501017}]}, "version": 280}
{"obj": {"type": "LogFloats", "path": ["network", "validation_loss"], "values": [{"value": 0.07276961207389832, "step": null, "ts": 1639493007.6501017}]}, "version": 281}
{"obj": {"type": "LogStrings", "path": ["monitoring", "stdout"], "values": [{"value": "Training epoch 24", "step": null, "ts": 1639493007.6501017}]}, "version": 282}
{"obj": {"type": "LogStrings", "path": ["monitoring", "stdout"], "values": [{"value": "\n", "step": null, "ts": 1639493007.6501017}]}, "version": 283}
{"obj": {"type": "LogFloats", "path": ["network", "learning_rate"], "values": [{"value": 0.8000199999999998, "step": null, "ts": 1639493007.6501017}]}, "version": 284}
{"obj": {"type": "LogFloats", "path": ["network", "train_loss"], "values": [{"value": 0.008596714120358229, "step": null, "ts": 1639493008.7978103}]}, "version": 285}
{"obj": {"type": "LogStrings", "path": ["monitoring", "stdout"], "values": [{"value": "test count:", "step": null, "ts": 1639493008.9599578}]}, "version": 286}
{"obj": {"type": "LogStrings", "path": ["monitoring", "stdout"], "values": [{"value": " ", "step": null, "ts": 1639493008.9599578}]}, "version": 287}
{"obj": {"type": "LogStrings", "path": ["monitoring", "stdout"], "values": [{"value": "1", "step": null, "ts": 1639493008.9599578}]}, "version": 288}
{"obj": {"type": "LogStrings", "path": ["monitoring", "stdout"], "values": [{"value": "\n", "step": null, "ts": 1639493008.9609592}]}, "version": 289}
{"obj": {"type": "LogFloats", "path": ["network", "validation_acc_per_pic"], "values": [{"value": 0.593175, "step": null, "ts": 1639493009.041032}]}, "version": 290}
{"obj": {"type": "LogFloats", "path": ["network", "validation_loss"], "values": [{"value": 0.07092338055372238, "step": null, "ts": 1639493009.0420325}]}, "version": 291}
{"obj": {"type": "LogStrings", "path": ["monitoring", "stdout"], "values": [{"value": "Training epoch 25", "step": null, "ts": 1639493009.0420325}]}, "version": 292}
{"obj": {"type": "LogStrings", "path": ["monitoring", "stdout"], "values": [{"value": "\n", "step": null, "ts": 1639493009.0420325}]}, "version": 293}
{"obj": {"type": "LogFloats", "path": ["network", "learning_rate"], "values": [{"value": 0.8333500000000001, "step": null, "ts": 1639493009.0420325}]}, "version": 294}
{"obj": {"type": "LogFloats", "path": ["network", "train_loss"], "values": [{"value": 0.008703029528260232, "step": null, "ts": 1639493010.2099922}]}, "version": 295}
{"obj": {"type": "LogStrings", "path": ["monitoring", "stdout"], "values": [{"value": "test count:", "step": null, "ts": 1639493010.3731399}]}, "version": 296}
{"obj": {"type": "LogStrings", "path": ["monitoring", "stdout"], "values": [{"value": " ", "step": null, "ts": 1639493010.3731399}]}, "version": 297}
{"obj": {"type": "LogStrings", "path": ["monitoring", "stdout"], "values": [{"value": "1", "step": null, "ts": 1639493010.3731399}]}, "version": 298}
{"obj": {"type": "LogStrings", "path": ["monitoring", "stdout"], "values": [{"value": "\n", "step": null, "ts": 1639493010.3731399}]}, "version": 299}
{"obj": {"type": "LogFloats", "path": ["network", "validation_acc_per_pic"], "values": [{"value": 0.6103166666666666, "step": null, "ts": 1639493010.451211}]}, "version": 300}
{"obj": {"type": "LogFloats", "path": ["network", "validation_loss"], "values": [{"value": 0.07094807922840118, "step": null, "ts": 1639493010.451211}]}, "version": 301}
{"obj": {"type": "LogStrings", "path": ["monitoring", "stdout"], "values": [{"value": "Training epoch 26", "step": null, "ts": 1639493010.451211}]}, "version": 302}
{"obj": {"type": "LogStrings", "path": ["monitoring", "stdout"], "values": [{"value": "\n", "step": null, "ts": 1639493010.451211}]}, "version": 303}
{"obj": {"type": "LogFloats", "path": ["network", "learning_rate"], "values": [{"value": 0.86668, "step": null, "ts": 1639493010.4522119}]}, "version": 304}
{"obj": {"type": "LogFloats", "path": ["network", "train_loss"], "values": [{"value": 0.007920706551522017, "step": null, "ts": 1639493011.6065817}]}, "version": 305}
{"obj": {"type": "LogStrings", "path": ["monitoring", "stdout"], "values": [{"value": "test count:", "step": null, "ts": 1639493011.7615552}]}, "version": 306}
{"obj": {"type": "LogStrings", "path": ["monitoring", "stdout"], "values": [{"value": " ", "step": null, "ts": 1639493011.7615552}]}, "version": 307}
{"obj": {"type": "LogStrings", "path": ["monitoring", "stdout"], "values": [{"value": "1", "step": null, "ts": 1639493011.7615552}]}, "version": 308}
{"obj": {"type": "LogStrings", "path": ["monitoring", "stdout"], "values": [{"value": "\n", "step": null, "ts": 1639493011.762556}]}, "version": 309}
{"obj": {"type": "LogFloats", "path": ["network", "validation_acc_per_pic"], "values": [{"value": 0.6043333333333333, "step": null, "ts": 1639493011.8440025}]}, "version": 310}
{"obj": {"type": "LogFloats", "path": ["network", "validation_loss"], "values": [{"value": 0.07186374813318253, "step": null, "ts": 1639493011.8440025}]}, "version": 311}
{"obj": {"type": "LogStrings", "path": ["monitoring", "stdout"], "values": [{"value": "Training epoch 27", "step": null, "ts": 1639493011.8440025}]}, "version": 312}
{"obj": {"type": "LogStrings", "path": ["monitoring", "stdout"], "values": [{"value": "\n", "step": null, "ts": 1639493011.8440025}]}, "version": 313}
{"obj": {"type": "LogFloats", "path": ["network", "learning_rate"], "values": [{"value": 0.9000099999999999, "step": null, "ts": 1639493011.8450062}]}, "version": 314}
{"obj": {"type": "LogFloats", "path": ["monitoring", "cpu"], "values": [{"value": 53.5, "step": null, "ts": 1639493012.236357}]}, "version": 315}
{"obj": {"type": "LogFloats", "path": ["monitoring", "memory"], "values": [{"value": 8.755668640136719, "step": null, "ts": 1639493012.236357}]}, "version": 316}
{"obj": {"type": "LogFloats", "path": ["monitoring", "gpu"], "values": [{"value": 83.0, "step": null, "ts": 1639493012.236357}]}, "version": 317}
{"obj": {"type": "LogFloats", "path": ["monitoring", "gpu_memory"], "values": [{"value": 2.660308837890625, "step": null, "ts": 1639493012.236357}]}, "version": 318}
{"obj": {"type": "LogFloats", "path": ["network", "train_loss"], "values": [{"value": 0.007925421092659235, "step": null, "ts": 1639493012.9929068}]}, "version": 319}
{"obj": {"type": "LogStrings", "path": ["monitoring", "stdout"], "values": [{"value": "test count:", "step": null, "ts": 1639493013.1512208}]}, "version": 320}
{"obj": {"type": "LogStrings", "path": ["monitoring", "stdout"], "values": [{"value": " ", "step": null, "ts": 1639493013.1512208}]}, "version": 321}
{"obj": {"type": "LogStrings", "path": ["monitoring", "stdout"], "values": [{"value": "1", "step": null, "ts": 1639493013.1512208}]}, "version": 322}
{"obj": {"type": "LogStrings", "path": ["monitoring", "stdout"], "values": [{"value": "\n", "step": null, "ts": 1639493013.1512208}]}, "version": 323}
{"obj": {"type": "LogFloats", "path": ["network", "validation_acc_per_pic"], "values": [{"value": 0.601525, "step": null, "ts": 1639493013.2293048}]}, "version": 324}
{"obj": {"type": "LogFloats", "path": ["network", "validation_loss"], "values": [{"value": 0.07192357629537582, "step": null, "ts": 1639493013.2293048}]}, "version": 325}
{"obj": {"type": "LogStrings", "path": ["monitoring", "stdout"], "values": [{"value": "Training epoch 28", "step": null, "ts": 1639493013.230306}]}, "version": 326}
{"obj": {"type": "LogStrings", "path": ["monitoring", "stdout"], "values": [{"value": "\n", "step": null, "ts": 1639493013.230306}]}, "version": 327}
{"obj": {"type": "LogFloats", "path": ["network", "learning_rate"], "values": [{"value": 0.9333400000000003, "step": null, "ts": 1639493013.230306}]}, "version": 328}
{"obj": {"type": "LogFloats", "path": ["network", "train_loss"], "values": [{"value": 0.009710529539734124, "step": null, "ts": 1639493014.3914394}]}, "version": 329}
{"obj": {"type": "LogStrings", "path": ["monitoring", "stdout"], "values": [{"value": "test count:", "step": null, "ts": 1639493014.5445783}]}, "version": 330}
{"obj": {"type": "LogStrings", "path": ["monitoring", "stdout"], "values": [{"value": " ", "step": null, "ts": 1639493014.5445783}]}, "version": 331}
{"obj": {"type": "LogStrings", "path": ["monitoring", "stdout"], "values": [{"value": "1", "step": null, "ts": 1639493014.5445783}]}, "version": 332}
{"obj": {"type": "LogStrings", "path": ["monitoring", "stdout"], "values": [{"value": "\n", "step": null, "ts": 1639493014.5445783}]}, "version": 333}
{"obj": {"type": "LogFloats", "path": ["network", "validation_acc_per_pic"], "values": [{"value": 0.6299083333333333, "step": null, "ts": 1639493014.6226497}]}, "version": 334}
{"obj": {"type": "LogFloats", "path": ["network", "validation_loss"], "values": [{"value": 0.06810237467288971, "step": null, "ts": 1639493014.6226497}]}, "version": 335}
{"obj": {"type": "LogStrings", "path": ["monitoring", "stdout"], "values": [{"value": "Training epoch 29", "step": null, "ts": 1639493014.6236508}]}, "version": 336}
{"obj": {"type": "LogStrings", "path": ["monitoring", "stdout"], "values": [{"value": "\n", "step": null, "ts": 1639493014.6236508}]}, "version": 337}
{"obj": {"type": "LogFloats", "path": ["network", "learning_rate"], "values": [{"value": 0.9666700000000001, "step": null, "ts": 1639493014.6236508}]}, "version": 338}
{"obj": {"type": "LogFloats", "path": ["network", "train_loss"], "values": [{"value": 0.010780484322458506, "step": null, "ts": 1639493015.7816794}]}, "version": 339}
{"obj": {"type": "LogStrings", "path": ["monitoring", "stdout"], "values": [{"value": "test count:", "step": null, "ts": 1639493015.9392917}]}, "version": 340}
{"obj": {"type": "LogStrings", "path": ["monitoring", "stdout"], "values": [{"value": " ", "step": null, "ts": 1639493015.9392917}]}, "version": 341}
{"obj": {"type": "LogStrings", "path": ["monitoring", "stdout"], "values": [{"value": "1", "step": null, "ts": 1639493015.9392917}]}, "version": 342}
{"obj": {"type": "LogStrings", "path": ["monitoring", "stdout"], "values": [{"value": "\n", "step": null, "ts": 1639493015.9392917}]}, "version": 343}
{"obj": {"type": "LogFloats", "path": ["network", "validation_acc_per_pic"], "values": [{"value": 0.6037583333333333, "step": null, "ts": 1639493016.017271}]}, "version": 344}
{"obj": {"type": "LogFloats", "path": ["network", "validation_loss"], "values": [{"value": 0.07057848572731018, "step": null, "ts": 1639493016.017271}]}, "version": 345}
{"obj": {"type": "LogStrings", "path": ["monitoring", "stdout"], "values": [{"value": "Training epoch 30", "step": null, "ts": 1639493016.017271}]}, "version": 346}
{"obj": {"type": "LogStrings", "path": ["monitoring", "stdout"], "values": [{"value": "\n", "step": null, "ts": 1639493016.017271}]}, "version": 347}
{"obj": {"type": "LogFloats", "path": ["network", "learning_rate"], "values": [{"value": 1.0, "step": null, "ts": 1639493016.017271}]}, "version": 348}
{"obj": {"type": "LogFloats", "path": ["network", "train_loss"], "values": [{"value": 0.027085771225392817, "step": null, "ts": 1639493017.1586533}]}, "version": 349}
{"obj": {"type": "LogStrings", "path": ["monitoring", "stdout"], "values": [{"value": "test count:", "step": null, "ts": 1639493017.3097906}]}, "version": 350}
{"obj": {"type": "LogStrings", "path": ["monitoring", "stdout"], "values": [{"value": " ", "step": null, "ts": 1639493017.3097906}]}, "version": 351}
{"obj": {"type": "LogStrings", "path": ["monitoring", "stdout"], "values": [{"value": "1", "step": null, "ts": 1639493017.3097906}]}, "version": 352}
{"obj": {"type": "LogStrings", "path": ["monitoring", "stdout"], "values": [{"value": "\n", "step": null, "ts": 1639493017.3097906}]}, "version": 353}
{"obj": {"type": "LogFloats", "path": ["network", "validation_acc_per_pic"], "values": [{"value": 0.558475, "step": null, "ts": 1639493017.389863}]}, "version": 354}
{"obj": {"type": "LogFloats", "path": ["network", "validation_loss"], "values": [{"value": 0.07940774410963058, "step": null, "ts": 1639493017.389863}]}, "version": 355}
{"obj": {"type": "UploadFile", "path": ["network", "network_weights"], "ext": "pt", "file_path": "C:\\Users\\Marc\\Desktop\\Billeder\\params\\find_learning\\network.pt"}, "version": 356}
{"obj": {"type": "LogStrings", "path": ["monitoring", "stdout"], "values": [{"value": "test count:", "step": null, "ts": 1639493017.676123}]}, "version": 357}
{"obj": {"type": "LogStrings", "path": ["monitoring", "stdout"], "values": [{"value": " ", "step": null, "ts": 1639493017.677124}]}, "version": 358}
{"obj": {"type": "LogStrings", "path": ["monitoring", "stdout"], "values": [{"value": "1", "step": null, "ts": 1639493017.677124}]}, "version": 359}
{"obj": {"type": "LogStrings", "path": ["monitoring", "stdout"], "values": [{"value": "\n", "step": null, "ts": 1639493017.677124}]}, "version": 360}
{"obj": {"type": "LogStrings", "path": ["monitoring", "stdout"], "values": [{"value": "test count:", "step": null, "ts": 1639493017.8122463}]}, "version": 361}
{"obj": {"type": "LogStrings", "path": ["monitoring", "stdout"], "values": [{"value": " ", "step": null, "ts": 1639493017.8122463}]}, "version": 362}
{"obj": {"type": "LogStrings", "path": ["monitoring", "stdout"], "values": [{"value": "2", "step": null, "ts": 1639493017.8122463}]}, "version": 363}
{"obj": {"type": "LogStrings", "path": ["monitoring", "stdout"], "values": [{"value": "\n", "step": null, "ts": 1639493017.8122463}]}, "version": 364}
{"obj": {"type": "LogStrings", "path": ["monitoring", "stdout"], "values": [{"value": "test count:", "step": null, "ts": 1639493017.9479065}]}, "version": 365}
{"obj": {"type": "LogStrings", "path": ["monitoring", "stdout"], "values": [{"value": " ", "step": null, "ts": 1639493017.9479065}]}, "version": 366}
{"obj": {"type": "LogStrings", "path": ["monitoring", "stdout"], "values": [{"value": "3", "step": null, "ts": 1639493017.9479065}]}, "version": 367}
{"obj": {"type": "LogStrings", "path": ["monitoring", "stdout"], "values": [{"value": "\n", "step": null, "ts": 1639493017.9479065}]}, "version": 368}
{"obj": {"type": "LogStrings", "path": ["monitoring", "stdout"], "values": [{"value": "test count:", "step": null, "ts": 1639493018.077024}]}, "version": 369}
{"obj": {"type": "LogStrings", "path": ["monitoring", "stdout"], "values": [{"value": " ", "step": null, "ts": 1639493018.077024}]}, "version": 370}
{"obj": {"type": "LogStrings", "path": ["monitoring", "stdout"], "values": [{"value": "4", "step": null, "ts": 1639493018.077024}]}, "version": 371}
{"obj": {"type": "LogStrings", "path": ["monitoring", "stdout"], "values": [{"value": "\n", "step": null, "ts": 1639493018.077024}]}, "version": 372}
{"obj": {"type": "LogStrings", "path": ["monitoring", "stdout"], "values": [{"value": "test count:", "step": null, "ts": 1639493018.2061646}]}, "version": 373}
{"obj": {"type": "LogStrings", "path": ["monitoring", "stdout"], "values": [{"value": " ", "step": null, "ts": 1639493018.2061646}]}, "version": 374}
{"obj": {"type": "LogStrings", "path": ["monitoring", "stdout"], "values": [{"value": "5", "step": null, "ts": 1639493018.2061646}]}, "version": 375}
{"obj": {"type": "LogStrings", "path": ["monitoring", "stdout"], "values": [{"value": "\n", "step": null, "ts": 1639493018.2061646}]}, "version": 376}
{"obj": {"type": "LogStrings", "path": ["monitoring", "stdout"], "values": [{"value": "0.8857766666666667", "step": null, "ts": 1639493018.2832077}]}, "version": 377}
{"obj": {"type": "LogStrings", "path": ["monitoring", "stdout"], "values": [{"value": "\n", "step": null, "ts": 1639493018.2842095}]}, "version": 378}
{"obj": {"type": "LogFloats", "path": ["network", "test_accuracy_per_pic"], "values": [{"value": 0.9166, "step": null, "ts": 1639493018.2842095}, {"value": 0.8716916666666666, "step": null, "ts": 1639493018.2842095}, {"value": 0.9120666666666667, "step": null, "ts": 1639493018.2842095}, {"value": 0.8880083333333333, "step": null, "ts": 1639493018.2842095}, {"value": 0.8405166666666667, "step": null, "ts": 1639493018.2842095}]}, "version": 379}
{"obj": {"type": "LogFloats", "path": ["network", "mean_test_accuracy"], "values": [{"value": 0.8857766666666667, "step": null, "ts": 1639493018.2842095}]}, "version": 380}
