{"obj": {"type": "AssignString", "path": ["sys", "name"], "value": "Untitled"}, "version": 1}
{"obj": {"type": "AssignString", "path": ["sys", "description"], "value": ""}, "version": 2}
{"obj": {"type": "AssignString", "path": ["sys", "hostname"], "value": "DESKTOP-SDMAFDQ"}, "version": 3}
{"obj": {"type": "AssignBool", "path": ["sys", "failed"], "value": false}, "version": 4}
{"obj": {"type": "ClearStringLog", "path": ["monitoring", "stdout"]}, "version": 5}
{"obj": {"type": "ClearStringLog", "path": ["monitoring", "stderr"]}, "version": 6}
{"obj": {"type": "AssignString", "path": ["source_code", "entrypoint"], "value": "trainer.py"}, "version": 7}
{"obj": {"type": "UploadFileSet", "path": ["source_code", "files"], "file_globs": ["C:\\Users\\Marc\\Documents\\GitHub\\Deep_final\\trainer.py"], "reset": "False"}, "version": 8}
{"obj": {"type": "ConfigFloatSeries", "path": ["monitoring", "cpu"], "min": 0.0, "max": 100.0, "unit": "%"}, "version": 9}
{"obj": {"type": "ClearFloatLog", "path": ["monitoring", "cpu"]}, "version": 10}
{"obj": {"type": "ConfigFloatSeries", "path": ["monitoring", "memory"], "min": 0.0, "max": 15.387199401855469, "unit": "GB"}, "version": 11}
{"obj": {"type": "ClearFloatLog", "path": ["monitoring", "memory"]}, "version": 12}
{"obj": {"type": "ConfigFloatSeries", "path": ["monitoring", "gpu"], "min": 0.0, "max": 100.0, "unit": "%"}, "version": 13}
{"obj": {"type": "ClearFloatLog", "path": ["monitoring", "gpu"]}, "version": 14}
{"obj": {"type": "ConfigFloatSeries", "path": ["monitoring", "gpu_memory"], "min": 0.0, "max": 4.0, "unit": "GB"}, "version": 15}
{"obj": {"type": "ClearFloatLog", "path": ["monitoring", "gpu_memory"]}, "version": 16}
{"obj": {"type": "LogFloats", "path": ["monitoring", "cpu"], "values": [{"value": 7.2, "step": null, "ts": 1639300421.1127748}]}, "version": 17}
{"obj": {"type": "LogFloats", "path": ["monitoring", "memory"], "values": [{"value": 7.453662872314453, "step": null, "ts": 1639300421.1127748}]}, "version": 18}
{"obj": {"type": "LogFloats", "path": ["monitoring", "gpu_memory"], "values": [{"value": 0.051025390625, "step": null, "ts": 1639300421.1127748}]}, "version": 19}
{"obj": {"type": "AssignFloat", "path": ["network2", "parameters", "momentum"], "value": 0.9}, "version": 20}
{"obj": {"type": "AssignString", "path": ["network2", "parameters", "optimizer"], "value": "SGD"}, "version": 21}
{"obj": {"type": "AssignString", "path": ["network2", "parameters", "loss_function"], "value": "MSEloss"}, "version": 22}
{"obj": {"type": "AssignString", "path": ["network2", "parameters", "model"], "value": "GTA_Unet"}, "version": 23}
{"obj": {"type": "AssignString", "path": ["network2", "parameters", "scheduler"], "value": "ReduceLROnPlateau"}, "version": 24}
{"obj": {"type": "LogStrings", "path": ["monitoring", "stdout"], "values": [{"value": "Training epoch 0", "step": null, "ts": 1639300421.3670056}]}, "version": 25}
{"obj": {"type": "LogStrings", "path": ["monitoring", "stdout"], "values": [{"value": "\n", "step": null, "ts": 1639300421.3670056}]}, "version": 26}
{"obj": {"type": "LogFloats", "path": ["network2", "learning_rate"], "values": [{"value": 0.1, "step": null, "ts": 1639300421.3670056}]}, "version": 27}
{"obj": {"type": "LogFloats", "path": ["monitoring", "cpu"], "values": [{"value": 41.5, "step": null, "ts": 1639300431.126369}]}, "version": 28}
{"obj": {"type": "LogFloats", "path": ["monitoring", "memory"], "values": [{"value": 8.909587860107422, "step": null, "ts": 1639300431.126369}]}, "version": 29}
{"obj": {"type": "LogFloats", "path": ["monitoring", "gpu"], "values": [{"value": 76.0, "step": null, "ts": 1639300431.126369}]}, "version": 30}
{"obj": {"type": "LogFloats", "path": ["monitoring", "gpu_memory"], "values": [{"value": 1.968170166015625, "step": null, "ts": 1639300431.126369}]}, "version": 31}
{"obj": {"type": "LogFloats", "path": ["network2", "train_loss"], "values": [{"value": 0.05439602049067616, "step": null, "ts": 1639300434.0334036}]}, "version": 32}
{"obj": {"type": "LogFloats", "path": ["network2", "validation_loss"], "values": [{"value": 0.02558273943141103, "step": null, "ts": 1639300435.1214104}]}, "version": 33}
{"obj": {"type": "LogStrings", "path": ["monitoring", "stdout"], "values": [{"value": "Training epoch 1", "step": null, "ts": 1639300435.1214104}]}, "version": 34}
{"obj": {"type": "LogStrings", "path": ["monitoring", "stdout"], "values": [{"value": "\n", "step": null, "ts": 1639300435.1214104}]}, "version": 35}
{"obj": {"type": "LogFloats", "path": ["network2", "learning_rate"], "values": [{"value": 0.1, "step": null, "ts": 1639300435.122411}]}, "version": 36}
{"obj": {"type": "LogFloats", "path": ["monitoring", "cpu"], "values": [{"value": 49.7, "step": null, "ts": 1639300441.1341052}]}, "version": 37}
{"obj": {"type": "LogFloats", "path": ["monitoring", "memory"], "values": [{"value": 8.976142883300781, "step": null, "ts": 1639300441.1341052}]}, "version": 38}
{"obj": {"type": "LogFloats", "path": ["monitoring", "gpu"], "values": [{"value": 74.0, "step": null, "ts": 1639300441.1341052}]}, "version": 39}
{"obj": {"type": "LogFloats", "path": ["monitoring", "gpu_memory"], "values": [{"value": 2.581451416015625, "step": null, "ts": 1639300441.1341052}]}, "version": 40}
{"obj": {"type": "LogFloats", "path": ["network2", "train_loss"], "values": [{"value": 0.029921492822468282, "step": null, "ts": 1639300446.330106}]}, "version": 41}
{"obj": {"type": "LogFloats", "path": ["network2", "validation_loss"], "values": [{"value": 0.02694138456135988, "step": null, "ts": 1639300447.4411142}]}, "version": 42}
{"obj": {"type": "LogStrings", "path": ["monitoring", "stdout"], "values": [{"value": "Training epoch 2", "step": null, "ts": 1639300447.4411142}]}, "version": 43}
{"obj": {"type": "LogStrings", "path": ["monitoring", "stdout"], "values": [{"value": "\n", "step": null, "ts": 1639300447.4411142}]}, "version": 44}
{"obj": {"type": "LogFloats", "path": ["network2", "learning_rate"], "values": [{"value": 0.1, "step": null, "ts": 1639300447.4411142}]}, "version": 45}
{"obj": {"type": "LogFloats", "path": ["monitoring", "cpu"], "values": [{"value": 50.2, "step": null, "ts": 1639300451.1454751}]}, "version": 46}
{"obj": {"type": "LogFloats", "path": ["monitoring", "memory"], "values": [{"value": 9.064102172851562, "step": null, "ts": 1639300451.1454751}]}, "version": 47}
{"obj": {"type": "LogFloats", "path": ["monitoring", "gpu"], "values": [{"value": 74.0, "step": null, "ts": 1639300451.1454751}]}, "version": 48}
{"obj": {"type": "LogFloats", "path": ["monitoring", "gpu_memory"], "values": [{"value": 2.581451416015625, "step": null, "ts": 1639300451.1454751}]}, "version": 49}
{"obj": {"type": "LogFloats", "path": ["network2", "train_loss"], "values": [{"value": 0.026809367127716543, "step": null, "ts": 1639300458.5863235}]}, "version": 50}
{"obj": {"type": "LogFloats", "path": ["network2", "validation_loss"], "values": [{"value": 0.022221237886697054, "step": null, "ts": 1639300459.6973324}]}, "version": 51}
{"obj": {"type": "LogStrings", "path": ["monitoring", "stdout"], "values": [{"value": "Training epoch 3", "step": null, "ts": 1639300459.6973324}]}, "version": 52}
{"obj": {"type": "LogStrings", "path": ["monitoring", "stdout"], "values": [{"value": "\n", "step": null, "ts": 1639300459.6983333}]}, "version": 53}
{"obj": {"type": "LogFloats", "path": ["network2", "learning_rate"], "values": [{"value": 0.1, "step": null, "ts": 1639300459.6983333}]}, "version": 54}
{"obj": {"type": "LogFloats", "path": ["monitoring", "cpu"], "values": [{"value": 47.9, "step": null, "ts": 1639300461.1522453}]}, "version": 55}
{"obj": {"type": "LogFloats", "path": ["monitoring", "memory"], "values": [{"value": 9.010547637939453, "step": null, "ts": 1639300461.1522453}]}, "version": 56}
{"obj": {"type": "LogFloats", "path": ["monitoring", "gpu"], "values": [{"value": 73.0, "step": null, "ts": 1639300461.1522453}]}, "version": 57}
{"obj": {"type": "LogFloats", "path": ["monitoring", "gpu_memory"], "values": [{"value": 2.581451416015625, "step": null, "ts": 1639300461.1522453}]}, "version": 58}
{"obj": {"type": "LogFloats", "path": ["network2", "train_loss"], "values": [{"value": 0.02306987265124917, "step": null, "ts": 1639300470.835055}]}, "version": 59}
{"obj": {"type": "LogFloats", "path": ["monitoring", "cpu"], "values": [{"value": 47.8, "step": null, "ts": 1639300471.1603496}]}, "version": 60}
{"obj": {"type": "LogFloats", "path": ["monitoring", "memory"], "values": [{"value": 9.007553100585938, "step": null, "ts": 1639300471.1603496}]}, "version": 61}
{"obj": {"type": "LogFloats", "path": ["monitoring", "gpu"], "values": [{"value": 54.0, "step": null, "ts": 1639300471.1603496}]}, "version": 62}
{"obj": {"type": "LogFloats", "path": ["monitoring", "gpu_memory"], "values": [{"value": 2.581451416015625, "step": null, "ts": 1639300471.1603496}]}, "version": 63}
{"obj": {"type": "LogFloats", "path": ["network2", "validation_loss"], "values": [{"value": 0.021875976119190454, "step": null, "ts": 1639300471.9450622}]}, "version": 64}
{"obj": {"type": "LogStrings", "path": ["monitoring", "stdout"], "values": [{"value": "Training epoch 4", "step": null, "ts": 1639300471.9450622}]}, "version": 65}
{"obj": {"type": "LogStrings", "path": ["monitoring", "stdout"], "values": [{"value": "\n", "step": null, "ts": 1639300471.946063}]}, "version": 66}
{"obj": {"type": "LogFloats", "path": ["network2", "learning_rate"], "values": [{"value": 0.1, "step": null, "ts": 1639300471.946063}]}, "version": 67}
{"obj": {"type": "LogFloats", "path": ["monitoring", "cpu"], "values": [{"value": 48.6, "step": null, "ts": 1639300481.1699538}]}, "version": 68}
{"obj": {"type": "LogFloats", "path": ["monitoring", "memory"], "values": [{"value": 8.982002258300781, "step": null, "ts": 1639300481.1699538}]}, "version": 69}
{"obj": {"type": "LogFloats", "path": ["monitoring", "gpu"], "values": [{"value": 73.0, "step": null, "ts": 1639300481.1699538}]}, "version": 70}
{"obj": {"type": "LogFloats", "path": ["monitoring", "gpu_memory"], "values": [{"value": 2.581451416015625, "step": null, "ts": 1639300481.1699538}]}, "version": 71}
{"obj": {"type": "LogFloats", "path": ["network2", "train_loss"], "values": [{"value": 0.021222660932689905, "step": null, "ts": 1639300483.084971}]}, "version": 72}
{"obj": {"type": "LogFloats", "path": ["network2", "validation_loss"], "values": [{"value": 0.01889847554266453, "step": null, "ts": 1639300484.1849692}]}, "version": 73}
{"obj": {"type": "LogStrings", "path": ["monitoring", "stdout"], "values": [{"value": "Training epoch 5", "step": null, "ts": 1639300484.1849692}]}, "version": 74}
{"obj": {"type": "LogStrings", "path": ["monitoring", "stdout"], "values": [{"value": "\n", "step": null, "ts": 1639300484.1849692}]}, "version": 75}
{"obj": {"type": "LogFloats", "path": ["network2", "learning_rate"], "values": [{"value": 0.1, "step": null, "ts": 1639300484.1849692}]}, "version": 76}
{"obj": {"type": "LogFloats", "path": ["monitoring", "cpu"], "values": [{"value": 48.2, "step": null, "ts": 1639300491.1788306}]}, "version": 77}
{"obj": {"type": "LogFloats", "path": ["monitoring", "memory"], "values": [{"value": 8.982955932617188, "step": null, "ts": 1639300491.1788306}]}, "version": 78}
{"obj": {"type": "LogFloats", "path": ["monitoring", "gpu"], "values": [{"value": 76.0, "step": null, "ts": 1639300491.1788306}]}, "version": 79}
{"obj": {"type": "LogFloats", "path": ["monitoring", "gpu_memory"], "values": [{"value": 2.581451416015625, "step": null, "ts": 1639300491.1788306}]}, "version": 80}
{"obj": {"type": "LogFloats", "path": ["network2", "train_loss"], "values": [{"value": 0.019987808382138608, "step": null, "ts": 1639300495.319465}]}, "version": 81}
{"obj": {"type": "LogFloats", "path": ["network2", "validation_loss"], "values": [{"value": 0.019954416248947383, "step": null, "ts": 1639300496.3995872}]}, "version": 82}
{"obj": {"type": "LogStrings", "path": ["monitoring", "stdout"], "values": [{"value": "Training epoch 6", "step": null, "ts": 1639300496.3995872}]}, "version": 83}
{"obj": {"type": "LogStrings", "path": ["monitoring", "stdout"], "values": [{"value": "\n", "step": null, "ts": 1639300496.3995872}]}, "version": 84}
{"obj": {"type": "LogFloats", "path": ["network2", "learning_rate"], "values": [{"value": 0.1, "step": null, "ts": 1639300496.3995872}]}, "version": 85}
{"obj": {"type": "LogFloats", "path": ["monitoring", "cpu"], "values": [{"value": 48.1, "step": null, "ts": 1639300501.1972802}]}, "version": 86}
{"obj": {"type": "LogFloats", "path": ["monitoring", "memory"], "values": [{"value": 8.99142074584961, "step": null, "ts": 1639300501.1972802}]}, "version": 87}
{"obj": {"type": "LogFloats", "path": ["monitoring", "gpu"], "values": [{"value": 81.0, "step": null, "ts": 1639300501.1972802}]}, "version": 88}
{"obj": {"type": "LogFloats", "path": ["monitoring", "gpu_memory"], "values": [{"value": 2.581451416015625, "step": null, "ts": 1639300501.1972802}]}, "version": 89}
{"obj": {"type": "LogFloats", "path": ["network2", "train_loss"], "values": [{"value": 0.01935663688927889, "step": null, "ts": 1639300507.5473099}]}, "version": 90}
{"obj": {"type": "LogFloats", "path": ["network2", "validation_loss"], "values": [{"value": 0.01816966012120247, "step": null, "ts": 1639300508.6496768}]}, "version": 91}
{"obj": {"type": "LogStrings", "path": ["monitoring", "stdout"], "values": [{"value": "Training epoch 7", "step": null, "ts": 1639300508.6496768}]}, "version": 92}
{"obj": {"type": "LogStrings", "path": ["monitoring", "stdout"], "values": [{"value": "\n", "step": null, "ts": 1639300508.6496768}]}, "version": 93}
{"obj": {"type": "LogFloats", "path": ["network2", "learning_rate"], "values": [{"value": 0.1, "step": null, "ts": 1639300508.6496768}]}, "version": 94}
{"obj": {"type": "LogFloats", "path": ["monitoring", "cpu"], "values": [{"value": 48.2, "step": null, "ts": 1639300511.2135413}]}, "version": 95}
{"obj": {"type": "LogFloats", "path": ["monitoring", "memory"], "values": [{"value": 8.965930938720703, "step": null, "ts": 1639300511.2135413}]}, "version": 96}
{"obj": {"type": "LogFloats", "path": ["monitoring", "gpu"], "values": [{"value": 72.0, "step": null, "ts": 1639300511.2135413}]}, "version": 97}
{"obj": {"type": "LogFloats", "path": ["monitoring", "gpu_memory"], "values": [{"value": 2.581451416015625, "step": null, "ts": 1639300511.2135413}]}, "version": 98}
{"obj": {"type": "LogFloats", "path": ["network2", "train_loss"], "values": [{"value": 0.017422984652221203, "step": null, "ts": 1639300519.8069181}]}, "version": 99}
{"obj": {"type": "LogFloats", "path": ["network2", "validation_loss"], "values": [{"value": 0.01730558448471129, "step": null, "ts": 1639300520.9159236}]}, "version": 100}
{"obj": {"type": "LogStrings", "path": ["monitoring", "stdout"], "values": [{"value": "Training epoch 8", "step": null, "ts": 1639300520.9169247}]}, "version": 101}
{"obj": {"type": "LogStrings", "path": ["monitoring", "stdout"], "values": [{"value": "\n", "step": null, "ts": 1639300520.9169247}]}, "version": 102}
{"obj": {"type": "LogFloats", "path": ["network2", "learning_rate"], "values": [{"value": 0.1, "step": null, "ts": 1639300520.9169247}]}, "version": 103}
{"obj": {"type": "LogFloats", "path": ["monitoring", "cpu"], "values": [{"value": 47.9, "step": null, "ts": 1639300521.228208}]}, "version": 104}
{"obj": {"type": "LogFloats", "path": ["monitoring", "memory"], "values": [{"value": 8.97574234008789, "step": null, "ts": 1639300521.228208}]}, "version": 105}
{"obj": {"type": "LogFloats", "path": ["monitoring", "gpu"], "values": [{"value": 67.0, "step": null, "ts": 1639300521.228208}]}, "version": 106}
{"obj": {"type": "LogFloats", "path": ["monitoring", "gpu_memory"], "values": [{"value": 2.581451416015625, "step": null, "ts": 1639300521.228208}]}, "version": 107}
{"obj": {"type": "LogFloats", "path": ["monitoring", "cpu"], "values": [{"value": 47.6, "step": null, "ts": 1639300531.2319915}]}, "version": 108}
{"obj": {"type": "LogFloats", "path": ["monitoring", "memory"], "values": [{"value": 8.980792999267578, "step": null, "ts": 1639300531.2319915}]}, "version": 109}
{"obj": {"type": "LogFloats", "path": ["monitoring", "gpu"], "values": [{"value": 75.0, "step": null, "ts": 1639300531.2319915}]}, "version": 110}
{"obj": {"type": "LogFloats", "path": ["monitoring", "gpu_memory"], "values": [{"value": 2.581451416015625, "step": null, "ts": 1639300531.2319915}]}, "version": 111}
{"obj": {"type": "LogFloats", "path": ["network2", "train_loss"], "values": [{"value": 0.017058167224749923, "step": null, "ts": 1639300532.066847}]}, "version": 112}
{"obj": {"type": "LogFloats", "path": ["network2", "validation_loss"], "values": [{"value": 0.016350320493802428, "step": null, "ts": 1639300533.1558478}]}, "version": 113}
{"obj": {"type": "LogStrings", "path": ["monitoring", "stdout"], "values": [{"value": "Training epoch 9", "step": null, "ts": 1639300533.1568484}]}, "version": 114}
{"obj": {"type": "LogStrings", "path": ["monitoring", "stdout"], "values": [{"value": "\n", "step": null, "ts": 1639300533.1568484}]}, "version": 115}
{"obj": {"type": "LogFloats", "path": ["network2", "learning_rate"], "values": [{"value": 0.1, "step": null, "ts": 1639300533.1568484}]}, "version": 116}
{"obj": {"type": "LogFloats", "path": ["monitoring", "cpu"], "values": [{"value": 48.0, "step": null, "ts": 1639300541.239541}]}, "version": 117}
{"obj": {"type": "LogFloats", "path": ["monitoring", "memory"], "values": [{"value": 8.979206085205078, "step": null, "ts": 1639300541.239541}]}, "version": 118}
{"obj": {"type": "LogFloats", "path": ["monitoring", "gpu"], "values": [{"value": 72.0, "step": null, "ts": 1639300541.239541}]}, "version": 119}
{"obj": {"type": "LogFloats", "path": ["monitoring", "gpu_memory"], "values": [{"value": 2.581451416015625, "step": null, "ts": 1639300541.239541}]}, "version": 120}
{"obj": {"type": "LogFloats", "path": ["network2", "train_loss"], "values": [{"value": 0.016178031470626592, "step": null, "ts": 1639300544.3122134}]}, "version": 121}
{"obj": {"type": "LogFloats", "path": ["network2", "validation_loss"], "values": [{"value": 0.020124694472178815, "step": null, "ts": 1639300545.4014297}]}, "version": 122}
{"obj": {"type": "LogStrings", "path": ["monitoring", "traceback"], "values": [{"value": "An uncaught exception occurred while run was active on worker DESKTOP-SDMAFDQ.", "step": null, "ts": 1639300545.4470363}, {"value": "Marking run as failed", "step": null, "ts": 1639300545.4470363}, {"value": "Traceback:", "step": null, "ts": 1639300545.4470363}, {"value": "  File \"C:\\Users\\Marc\\Documents\\GitHub\\Deep_final\\trainer.py\", line 191, in <module>\n    run[f\"network2/network_weights\"].log(File(model.state_dict()))\n", "step": null, "ts": 1639300545.4470363}, {"value": "  File \"C:\\Users\\Marc\\anaconda3\\envs\\deep\\lib\\site-packages\\neptune\\new\\types\\atoms\\file.py\", line 50, in __init__\n    verify_type(\"path\", path, (str, type(None)))\n", "step": null, "ts": 1639300545.4470363}, {"value": "  File \"C:\\Users\\Marc\\anaconda3\\envs\\deep\\lib\\site-packages\\neptune\\new\\internal\\utils\\__init__.py\", line 46, in verify_type\n    raise TypeError(\n", "step": null, "ts": 1639300545.4470363}, {"value": "path must be a str or NoneType (was <class 'collections.OrderedDict'>)", "step": null, "ts": 1639300545.4470363}]}, "version": 123}
{"obj": {"type": "AssignBool", "path": ["sys", "failed"], "value": true}, "version": 124}
{"obj": {"type": "LogStrings", "path": ["monitoring", "stderr"], "values": [{"value": "Traceback (most recent call last):\n", "step": null, "ts": 1639300545.448037}]}, "version": 125}
{"obj": {"type": "LogStrings", "path": ["monitoring", "stderr"], "values": [{"value": "  File \"C:\\Users\\Marc\\Documents\\GitHub\\Deep_final\\trainer.py\", line 191, in <module>\n", "step": null, "ts": 1639300545.448037}]}, "version": 126}
{"obj": {"type": "LogStrings", "path": ["monitoring", "stderr"], "values": [{"value": "    ", "step": null, "ts": 1639300545.4490378}]}, "version": 127}
{"obj": {"type": "LogStrings", "path": ["monitoring", "stderr"], "values": [{"value": "run[f\"network2/network_weights\"].log(File(model.state_dict()))", "step": null, "ts": 1639300545.4490378}]}, "version": 128}
{"obj": {"type": "LogStrings", "path": ["monitoring", "stderr"], "values": [{"value": "\n", "step": null, "ts": 1639300545.4490378}]}, "version": 129}
{"obj": {"type": "LogStrings", "path": ["monitoring", "stderr"], "values": [{"value": "  File \"C:\\Users\\Marc\\anaconda3\\envs\\deep\\lib\\site-packages\\neptune\\new\\types\\atoms\\file.py\", line 50, in __init__\n", "step": null, "ts": 1639300545.4490378}]}, "version": 130}
{"obj": {"type": "LogStrings", "path": ["monitoring", "stderr"], "values": [{"value": "    ", "step": null, "ts": 1639300545.4500387}]}, "version": 131}
{"obj": {"type": "LogStrings", "path": ["monitoring", "stderr"], "values": [{"value": "verify_type(\"path\", path, (str, type(None)))", "step": null, "ts": 1639300545.4500387}]}, "version": 132}
{"obj": {"type": "LogStrings", "path": ["monitoring", "stderr"], "values": [{"value": "\n", "step": null, "ts": 1639300545.4500387}]}, "version": 133}
{"obj": {"type": "LogStrings", "path": ["monitoring", "stderr"], "values": [{"value": "  File \"C:\\Users\\Marc\\anaconda3\\envs\\deep\\lib\\site-packages\\neptune\\new\\internal\\utils\\__init__.py\", line 46, in verify_type\n", "step": null, "ts": 1639300545.4500387}]}, "version": 134}
{"obj": {"type": "LogStrings", "path": ["monitoring", "stderr"], "values": [{"value": "    ", "step": null, "ts": 1639300545.4510396}]}, "version": 135}
{"obj": {"type": "LogStrings", "path": ["monitoring", "stderr"], "values": [{"value": "raise TypeError(", "step": null, "ts": 1639300545.4510396}]}, "version": 136}
{"obj": {"type": "LogStrings", "path": ["monitoring", "stderr"], "values": [{"value": "\n", "step": null, "ts": 1639300545.4510396}]}, "version": 137}
{"obj": {"type": "LogStrings", "path": ["monitoring", "stderr"], "values": [{"value": "TypeError", "step": null, "ts": 1639300545.4510396}]}, "version": 138}
{"obj": {"type": "LogStrings", "path": ["monitoring", "stderr"], "values": [{"value": ": ", "step": null, "ts": 1639300545.4510396}]}, "version": 139}
{"obj": {"type": "LogStrings", "path": ["monitoring", "stderr"], "values": [{"value": "path must be a str or NoneType (was <class 'collections.OrderedDict'>)", "step": null, "ts": 1639300545.4510396}]}, "version": 140}
{"obj": {"type": "LogStrings", "path": ["monitoring", "stderr"], "values": [{"value": "\n", "step": null, "ts": 1639300545.4520411}]}, "version": 141}
