{"obj": {"type": "AssignString", "path": ["sys", "name"], "value": "Untitled"}, "version": 1}
{"obj": {"type": "AssignString", "path": ["sys", "description"], "value": ""}, "version": 2}
{"obj": {"type": "AssignString", "path": ["sys", "hostname"], "value": "DESKTOP-SDMAFDQ"}, "version": 3}
{"obj": {"type": "AssignBool", "path": ["sys", "failed"], "value": false}, "version": 4}
{"obj": {"type": "ClearStringLog", "path": ["monitoring", "stdout"]}, "version": 5}
{"obj": {"type": "ClearStringLog", "path": ["monitoring", "stderr"]}, "version": 6}
{"obj": {"type": "AssignString", "path": ["source_code", "entrypoint"], "value": "best momentum.py"}, "version": 7}
{"obj": {"type": "UploadFileSet", "path": ["source_code", "files"], "file_globs": ["C:\\Users\\Marc\\Documents\\GitHub\\Deep_final\\best momentum.py"], "reset": "False"}, "version": 8}
{"obj": {"type": "ConfigFloatSeries", "path": ["monitoring", "cpu"], "min": 0.0, "max": 100.0, "unit": "%"}, "version": 9}
{"obj": {"type": "ClearFloatLog", "path": ["monitoring", "cpu"]}, "version": 10}
{"obj": {"type": "ConfigFloatSeries", "path": ["monitoring", "memory"], "min": 0.0, "max": 15.387199401855469, "unit": "GB"}, "version": 11}
{"obj": {"type": "ClearFloatLog", "path": ["monitoring", "memory"]}, "version": 12}
{"obj": {"type": "ConfigFloatSeries", "path": ["monitoring", "gpu"], "min": 0.0, "max": 100.0, "unit": "%"}, "version": 13}
{"obj": {"type": "ClearFloatLog", "path": ["monitoring", "gpu"]}, "version": 14}
{"obj": {"type": "ConfigFloatSeries", "path": ["monitoring", "gpu_memory"], "min": 0.0, "max": 4.0, "unit": "GB"}, "version": 15}
{"obj": {"type": "ClearFloatLog", "path": ["monitoring", "gpu_memory"]}, "version": 16}
{"obj": {"type": "LogFloats", "path": ["monitoring", "cpu"], "values": [{"value": 8.3, "step": null, "ts": 1639565081.5550737}]}, "version": 17}
{"obj": {"type": "LogFloats", "path": ["monitoring", "memory"], "values": [{"value": 7.638484954833984, "step": null, "ts": 1639565081.5550737}]}, "version": 18}
{"obj": {"type": "LogFloats", "path": ["monitoring", "gpu_memory"], "values": [{"value": 0.051025390625, "step": null, "ts": 1639565081.5550737}]}, "version": 19}
{"obj": {"type": "AssignString", "path": ["network_cycl1", "parameters", "optimizer"], "value": "SGD"}, "version": 20}
{"obj": {"type": "AssignFloat", "path": ["network_cycl1", "parameters", "optimizer_momentum"], "value": 0.7}, "version": 21}
{"obj": {"type": "AssignFloat", "path": ["network_cycl1", "parameters", "optimizer_learning_rate"], "value": 0.001}, "version": 22}
{"obj": {"type": "AssignString", "path": ["network_cycl1", "parameters", "loss_function"], "value": "MSEloss"}, "version": 23}
{"obj": {"type": "AssignString", "path": ["network_cycl1", "parameters", "model"], "value": "GTA_Unet"}, "version": 24}
{"obj": {"type": "AssignString", "path": ["network_cycl1", "parameters", "scheduler"], "value": "CyclicLR"}, "version": 25}
{"obj": {"type": "AssignFloat", "path": ["network_cycl1", "parameters", "scheduler_base_lr"], "value": 0.001}, "version": 26}
{"obj": {"type": "AssignFloat", "path": ["network_cycl1", "parameters", "scheduler_max_lr"], "value": 1.25}, "version": 27}
{"obj": {"type": "AssignInt", "path": ["network_cycl1", "parameters", "scheduler_step_size_up"], "value": 10}, "version": 28}
{"obj": {"type": "LogStrings", "path": ["monitoring", "stdout"], "values": [{"value": "Training epoch 0", "step": null, "ts": 1639565081.7837815}]}, "version": 29}
{"obj": {"type": "LogStrings", "path": ["monitoring", "stdout"], "values": [{"value": "\n", "step": null, "ts": 1639565081.7847667}]}, "version": 30}
{"obj": {"type": "LogFloats", "path": ["network_cycl1", "learning_rate"], "values": [{"value": 0.001, "step": null, "ts": 1639565081.7847667}]}, "version": 31}
{"obj": {"type": "LogFloats", "path": ["monitoring", "cpu"], "values": [{"value": 42.3, "step": null, "ts": 1639565091.563289}]}, "version": 32}
{"obj": {"type": "LogFloats", "path": ["monitoring", "memory"], "values": [{"value": 9.136817932128906, "step": null, "ts": 1639565091.563289}]}, "version": 33}
{"obj": {"type": "LogFloats", "path": ["monitoring", "gpu"], "values": [{"value": 73.0, "step": null, "ts": 1639565091.563289}]}, "version": 34}
{"obj": {"type": "LogFloats", "path": ["monitoring", "gpu_memory"], "values": [{"value": 1.968170166015625, "step": null, "ts": 1639565091.563289}]}, "version": 35}
{"obj": {"type": "LogFloats", "path": ["monitoring", "cpu"], "values": [{"value": 49.8, "step": null, "ts": 1639565101.5717206}]}, "version": 36}
{"obj": {"type": "LogFloats", "path": ["monitoring", "memory"], "values": [{"value": 9.250682830810547, "step": null, "ts": 1639565101.5717206}]}, "version": 37}
{"obj": {"type": "LogFloats", "path": ["monitoring", "gpu"], "values": [{"value": 76.0, "step": null, "ts": 1639565101.5717206}]}, "version": 38}
{"obj": {"type": "LogFloats", "path": ["monitoring", "gpu_memory"], "values": [{"value": 1.968170166015625, "step": null, "ts": 1639565101.5717206}]}, "version": 39}
{"obj": {"type": "LogFloats", "path": ["network_cycl1", "train_loss"], "values": [{"value": 0.09093286072214445, "step": null, "ts": 1639565103.6885676}]}, "version": 40}
{"obj": {"type": "LogFloats", "path": ["network_cycl1", "validation_mean_acc"], "values": [{"value": 0.48355499999999996, "step": null, "ts": 1639565106.0572364}]}, "version": 41}
{"obj": {"type": "LogFloats", "path": ["network_cycl1", "validation_loss"], "values": [{"value": 0.08389597609639168, "step": null, "ts": 1639565106.0572364}]}, "version": 42}
{"obj": {"type": "LogStrings", "path": ["monitoring", "stdout"], "values": [{"value": "Training epoch 1", "step": null, "ts": 1639565106.0572364}]}, "version": 43}
{"obj": {"type": "LogStrings", "path": ["monitoring", "stdout"], "values": [{"value": "\n", "step": null, "ts": 1639565106.0572364}]}, "version": 44}
{"obj": {"type": "LogFloats", "path": ["network_cycl1", "learning_rate"], "values": [{"value": 0.10090000000000009, "step": null, "ts": 1639565106.0572364}]}, "version": 45}
{"obj": {"type": "LogFloats", "path": ["monitoring", "cpu"], "values": [{"value": 51.6, "step": null, "ts": 1639565111.580081}]}, "version": 46}
{"obj": {"type": "LogFloats", "path": ["monitoring", "memory"], "values": [{"value": 9.260608673095703, "step": null, "ts": 1639565111.580081}]}, "version": 47}
{"obj": {"type": "LogFloats", "path": ["monitoring", "gpu"], "values": [{"value": 72.0, "step": null, "ts": 1639565111.580081}]}, "version": 48}
{"obj": {"type": "LogFloats", "path": ["monitoring", "gpu_memory"], "values": [{"value": 2.581451416015625, "step": null, "ts": 1639565111.580081}]}, "version": 49}
{"obj": {"type": "LogFloats", "path": ["monitoring", "cpu"], "values": [{"value": 49.6, "step": null, "ts": 1639565121.5837634}]}, "version": 50}
{"obj": {"type": "LogFloats", "path": ["monitoring", "memory"], "values": [{"value": 9.239219665527344, "step": null, "ts": 1639565121.5837634}]}, "version": 51}
{"obj": {"type": "LogFloats", "path": ["monitoring", "gpu"], "values": [{"value": 91.0, "step": null, "ts": 1639565121.5837634}]}, "version": 52}
{"obj": {"type": "LogFloats", "path": ["monitoring", "gpu_memory"], "values": [{"value": 2.581451416015625, "step": null, "ts": 1639565121.5837634}]}, "version": 53}
{"obj": {"type": "LogFloats", "path": ["network_cycl1", "train_loss"], "values": [{"value": 0.03325395495113399, "step": null, "ts": 1639565126.2364864}]}, "version": 54}
{"obj": {"type": "LogFloats", "path": ["network_cycl1", "validation_mean_acc"], "values": [{"value": 0.8805716666666665, "step": null, "ts": 1639565128.5623152}]}, "version": 55}
{"obj": {"type": "LogFloats", "path": ["network_cycl1", "validation_loss"], "values": [{"value": 0.020413154736161232, "step": null, "ts": 1639565128.5623152}]}, "version": 56}
{"obj": {"type": "LogStrings", "path": ["monitoring", "stdout"], "values": [{"value": "Training epoch 2", "step": null, "ts": 1639565128.5633159}]}, "version": 57}
{"obj": {"type": "LogStrings", "path": ["monitoring", "stdout"], "values": [{"value": "\n", "step": null, "ts": 1639565128.5633159}]}, "version": 58}
{"obj": {"type": "LogFloats", "path": ["network_cycl1", "learning_rate"], "values": [{"value": 0.20080000000000017, "step": null, "ts": 1639565128.5633159}]}, "version": 59}
{"obj": {"type": "LogFloats", "path": ["monitoring", "cpu"], "values": [{"value": 51.5, "step": null, "ts": 1639565131.5880358}]}, "version": 60}
{"obj": {"type": "LogFloats", "path": ["monitoring", "memory"], "values": [{"value": 9.12506103515625, "step": null, "ts": 1639565131.5880358}]}, "version": 61}
{"obj": {"type": "LogFloats", "path": ["monitoring", "gpu"], "values": [{"value": 74.0, "step": null, "ts": 1639565131.5880358}]}, "version": 62}
{"obj": {"type": "LogFloats", "path": ["monitoring", "gpu_memory"], "values": [{"value": 2.581451416015625, "step": null, "ts": 1639565131.5880358}]}, "version": 63}
{"obj": {"type": "LogFloats", "path": ["monitoring", "cpu"], "values": [{"value": 48.7, "step": null, "ts": 1639565141.5965922}]}, "version": 64}
{"obj": {"type": "LogFloats", "path": ["monitoring", "memory"], "values": [{"value": 9.124732971191406, "step": null, "ts": 1639565141.5965922}]}, "version": 65}
{"obj": {"type": "LogFloats", "path": ["monitoring", "gpu"], "values": [{"value": 95.0, "step": null, "ts": 1639565141.5965922}]}, "version": 66}
{"obj": {"type": "LogFloats", "path": ["monitoring", "gpu_memory"], "values": [{"value": 2.581451416015625, "step": null, "ts": 1639565141.5965922}]}, "version": 67}
{"obj": {"type": "LogFloats", "path": ["network_cycl1", "train_loss"], "values": [{"value": 0.02616516879449288, "step": null, "ts": 1639565148.7531385}]}, "version": 68}
{"obj": {"type": "LogFloats", "path": ["network_cycl1", "validation_mean_acc"], "values": [{"value": 0.8953899999999999, "step": null, "ts": 1639565151.0847824}]}, "version": 69}
{"obj": {"type": "LogFloats", "path": ["network_cycl1", "validation_loss"], "values": [{"value": 0.01748593896627426, "step": null, "ts": 1639565151.0847824}]}, "version": 70}
{"obj": {"type": "LogStrings", "path": ["monitoring", "stdout"], "values": [{"value": "Training epoch 3", "step": null, "ts": 1639565151.0847824}]}, "version": 71}
{"obj": {"type": "LogStrings", "path": ["monitoring", "stdout"], "values": [{"value": "\n", "step": null, "ts": 1639565151.085782}]}, "version": 72}
{"obj": {"type": "LogFloats", "path": ["network_cycl1", "learning_rate"], "values": [{"value": 0.3006999999999998, "step": null, "ts": 1639565151.085782}]}, "version": 73}
{"obj": {"type": "LogFloats", "path": ["monitoring", "cpu"], "values": [{"value": 51.2, "step": null, "ts": 1639565151.6022503}]}, "version": 74}
{"obj": {"type": "LogFloats", "path": ["monitoring", "memory"], "values": [{"value": 9.116134643554688, "step": null, "ts": 1639565151.6022503}]}, "version": 75}
{"obj": {"type": "LogFloats", "path": ["monitoring", "gpu"], "values": [{"value": 71.0, "step": null, "ts": 1639565151.6022503}]}, "version": 76}
{"obj": {"type": "LogFloats", "path": ["monitoring", "gpu_memory"], "values": [{"value": 2.581451416015625, "step": null, "ts": 1639565151.6022503}]}, "version": 77}
{"obj": {"type": "LogFloats", "path": ["monitoring", "cpu"], "values": [{"value": 49.6, "step": null, "ts": 1639565161.6173022}]}, "version": 78}
{"obj": {"type": "LogFloats", "path": ["monitoring", "memory"], "values": [{"value": 9.102092742919922, "step": null, "ts": 1639565161.6173022}]}, "version": 79}
{"obj": {"type": "LogFloats", "path": ["monitoring", "gpu"], "values": [{"value": 82.0, "step": null, "ts": 1639565161.6173022}]}, "version": 80}
{"obj": {"type": "LogFloats", "path": ["monitoring", "gpu_memory"], "values": [{"value": 2.581451416015625, "step": null, "ts": 1639565161.6173022}]}, "version": 81}
{"obj": {"type": "LogFloats", "path": ["network_cycl1", "train_loss"], "values": [{"value": 0.023619760459081995, "step": null, "ts": 1639565171.280642}]}, "version": 82}
{"obj": {"type": "LogFloats", "path": ["monitoring", "cpu"], "values": [{"value": 47.7, "step": null, "ts": 1639565171.6222312}]}, "version": 83}
{"obj": {"type": "LogFloats", "path": ["monitoring", "memory"], "values": [{"value": 9.08560562133789, "step": null, "ts": 1639565171.6222312}]}, "version": 84}
{"obj": {"type": "LogFloats", "path": ["monitoring", "gpu"], "values": [{"value": 67.0, "step": null, "ts": 1639565171.6222312}]}, "version": 85}
{"obj": {"type": "LogFloats", "path": ["monitoring", "gpu_memory"], "values": [{"value": 2.581451416015625, "step": null, "ts": 1639565171.6222312}]}, "version": 86}
{"obj": {"type": "LogFloats", "path": ["network_cycl1", "validation_mean_acc"], "values": [{"value": 0.8832924999999999, "step": null, "ts": 1639565173.6055849}]}, "version": 87}
{"obj": {"type": "LogFloats", "path": ["network_cycl1", "validation_loss"], "values": [{"value": 0.018817565497010948, "step": null, "ts": 1639565173.6055849}]}, "version": 88}
{"obj": {"type": "LogStrings", "path": ["monitoring", "stdout"], "values": [{"value": "Training epoch 4", "step": null, "ts": 1639565173.6055849}]}, "version": 89}
{"obj": {"type": "LogStrings", "path": ["monitoring", "stdout"], "values": [{"value": "\n", "step": null, "ts": 1639565173.6065862}]}, "version": 90}
{"obj": {"type": "LogFloats", "path": ["network_cycl1", "learning_rate"], "values": [{"value": 0.4005999999999999, "step": null, "ts": 1639565173.6065862}]}, "version": 91}
{"obj": {"type": "LogFloats", "path": ["monitoring", "cpu"], "values": [{"value": 49.4, "step": null, "ts": 1639565181.6263127}]}, "version": 92}
{"obj": {"type": "LogFloats", "path": ["monitoring", "memory"], "values": [{"value": 9.112842559814453, "step": null, "ts": 1639565181.6263127}]}, "version": 93}
{"obj": {"type": "LogFloats", "path": ["monitoring", "gpu"], "values": [{"value": 72.0, "step": null, "ts": 1639565181.6263127}]}, "version": 94}
{"obj": {"type": "LogFloats", "path": ["monitoring", "gpu_memory"], "values": [{"value": 2.581451416015625, "step": null, "ts": 1639565181.6263127}]}, "version": 95}
{"obj": {"type": "LogStrings", "path": ["monitoring", "traceback"], "values": [{"value": "An uncaught exception occurred while run was active on worker DESKTOP-SDMAFDQ.", "step": null, "ts": 1639565187.3460937}, {"value": "Marking run as failed", "step": null, "ts": 1639565187.3460937}, {"value": "Traceback:", "step": null, "ts": 1639565187.3460937}, {"value": "  File \"C:\\Users\\Marc\\Documents\\GitHub\\Deep_final\\best momentum.py\", line 112, in <module>\n    for img, lab in trainloader:\n", "step": null, "ts": 1639565187.3460937}, {"value": "  File \"C:\\Users\\Marc\\anaconda3\\envs\\deep\\lib\\site-packages\\torch\\utils\\data\\dataloader.py\", line 521, in __next__\n    data = self._next_data()\n", "step": null, "ts": 1639565187.3460937}, {"value": "  File \"C:\\Users\\Marc\\anaconda3\\envs\\deep\\lib\\site-packages\\torch\\utils\\data\\dataloader.py\", line 561, in _next_data\n    data = self._dataset_fetcher.fetch(index)  # may raise StopIteration\n", "step": null, "ts": 1639565187.3460937}, {"value": "  File \"C:\\Users\\Marc\\anaconda3\\envs\\deep\\lib\\site-packages\\torch\\utils\\data\\_utils\\fetch.py\", line 49, in fetch\n    data = [self.dataset[idx] for idx in possibly_batched_index]\n", "step": null, "ts": 1639565187.3460937}, {"value": "  File \"C:\\Users\\Marc\\anaconda3\\envs\\deep\\lib\\site-packages\\torch\\utils\\data\\_utils\\fetch.py\", line 49, in <listcomp>\n    data = [self.dataset[idx] for idx in possibly_batched_index]\n", "step": null, "ts": 1639565187.3460937}, {"value": "  File \"C:\\Users\\Marc\\Documents\\GitHub\\Deep_final\\GTApack\\GTA_hotloader.py\", line 38, in __getitem__\n    img_in = cv2.imread(img_in_path)[:, :, ::-1]\n", "step": null, "ts": 1639565187.3460937}, {"value": "", "step": null, "ts": 1639565187.3460937}]}, "version": 96}
{"obj": {"type": "AssignBool", "path": ["sys", "failed"], "value": true}, "version": 97}
{"obj": {"type": "LogStrings", "path": ["monitoring", "stderr"], "values": [{"value": "Traceback (most recent call last):\n", "step": null, "ts": 1639565187.3460937}]}, "version": 98}
{"obj": {"type": "LogStrings", "path": ["monitoring", "stderr"], "values": [{"value": "  File \"C:\\Users\\Marc\\Documents\\GitHub\\Deep_final\\best momentum.py\", line 112, in <module>\n", "step": null, "ts": 1639565187.3467317}]}, "version": 99}
{"obj": {"type": "LogStrings", "path": ["monitoring", "stderr"], "values": [{"value": "    ", "step": null, "ts": 1639565187.3477347}]}, "version": 100}
{"obj": {"type": "LogStrings", "path": ["monitoring", "stderr"], "values": [{"value": "for img, lab in trainloader:", "step": null, "ts": 1639565187.3477347}]}, "version": 101}
{"obj": {"type": "LogStrings", "path": ["monitoring", "stderr"], "values": [{"value": "\n", "step": null, "ts": 1639565187.3477347}]}, "version": 102}
{"obj": {"type": "LogStrings", "path": ["monitoring", "stderr"], "values": [{"value": "  File \"C:\\Users\\Marc\\anaconda3\\envs\\deep\\lib\\site-packages\\torch\\utils\\data\\dataloader.py\", line 521, in __next__\n", "step": null, "ts": 1639565187.3477347}]}, "version": 103}
{"obj": {"type": "LogStrings", "path": ["monitoring", "stderr"], "values": [{"value": "    ", "step": null, "ts": 1639565187.3487353}]}, "version": 104}
{"obj": {"type": "LogStrings", "path": ["monitoring", "stderr"], "values": [{"value": "data = self._next_data()", "step": null, "ts": 1639565187.3487353}]}, "version": 105}
{"obj": {"type": "LogStrings", "path": ["monitoring", "stderr"], "values": [{"value": "\n", "step": null, "ts": 1639565187.3487353}]}, "version": 106}
{"obj": {"type": "LogStrings", "path": ["monitoring", "stderr"], "values": [{"value": "  File \"C:\\Users\\Marc\\anaconda3\\envs\\deep\\lib\\site-packages\\torch\\utils\\data\\dataloader.py\", line 561, in _next_data\n", "step": null, "ts": 1639565187.3487353}]}, "version": 107}
{"obj": {"type": "LogStrings", "path": ["monitoring", "stderr"], "values": [{"value": "    ", "step": null, "ts": 1639565187.3497353}]}, "version": 108}
{"obj": {"type": "LogStrings", "path": ["monitoring", "stderr"], "values": [{"value": "data = self._dataset_fetcher.fetch(index)  # may raise StopIteration", "step": null, "ts": 1639565187.3497353}]}, "version": 109}
{"obj": {"type": "LogStrings", "path": ["monitoring", "stderr"], "values": [{"value": "\n", "step": null, "ts": 1639565187.3497353}]}, "version": 110}
{"obj": {"type": "LogStrings", "path": ["monitoring", "stderr"], "values": [{"value": "  File \"C:\\Users\\Marc\\anaconda3\\envs\\deep\\lib\\site-packages\\torch\\utils\\data\\_utils\\fetch.py\", line 49, in fetch\n", "step": null, "ts": 1639565187.3497353}]}, "version": 111}
{"obj": {"type": "LogStrings", "path": ["monitoring", "stderr"], "values": [{"value": "    ", "step": null, "ts": 1639565187.3507366}]}, "version": 112}
{"obj": {"type": "LogStrings", "path": ["monitoring", "stderr"], "values": [{"value": "data = [self.dataset[idx] for idx in possibly_batched_index]", "step": null, "ts": 1639565187.3507366}]}, "version": 113}
{"obj": {"type": "LogStrings", "path": ["monitoring", "stderr"], "values": [{"value": "\n", "step": null, "ts": 1639565187.3507366}]}, "version": 114}
{"obj": {"type": "LogStrings", "path": ["monitoring", "stderr"], "values": [{"value": "  File \"C:\\Users\\Marc\\anaconda3\\envs\\deep\\lib\\site-packages\\torch\\utils\\data\\_utils\\fetch.py\", line 49, in <listcomp>\n", "step": null, "ts": 1639565187.3507366}]}, "version": 115}
{"obj": {"type": "LogStrings", "path": ["monitoring", "stderr"], "values": [{"value": "    ", "step": null, "ts": 1639565187.3517373}]}, "version": 116}
{"obj": {"type": "LogStrings", "path": ["monitoring", "stderr"], "values": [{"value": "data = [self.dataset[idx] for idx in possibly_batched_index]", "step": null, "ts": 1639565187.3517373}]}, "version": 117}
{"obj": {"type": "LogStrings", "path": ["monitoring", "stderr"], "values": [{"value": "\n", "step": null, "ts": 1639565187.3517373}]}, "version": 118}
{"obj": {"type": "LogStrings", "path": ["monitoring", "stderr"], "values": [{"value": "  File \"C:\\Users\\Marc\\Documents\\GitHub\\Deep_final\\GTApack\\GTA_hotloader.py\", line 38, in __getitem__\n", "step": null, "ts": 1639565187.3517373}]}, "version": 119}
{"obj": {"type": "LogStrings", "path": ["monitoring", "stderr"], "values": [{"value": "    ", "step": null, "ts": 1639565187.3517373}]}, "version": 120}
{"obj": {"type": "LogStrings", "path": ["monitoring", "stderr"], "values": [{"value": "img_in = cv2.imread(img_in_path)[:, :, ::-1]", "step": null, "ts": 1639565187.3517373}]}, "version": 121}
{"obj": {"type": "LogStrings", "path": ["monitoring", "stderr"], "values": [{"value": "\n", "step": null, "ts": 1639565187.352738}]}, "version": 122}
{"obj": {"type": "LogStrings", "path": ["monitoring", "stderr"], "values": [{"value": "KeyboardInterrupt", "step": null, "ts": 1639565187.352738}]}, "version": 123}
{"obj": {"type": "LogStrings", "path": ["monitoring", "stderr"], "values": [{"value": "", "step": null, "ts": 1639565187.352738}]}, "version": 124}
{"obj": {"type": "LogStrings", "path": ["monitoring", "stderr"], "values": [{"value": "\n", "step": null, "ts": 1639565187.352738}]}, "version": 125}
