{"obj": {"type": "LogFloats", "path": ["monitoring", "cpu"], "values": [{"value": 52.2, "step": null, "ts": 1639511175.8481824}]}, "version": 1}
{"obj": {"type": "LogFloats", "path": ["monitoring", "memory"], "values": [{"value": 8.35793685913086, "step": null, "ts": 1639511175.8481824}]}, "version": 2}
{"obj": {"type": "LogFloats", "path": ["monitoring", "gpu"], "values": [{"value": 73.0, "step": null, "ts": 1639511175.8481824}]}, "version": 3}
{"obj": {"type": "LogFloats", "path": ["monitoring", "gpu_memory"], "values": [{"value": 2.83062744140625, "step": null, "ts": 1639511175.8481824}]}, "version": 4}
{"obj": {"type": "LogStrings", "path": ["monitoring", "traceback"], "values": [{"value": "An uncaught exception occurred while run was active on worker DESKTOP-SDMAFDQ.", "step": null, "ts": 1639511176.2015028}, {"value": "Marking run as failed", "step": null, "ts": 1639511176.2015028}, {"value": "Traceback:", "step": null, "ts": 1639511176.2015028}, {"value": "  File \"C:\\Users\\Marc\\Documents\\GitHub\\Deep_final\\learn.py\", line 11, in <module>\n    rate = run['network/learning_rate'].fetch()\n", "step": null, "ts": 1639511176.2015028}, {"value": "  File \"C:\\Users\\Marc\\anaconda3\\envs\\deep\\lib\\site-packages\\neptune\\new\\handler.py\", line 67, in __getattr__\n    return getattr(attr, attribute_name)\n", "step": null, "ts": 1639511176.2015028}, {"value": "  File \"C:\\Users\\Marc\\anaconda3\\envs\\deep\\lib\\site-packages\\neptune\\new\\attributes\\attribute.py\", line 33, in __getattr__\n    raise AttributeError(\"{} has no attribute {}.\".format(type(self), attr))\n", "step": null, "ts": 1639511176.2015028}, {"value": "<class 'neptune.new.attributes.series.float_series.FloatSeries'> has no attribute fetch.", "step": null, "ts": 1639511176.2015028}]}, "version": 5}
{"obj": {"type": "AssignBool", "path": ["sys", "failed"], "value": true}, "version": 6}
{"obj": {"type": "LogStrings", "path": ["monitoring", "stderr"], "values": [{"value": "Traceback (most recent call last):\n", "step": null, "ts": 1639511176.2025037}]}, "version": 7}
{"obj": {"type": "LogStrings", "path": ["monitoring", "stderr"], "values": [{"value": "  File \"C:\\Users\\Marc\\Documents\\GitHub\\Deep_final\\learn.py\", line 11, in <module>\n", "step": null, "ts": 1639511176.2025037}]}, "version": 8}
{"obj": {"type": "LogStrings", "path": ["monitoring", "stderr"], "values": [{"value": "    ", "step": null, "ts": 1639511176.2025037}]}, "version": 9}
{"obj": {"type": "LogStrings", "path": ["monitoring", "stderr"], "values": [{"value": "rate = run['network/learning_rate'].fetch()", "step": null, "ts": 1639511176.2035046}]}, "version": 10}
{"obj": {"type": "LogStrings", "path": ["monitoring", "stderr"], "values": [{"value": "\n", "step": null, "ts": 1639511176.2035046}]}, "version": 11}
{"obj": {"type": "LogStrings", "path": ["monitoring", "stderr"], "values": [{"value": "  File \"C:\\Users\\Marc\\anaconda3\\envs\\deep\\lib\\site-packages\\neptune\\new\\handler.py\", line 67, in __getattr__\n", "step": null, "ts": 1639511176.2035046}]}, "version": 12}
{"obj": {"type": "LogStrings", "path": ["monitoring", "stderr"], "values": [{"value": "    ", "step": null, "ts": 1639511176.2035046}]}, "version": 13}
{"obj": {"type": "LogStrings", "path": ["monitoring", "stderr"], "values": [{"value": "return getattr(attr, attribute_name)", "step": null, "ts": 1639511176.2035046}]}, "version": 14}
{"obj": {"type": "LogStrings", "path": ["monitoring", "stderr"], "values": [{"value": "\n", "step": null, "ts": 1639511176.2035046}]}, "version": 15}
{"obj": {"type": "LogStrings", "path": ["monitoring", "stderr"], "values": [{"value": "  File \"C:\\Users\\Marc\\anaconda3\\envs\\deep\\lib\\site-packages\\neptune\\new\\attributes\\attribute.py\", line 33, in __getattr__\n", "step": null, "ts": 1639511176.2035046}]}, "version": 16}
{"obj": {"type": "LogStrings", "path": ["monitoring", "stderr"], "values": [{"value": "    ", "step": null, "ts": 1639511176.2045062}]}, "version": 17}
{"obj": {"type": "LogStrings", "path": ["monitoring", "stderr"], "values": [{"value": "raise AttributeError(\"{} has no attribute {}.\".format(type(self), attr))", "step": null, "ts": 1639511176.2045062}]}, "version": 18}
{"obj": {"type": "LogStrings", "path": ["monitoring", "stderr"], "values": [{"value": "\n", "step": null, "ts": 1639511176.2045062}]}, "version": 19}
{"obj": {"type": "LogStrings", "path": ["monitoring", "stderr"], "values": [{"value": "AttributeError", "step": null, "ts": 1639511176.2045062}]}, "version": 20}
{"obj": {"type": "LogStrings", "path": ["monitoring", "stderr"], "values": [{"value": ": ", "step": null, "ts": 1639511176.2045062}]}, "version": 21}
{"obj": {"type": "LogStrings", "path": ["monitoring", "stderr"], "values": [{"value": "<class 'neptune.new.attributes.series.float_series.FloatSeries'> has no attribute fetch.", "step": null, "ts": 1639511176.2045062}]}, "version": 22}
{"obj": {"type": "LogStrings", "path": ["monitoring", "stderr"], "values": [{"value": "\n", "step": null, "ts": 1639511176.2045062}]}, "version": 23}
