{"obj": {"type": "AssignString", "path": ["sys", "name"], "value": "Untitled"}, "version": 1}
{"obj": {"type": "AssignString", "path": ["sys", "description"], "value": ""}, "version": 2}
{"obj": {"type": "AssignString", "path": ["sys", "hostname"], "value": "DESKTOP-SDMAFDQ"}, "version": 3}
{"obj": {"type": "AssignBool", "path": ["sys", "failed"], "value": false}, "version": 4}
{"obj": {"type": "ClearStringLog", "path": ["monitoring", "stdout"]}, "version": 5}
{"obj": {"type": "ClearStringLog", "path": ["monitoring", "stderr"]}, "version": 6}
{"obj": {"type": "AssignString", "path": ["source_code", "entrypoint"], "value": "trainer.py"}, "version": 7}
{"obj": {"type": "UploadFileSet", "path": ["source_code", "files"], "file_globs": ["C:\\Users\\Marc\\Documents\\GitHub\\Deep_final\\trainer.py"], "reset": "False"}, "version": 8}
{"obj": {"type": "ConfigFloatSeries", "path": ["monitoring", "cpu"], "min": 0.0, "max": 100.0, "unit": "%"}, "version": 9}
{"obj": {"type": "ClearFloatLog", "path": ["monitoring", "cpu"]}, "version": 10}
{"obj": {"type": "ConfigFloatSeries", "path": ["monitoring", "memory"], "min": 0.0, "max": 15.387199401855469, "unit": "GB"}, "version": 11}
{"obj": {"type": "ClearFloatLog", "path": ["monitoring", "memory"]}, "version": 12}
{"obj": {"type": "ConfigFloatSeries", "path": ["monitoring", "gpu"], "min": 0.0, "max": 100.0, "unit": "%"}, "version": 13}
{"obj": {"type": "ClearFloatLog", "path": ["monitoring", "gpu"]}, "version": 14}
{"obj": {"type": "ConfigFloatSeries", "path": ["monitoring", "gpu_memory"], "min": 0.0, "max": 4.0, "unit": "GB"}, "version": 15}
{"obj": {"type": "ClearFloatLog", "path": ["monitoring", "gpu_memory"]}, "version": 16}
{"obj": {"type": "LogFloats", "path": ["monitoring", "cpu"], "values": [{"value": 8.3, "step": null, "ts": 1639302435.4918225}]}, "version": 17}
{"obj": {"type": "LogFloats", "path": ["monitoring", "memory"], "values": [{"value": 7.692436218261719, "step": null, "ts": 1639302435.4918225}]}, "version": 18}
{"obj": {"type": "AssignFloat", "path": ["network", "parameters", "momentum"], "value": 0.9}, "version": 19}
{"obj": {"type": "AssignString", "path": ["network", "parameters", "optimizer"], "value": "SGD"}, "version": 20}
{"obj": {"type": "AssignString", "path": ["network", "parameters", "loss_function"], "value": "MSEloss"}, "version": 21}
{"obj": {"type": "AssignString", "path": ["network", "parameters", "model"], "value": "GTA_Unet"}, "version": 22}
{"obj": {"type": "AssignString", "path": ["network", "parameters", "scheduler"], "value": "CyclicLR"}, "version": 23}
{"obj": {"type": "LogFloats", "path": ["monitoring", "gpu_memory"], "values": [{"value": 0.051025390625, "step": null, "ts": 1639302435.4918225}]}, "version": 24}
{"obj": {"type": "LogStrings", "path": ["monitoring", "stdout"], "values": [{"value": "Training epoch 0", "step": null, "ts": 1639302435.7176104}]}, "version": 25}
{"obj": {"type": "LogStrings", "path": ["monitoring", "stdout"], "values": [{"value": "\n", "step": null, "ts": 1639302435.7176104}]}, "version": 26}
{"obj": {"type": "LogFloats", "path": ["network2", "learning_rate"], "values": [{"value": 0.01, "step": null, "ts": 1639302435.7176104}]}, "version": 27}
{"obj": {"type": "LogFloats", "path": ["network2", "train_loss"], "values": [{"value": 0.10232482701539994, "step": null, "ts": 1639302438.352338}]}, "version": 28}
{"obj": {"type": "LogFloats", "path": ["network2", "validation_loss"], "values": [{"value": 0.10152514278888702, "step": null, "ts": 1639302438.4618223}]}, "version": 29}
{"obj": {"type": "LogStrings", "path": ["monitoring", "stdout"], "values": [{"value": "Training epoch 1", "step": null, "ts": 1639302438.4618223}]}, "version": 30}
{"obj": {"type": "LogStrings", "path": ["monitoring", "stdout"], "values": [{"value": "\n", "step": null, "ts": 1639302438.4618223}]}, "version": 31}
{"obj": {"type": "LogFloats", "path": ["network2", "learning_rate"], "values": [{"value": 0.01900000000000001, "step": null, "ts": 1639302438.4618223}]}, "version": 32}
{"obj": {"type": "LogFloats", "path": ["network2", "train_loss"], "values": [{"value": 0.10026277154684067, "step": null, "ts": 1639302439.5992293}]}, "version": 33}
{"obj": {"type": "LogFloats", "path": ["network2", "validation_loss"], "values": [{"value": 0.10022289305925369, "step": null, "ts": 1639302439.7103298}]}, "version": 34}
{"obj": {"type": "LogStrings", "path": ["monitoring", "stdout"], "values": [{"value": "Training epoch 2", "step": null, "ts": 1639302439.7103298}]}, "version": 35}
{"obj": {"type": "LogStrings", "path": ["monitoring", "stdout"], "values": [{"value": "\n", "step": null, "ts": 1639302439.7103298}]}, "version": 36}
{"obj": {"type": "LogFloats", "path": ["network2", "learning_rate"], "values": [{"value": 0.028000000000000018, "step": null, "ts": 1639302439.7103298}]}, "version": 37}
{"obj": {"type": "LogFloats", "path": ["network2", "train_loss"], "values": [{"value": 0.09565902203321457, "step": null, "ts": 1639302440.8325467}]}, "version": 38}
{"obj": {"type": "LogFloats", "path": ["network2", "validation_loss"], "values": [{"value": 0.09768476337194443, "step": null, "ts": 1639302440.9397755}]}, "version": 39}
{"obj": {"type": "LogStrings", "path": ["monitoring", "stdout"], "values": [{"value": "Training epoch 3", "step": null, "ts": 1639302440.9407775}]}, "version": 40}
{"obj": {"type": "LogStrings", "path": ["monitoring", "stdout"], "values": [{"value": "\n", "step": null, "ts": 1639302440.9407775}]}, "version": 41}
{"obj": {"type": "LogFloats", "path": ["network2", "learning_rate"], "values": [{"value": 0.036999999999999984, "step": null, "ts": 1639302440.9407775}]}, "version": 42}
{"obj": {"type": "LogFloats", "path": ["network2", "train_loss"], "values": [{"value": 0.08719187676906585, "step": null, "ts": 1639302442.0644069}]}, "version": 43}
{"obj": {"type": "LogFloats", "path": ["network2", "validation_loss"], "values": [{"value": 0.09314698725938797, "step": null, "ts": 1639302442.1703506}]}, "version": 44}
{"obj": {"type": "LogStrings", "path": ["monitoring", "stdout"], "values": [{"value": "Training epoch 4", "step": null, "ts": 1639302442.1713514}]}, "version": 45}
{"obj": {"type": "LogStrings", "path": ["monitoring", "stdout"], "values": [{"value": "\n", "step": null, "ts": 1639302442.1713514}]}, "version": 46}
{"obj": {"type": "LogFloats", "path": ["network2", "learning_rate"], "values": [{"value": 0.046, "step": null, "ts": 1639302442.1713514}]}, "version": 47}
{"obj": {"type": "LogFloats", "path": ["network2", "train_loss"], "values": [{"value": 0.07573186755180358, "step": null, "ts": 1639302443.296409}]}, "version": 48}
{"obj": {"type": "LogFloats", "path": ["network2", "validation_loss"], "values": [{"value": 0.0872964933514595, "step": null, "ts": 1639302443.4015124}]}, "version": 49}
{"obj": {"type": "LogStrings", "path": ["monitoring", "stdout"], "values": [{"value": "Training epoch 5", "step": null, "ts": 1639302443.4025052}]}, "version": 50}
{"obj": {"type": "LogStrings", "path": ["monitoring", "stdout"], "values": [{"value": "\n", "step": null, "ts": 1639302443.4025052}]}, "version": 51}
{"obj": {"type": "LogFloats", "path": ["network2", "learning_rate"], "values": [{"value": 0.05500000000000001, "step": null, "ts": 1639302443.4025052}]}, "version": 52}
{"obj": {"type": "LogFloats", "path": ["network2", "train_loss"], "values": [{"value": 0.06382568553090096, "step": null, "ts": 1639302444.532065}]}, "version": 53}
{"obj": {"type": "LogFloats", "path": ["network2", "validation_loss"], "values": [{"value": 0.08322252333164215, "step": null, "ts": 1639302444.6371598}]}, "version": 54}
{"obj": {"type": "LogStrings", "path": ["monitoring", "stdout"], "values": [{"value": "Training epoch 6", "step": null, "ts": 1639302444.638161}]}, "version": 55}
{"obj": {"type": "LogStrings", "path": ["monitoring", "stdout"], "values": [{"value": "\n", "step": null, "ts": 1639302444.638161}]}, "version": 56}
{"obj": {"type": "LogFloats", "path": ["network2", "learning_rate"], "values": [{"value": 0.06400000000000002, "step": null, "ts": 1639302444.638161}]}, "version": 57}
{"obj": {"type": "LogFloats", "path": ["monitoring", "cpu"], "values": [{"value": 41.3, "step": null, "ts": 1639302445.5132756}]}, "version": 58}
{"obj": {"type": "LogFloats", "path": ["monitoring", "memory"], "values": [{"value": 9.233955383300781, "step": null, "ts": 1639302445.5132756}]}, "version": 59}
{"obj": {"type": "LogFloats", "path": ["monitoring", "gpu"], "values": [{"value": 84.0, "step": null, "ts": 1639302445.5132756}]}, "version": 60}
{"obj": {"type": "LogFloats", "path": ["monitoring", "gpu_memory"], "values": [{"value": 2.559967041015625, "step": null, "ts": 1639302445.5132756}]}, "version": 61}
{"obj": {"type": "LogFloats", "path": ["network2", "train_loss"], "values": [{"value": 0.05161341056227684, "step": null, "ts": 1639302445.7618854}]}, "version": 62}
{"obj": {"type": "LogFloats", "path": ["network2", "validation_loss"], "values": [{"value": 0.07339143753051758, "step": null, "ts": 1639302445.8699834}]}, "version": 63}
{"obj": {"type": "LogStrings", "path": ["monitoring", "stdout"], "values": [{"value": "Training epoch 7", "step": null, "ts": 1639302445.8709846}]}, "version": 64}
{"obj": {"type": "LogStrings", "path": ["monitoring", "stdout"], "values": [{"value": "\n", "step": null, "ts": 1639302445.8709846}]}, "version": 65}
{"obj": {"type": "LogFloats", "path": ["network2", "learning_rate"], "values": [{"value": 0.07300000000000002, "step": null, "ts": 1639302445.8709846}]}, "version": 66}
{"obj": {"type": "LogFloats", "path": ["network2", "train_loss"], "values": [{"value": 0.04148290976881981, "step": null, "ts": 1639302446.999513}]}, "version": 67}
{"obj": {"type": "LogFloats", "path": ["network2", "validation_loss"], "values": [{"value": 0.07107759267091751, "step": null, "ts": 1639302447.1099987}]}, "version": 68}
{"obj": {"type": "LogStrings", "path": ["monitoring", "stdout"], "values": [{"value": "Training epoch 8", "step": null, "ts": 1639302447.1099987}]}, "version": 69}
{"obj": {"type": "LogStrings", "path": ["monitoring", "stdout"], "values": [{"value": "\n", "step": null, "ts": 1639302447.1099987}]}, "version": 70}
{"obj": {"type": "LogFloats", "path": ["network2", "learning_rate"], "values": [{"value": 0.08199999999999999, "step": null, "ts": 1639302447.1099987}]}, "version": 71}
{"obj": {"type": "LogFloats", "path": ["network2", "train_loss"], "values": [{"value": 0.03199347741901874, "step": null, "ts": 1639302448.2361925}]}, "version": 72}
{"obj": {"type": "LogFloats", "path": ["network2", "validation_loss"], "values": [{"value": 0.06646353751420975, "step": null, "ts": 1639302448.3442905}]}, "version": 73}
{"obj": {"type": "LogStrings", "path": ["monitoring", "stdout"], "values": [{"value": "Training epoch 9", "step": null, "ts": 1639302448.3442905}]}, "version": 74}
{"obj": {"type": "LogStrings", "path": ["monitoring", "stdout"], "values": [{"value": "\n", "step": null, "ts": 1639302448.3442905}]}, "version": 75}
{"obj": {"type": "LogFloats", "path": ["network2", "learning_rate"], "values": [{"value": 0.091, "step": null, "ts": 1639302448.3442905}]}, "version": 76}
{"obj": {"type": "LogFloats", "path": ["network2", "train_loss"], "values": [{"value": 0.025684942305088044, "step": null, "ts": 1639302449.4720874}]}, "version": 77}
{"obj": {"type": "LogFloats", "path": ["network2", "validation_loss"], "values": [{"value": 0.06673356890678406, "step": null, "ts": 1639302449.5741801}]}, "version": 78}
{"obj": {"type": "LogStrings", "path": ["monitoring", "stdout"], "values": [{"value": "Training epoch 10", "step": null, "ts": 1639302449.5741801}]}, "version": 79}
{"obj": {"type": "LogStrings", "path": ["monitoring", "stdout"], "values": [{"value": "\n", "step": null, "ts": 1639302449.5741801}]}, "version": 80}
{"obj": {"type": "LogFloats", "path": ["network2", "learning_rate"], "values": [{"value": 0.1, "step": null, "ts": 1639302449.5741801}]}, "version": 81}
{"obj": {"type": "LogFloats", "path": ["network2", "train_loss"], "values": [{"value": 0.02126494999974966, "step": null, "ts": 1639302450.7057703}]}, "version": 82}
{"obj": {"type": "LogFloats", "path": ["network2", "validation_loss"], "values": [{"value": 0.06596790999174118, "step": null, "ts": 1639302450.8138678}]}, "version": 83}
{"obj": {"type": "LogStrings", "path": ["monitoring", "stdout"], "values": [{"value": "Training epoch 11", "step": null, "ts": 1639302450.8148685}]}, "version": 84}
{"obj": {"type": "LogStrings", "path": ["monitoring", "stdout"], "values": [{"value": "\n", "step": null, "ts": 1639302450.8148685}]}, "version": 85}
{"obj": {"type": "LogFloats", "path": ["network2", "learning_rate"], "values": [{"value": 0.091, "step": null, "ts": 1639302450.8148685}]}, "version": 86}
{"obj": {"type": "LogFloats", "path": ["network2", "train_loss"], "values": [{"value": 0.01857054457068443, "step": null, "ts": 1639302451.9366877}]}, "version": 87}
{"obj": {"type": "LogFloats", "path": ["network2", "validation_loss"], "values": [{"value": 0.06240714713931084, "step": null, "ts": 1639302452.0447855}]}, "version": 88}
{"obj": {"type": "LogStrings", "path": ["monitoring", "stdout"], "values": [{"value": "Training epoch 12", "step": null, "ts": 1639302452.0457869}]}, "version": 89}
{"obj": {"type": "LogStrings", "path": ["monitoring", "stdout"], "values": [{"value": "\n", "step": null, "ts": 1639302452.0457869}]}, "version": 90}
{"obj": {"type": "LogFloats", "path": ["network2", "learning_rate"], "values": [{"value": 0.08199999999999999, "step": null, "ts": 1639302452.0457869}]}, "version": 91}
{"obj": {"type": "LogFloats", "path": ["network2", "train_loss"], "values": [{"value": 0.01644747667014599, "step": null, "ts": 1639302453.1723032}]}, "version": 92}
{"obj": {"type": "LogFloats", "path": ["network2", "validation_loss"], "values": [{"value": 0.06223718076944351, "step": null, "ts": 1639302453.2784374}]}, "version": 93}
{"obj": {"type": "LogStrings", "path": ["monitoring", "stdout"], "values": [{"value": "Training epoch 13", "step": null, "ts": 1639302453.2784374}]}, "version": 94}
{"obj": {"type": "LogStrings", "path": ["monitoring", "stdout"], "values": [{"value": "\n", "step": null, "ts": 1639302453.2784374}]}, "version": 95}
{"obj": {"type": "LogFloats", "path": ["network2", "learning_rate"], "values": [{"value": 0.07300000000000002, "step": null, "ts": 1639302453.2784374}]}, "version": 96}
{"obj": {"type": "LogFloats", "path": ["network2", "train_loss"], "values": [{"value": 0.015597229264676571, "step": null, "ts": 1639302454.4062443}]}, "version": 97}
{"obj": {"type": "LogFloats", "path": ["network2", "validation_loss"], "values": [{"value": 0.06222645193338394, "step": null, "ts": 1639302454.5143423}]}, "version": 98}
{"obj": {"type": "LogStrings", "path": ["monitoring", "stdout"], "values": [{"value": "Training epoch 14", "step": null, "ts": 1639302454.5153434}]}, "version": 99}
{"obj": {"type": "LogStrings", "path": ["monitoring", "stdout"], "values": [{"value": "\n", "step": null, "ts": 1639302454.5153434}]}, "version": 100}
{"obj": {"type": "LogFloats", "path": ["network2", "learning_rate"], "values": [{"value": 0.06400000000000002, "step": null, "ts": 1639302454.5153434}]}, "version": 101}
{"obj": {"type": "LogFloats", "path": ["monitoring", "cpu"], "values": [{"value": 48.8, "step": null, "ts": 1639302455.5298152}]}, "version": 102}
{"obj": {"type": "LogFloats", "path": ["monitoring", "memory"], "values": [{"value": 9.238300323486328, "step": null, "ts": 1639302455.5298152}]}, "version": 103}
{"obj": {"type": "LogFloats", "path": ["monitoring", "gpu"], "values": [{"value": 72.0, "step": null, "ts": 1639302455.5298152}]}, "version": 104}
{"obj": {"type": "LogFloats", "path": ["monitoring", "gpu_memory"], "values": [{"value": 2.559967041015625, "step": null, "ts": 1639302455.5298152}]}, "version": 105}
{"obj": {"type": "LogFloats", "path": ["network2", "train_loss"], "values": [{"value": 0.014286920242011548, "step": null, "ts": 1639302455.6509259}]}, "version": 106}
{"obj": {"type": "LogFloats", "path": ["network2", "validation_loss"], "values": [{"value": 0.06268604099750519, "step": null, "ts": 1639302455.7597368}]}, "version": 107}
{"obj": {"type": "LogStrings", "path": ["monitoring", "stdout"], "values": [{"value": "Training epoch 15", "step": null, "ts": 1639302455.7597368}]}, "version": 108}
{"obj": {"type": "LogStrings", "path": ["monitoring", "stdout"], "values": [{"value": "\n", "step": null, "ts": 1639302455.7597368}]}, "version": 109}
{"obj": {"type": "LogFloats", "path": ["network2", "learning_rate"], "values": [{"value": 0.05500000000000001, "step": null, "ts": 1639302455.7597368}]}, "version": 110}
{"obj": {"type": "LogFloats", "path": ["network2", "train_loss"], "values": [{"value": 0.013595274649560452, "step": null, "ts": 1639302456.8895323}]}, "version": 111}
{"obj": {"type": "LogFloats", "path": ["network2", "validation_loss"], "values": [{"value": 0.0674130767583847, "step": null, "ts": 1639302456.9956293}]}, "version": 112}
{"obj": {"type": "LogStrings", "path": ["monitoring", "stdout"], "values": [{"value": "Training epoch 16", "step": null, "ts": 1639302456.9956293}]}, "version": 113}
{"obj": {"type": "LogStrings", "path": ["monitoring", "stdout"], "values": [{"value": "\n", "step": null, "ts": 1639302456.9956293}]}, "version": 114}
{"obj": {"type": "LogFloats", "path": ["network2", "learning_rate"], "values": [{"value": 0.046, "step": null, "ts": 1639302456.9956293}]}, "version": 115}
{"obj": {"type": "LogFloats", "path": ["network2", "train_loss"], "values": [{"value": 0.012757280096411704, "step": null, "ts": 1639302458.130661}]}, "version": 116}
{"obj": {"type": "LogFloats", "path": ["network2", "validation_loss"], "values": [{"value": 0.06941957771778107, "step": null, "ts": 1639302458.23876}]}, "version": 117}
{"obj": {"type": "LogStrings", "path": ["monitoring", "stdout"], "values": [{"value": "Training epoch 17", "step": null, "ts": 1639302458.23876}]}, "version": 118}
{"obj": {"type": "LogStrings", "path": ["monitoring", "stdout"], "values": [{"value": "\n", "step": null, "ts": 1639302458.23876}]}, "version": 119}
{"obj": {"type": "LogFloats", "path": ["network2", "learning_rate"], "values": [{"value": 0.036999999999999984, "step": null, "ts": 1639302458.23876}]}, "version": 120}
{"obj": {"type": "LogFloats", "path": ["network2", "train_loss"], "values": [{"value": 0.012271503917872906, "step": null, "ts": 1639302459.3650093}]}, "version": 121}
{"obj": {"type": "LogFloats", "path": ["network2", "validation_loss"], "values": [{"value": 0.06386291980743408, "step": null, "ts": 1639302459.4751093}]}, "version": 122}
{"obj": {"type": "LogStrings", "path": ["monitoring", "stdout"], "values": [{"value": "Training epoch 18", "step": null, "ts": 1639302459.4751093}]}, "version": 123}
{"obj": {"type": "LogStrings", "path": ["monitoring", "stdout"], "values": [{"value": "\n", "step": null, "ts": 1639302459.4751093}]}, "version": 124}
{"obj": {"type": "LogFloats", "path": ["network2", "learning_rate"], "values": [{"value": 0.028000000000000018, "step": null, "ts": 1639302459.4751093}]}, "version": 125}
{"obj": {"type": "LogFloats", "path": ["network2", "train_loss"], "values": [{"value": 0.011880950909107924, "step": null, "ts": 1639302460.6106968}]}, "version": 126}
{"obj": {"type": "LogFloats", "path": ["network2", "validation_loss"], "values": [{"value": 0.06313774734735489, "step": null, "ts": 1639302460.7197952}]}, "version": 127}
{"obj": {"type": "LogStrings", "path": ["monitoring", "stdout"], "values": [{"value": "Training epoch 19", "step": null, "ts": 1639302460.7197952}]}, "version": 128}
{"obj": {"type": "LogStrings", "path": ["monitoring", "stdout"], "values": [{"value": "\n", "step": null, "ts": 1639302460.7197952}]}, "version": 129}
{"obj": {"type": "LogFloats", "path": ["network2", "learning_rate"], "values": [{"value": 0.01900000000000001, "step": null, "ts": 1639302460.7197952}]}, "version": 130}
{"obj": {"type": "LogFloats", "path": ["network2", "train_loss"], "values": [{"value": 0.011594801954925061, "step": null, "ts": 1639302461.848645}]}, "version": 131}
{"obj": {"type": "LogFloats", "path": ["network2", "validation_loss"], "values": [{"value": 0.06441866606473923, "step": null, "ts": 1639302461.956555}]}, "version": 132}
{"obj": {"type": "LogStrings", "path": ["monitoring", "stdout"], "values": [{"value": "Training epoch 20", "step": null, "ts": 1639302461.957556}]}, "version": 133}
{"obj": {"type": "LogStrings", "path": ["monitoring", "stdout"], "values": [{"value": "\n", "step": null, "ts": 1639302461.957556}]}, "version": 134}
{"obj": {"type": "LogFloats", "path": ["network2", "learning_rate"], "values": [{"value": 0.01, "step": null, "ts": 1639302461.957556}]}, "version": 135}
{"obj": {"type": "LogFloats", "path": ["network2", "train_loss"], "values": [{"value": 0.01142879193648696, "step": null, "ts": 1639302463.0870159}]}, "version": 136}
{"obj": {"type": "LogFloats", "path": ["network2", "validation_loss"], "values": [{"value": 0.06515739858150482, "step": null, "ts": 1639302463.1951137}]}, "version": 137}
{"obj": {"type": "LogStrings", "path": ["monitoring", "stdout"], "values": [{"value": "Training epoch 21", "step": null, "ts": 1639302463.196116}]}, "version": 138}
{"obj": {"type": "LogStrings", "path": ["monitoring", "stdout"], "values": [{"value": "\n", "step": null, "ts": 1639302463.196116}]}, "version": 139}
{"obj": {"type": "LogFloats", "path": ["network2", "learning_rate"], "values": [{"value": 0.01899999999999997, "step": null, "ts": 1639302463.196116}]}, "version": 140}
{"obj": {"type": "LogFloats", "path": ["network2", "train_loss"], "values": [{"value": 0.011299981083720923, "step": null, "ts": 1639302464.3284867}]}, "version": 141}
{"obj": {"type": "LogFloats", "path": ["network2", "validation_loss"], "values": [{"value": 0.06506423652172089, "step": null, "ts": 1639302464.4385872}]}, "version": 142}
{"obj": {"type": "LogStrings", "path": ["monitoring", "stdout"], "values": [{"value": "Training epoch 22", "step": null, "ts": 1639302464.4385872}]}, "version": 143}
{"obj": {"type": "LogStrings", "path": ["monitoring", "stdout"], "values": [{"value": "\n", "step": null, "ts": 1639302464.4395876}]}, "version": 144}
{"obj": {"type": "LogFloats", "path": ["network2", "learning_rate"], "values": [{"value": 0.028000000000000018, "step": null, "ts": 1639302464.4395876}]}, "version": 145}
{"obj": {"type": "LogFloats", "path": ["monitoring", "cpu"], "values": [{"value": 49.8, "step": null, "ts": 1639302465.5408368}]}, "version": 146}
{"obj": {"type": "LogFloats", "path": ["monitoring", "memory"], "values": [{"value": 9.290359497070312, "step": null, "ts": 1639302465.5408368}]}, "version": 147}
{"obj": {"type": "LogFloats", "path": ["monitoring", "gpu"], "values": [{"value": 79.0, "step": null, "ts": 1639302465.5408368}]}, "version": 148}
{"obj": {"type": "LogFloats", "path": ["monitoring", "gpu_memory"], "values": [{"value": 2.559967041015625, "step": null, "ts": 1639302465.5408368}]}, "version": 149}
{"obj": {"type": "LogFloats", "path": ["network2", "train_loss"], "values": [{"value": 0.011130805965512991, "step": null, "ts": 1639302465.569892}]}, "version": 150}
{"obj": {"type": "LogFloats", "path": ["network2", "validation_loss"], "values": [{"value": 0.0647989809513092, "step": null, "ts": 1639302465.6779552}]}, "version": 151}
{"obj": {"type": "LogStrings", "path": ["monitoring", "stdout"], "values": [{"value": "Training epoch 23", "step": null, "ts": 1639302465.6779552}]}, "version": 152}
{"obj": {"type": "LogStrings", "path": ["monitoring", "stdout"], "values": [{"value": "\n", "step": null, "ts": 1639302465.6779552}]}, "version": 153}
{"obj": {"type": "LogFloats", "path": ["network2", "learning_rate"], "values": [{"value": 0.036999999999999984, "step": null, "ts": 1639302465.6779552}]}, "version": 154}
{"obj": {"type": "LogFloats", "path": ["network2", "train_loss"], "values": [{"value": 0.01094584697857499, "step": null, "ts": 1639302466.808995}]}, "version": 155}
{"obj": {"type": "LogFloats", "path": ["network2", "validation_loss"], "values": [{"value": 0.06514318287372589, "step": null, "ts": 1639302466.9173815}]}, "version": 156}
{"obj": {"type": "LogStrings", "path": ["monitoring", "stdout"], "values": [{"value": "Training epoch 24", "step": null, "ts": 1639302466.9173815}]}, "version": 157}
{"obj": {"type": "LogStrings", "path": ["monitoring", "stdout"], "values": [{"value": "\n", "step": null, "ts": 1639302466.9173815}]}, "version": 158}
{"obj": {"type": "LogFloats", "path": ["network2", "learning_rate"], "values": [{"value": 0.04600000000000004, "step": null, "ts": 1639302466.9173815}]}, "version": 159}
{"obj": {"type": "LogFloats", "path": ["network2", "train_loss"], "values": [{"value": 0.010661488864570856, "step": null, "ts": 1639302468.0577114}]}, "version": 160}
{"obj": {"type": "LogFloats", "path": ["network2", "validation_loss"], "values": [{"value": 0.06464914232492447, "step": null, "ts": 1639302468.1678114}]}, "version": 161}
{"obj": {"type": "LogStrings", "path": ["monitoring", "stdout"], "values": [{"value": "Training epoch 25", "step": null, "ts": 1639302468.1688125}]}, "version": 162}
{"obj": {"type": "LogStrings", "path": ["monitoring", "stdout"], "values": [{"value": "\n", "step": null, "ts": 1639302468.1688125}]}, "version": 163}
{"obj": {"type": "LogFloats", "path": ["network2", "learning_rate"], "values": [{"value": 0.05500000000000001, "step": null, "ts": 1639302468.1688125}]}, "version": 164}
{"obj": {"type": "LogFloats", "path": ["network2", "train_loss"], "values": [{"value": 0.01043680589646101, "step": null, "ts": 1639302469.2955973}]}, "version": 165}
{"obj": {"type": "LogFloats", "path": ["network2", "validation_loss"], "values": [{"value": 0.06532793492078781, "step": null, "ts": 1639302469.4046965}]}, "version": 166}
{"obj": {"type": "LogStrings", "path": ["monitoring", "stdout"], "values": [{"value": "Training epoch 26", "step": null, "ts": 1639302469.4046965}]}, "version": 167}
{"obj": {"type": "LogStrings", "path": ["monitoring", "stdout"], "values": [{"value": "\n", "step": null, "ts": 1639302469.4046965}]}, "version": 168}
{"obj": {"type": "LogFloats", "path": ["network2", "learning_rate"], "values": [{"value": 0.06399999999999997, "step": null, "ts": 1639302469.4046965}]}, "version": 169}
{"obj": {"type": "LogFloats", "path": ["network2", "train_loss"], "values": [{"value": 0.010205837432295084, "step": null, "ts": 1639302470.5305107}]}, "version": 170}
{"obj": {"type": "LogFloats", "path": ["network2", "validation_loss"], "values": [{"value": 0.06486804038286209, "step": null, "ts": 1639302470.6376076}]}, "version": 171}
{"obj": {"type": "LogStrings", "path": ["monitoring", "stdout"], "values": [{"value": "Training epoch 27", "step": null, "ts": 1639302470.6376076}]}, "version": 172}
{"obj": {"type": "LogStrings", "path": ["monitoring", "stdout"], "values": [{"value": "\n", "step": null, "ts": 1639302470.638609}]}, "version": 173}
{"obj": {"type": "LogFloats", "path": ["network2", "learning_rate"], "values": [{"value": 0.07300000000000002, "step": null, "ts": 1639302470.638609}]}, "version": 174}
{"obj": {"type": "LogFloats", "path": ["network2", "train_loss"], "values": [{"value": 0.00998684111982584, "step": null, "ts": 1639302471.767141}]}, "version": 175}
{"obj": {"type": "LogFloats", "path": ["network2", "validation_loss"], "values": [{"value": 0.06520192325115204, "step": null, "ts": 1639302471.8762407}]}, "version": 176}
{"obj": {"type": "LogStrings", "path": ["monitoring", "stdout"], "values": [{"value": "Training epoch 28", "step": null, "ts": 1639302471.8762407}]}, "version": 177}
{"obj": {"type": "LogStrings", "path": ["monitoring", "stdout"], "values": [{"value": "\n", "step": null, "ts": 1639302471.8762407}]}, "version": 178}
{"obj": {"type": "LogFloats", "path": ["network2", "learning_rate"], "values": [{"value": 0.08199999999999999, "step": null, "ts": 1639302471.8762407}]}, "version": 179}
{"obj": {"type": "LogFloats", "path": ["network2", "train_loss"], "values": [{"value": 0.009765163157135248, "step": null, "ts": 1639302473.013682}]}, "version": 180}
{"obj": {"type": "LogFloats", "path": ["network2", "validation_loss"], "values": [{"value": 0.0655108392238617, "step": null, "ts": 1639302473.1227841}]}, "version": 181}
{"obj": {"type": "LogStrings", "path": ["monitoring", "stdout"], "values": [{"value": "Training epoch 29", "step": null, "ts": 1639302473.1227841}]}, "version": 182}
{"obj": {"type": "LogStrings", "path": ["monitoring", "stdout"], "values": [{"value": "\n", "step": null, "ts": 1639302473.1227841}]}, "version": 183}
{"obj": {"type": "LogFloats", "path": ["network2", "learning_rate"], "values": [{"value": 0.09100000000000004, "step": null, "ts": 1639302473.1227841}]}, "version": 184}
{"obj": {"type": "LogFloats", "path": ["network2", "train_loss"], "values": [{"value": 0.009537095762789249, "step": null, "ts": 1639302474.2613602}]}, "version": 185}
{"obj": {"type": "LogFloats", "path": ["network2", "validation_loss"], "values": [{"value": 0.06683333218097687, "step": null, "ts": 1639302474.3763466}]}, "version": 186}
{"obj": {"type": "LogStrings", "path": ["monitoring", "stdout"], "values": [{"value": "Training epoch 30", "step": null, "ts": 1639302474.3763466}]}, "version": 187}
{"obj": {"type": "LogStrings", "path": ["monitoring", "stdout"], "values": [{"value": "\n", "step": null, "ts": 1639302474.3763466}]}, "version": 188}
{"obj": {"type": "LogFloats", "path": ["network2", "learning_rate"], "values": [{"value": 0.1, "step": null, "ts": 1639302474.3773472}]}, "version": 189}
{"obj": {"type": "LogFloats", "path": ["network2", "train_loss"], "values": [{"value": 0.009306365437805653, "step": null, "ts": 1639302475.5163348}]}, "version": 190}
{"obj": {"type": "LogFloats", "path": ["monitoring", "cpu"], "values": [{"value": 49.7, "step": null, "ts": 1639302475.5453522}]}, "version": 191}
{"obj": {"type": "LogFloats", "path": ["monitoring", "memory"], "values": [{"value": 9.383064270019531, "step": null, "ts": 1639302475.5453522}]}, "version": 192}
{"obj": {"type": "LogFloats", "path": ["monitoring", "gpu"], "values": [{"value": 73.0, "step": null, "ts": 1639302475.5453522}]}, "version": 193}
{"obj": {"type": "LogFloats", "path": ["monitoring", "gpu_memory"], "values": [{"value": 2.559967041015625, "step": null, "ts": 1639302475.5453522}]}, "version": 194}
{"obj": {"type": "LogFloats", "path": ["network2", "validation_loss"], "values": [{"value": 0.06579034775495529, "step": null, "ts": 1639302475.6249099}]}, "version": 195}
{"obj": {"type": "LogStrings", "path": ["monitoring", "stdout"], "values": [{"value": "Training epoch 31", "step": null, "ts": 1639302475.6249099}]}, "version": 196}
{"obj": {"type": "LogStrings", "path": ["monitoring", "stdout"], "values": [{"value": "\n", "step": null, "ts": 1639302475.6259117}]}, "version": 197}
{"obj": {"type": "LogFloats", "path": ["network2", "learning_rate"], "values": [{"value": 0.09100000000000004, "step": null, "ts": 1639302475.6259117}]}, "version": 198}
{"obj": {"type": "LogFloats", "path": ["network2", "train_loss"], "values": [{"value": 0.009094440098851918, "step": null, "ts": 1639302476.7572262}]}, "version": 199}
{"obj": {"type": "LogFloats", "path": ["network2", "validation_loss"], "values": [{"value": 0.06634073704481125, "step": null, "ts": 1639302476.864127}]}, "version": 200}
{"obj": {"type": "LogStrings", "path": ["monitoring", "stdout"], "values": [{"value": "Training epoch 32", "step": null, "ts": 1639302476.864127}]}, "version": 201}
{"obj": {"type": "LogStrings", "path": ["monitoring", "stdout"], "values": [{"value": "\n", "step": null, "ts": 1639302476.864127}]}, "version": 202}
{"obj": {"type": "LogFloats", "path": ["network2", "learning_rate"], "values": [{"value": 0.08199999999999999, "step": null, "ts": 1639302476.864127}]}, "version": 203}
{"obj": {"type": "LogFloats", "path": ["network2", "train_loss"], "values": [{"value": 0.008825813513249159, "step": null, "ts": 1639302477.9957018}]}, "version": 204}
{"obj": {"type": "LogFloats", "path": ["network2", "validation_loss"], "values": [{"value": 0.06632634997367859, "step": null, "ts": 1639302478.1071029}]}, "version": 205}
{"obj": {"type": "LogStrings", "path": ["monitoring", "stdout"], "values": [{"value": "Training epoch 33", "step": null, "ts": 1639302478.1081045}]}, "version": 206}
{"obj": {"type": "LogStrings", "path": ["monitoring", "stdout"], "values": [{"value": "\n", "step": null, "ts": 1639302478.1081045}]}, "version": 207}
{"obj": {"type": "LogFloats", "path": ["network2", "learning_rate"], "values": [{"value": 0.07300000000000002, "step": null, "ts": 1639302478.1081045}]}, "version": 208}
{"obj": {"type": "LogFloats", "path": ["network2", "train_loss"], "values": [{"value": 0.008601555228233337, "step": null, "ts": 1639302479.2414346}]}, "version": 209}
{"obj": {"type": "LogFloats", "path": ["network2", "validation_loss"], "values": [{"value": 0.0665971040725708, "step": null, "ts": 1639302479.3485315}]}, "version": 210}
{"obj": {"type": "LogStrings", "path": ["monitoring", "stdout"], "values": [{"value": "Training epoch 34", "step": null, "ts": 1639302479.3495324}]}, "version": 211}
{"obj": {"type": "LogStrings", "path": ["monitoring", "stdout"], "values": [{"value": "\n", "step": null, "ts": 1639302479.3495324}]}, "version": 212}
{"obj": {"type": "LogFloats", "path": ["network2", "learning_rate"], "values": [{"value": 0.06399999999999997, "step": null, "ts": 1639302479.3495324}]}, "version": 213}
{"obj": {"type": "LogFloats", "path": ["network2", "train_loss"], "values": [{"value": 0.00832709139212966, "step": null, "ts": 1639302480.480846}]}, "version": 214}
{"obj": {"type": "LogFloats", "path": ["network2", "validation_loss"], "values": [{"value": 0.06562421470880508, "step": null, "ts": 1639302480.5879433}]}, "version": 215}
{"obj": {"type": "LogStrings", "path": ["monitoring", "stdout"], "values": [{"value": "Training epoch 35", "step": null, "ts": 1639302480.5879433}]}, "version": 216}
{"obj": {"type": "LogStrings", "path": ["monitoring", "stdout"], "values": [{"value": "\n", "step": null, "ts": 1639302480.5879433}]}, "version": 217}
{"obj": {"type": "LogFloats", "path": ["network2", "learning_rate"], "values": [{"value": 0.05500000000000001, "step": null, "ts": 1639302480.5879433}]}, "version": 218}
{"obj": {"type": "LogFloats", "path": ["network2", "train_loss"], "values": [{"value": 0.008052913378924132, "step": null, "ts": 1639302481.7147753}]}, "version": 219}
{"obj": {"type": "LogFloats", "path": ["network2", "validation_loss"], "values": [{"value": 0.06791072338819504, "step": null, "ts": 1639302481.833883}]}, "version": 220}
{"obj": {"type": "LogStrings", "path": ["monitoring", "stdout"], "values": [{"value": "Training epoch 36", "step": null, "ts": 1639302481.8348844}]}, "version": 221}
{"obj": {"type": "LogStrings", "path": ["monitoring", "stdout"], "values": [{"value": "\n", "step": null, "ts": 1639302481.8348844}]}, "version": 222}
{"obj": {"type": "LogFloats", "path": ["network2", "learning_rate"], "values": [{"value": 0.04600000000000004, "step": null, "ts": 1639302481.8348844}]}, "version": 223}
{"obj": {"type": "LogFloats", "path": ["network2", "train_loss"], "values": [{"value": 0.0078381790779531, "step": null, "ts": 1639302482.973209}]}, "version": 224}
{"obj": {"type": "LogFloats", "path": ["network2", "validation_loss"], "values": [{"value": 0.0662432461977005, "step": null, "ts": 1639302483.0825982}]}, "version": 225}
{"obj": {"type": "LogStrings", "path": ["monitoring", "stdout"], "values": [{"value": "Training epoch 37", "step": null, "ts": 1639302483.0825982}]}, "version": 226}
{"obj": {"type": "LogStrings", "path": ["monitoring", "stdout"], "values": [{"value": "\n", "step": null, "ts": 1639302483.083599}]}, "version": 227}
{"obj": {"type": "LogFloats", "path": ["network2", "learning_rate"], "values": [{"value": 0.036999999999999984, "step": null, "ts": 1639302483.083599}]}, "version": 228}
{"obj": {"type": "LogFloats", "path": ["network2", "train_loss"], "values": [{"value": 0.007559146918356419, "step": null, "ts": 1639302484.2239282}]}, "version": 229}
{"obj": {"type": "LogFloats", "path": ["network2", "validation_loss"], "values": [{"value": 0.0672324150800705, "step": null, "ts": 1639302484.3350294}]}, "version": 230}
{"obj": {"type": "LogStrings", "path": ["monitoring", "stdout"], "values": [{"value": "Training epoch 38", "step": null, "ts": 1639302484.3350294}]}, "version": 231}
{"obj": {"type": "LogStrings", "path": ["monitoring", "stdout"], "values": [{"value": "\n", "step": null, "ts": 1639302484.3350294}]}, "version": 232}
{"obj": {"type": "LogFloats", "path": ["network2", "learning_rate"], "values": [{"value": 0.028000000000000018, "step": null, "ts": 1639302484.3350294}]}, "version": 233}
{"obj": {"type": "LogFloats", "path": ["network2", "train_loss"], "values": [{"value": 0.0073352319188416, "step": null, "ts": 1639302485.4713438}]}, "version": 234}
{"obj": {"type": "LogFloats", "path": ["monitoring", "cpu"], "values": [{"value": 50.8, "step": null, "ts": 1639302485.557422}]}, "version": 235}
{"obj": {"type": "LogFloats", "path": ["monitoring", "memory"], "values": [{"value": 9.449317932128906, "step": null, "ts": 1639302485.557422}]}, "version": 236}
{"obj": {"type": "LogFloats", "path": ["monitoring", "gpu"], "values": [{"value": 80.0, "step": null, "ts": 1639302485.557422}]}, "version": 237}
{"obj": {"type": "LogFloats", "path": ["monitoring", "gpu_memory"], "values": [{"value": 2.559967041015625, "step": null, "ts": 1639302485.557422}]}, "version": 238}
{"obj": {"type": "LogFloats", "path": ["network2", "validation_loss"], "values": [{"value": 0.06754922866821289, "step": null, "ts": 1639302485.585447}]}, "version": 239}
{"obj": {"type": "LogStrings", "path": ["monitoring", "stdout"], "values": [{"value": "Training epoch 39", "step": null, "ts": 1639302485.5864482}]}, "version": 240}
{"obj": {"type": "LogStrings", "path": ["monitoring", "stdout"], "values": [{"value": "\n", "step": null, "ts": 1639302485.5864482}]}, "version": 241}
{"obj": {"type": "LogFloats", "path": ["network2", "learning_rate"], "values": [{"value": 0.01899999999999997, "step": null, "ts": 1639302485.5864482}]}, "version": 242}
{"obj": {"type": "LogFloats", "path": ["network2", "train_loss"], "values": [{"value": 0.00716090789064765, "step": null, "ts": 1639302486.729824}]}, "version": 243}
{"obj": {"type": "LogFloats", "path": ["network2", "validation_loss"], "values": [{"value": 0.06750158965587616, "step": null, "ts": 1639302486.8389225}]}, "version": 244}
{"obj": {"type": "LogStrings", "path": ["monitoring", "stdout"], "values": [{"value": "Training epoch 40", "step": null, "ts": 1639302486.8389225}]}, "version": 245}
{"obj": {"type": "LogStrings", "path": ["monitoring", "stdout"], "values": [{"value": "\n", "step": null, "ts": 1639302486.8389225}]}, "version": 246}
{"obj": {"type": "LogFloats", "path": ["network2", "learning_rate"], "values": [{"value": 0.01, "step": null, "ts": 1639302486.8389225}]}, "version": 247}
{"obj": {"type": "LogFloats", "path": ["network2", "train_loss"], "values": [{"value": 0.0070448887534439565, "step": null, "ts": 1639302487.9717083}]}, "version": 248}
{"obj": {"type": "LogFloats", "path": ["network2", "validation_loss"], "values": [{"value": 0.06777466088533401, "step": null, "ts": 1639302488.0808141}]}, "version": 249}
{"obj": {"type": "LogStrings", "path": ["monitoring", "stdout"], "values": [{"value": "Training epoch 41", "step": null, "ts": 1639302488.0808141}]}, "version": 250}
{"obj": {"type": "LogStrings", "path": ["monitoring", "stdout"], "values": [{"value": "\n", "step": null, "ts": 1639302488.0818148}]}, "version": 251}
{"obj": {"type": "LogFloats", "path": ["network2", "learning_rate"], "values": [{"value": 0.01899999999999997, "step": null, "ts": 1639302488.0818148}]}, "version": 252}
{"obj": {"type": "LogFloats", "path": ["network2", "train_loss"], "values": [{"value": 0.006965080555528402, "step": null, "ts": 1639302489.2186108}]}, "version": 253}
{"obj": {"type": "LogFloats", "path": ["network2", "validation_loss"], "values": [{"value": 0.06780531257390976, "step": null, "ts": 1639302489.3277097}]}, "version": 254}
{"obj": {"type": "LogStrings", "path": ["monitoring", "stdout"], "values": [{"value": "Training epoch 42", "step": null, "ts": 1639302489.3287106}]}, "version": 255}
{"obj": {"type": "LogStrings", "path": ["monitoring", "stdout"], "values": [{"value": "\n", "step": null, "ts": 1639302489.3287106}]}, "version": 256}
{"obj": {"type": "LogFloats", "path": ["network2", "learning_rate"], "values": [{"value": 0.028000000000000018, "step": null, "ts": 1639302489.3287106}]}, "version": 257}
{"obj": {"type": "LogFloats", "path": ["network2", "train_loss"], "values": [{"value": 0.006836822349578142, "step": null, "ts": 1639302490.4710221}]}, "version": 258}
{"obj": {"type": "LogFloats", "path": ["network2", "validation_loss"], "values": [{"value": 0.0677613690495491, "step": null, "ts": 1639302490.5811224}]}, "version": 259}
{"obj": {"type": "LogStrings", "path": ["monitoring", "stdout"], "values": [{"value": "Training epoch 43", "step": null, "ts": 1639302490.5811224}]}, "version": 260}
{"obj": {"type": "LogStrings", "path": ["monitoring", "stdout"], "values": [{"value": "\n", "step": null, "ts": 1639302490.5811224}]}, "version": 261}
{"obj": {"type": "LogFloats", "path": ["network2", "learning_rate"], "values": [{"value": 0.036999999999999984, "step": null, "ts": 1639302490.5811224}]}, "version": 262}
{"obj": {"type": "LogFloats", "path": ["network2", "train_loss"], "values": [{"value": 0.006639951094985008, "step": null, "ts": 1639302491.7186382}]}, "version": 263}
{"obj": {"type": "LogFloats", "path": ["network2", "validation_loss"], "values": [{"value": 0.06825029104948044, "step": null, "ts": 1639302491.8257349}]}, "version": 264}
{"obj": {"type": "LogStrings", "path": ["monitoring", "stdout"], "values": [{"value": "Training epoch 44", "step": null, "ts": 1639302491.826736}]}, "version": 265}
{"obj": {"type": "LogStrings", "path": ["monitoring", "stdout"], "values": [{"value": "\n", "step": null, "ts": 1639302491.826736}]}, "version": 266}
{"obj": {"type": "LogFloats", "path": ["network2", "learning_rate"], "values": [{"value": 0.04600000000000004, "step": null, "ts": 1639302491.826736}]}, "version": 267}
{"obj": {"type": "LogFloats", "path": ["network2", "train_loss"], "values": [{"value": 0.006477726623415947, "step": null, "ts": 1639302492.9627428}]}, "version": 268}
{"obj": {"type": "LogFloats", "path": ["network2", "validation_loss"], "values": [{"value": 0.06877130270004272, "step": null, "ts": 1639302493.071842}]}, "version": 269}
{"obj": {"type": "LogStrings", "path": ["monitoring", "stdout"], "values": [{"value": "Training epoch 45", "step": null, "ts": 1639302493.072843}]}, "version": 270}
{"obj": {"type": "LogStrings", "path": ["monitoring", "stdout"], "values": [{"value": "\n", "step": null, "ts": 1639302493.072843}]}, "version": 271}
{"obj": {"type": "LogFloats", "path": ["network2", "learning_rate"], "values": [{"value": 0.05500000000000001, "step": null, "ts": 1639302493.072843}]}, "version": 272}
{"obj": {"type": "LogFloats", "path": ["network2", "train_loss"], "values": [{"value": 0.00627580089494586, "step": null, "ts": 1639302494.2134125}]}, "version": 273}
{"obj": {"type": "LogFloats", "path": ["network2", "validation_loss"], "values": [{"value": 0.06923703104257584, "step": null, "ts": 1639302494.3268275}]}, "version": 274}
{"obj": {"type": "LogStrings", "path": ["monitoring", "stdout"], "values": [{"value": "Training epoch 46", "step": null, "ts": 1639302494.3268275}]}, "version": 275}
{"obj": {"type": "LogStrings", "path": ["monitoring", "stdout"], "values": [{"value": "\n", "step": null, "ts": 1639302494.3278282}]}, "version": 276}
{"obj": {"type": "LogFloats", "path": ["network2", "learning_rate"], "values": [{"value": 0.06399999999999997, "step": null, "ts": 1639302494.3278282}]}, "version": 277}
{"obj": {"type": "LogFloats", "path": ["network2", "train_loss"], "values": [{"value": 0.006078195665031672, "step": null, "ts": 1639302495.4629207}]}, "version": 278}
{"obj": {"type": "LogFloats", "path": ["monitoring", "cpu"], "values": [{"value": 50.4, "step": null, "ts": 1639302495.5607088}]}, "version": 279}
{"obj": {"type": "LogFloats", "path": ["monitoring", "memory"], "values": [{"value": 9.425174713134766, "step": null, "ts": 1639302495.5607088}]}, "version": 280}
{"obj": {"type": "LogFloats", "path": ["monitoring", "gpu"], "values": [{"value": 99.0, "step": null, "ts": 1639302495.5607088}]}, "version": 281}
{"obj": {"type": "LogFloats", "path": ["monitoring", "gpu_memory"], "values": [{"value": 2.559967041015625, "step": null, "ts": 1639302495.5607088}]}, "version": 282}
{"obj": {"type": "LogFloats", "path": ["network2", "validation_loss"], "values": [{"value": 0.06856262683868408, "step": null, "ts": 1639302495.571719}]}, "version": 283}
{"obj": {"type": "LogStrings", "path": ["monitoring", "stdout"], "values": [{"value": "Training epoch 47", "step": null, "ts": 1639302495.571719}]}, "version": 284}
{"obj": {"type": "LogStrings", "path": ["monitoring", "stdout"], "values": [{"value": "\n", "step": null, "ts": 1639302495.571719}]}, "version": 285}
{"obj": {"type": "LogFloats", "path": ["network2", "learning_rate"], "values": [{"value": 0.07300000000000002, "step": null, "ts": 1639302495.571719}]}, "version": 286}
{"obj": {"type": "LogFloats", "path": ["network2", "train_loss"], "values": [{"value": 0.005946504045277834, "step": null, "ts": 1639302496.705308}]}, "version": 287}
{"obj": {"type": "LogFloats", "path": ["network2", "validation_loss"], "values": [{"value": 0.06954144686460495, "step": null, "ts": 1639302496.814563}]}, "version": 288}
{"obj": {"type": "LogStrings", "path": ["monitoring", "stdout"], "values": [{"value": "Training epoch 48", "step": null, "ts": 1639302496.815564}]}, "version": 289}
{"obj": {"type": "LogStrings", "path": ["monitoring", "stdout"], "values": [{"value": "\n", "step": null, "ts": 1639302496.815564}]}, "version": 290}
{"obj": {"type": "LogFloats", "path": ["network2", "learning_rate"], "values": [{"value": 0.08199999999999999, "step": null, "ts": 1639302496.815564}]}, "version": 291}
{"obj": {"type": "LogFloats", "path": ["network2", "train_loss"], "values": [{"value": 0.005769112519919873, "step": null, "ts": 1639302497.9559083}]}, "version": 292}
{"obj": {"type": "LogFloats", "path": ["network2", "validation_loss"], "values": [{"value": 0.06940684467554092, "step": null, "ts": 1639302498.0610037}]}, "version": 293}
{"obj": {"type": "LogStrings", "path": ["monitoring", "stdout"], "values": [{"value": "Training epoch 49", "step": null, "ts": 1639302498.0610037}]}, "version": 294}
{"obj": {"type": "LogStrings", "path": ["monitoring", "stdout"], "values": [{"value": "\n", "step": null, "ts": 1639302498.0610037}]}, "version": 295}
{"obj": {"type": "LogFloats", "path": ["network2", "learning_rate"], "values": [{"value": 0.09100000000000004, "step": null, "ts": 1639302498.0620048}]}, "version": 296}
{"obj": {"type": "LogFloats", "path": ["network2", "train_loss"], "values": [{"value": 0.005645390274003148, "step": null, "ts": 1639302499.2006924}]}, "version": 297}
{"obj": {"type": "LogFloats", "path": ["network2", "validation_loss"], "values": [{"value": 0.07011415809392929, "step": null, "ts": 1639302499.3150802}]}, "version": 298}
{"obj": {"type": "UploadFile", "path": ["network2", "network_weights"], "ext": "pt", "file_path": "C:\\Users\\Marc\\Desktop\\Billeder\\params\\GTA_Unet_test.pt"}, "version": 299}
{"obj": {"type": "LogStrings", "path": ["monitoring", "stdout"], "values": [{"value": "test count:", "step": null, "ts": 1639302499.5995436}]}, "version": 300}
{"obj": {"type": "LogStrings", "path": ["monitoring", "stdout"], "values": [{"value": " ", "step": null, "ts": 1639302499.5995436}]}, "version": 301}
{"obj": {"type": "LogStrings", "path": ["monitoring", "stdout"], "values": [{"value": "1", "step": null, "ts": 1639302499.5995436}]}, "version": 302}
{"obj": {"type": "LogStrings", "path": ["monitoring", "stdout"], "values": [{"value": "\n", "step": null, "ts": 1639302499.5995436}]}, "version": 303}
{"obj": {"type": "LogStrings", "path": ["monitoring", "stdout"], "values": [{"value": "test count:", "step": null, "ts": 1639302500.6901054}]}, "version": 304}
{"obj": {"type": "LogStrings", "path": ["monitoring", "stdout"], "values": [{"value": " ", "step": null, "ts": 1639302500.6901054}]}, "version": 305}
{"obj": {"type": "LogStrings", "path": ["monitoring", "stdout"], "values": [{"value": "2", "step": null, "ts": 1639302500.6901054}]}, "version": 306}
{"obj": {"type": "LogStrings", "path": ["monitoring", "stdout"], "values": [{"value": "\n", "step": null, "ts": 1639302500.691106}]}, "version": 307}
{"obj": {"type": "LogStrings", "path": ["monitoring", "stdout"], "values": [{"value": "test count:", "step": null, "ts": 1639302501.8109717}]}, "version": 308}
{"obj": {"type": "LogStrings", "path": ["monitoring", "stdout"], "values": [{"value": " ", "step": null, "ts": 1639302501.8109717}]}, "version": 309}
{"obj": {"type": "LogStrings", "path": ["monitoring", "stdout"], "values": [{"value": "3", "step": null, "ts": 1639302501.8109717}]}, "version": 310}
{"obj": {"type": "LogStrings", "path": ["monitoring", "stdout"], "values": [{"value": "\n", "step": null, "ts": 1639302501.8109717}]}, "version": 311}
{"obj": {"type": "LogStrings", "path": ["monitoring", "stdout"], "values": [{"value": "test count:", "step": null, "ts": 1639302502.9350998}]}, "version": 312}
{"obj": {"type": "LogStrings", "path": ["monitoring", "stdout"], "values": [{"value": " ", "step": null, "ts": 1639302502.9350998}]}, "version": 313}
{"obj": {"type": "LogStrings", "path": ["monitoring", "stdout"], "values": [{"value": "4", "step": null, "ts": 1639302502.9361012}]}, "version": 314}
{"obj": {"type": "LogStrings", "path": ["monitoring", "stdout"], "values": [{"value": "\n", "step": null, "ts": 1639302502.9361012}]}, "version": 315}
{"obj": {"type": "LogStrings", "path": ["monitoring", "stdout"], "values": [{"value": "test count:", "step": null, "ts": 1639302504.0562472}]}, "version": 316}
{"obj": {"type": "LogStrings", "path": ["monitoring", "stdout"], "values": [{"value": " ", "step": null, "ts": 1639302504.057249}]}, "version": 317}
{"obj": {"type": "LogStrings", "path": ["monitoring", "stdout"], "values": [{"value": "5", "step": null, "ts": 1639302504.057249}]}, "version": 318}
{"obj": {"type": "LogStrings", "path": ["monitoring", "stdout"], "values": [{"value": "\n", "step": null, "ts": 1639302504.057249}]}, "version": 319}
{"obj": {"type": "LogStrings", "path": ["monitoring", "stdout"], "values": [{"value": "test count:", "step": null, "ts": 1639302505.2122967}]}, "version": 320}
{"obj": {"type": "LogStrings", "path": ["monitoring", "stdout"], "values": [{"value": " ", "step": null, "ts": 1639302505.2132974}]}, "version": 321}
{"obj": {"type": "LogStrings", "path": ["monitoring", "stdout"], "values": [{"value": "6", "step": null, "ts": 1639302505.2132974}]}, "version": 322}
{"obj": {"type": "LogStrings", "path": ["monitoring", "stdout"], "values": [{"value": "\n", "step": null, "ts": 1639302505.2132974}]}, "version": 323}
{"obj": {"type": "LogFloats", "path": ["monitoring", "cpu"], "values": [{"value": 35.4, "step": null, "ts": 1639302505.572624}]}, "version": 324}
{"obj": {"type": "LogFloats", "path": ["monitoring", "memory"], "values": [{"value": 9.460037231445312, "step": null, "ts": 1639302505.572624}]}, "version": 325}
{"obj": {"type": "LogFloats", "path": ["monitoring", "gpu_memory"], "values": [{"value": 2.559967041015625, "step": null, "ts": 1639302505.572624}]}, "version": 326}
{"obj": {"type": "LogStrings", "path": ["monitoring", "stdout"], "values": [{"value": "test count:", "step": null, "ts": 1639302506.3963702}]}, "version": 327}
{"obj": {"type": "LogStrings", "path": ["monitoring", "stdout"], "values": [{"value": " ", "step": null, "ts": 1639302506.3963702}]}, "version": 328}
{"obj": {"type": "LogStrings", "path": ["monitoring", "stdout"], "values": [{"value": "7", "step": null, "ts": 1639302506.3963702}]}, "version": 329}
{"obj": {"type": "LogStrings", "path": ["monitoring", "stdout"], "values": [{"value": "\n", "step": null, "ts": 1639302506.3963702}]}, "version": 330}
{"obj": {"type": "LogStrings", "path": ["monitoring", "stdout"], "values": [{"value": "test count:", "step": null, "ts": 1639302507.514385}]}, "version": 331}
{"obj": {"type": "LogStrings", "path": ["monitoring", "stdout"], "values": [{"value": " ", "step": null, "ts": 1639302507.514385}]}, "version": 332}
{"obj": {"type": "LogStrings", "path": ["monitoring", "stdout"], "values": [{"value": "8", "step": null, "ts": 1639302507.514385}]}, "version": 333}
{"obj": {"type": "LogStrings", "path": ["monitoring", "stdout"], "values": [{"value": "\n", "step": null, "ts": 1639302507.514385}]}, "version": 334}
{"obj": {"type": "LogStrings", "path": ["monitoring", "stdout"], "values": [{"value": "test count:", "step": null, "ts": 1639302508.6437309}]}, "version": 335}
{"obj": {"type": "LogStrings", "path": ["monitoring", "stdout"], "values": [{"value": " ", "step": null, "ts": 1639302508.644732}]}, "version": 336}
{"obj": {"type": "LogStrings", "path": ["monitoring", "stdout"], "values": [{"value": "9", "step": null, "ts": 1639302508.644732}]}, "version": 337}
{"obj": {"type": "LogStrings", "path": ["monitoring", "stdout"], "values": [{"value": "\n", "step": null, "ts": 1639302508.644732}]}, "version": 338}
{"obj": {"type": "LogStrings", "path": ["monitoring", "stdout"], "values": [{"value": "test count:", "step": null, "ts": 1639302509.7840524}]}, "version": 339}
{"obj": {"type": "LogStrings", "path": ["monitoring", "stdout"], "values": [{"value": " ", "step": null, "ts": 1639302509.7840524}]}, "version": 340}
{"obj": {"type": "LogStrings", "path": ["monitoring", "stdout"], "values": [{"value": "10", "step": null, "ts": 1639302509.7840524}]}, "version": 341}
{"obj": {"type": "LogStrings", "path": ["monitoring", "stdout"], "values": [{"value": "\n", "step": null, "ts": 1639302509.7840524}]}, "version": 342}
{"obj": {"type": "LogStrings", "path": ["monitoring", "stdout"], "values": [{"value": "0.7340277777777777", "step": null, "ts": 1639302510.8464372}]}, "version": 343}
{"obj": {"type": "LogStrings", "path": ["monitoring", "stdout"], "values": [{"value": "\n", "step": null, "ts": 1639302510.8464372}]}, "version": 344}
{"obj": {"type": "LogFloats", "path": ["network2", "test_accuracy_per_pic"], "values": [{"value": 0.7369444444444444, "step": null, "ts": 1639302510.8464372}, {"value": 0.7136111111111111, "step": null, "ts": 1639302510.8464372}, {"value": 0.7583333333333333, "step": null, "ts": 1639302510.8464372}, {"value": 0.6833333333333333, "step": null, "ts": 1639302510.8464372}, {"value": 0.7680555555555556, "step": null, "ts": 1639302510.8464372}, {"value": 0.7572222222222222, "step": null, "ts": 1639302510.8464372}, {"value": 0.7480555555555556, "step": null, "ts": 1639302510.8464372}, {"value": 0.7394444444444445, "step": null, "ts": 1639302510.8464372}, {"value": 0.6563888888888889, "step": null, "ts": 1639302510.8464372}, {"value": 0.7788888888888889, "step": null, "ts": 1639302510.8464372}]}, "version": 345}
{"obj": {"type": "LogFloats", "path": ["network2", "mean_test_accuracy"], "values": [{"value": 0.7340277777777777, "step": null, "ts": 1639302510.8464372}]}, "version": 346}
