{"obj": {"type": "AssignString", "path": ["sys", "name"], "value": "Untitled"}, "version": 1}
{"obj": {"type": "AssignString", "path": ["sys", "description"], "value": ""}, "version": 2}
{"obj": {"type": "AssignString", "path": ["sys", "hostname"], "value": "DESKTOP-SDMAFDQ"}, "version": 3}
{"obj": {"type": "AssignBool", "path": ["sys", "failed"], "value": false}, "version": 4}
{"obj": {"type": "ClearStringLog", "path": ["monitoring", "stdout"]}, "version": 5}
{"obj": {"type": "ClearStringLog", "path": ["monitoring", "stderr"]}, "version": 6}
{"obj": {"type": "AssignString", "path": ["source_code", "entrypoint"], "value": "townetfortom.py"}, "version": 7}
{"obj": {"type": "UploadFileSet", "path": ["source_code", "files"], "file_globs": ["C:\\Users\\Marc\\Documents\\GitHub\\Deep_final\\townetfortom.py"], "reset": "False"}, "version": 8}
{"obj": {"type": "ConfigFloatSeries", "path": ["monitoring", "cpu"], "min": 0.0, "max": 100.0, "unit": "%"}, "version": 9}
{"obj": {"type": "ClearFloatLog", "path": ["monitoring", "cpu"]}, "version": 10}
{"obj": {"type": "ConfigFloatSeries", "path": ["monitoring", "memory"], "min": 0.0, "max": 15.387199401855469, "unit": "GB"}, "version": 11}
{"obj": {"type": "ClearFloatLog", "path": ["monitoring", "memory"]}, "version": 12}
{"obj": {"type": "ConfigFloatSeries", "path": ["monitoring", "gpu"], "min": 0.0, "max": 100.0, "unit": "%"}, "version": 13}
{"obj": {"type": "ClearFloatLog", "path": ["monitoring", "gpu"]}, "version": 14}
{"obj": {"type": "ConfigFloatSeries", "path": ["monitoring", "gpu_memory"], "min": 0.0, "max": 4.0, "unit": "GB"}, "version": 15}
{"obj": {"type": "ClearFloatLog", "path": ["monitoring", "gpu_memory"]}, "version": 16}
{"obj": {"type": "AssignString", "path": ["network_cycl", "parameters", "optimizer"], "value": "SGD"}, "version": 17}
{"obj": {"type": "AssignFloat", "path": ["network_cycl", "parameters", "optimizer_momentum"], "value": 0.9}, "version": 18}
{"obj": {"type": "AssignFloat", "path": ["network_cycl", "parameters", "optimizer_learning_rate"], "value": 0.1}, "version": 19}
{"obj": {"type": "AssignString", "path": ["network_cycl", "parameters", "loss_function"], "value": "MSEloss"}, "version": 20}
{"obj": {"type": "AssignString", "path": ["network_cycl", "parameters", "model"], "value": "GTA_Unet"}, "version": 21}
{"obj": {"type": "AssignString", "path": ["network_cycl", "parameters", "scheduler"], "value": "CyclicLR"}, "version": 22}
{"obj": {"type": "AssignFloat", "path": ["network_cycl", "parameters", "scheduler_base_lr"], "value": 0.001}, "version": 23}
{"obj": {"type": "AssignFloat", "path": ["network_cycl", "parameters", "scheduler_max_lr"], "value": 1.5}, "version": 24}
{"obj": {"type": "AssignInt", "path": ["network_cycl", "parameters", "scheduler_step_size_up"], "value": 10}, "version": 25}
{"obj": {"type": "LogFloats", "path": ["monitoring", "cpu"], "values": [{"value": 8.5, "step": null, "ts": 1639564317.6748216}]}, "version": 26}
{"obj": {"type": "LogFloats", "path": ["monitoring", "memory"], "values": [{"value": 7.286815643310547, "step": null, "ts": 1639564317.6748216}]}, "version": 27}
{"obj": {"type": "LogFloats", "path": ["monitoring", "gpu_memory"], "values": [{"value": 0.051025390625, "step": null, "ts": 1639564317.6748216}]}, "version": 28}
{"obj": {"type": "LogStrings", "path": ["monitoring", "stdout"], "values": [{"value": "Training epoch 0", "step": null, "ts": 1639564317.8900182}]}, "version": 29}
{"obj": {"type": "LogStrings", "path": ["monitoring", "stdout"], "values": [{"value": "\n", "step": null, "ts": 1639564317.8900182}]}, "version": 30}
{"obj": {"type": "LogFloats", "path": ["network_cycl", "learning_rate"], "values": [{"value": 0.001, "step": null, "ts": 1639564317.8910193}]}, "version": 31}
{"obj": {"type": "LogFloats", "path": ["network_cycl", "train_loss"], "values": [{"value": 0.10005656443536282, "step": null, "ts": 1639564321.2213385}]}, "version": 32}
{"obj": {"type": "LogFloats", "path": ["network_cycl", "validation_mean_acc"], "values": [{"value": 0.061304166666666667, "step": null, "ts": 1639564321.6981773}]}, "version": 33}
{"obj": {"type": "LogFloats", "path": ["network_cycl", "validation_loss"], "values": [{"value": 0.101108618080616, "step": null, "ts": 1639564321.6991782}]}, "version": 34}
{"obj": {"type": "LogStrings", "path": ["monitoring", "stdout"], "values": [{"value": "Training epoch 1", "step": null, "ts": 1639564321.6991782}]}, "version": 35}
{"obj": {"type": "LogStrings", "path": ["monitoring", "stdout"], "values": [{"value": "\n", "step": null, "ts": 1639564321.6991782}]}, "version": 36}
{"obj": {"type": "LogFloats", "path": ["network_cycl", "learning_rate"], "values": [{"value": 0.15090000000000015, "step": null, "ts": 1639564321.6991782}]}, "version": 37}
{"obj": {"type": "LogFloats", "path": ["network_cycl", "train_loss"], "values": [{"value": 0.07948421034961939, "step": null, "ts": 1639564323.4988115}]}, "version": 38}
{"obj": {"type": "LogFloats", "path": ["network_cycl", "validation_mean_acc"], "values": [{"value": 0.47231666666666666, "step": null, "ts": 1639564323.9662359}]}, "version": 39}
{"obj": {"type": "LogFloats", "path": ["network_cycl", "validation_loss"], "values": [{"value": 0.07139403186738491, "step": null, "ts": 1639564323.9672365}]}, "version": 40}
{"obj": {"type": "LogStrings", "path": ["monitoring", "stdout"], "values": [{"value": "Training epoch 2", "step": null, "ts": 1639564323.9672365}]}, "version": 41}
{"obj": {"type": "LogStrings", "path": ["monitoring", "stdout"], "values": [{"value": "\n", "step": null, "ts": 1639564323.9672365}]}, "version": 42}
{"obj": {"type": "LogFloats", "path": ["network_cycl", "learning_rate"], "values": [{"value": 0.3008000000000003, "step": null, "ts": 1639564323.9672365}]}, "version": 43}
{"obj": {"type": "LogFloats", "path": ["network_cycl", "train_loss"], "values": [{"value": 0.04158457834273577, "step": null, "ts": 1639564325.7808821}]}, "version": 44}
{"obj": {"type": "LogFloats", "path": ["network_cycl", "validation_mean_acc"], "values": [{"value": 0.6226083333333333, "step": null, "ts": 1639564326.2673242}]}, "version": 45}
{"obj": {"type": "LogFloats", "path": ["network_cycl", "validation_loss"], "values": [{"value": 0.06281666364520788, "step": null, "ts": 1639564326.2673242}]}, "version": 46}
{"obj": {"type": "LogStrings", "path": ["monitoring", "stdout"], "values": [{"value": "Training epoch 3", "step": null, "ts": 1639564326.2673242}]}, "version": 47}
{"obj": {"type": "LogStrings", "path": ["monitoring", "stdout"], "values": [{"value": "\n", "step": null, "ts": 1639564326.2673242}]}, "version": 48}
{"obj": {"type": "LogFloats", "path": ["network_cycl", "learning_rate"], "values": [{"value": 0.45069999999999977, "step": null, "ts": 1639564326.2673242}]}, "version": 49}
{"obj": {"type": "LogFloats", "path": ["monitoring", "cpu"], "values": [{"value": 41.6, "step": null, "ts": 1639564327.6883054}]}, "version": 50}
{"obj": {"type": "LogFloats", "path": ["monitoring", "memory"], "values": [{"value": 8.855640411376953, "step": null, "ts": 1639564327.6883054}]}, "version": 51}
{"obj": {"type": "LogFloats", "path": ["monitoring", "gpu"], "values": [{"value": 72.0, "step": null, "ts": 1639564327.6883054}]}, "version": 52}
{"obj": {"type": "LogFloats", "path": ["monitoring", "gpu_memory"], "values": [{"value": 2.673248291015625, "step": null, "ts": 1639564327.6883054}]}, "version": 53}
{"obj": {"type": "LogFloats", "path": ["network_cycl", "train_loss"], "values": [{"value": 0.03443613927811384, "step": null, "ts": 1639564328.0723894}]}, "version": 54}
{"obj": {"type": "LogFloats", "path": ["network_cycl", "validation_mean_acc"], "values": [{"value": 0.6099375, "step": null, "ts": 1639564328.541341}]}, "version": 55}
{"obj": {"type": "LogFloats", "path": ["network_cycl", "validation_loss"], "values": [{"value": 0.06076852045953274, "step": null, "ts": 1639564328.5423422}]}, "version": 56}
{"obj": {"type": "LogStrings", "path": ["monitoring", "stdout"], "values": [{"value": "Training epoch 4", "step": null, "ts": 1639564328.5423422}]}, "version": 57}
{"obj": {"type": "LogStrings", "path": ["monitoring", "stdout"], "values": [{"value": "\n", "step": null, "ts": 1639564328.5423422}]}, "version": 58}
{"obj": {"type": "LogFloats", "path": ["network_cycl", "learning_rate"], "values": [{"value": 0.6005999999999999, "step": null, "ts": 1639564328.5423422}]}, "version": 59}
{"obj": {"type": "LogFloats", "path": ["network_cycl", "train_loss"], "values": [{"value": 0.03150246571749449, "step": null, "ts": 1639564330.341475}]}, "version": 60}
{"obj": {"type": "LogFloats", "path": ["network_cycl", "validation_mean_acc"], "values": [{"value": 0.5653833333333333, "step": null, "ts": 1639564330.8159056}]}, "version": 61}
{"obj": {"type": "LogFloats", "path": ["network_cycl", "validation_loss"], "values": [{"value": 0.06934023834764957, "step": null, "ts": 1639564330.8159056}]}, "version": 62}
{"obj": {"type": "LogStrings", "path": ["monitoring", "stdout"], "values": [{"value": "Training epoch 5", "step": null, "ts": 1639564330.8169065}]}, "version": 63}
{"obj": {"type": "LogStrings", "path": ["monitoring", "stdout"], "values": [{"value": "\n", "step": null, "ts": 1639564330.8169065}]}, "version": 64}
{"obj": {"type": "LogFloats", "path": ["network_cycl", "learning_rate"], "values": [{"value": 0.7505000000000001, "step": null, "ts": 1639564330.8169065}]}, "version": 65}
{"obj": {"type": "LogFloats", "path": ["network_cycl", "train_loss"], "values": [{"value": 0.031246004160493612, "step": null, "ts": 1639564332.6285503}]}, "version": 66}
{"obj": {"type": "LogFloats", "path": ["network_cycl", "validation_mean_acc"], "values": [{"value": 0.6214666666666667, "step": null, "ts": 1639564333.0889683}]}, "version": 67}
{"obj": {"type": "LogFloats", "path": ["network_cycl", "validation_loss"], "values": [{"value": 0.06594675686210394, "step": null, "ts": 1639564333.0889683}]}, "version": 68}
{"obj": {"type": "LogStrings", "path": ["monitoring", "stdout"], "values": [{"value": "Training epoch 6", "step": null, "ts": 1639564333.0889683}]}, "version": 69}
{"obj": {"type": "LogStrings", "path": ["monitoring", "stdout"], "values": [{"value": "\n", "step": null, "ts": 1639564333.0889683}]}, "version": 70}
{"obj": {"type": "LogFloats", "path": ["network_cycl", "learning_rate"], "values": [{"value": 0.9004000000000002, "step": null, "ts": 1639564333.0889683}]}, "version": 71}
{"obj": {"type": "LogFloats", "path": ["network_cycl", "train_loss"], "values": [{"value": 0.02601631043944508, "step": null, "ts": 1639564334.8835971}]}, "version": 72}
{"obj": {"type": "LogFloats", "path": ["network_cycl", "validation_mean_acc"], "values": [{"value": 0.5563083333333333, "step": null, "ts": 1639564335.3415215}]}, "version": 73}
{"obj": {"type": "LogFloats", "path": ["network_cycl", "validation_loss"], "values": [{"value": 0.07495059072971344, "step": null, "ts": 1639564335.3425224}]}, "version": 74}
{"obj": {"type": "LogStrings", "path": ["monitoring", "stdout"], "values": [{"value": "Training epoch 7", "step": null, "ts": 1639564335.3425224}]}, "version": 75}
{"obj": {"type": "LogStrings", "path": ["monitoring", "stdout"], "values": [{"value": "\n", "step": null, "ts": 1639564335.3425224}]}, "version": 76}
{"obj": {"type": "LogFloats", "path": ["network_cycl", "learning_rate"], "values": [{"value": 1.0503000000000002, "step": null, "ts": 1639564335.3425224}]}, "version": 77}
{"obj": {"type": "LogFloats", "path": ["network_cycl", "train_loss"], "values": [{"value": 0.029282863484695554, "step": null, "ts": 1639564337.1398225}]}, "version": 78}
{"obj": {"type": "LogFloats", "path": ["network_cycl", "validation_mean_acc"], "values": [{"value": 0.6729666666666667, "step": null, "ts": 1639564337.6152644}]}, "version": 79}
{"obj": {"type": "LogFloats", "path": ["network_cycl", "validation_loss"], "values": [{"value": 0.055124884471297264, "step": null, "ts": 1639564337.6152644}]}, "version": 80}
{"obj": {"type": "LogStrings", "path": ["monitoring", "stdout"], "values": [{"value": "Training epoch 8", "step": null, "ts": 1639564337.6152644}]}, "version": 81}
{"obj": {"type": "LogStrings", "path": ["monitoring", "stdout"], "values": [{"value": "\n", "step": null, "ts": 1639564337.6152644}]}, "version": 82}
{"obj": {"type": "LogFloats", "path": ["network_cycl", "learning_rate"], "values": [{"value": 1.2001999999999997, "step": null, "ts": 1639564337.6152644}]}, "version": 83}
{"obj": {"type": "LogFloats", "path": ["monitoring", "cpu"], "values": [{"value": 48.6, "step": null, "ts": 1639564337.6983366}]}, "version": 84}
{"obj": {"type": "LogFloats", "path": ["monitoring", "memory"], "values": [{"value": 8.858028411865234, "step": null, "ts": 1639564337.6983366}]}, "version": 85}
{"obj": {"type": "LogFloats", "path": ["monitoring", "gpu"], "values": [{"value": 57.0, "step": null, "ts": 1639564337.6983366}]}, "version": 86}
{"obj": {"type": "LogFloats", "path": ["monitoring", "gpu_memory"], "values": [{"value": 2.673248291015625, "step": null, "ts": 1639564337.6983366}]}, "version": 87}
{"obj": {"type": "LogFloats", "path": ["network_cycl", "train_loss"], "values": [{"value": 0.025472579523921013, "step": null, "ts": 1639564339.418243}]}, "version": 88}
{"obj": {"type": "LogFloats", "path": ["network_cycl", "validation_mean_acc"], "values": [{"value": 0.6627583333333333, "step": null, "ts": 1639564339.8976781}]}, "version": 89}
{"obj": {"type": "LogFloats", "path": ["network_cycl", "validation_loss"], "values": [{"value": 0.05693766754120588, "step": null, "ts": 1639564339.8976781}]}, "version": 90}
{"obj": {"type": "LogStrings", "path": ["monitoring", "stdout"], "values": [{"value": "Training epoch 9", "step": null, "ts": 1639564339.8986788}]}, "version": 91}
{"obj": {"type": "LogStrings", "path": ["monitoring", "stdout"], "values": [{"value": "\n", "step": null, "ts": 1639564339.8986788}]}, "version": 92}
{"obj": {"type": "LogFloats", "path": ["network_cycl", "learning_rate"], "values": [{"value": 1.3500999999999999, "step": null, "ts": 1639564339.8986788}]}, "version": 93}
{"obj": {"type": "LogFloats", "path": ["network_cycl", "train_loss"], "values": [{"value": 0.027303416980430484, "step": null, "ts": 1639564341.7163284}]}, "version": 94}
{"obj": {"type": "LogFloats", "path": ["network_cycl", "validation_mean_acc"], "values": [{"value": 0.67025, "step": null, "ts": 1639564342.1927612}]}, "version": 95}
{"obj": {"type": "LogFloats", "path": ["network_cycl", "validation_loss"], "values": [{"value": 0.055538914166390896, "step": null, "ts": 1639564342.1927612}]}, "version": 96}
{"obj": {"type": "LogStrings", "path": ["monitoring", "stdout"], "values": [{"value": "Training epoch 10", "step": null, "ts": 1639564342.1927612}]}, "version": 97}
{"obj": {"type": "LogStrings", "path": ["monitoring", "stdout"], "values": [{"value": "\n", "step": null, "ts": 1639564342.1927612}]}, "version": 98}
{"obj": {"type": "LogFloats", "path": ["network_cycl", "learning_rate"], "values": [{"value": 1.5, "step": null, "ts": 1639564342.1927612}]}, "version": 99}
{"obj": {"type": "LogFloats", "path": ["network_cycl", "train_loss"], "values": [{"value": 0.026186488452367485, "step": null, "ts": 1639564344.0134132}]}, "version": 100}
{"obj": {"type": "LogFloats", "path": ["network_cycl", "validation_mean_acc"], "values": [{"value": 0.5877833333333333, "step": null, "ts": 1639564344.493251}]}, "version": 101}
{"obj": {"type": "LogFloats", "path": ["network_cycl", "validation_loss"], "values": [{"value": 0.0675214733928442, "step": null, "ts": 1639564344.493251}]}, "version": 102}
{"obj": {"type": "LogStrings", "path": ["monitoring", "stdout"], "values": [{"value": "Training epoch 11", "step": null, "ts": 1639564344.493251}]}, "version": 103}
{"obj": {"type": "LogStrings", "path": ["monitoring", "stdout"], "values": [{"value": "\n", "step": null, "ts": 1639564344.493251}]}, "version": 104}
{"obj": {"type": "LogFloats", "path": ["network_cycl", "learning_rate"], "values": [{"value": 1.3500999999999999, "step": null, "ts": 1639564344.493251}]}, "version": 105}
{"obj": {"type": "LogFloats", "path": ["network_cycl", "train_loss"], "values": [{"value": 0.023322399822063744, "step": null, "ts": 1639564346.3039849}]}, "version": 106}
{"obj": {"type": "LogFloats", "path": ["network_cycl", "validation_mean_acc"], "values": [{"value": 0.6559916666666666, "step": null, "ts": 1639564346.7716637}]}, "version": 107}
{"obj": {"type": "LogFloats", "path": ["network_cycl", "validation_loss"], "values": [{"value": 0.06185957696288824, "step": null, "ts": 1639564346.7716637}]}, "version": 108}
{"obj": {"type": "LogStrings", "path": ["monitoring", "stdout"], "values": [{"value": "Training epoch 12", "step": null, "ts": 1639564346.7716637}]}, "version": 109}
{"obj": {"type": "LogStrings", "path": ["monitoring", "stdout"], "values": [{"value": "\n", "step": null, "ts": 1639564346.7716637}]}, "version": 110}
{"obj": {"type": "LogFloats", "path": ["network_cycl", "learning_rate"], "values": [{"value": 1.2001999999999997, "step": null, "ts": 1639564346.7716637}]}, "version": 111}
{"obj": {"type": "LogFloats", "path": ["monitoring", "cpu"], "values": [{"value": 51.5, "step": null, "ts": 1639564347.7115164}]}, "version": 112}
{"obj": {"type": "LogFloats", "path": ["monitoring", "memory"], "values": [{"value": 8.911502838134766, "step": null, "ts": 1639564347.7115164}]}, "version": 113}
{"obj": {"type": "LogFloats", "path": ["monitoring", "gpu"], "values": [{"value": 71.0, "step": null, "ts": 1639564347.7115164}]}, "version": 114}
{"obj": {"type": "LogFloats", "path": ["monitoring", "gpu_memory"], "values": [{"value": 2.673248291015625, "step": null, "ts": 1639564347.7115164}]}, "version": 115}
{"obj": {"type": "LogFloats", "path": ["network_cycl", "train_loss"], "values": [{"value": 0.021940006408840418, "step": null, "ts": 1639564348.5813053}]}, "version": 116}
{"obj": {"type": "LogFloats", "path": ["network_cycl", "validation_mean_acc"], "values": [{"value": 0.7200083333333334, "step": null, "ts": 1639564349.0547347}]}, "version": 117}
{"obj": {"type": "LogFloats", "path": ["network_cycl", "validation_loss"], "values": [{"value": 0.05182851850986481, "step": null, "ts": 1639564349.0547347}]}, "version": 118}
{"obj": {"type": "LogStrings", "path": ["monitoring", "stdout"], "values": [{"value": "Training epoch 13", "step": null, "ts": 1639564349.055736}]}, "version": 119}
{"obj": {"type": "LogStrings", "path": ["monitoring", "stdout"], "values": [{"value": "\n", "step": null, "ts": 1639564349.055736}]}, "version": 120}
{"obj": {"type": "LogFloats", "path": ["network_cycl", "learning_rate"], "values": [{"value": 1.0503000000000002, "step": null, "ts": 1639564349.055736}]}, "version": 121}
{"obj": {"type": "LogFloats", "path": ["network_cycl", "train_loss"], "values": [{"value": 0.020865020458586514, "step": null, "ts": 1639564350.8693821}]}, "version": 122}
{"obj": {"type": "LogFloats", "path": ["network_cycl", "validation_mean_acc"], "values": [{"value": 0.6380333333333333, "step": null, "ts": 1639564351.3297994}]}, "version": 123}
{"obj": {"type": "LogFloats", "path": ["network_cycl", "validation_loss"], "values": [{"value": 0.06323407497256994, "step": null, "ts": 1639564351.3297994}]}, "version": 124}
{"obj": {"type": "LogStrings", "path": ["monitoring", "stdout"], "values": [{"value": "Training epoch 14", "step": null, "ts": 1639564351.3297994}]}, "version": 125}
{"obj": {"type": "LogStrings", "path": ["monitoring", "stdout"], "values": [{"value": "\n", "step": null, "ts": 1639564351.3297994}]}, "version": 126}
{"obj": {"type": "LogFloats", "path": ["network_cycl", "learning_rate"], "values": [{"value": 0.9004000000000002, "step": null, "ts": 1639564351.3297994}]}, "version": 127}
{"obj": {"type": "LogFloats", "path": ["network_cycl", "train_loss"], "values": [{"value": 0.02049129467923194, "step": null, "ts": 1639564353.131754}]}, "version": 128}
{"obj": {"type": "LogFloats", "path": ["network_cycl", "validation_mean_acc"], "values": [{"value": 0.70055, "step": null, "ts": 1639564353.6041827}]}, "version": 129}
{"obj": {"type": "LogFloats", "path": ["network_cycl", "validation_loss"], "values": [{"value": 0.054187411442399025, "step": null, "ts": 1639564353.6041827}]}, "version": 130}
{"obj": {"type": "LogStrings", "path": ["monitoring", "stdout"], "values": [{"value": "Training epoch 15", "step": null, "ts": 1639564353.6051838}]}, "version": 131}
{"obj": {"type": "LogStrings", "path": ["monitoring", "stdout"], "values": [{"value": "\n", "step": null, "ts": 1639564353.6051838}]}, "version": 132}
{"obj": {"type": "LogFloats", "path": ["network_cycl", "learning_rate"], "values": [{"value": 0.7505000000000001, "step": null, "ts": 1639564353.6051838}]}, "version": 133}
{"obj": {"type": "LogFloats", "path": ["network_cycl", "train_loss"], "values": [{"value": 0.018734146375209093, "step": null, "ts": 1639564355.4228528}]}, "version": 134}
{"obj": {"type": "LogFloats", "path": ["network_cycl", "validation_mean_acc"], "values": [{"value": 0.6724333333333333, "step": null, "ts": 1639564355.8962824}]}, "version": 135}
{"obj": {"type": "LogFloats", "path": ["network_cycl", "validation_loss"], "values": [{"value": 0.05826507695019245, "step": null, "ts": 1639564355.8962824}]}, "version": 136}
{"obj": {"type": "LogStrings", "path": ["monitoring", "stdout"], "values": [{"value": "Training epoch 16", "step": null, "ts": 1639564355.8972836}]}, "version": 137}
{"obj": {"type": "LogStrings", "path": ["monitoring", "stdout"], "values": [{"value": "\n", "step": null, "ts": 1639564355.8972836}]}, "version": 138}
{"obj": {"type": "LogFloats", "path": ["network_cycl", "learning_rate"], "values": [{"value": 0.6005999999999999, "step": null, "ts": 1639564355.8972836}]}, "version": 139}
{"obj": {"type": "LogFloats", "path": ["network_cycl", "train_loss"], "values": [{"value": 0.016048353048972785, "step": null, "ts": 1639564357.70092}]}, "version": 140}
{"obj": {"type": "LogFloats", "path": ["monitoring", "cpu"], "values": [{"value": 52.4, "step": null, "ts": 1639564357.7199373}]}, "version": 141}
{"obj": {"type": "LogFloats", "path": ["monitoring", "memory"], "values": [{"value": 8.894706726074219, "step": null, "ts": 1639564357.7199373}]}, "version": 142}
{"obj": {"type": "LogFloats", "path": ["monitoring", "gpu"], "values": [{"value": 73.0, "step": null, "ts": 1639564357.7199373}]}, "version": 143}
{"obj": {"type": "LogFloats", "path": ["monitoring", "gpu_memory"], "values": [{"value": 2.673248291015625, "step": null, "ts": 1639564357.7199373}]}, "version": 144}
{"obj": {"type": "LogFloats", "path": ["network_cycl", "validation_mean_acc"], "values": [{"value": 0.6958333333333333, "step": null, "ts": 1639564358.1683447}]}, "version": 145}
{"obj": {"type": "LogFloats", "path": ["network_cycl", "validation_loss"], "values": [{"value": 0.05499356426298618, "step": null, "ts": 1639564358.1683447}]}, "version": 146}
{"obj": {"type": "LogStrings", "path": ["monitoring", "stdout"], "values": [{"value": "Training epoch 17", "step": null, "ts": 1639564358.1693459}]}, "version": 147}
{"obj": {"type": "LogStrings", "path": ["monitoring", "stdout"], "values": [{"value": "\n", "step": null, "ts": 1639564358.1693459}]}, "version": 148}
{"obj": {"type": "LogFloats", "path": ["network_cycl", "learning_rate"], "values": [{"value": 0.45069999999999977, "step": null, "ts": 1639564358.1693459}]}, "version": 149}
{"obj": {"type": "LogFloats", "path": ["network_cycl", "train_loss"], "values": [{"value": 0.015599680133163929, "step": null, "ts": 1639564359.9739835}]}, "version": 150}
{"obj": {"type": "LogFloats", "path": ["network_cycl", "validation_mean_acc"], "values": [{"value": 0.6628666666666667, "step": null, "ts": 1639564360.4424088}]}, "version": 151}
{"obj": {"type": "LogFloats", "path": ["network_cycl", "validation_loss"], "values": [{"value": 0.06165581662207842, "step": null, "ts": 1639564360.4424088}]}, "version": 152}
{"obj": {"type": "LogStrings", "path": ["monitoring", "stdout"], "values": [{"value": "Training epoch 18", "step": null, "ts": 1639564360.4424088}]}, "version": 153}
{"obj": {"type": "LogStrings", "path": ["monitoring", "stdout"], "values": [{"value": "\n", "step": null, "ts": 1639564360.4424088}]}, "version": 154}
{"obj": {"type": "LogFloats", "path": ["network_cycl", "learning_rate"], "values": [{"value": 0.3008000000000003, "step": null, "ts": 1639564360.4424088}]}, "version": 155}
{"obj": {"type": "LogFloats", "path": ["network_cycl", "train_loss"], "values": [{"value": 0.015003181179054081, "step": null, "ts": 1639564362.237836}]}, "version": 156}
{"obj": {"type": "LogFloats", "path": ["network_cycl", "validation_mean_acc"], "values": [{"value": 0.6966, "step": null, "ts": 1639564362.7108335}]}, "version": 157}
{"obj": {"type": "LogFloats", "path": ["network_cycl", "validation_loss"], "values": [{"value": 0.05520129110664129, "step": null, "ts": 1639564362.7108335}]}, "version": 158}
{"obj": {"type": "LogStrings", "path": ["monitoring", "stdout"], "values": [{"value": "Training epoch 19", "step": null, "ts": 1639564362.7108335}]}, "version": 159}
{"obj": {"type": "LogStrings", "path": ["monitoring", "stdout"], "values": [{"value": "\n", "step": null, "ts": 1639564362.7108335}]}, "version": 160}
{"obj": {"type": "LogFloats", "path": ["network_cycl", "learning_rate"], "values": [{"value": 0.15090000000000015, "step": null, "ts": 1639564362.7118347}]}, "version": 161}
{"obj": {"type": "LogFloats", "path": ["network_cycl", "train_loss"], "values": [{"value": 0.013986900565214455, "step": null, "ts": 1639564364.5258398}]}, "version": 162}
{"obj": {"type": "LogFloats", "path": ["network_cycl", "validation_mean_acc"], "values": [{"value": 0.6925541666666667, "step": null, "ts": 1639564364.9952674}]}, "version": 163}
{"obj": {"type": "LogFloats", "path": ["network_cycl", "validation_loss"], "values": [{"value": 0.05651871673762798, "step": null, "ts": 1639564364.9952674}]}, "version": 164}
{"obj": {"type": "LogStrings", "path": ["monitoring", "stdout"], "values": [{"value": "Training epoch 20", "step": null, "ts": 1639564364.9952674}]}, "version": 165}
{"obj": {"type": "LogStrings", "path": ["monitoring", "stdout"], "values": [{"value": "\n", "step": null, "ts": 1639564364.9952674}]}, "version": 166}
{"obj": {"type": "LogFloats", "path": ["network_cycl", "learning_rate"], "values": [{"value": 0.001, "step": null, "ts": 1639564364.9952674}]}, "version": 167}
{"obj": {"type": "LogFloats", "path": ["network_cycl", "train_loss"], "values": [{"value": 0.013554555247537792, "step": null, "ts": 1639564366.8079114}]}, "version": 168}
{"obj": {"type": "LogFloats", "path": ["network_cycl", "validation_mean_acc"], "values": [{"value": 0.6926625, "step": null, "ts": 1639564367.2753358}]}, "version": 169}
{"obj": {"type": "LogFloats", "path": ["network_cycl", "validation_loss"], "values": [{"value": 0.05650260392576456, "step": null, "ts": 1639564367.2753358}]}, "version": 170}
{"obj": {"type": "LogStrings", "path": ["monitoring", "stdout"], "values": [{"value": "Training epoch 21", "step": null, "ts": 1639564367.2753358}]}, "version": 171}
{"obj": {"type": "LogStrings", "path": ["monitoring", "stdout"], "values": [{"value": "\n", "step": null, "ts": 1639564367.2753358}]}, "version": 172}
{"obj": {"type": "LogFloats", "path": ["network_cycl", "learning_rate"], "values": [{"value": 0.15089999999999948, "step": null, "ts": 1639564367.2753358}]}, "version": 173}
{"obj": {"type": "LogFloats", "path": ["monitoring", "cpu"], "values": [{"value": 51.1, "step": null, "ts": 1639564367.7367542}]}, "version": 174}
{"obj": {"type": "LogFloats", "path": ["monitoring", "memory"], "values": [{"value": 8.938724517822266, "step": null, "ts": 1639564367.7367542}]}, "version": 175}
{"obj": {"type": "LogFloats", "path": ["monitoring", "gpu"], "values": [{"value": 71.0, "step": null, "ts": 1639564367.7367542}]}, "version": 176}
{"obj": {"type": "LogFloats", "path": ["monitoring", "gpu_memory"], "values": [{"value": 2.673248291015625, "step": null, "ts": 1639564367.7367542}]}, "version": 177}
{"obj": {"type": "LogFloats", "path": ["network_cycl", "train_loss"], "values": [{"value": 0.013511122087948024, "step": null, "ts": 1639564369.0782986}]}, "version": 178}
{"obj": {"type": "LogFloats", "path": ["network_cycl", "validation_mean_acc"], "values": [{"value": 0.7061125, "step": null, "ts": 1639564369.5397174}]}, "version": 179}
{"obj": {"type": "LogFloats", "path": ["network_cycl", "validation_loss"], "values": [{"value": 0.05434212647378445, "step": null, "ts": 1639564369.5397174}]}, "version": 180}
{"obj": {"type": "LogStrings", "path": ["monitoring", "stdout"], "values": [{"value": "Training epoch 22", "step": null, "ts": 1639564369.5407186}]}, "version": 181}
{"obj": {"type": "LogStrings", "path": ["monitoring", "stdout"], "values": [{"value": "\n", "step": null, "ts": 1639564369.5407186}]}, "version": 182}
{"obj": {"type": "LogFloats", "path": ["network_cycl", "learning_rate"], "values": [{"value": 0.3008000000000003, "step": null, "ts": 1639564369.5407186}]}, "version": 183}
{"obj": {"type": "LogFloats", "path": ["network_cycl", "train_loss"], "values": [{"value": 0.013325853098649532, "step": null, "ts": 1639564371.3402536}]}, "version": 184}
{"obj": {"type": "LogFloats", "path": ["network_cycl", "validation_mean_acc"], "values": [{"value": 0.7077083333333334, "step": null, "ts": 1639564371.8096795}]}, "version": 185}
{"obj": {"type": "LogFloats", "path": ["network_cycl", "validation_loss"], "values": [{"value": 0.05425757449120283, "step": null, "ts": 1639564371.8096795}]}, "version": 186}
{"obj": {"type": "LogStrings", "path": ["monitoring", "stdout"], "values": [{"value": "Training epoch 23", "step": null, "ts": 1639564371.8106813}]}, "version": 187}
{"obj": {"type": "LogStrings", "path": ["monitoring", "stdout"], "values": [{"value": "\n", "step": null, "ts": 1639564371.8106813}]}, "version": 188}
{"obj": {"type": "LogFloats", "path": ["network_cycl", "learning_rate"], "values": [{"value": 0.45069999999999977, "step": null, "ts": 1639564371.8106813}]}, "version": 189}
{"obj": {"type": "LogFloats", "path": ["network_cycl", "train_loss"], "values": [{"value": 0.013055642484687269, "step": null, "ts": 1639564373.6293473}]}, "version": 190}
{"obj": {"type": "LogFloats", "path": ["network_cycl", "validation_mean_acc"], "values": [{"value": 0.6939875, "step": null, "ts": 1639564374.0997744}]}, "version": 191}
{"obj": {"type": "LogFloats", "path": ["network_cycl", "validation_loss"], "values": [{"value": 0.05632718000560999, "step": null, "ts": 1639564374.0997744}]}, "version": 192}
{"obj": {"type": "LogStrings", "path": ["monitoring", "stdout"], "values": [{"value": "Training epoch 24", "step": null, "ts": 1639564374.0997744}]}, "version": 193}
{"obj": {"type": "LogStrings", "path": ["monitoring", "stdout"], "values": [{"value": "\n", "step": null, "ts": 1639564374.1007755}]}, "version": 194}
{"obj": {"type": "LogFloats", "path": ["network_cycl", "learning_rate"], "values": [{"value": 0.6006000000000006, "step": null, "ts": 1639564374.1007755}]}, "version": 195}
{"obj": {"type": "LogFloats", "path": ["network_cycl", "train_loss"], "values": [{"value": 0.01310280233155936, "step": null, "ts": 1639564375.9135187}]}, "version": 196}
{"obj": {"type": "LogFloats", "path": ["network_cycl", "validation_mean_acc"], "values": [{"value": 0.7250833333333333, "step": null, "ts": 1639564376.396267}]}, "version": 197}
{"obj": {"type": "LogFloats", "path": ["network_cycl", "validation_loss"], "values": [{"value": 0.05084409285336733, "step": null, "ts": 1639564376.396267}]}, "version": 198}
{"obj": {"type": "LogStrings", "path": ["monitoring", "stdout"], "values": [{"value": "Training epoch 25", "step": null, "ts": 1639564376.396267}]}, "version": 199}
{"obj": {"type": "LogStrings", "path": ["monitoring", "stdout"], "values": [{"value": "\n", "step": null, "ts": 1639564376.396267}]}, "version": 200}
{"obj": {"type": "LogFloats", "path": ["network_cycl", "learning_rate"], "values": [{"value": 0.7505000000000001, "step": null, "ts": 1639564376.396267}]}, "version": 201}
{"obj": {"type": "LogFloats", "path": ["monitoring", "cpu"], "values": [{"value": 52.4, "step": null, "ts": 1639564377.747493}]}, "version": 202}
{"obj": {"type": "LogFloats", "path": ["monitoring", "memory"], "values": [{"value": 8.856334686279297, "step": null, "ts": 1639564377.747493}]}, "version": 203}
{"obj": {"type": "LogFloats", "path": ["monitoring", "gpu"], "values": [{"value": 73.0, "step": null, "ts": 1639564377.747493}]}, "version": 204}
{"obj": {"type": "LogFloats", "path": ["monitoring", "gpu_memory"], "values": [{"value": 2.673248291015625, "step": null, "ts": 1639564377.747493}]}, "version": 205}
{"obj": {"type": "LogFloats", "path": ["network_cycl", "train_loss"], "values": [{"value": 0.015673434478230774, "step": null, "ts": 1639564378.2040777}]}, "version": 206}
{"obj": {"type": "LogFloats", "path": ["network_cycl", "validation_mean_acc"], "values": [{"value": 0.666025, "step": null, "ts": 1639564378.6795094}]}, "version": 207}
{"obj": {"type": "LogFloats", "path": ["network_cycl", "validation_loss"], "values": [{"value": 0.06017860118299723, "step": null, "ts": 1639564378.6795094}]}, "version": 208}
{"obj": {"type": "LogStrings", "path": ["monitoring", "stdout"], "values": [{"value": "Training epoch 26", "step": null, "ts": 1639564378.6795094}]}, "version": 209}
{"obj": {"type": "LogStrings", "path": ["monitoring", "stdout"], "values": [{"value": "\n", "step": null, "ts": 1639564378.6805105}]}, "version": 210}
{"obj": {"type": "LogFloats", "path": ["network_cycl", "learning_rate"], "values": [{"value": 0.9003999999999995, "step": null, "ts": 1639564378.6805105}]}, "version": 211}
{"obj": {"type": "LogFloats", "path": ["network_cycl", "train_loss"], "values": [{"value": 0.015996782341971993, "step": null, "ts": 1639564380.4921544}]}, "version": 212}
{"obj": {"type": "LogFloats", "path": ["network_cycl", "validation_mean_acc"], "values": [{"value": 0.6961083333333333, "step": null, "ts": 1639564380.9595785}]}, "version": 213}
{"obj": {"type": "LogFloats", "path": ["network_cycl", "validation_loss"], "values": [{"value": 0.05880799889564514, "step": null, "ts": 1639564380.9595785}]}, "version": 214}
{"obj": {"type": "LogStrings", "path": ["monitoring", "stdout"], "values": [{"value": "Training epoch 27", "step": null, "ts": 1639564380.9595785}]}, "version": 215}
{"obj": {"type": "LogStrings", "path": ["monitoring", "stdout"], "values": [{"value": "\n", "step": null, "ts": 1639564380.9595785}]}, "version": 216}
{"obj": {"type": "LogFloats", "path": ["network_cycl", "learning_rate"], "values": [{"value": 1.0503000000000002, "step": null, "ts": 1639564380.9595785}]}, "version": 217}
{"obj": {"type": "LogFloats", "path": ["network_cycl", "train_loss"], "values": [{"value": 0.017639555619098246, "step": null, "ts": 1639564382.7732246}]}, "version": 218}
{"obj": {"type": "LogFloats", "path": ["network_cycl", "validation_mean_acc"], "values": [{"value": 0.68035, "step": null, "ts": 1639564383.266183}]}, "version": 219}
{"obj": {"type": "LogFloats", "path": ["network_cycl", "validation_loss"], "values": [{"value": 0.058921261690557, "step": null, "ts": 1639564383.266183}]}, "version": 220}
{"obj": {"type": "LogStrings", "path": ["monitoring", "stdout"], "values": [{"value": "Training epoch 28", "step": null, "ts": 1639564383.266183}]}, "version": 221}
{"obj": {"type": "LogStrings", "path": ["monitoring", "stdout"], "values": [{"value": "\n", "step": null, "ts": 1639564383.266183}]}, "version": 222}
{"obj": {"type": "LogFloats", "path": ["network_cycl", "learning_rate"], "values": [{"value": 1.2001999999999997, "step": null, "ts": 1639564383.266183}]}, "version": 223}
{"obj": {"type": "LogFloats", "path": ["network_cycl", "train_loss"], "values": [{"value": 0.016686803777702153, "step": null, "ts": 1639564385.0649505}]}, "version": 224}
{"obj": {"type": "LogFloats", "path": ["network_cycl", "validation_mean_acc"], "values": [{"value": 0.7349041666666667, "step": null, "ts": 1639564385.5382223}]}, "version": 225}
{"obj": {"type": "LogFloats", "path": ["network_cycl", "validation_loss"], "values": [{"value": 0.04971172288060188, "step": null, "ts": 1639564385.5382223}]}, "version": 226}
{"obj": {"type": "LogStrings", "path": ["monitoring", "stdout"], "values": [{"value": "Training epoch 29", "step": null, "ts": 1639564385.5382223}]}, "version": 227}
{"obj": {"type": "LogStrings", "path": ["monitoring", "stdout"], "values": [{"value": "\n", "step": null, "ts": 1639564385.5382223}]}, "version": 228}
{"obj": {"type": "LogFloats", "path": ["network_cycl", "learning_rate"], "values": [{"value": 1.3501000000000005, "step": null, "ts": 1639564385.5382223}]}, "version": 229}
{"obj": {"type": "LogFloats", "path": ["network_cycl", "train_loss"], "values": [{"value": 0.014719057478941977, "step": null, "ts": 1639564387.341859}]}, "version": 230}
{"obj": {"type": "LogFloats", "path": ["monitoring", "cpu"], "values": [{"value": 49.5, "step": null, "ts": 1639564387.758237}]}, "version": 231}
{"obj": {"type": "LogFloats", "path": ["monitoring", "memory"], "values": [{"value": 8.784088134765625, "step": null, "ts": 1639564387.758237}]}, "version": 232}
{"obj": {"type": "LogFloats", "path": ["monitoring", "gpu"], "values": [{"value": 63.0, "step": null, "ts": 1639564387.758237}]}, "version": 233}
{"obj": {"type": "LogFloats", "path": ["monitoring", "gpu_memory"], "values": [{"value": 2.673248291015625, "step": null, "ts": 1639564387.758237}]}, "version": 234}
{"obj": {"type": "LogFloats", "path": ["network_cycl", "validation_mean_acc"], "values": [{"value": 0.7324666666666666, "step": null, "ts": 1639564387.8102846}]}, "version": 235}
{"obj": {"type": "LogFloats", "path": ["network_cycl", "validation_loss"], "values": [{"value": 0.05132161267101765, "step": null, "ts": 1639564387.8102846}]}, "version": 236}
{"obj": {"type": "LogStrings", "path": ["monitoring", "stdout"], "values": [{"value": "Training epoch 30", "step": null, "ts": 1639564387.8102846}]}, "version": 237}
{"obj": {"type": "LogStrings", "path": ["monitoring", "stdout"], "values": [{"value": "\n", "step": null, "ts": 1639564387.8102846}]}, "version": 238}
{"obj": {"type": "LogFloats", "path": ["network_cycl", "learning_rate"], "values": [{"value": 1.5, "step": null, "ts": 1639564387.8102846}]}, "version": 239}
{"obj": {"type": "LogFloats", "path": ["network_cycl", "train_loss"], "values": [{"value": 0.013128223246894777, "step": null, "ts": 1639564389.6194546}]}, "version": 240}
{"obj": {"type": "LogFloats", "path": ["network_cycl", "validation_mean_acc"], "values": [{"value": 0.6807833333333333, "step": null, "ts": 1639564390.093145}]}, "version": 241}
{"obj": {"type": "LogFloats", "path": ["network_cycl", "validation_loss"], "values": [{"value": 0.05880836118012667, "step": null, "ts": 1639564390.093145}]}, "version": 242}
{"obj": {"type": "LogStrings", "path": ["monitoring", "stdout"], "values": [{"value": "Training epoch 31", "step": null, "ts": 1639564390.093145}]}, "version": 243}
{"obj": {"type": "LogStrings", "path": ["monitoring", "stdout"], "values": [{"value": "\n", "step": null, "ts": 1639564390.0941455}]}, "version": 244}
{"obj": {"type": "LogFloats", "path": ["network_cycl", "learning_rate"], "values": [{"value": 1.3501000000000005, "step": null, "ts": 1639564390.0941455}]}, "version": 245}
{"obj": {"type": "LogFloats", "path": ["network_cycl", "train_loss"], "values": [{"value": 0.012720238883048296, "step": null, "ts": 1639564391.9017098}]}, "version": 246}
{"obj": {"type": "LogFloats", "path": ["network_cycl", "validation_mean_acc"], "values": [{"value": 0.6877666666666666, "step": null, "ts": 1639564392.3712482}]}, "version": 247}
{"obj": {"type": "LogFloats", "path": ["network_cycl", "validation_loss"], "values": [{"value": 0.059127132408320904, "step": null, "ts": 1639564392.3712482}]}, "version": 248}
{"obj": {"type": "LogStrings", "path": ["monitoring", "stdout"], "values": [{"value": "Training epoch 32", "step": null, "ts": 1639564392.3722494}]}, "version": 249}
{"obj": {"type": "LogStrings", "path": ["monitoring", "stdout"], "values": [{"value": "\n", "step": null, "ts": 1639564392.3722494}]}, "version": 250}
{"obj": {"type": "LogFloats", "path": ["network_cycl", "learning_rate"], "values": [{"value": 1.2001999999999997, "step": null, "ts": 1639564392.3722494}]}, "version": 251}
{"obj": {"type": "LogFloats", "path": ["network_cycl", "train_loss"], "values": [{"value": 0.011386093159671873, "step": null, "ts": 1639564394.1738846}]}, "version": 252}
{"obj": {"type": "LogFloats", "path": ["network_cycl", "validation_mean_acc"], "values": [{"value": 0.7203625, "step": null, "ts": 1639564394.6383054}]}, "version": 253}
{"obj": {"type": "LogFloats", "path": ["network_cycl", "validation_loss"], "values": [{"value": 0.05334153398871422, "step": null, "ts": 1639564394.6383054}]}, "version": 254}
{"obj": {"type": "LogStrings", "path": ["monitoring", "stdout"], "values": [{"value": "Training epoch 33", "step": null, "ts": 1639564394.6383054}]}, "version": 255}
{"obj": {"type": "LogStrings", "path": ["monitoring", "stdout"], "values": [{"value": "\n", "step": null, "ts": 1639564394.6383054}]}, "version": 256}
{"obj": {"type": "LogFloats", "path": ["network_cycl", "learning_rate"], "values": [{"value": 1.0503000000000002, "step": null, "ts": 1639564394.6383054}]}, "version": 257}
{"obj": {"type": "LogFloats", "path": ["network_cycl", "train_loss"], "values": [{"value": 0.011566121014766395, "step": null, "ts": 1639564396.4490461}]}, "version": 258}
{"obj": {"type": "LogFloats", "path": ["network_cycl", "validation_mean_acc"], "values": [{"value": 0.7640375, "step": null, "ts": 1639564396.9425232}]}, "version": 259}
{"obj": {"type": "LogFloats", "path": ["network_cycl", "validation_loss"], "values": [{"value": 0.04513821564614773, "step": null, "ts": 1639564396.9435241}]}, "version": 260}
{"obj": {"type": "LogStrings", "path": ["monitoring", "stdout"], "values": [{"value": "Training epoch 34", "step": null, "ts": 1639564396.9435241}]}, "version": 261}
{"obj": {"type": "LogStrings", "path": ["monitoring", "stdout"], "values": [{"value": "\n", "step": null, "ts": 1639564396.9435241}]}, "version": 262}
{"obj": {"type": "LogFloats", "path": ["network_cycl", "learning_rate"], "values": [{"value": 0.9003999999999995, "step": null, "ts": 1639564396.9435241}]}, "version": 263}
{"obj": {"type": "LogFloats", "path": ["monitoring", "cpu"], "values": [{"value": 49.4, "step": null, "ts": 1639564397.7761443}]}, "version": 264}
{"obj": {"type": "LogFloats", "path": ["monitoring", "memory"], "values": [{"value": 8.766582489013672, "step": null, "ts": 1639564397.7761443}]}, "version": 265}
{"obj": {"type": "LogFloats", "path": ["monitoring", "gpu"], "values": [{"value": 72.0, "step": null, "ts": 1639564397.7761443}]}, "version": 266}
{"obj": {"type": "LogFloats", "path": ["monitoring", "gpu_memory"], "values": [{"value": 2.673248291015625, "step": null, "ts": 1639564397.7761443}]}, "version": 267}
{"obj": {"type": "LogFloats", "path": ["network_cycl", "train_loss"], "values": [{"value": 0.011376716662198305, "step": null, "ts": 1639564398.7480264}]}, "version": 268}
{"obj": {"type": "LogFloats", "path": ["network_cycl", "validation_mean_acc"], "values": [{"value": 0.6984583333333333, "step": null, "ts": 1639564399.2084444}]}, "version": 269}
{"obj": {"type": "LogFloats", "path": ["network_cycl", "validation_loss"], "values": [{"value": 0.05726628843694925, "step": null, "ts": 1639564399.2084444}]}, "version": 270}
{"obj": {"type": "LogStrings", "path": ["monitoring", "stdout"], "values": [{"value": "Training epoch 35", "step": null, "ts": 1639564399.2094455}]}, "version": 271}
{"obj": {"type": "LogStrings", "path": ["monitoring", "stdout"], "values": [{"value": "\n", "step": null, "ts": 1639564399.2094455}]}, "version": 272}
{"obj": {"type": "LogFloats", "path": ["network_cycl", "learning_rate"], "values": [{"value": 0.7505000000000001, "step": null, "ts": 1639564399.2094455}]}, "version": 273}
{"obj": {"type": "LogFloats", "path": ["network_cycl", "train_loss"], "values": [{"value": 0.009318242955487221, "step": null, "ts": 1639564401.0160847}]}, "version": 274}
{"obj": {"type": "LogFloats", "path": ["network_cycl", "validation_mean_acc"], "values": [{"value": 0.7372416666666667, "step": null, "ts": 1639564401.4895146}]}, "version": 275}
{"obj": {"type": "LogFloats", "path": ["network_cycl", "validation_loss"], "values": [{"value": 0.050027258694171906, "step": null, "ts": 1639564401.4905157}]}, "version": 276}
{"obj": {"type": "LogStrings", "path": ["monitoring", "stdout"], "values": [{"value": "Training epoch 36", "step": null, "ts": 1639564401.4905157}]}, "version": 277}
{"obj": {"type": "LogStrings", "path": ["monitoring", "stdout"], "values": [{"value": "\n", "step": null, "ts": 1639564401.4905157}]}, "version": 278}
{"obj": {"type": "LogFloats", "path": ["network_cycl", "learning_rate"], "values": [{"value": 0.6006000000000006, "step": null, "ts": 1639564401.4905157}]}, "version": 279}
{"obj": {"type": "LogFloats", "path": ["network_cycl", "train_loss"], "values": [{"value": 0.008989079564344138, "step": null, "ts": 1639564403.2966585}]}, "version": 280}
{"obj": {"type": "LogFloats", "path": ["network_cycl", "validation_mean_acc"], "values": [{"value": 0.7165791666666667, "step": null, "ts": 1639564403.77688}]}, "version": 281}
{"obj": {"type": "LogFloats", "path": ["network_cycl", "validation_loss"], "values": [{"value": 0.052947417832911015, "step": null, "ts": 1639564403.77688}]}, "version": 282}
{"obj": {"type": "LogStrings", "path": ["monitoring", "stdout"], "values": [{"value": "Training epoch 37", "step": null, "ts": 1639564403.77688}]}, "version": 283}
{"obj": {"type": "LogStrings", "path": ["monitoring", "stdout"], "values": [{"value": "\n", "step": null, "ts": 1639564403.77688}]}, "version": 284}
{"obj": {"type": "LogFloats", "path": ["network_cycl", "learning_rate"], "values": [{"value": 0.45069999999999977, "step": null, "ts": 1639564403.77688}]}, "version": 285}
{"obj": {"type": "LogFloats", "path": ["network_cycl", "train_loss"], "values": [{"value": 0.008603110734838992, "step": null, "ts": 1639564405.5905259}]}, "version": 286}
{"obj": {"type": "LogFloats", "path": ["network_cycl", "validation_mean_acc"], "values": [{"value": 0.7134916666666666, "step": null, "ts": 1639564406.0539467}]}, "version": 287}
{"obj": {"type": "LogFloats", "path": ["network_cycl", "validation_loss"], "values": [{"value": 0.05377251096069813, "step": null, "ts": 1639564406.0539467}]}, "version": 288}
{"obj": {"type": "LogStrings", "path": ["monitoring", "stdout"], "values": [{"value": "Training epoch 38", "step": null, "ts": 1639564406.0539467}]}, "version": 289}
{"obj": {"type": "LogStrings", "path": ["monitoring", "stdout"], "values": [{"value": "\n", "step": null, "ts": 1639564406.0539467}]}, "version": 290}
{"obj": {"type": "LogFloats", "path": ["network_cycl", "learning_rate"], "values": [{"value": 0.3008000000000003, "step": null, "ts": 1639564406.054948}]}, "version": 291}
{"obj": {"type": "LogFloats", "path": ["monitoring", "cpu"], "values": [{"value": 49.0, "step": null, "ts": 1639564407.793631}]}, "version": 292}
{"obj": {"type": "LogFloats", "path": ["monitoring", "memory"], "values": [{"value": 8.775726318359375, "step": null, "ts": 1639564407.793631}]}, "version": 293}
{"obj": {"type": "LogFloats", "path": ["monitoring", "gpu"], "values": [{"value": 73.0, "step": null, "ts": 1639564407.793631}]}, "version": 294}
{"obj": {"type": "LogFloats", "path": ["monitoring", "gpu_memory"], "values": [{"value": 2.673248291015625, "step": null, "ts": 1639564407.793631}]}, "version": 295}
{"obj": {"type": "LogFloats", "path": ["network_cycl", "train_loss"], "values": [{"value": 0.008029939548578113, "step": null, "ts": 1639564407.8586974}]}, "version": 296}
{"obj": {"type": "LogFloats", "path": ["network_cycl", "validation_mean_acc"], "values": [{"value": 0.7110916666666667, "step": null, "ts": 1639564408.3291168}]}, "version": 297}
{"obj": {"type": "LogFloats", "path": ["network_cycl", "validation_loss"], "values": [{"value": 0.05350415874272585, "step": null, "ts": 1639564408.3291168}]}, "version": 298}
{"obj": {"type": "LogStrings", "path": ["monitoring", "stdout"], "values": [{"value": "Training epoch 39", "step": null, "ts": 1639564408.330118}]}, "version": 299}
{"obj": {"type": "LogStrings", "path": ["monitoring", "stdout"], "values": [{"value": "\n", "step": null, "ts": 1639564408.330118}]}, "version": 300}
{"obj": {"type": "LogFloats", "path": ["network_cycl", "learning_rate"], "values": [{"value": 0.15089999999999948, "step": null, "ts": 1639564408.330118}]}, "version": 301}
{"obj": {"type": "LogFloats", "path": ["network_cycl", "train_loss"], "values": [{"value": 0.0076455785310827196, "step": null, "ts": 1639564410.1287508}]}, "version": 302}
{"obj": {"type": "LogFloats", "path": ["network_cycl", "validation_mean_acc"], "values": [{"value": 0.7250083333333333, "step": null, "ts": 1639564410.598176}]}, "version": 303}
{"obj": {"type": "LogFloats", "path": ["network_cycl", "validation_loss"], "values": [{"value": 0.05177524220198393, "step": null, "ts": 1639564410.598176}]}, "version": 304}
{"obj": {"type": "LogStrings", "path": ["monitoring", "stdout"], "values": [{"value": "Training epoch 40", "step": null, "ts": 1639564410.598176}]}, "version": 305}
{"obj": {"type": "LogStrings", "path": ["monitoring", "stdout"], "values": [{"value": "\n", "step": null, "ts": 1639564410.599177}]}, "version": 306}
{"obj": {"type": "LogFloats", "path": ["network_cycl", "learning_rate"], "values": [{"value": 0.001, "step": null, "ts": 1639564410.599177}]}, "version": 307}
{"obj": {"type": "LogFloats", "path": ["network_cycl", "train_loss"], "values": [{"value": 0.007436331070493907, "step": null, "ts": 1639564412.407466}]}, "version": 308}
{"obj": {"type": "LogFloats", "path": ["network_cycl", "validation_mean_acc"], "values": [{"value": 0.7249166666666667, "step": null, "ts": 1639564412.8814118}]}, "version": 309}
{"obj": {"type": "LogFloats", "path": ["network_cycl", "validation_loss"], "values": [{"value": 0.05179375037550926, "step": null, "ts": 1639564412.8814118}]}, "version": 310}
{"obj": {"type": "LogStrings", "path": ["monitoring", "stdout"], "values": [{"value": "Training epoch 41", "step": null, "ts": 1639564412.8814118}]}, "version": 311}
{"obj": {"type": "LogStrings", "path": ["monitoring", "stdout"], "values": [{"value": "\n", "step": null, "ts": 1639564412.882413}]}, "version": 312}
{"obj": {"type": "LogFloats", "path": ["network_cycl", "learning_rate"], "values": [{"value": 0.15089999999999948, "step": null, "ts": 1639564412.882413}]}, "version": 313}
{"obj": {"type": "LogFloats", "path": ["network_cycl", "train_loss"], "values": [{"value": 0.007419574190862477, "step": null, "ts": 1639564414.7101939}]}, "version": 314}
{"obj": {"type": "LogFloats", "path": ["network_cycl", "validation_mean_acc"], "values": [{"value": 0.7087583333333334, "step": null, "ts": 1639564415.1710646}]}, "version": 315}
{"obj": {"type": "LogFloats", "path": ["network_cycl", "validation_loss"], "values": [{"value": 0.05430930946022272, "step": null, "ts": 1639564415.1710646}]}, "version": 316}
{"obj": {"type": "LogStrings", "path": ["monitoring", "stdout"], "values": [{"value": "Training epoch 42", "step": null, "ts": 1639564415.1710646}]}, "version": 317}
{"obj": {"type": "LogStrings", "path": ["monitoring", "stdout"], "values": [{"value": "\n", "step": null, "ts": 1639564415.1710646}]}, "version": 318}
{"obj": {"type": "LogFloats", "path": ["network_cycl", "learning_rate"], "values": [{"value": 0.3008000000000003, "step": null, "ts": 1639564415.1710646}]}, "version": 319}
{"obj": {"type": "LogFloats", "path": ["network_cycl", "train_loss"], "values": [{"value": 0.00723180384375155, "step": null, "ts": 1639564416.9917166}]}, "version": 320}
{"obj": {"type": "LogFloats", "path": ["network_cycl", "validation_mean_acc"], "values": [{"value": 0.7138833333333333, "step": null, "ts": 1639564417.4641454}]}, "version": 321}
{"obj": {"type": "LogFloats", "path": ["network_cycl", "validation_loss"], "values": [{"value": 0.05370720196515322, "step": null, "ts": 1639564417.4641454}]}, "version": 322}
{"obj": {"type": "LogStrings", "path": ["monitoring", "stdout"], "values": [{"value": "Training epoch 43", "step": null, "ts": 1639564417.4641454}]}, "version": 323}
{"obj": {"type": "LogStrings", "path": ["monitoring", "stdout"], "values": [{"value": "\n", "step": null, "ts": 1639564417.4641454}]}, "version": 324}
{"obj": {"type": "LogFloats", "path": ["network_cycl", "learning_rate"], "values": [{"value": 0.45069999999999977, "step": null, "ts": 1639564417.4641454}]}, "version": 325}
{"obj": {"type": "LogFloats", "path": ["monitoring", "cpu"], "values": [{"value": 50.1, "step": null, "ts": 1639564417.804454}]}, "version": 326}
{"obj": {"type": "LogFloats", "path": ["monitoring", "memory"], "values": [{"value": 8.785072326660156, "step": null, "ts": 1639564417.804454}]}, "version": 327}
{"obj": {"type": "LogFloats", "path": ["monitoring", "gpu"], "values": [{"value": 73.0, "step": null, "ts": 1639564417.804454}]}, "version": 328}
{"obj": {"type": "LogFloats", "path": ["monitoring", "gpu_memory"], "values": [{"value": 2.673248291015625, "step": null, "ts": 1639564417.804454}]}, "version": 329}
{"obj": {"type": "LogFloats", "path": ["network_cycl", "train_loss"], "values": [{"value": 0.007084979326464236, "step": null, "ts": 1639564419.2727866}]}, "version": 330}
{"obj": {"type": "LogFloats", "path": ["network_cycl", "validation_mean_acc"], "values": [{"value": 0.7114333333333334, "step": null, "ts": 1639564419.7372084}]}, "version": 331}
{"obj": {"type": "LogFloats", "path": ["network_cycl", "validation_loss"], "values": [{"value": 0.05411548167467117, "step": null, "ts": 1639564419.7372084}]}, "version": 332}
{"obj": {"type": "LogStrings", "path": ["monitoring", "stdout"], "values": [{"value": "Training epoch 44", "step": null, "ts": 1639564419.7372084}]}, "version": 333}
{"obj": {"type": "LogStrings", "path": ["monitoring", "stdout"], "values": [{"value": "\n", "step": null, "ts": 1639564419.7372084}]}, "version": 334}
{"obj": {"type": "LogFloats", "path": ["network_cycl", "learning_rate"], "values": [{"value": 0.6006000000000006, "step": null, "ts": 1639564419.7372084}]}, "version": 335}
{"obj": {"type": "LogFloats", "path": ["network_cycl", "train_loss"], "values": [{"value": 0.006837364286184311, "step": null, "ts": 1639564421.5591009}]}, "version": 336}
{"obj": {"type": "LogFloats", "path": ["network_cycl", "validation_mean_acc"], "values": [{"value": 0.70785, "step": null, "ts": 1639564422.0344343}]}, "version": 337}
{"obj": {"type": "LogFloats", "path": ["network_cycl", "validation_loss"], "values": [{"value": 0.055476922541856766, "step": null, "ts": 1639564422.0344343}]}, "version": 338}
{"obj": {"type": "LogStrings", "path": ["monitoring", "stdout"], "values": [{"value": "Training epoch 45", "step": null, "ts": 1639564422.0344343}]}, "version": 339}
{"obj": {"type": "LogStrings", "path": ["monitoring", "stdout"], "values": [{"value": "\n", "step": null, "ts": 1639564422.0344343}]}, "version": 340}
{"obj": {"type": "LogFloats", "path": ["network_cycl", "learning_rate"], "values": [{"value": 0.7505000000000001, "step": null, "ts": 1639564422.0344343}]}, "version": 341}
{"obj": {"type": "LogFloats", "path": ["network_cycl", "train_loss"], "values": [{"value": 0.006906848109792918, "step": null, "ts": 1639564423.8465817}]}, "version": 342}
{"obj": {"type": "LogFloats", "path": ["network_cycl", "validation_mean_acc"], "values": [{"value": 0.7057166666666667, "step": null, "ts": 1639564424.3080006}]}, "version": 343}
{"obj": {"type": "LogFloats", "path": ["network_cycl", "validation_loss"], "values": [{"value": 0.05600897967815399, "step": null, "ts": 1639564424.3080006}]}, "version": 344}
{"obj": {"type": "LogStrings", "path": ["monitoring", "stdout"], "values": [{"value": "Training epoch 46", "step": null, "ts": 1639564424.3090014}]}, "version": 345}
{"obj": {"type": "LogStrings", "path": ["monitoring", "stdout"], "values": [{"value": "\n", "step": null, "ts": 1639564424.3090014}]}, "version": 346}
{"obj": {"type": "LogFloats", "path": ["network_cycl", "learning_rate"], "values": [{"value": 0.9003999999999995, "step": null, "ts": 1639564424.3090014}]}, "version": 347}
{"obj": {"type": "LogFloats", "path": ["network_cycl", "train_loss"], "values": [{"value": 0.006929780531208962, "step": null, "ts": 1639564426.1146407}]}, "version": 348}
{"obj": {"type": "LogFloats", "path": ["network_cycl", "validation_mean_acc"], "values": [{"value": 0.7650458333333333, "step": null, "ts": 1639564426.5760586}]}, "version": 349}
{"obj": {"type": "LogFloats", "path": ["network_cycl", "validation_loss"], "values": [{"value": 0.0461752824485302, "step": null, "ts": 1639564426.5770595}]}, "version": 350}
{"obj": {"type": "LogStrings", "path": ["monitoring", "stdout"], "values": [{"value": "Training epoch 47", "step": null, "ts": 1639564426.5770595}]}, "version": 351}
{"obj": {"type": "LogStrings", "path": ["monitoring", "stdout"], "values": [{"value": "\n", "step": null, "ts": 1639564426.5770595}]}, "version": 352}
{"obj": {"type": "LogFloats", "path": ["network_cycl", "learning_rate"], "values": [{"value": 1.0503000000000002, "step": null, "ts": 1639564426.5770595}]}, "version": 353}
{"obj": {"type": "LogFloats", "path": ["monitoring", "cpu"], "values": [{"value": 49.4, "step": null, "ts": 1639564427.818186}]}, "version": 354}
{"obj": {"type": "LogFloats", "path": ["monitoring", "memory"], "values": [{"value": 8.775032043457031, "step": null, "ts": 1639564427.818186}]}, "version": 355}
{"obj": {"type": "LogFloats", "path": ["monitoring", "gpu"], "values": [{"value": 72.0, "step": null, "ts": 1639564427.818186}]}, "version": 356}
{"obj": {"type": "LogFloats", "path": ["monitoring", "gpu_memory"], "values": [{"value": 2.673248291015625, "step": null, "ts": 1639564427.818186}]}, "version": 357}
{"obj": {"type": "LogFloats", "path": ["network_cycl", "train_loss"], "values": [{"value": 0.01148832991020754, "step": null, "ts": 1639564428.3822124}]}, "version": 358}
{"obj": {"type": "LogFloats", "path": ["network_cycl", "validation_mean_acc"], "values": [{"value": 0.7335875000000001, "step": null, "ts": 1639564428.8602123}]}, "version": 359}
{"obj": {"type": "LogFloats", "path": ["network_cycl", "validation_loss"], "values": [{"value": 0.05066872760653496, "step": null, "ts": 1639564428.8602123}]}, "version": 360}
{"obj": {"type": "LogStrings", "path": ["monitoring", "stdout"], "values": [{"value": "Training epoch 48", "step": null, "ts": 1639564428.8612137}]}, "version": 361}
{"obj": {"type": "LogStrings", "path": ["monitoring", "stdout"], "values": [{"value": "\n", "step": null, "ts": 1639564428.8612137}]}, "version": 362}
{"obj": {"type": "LogFloats", "path": ["network_cycl", "learning_rate"], "values": [{"value": 1.2001999999999997, "step": null, "ts": 1639564428.8612137}]}, "version": 363}
{"obj": {"type": "LogFloats", "path": ["network_cycl", "train_loss"], "values": [{"value": 0.010692358948290348, "step": null, "ts": 1639564430.6750546}]}, "version": 364}
{"obj": {"type": "LogFloats", "path": ["network_cycl", "validation_mean_acc"], "values": [{"value": 0.7022791666666667, "step": null, "ts": 1639564431.1541026}]}, "version": 365}
{"obj": {"type": "LogFloats", "path": ["network_cycl", "validation_loss"], "values": [{"value": 0.05620015226304531, "step": null, "ts": 1639564431.1541026}]}, "version": 366}
{"obj": {"type": "LogStrings", "path": ["monitoring", "stdout"], "values": [{"value": "Training epoch 49", "step": null, "ts": 1639564431.1541026}]}, "version": 367}
{"obj": {"type": "LogStrings", "path": ["monitoring", "stdout"], "values": [{"value": "\n", "step": null, "ts": 1639564431.1541026}]}, "version": 368}
{"obj": {"type": "LogFloats", "path": ["network_cycl", "learning_rate"], "values": [{"value": 1.3501000000000005, "step": null, "ts": 1639564431.1541026}]}, "version": 369}
{"obj": {"type": "LogFloats", "path": ["network_cycl", "train_loss"], "values": [{"value": 0.012640010449104011, "step": null, "ts": 1639564432.9817605}]}, "version": 370}
{"obj": {"type": "LogFloats", "path": ["network_cycl", "validation_mean_acc"], "values": [{"value": 0.7438750000000001, "step": null, "ts": 1639564433.4561918}]}, "version": 371}
{"obj": {"type": "LogFloats", "path": ["network_cycl", "validation_loss"], "values": [{"value": 0.05049104616045952, "step": null, "ts": 1639564433.4561918}]}, "version": 372}
{"obj": {"type": "LogStrings", "path": ["monitoring", "stdout"], "values": [{"value": "Training epoch 50", "step": null, "ts": 1639564433.4561918}]}, "version": 373}
{"obj": {"type": "LogStrings", "path": ["monitoring", "stdout"], "values": [{"value": "\n", "step": null, "ts": 1639564433.4561918}]}, "version": 374}
{"obj": {"type": "LogFloats", "path": ["network_cycl", "learning_rate"], "values": [{"value": 1.5, "step": null, "ts": 1639564433.4561918}]}, "version": 375}
{"obj": {"type": "LogFloats", "path": ["network_cycl", "train_loss"], "values": [{"value": 0.01569383969763294, "step": null, "ts": 1639564435.266835}]}, "version": 376}
{"obj": {"type": "LogFloats", "path": ["network_cycl", "validation_mean_acc"], "values": [{"value": 0.6828125, "step": null, "ts": 1639564435.739263}]}, "version": 377}
{"obj": {"type": "LogFloats", "path": ["network_cycl", "validation_loss"], "values": [{"value": 0.06165340729057789, "step": null, "ts": 1639564435.739263}]}, "version": 378}
{"obj": {"type": "LogStrings", "path": ["monitoring", "stdout"], "values": [{"value": "Training epoch 51", "step": null, "ts": 1639564435.7402642}]}, "version": 379}
{"obj": {"type": "LogStrings", "path": ["monitoring", "stdout"], "values": [{"value": "\n", "step": null, "ts": 1639564435.7402642}]}, "version": 380}
{"obj": {"type": "LogFloats", "path": ["network_cycl", "learning_rate"], "values": [{"value": 1.3501000000000005, "step": null, "ts": 1639564435.7402642}]}, "version": 381}
{"obj": {"type": "LogFloats", "path": ["network_cycl", "train_loss"], "values": [{"value": 0.013963701436296105, "step": null, "ts": 1639564437.5541797}]}, "version": 382}
{"obj": {"type": "LogFloats", "path": ["monitoring", "cpu"], "values": [{"value": 50.4, "step": null, "ts": 1639564437.8234248}]}, "version": 383}
{"obj": {"type": "LogFloats", "path": ["monitoring", "memory"], "values": [{"value": 8.786941528320312, "step": null, "ts": 1639564437.8234248}]}, "version": 384}
{"obj": {"type": "LogFloats", "path": ["monitoring", "gpu"], "values": [{"value": 53.0, "step": null, "ts": 1639564437.8234248}]}, "version": 385}
{"obj": {"type": "LogFloats", "path": ["monitoring", "gpu_memory"], "values": [{"value": 2.673248291015625, "step": null, "ts": 1639564437.8234248}]}, "version": 386}
{"obj": {"type": "LogFloats", "path": ["network_cycl", "validation_mean_acc"], "values": [{"value": 0.7006666666666667, "step": null, "ts": 1639564438.0249426}]}, "version": 387}
{"obj": {"type": "LogFloats", "path": ["network_cycl", "validation_loss"], "values": [{"value": 0.05689701624214649, "step": null, "ts": 1639564438.0249426}]}, "version": 388}
{"obj": {"type": "LogStrings", "path": ["monitoring", "stdout"], "values": [{"value": "Training epoch 52", "step": null, "ts": 1639564438.0249426}]}, "version": 389}
{"obj": {"type": "LogStrings", "path": ["monitoring", "stdout"], "values": [{"value": "\n", "step": null, "ts": 1639564438.0249426}]}, "version": 390}
{"obj": {"type": "LogFloats", "path": ["network_cycl", "learning_rate"], "values": [{"value": 1.2001999999999997, "step": null, "ts": 1639564438.0249426}]}, "version": 391}
{"obj": {"type": "LogFloats", "path": ["network_cycl", "train_loss"], "values": [{"value": 0.011686951911542565, "step": null, "ts": 1639564439.837587}]}, "version": 392}
{"obj": {"type": "LogFloats", "path": ["network_cycl", "validation_mean_acc"], "values": [{"value": 0.6890583333333333, "step": null, "ts": 1639564440.3210263}]}, "version": 393}
{"obj": {"type": "LogFloats", "path": ["network_cycl", "validation_loss"], "values": [{"value": 0.05875832960009575, "step": null, "ts": 1639564440.3210263}]}, "version": 394}
{"obj": {"type": "LogStrings", "path": ["monitoring", "stdout"], "values": [{"value": "Training epoch 53", "step": null, "ts": 1639564440.322027}]}, "version": 395}
{"obj": {"type": "LogStrings", "path": ["monitoring", "stdout"], "values": [{"value": "\n", "step": null, "ts": 1639564440.322027}]}, "version": 396}
{"obj": {"type": "LogFloats", "path": ["network_cycl", "learning_rate"], "values": [{"value": 1.0503000000000002, "step": null, "ts": 1639564440.322027}]}, "version": 397}
{"obj": {"type": "LogFloats", "path": ["network_cycl", "train_loss"], "values": [{"value": 0.00953221769304946, "step": null, "ts": 1639564442.1240928}]}, "version": 398}
{"obj": {"type": "LogFloats", "path": ["network_cycl", "validation_mean_acc"], "values": [{"value": 0.6963874999999999, "step": null, "ts": 1639564442.5940156}]}, "version": 399}
{"obj": {"type": "LogFloats", "path": ["network_cycl", "validation_loss"], "values": [{"value": 0.05663222912698984, "step": null, "ts": 1639564442.5950165}]}, "version": 400}
{"obj": {"type": "LogStrings", "path": ["monitoring", "stdout"], "values": [{"value": "Training epoch 54", "step": null, "ts": 1639564442.5950165}]}, "version": 401}
{"obj": {"type": "LogStrings", "path": ["monitoring", "stdout"], "values": [{"value": "\n", "step": null, "ts": 1639564442.5950165}]}, "version": 402}
{"obj": {"type": "LogFloats", "path": ["network_cycl", "learning_rate"], "values": [{"value": 0.9003999999999995, "step": null, "ts": 1639564442.5950165}]}, "version": 403}
{"obj": {"type": "LogFloats", "path": ["network_cycl", "train_loss"], "values": [{"value": 0.00817754224408418, "step": null, "ts": 1639564444.3963945}]}, "version": 404}
{"obj": {"type": "LogFloats", "path": ["network_cycl", "validation_mean_acc"], "values": [{"value": 0.7003791666666667, "step": null, "ts": 1639564444.8758297}]}, "version": 405}
{"obj": {"type": "LogFloats", "path": ["network_cycl", "validation_loss"], "values": [{"value": 0.05598587077111006, "step": null, "ts": 1639564444.8758297}]}, "version": 406}
{"obj": {"type": "LogStrings", "path": ["monitoring", "stdout"], "values": [{"value": "Training epoch 55", "step": null, "ts": 1639564444.8768315}]}, "version": 407}
{"obj": {"type": "LogStrings", "path": ["monitoring", "stdout"], "values": [{"value": "\n", "step": null, "ts": 1639564444.8768315}]}, "version": 408}
{"obj": {"type": "LogFloats", "path": ["network_cycl", "learning_rate"], "values": [{"value": 0.7505000000000001, "step": null, "ts": 1639564444.8768315}]}, "version": 409}
{"obj": {"type": "LogFloats", "path": ["network_cycl", "train_loss"], "values": [{"value": 0.007312498346436769, "step": null, "ts": 1639564446.692479}]}, "version": 410}
{"obj": {"type": "LogFloats", "path": ["network_cycl", "validation_mean_acc"], "values": [{"value": 0.6779583333333333, "step": null, "ts": 1639564447.1609032}]}, "version": 411}
{"obj": {"type": "LogFloats", "path": ["network_cycl", "validation_loss"], "values": [{"value": 0.06027034483850002, "step": null, "ts": 1639564447.161904}]}, "version": 412}
{"obj": {"type": "LogStrings", "path": ["monitoring", "stdout"], "values": [{"value": "Training epoch 56", "step": null, "ts": 1639564447.161904}]}, "version": 413}
{"obj": {"type": "LogStrings", "path": ["monitoring", "stdout"], "values": [{"value": "\n", "step": null, "ts": 1639564447.161904}]}, "version": 414}
{"obj": {"type": "LogFloats", "path": ["network_cycl", "learning_rate"], "values": [{"value": 0.6006000000000006, "step": null, "ts": 1639564447.161904}]}, "version": 415}
{"obj": {"type": "LogFloats", "path": ["monitoring", "cpu"], "values": [{"value": 51.6, "step": null, "ts": 1639564447.8365176}]}, "version": 416}
{"obj": {"type": "LogFloats", "path": ["monitoring", "memory"], "values": [{"value": 8.780620574951172, "step": null, "ts": 1639564447.8365176}]}, "version": 417}
{"obj": {"type": "LogFloats", "path": ["monitoring", "gpu"], "values": [{"value": 96.0, "step": null, "ts": 1639564447.8365176}]}, "version": 418}
{"obj": {"type": "LogFloats", "path": ["monitoring", "gpu_memory"], "values": [{"value": 2.673248291015625, "step": null, "ts": 1639564447.8365176}]}, "version": 419}
{"obj": {"type": "LogFloats", "path": ["network_cycl", "train_loss"], "values": [{"value": 0.006898602412547916, "step": null, "ts": 1639564448.9795537}]}, "version": 420}
{"obj": {"type": "LogFloats", "path": ["network_cycl", "validation_mean_acc"], "values": [{"value": 0.727875, "step": null, "ts": 1639564449.4567535}]}, "version": 421}
{"obj": {"type": "LogFloats", "path": ["network_cycl", "validation_loss"], "values": [{"value": 0.05236269440501928, "step": null, "ts": 1639564449.4567535}]}, "version": 422}
{"obj": {"type": "LogStrings", "path": ["monitoring", "stdout"], "values": [{"value": "Training epoch 57", "step": null, "ts": 1639564449.4577549}]}, "version": 423}
{"obj": {"type": "LogStrings", "path": ["monitoring", "stdout"], "values": [{"value": "\n", "step": null, "ts": 1639564449.4577549}]}, "version": 424}
{"obj": {"type": "LogFloats", "path": ["network_cycl", "learning_rate"], "values": [{"value": 0.45069999999999977, "step": null, "ts": 1639564449.4577549}]}, "version": 425}
{"obj": {"type": "LogFloats", "path": ["network_cycl", "train_loss"], "values": [{"value": 0.007019002747256309, "step": null, "ts": 1639564451.2642124}]}, "version": 426}
{"obj": {"type": "LogFloats", "path": ["network_cycl", "validation_mean_acc"], "values": [{"value": 0.6673875, "step": null, "ts": 1639564451.7356403}]}, "version": 427}
{"obj": {"type": "LogFloats", "path": ["network_cycl", "validation_loss"], "values": [{"value": 0.06308459118008614, "step": null, "ts": 1639564451.7356403}]}, "version": 428}
{"obj": {"type": "LogStrings", "path": ["monitoring", "stdout"], "values": [{"value": "Training epoch 58", "step": null, "ts": 1639564451.736641}]}, "version": 429}
{"obj": {"type": "LogStrings", "path": ["monitoring", "stdout"], "values": [{"value": "\n", "step": null, "ts": 1639564451.736641}]}, "version": 430}
{"obj": {"type": "LogFloats", "path": ["network_cycl", "learning_rate"], "values": [{"value": 0.3008000000000003, "step": null, "ts": 1639564451.736641}]}, "version": 431}
{"obj": {"type": "LogFloats", "path": ["network_cycl", "train_loss"], "values": [{"value": 0.006756516580935568, "step": null, "ts": 1639564453.5482852}]}, "version": 432}
{"obj": {"type": "LogFloats", "path": ["network_cycl", "validation_mean_acc"], "values": [{"value": 0.7048833333333333, "step": null, "ts": 1639564454.0137076}]}, "version": 433}
{"obj": {"type": "LogFloats", "path": ["network_cycl", "validation_loss"], "values": [{"value": 0.05655215959995985, "step": null, "ts": 1639564454.0137076}]}, "version": 434}
{"obj": {"type": "LogStrings", "path": ["monitoring", "stdout"], "values": [{"value": "Training epoch 59", "step": null, "ts": 1639564454.0137076}]}, "version": 435}
{"obj": {"type": "LogStrings", "path": ["monitoring", "stdout"], "values": [{"value": "\n", "step": null, "ts": 1639564454.0137076}]}, "version": 436}
{"obj": {"type": "LogFloats", "path": ["network_cycl", "learning_rate"], "values": [{"value": 0.15089999999999948, "step": null, "ts": 1639564454.0137076}]}, "version": 437}
{"obj": {"type": "LogFloats", "path": ["network_cycl", "train_loss"], "values": [{"value": 0.006249610712984577, "step": null, "ts": 1639564455.8193462}]}, "version": 438}
{"obj": {"type": "LogFloats", "path": ["network_cycl", "validation_mean_acc"], "values": [{"value": 0.7051958333333334, "step": null, "ts": 1639564456.290487}]}, "version": 439}
{"obj": {"type": "LogFloats", "path": ["network_cycl", "validation_loss"], "values": [{"value": 0.05622982047498226, "step": null, "ts": 1639564456.290487}]}, "version": 440}
{"obj": {"type": "LogStrings", "path": ["monitoring", "stdout"], "values": [{"value": "Training epoch 60", "step": null, "ts": 1639564456.291488}]}, "version": 441}
{"obj": {"type": "LogStrings", "path": ["monitoring", "stdout"], "values": [{"value": "\n", "step": null, "ts": 1639564456.291488}]}, "version": 442}
{"obj": {"type": "LogFloats", "path": ["network_cycl", "learning_rate"], "values": [{"value": 0.001, "step": null, "ts": 1639564456.291488}]}, "version": 443}
{"obj": {"type": "LogFloats", "path": ["monitoring", "cpu"], "values": [{"value": 50.5, "step": null, "ts": 1639564457.8442562}]}, "version": 444}
{"obj": {"type": "LogFloats", "path": ["monitoring", "memory"], "values": [{"value": 8.774520874023438, "step": null, "ts": 1639564457.8442562}]}, "version": 445}
{"obj": {"type": "LogFloats", "path": ["monitoring", "gpu"], "values": [{"value": 80.0, "step": null, "ts": 1639564457.8442562}]}, "version": 446}
{"obj": {"type": "LogFloats", "path": ["monitoring", "gpu_memory"], "values": [{"value": 2.673248291015625, "step": null, "ts": 1639564457.8442562}]}, "version": 447}
{"obj": {"type": "LogFloats", "path": ["network_cycl", "train_loss"], "values": [{"value": 0.006070279370760545, "step": null, "ts": 1639564458.1004882}]}, "version": 448}
{"obj": {"type": "LogFloats", "path": ["network_cycl", "validation_mean_acc"], "values": [{"value": 0.7050291666666666, "step": null, "ts": 1639564458.570915}]}, "version": 449}
{"obj": {"type": "LogFloats", "path": ["network_cycl", "validation_loss"], "values": [{"value": 0.056259182281792164, "step": null, "ts": 1639564458.571916}]}, "version": 450}
{"obj": {"type": "UploadFile", "path": ["network_cycl", "network_weights"], "ext": "pt", "file_path": "C:\\Users\\Marc\\Desktop\\Billeder\\params\\thefinaltwo\\network_cycl.pt"}, "version": 451}
{"obj": {"type": "LogStrings", "path": ["monitoring", "stdout"], "values": [{"value": "test count:", "step": null, "ts": 1639564458.8121347}]}, "version": 452}
{"obj": {"type": "LogStrings", "path": ["monitoring", "stdout"], "values": [{"value": " ", "step": null, "ts": 1639564458.8121347}]}, "version": 453}
{"obj": {"type": "LogStrings", "path": ["monitoring", "stdout"], "values": [{"value": "1", "step": null, "ts": 1639564458.8121347}]}, "version": 454}
{"obj": {"type": "LogStrings", "path": ["monitoring", "stdout"], "values": [{"value": "\n", "step": null, "ts": 1639564458.8121347}]}, "version": 455}
{"obj": {"type": "LogStrings", "path": ["monitoring", "stdout"], "values": [{"value": "test count:", "step": null, "ts": 1639564458.9462564}]}, "version": 456}
{"obj": {"type": "LogStrings", "path": ["monitoring", "stdout"], "values": [{"value": " ", "step": null, "ts": 1639564458.9462564}]}, "version": 457}
{"obj": {"type": "LogStrings", "path": ["monitoring", "stdout"], "values": [{"value": "2", "step": null, "ts": 1639564458.9462564}]}, "version": 458}
{"obj": {"type": "LogStrings", "path": ["monitoring", "stdout"], "values": [{"value": "\n", "step": null, "ts": 1639564458.9462564}]}, "version": 459}
{"obj": {"type": "LogStrings", "path": ["monitoring", "stdout"], "values": [{"value": "0.8665208333333334", "step": null, "ts": 1639564459.0243263}]}, "version": 460}
{"obj": {"type": "LogStrings", "path": ["monitoring", "stdout"], "values": [{"value": "\n", "step": null, "ts": 1639564459.025328}]}, "version": 461}
{"obj": {"type": "LogFloats", "path": ["network_cycl", "test_accuracy_per_pic"], "values": [{"value": 0.880425, "step": null, "ts": 1639564459.025328}, {"value": 0.8526166666666667, "step": null, "ts": 1639564459.025328}]}, "version": 462}
{"obj": {"type": "LogFloats", "path": ["network_cycl", "mean_test_accuracy"], "values": [{"value": 0.8665208333333334, "step": null, "ts": 1639564459.025328}]}, "version": 463}
