{"obj": {"type": "AssignString", "path": ["sys", "name"], "value": "Untitled"}, "version": 1}
{"obj": {"type": "AssignString", "path": ["sys", "description"], "value": ""}, "version": 2}
{"obj": {"type": "AssignString", "path": ["sys", "hostname"], "value": "DESKTOP-SDMAFDQ"}, "version": 3}
{"obj": {"type": "AssignBool", "path": ["sys", "failed"], "value": false}, "version": 4}
{"obj": {"type": "ClearStringLog", "path": ["monitoring", "stdout"]}, "version": 5}
{"obj": {"type": "ClearStringLog", "path": ["monitoring", "stderr"]}, "version": 6}
{"obj": {"type": "AssignString", "path": ["source_code", "entrypoint"], "value": "final-network.py"}, "version": 7}
{"obj": {"type": "UploadFileSet", "path": ["source_code", "files"], "file_globs": ["C:\\Users\\Marc\\Documents\\GitHub\\Deep_final\\final-network.py"], "reset": "False"}, "version": 8}
{"obj": {"type": "ConfigFloatSeries", "path": ["monitoring", "cpu"], "min": 0.0, "max": 100.0, "unit": "%"}, "version": 9}
{"obj": {"type": "ClearFloatLog", "path": ["monitoring", "cpu"]}, "version": 10}
{"obj": {"type": "ConfigFloatSeries", "path": ["monitoring", "memory"], "min": 0.0, "max": 15.387199401855469, "unit": "GB"}, "version": 11}
{"obj": {"type": "ClearFloatLog", "path": ["monitoring", "memory"]}, "version": 12}
{"obj": {"type": "ConfigFloatSeries", "path": ["monitoring", "gpu"], "min": 0.0, "max": 100.0, "unit": "%"}, "version": 13}
{"obj": {"type": "ClearFloatLog", "path": ["monitoring", "gpu"]}, "version": 14}
{"obj": {"type": "ConfigFloatSeries", "path": ["monitoring", "gpu_memory"], "min": 0.0, "max": 4.0, "unit": "GB"}, "version": 15}
{"obj": {"type": "ClearFloatLog", "path": ["monitoring", "gpu_memory"]}, "version": 16}
{"obj": {"type": "LogFloats", "path": ["monitoring", "cpu"], "values": [{"value": 12.9, "step": null, "ts": 1639587839.5616808}]}, "version": 17}
{"obj": {"type": "LogFloats", "path": ["monitoring", "memory"], "values": [{"value": 8.242046356201172, "step": null, "ts": 1639587839.5616808}]}, "version": 18}
{"obj": {"type": "LogFloats", "path": ["monitoring", "gpu_memory"], "values": [{"value": 0.051025390625, "step": null, "ts": 1639587839.5616808}]}, "version": 19}
{"obj": {"type": "AssignString", "path": ["network", "parameters", "optimizer"], "value": "SGD"}, "version": 20}
{"obj": {"type": "AssignFloat", "path": ["network", "parameters", "optimizer_momentum"], "value": 0.9}, "version": 21}
{"obj": {"type": "AssignFloat", "path": ["network", "parameters", "optimizer_learning_rate"], "value": 0.001}, "version": 22}
{"obj": {"type": "AssignString", "path": ["network", "parameters", "loss_function"], "value": "MSEloss"}, "version": 23}
{"obj": {"type": "AssignString", "path": ["network", "parameters", "model"], "value": "GTA_Unet"}, "version": 24}
{"obj": {"type": "AssignString", "path": ["network", "parameters", "scheduler"], "value": "CyclicLR"}, "version": 25}
{"obj": {"type": "AssignFloat", "path": ["network", "parameters", "scheduler_base_lr"], "value": 0.001}, "version": 26}
{"obj": {"type": "AssignFloat", "path": ["network", "parameters", "scheduler_max_lr"], "value": 1.25}, "version": 27}
{"obj": {"type": "AssignInt", "path": ["network", "parameters", "scheduler_step_size_up"], "value": 10}, "version": 28}
{"obj": {"type": "LogStrings", "path": ["monitoring", "stdout"], "values": [{"value": "Training epoch 0", "step": null, "ts": 1639587839.8067093}]}, "version": 29}
{"obj": {"type": "LogStrings", "path": ["monitoring", "stdout"], "values": [{"value": "\n", "step": null, "ts": 1639587839.8067093}]}, "version": 30}
{"obj": {"type": "LogFloats", "path": ["network", "learning_rate"], "values": [{"value": 0.001, "step": null, "ts": 1639587839.8067093}]}, "version": 31}
{"obj": {"type": "LogFloats", "path": ["network", "train_loss"], "values": [{"value": 0.10303521369184766, "step": null, "ts": 1639587843.0842626}]}, "version": 32}
{"obj": {"type": "LogFloats", "path": ["network", "validation_mean_acc"], "values": [{"value": 0.0919, "step": null, "ts": 1639587843.308802}]}, "version": 33}
{"obj": {"type": "LogFloats", "path": ["network", "validation_loss"], "values": [{"value": 0.10306514799594879, "step": null, "ts": 1639587843.308802}]}, "version": 34}
{"obj": {"type": "LogStrings", "path": ["monitoring", "stdout"], "values": [{"value": "Training epoch 1", "step": null, "ts": 1639587843.308802}]}, "version": 35}
{"obj": {"type": "LogStrings", "path": ["monitoring", "stdout"], "values": [{"value": "\n", "step": null, "ts": 1639587843.308802}]}, "version": 36}
{"obj": {"type": "LogFloats", "path": ["network", "learning_rate"], "values": [{"value": 0.1159000000000001, "step": null, "ts": 1639587843.308802}]}, "version": 37}
{"obj": {"type": "LogFloats", "path": ["network", "train_loss"], "values": [{"value": 0.09057225499834333, "step": null, "ts": 1639587844.8918664}]}, "version": 38}
{"obj": {"type": "LogFloats", "path": ["network", "validation_mean_acc"], "values": [{"value": 0.248325, "step": null, "ts": 1639587845.1218603}]}, "version": 39}
{"obj": {"type": "LogFloats", "path": ["network", "validation_loss"], "values": [{"value": 0.10206789523363113, "step": null, "ts": 1639587845.1218603}]}, "version": 40}
{"obj": {"type": "LogStrings", "path": ["monitoring", "stdout"], "values": [{"value": "Training epoch 2", "step": null, "ts": 1639587845.1228614}]}, "version": 41}
{"obj": {"type": "LogStrings", "path": ["monitoring", "stdout"], "values": [{"value": "\n", "step": null, "ts": 1639587845.1228614}]}, "version": 42}
{"obj": {"type": "LogFloats", "path": ["network", "learning_rate"], "values": [{"value": 0.2308000000000002, "step": null, "ts": 1639587845.1228614}]}, "version": 43}
{"obj": {"type": "LogFloats", "path": ["network", "train_loss"], "values": [{"value": 0.04853207777653422, "step": null, "ts": 1639587846.7066133}]}, "version": 44}
{"obj": {"type": "LogFloats", "path": ["network", "validation_mean_acc"], "values": [{"value": 0.446675, "step": null, "ts": 1639587846.9388242}]}, "version": 45}
{"obj": {"type": "LogFloats", "path": ["network", "validation_loss"], "values": [{"value": 0.09464361518621445, "step": null, "ts": 1639587846.9388242}]}, "version": 46}
{"obj": {"type": "LogStrings", "path": ["monitoring", "stdout"], "values": [{"value": "Training epoch 3", "step": null, "ts": 1639587846.9388242}]}, "version": 47}
{"obj": {"type": "LogStrings", "path": ["monitoring", "stdout"], "values": [{"value": "\n", "step": null, "ts": 1639587846.9388242}]}, "version": 48}
{"obj": {"type": "LogFloats", "path": ["network", "learning_rate"], "values": [{"value": 0.3456999999999998, "step": null, "ts": 1639587846.9388242}]}, "version": 49}
{"obj": {"type": "LogFloats", "path": ["network", "train_loss"], "values": [{"value": 0.03530957390155111, "step": null, "ts": 1639587848.517735}]}, "version": 50}
{"obj": {"type": "LogFloats", "path": ["network", "validation_mean_acc"], "values": [{"value": 0.44611666666666666, "step": null, "ts": 1639587848.753949}]}, "version": 51}
{"obj": {"type": "LogFloats", "path": ["network", "validation_loss"], "values": [{"value": 0.10155397653579712, "step": null, "ts": 1639587848.753949}]}, "version": 52}
{"obj": {"type": "LogStrings", "path": ["monitoring", "stdout"], "values": [{"value": "Training epoch 4", "step": null, "ts": 1639587849.06566}]}, "version": 53}
{"obj": {"type": "LogStrings", "path": ["monitoring", "stdout"], "values": [{"value": "\n", "step": null, "ts": 1639587849.06566}]}, "version": 54}
{"obj": {"type": "LogFloats", "path": ["network", "learning_rate"], "values": [{"value": 0.4605999999999999, "step": null, "ts": 1639587849.06566}]}, "version": 55}
{"obj": {"type": "LogStrings", "path": ["monitoring", "traceback"], "values": [{"value": "An uncaught exception occurred while run was active on worker DESKTOP-SDMAFDQ.", "step": null, "ts": 1639587849.2848587}, {"value": "Marking run as failed", "step": null, "ts": 1639587849.2848587}, {"value": "Traceback:", "step": null, "ts": 1639587849.2848587}, {"value": "  File \"C:\\Users\\Marc\\Documents\\GitHub\\Deep_final\\final-network.py\", line 115, in <module>\n    train_loss.append(loss.item())\n", "step": null, "ts": 1639587849.2848587}, {"value": "", "step": null, "ts": 1639587849.2848587}]}, "version": 56}
{"obj": {"type": "AssignBool", "path": ["sys", "failed"], "value": true}, "version": 57}
{"obj": {"type": "LogStrings", "path": ["monitoring", "stderr"], "values": [{"value": "Traceback (most recent call last):\n", "step": null, "ts": 1639587849.2848587}]}, "version": 58}
{"obj": {"type": "LogStrings", "path": ["monitoring", "stderr"], "values": [{"value": "  File \"C:\\Users\\Marc\\Documents\\GitHub\\Deep_final\\final-network.py\", line 115, in <module>\n", "step": null, "ts": 1639587849.285859}]}, "version": 59}
{"obj": {"type": "LogStrings", "path": ["monitoring", "stderr"], "values": [{"value": "    ", "step": null, "ts": 1639587849.285859}]}, "version": 60}
{"obj": {"type": "LogStrings", "path": ["monitoring", "stderr"], "values": [{"value": "train_loss.append(loss.item())", "step": null, "ts": 1639587849.285859}]}, "version": 61}
{"obj": {"type": "LogStrings", "path": ["monitoring", "stderr"], "values": [{"value": "\n", "step": null, "ts": 1639587849.286861}]}, "version": 62}
{"obj": {"type": "LogStrings", "path": ["monitoring", "stderr"], "values": [{"value": "KeyboardInterrupt", "step": null, "ts": 1639587849.286861}]}, "version": 63}
{"obj": {"type": "LogStrings", "path": ["monitoring", "stderr"], "values": [{"value": "", "step": null, "ts": 1639587849.286861}]}, "version": 64}
{"obj": {"type": "LogStrings", "path": ["monitoring", "stderr"], "values": [{"value": "\n", "step": null, "ts": 1639587849.286861}]}, "version": 65}
