{"obj": {"type": "LogFloats", "path": ["monitoring", "cpu"], "values": [{"value": 6.7, "step": null, "ts": 1639298394.906094}]}, "version": 1}
{"obj": {"type": "LogFloats", "path": ["monitoring", "memory"], "values": [{"value": 6.969768524169922, "step": null, "ts": 1639298394.906094}]}, "version": 2}
{"obj": {"type": "LogFloats", "path": ["monitoring", "gpu_memory"], "values": [{"value": 0.051025390625, "step": null, "ts": 1639298394.906094}]}, "version": 3}
{"obj": {"type": "LogStrings", "path": ["monitoring", "traceback"], "values": [{"value": "An uncaught exception occurred while run was active on worker DESKTOP-SDMAFDQ.", "step": null, "ts": 1639298395.306433}, {"value": "Marking run as failed", "step": null, "ts": 1639298395.306433}, {"value": "Traceback:", "step": null, "ts": 1639298395.306433}, {"value": "  File \"C:\\Users\\Marc\\Documents\\GitHub\\Deep_final\\neptune test.py\", line 20, in <module>\n    model.load_state_dict(torch.load(net.iloc[0][\"value\"]))\n", "step": null, "ts": 1639298395.306433}, {"value": "  File \"C:\\Users\\Marc\\anaconda3\\envs\\deep\\lib\\site-packages\\torch\\serialization.py\", line 594, in load\n    with _open_file_like(f, 'rb') as opened_file:\n", "step": null, "ts": 1639298395.306433}, {"value": "  File \"C:\\Users\\Marc\\anaconda3\\envs\\deep\\lib\\site-packages\\torch\\serialization.py\", line 230, in _open_file_like\n    return _open_file(name_or_buffer, mode)\n", "step": null, "ts": 1639298395.306433}, {"value": "  File \"C:\\Users\\Marc\\anaconda3\\envs\\deep\\lib\\site-packages\\torch\\serialization.py\", line 211, in __init__\n    super(_open_file, self).__init__(open(name, mode))\n", "step": null, "ts": 1639298395.306433}, {"value": "[Errno 2] No such file or directory: \"OrderedDict([('inc.double_conv.0.weight', tensor([[[[ 0.1535, -0.1866,  0.0685],\\n          [-0.0835,  0.0129, -0.1563],\\n          [ 0.1615,  0.1046, -0.0049]],\\n\\n         [[-0.1308,  0.0741,  0.1269],\\n          [ 0.0296, -0.2039,  0.0524],\\n          [-0.0901, -0.0794, -0.1018]],\\n\\n         [[-0.1506,  0.0054, -0.1179],\\n          [ 0.0276, -0.1099,  0.0295],\\n          [ 0.1541, -0.1375,  0.1193]]],\\n\\n\\n        [[[ 0.0244, -0.1606, -0.0960],\\n          [-0.2045, -0.1709,  0.0950],\\n          [ 0.0059, -0.2091,  0.0941]],\\n\\n         [[ 0.0731,  0.1063, -0.0715],\\n          [-0.1362,  0.0265,  0.0387],\\n          [-0.1454, -0.0838,  0.0513]],\\n\\n         [[ 0.1568,  0.1320,  0.1767],\\n          [-0.1299, -0.0248,  0.0899],\\n          [ 0.1819,  0.0514,  0.0976]]],\\n\\n\\n        [[[ 0.1307, -0.1138, -0.1205],\\n          [-0.1520, -0.0533,  0.0755],\\n          [-0.1183,  0.0192, -0.2177]],\\n\\n         [[-0.0764,  0.1704,  0.1059],\\n          [-0", "step": null, "ts": 1639298395.306433}]}, "version": 4}
{"obj": {"type": "AssignBool", "path": ["sys", "failed"], "value": true}, "version": 5}
{"obj": {"type": "LogStrings", "path": ["monitoring", "stderr"], "values": [{"value": "Traceback (most recent call last):\n", "step": null, "ts": 1639298395.3079417}]}, "version": 6}
{"obj": {"type": "LogStrings", "path": ["monitoring", "stderr"], "values": [{"value": "  File \"C:\\Users\\Marc\\Documents\\GitHub\\Deep_final\\neptune test.py\", line 20, in <module>\n", "step": null, "ts": 1639298395.3079417}]}, "version": 7}
{"obj": {"type": "LogStrings", "path": ["monitoring", "stderr"], "values": [{"value": "    ", "step": null, "ts": 1639298395.3079417}]}, "version": 8}
{"obj": {"type": "LogStrings", "path": ["monitoring", "stderr"], "values": [{"value": "model.load_state_dict(torch.load(net.iloc[0][\"value\"]))", "step": null, "ts": 1639298395.3079417}]}, "version": 9}
{"obj": {"type": "LogStrings", "path": ["monitoring", "stderr"], "values": [{"value": "\n", "step": null, "ts": 1639298395.3089418}]}, "version": 10}
{"obj": {"type": "LogStrings", "path": ["monitoring", "stderr"], "values": [{"value": "  File \"C:\\Users\\Marc\\anaconda3\\envs\\deep\\lib\\site-packages\\torch\\serialization.py\", line 594, in load\n", "step": null, "ts": 1639298395.3089418}]}, "version": 11}
{"obj": {"type": "LogStrings", "path": ["monitoring", "stderr"], "values": [{"value": "    ", "step": null, "ts": 1639298395.3099349}]}, "version": 12}
{"obj": {"type": "LogStrings", "path": ["monitoring", "stderr"], "values": [{"value": "with _open_file_like(f, 'rb') as opened_file:", "step": null, "ts": 1639298395.3099349}]}, "version": 13}
{"obj": {"type": "LogStrings", "path": ["monitoring", "stderr"], "values": [{"value": "\n", "step": null, "ts": 1639298395.3099349}]}, "version": 14}
{"obj": {"type": "LogStrings", "path": ["monitoring", "stderr"], "values": [{"value": "  File \"C:\\Users\\Marc\\anaconda3\\envs\\deep\\lib\\site-packages\\torch\\serialization.py\", line 230, in _open_file_like\n", "step": null, "ts": 1639298395.3099349}]}, "version": 15}
{"obj": {"type": "LogStrings", "path": ["monitoring", "stderr"], "values": [{"value": "    ", "step": null, "ts": 1639298395.3109367}]}, "version": 16}
{"obj": {"type": "LogStrings", "path": ["monitoring", "stderr"], "values": [{"value": "return _open_file(name_or_buffer, mode)", "step": null, "ts": 1639298395.3109367}]}, "version": 17}
{"obj": {"type": "LogStrings", "path": ["monitoring", "stderr"], "values": [{"value": "\n", "step": null, "ts": 1639298395.3109367}]}, "version": 18}
{"obj": {"type": "LogStrings", "path": ["monitoring", "stderr"], "values": [{"value": "  File \"C:\\Users\\Marc\\anaconda3\\envs\\deep\\lib\\site-packages\\torch\\serialization.py\", line 211, in __init__\n", "step": null, "ts": 1639298395.3109367}]}, "version": 19}
{"obj": {"type": "LogStrings", "path": ["monitoring", "stderr"], "values": [{"value": "    ", "step": null, "ts": 1639298395.3119373}]}, "version": 20}
{"obj": {"type": "LogStrings", "path": ["monitoring", "stderr"], "values": [{"value": "super(_open_file, self).__init__(open(name, mode))", "step": null, "ts": 1639298395.3119373}]}, "version": 21}
{"obj": {"type": "LogStrings", "path": ["monitoring", "stderr"], "values": [{"value": "\n", "step": null, "ts": 1639298395.3119373}]}, "version": 22}
{"obj": {"type": "LogStrings", "path": ["monitoring", "stderr"], "values": [{"value": "FileNotFoundError", "step": null, "ts": 1639298395.3119373}]}, "version": 23}
{"obj": {"type": "LogStrings", "path": ["monitoring", "stderr"], "values": [{"value": ": ", "step": null, "ts": 1639298395.3119373}]}, "version": 24}
{"obj": {"type": "LogStrings", "path": ["monitoring", "stderr"], "values": [{"value": "[Errno 2] No such file or directory: \"OrderedDict([('inc.double_conv.0.weight', tensor([[[[ 0.1535, -0.1866,  0.0685],\\n          [-0.0835,  0.0129, -0.1563],\\n          [ 0.1615,  0.1046, -0.0049]],\\n\\n         [[-0.1308,  0.0741,  0.1269],\\n          [ 0.0296, -0.2039,  0.0524],\\n          [-0.0901, -0.0794, -0.1018]],\\n\\n         [[-0.1506,  0.0054, -0.1179],\\n          [ 0.0276, -0.1099,  0.0295],\\n          [ 0.1541, -0.1375,  0.1193]]],\\n\\n\\n        [[[ 0.0244, -0.1606, -0.0960],\\n          [-0.2045, -0.1709,  0.0950],\\n          [ 0.0059, -0.2091,  0.0941]],\\n\\n         [[ 0.0731,  0.1063, -0.0715],\\n          [-0.1362,  0.0265,  0.0387],\\n          [-0.1454, -0.0838,  0.0513]],\\n\\n         [[ 0.1568,  0.1320,  0.1767],\\n          [-0.1299, -0.0248,  0.0899],\\n          [ 0.1819,  0.0514,  0.0976]]],\\n\\n\\n        [[[ 0.1307, -0.1138, -0.1205],\\n          [-0.1520, -0.0533,  0.0755],\\n          [-0.1183,  0.0192, -0.2177]],\\n\\n         [[-0.0764,  0.1704,  0.1059],\\n          [-0", "step": null, "ts": 1639298395.3129375}]}, "version": 25}
{"obj": {"type": "LogStrings", "path": ["monitoring", "stderr"], "values": [{"value": "\n", "step": null, "ts": 1639298395.3129375}]}, "version": 26}
