{"obj": {"type": "AssignString", "path": ["sys", "name"], "value": "Untitled"}, "version": 1}
{"obj": {"type": "AssignString", "path": ["sys", "description"], "value": ""}, "version": 2}
{"obj": {"type": "AssignString", "path": ["sys", "hostname"], "value": "DESKTOP-SDMAFDQ"}, "version": 3}
{"obj": {"type": "AssignBool", "path": ["sys", "failed"], "value": false}, "version": 4}
{"obj": {"type": "ClearStringLog", "path": ["monitoring", "stdout"]}, "version": 5}
{"obj": {"type": "ClearStringLog", "path": ["monitoring", "stderr"]}, "version": 6}
{"obj": {"type": "AssignString", "path": ["source_code", "entrypoint"], "value": "max_learning-finder.py"}, "version": 7}
{"obj": {"type": "UploadFileSet", "path": ["source_code", "files"], "file_globs": ["C:\\Users\\Marc\\Documents\\GitHub\\Deep_final\\max_learning-finder.py"], "reset": "False"}, "version": 8}
{"obj": {"type": "ConfigFloatSeries", "path": ["monitoring", "cpu"], "min": 0.0, "max": 100.0, "unit": "%"}, "version": 9}
{"obj": {"type": "ClearFloatLog", "path": ["monitoring", "cpu"]}, "version": 10}
{"obj": {"type": "ConfigFloatSeries", "path": ["monitoring", "memory"], "min": 0.0, "max": 15.387199401855469, "unit": "GB"}, "version": 11}
{"obj": {"type": "ClearFloatLog", "path": ["monitoring", "memory"]}, "version": 12}
{"obj": {"type": "ConfigFloatSeries", "path": ["monitoring", "gpu"], "min": 0.0, "max": 100.0, "unit": "%"}, "version": 13}
{"obj": {"type": "ClearFloatLog", "path": ["monitoring", "gpu"]}, "version": 14}
{"obj": {"type": "ConfigFloatSeries", "path": ["monitoring", "gpu_memory"], "min": 0.0, "max": 4.0, "unit": "GB"}, "version": 15}
{"obj": {"type": "ClearFloatLog", "path": ["monitoring", "gpu_memory"]}, "version": 16}
{"obj": {"type": "LogFloats", "path": ["monitoring", "cpu"], "values": [{"value": 11.6, "step": null, "ts": 1639493864.7415054}]}, "version": 17}
{"obj": {"type": "LogFloats", "path": ["monitoring", "memory"], "values": [{"value": 7.182369232177734, "step": null, "ts": 1639493864.7415054}]}, "version": 18}
{"obj": {"type": "LogFloats", "path": ["monitoring", "gpu"], "values": [{"value": 3.0, "step": null, "ts": 1639493864.7415054}]}, "version": 19}
{"obj": {"type": "LogFloats", "path": ["monitoring", "gpu_memory"], "values": [{"value": 0.1513671875, "step": null, "ts": 1639493864.7415054}]}, "version": 20}
{"obj": {"type": "AssignString", "path": ["network", "parameters", "optimizer"], "value": "SGD"}, "version": 21}
{"obj": {"type": "AssignFloat", "path": ["network", "parameters", "optimizer_momentum"], "value": 0.9}, "version": 22}
{"obj": {"type": "AssignFloat", "path": ["network", "parameters", "optimizer_learning_rate"], "value": 0.1}, "version": 23}
{"obj": {"type": "AssignString", "path": ["network", "parameters", "loss_function"], "value": "MSEloss"}, "version": 24}
{"obj": {"type": "AssignString", "path": ["network", "parameters", "model"], "value": "GTA_Unet"}, "version": 25}
{"obj": {"type": "AssignString", "path": ["network", "parameters", "scheduler"], "value": "CyclicLR"}, "version": 26}
{"obj": {"type": "AssignFloat", "path": ["network", "parameters", "scheduler_base_lr"], "value": 0.001}, "version": 27}
{"obj": {"type": "AssignFloat", "path": ["network", "parameters", "scheduler_max_lr"], "value": 1.5}, "version": 28}
{"obj": {"type": "AssignInt", "path": ["network", "parameters", "scheduler_step_size_up"], "value": 30}, "version": 29}
{"obj": {"type": "LogStrings", "path": ["monitoring", "stdout"], "values": [{"value": "Training epoch 0", "step": null, "ts": 1639493864.9800255}]}, "version": 30}
{"obj": {"type": "LogStrings", "path": ["monitoring", "stdout"], "values": [{"value": "\n", "step": null, "ts": 1639493864.9800255}]}, "version": 31}
{"obj": {"type": "LogFloats", "path": ["network", "learning_rate"], "values": [{"value": 0.001, "step": null, "ts": 1639493864.9800255}]}, "version": 32}
{"obj": {"type": "LogFloats", "path": ["network", "train_loss"], "values": [{"value": 0.0993850514292717, "step": null, "ts": 1639493867.7657895}]}, "version": 33}
{"obj": {"type": "LogFloats", "path": ["network", "validation_acc_per_pic"], "values": [{"value": 0.138675, "step": null, "ts": 1639493867.9942813}]}, "version": 34}
{"obj": {"type": "LogFloats", "path": ["network", "validation_loss"], "values": [{"value": 0.10054385662078857, "step": null, "ts": 1639493867.9942813}]}, "version": 35}
{"obj": {"type": "LogStrings", "path": ["monitoring", "stdout"], "values": [{"value": "Training epoch 1", "step": null, "ts": 1639493867.9952822}]}, "version": 36}
{"obj": {"type": "LogStrings", "path": ["monitoring", "stdout"], "values": [{"value": "\n", "step": null, "ts": 1639493867.9952822}]}, "version": 37}
{"obj": {"type": "LogFloats", "path": ["network", "learning_rate"], "values": [{"value": 0.03847499999999987, "step": null, "ts": 1639493867.9952822}]}, "version": 38}
{"obj": {"type": "LogFloats", "path": ["network", "train_loss"], "values": [{"value": 0.09493736624717712, "step": null, "ts": 1639493869.1466875}]}, "version": 39}
{"obj": {"type": "LogFloats", "path": ["network", "validation_acc_per_pic"], "values": [{"value": 0.253575, "step": null, "ts": 1639493869.3838193}]}, "version": 40}
{"obj": {"type": "LogFloats", "path": ["network", "validation_loss"], "values": [{"value": 0.09682271629571915, "step": null, "ts": 1639493869.3838193}]}, "version": 41}
{"obj": {"type": "LogStrings", "path": ["monitoring", "stdout"], "values": [{"value": "Training epoch 2", "step": null, "ts": 1639493869.3838193}]}, "version": 42}
{"obj": {"type": "LogStrings", "path": ["monitoring", "stdout"], "values": [{"value": "\n", "step": null, "ts": 1639493869.3838193}]}, "version": 43}
{"obj": {"type": "LogFloats", "path": ["network", "learning_rate"], "values": [{"value": 0.07594999999999974, "step": null, "ts": 1639493869.3838193}]}, "version": 44}
{"obj": {"type": "LogFloats", "path": ["network", "train_loss"], "values": [{"value": 0.07928993999958038, "step": null, "ts": 1639493870.5375698}]}, "version": 45}
{"obj": {"type": "LogFloats", "path": ["network", "validation_acc_per_pic"], "values": [{"value": 0.37945, "step": null, "ts": 1639493870.7697809}]}, "version": 46}
{"obj": {"type": "LogFloats", "path": ["network", "validation_loss"], "values": [{"value": 0.08967263996601105, "step": null, "ts": 1639493870.7697809}]}, "version": 47}
{"obj": {"type": "LogStrings", "path": ["monitoring", "stdout"], "values": [{"value": "Training epoch 3", "step": null, "ts": 1639493870.7697809}]}, "version": 48}
{"obj": {"type": "LogStrings", "path": ["monitoring", "stdout"], "values": [{"value": "\n", "step": null, "ts": 1639493870.7697809}]}, "version": 49}
{"obj": {"type": "LogFloats", "path": ["network", "learning_rate"], "values": [{"value": 0.11342500000000028, "step": null, "ts": 1639493870.7697809}]}, "version": 50}
{"obj": {"type": "LogFloats", "path": ["network", "train_loss"], "values": [{"value": 0.06316918507218361, "step": null, "ts": 1639493871.9213407}]}, "version": 51}
{"obj": {"type": "LogFloats", "path": ["network", "validation_acc_per_pic"], "values": [{"value": 0.445325, "step": null, "ts": 1639493872.155833}]}, "version": 52}
{"obj": {"type": "LogFloats", "path": ["network", "validation_loss"], "values": [{"value": 0.08453570306301117, "step": null, "ts": 1639493872.155833}]}, "version": 53}
{"obj": {"type": "LogStrings", "path": ["monitoring", "stdout"], "values": [{"value": "Training epoch 4", "step": null, "ts": 1639493872.155833}]}, "version": 54}
{"obj": {"type": "LogStrings", "path": ["monitoring", "stdout"], "values": [{"value": "\n", "step": null, "ts": 1639493872.155833}]}, "version": 55}
{"obj": {"type": "LogFloats", "path": ["network", "learning_rate"], "values": [{"value": 0.15090000000000015, "step": null, "ts": 1639493872.1568336}]}, "version": 56}
{"obj": {"type": "LogFloats", "path": ["network", "train_loss"], "values": [{"value": 0.04507482796907425, "step": null, "ts": 1639493873.3160248}]}, "version": 57}
{"obj": {"type": "LogFloats", "path": ["network", "validation_acc_per_pic"], "values": [{"value": 0.5442, "step": null, "ts": 1639493873.5602462}]}, "version": 58}
{"obj": {"type": "LogFloats", "path": ["network", "validation_loss"], "values": [{"value": 0.07083262503147125, "step": null, "ts": 1639493873.5602462}]}, "version": 59}
{"obj": {"type": "LogStrings", "path": ["monitoring", "stdout"], "values": [{"value": "Training epoch 5", "step": null, "ts": 1639493873.5602462}]}, "version": 60}
{"obj": {"type": "LogStrings", "path": ["monitoring", "stdout"], "values": [{"value": "\n", "step": null, "ts": 1639493873.5602462}]}, "version": 61}
{"obj": {"type": "LogFloats", "path": ["network", "learning_rate"], "values": [{"value": 0.18837500000000001, "step": null, "ts": 1639493873.5602462}]}, "version": 62}
{"obj": {"type": "LogFloats", "path": ["network", "train_loss"], "values": [{"value": 0.036744586750864984, "step": null, "ts": 1639493874.7335987}]}, "version": 63}
{"obj": {"type": "LogFloats", "path": ["monitoring", "cpu"], "values": [{"value": 44.6, "step": null, "ts": 1639493874.7526166}]}, "version": 64}
{"obj": {"type": "LogFloats", "path": ["monitoring", "memory"], "values": [{"value": 8.821971893310547, "step": null, "ts": 1639493874.7526166}]}, "version": 65}
{"obj": {"type": "LogFloats", "path": ["monitoring", "gpu"], "values": [{"value": 72.0, "step": null, "ts": 1639493874.7526166}]}, "version": 66}
{"obj": {"type": "LogFloats", "path": ["monitoring", "gpu_memory"], "values": [{"value": 2.660308837890625, "step": null, "ts": 1639493874.7526166}]}, "version": 67}
{"obj": {"type": "LogFloats", "path": ["network", "validation_acc_per_pic"], "values": [{"value": 0.5279916666666666, "step": null, "ts": 1639493874.9688127}]}, "version": 68}
{"obj": {"type": "LogFloats", "path": ["network", "validation_loss"], "values": [{"value": 0.08177274465560913, "step": null, "ts": 1639493874.9688127}]}, "version": 69}
{"obj": {"type": "LogStrings", "path": ["monitoring", "stdout"], "values": [{"value": "Training epoch 6", "step": null, "ts": 1639493874.9698133}]}, "version": 70}
{"obj": {"type": "LogStrings", "path": ["monitoring", "stdout"], "values": [{"value": "\n", "step": null, "ts": 1639493874.9698133}]}, "version": 71}
{"obj": {"type": "LogFloats", "path": ["network", "learning_rate"], "values": [{"value": 0.22584999999999988, "step": null, "ts": 1639493874.9698133}]}, "version": 72}
{"obj": {"type": "LogFloats", "path": ["network", "train_loss"], "values": [{"value": 0.03421898167580366, "step": null, "ts": 1639493876.1274385}]}, "version": 73}
{"obj": {"type": "LogFloats", "path": ["network", "validation_acc_per_pic"], "values": [{"value": 0.651375, "step": null, "ts": 1639493876.3676567}]}, "version": 74}
{"obj": {"type": "LogFloats", "path": ["network", "validation_loss"], "values": [{"value": 0.06355775147676468, "step": null, "ts": 1639493876.3676567}]}, "version": 75}
{"obj": {"type": "LogStrings", "path": ["monitoring", "stdout"], "values": [{"value": "Training epoch 7", "step": null, "ts": 1639493876.3686602}]}, "version": 76}
{"obj": {"type": "LogStrings", "path": ["monitoring", "stdout"], "values": [{"value": "\n", "step": null, "ts": 1639493876.3686602}]}, "version": 77}
{"obj": {"type": "LogFloats", "path": ["network", "learning_rate"], "values": [{"value": 0.26332499999999975, "step": null, "ts": 1639493876.3686602}]}, "version": 78}
{"obj": {"type": "LogFloats", "path": ["network", "train_loss"], "values": [{"value": 0.0324065612629056, "step": null, "ts": 1639493877.559057}]}, "version": 79}
{"obj": {"type": "LogFloats", "path": ["network", "validation_acc_per_pic"], "values": [{"value": 0.59095, "step": null, "ts": 1639493877.796272}]}, "version": 80}
{"obj": {"type": "LogFloats", "path": ["network", "validation_loss"], "values": [{"value": 0.064967580139637, "step": null, "ts": 1639493877.7972732}]}, "version": 81}
{"obj": {"type": "LogStrings", "path": ["monitoring", "stdout"], "values": [{"value": "Training epoch 8", "step": null, "ts": 1639493877.7972732}]}, "version": 82}
{"obj": {"type": "LogStrings", "path": ["monitoring", "stdout"], "values": [{"value": "\n", "step": null, "ts": 1639493877.7972732}]}, "version": 83}
{"obj": {"type": "LogFloats", "path": ["network", "learning_rate"], "values": [{"value": 0.3008000000000003, "step": null, "ts": 1639493877.7972732}]}, "version": 84}
{"obj": {"type": "LogFloats", "path": ["network", "train_loss"], "values": [{"value": 0.022921666875481604, "step": null, "ts": 1639493878.946649}]}, "version": 85}
{"obj": {"type": "LogFloats", "path": ["network", "validation_acc_per_pic"], "values": [{"value": 0.6531, "step": null, "ts": 1639493879.1843462}]}, "version": 86}
{"obj": {"type": "LogFloats", "path": ["network", "validation_loss"], "values": [{"value": 0.0566711351275444, "step": null, "ts": 1639493879.185347}]}, "version": 87}
{"obj": {"type": "LogStrings", "path": ["monitoring", "stdout"], "values": [{"value": "Training epoch 9", "step": null, "ts": 1639493879.185347}]}, "version": 88}
{"obj": {"type": "LogStrings", "path": ["monitoring", "stdout"], "values": [{"value": "\n", "step": null, "ts": 1639493879.185347}]}, "version": 89}
{"obj": {"type": "LogFloats", "path": ["network", "learning_rate"], "values": [{"value": 0.33827500000000016, "step": null, "ts": 1639493879.185347}]}, "version": 90}
{"obj": {"type": "LogFloats", "path": ["network", "train_loss"], "values": [{"value": 0.01962655633687973, "step": null, "ts": 1639493880.3398135}]}, "version": 91}
{"obj": {"type": "LogFloats", "path": ["network", "validation_acc_per_pic"], "values": [{"value": 0.651675, "step": null, "ts": 1639493880.5768}]}, "version": 92}
{"obj": {"type": "LogFloats", "path": ["network", "validation_loss"], "values": [{"value": 0.05649678781628609, "step": null, "ts": 1639493880.5768}]}, "version": 93}
{"obj": {"type": "LogStrings", "path": ["monitoring", "stdout"], "values": [{"value": "Training epoch 10", "step": null, "ts": 1639493880.5768}]}, "version": 94}
{"obj": {"type": "LogStrings", "path": ["monitoring", "stdout"], "values": [{"value": "\n", "step": null, "ts": 1639493880.5768}]}, "version": 95}
{"obj": {"type": "LogFloats", "path": ["network", "learning_rate"], "values": [{"value": 0.37575000000000003, "step": null, "ts": 1639493880.5768}]}, "version": 96}
{"obj": {"type": "LogFloats", "path": ["network", "train_loss"], "values": [{"value": 0.023691941797733308, "step": null, "ts": 1639493881.7247643}]}, "version": 97}
{"obj": {"type": "LogFloats", "path": ["network", "validation_acc_per_pic"], "values": [{"value": 0.6436666666666667, "step": null, "ts": 1639493881.9588742}]}, "version": 98}
{"obj": {"type": "LogFloats", "path": ["network", "validation_loss"], "values": [{"value": 0.059600550681352615, "step": null, "ts": 1639493881.9588742}]}, "version": 99}
{"obj": {"type": "LogStrings", "path": ["monitoring", "stdout"], "values": [{"value": "Training epoch 11", "step": null, "ts": 1639493881.9598749}]}, "version": 100}
{"obj": {"type": "LogStrings", "path": ["monitoring", "stdout"], "values": [{"value": "\n", "step": null, "ts": 1639493881.9598749}]}, "version": 101}
{"obj": {"type": "LogFloats", "path": ["network", "learning_rate"], "values": [{"value": 0.4132249999999999, "step": null, "ts": 1639493881.9598749}]}, "version": 102}
{"obj": {"type": "LogFloats", "path": ["network", "train_loss"], "values": [{"value": 0.020128029212355614, "step": null, "ts": 1639493883.1037946}]}, "version": 103}
{"obj": {"type": "LogFloats", "path": ["network", "validation_acc_per_pic"], "values": [{"value": 0.636525, "step": null, "ts": 1639493883.34426}]}, "version": 104}
{"obj": {"type": "LogFloats", "path": ["network", "validation_loss"], "values": [{"value": 0.06122725456953049, "step": null, "ts": 1639493883.3452609}]}, "version": 105}
{"obj": {"type": "LogStrings", "path": ["monitoring", "stdout"], "values": [{"value": "Training epoch 12", "step": null, "ts": 1639493883.3452609}]}, "version": 106}
{"obj": {"type": "LogStrings", "path": ["monitoring", "stdout"], "values": [{"value": "\n", "step": null, "ts": 1639493883.3452609}]}, "version": 107}
{"obj": {"type": "LogFloats", "path": ["network", "learning_rate"], "values": [{"value": 0.45069999999999977, "step": null, "ts": 1639493883.3452609}]}, "version": 108}
{"obj": {"type": "LogFloats", "path": ["network", "train_loss"], "values": [{"value": 0.025938326492905617, "step": null, "ts": 1639493884.491582}]}, "version": 109}
{"obj": {"type": "LogFloats", "path": ["network", "validation_acc_per_pic"], "values": [{"value": 0.5806416666666666, "step": null, "ts": 1639493884.7328002}]}, "version": 110}
{"obj": {"type": "LogFloats", "path": ["network", "validation_loss"], "values": [{"value": 0.07248031347990036, "step": null, "ts": 1639493884.7328002}]}, "version": 111}
{"obj": {"type": "LogStrings", "path": ["monitoring", "stdout"], "values": [{"value": "Training epoch 13", "step": null, "ts": 1639493884.7338018}]}, "version": 112}
{"obj": {"type": "LogStrings", "path": ["monitoring", "stdout"], "values": [{"value": "\n", "step": null, "ts": 1639493884.7338018}]}, "version": 113}
{"obj": {"type": "LogFloats", "path": ["network", "learning_rate"], "values": [{"value": 0.4881750000000003, "step": null, "ts": 1639493884.7338018}]}, "version": 114}
{"obj": {"type": "LogFloats", "path": ["monitoring", "cpu"], "values": [{"value": 53.7, "step": null, "ts": 1639493884.7628279}]}, "version": 115}
{"obj": {"type": "LogFloats", "path": ["monitoring", "memory"], "values": [{"value": 8.748001098632812, "step": null, "ts": 1639493884.7628279}]}, "version": 116}
{"obj": {"type": "LogFloats", "path": ["monitoring", "gpu"], "values": [{"value": 60.0, "step": null, "ts": 1639493884.7628279}]}, "version": 117}
{"obj": {"type": "LogFloats", "path": ["monitoring", "gpu_memory"], "values": [{"value": 2.660308837890625, "step": null, "ts": 1639493884.7628279}]}, "version": 118}
{"obj": {"type": "LogFloats", "path": ["network", "train_loss"], "values": [{"value": 0.021289972215890886, "step": null, "ts": 1639493885.8882039}]}, "version": 119}
{"obj": {"type": "LogFloats", "path": ["network", "validation_acc_per_pic"], "values": [{"value": 0.685925, "step": null, "ts": 1639493886.1204154}]}, "version": 120}
{"obj": {"type": "LogFloats", "path": ["network", "validation_loss"], "values": [{"value": 0.05654836818575859, "step": null, "ts": 1639493886.1204154}]}, "version": 121}
{"obj": {"type": "LogStrings", "path": ["monitoring", "stdout"], "values": [{"value": "Training epoch 14", "step": null, "ts": 1639493886.1204154}]}, "version": 122}
{"obj": {"type": "LogStrings", "path": ["monitoring", "stdout"], "values": [{"value": "\n", "step": null, "ts": 1639493886.1204154}]}, "version": 123}
{"obj": {"type": "LogFloats", "path": ["network", "learning_rate"], "values": [{"value": 0.5256500000000002, "step": null, "ts": 1639493886.1204154}]}, "version": 124}
{"obj": {"type": "LogFloats", "path": ["network", "train_loss"], "values": [{"value": 0.019600606709718704, "step": null, "ts": 1639493887.2772024}]}, "version": 125}
{"obj": {"type": "LogFloats", "path": ["network", "validation_acc_per_pic"], "values": [{"value": 0.6095083333333333, "step": null, "ts": 1639493887.510414}]}, "version": 126}
{"obj": {"type": "LogFloats", "path": ["network", "validation_loss"], "values": [{"value": 0.06374716013669968, "step": null, "ts": 1639493887.510414}]}, "version": 127}
{"obj": {"type": "LogStrings", "path": ["monitoring", "stdout"], "values": [{"value": "Training epoch 15", "step": null, "ts": 1639493887.5114143}]}, "version": 128}
{"obj": {"type": "LogStrings", "path": ["monitoring", "stdout"], "values": [{"value": "\n", "step": null, "ts": 1639493887.5114143}]}, "version": 129}
{"obj": {"type": "LogFloats", "path": ["network", "learning_rate"], "values": [{"value": 0.563125, "step": null, "ts": 1639493887.5114143}]}, "version": 130}
{"obj": {"type": "LogFloats", "path": ["network", "train_loss"], "values": [{"value": 0.016908238269388677, "step": null, "ts": 1639493888.6607468}]}, "version": 131}
{"obj": {"type": "LogFloats", "path": ["network", "validation_acc_per_pic"], "values": [{"value": 0.6198583333333333, "step": null, "ts": 1639493888.8969615}]}, "version": 132}
{"obj": {"type": "LogFloats", "path": ["network", "validation_loss"], "values": [{"value": 0.06433897465467453, "step": null, "ts": 1639493888.8969615}]}, "version": 133}
{"obj": {"type": "LogStrings", "path": ["monitoring", "stdout"], "values": [{"value": "Training epoch 16", "step": null, "ts": 1639493888.8979623}]}, "version": 134}
{"obj": {"type": "LogStrings", "path": ["monitoring", "stdout"], "values": [{"value": "\n", "step": null, "ts": 1639493888.8979623}]}, "version": 135}
{"obj": {"type": "LogFloats", "path": ["network", "learning_rate"], "values": [{"value": 0.6005999999999999, "step": null, "ts": 1639493888.8979623}]}, "version": 136}
{"obj": {"type": "LogFloats", "path": ["network", "train_loss"], "values": [{"value": 0.021827638149261475, "step": null, "ts": 1639493890.0455022}]}, "version": 137}
{"obj": {"type": "LogFloats", "path": ["network", "validation_acc_per_pic"], "values": [{"value": 0.6049083333333334, "step": null, "ts": 1639493890.2891421}]}, "version": 138}
{"obj": {"type": "LogFloats", "path": ["network", "validation_loss"], "values": [{"value": 0.06809961050748825, "step": null, "ts": 1639493890.2891421}]}, "version": 139}
{"obj": {"type": "LogStrings", "path": ["monitoring", "stdout"], "values": [{"value": "Training epoch 17", "step": null, "ts": 1639493890.2891421}]}, "version": 140}
{"obj": {"type": "LogStrings", "path": ["monitoring", "stdout"], "values": [{"value": "\n", "step": null, "ts": 1639493890.2891421}]}, "version": 141}
{"obj": {"type": "LogFloats", "path": ["network", "learning_rate"], "values": [{"value": 0.6380749999999998, "step": null, "ts": 1639493890.2891421}]}, "version": 142}
{"obj": {"type": "LogFloats", "path": ["network", "train_loss"], "values": [{"value": 0.02046451922506094, "step": null, "ts": 1639493891.442589}]}, "version": 143}
{"obj": {"type": "LogFloats", "path": ["network", "validation_acc_per_pic"], "values": [{"value": 0.6825083333333334, "step": null, "ts": 1639493891.683808}]}, "version": 144}
{"obj": {"type": "LogFloats", "path": ["network", "validation_loss"], "values": [{"value": 0.05508342757821083, "step": null, "ts": 1639493891.683808}]}, "version": 145}
{"obj": {"type": "LogStrings", "path": ["monitoring", "stdout"], "values": [{"value": "Training epoch 18", "step": null, "ts": 1639493891.683808}]}, "version": 146}
{"obj": {"type": "LogStrings", "path": ["monitoring", "stdout"], "values": [{"value": "\n", "step": null, "ts": 1639493891.683808}]}, "version": 147}
{"obj": {"type": "LogFloats", "path": ["network", "learning_rate"], "values": [{"value": 0.6755500000000003, "step": null, "ts": 1639493891.683808}]}, "version": 148}
{"obj": {"type": "LogFloats", "path": ["network", "train_loss"], "values": [{"value": 0.020212696865200996, "step": null, "ts": 1639493892.839147}]}, "version": 149}
{"obj": {"type": "LogFloats", "path": ["network", "validation_acc_per_pic"], "values": [{"value": 0.642075, "step": null, "ts": 1639493893.0773628}]}, "version": 150}
{"obj": {"type": "LogFloats", "path": ["network", "validation_loss"], "values": [{"value": 0.061475012451410294, "step": null, "ts": 1639493893.0773628}]}, "version": 151}
{"obj": {"type": "LogStrings", "path": ["monitoring", "stdout"], "values": [{"value": "Training epoch 19", "step": null, "ts": 1639493893.0773628}]}, "version": 152}
{"obj": {"type": "LogStrings", "path": ["monitoring", "stdout"], "values": [{"value": "\n", "step": null, "ts": 1639493893.0773628}]}, "version": 153}
{"obj": {"type": "LogFloats", "path": ["network", "learning_rate"], "values": [{"value": 0.7130250000000001, "step": null, "ts": 1639493893.0773628}]}, "version": 154}
{"obj": {"type": "LogFloats", "path": ["network", "train_loss"], "values": [{"value": 0.01757211871445179, "step": null, "ts": 1639493894.2261546}]}, "version": 155}
{"obj": {"type": "LogFloats", "path": ["network", "validation_acc_per_pic"], "values": [{"value": 0.61135, "step": null, "ts": 1639493894.469619}]}, "version": 156}
{"obj": {"type": "LogFloats", "path": ["network", "validation_loss"], "values": [{"value": 0.06361033022403717, "step": null, "ts": 1639493894.469619}]}, "version": 157}
{"obj": {"type": "LogStrings", "path": ["monitoring", "stdout"], "values": [{"value": "Training epoch 20", "step": null, "ts": 1639493894.470619}]}, "version": 158}
{"obj": {"type": "LogStrings", "path": ["monitoring", "stdout"], "values": [{"value": "\n", "step": null, "ts": 1639493894.470619}]}, "version": 159}
{"obj": {"type": "LogFloats", "path": ["network", "learning_rate"], "values": [{"value": 0.7505000000000001, "step": null, "ts": 1639493894.470619}]}, "version": 160}
{"obj": {"type": "LogFloats", "path": ["monitoring", "cpu"], "values": [{"value": 54.2, "step": null, "ts": 1639493894.7678888}]}, "version": 161}
{"obj": {"type": "LogFloats", "path": ["monitoring", "memory"], "values": [{"value": 8.750991821289062, "step": null, "ts": 1639493894.7678888}]}, "version": 162}
{"obj": {"type": "LogFloats", "path": ["monitoring", "gpu"], "values": [{"value": 97.0, "step": null, "ts": 1639493894.7678888}]}, "version": 163}
{"obj": {"type": "LogFloats", "path": ["monitoring", "gpu_memory"], "values": [{"value": 2.660308837890625, "step": null, "ts": 1639493894.7678888}]}, "version": 164}
{"obj": {"type": "LogFloats", "path": ["network", "train_loss"], "values": [{"value": 0.015402733813971281, "step": null, "ts": 1639493895.6241064}]}, "version": 165}
{"obj": {"type": "LogFloats", "path": ["network", "validation_acc_per_pic"], "values": [{"value": 0.5998, "step": null, "ts": 1639493895.8617601}]}, "version": 166}
{"obj": {"type": "LogFloats", "path": ["network", "validation_loss"], "values": [{"value": 0.06774881482124329, "step": null, "ts": 1639493895.8627615}]}, "version": 167}
{"obj": {"type": "LogStrings", "path": ["monitoring", "stdout"], "values": [{"value": "Training epoch 21", "step": null, "ts": 1639493895.8627615}]}, "version": 168}
{"obj": {"type": "LogStrings", "path": ["monitoring", "stdout"], "values": [{"value": "\n", "step": null, "ts": 1639493895.8627615}]}, "version": 169}
{"obj": {"type": "LogFloats", "path": ["network", "learning_rate"], "values": [{"value": 0.787975, "step": null, "ts": 1639493895.8627615}]}, "version": 170}
{"obj": {"type": "LogFloats", "path": ["network", "train_loss"], "values": [{"value": 0.014412910118699074, "step": null, "ts": 1639493897.0061991}]}, "version": 171}
{"obj": {"type": "LogFloats", "path": ["network", "validation_acc_per_pic"], "values": [{"value": 0.6380583333333333, "step": null, "ts": 1639493897.2474184}]}, "version": 172}
{"obj": {"type": "LogFloats", "path": ["network", "validation_loss"], "values": [{"value": 0.06205836310982704, "step": null, "ts": 1639493897.2474184}]}, "version": 173}
{"obj": {"type": "LogStrings", "path": ["monitoring", "stdout"], "values": [{"value": "Training epoch 22", "step": null, "ts": 1639493897.2474184}]}, "version": 174}
{"obj": {"type": "LogStrings", "path": ["monitoring", "stdout"], "values": [{"value": "\n", "step": null, "ts": 1639493897.2474184}]}, "version": 175}
{"obj": {"type": "LogFloats", "path": ["network", "learning_rate"], "values": [{"value": 0.8254499999999998, "step": null, "ts": 1639493897.248419}]}, "version": 176}
{"obj": {"type": "LogFloats", "path": ["network", "train_loss"], "values": [{"value": 0.01377088837325573, "step": null, "ts": 1639493898.4077802}]}, "version": 177}
{"obj": {"type": "LogFloats", "path": ["network", "validation_acc_per_pic"], "values": [{"value": 0.5730333333333333, "step": null, "ts": 1639493898.648764}]}, "version": 178}
{"obj": {"type": "LogFloats", "path": ["network", "validation_loss"], "values": [{"value": 0.0733816847205162, "step": null, "ts": 1639493898.648764}]}, "version": 179}
{"obj": {"type": "LogStrings", "path": ["monitoring", "stdout"], "values": [{"value": "Training epoch 23", "step": null, "ts": 1639493898.648764}]}, "version": 180}
{"obj": {"type": "LogStrings", "path": ["monitoring", "stdout"], "values": [{"value": "\n", "step": null, "ts": 1639493898.648764}]}, "version": 181}
{"obj": {"type": "LogFloats", "path": ["network", "learning_rate"], "values": [{"value": 0.8629250000000003, "step": null, "ts": 1639493898.6497645}]}, "version": 182}
{"obj": {"type": "LogFloats", "path": ["network", "train_loss"], "values": [{"value": 0.01327751725912094, "step": null, "ts": 1639493899.8005645}]}, "version": 183}
{"obj": {"type": "LogFloats", "path": ["network", "validation_acc_per_pic"], "values": [{"value": 0.611825, "step": null, "ts": 1639493900.044788}]}, "version": 184}
{"obj": {"type": "LogFloats", "path": ["network", "validation_loss"], "values": [{"value": 0.06570091843605042, "step": null, "ts": 1639493900.044788}]}, "version": 185}
{"obj": {"type": "LogStrings", "path": ["monitoring", "stdout"], "values": [{"value": "Training epoch 24", "step": null, "ts": 1639493900.044788}]}, "version": 186}
{"obj": {"type": "LogStrings", "path": ["monitoring", "stdout"], "values": [{"value": "\n", "step": null, "ts": 1639493900.0457873}]}, "version": 187}
{"obj": {"type": "LogFloats", "path": ["network", "learning_rate"], "values": [{"value": 0.9004000000000002, "step": null, "ts": 1639493900.0457873}]}, "version": 188}
{"obj": {"type": "LogFloats", "path": ["network", "train_loss"], "values": [{"value": 0.012377134058624506, "step": null, "ts": 1639493901.212249}]}, "version": 189}
{"obj": {"type": "LogFloats", "path": ["network", "validation_acc_per_pic"], "values": [{"value": 0.672375, "step": null, "ts": 1639493901.4531708}]}, "version": 190}
{"obj": {"type": "LogFloats", "path": ["network", "validation_loss"], "values": [{"value": 0.057448502629995346, "step": null, "ts": 1639493901.4531708}]}, "version": 191}
{"obj": {"type": "LogStrings", "path": ["monitoring", "stdout"], "values": [{"value": "Training epoch 25", "step": null, "ts": 1639493901.4531708}]}, "version": 192}
{"obj": {"type": "LogStrings", "path": ["monitoring", "stdout"], "values": [{"value": "\n", "step": null, "ts": 1639493901.4531708}]}, "version": 193}
{"obj": {"type": "LogFloats", "path": ["network", "learning_rate"], "values": [{"value": 0.9378750000000001, "step": null, "ts": 1639493901.4531708}]}, "version": 194}
{"obj": {"type": "LogFloats", "path": ["network", "train_loss"], "values": [{"value": 0.011313979048281908, "step": null, "ts": 1639493902.6034007}]}, "version": 195}
{"obj": {"type": "LogFloats", "path": ["network", "validation_acc_per_pic"], "values": [{"value": 0.6162, "step": null, "ts": 1639493902.8496258}]}, "version": 196}
{"obj": {"type": "LogFloats", "path": ["network", "validation_loss"], "values": [{"value": 0.06576390564441681, "step": null, "ts": 1639493902.8496258}]}, "version": 197}
{"obj": {"type": "LogStrings", "path": ["monitoring", "stdout"], "values": [{"value": "Training epoch 26", "step": null, "ts": 1639493902.8496258}]}, "version": 198}
{"obj": {"type": "LogStrings", "path": ["monitoring", "stdout"], "values": [{"value": "\n", "step": null, "ts": 1639493902.8496258}]}, "version": 199}
{"obj": {"type": "LogFloats", "path": ["network", "learning_rate"], "values": [{"value": 0.9753499999999999, "step": null, "ts": 1639493902.850626}]}, "version": 200}
{"obj": {"type": "LogFloats", "path": ["network", "train_loss"], "values": [{"value": 0.012029097881168127, "step": null, "ts": 1639493903.9990942}]}, "version": 201}
{"obj": {"type": "LogFloats", "path": ["network", "validation_acc_per_pic"], "values": [{"value": 0.644875, "step": null, "ts": 1639493904.23531}]}, "version": 202}
{"obj": {"type": "LogFloats", "path": ["network", "validation_loss"], "values": [{"value": 0.06394245475530624, "step": null, "ts": 1639493904.23531}]}, "version": 203}
{"obj": {"type": "LogStrings", "path": ["monitoring", "stdout"], "values": [{"value": "Training epoch 27", "step": null, "ts": 1639493904.2363093}]}, "version": 204}
{"obj": {"type": "LogStrings", "path": ["monitoring", "stdout"], "values": [{"value": "\n", "step": null, "ts": 1639493904.2363093}]}, "version": 205}
{"obj": {"type": "LogFloats", "path": ["network", "learning_rate"], "values": [{"value": 1.0128249999999996, "step": null, "ts": 1639493904.2363093}]}, "version": 206}
{"obj": {"type": "LogFloats", "path": ["monitoring", "cpu"], "values": [{"value": 53.2, "step": null, "ts": 1639493904.7810833}]}, "version": 207}
{"obj": {"type": "LogFloats", "path": ["monitoring", "memory"], "values": [{"value": 8.779273986816406, "step": null, "ts": 1639493904.7810833}]}, "version": 208}
{"obj": {"type": "LogFloats", "path": ["monitoring", "gpu"], "values": [{"value": 81.0, "step": null, "ts": 1639493904.7810833}]}, "version": 209}
{"obj": {"type": "LogFloats", "path": ["monitoring", "gpu_memory"], "values": [{"value": 2.660308837890625, "step": null, "ts": 1639493904.7810833}]}, "version": 210}
{"obj": {"type": "LogFloats", "path": ["network", "train_loss"], "values": [{"value": 0.011817743629217147, "step": null, "ts": 1639493905.3936384}]}, "version": 211}
{"obj": {"type": "LogFloats", "path": ["network", "validation_acc_per_pic"], "values": [{"value": 0.6155166666666667, "step": null, "ts": 1639493905.6302035}]}, "version": 212}
{"obj": {"type": "LogFloats", "path": ["network", "validation_loss"], "values": [{"value": 0.06914098560810089, "step": null, "ts": 1639493905.6312044}]}, "version": 213}
{"obj": {"type": "LogStrings", "path": ["monitoring", "stdout"], "values": [{"value": "Training epoch 28", "step": null, "ts": 1639493905.6312044}]}, "version": 214}
{"obj": {"type": "LogStrings", "path": ["monitoring", "stdout"], "values": [{"value": "\n", "step": null, "ts": 1639493905.6312044}]}, "version": 215}
{"obj": {"type": "LogFloats", "path": ["network", "learning_rate"], "values": [{"value": 1.0503000000000002, "step": null, "ts": 1639493905.6312044}]}, "version": 216}
{"obj": {"type": "LogFloats", "path": ["network", "train_loss"], "values": [{"value": 0.01057208739221096, "step": null, "ts": 1639493906.781582}]}, "version": 217}
{"obj": {"type": "LogFloats", "path": ["network", "validation_acc_per_pic"], "values": [{"value": 0.6287666666666667, "step": null, "ts": 1639493907.0180526}]}, "version": 218}
{"obj": {"type": "LogFloats", "path": ["network", "validation_loss"], "values": [{"value": 0.06663385033607483, "step": null, "ts": 1639493907.0180526}]}, "version": 219}
{"obj": {"type": "LogStrings", "path": ["monitoring", "stdout"], "values": [{"value": "Training epoch 29", "step": null, "ts": 1639493907.0180526}]}, "version": 220}
{"obj": {"type": "LogStrings", "path": ["monitoring", "stdout"], "values": [{"value": "\n", "step": null, "ts": 1639493907.0180526}]}, "version": 221}
{"obj": {"type": "LogFloats", "path": ["network", "learning_rate"], "values": [{"value": 1.0877750000000002, "step": null, "ts": 1639493907.0180526}]}, "version": 222}
{"obj": {"type": "LogFloats", "path": ["network", "train_loss"], "values": [{"value": 0.009307579137384892, "step": null, "ts": 1639493908.1857994}]}, "version": 223}
{"obj": {"type": "LogFloats", "path": ["network", "validation_acc_per_pic"], "values": [{"value": 0.6554916666666667, "step": null, "ts": 1639493908.4209225}]}, "version": 224}
{"obj": {"type": "LogFloats", "path": ["network", "validation_loss"], "values": [{"value": 0.06359653919935226, "step": null, "ts": 1639493908.4209225}]}, "version": 225}
{"obj": {"type": "LogStrings", "path": ["monitoring", "stdout"], "values": [{"value": "Training epoch 30", "step": null, "ts": 1639493908.4209225}]}, "version": 226}
{"obj": {"type": "LogStrings", "path": ["monitoring", "stdout"], "values": [{"value": "\n", "step": null, "ts": 1639493908.4209225}]}, "version": 227}
{"obj": {"type": "LogFloats", "path": ["network", "learning_rate"], "values": [{"value": 1.1252499999999999, "step": null, "ts": 1639493908.4209225}]}, "version": 228}
{"obj": {"type": "LogFloats", "path": ["network", "train_loss"], "values": [{"value": 0.008711633924394845, "step": null, "ts": 1639493909.5676486}]}, "version": 229}
{"obj": {"type": "LogFloats", "path": ["network", "validation_acc_per_pic"], "values": [{"value": 0.60985, "step": null, "ts": 1639493909.8058648}]}, "version": 230}
{"obj": {"type": "LogFloats", "path": ["network", "validation_loss"], "values": [{"value": 0.07034201174974442, "step": null, "ts": 1639493909.8058648}]}, "version": 231}
{"obj": {"type": "LogStrings", "path": ["monitoring", "stdout"], "values": [{"value": "Training epoch 31", "step": null, "ts": 1639493909.806866}]}, "version": 232}
{"obj": {"type": "LogStrings", "path": ["monitoring", "stdout"], "values": [{"value": "\n", "step": null, "ts": 1639493909.806866}]}, "version": 233}
{"obj": {"type": "LogFloats", "path": ["network", "learning_rate"], "values": [{"value": 1.1627249999999998, "step": null, "ts": 1639493909.806866}]}, "version": 234}
{"obj": {"type": "LogFloats", "path": ["network", "train_loss"], "values": [{"value": 0.008370388485491275, "step": null, "ts": 1639493910.9652874}]}, "version": 235}
{"obj": {"type": "LogFloats", "path": ["network", "validation_acc_per_pic"], "values": [{"value": 0.6685666666666666, "step": null, "ts": 1639493911.205506}]}, "version": 236}
{"obj": {"type": "LogFloats", "path": ["network", "validation_loss"], "values": [{"value": 0.06114604324102402, "step": null, "ts": 1639493911.2065072}]}, "version": 237}
{"obj": {"type": "LogStrings", "path": ["monitoring", "stdout"], "values": [{"value": "Training epoch 32", "step": null, "ts": 1639493911.2065072}]}, "version": 238}
{"obj": {"type": "LogStrings", "path": ["monitoring", "stdout"], "values": [{"value": "\n", "step": null, "ts": 1639493911.2065072}]}, "version": 239}
{"obj": {"type": "LogFloats", "path": ["network", "learning_rate"], "values": [{"value": 1.2001999999999997, "step": null, "ts": 1639493911.2065072}]}, "version": 240}
{"obj": {"type": "LogFloats", "path": ["network", "train_loss"], "values": [{"value": 0.008547315094619989, "step": null, "ts": 1639493912.3629317}]}, "version": 241}
{"obj": {"type": "LogFloats", "path": ["network", "validation_acc_per_pic"], "values": [{"value": 0.6300666666666667, "step": null, "ts": 1639493912.599519}]}, "version": 242}
{"obj": {"type": "LogFloats", "path": ["network", "validation_loss"], "values": [{"value": 0.06800007075071335, "step": null, "ts": 1639493912.599519}]}, "version": 243}
{"obj": {"type": "LogStrings", "path": ["monitoring", "stdout"], "values": [{"value": "Training epoch 33", "step": null, "ts": 1639493912.599519}]}, "version": 244}
{"obj": {"type": "LogStrings", "path": ["monitoring", "stdout"], "values": [{"value": "\n", "step": null, "ts": 1639493912.599519}]}, "version": 245}
{"obj": {"type": "LogFloats", "path": ["network", "learning_rate"], "values": [{"value": 1.2376750000000003, "step": null, "ts": 1639493912.599519}]}, "version": 246}
{"obj": {"type": "LogFloats", "path": ["network", "train_loss"], "values": [{"value": 0.007626535929739475, "step": null, "ts": 1639493913.751759}]}, "version": 247}
{"obj": {"type": "LogFloats", "path": ["network", "validation_acc_per_pic"], "values": [{"value": 0.6303416666666667, "step": null, "ts": 1639493913.9889739}]}, "version": 248}
{"obj": {"type": "LogFloats", "path": ["network", "validation_loss"], "values": [{"value": 0.06865310668945312, "step": null, "ts": 1639493913.9899747}]}, "version": 249}
{"obj": {"type": "LogStrings", "path": ["monitoring", "stdout"], "values": [{"value": "Training epoch 34", "step": null, "ts": 1639493913.9899747}]}, "version": 250}
{"obj": {"type": "LogStrings", "path": ["monitoring", "stdout"], "values": [{"value": "\n", "step": null, "ts": 1639493913.9899747}]}, "version": 251}
{"obj": {"type": "LogFloats", "path": ["network", "learning_rate"], "values": [{"value": 1.27515, "step": null, "ts": 1639493913.9899747}]}, "version": 252}
{"obj": {"type": "LogFloats", "path": ["monitoring", "cpu"], "values": [{"value": 53.2, "step": null, "ts": 1639493914.789061}]}, "version": 253}
{"obj": {"type": "LogFloats", "path": ["monitoring", "memory"], "values": [{"value": 8.75979995727539, "step": null, "ts": 1639493914.789061}]}, "version": 254}
{"obj": {"type": "LogFloats", "path": ["monitoring", "gpu"], "values": [{"value": 71.0, "step": null, "ts": 1639493914.789061}]}, "version": 255}
{"obj": {"type": "LogFloats", "path": ["monitoring", "gpu_memory"], "values": [{"value": 2.660308837890625, "step": null, "ts": 1639493914.789061}]}, "version": 256}
{"obj": {"type": "LogFloats", "path": ["network", "train_loss"], "values": [{"value": 0.007105998415499926, "step": null, "ts": 1639493915.1467707}]}, "version": 257}
{"obj": {"type": "LogFloats", "path": ["network", "validation_acc_per_pic"], "values": [{"value": 0.62165, "step": null, "ts": 1639493915.389935}]}, "version": 258}
{"obj": {"type": "LogFloats", "path": ["network", "validation_loss"], "values": [{"value": 0.07106323540210724, "step": null, "ts": 1639493915.389935}]}, "version": 259}
{"obj": {"type": "LogStrings", "path": ["monitoring", "stdout"], "values": [{"value": "Training epoch 35", "step": null, "ts": 1639493915.389935}]}, "version": 260}
{"obj": {"type": "LogStrings", "path": ["monitoring", "stdout"], "values": [{"value": "\n", "step": null, "ts": 1639493915.389935}]}, "version": 261}
{"obj": {"type": "LogFloats", "path": ["network", "learning_rate"], "values": [{"value": 1.312625, "step": null, "ts": 1639493915.3909361}]}, "version": 262}
{"obj": {"type": "LogFloats", "path": ["network", "train_loss"], "values": [{"value": 0.007804041542112827, "step": null, "ts": 1639493916.5501335}]}, "version": 263}
{"obj": {"type": "LogFloats", "path": ["network", "validation_acc_per_pic"], "values": [{"value": 0.6166333333333334, "step": null, "ts": 1639493916.7833452}]}, "version": 264}
{"obj": {"type": "LogFloats", "path": ["network", "validation_loss"], "values": [{"value": 0.07018303126096725, "step": null, "ts": 1639493916.7833452}]}, "version": 265}
{"obj": {"type": "LogStrings", "path": ["monitoring", "stdout"], "values": [{"value": "Training epoch 36", "step": null, "ts": 1639493916.784346}]}, "version": 266}
{"obj": {"type": "LogStrings", "path": ["monitoring", "stdout"], "values": [{"value": "\n", "step": null, "ts": 1639493916.784346}]}, "version": 267}
{"obj": {"type": "LogFloats", "path": ["network", "learning_rate"], "values": [{"value": 1.3500999999999999, "step": null, "ts": 1639493916.784346}]}, "version": 268}
{"obj": {"type": "LogFloats", "path": ["network", "train_loss"], "values": [{"value": 0.0074323429726064205, "step": null, "ts": 1639493917.931653}]}, "version": 269}
{"obj": {"type": "LogFloats", "path": ["network", "validation_acc_per_pic"], "values": [{"value": 0.6518, "step": null, "ts": 1639493918.1648648}]}, "version": 270}
{"obj": {"type": "LogFloats", "path": ["network", "validation_loss"], "values": [{"value": 0.06431906670331955, "step": null, "ts": 1639493918.1648648}]}, "version": 271}
{"obj": {"type": "LogStrings", "path": ["monitoring", "stdout"], "values": [{"value": "Training epoch 37", "step": null, "ts": 1639493918.1648648}]}, "version": 272}
{"obj": {"type": "LogStrings", "path": ["monitoring", "stdout"], "values": [{"value": "\n", "step": null, "ts": 1639493918.1648648}]}, "version": 273}
{"obj": {"type": "LogFloats", "path": ["network", "learning_rate"], "values": [{"value": 1.3875749999999998, "step": null, "ts": 1639493918.1648648}]}, "version": 274}
{"obj": {"type": "LogFloats", "path": ["network", "train_loss"], "values": [{"value": 0.006764126103371381, "step": null, "ts": 1639493919.3062606}]}, "version": 275}
{"obj": {"type": "LogFloats", "path": ["network", "validation_acc_per_pic"], "values": [{"value": 0.6422083333333334, "step": null, "ts": 1639493919.542475}]}, "version": 276}
{"obj": {"type": "LogFloats", "path": ["network", "validation_loss"], "values": [{"value": 0.06711935997009277, "step": null, "ts": 1639493919.542475}]}, "version": 277}
{"obj": {"type": "LogStrings", "path": ["monitoring", "stdout"], "values": [{"value": "Training epoch 38", "step": null, "ts": 1639493919.542475}]}, "version": 278}
{"obj": {"type": "LogStrings", "path": ["monitoring", "stdout"], "values": [{"value": "\n", "step": null, "ts": 1639493919.542475}]}, "version": 279}
{"obj": {"type": "LogFloats", "path": ["network", "learning_rate"], "values": [{"value": 1.4250500000000001, "step": null, "ts": 1639493919.542475}]}, "version": 280}
{"obj": {"type": "LogFloats", "path": ["network", "train_loss"], "values": [{"value": 0.006731705367565155, "step": null, "ts": 1639493920.7009296}]}, "version": 281}
{"obj": {"type": "LogFloats", "path": ["network", "validation_acc_per_pic"], "values": [{"value": 0.58005, "step": null, "ts": 1639493920.9441502}]}, "version": 282}
{"obj": {"type": "LogFloats", "path": ["network", "validation_loss"], "values": [{"value": 0.07885938137769699, "step": null, "ts": 1639493920.9441502}]}, "version": 283}
{"obj": {"type": "LogStrings", "path": ["monitoring", "stdout"], "values": [{"value": "Training epoch 39", "step": null, "ts": 1639493920.9441502}]}, "version": 284}
{"obj": {"type": "LogStrings", "path": ["monitoring", "stdout"], "values": [{"value": "\n", "step": null, "ts": 1639493920.9441502}]}, "version": 285}
{"obj": {"type": "LogFloats", "path": ["network", "learning_rate"], "values": [{"value": 1.462525, "step": null, "ts": 1639493920.9441502}]}, "version": 286}
{"obj": {"type": "LogFloats", "path": ["network", "train_loss"], "values": [{"value": 0.006465841876342892, "step": null, "ts": 1639493922.1055188}]}, "version": 287}
{"obj": {"type": "LogFloats", "path": ["network", "validation_acc_per_pic"], "values": [{"value": 0.66505, "step": null, "ts": 1639493922.3457372}]}, "version": 288}
{"obj": {"type": "LogFloats", "path": ["network", "validation_loss"], "values": [{"value": 0.06176258623600006, "step": null, "ts": 1639493922.3457372}]}, "version": 289}
{"obj": {"type": "LogStrings", "path": ["monitoring", "stdout"], "values": [{"value": "Training epoch 40", "step": null, "ts": 1639493922.3457372}]}, "version": 290}
{"obj": {"type": "LogStrings", "path": ["monitoring", "stdout"], "values": [{"value": "\n", "step": null, "ts": 1639493922.3457372}]}, "version": 291}
{"obj": {"type": "LogFloats", "path": ["network", "learning_rate"], "values": [{"value": 1.5, "step": null, "ts": 1639493922.3457372}]}, "version": 292}
{"obj": {"type": "LogFloats", "path": ["network", "train_loss"], "values": [{"value": 0.006266781641170382, "step": null, "ts": 1639493923.5056546}]}, "version": 293}
{"obj": {"type": "LogFloats", "path": ["network", "validation_acc_per_pic"], "values": [{"value": 0.6248, "step": null, "ts": 1639493923.7452195}]}, "version": 294}
{"obj": {"type": "LogFloats", "path": ["network", "validation_loss"], "values": [{"value": 0.07085704803466797, "step": null, "ts": 1639493923.7452195}]}, "version": 295}
{"obj": {"type": "UploadFile", "path": ["network", "network_weights"], "ext": "pt", "file_path": "C:\\Users\\Marc\\Desktop\\Billeder\\params\\find_learning\\network.pt"}, "version": 296}
{"obj": {"type": "LogStrings", "path": ["monitoring", "stdout"], "values": [{"value": "test count:", "step": null, "ts": 1639493923.9894423}]}, "version": 297}
{"obj": {"type": "LogStrings", "path": ["monitoring", "stdout"], "values": [{"value": " ", "step": null, "ts": 1639493923.9894423}]}, "version": 298}
{"obj": {"type": "LogStrings", "path": ["monitoring", "stdout"], "values": [{"value": "1", "step": null, "ts": 1639493923.9894423}]}, "version": 299}
{"obj": {"type": "LogStrings", "path": ["monitoring", "stdout"], "values": [{"value": "\n", "step": null, "ts": 1639493923.9894423}]}, "version": 300}
{"obj": {"type": "LogStrings", "path": ["monitoring", "stdout"], "values": [{"value": "test count:", "step": null, "ts": 1639493924.1205606}]}, "version": 301}
{"obj": {"type": "LogStrings", "path": ["monitoring", "stdout"], "values": [{"value": " ", "step": null, "ts": 1639493924.1205606}]}, "version": 302}
{"obj": {"type": "LogStrings", "path": ["monitoring", "stdout"], "values": [{"value": "2", "step": null, "ts": 1639493924.1205606}]}, "version": 303}
{"obj": {"type": "LogStrings", "path": ["monitoring", "stdout"], "values": [{"value": "\n", "step": null, "ts": 1639493924.1205606}]}, "version": 304}
{"obj": {"type": "LogStrings", "path": ["monitoring", "stdout"], "values": [{"value": "0.9044041666666667", "step": null, "ts": 1639493924.1996324}]}, "version": 305}
{"obj": {"type": "LogStrings", "path": ["monitoring", "stdout"], "values": [{"value": "\n", "step": null, "ts": 1639493924.1996324}]}, "version": 306}
{"obj": {"type": "LogFloats", "path": ["network", "test_accuracy_per_pic"], "values": [{"value": 0.8860666666666667, "step": null, "ts": 1639493924.1996324}, {"value": 0.9227416666666667, "step": null, "ts": 1639493924.1996324}]}, "version": 307}
{"obj": {"type": "LogFloats", "path": ["network", "mean_test_accuracy"], "values": [{"value": 0.9044041666666667, "step": null, "ts": 1639493924.1996324}]}, "version": 308}
