{"obj": {"type": "AssignString", "path": ["sys", "name"], "value": "Untitled"}, "version": 1}
{"obj": {"type": "AssignString", "path": ["sys", "description"], "value": ""}, "version": 2}
{"obj": {"type": "AssignString", "path": ["sys", "hostname"], "value": "DESKTOP-SDMAFDQ"}, "version": 3}
{"obj": {"type": "AssignBool", "path": ["sys", "failed"], "value": false}, "version": 4}
{"obj": {"type": "ClearStringLog", "path": ["monitoring", "stdout"]}, "version": 5}
{"obj": {"type": "ClearStringLog", "path": ["monitoring", "stderr"]}, "version": 6}
{"obj": {"type": "AssignString", "path": ["source_code", "entrypoint"], "value": "trainer.py"}, "version": 7}
{"obj": {"type": "UploadFileSet", "path": ["source_code", "files"], "file_globs": ["C:\\Users\\Marc\\Documents\\GitHub\\Deep_final\\trainer.py"], "reset": "False"}, "version": 8}
{"obj": {"type": "ConfigFloatSeries", "path": ["monitoring", "cpu"], "min": 0.0, "max": 100.0, "unit": "%"}, "version": 9}
{"obj": {"type": "ClearFloatLog", "path": ["monitoring", "cpu"]}, "version": 10}
{"obj": {"type": "ConfigFloatSeries", "path": ["monitoring", "memory"], "min": 0.0, "max": 15.387199401855469, "unit": "GB"}, "version": 11}
{"obj": {"type": "ClearFloatLog", "path": ["monitoring", "memory"]}, "version": 12}
{"obj": {"type": "ConfigFloatSeries", "path": ["monitoring", "gpu"], "min": 0.0, "max": 100.0, "unit": "%"}, "version": 13}
{"obj": {"type": "ClearFloatLog", "path": ["monitoring", "gpu"]}, "version": 14}
{"obj": {"type": "ConfigFloatSeries", "path": ["monitoring", "gpu_memory"], "min": 0.0, "max": 4.0, "unit": "GB"}, "version": 15}
{"obj": {"type": "ClearFloatLog", "path": ["monitoring", "gpu_memory"]}, "version": 16}
{"obj": {"type": "LogFloats", "path": ["monitoring", "cpu"], "values": [{"value": 13.6, "step": null, "ts": 1639231805.502806}]}, "version": 17}
{"obj": {"type": "LogFloats", "path": ["monitoring", "memory"], "values": [{"value": 7.026618957519531, "step": null, "ts": 1639231805.502806}]}, "version": 18}
{"obj": {"type": "LogFloats", "path": ["monitoring", "gpu"], "values": [{"value": 3.0, "step": null, "ts": 1639231805.502806}]}, "version": 19}
{"obj": {"type": "LogFloats", "path": ["monitoring", "gpu_memory"], "values": [{"value": 0.1513671875, "step": null, "ts": 1639231805.502806}]}, "version": 20}
{"obj": {"type": "AssignFloat", "path": ["network1", "parameters", "learning_rate"], "value": 0.01}, "version": 21}
{"obj": {"type": "AssignFloat", "path": ["network1", "parameters", "momentum"], "value": 0.9}, "version": 22}
{"obj": {"type": "AssignString", "path": ["network1", "parameters", "optimizer"], "value": "SGD"}, "version": 23}
{"obj": {"type": "AssignString", "path": ["network1", "parameters", "loss_function"], "value": "MSEloss"}, "version": 24}
{"obj": {"type": "AssignString", "path": ["network1", "parameters", "model"], "value": "GTA_Unet"}, "version": 25}
{"obj": {"type": "LogStrings", "path": ["monitoring", "stdout"], "values": [{"value": "Training epoch 0", "step": null, "ts": 1639231805.729346}]}, "version": 26}
{"obj": {"type": "LogStrings", "path": ["monitoring", "stdout"], "values": [{"value": "\n", "step": null, "ts": 1639231805.729346}]}, "version": 27}
{"obj": {"type": "LogFloats", "path": ["monitoring", "cpu"], "values": [{"value": 44.0, "step": null, "ts": 1639231815.519995}]}, "version": 28}
{"obj": {"type": "LogFloats", "path": ["monitoring", "memory"], "values": [{"value": 8.6094970703125, "step": null, "ts": 1639231815.519995}]}, "version": 29}
{"obj": {"type": "LogFloats", "path": ["monitoring", "gpu"], "values": [{"value": 71.0, "step": null, "ts": 1639231815.519995}]}, "version": 30}
{"obj": {"type": "LogFloats", "path": ["monitoring", "gpu_memory"], "values": [{"value": 2.068511962890625, "step": null, "ts": 1639231815.519995}]}, "version": 31}
{"obj": {"type": "LogFloats", "path": ["network1", "train_loss"], "values": [{"value": 0.08063729234039783, "step": null, "ts": 1639231818.859206}]}, "version": 32}
{"obj": {"type": "LogFloats", "path": ["network1", "validation_loss"], "values": [{"value": 0.06467416249215603, "step": null, "ts": 1639231819.9988482}]}, "version": 33}
{"obj": {"type": "LogStrings", "path": ["monitoring", "stdout"], "values": [{"value": "Training epoch 1", "step": null, "ts": 1639231819.9988482}]}, "version": 34}
{"obj": {"type": "LogStrings", "path": ["monitoring", "stdout"], "values": [{"value": "\n", "step": null, "ts": 1639231819.9988482}]}, "version": 35}
{"obj": {"type": "LogFloats", "path": ["monitoring", "cpu"], "values": [{"value": 51.8, "step": null, "ts": 1639231825.5311966}]}, "version": 36}
{"obj": {"type": "LogFloats", "path": ["monitoring", "memory"], "values": [{"value": 8.620960235595703, "step": null, "ts": 1639231825.5311966}]}, "version": 37}
{"obj": {"type": "LogFloats", "path": ["monitoring", "gpu"], "values": [{"value": 86.0, "step": null, "ts": 1639231825.5311966}]}, "version": 38}
{"obj": {"type": "LogFloats", "path": ["monitoring", "gpu_memory"], "values": [{"value": 2.873199462890625, "step": null, "ts": 1639231825.5311966}]}, "version": 39}
{"obj": {"type": "LogFloats", "path": ["network1", "train_loss"], "values": [{"value": 0.05252635672688484, "step": null, "ts": 1639231831.4496887}]}, "version": 40}
{"obj": {"type": "LogFloats", "path": ["network1", "validation_loss"], "values": [{"value": 0.039201040379703046, "step": null, "ts": 1639231832.579182}]}, "version": 41}
{"obj": {"type": "LogStrings", "path": ["network1", "network_weights"], "values": [{"value": "OrderedDict([('inc.double_conv.0.weight', tensor([[[[ 1.7240e-01, -1.9017e-01,  2.2301e-02],\n          [ 1.6553e-01,  1.4814e-02, -1.8908e-01],\n          [ 1.8484e-02,  7.9946e-02, -1.7976e-01]],\n\n         [[-7.4597e-02,  1.0390e-02, -1.1295e-01],\n          [-1.7513e-01, -1.4597e-01,  8.3293e-02],\n          [-1.2162e-01,  8.7840e-02, -3.5710e-02]],\n\n         [[-7.1452e-02,  1.4360e-02, -2.8269e-02],\n          [-1.1056e-01,  7.5859e-02, -5.5319e-02],\n          [-8.2960e-02,  1.6286e-01, -7.8995e-02]]],\n\n\n        [[[ 9.1712e-02,  9.4082e-02, -1.5738e-02],\n          [-1.8541e-01,  1.5483e-01, -7.2900e-02],\n          [-1.5586e-01,  1.7414e-01,  9.3696e-02]],\n\n         [[ 6.9966e-02,  8.2123e-02, -7.6075e-02],\n          [-2.8494e-02,  1.4182e-01, -1.7995e-01],\n          [ 5.4368e-02, -1.3967e-02, -1.3190e-01]],\n\n         [[-9.8166e-02, -1.4099e-02, -1.7013e-01],\n          [-2.9865e-02,  1.6452e-01,  4.0725e-02],\n          [ 1.0831e-01, -1.1772e-01,  1.9834e-04]]],\n\n\n        [[[ 1.7250e-01, ", "step": null, "ts": 1639231834.4677224}]}, "version": 42}
{"obj": {"type": "LogStrings", "path": ["monitoring", "stdout"], "values": [{"value": "test count:", "step": null, "ts": 1639231834.5257754}]}, "version": 43}
{"obj": {"type": "LogStrings", "path": ["monitoring", "stdout"], "values": [{"value": " ", "step": null, "ts": 1639231834.5257754}]}, "version": 44}
{"obj": {"type": "LogStrings", "path": ["monitoring", "stdout"], "values": [{"value": "1", "step": null, "ts": 1639231834.5257754}]}, "version": 45}
{"obj": {"type": "LogStrings", "path": ["monitoring", "stdout"], "values": [{"value": "\n", "step": null, "ts": 1639231834.5257754}]}, "version": 46}
{"obj": {"type": "LogFloats", "path": ["monitoring", "cpu"], "values": [{"value": 43.9, "step": null, "ts": 1639231835.5552945}]}, "version": 47}
{"obj": {"type": "LogFloats", "path": ["monitoring", "memory"], "values": [{"value": 8.455055236816406, "step": null, "ts": 1639231835.5552945}]}, "version": 48}
{"obj": {"type": "LogFloats", "path": ["monitoring", "gpu"], "values": [{"value": 1.0, "step": null, "ts": 1639231835.5552945}]}, "version": 49}
{"obj": {"type": "LogFloats", "path": ["monitoring", "gpu_memory"], "values": [{"value": 2.873199462890625, "step": null, "ts": 1639231835.5552945}]}, "version": 50}
{"obj": {"type": "LogStrings", "path": ["monitoring", "stdout"], "values": [{"value": "test count:", "step": null, "ts": 1639231835.662377}]}, "version": 51}
{"obj": {"type": "LogStrings", "path": ["monitoring", "stdout"], "values": [{"value": " ", "step": null, "ts": 1639231835.662377}]}, "version": 52}
{"obj": {"type": "LogStrings", "path": ["monitoring", "stdout"], "values": [{"value": "2", "step": null, "ts": 1639231835.662377}]}, "version": 53}
{"obj": {"type": "LogStrings", "path": ["monitoring", "stdout"], "values": [{"value": "\n", "step": null, "ts": 1639231835.6632266}]}, "version": 54}
{"obj": {"type": "LogStrings", "path": ["monitoring", "stdout"], "values": [{"value": "test count:", "step": null, "ts": 1639231836.798693}]}, "version": 55}
{"obj": {"type": "LogStrings", "path": ["monitoring", "stdout"], "values": [{"value": " ", "step": null, "ts": 1639231836.798693}]}, "version": 56}
{"obj": {"type": "LogStrings", "path": ["monitoring", "stdout"], "values": [{"value": "3", "step": null, "ts": 1639231836.7996936}]}, "version": 57}
{"obj": {"type": "LogStrings", "path": ["monitoring", "stdout"], "values": [{"value": "\n", "step": null, "ts": 1639231836.7996936}]}, "version": 58}
{"obj": {"type": "LogStrings", "path": ["monitoring", "stdout"], "values": [{"value": "test count:", "step": null, "ts": 1639231837.9255204}]}, "version": 59}
{"obj": {"type": "LogStrings", "path": ["monitoring", "stdout"], "values": [{"value": " ", "step": null, "ts": 1639231837.9255204}]}, "version": 60}
{"obj": {"type": "LogStrings", "path": ["monitoring", "stdout"], "values": [{"value": "4", "step": null, "ts": 1639231837.9255204}]}, "version": 61}
{"obj": {"type": "LogStrings", "path": ["monitoring", "stdout"], "values": [{"value": "\n", "step": null, "ts": 1639231837.9265213}]}, "version": 62}
{"obj": {"type": "LogStrings", "path": ["monitoring", "stdout"], "values": [{"value": "test count:", "step": null, "ts": 1639231839.049256}]}, "version": 63}
{"obj": {"type": "LogStrings", "path": ["monitoring", "stdout"], "values": [{"value": " ", "step": null, "ts": 1639231839.049256}]}, "version": 64}
{"obj": {"type": "LogStrings", "path": ["monitoring", "stdout"], "values": [{"value": "5", "step": null, "ts": 1639231839.049256}]}, "version": 65}
{"obj": {"type": "LogStrings", "path": ["monitoring", "stdout"], "values": [{"value": "\n", "step": null, "ts": 1639231839.049256}]}, "version": 66}
{"obj": {"type": "LogStrings", "path": ["monitoring", "stdout"], "values": [{"value": "test count:", "step": null, "ts": 1639231840.1787972}]}, "version": 67}
{"obj": {"type": "LogStrings", "path": ["monitoring", "stdout"], "values": [{"value": " ", "step": null, "ts": 1639231840.1797976}]}, "version": 68}
{"obj": {"type": "LogStrings", "path": ["monitoring", "stdout"], "values": [{"value": "6", "step": null, "ts": 1639231840.1797976}]}, "version": 69}
{"obj": {"type": "LogStrings", "path": ["monitoring", "stdout"], "values": [{"value": "\n", "step": null, "ts": 1639231840.1797976}]}, "version": 70}
{"obj": {"type": "LogStrings", "path": ["monitoring", "stdout"], "values": [{"value": "test count:", "step": null, "ts": 1639231841.2912993}]}, "version": 71}
{"obj": {"type": "LogStrings", "path": ["monitoring", "stdout"], "values": [{"value": " ", "step": null, "ts": 1639231841.2923002}]}, "version": 72}
{"obj": {"type": "LogStrings", "path": ["monitoring", "stdout"], "values": [{"value": "7", "step": null, "ts": 1639231841.2923002}]}, "version": 73}
{"obj": {"type": "LogStrings", "path": ["monitoring", "stdout"], "values": [{"value": "\n", "step": null, "ts": 1639231841.2923002}]}, "version": 74}
{"obj": {"type": "LogStrings", "path": ["monitoring", "stdout"], "values": [{"value": "test count:", "step": null, "ts": 1639231842.4039361}]}, "version": 75}
{"obj": {"type": "LogStrings", "path": ["monitoring", "stdout"], "values": [{"value": " ", "step": null, "ts": 1639231842.4039361}]}, "version": 76}
{"obj": {"type": "LogStrings", "path": ["monitoring", "stdout"], "values": [{"value": "8", "step": null, "ts": 1639231842.4039361}]}, "version": 77}
{"obj": {"type": "LogStrings", "path": ["monitoring", "stdout"], "values": [{"value": "\n", "step": null, "ts": 1639231842.4039361}]}, "version": 78}
{"obj": {"type": "LogStrings", "path": ["monitoring", "stdout"], "values": [{"value": "test count:", "step": null, "ts": 1639231843.542826}]}, "version": 79}
{"obj": {"type": "LogStrings", "path": ["monitoring", "stdout"], "values": [{"value": " ", "step": null, "ts": 1639231843.542826}]}, "version": 80}
{"obj": {"type": "LogStrings", "path": ["monitoring", "stdout"], "values": [{"value": "9", "step": null, "ts": 1639231843.542826}]}, "version": 81}
{"obj": {"type": "LogStrings", "path": ["monitoring", "stdout"], "values": [{"value": "\n", "step": null, "ts": 1639231843.542826}]}, "version": 82}
{"obj": {"type": "LogStrings", "path": ["monitoring", "stdout"], "values": [{"value": "test count:", "step": null, "ts": 1639231844.675656}]}, "version": 83}
{"obj": {"type": "LogStrings", "path": ["monitoring", "stdout"], "values": [{"value": " ", "step": null, "ts": 1639231844.675656}]}, "version": 84}
{"obj": {"type": "LogStrings", "path": ["monitoring", "stdout"], "values": [{"value": "10", "step": null, "ts": 1639231844.6766572}]}, "version": 85}
{"obj": {"type": "LogStrings", "path": ["monitoring", "stdout"], "values": [{"value": "\n", "step": null, "ts": 1639231844.6766572}]}, "version": 86}
{"obj": {"type": "LogFloats", "path": ["monitoring", "cpu"], "values": [{"value": 24.7, "step": null, "ts": 1639231845.6136863}]}, "version": 87}
{"obj": {"type": "LogFloats", "path": ["monitoring", "memory"], "values": [{"value": 8.430313110351562, "step": null, "ts": 1639231845.6136863}]}, "version": 88}
{"obj": {"type": "LogFloats", "path": ["monitoring", "gpu"], "values": [{"value": 1.0, "step": null, "ts": 1639231845.6136863}]}, "version": 89}
{"obj": {"type": "LogFloats", "path": ["monitoring", "gpu_memory"], "values": [{"value": 2.873199462890625, "step": null, "ts": 1639231845.6136863}]}, "version": 90}
{"obj": {"type": "LogStrings", "path": ["monitoring", "stdout"], "values": [{"value": "0.757325", "step": null, "ts": 1639231845.7347963}]}, "version": 91}
{"obj": {"type": "LogStrings", "path": ["monitoring", "stdout"], "values": [{"value": "\n", "step": null, "ts": 1639231845.7347963}]}, "version": 92}
{"obj": {"type": "LogFloats", "path": ["network1", "test_accuracy_per_pic"], "values": [{"value": 0.74425, "step": null, "ts": 1639231845.7347963}, {"value": 0.7145, "step": null, "ts": 1639231845.7347963}, {"value": 0.76025, "step": null, "ts": 1639231845.7347963}, {"value": 0.7915, "step": null, "ts": 1639231845.7347963}, {"value": 0.8205, "step": null, "ts": 1639231845.7347963}, {"value": 0.71325, "step": null, "ts": 1639231845.7347963}, {"value": 0.81075, "step": null, "ts": 1639231845.7347963}, {"value": 0.74525, "step": null, "ts": 1639231845.7347963}, {"value": 0.7645, "step": null, "ts": 1639231845.7347963}, {"value": 0.7085, "step": null, "ts": 1639231845.7347963}]}, "version": 93}
{"obj": {"type": "LogFloats", "path": ["network1", "mean_test_accuracy"], "values": [{"value": 0.757325, "step": null, "ts": 1639231845.7347963}]}, "version": 94}
{"obj": {"type": "AssignFloat", "path": ["network2", "parameters", "momentum"], "value": 0.9}, "version": 95}
{"obj": {"type": "AssignString", "path": ["network2", "parameters", "optimizer"], "value": "SGD"}, "version": 96}
{"obj": {"type": "AssignString", "path": ["network2", "parameters", "loss_function"], "value": "MSEloss"}, "version": 97}
{"obj": {"type": "AssignString", "path": ["network2", "parameters", "model"], "value": "GTA_Unet"}, "version": 98}
{"obj": {"type": "AssignString", "path": ["network2", "parameters", "scheduler"], "value": "ReduceLROnPlateau"}, "version": 99}
{"obj": {"type": "LogStrings", "path": ["monitoring", "stdout"], "values": [{"value": "Training epoch 0", "step": null, "ts": 1639231845.9339771}]}, "version": 100}
{"obj": {"type": "LogStrings", "path": ["monitoring", "stdout"], "values": [{"value": "\n", "step": null, "ts": 1639231845.9339771}]}, "version": 101}
{"obj": {"type": "LogFloats", "path": ["network2", "learning_rate"], "values": [{"value": 0.1, "step": null, "ts": 1639231845.9339771}]}, "version": 102}
{"obj": {"type": "LogFloats", "path": ["monitoring", "cpu"], "values": [{"value": 51.2, "step": null, "ts": 1639231855.7306788}]}, "version": 103}
{"obj": {"type": "LogFloats", "path": ["monitoring", "memory"], "values": [{"value": 8.428142547607422, "step": null, "ts": 1639231855.7306788}]}, "version": 104}
{"obj": {"type": "LogFloats", "path": ["monitoring", "gpu"], "values": [{"value": 95.0, "step": null, "ts": 1639231855.7306788}]}, "version": 105}
{"obj": {"type": "LogFloats", "path": ["monitoring", "gpu_memory"], "values": [{"value": 2.873199462890625, "step": null, "ts": 1639231855.7306788}]}, "version": 106}
{"obj": {"type": "LogFloats", "path": ["network2", "train_loss"], "values": [{"value": 0.05160575384274125, "step": null, "ts": 1639231857.4030774}]}, "version": 107}
{"obj": {"type": "LogFloats", "path": ["network2", "validation_loss"], "values": [{"value": 0.02442776393145323, "step": null, "ts": 1639231858.521809}]}, "version": 108}
{"obj": {"type": "LogStrings", "path": ["monitoring", "stdout"], "values": [{"value": "Training epoch 1", "step": null, "ts": 1639231858.5228105}]}, "version": 109}
{"obj": {"type": "LogStrings", "path": ["monitoring", "stdout"], "values": [{"value": "\n", "step": null, "ts": 1639231858.5228105}]}, "version": 110}
{"obj": {"type": "LogFloats", "path": ["network2", "learning_rate"], "values": [{"value": 0.1, "step": null, "ts": 1639231858.5228105}]}, "version": 111}
{"obj": {"type": "LogFloats", "path": ["monitoring", "cpu"], "values": [{"value": 50.3, "step": null, "ts": 1639231865.7457235}]}, "version": 112}
{"obj": {"type": "LogFloats", "path": ["monitoring", "memory"], "values": [{"value": 8.40670394897461, "step": null, "ts": 1639231865.7457235}]}, "version": 113}
{"obj": {"type": "LogFloats", "path": ["monitoring", "gpu"], "values": [{"value": 86.0, "step": null, "ts": 1639231865.7457235}]}, "version": 114}
{"obj": {"type": "LogFloats", "path": ["monitoring", "gpu_memory"], "values": [{"value": 2.873199462890625, "step": null, "ts": 1639231865.7457235}]}, "version": 115}
{"obj": {"type": "LogFloats", "path": ["network2", "train_loss"], "values": [{"value": 0.0286417474783957, "step": null, "ts": 1639231869.925062}]}, "version": 116}
{"obj": {"type": "LogFloats", "path": ["network2", "validation_loss"], "values": [{"value": 0.020700972992926836, "step": null, "ts": 1639231871.039042}]}, "version": 117}
{"obj": {"type": "LogStrings", "path": ["network2", "network_weights"], "values": [{"value": "OrderedDict([('inc.double_conv.0.weight', tensor([[[[ 0.0155,  0.0731, -0.0306],\n          [ 0.0205, -0.1424,  0.1838],\n          [-0.1328,  0.1541,  0.1413]],\n\n         [[ 0.0976,  0.1769,  0.1327],\n          [-0.1953, -0.0957, -0.1198],\n          [-0.0855,  0.1658, -0.0716]],\n\n         [[ 0.0378,  0.0197,  0.0564],\n          [ 0.1069,  0.0228, -0.0870],\n          [-0.1419, -0.1491, -0.0638]]],\n\n\n        [[[ 0.1702, -0.0098,  0.1617],\n          [ 0.1723,  0.0705,  0.0814],\n          [-0.0086,  0.0813, -0.0935]],\n\n         [[ 0.0541,  0.0361,  0.1532],\n          [-0.0186,  0.0471, -0.0997],\n          [ 0.1055,  0.1671,  0.0912]],\n\n         [[ 0.1681, -0.1384,  0.1771],\n          [-0.0470, -0.0352, -0.0512],\n          [ 0.1298, -0.1166,  0.1352]]],\n\n\n        [[[ 0.1227, -0.0610,  0.0090],\n          [ 0.0128, -0.0528, -0.0742],\n          [-0.1813,  0.1799,  0.1508]],\n\n         [[ 0.1826, -0.0279,  0.1098],\n          [-0.0223,  0.1553, -0.0222],\n          [ 0.1024, -0.1555,  0.1327]],\n\n  ", "step": null, "ts": 1639231872.9122016}]}, "version": 118}
{"obj": {"type": "LogStrings", "path": ["monitoring", "stdout"], "values": [{"value": "test count:", "step": null, "ts": 1639231872.958243}]}, "version": 119}
{"obj": {"type": "LogStrings", "path": ["monitoring", "stdout"], "values": [{"value": " ", "step": null, "ts": 1639231872.958243}]}, "version": 120}
{"obj": {"type": "LogStrings", "path": ["monitoring", "stdout"], "values": [{"value": "1", "step": null, "ts": 1639231872.958243}]}, "version": 121}
{"obj": {"type": "LogStrings", "path": ["monitoring", "stdout"], "values": [{"value": "\n", "step": null, "ts": 1639231872.958243}]}, "version": 122}
{"obj": {"type": "LogStrings", "path": ["monitoring", "stdout"], "values": [{"value": "test count:", "step": null, "ts": 1639231874.0735838}]}, "version": 123}
{"obj": {"type": "LogStrings", "path": ["monitoring", "stdout"], "values": [{"value": " ", "step": null, "ts": 1639231874.0735838}]}, "version": 124}
{"obj": {"type": "LogStrings", "path": ["monitoring", "stdout"], "values": [{"value": "2", "step": null, "ts": 1639231874.0735838}]}, "version": 125}
{"obj": {"type": "LogStrings", "path": ["monitoring", "stdout"], "values": [{"value": "\n", "step": null, "ts": 1639231874.0735838}]}, "version": 126}
{"obj": {"type": "LogStrings", "path": ["monitoring", "stdout"], "values": [{"value": "test count:", "step": null, "ts": 1639231875.1867867}]}, "version": 127}
{"obj": {"type": "LogStrings", "path": ["monitoring", "stdout"], "values": [{"value": " ", "step": null, "ts": 1639231875.1867867}]}, "version": 128}
{"obj": {"type": "LogStrings", "path": ["monitoring", "stdout"], "values": [{"value": "3", "step": null, "ts": 1639231875.1877792}]}, "version": 129}
{"obj": {"type": "LogStrings", "path": ["monitoring", "stdout"], "values": [{"value": "\n", "step": null, "ts": 1639231875.1877792}]}, "version": 130}
{"obj": {"type": "LogFloats", "path": ["monitoring", "cpu"], "values": [{"value": 36.4, "step": null, "ts": 1639231875.7687163}]}, "version": 131}
{"obj": {"type": "LogFloats", "path": ["monitoring", "memory"], "values": [{"value": 8.42911148071289, "step": null, "ts": 1639231875.7687163}]}, "version": 132}
{"obj": {"type": "LogFloats", "path": ["monitoring", "gpu"], "values": [{"value": 1.0, "step": null, "ts": 1639231875.7687163}]}, "version": 133}
{"obj": {"type": "LogFloats", "path": ["monitoring", "gpu_memory"], "values": [{"value": 2.873199462890625, "step": null, "ts": 1639231875.7687163}]}, "version": 134}
{"obj": {"type": "LogStrings", "path": ["monitoring", "stdout"], "values": [{"value": "test count:", "step": null, "ts": 1639231876.314209}]}, "version": 135}
{"obj": {"type": "LogStrings", "path": ["monitoring", "stdout"], "values": [{"value": " ", "step": null, "ts": 1639231876.314209}]}, "version": 136}
{"obj": {"type": "LogStrings", "path": ["monitoring", "stdout"], "values": [{"value": "4", "step": null, "ts": 1639231876.314209}]}, "version": 137}
{"obj": {"type": "LogStrings", "path": ["monitoring", "stdout"], "values": [{"value": "\n", "step": null, "ts": 1639231876.314209}]}, "version": 138}
{"obj": {"type": "LogStrings", "path": ["monitoring", "stdout"], "values": [{"value": "test count:", "step": null, "ts": 1639231877.4106987}]}, "version": 139}
{"obj": {"type": "LogStrings", "path": ["monitoring", "stdout"], "values": [{"value": " ", "step": null, "ts": 1639231877.4106987}]}, "version": 140}
{"obj": {"type": "LogStrings", "path": ["monitoring", "stdout"], "values": [{"value": "5", "step": null, "ts": 1639231877.4106987}]}, "version": 141}
{"obj": {"type": "LogStrings", "path": ["monitoring", "stdout"], "values": [{"value": "\n", "step": null, "ts": 1639231877.4106987}]}, "version": 142}
{"obj": {"type": "LogStrings", "path": ["monitoring", "stdout"], "values": [{"value": "test count:", "step": null, "ts": 1639231878.5244055}]}, "version": 143}
{"obj": {"type": "LogStrings", "path": ["monitoring", "stdout"], "values": [{"value": " ", "step": null, "ts": 1639231878.5244055}]}, "version": 144}
{"obj": {"type": "LogStrings", "path": ["monitoring", "stdout"], "values": [{"value": "6", "step": null, "ts": 1639231878.5254061}]}, "version": 145}
{"obj": {"type": "LogStrings", "path": ["monitoring", "stdout"], "values": [{"value": "\n", "step": null, "ts": 1639231878.5254061}]}, "version": 146}
{"obj": {"type": "LogStrings", "path": ["monitoring", "stdout"], "values": [{"value": "test count:", "step": null, "ts": 1639231879.6562874}]}, "version": 147}
{"obj": {"type": "LogStrings", "path": ["monitoring", "stdout"], "values": [{"value": " ", "step": null, "ts": 1639231879.657287}]}, "version": 148}
{"obj": {"type": "LogStrings", "path": ["monitoring", "stdout"], "values": [{"value": "7", "step": null, "ts": 1639231879.657287}]}, "version": 149}
{"obj": {"type": "LogStrings", "path": ["monitoring", "stdout"], "values": [{"value": "\n", "step": null, "ts": 1639231879.657287}]}, "version": 150}
{"obj": {"type": "LogStrings", "path": ["monitoring", "stdout"], "values": [{"value": "test count:", "step": null, "ts": 1639231880.7528338}]}, "version": 151}
{"obj": {"type": "LogStrings", "path": ["monitoring", "stdout"], "values": [{"value": " ", "step": null, "ts": 1639231880.7528338}]}, "version": 152}
{"obj": {"type": "LogStrings", "path": ["monitoring", "stdout"], "values": [{"value": "8", "step": null, "ts": 1639231880.7528338}]}, "version": 153}
{"obj": {"type": "LogStrings", "path": ["monitoring", "stdout"], "values": [{"value": "\n", "step": null, "ts": 1639231880.7528338}]}, "version": 154}
{"obj": {"type": "LogStrings", "path": ["monitoring", "stdout"], "values": [{"value": "test count:", "step": null, "ts": 1639231881.8651776}]}, "version": 155}
{"obj": {"type": "LogStrings", "path": ["monitoring", "stdout"], "values": [{"value": " ", "step": null, "ts": 1639231881.8651776}]}, "version": 156}
{"obj": {"type": "LogStrings", "path": ["monitoring", "stdout"], "values": [{"value": "9", "step": null, "ts": 1639231881.8651776}]}, "version": 157}
{"obj": {"type": "LogStrings", "path": ["monitoring", "stdout"], "values": [{"value": "\n", "step": null, "ts": 1639231881.8651776}]}, "version": 158}
{"obj": {"type": "LogStrings", "path": ["monitoring", "stdout"], "values": [{"value": "test count:", "step": null, "ts": 1639231882.9842315}]}, "version": 159}
{"obj": {"type": "LogStrings", "path": ["monitoring", "stdout"], "values": [{"value": " ", "step": null, "ts": 1639231882.9842315}]}, "version": 160}
{"obj": {"type": "LogStrings", "path": ["monitoring", "stdout"], "values": [{"value": "10", "step": null, "ts": 1639231882.9842315}]}, "version": 161}
{"obj": {"type": "LogStrings", "path": ["monitoring", "stdout"], "values": [{"value": "\n", "step": null, "ts": 1639231882.9842315}]}, "version": 162}
{"obj": {"type": "LogStrings", "path": ["monitoring", "stdout"], "values": [{"value": "0.7946", "step": null, "ts": 1639231884.037083}]}, "version": 163}
{"obj": {"type": "LogStrings", "path": ["monitoring", "stdout"], "values": [{"value": "\n", "step": null, "ts": 1639231884.037083}]}, "version": 164}
{"obj": {"type": "LogFloats", "path": ["network2", "test_accuracy_per_pic"], "values": [{"value": 0.83275, "step": null, "ts": 1639231884.037083}, {"value": 0.79925, "step": null, "ts": 1639231884.037083}, {"value": 0.764, "step": null, "ts": 1639231884.037083}, {"value": 0.7615, "step": null, "ts": 1639231884.037083}, {"value": 0.7835, "step": null, "ts": 1639231884.037083}, {"value": 0.788, "step": null, "ts": 1639231884.037083}, {"value": 0.8595, "step": null, "ts": 1639231884.037083}, {"value": 0.819, "step": null, "ts": 1639231884.037083}, {"value": 0.78375, "step": null, "ts": 1639231884.037083}, {"value": 0.75475, "step": null, "ts": 1639231884.037083}]}, "version": 165}
{"obj": {"type": "LogFloats", "path": ["network2", "mean_test_accuracy"], "values": [{"value": 0.7946, "step": null, "ts": 1639231884.037083}]}, "version": 166}
{"obj": {"type": "AssignString", "path": ["network3", "parameters", "optimizer"], "value": "Adam"}, "version": 167}
{"obj": {"type": "AssignString", "path": ["network3", "parameters", "loss_function"], "value": "MSEloss"}, "version": 168}
{"obj": {"type": "AssignString", "path": ["network3", "parameters", "model"], "value": "GTA_Unet"}, "version": 169}
{"obj": {"type": "AssignString", "path": ["network3", "parameters", "scheduler"], "value": "ReduceLROnPlateau"}, "version": 170}
{"obj": {"type": "LogStrings", "path": ["monitoring", "stdout"], "values": [{"value": "Training epoch 0", "step": null, "ts": 1639231884.2152448}]}, "version": 171}
{"obj": {"type": "LogStrings", "path": ["monitoring", "stdout"], "values": [{"value": "\n", "step": null, "ts": 1639231884.2152448}]}, "version": 172}
{"obj": {"type": "LogFloats", "path": ["network3", "learning_rate"], "values": [{"value": 0.1, "step": null, "ts": 1639231884.2152448}]}, "version": 173}
{"obj": {"type": "LogFloats", "path": ["monitoring", "cpu"], "values": [{"value": 26.7, "step": null, "ts": 1639231886.2292497}]}, "version": 174}
{"obj": {"type": "LogFloats", "path": ["monitoring", "memory"], "values": [{"value": 8.41592025756836, "step": null, "ts": 1639231886.2292497}]}, "version": 175}
{"obj": {"type": "LogFloats", "path": ["monitoring", "gpu"], "values": [{"value": 78.0, "step": null, "ts": 1639231886.2292497}]}, "version": 176}
{"obj": {"type": "LogFloats", "path": ["monitoring", "gpu_memory"], "values": [{"value": 2.873199462890625, "step": null, "ts": 1639231886.2292497}]}, "version": 177}
{"obj": {"type": "LogFloats", "path": ["network3", "train_loss"], "values": [{"value": 0.05748212918639183, "step": null, "ts": 1639231896.120402}]}, "version": 178}
{"obj": {"type": "LogFloats", "path": ["monitoring", "cpu"], "values": [{"value": 47.8, "step": null, "ts": 1639231896.2383}]}, "version": 179}
{"obj": {"type": "LogFloats", "path": ["monitoring", "memory"], "values": [{"value": 8.41598892211914, "step": null, "ts": 1639231896.2383}]}, "version": 180}
{"obj": {"type": "LogFloats", "path": ["monitoring", "gpu"], "values": [{"value": 73.0, "step": null, "ts": 1639231896.2383}]}, "version": 181}
{"obj": {"type": "LogFloats", "path": ["monitoring", "gpu_memory"], "values": [{"value": 2.873199462890625, "step": null, "ts": 1639231896.2383}]}, "version": 182}
{"obj": {"type": "LogFloats", "path": ["network3", "validation_loss"], "values": [{"value": 0.05179929994046688, "step": null, "ts": 1639231897.236264}]}, "version": 183}
{"obj": {"type": "LogStrings", "path": ["monitoring", "stdout"], "values": [{"value": "Training epoch 1", "step": null, "ts": 1639231897.2372649}]}, "version": 184}
{"obj": {"type": "LogStrings", "path": ["monitoring", "stdout"], "values": [{"value": "\n", "step": null, "ts": 1639231897.2372649}]}, "version": 185}
{"obj": {"type": "LogFloats", "path": ["network3", "learning_rate"], "values": [{"value": 0.1, "step": null, "ts": 1639231897.2372649}]}, "version": 186}
{"obj": {"type": "LogFloats", "path": ["monitoring", "cpu"], "values": [{"value": 48.4, "step": null, "ts": 1639231906.2562032}]}, "version": 187}
{"obj": {"type": "LogFloats", "path": ["monitoring", "memory"], "values": [{"value": 8.420352935791016, "step": null, "ts": 1639231906.2562032}]}, "version": 188}
{"obj": {"type": "LogFloats", "path": ["monitoring", "gpu"], "values": [{"value": 73.0, "step": null, "ts": 1639231906.2562032}]}, "version": 189}
{"obj": {"type": "LogFloats", "path": ["monitoring", "gpu_memory"], "values": [{"value": 2.875152587890625, "step": null, "ts": 1639231906.2562032}]}, "version": 190}
{"obj": {"type": "LogFloats", "path": ["network3", "train_loss"], "values": [{"value": 0.04622536227107048, "step": null, "ts": 1639231909.150844}]}, "version": 191}
{"obj": {"type": "LogFloats", "path": ["network3", "validation_loss"], "values": [{"value": 0.03794707246124744, "step": null, "ts": 1639231910.2778065}]}, "version": 192}
{"obj": {"type": "LogStrings", "path": ["network3", "network_weights"], "values": [{"value": "OrderedDict([('inc.double_conv.0.weight', tensor([[[[ 0.6211,  0.3701,  0.6594],\n          [ 0.5438,  0.8152,  0.6971],\n          [ 0.8447,  0.7049,  0.7548]],\n\n         [[-0.6165, -0.9459, -0.3267],\n          [-0.6563, -0.6033,  0.1643],\n          [-0.7184, -0.4240, -0.0500]],\n\n         [[-0.4383, -0.4720, -0.5132],\n          [-0.3077, -0.2971,  0.0620],\n          [-0.2824, -0.5667, -0.5668]]],\n\n\n        [[[-0.7605, -0.8193, -0.8511],\n          [-1.0163, -1.0978, -0.9574],\n          [-0.9244, -0.8109, -0.7500]],\n\n         [[-0.5569, -0.4633, -0.5799],\n          [-0.5071, -0.4380, -0.4675],\n          [-0.3052, -0.4791, -0.3473]],\n\n         [[-0.2238, -0.3915, -0.3830],\n          [-0.2504, -0.1633, -0.0900],\n          [-0.0577, -0.1368,  0.0279]]],\n\n\n        [[[-0.1729,  0.0560,  0.2941],\n          [-0.2020, -0.0830, -0.4162],\n          [-0.0536, -0.1070, -0.0280]],\n\n         [[-0.5417, -0.5110, -0.7014],\n          [-0.5213, -0.5764, -0.6633],\n          [-0.6836, -0.8528, -0.6442]],\n\n  ", "step": null, "ts": 1639231912.3032427}]}, "version": 193}
{"obj": {"type": "LogStrings", "path": ["monitoring", "stdout"], "values": [{"value": "test count:", "step": null, "ts": 1639231912.349284}]}, "version": 194}
{"obj": {"type": "LogStrings", "path": ["monitoring", "stdout"], "values": [{"value": " ", "step": null, "ts": 1639231912.349284}]}, "version": 195}
{"obj": {"type": "LogStrings", "path": ["monitoring", "stdout"], "values": [{"value": "1", "step": null, "ts": 1639231912.349284}]}, "version": 196}
{"obj": {"type": "LogStrings", "path": ["monitoring", "stdout"], "values": [{"value": "\n", "step": null, "ts": 1639231912.349284}]}, "version": 197}
{"obj": {"type": "LogStrings", "path": ["monitoring", "stdout"], "values": [{"value": "test count:", "step": null, "ts": 1639231913.4636323}]}, "version": 198}
{"obj": {"type": "LogStrings", "path": ["monitoring", "stdout"], "values": [{"value": " ", "step": null, "ts": 1639231913.4636323}]}, "version": 199}
{"obj": {"type": "LogStrings", "path": ["monitoring", "stdout"], "values": [{"value": "2", "step": null, "ts": 1639231913.4636323}]}, "version": 200}
{"obj": {"type": "LogStrings", "path": ["monitoring", "stdout"], "values": [{"value": "\n", "step": null, "ts": 1639231913.4636323}]}, "version": 201}
{"obj": {"type": "LogStrings", "path": ["monitoring", "stdout"], "values": [{"value": "test count:", "step": null, "ts": 1639231914.5971622}]}, "version": 202}
{"obj": {"type": "LogStrings", "path": ["monitoring", "stdout"], "values": [{"value": " ", "step": null, "ts": 1639231914.5971622}]}, "version": 203}
{"obj": {"type": "LogStrings", "path": ["monitoring", "stdout"], "values": [{"value": "3", "step": null, "ts": 1639231914.5971622}]}, "version": 204}
{"obj": {"type": "LogStrings", "path": ["monitoring", "stdout"], "values": [{"value": "\n", "step": null, "ts": 1639231914.5971622}]}, "version": 205}
{"obj": {"type": "LogStrings", "path": ["monitoring", "stdout"], "values": [{"value": "test count:", "step": null, "ts": 1639231915.726962}]}, "version": 206}
{"obj": {"type": "LogStrings", "path": ["monitoring", "stdout"], "values": [{"value": " ", "step": null, "ts": 1639231915.726962}]}, "version": 207}
{"obj": {"type": "LogStrings", "path": ["monitoring", "stdout"], "values": [{"value": "4", "step": null, "ts": 1639231915.726962}]}, "version": 208}
{"obj": {"type": "LogStrings", "path": ["monitoring", "stdout"], "values": [{"value": "\n", "step": null, "ts": 1639231915.726962}]}, "version": 209}
{"obj": {"type": "LogFloats", "path": ["monitoring", "cpu"], "values": [{"value": 32.4, "step": null, "ts": 1639231916.2865965}]}, "version": 210}
{"obj": {"type": "LogFloats", "path": ["monitoring", "memory"], "values": [{"value": 8.411491394042969, "step": null, "ts": 1639231916.2865965}]}, "version": 211}
{"obj": {"type": "LogFloats", "path": ["monitoring", "gpu"], "values": [{"value": 1.0, "step": null, "ts": 1639231916.2865965}]}, "version": 212}
{"obj": {"type": "LogFloats", "path": ["monitoring", "gpu_memory"], "values": [{"value": 2.875152587890625, "step": null, "ts": 1639231916.2865965}]}, "version": 213}
{"obj": {"type": "LogStrings", "path": ["monitoring", "stdout"], "values": [{"value": "test count:", "step": null, "ts": 1639231916.859557}]}, "version": 214}
{"obj": {"type": "LogStrings", "path": ["monitoring", "stdout"], "values": [{"value": " ", "step": null, "ts": 1639231916.859557}]}, "version": 215}
{"obj": {"type": "LogStrings", "path": ["monitoring", "stdout"], "values": [{"value": "5", "step": null, "ts": 1639231916.859557}]}, "version": 216}
{"obj": {"type": "LogStrings", "path": ["monitoring", "stdout"], "values": [{"value": "\n", "step": null, "ts": 1639231916.859557}]}, "version": 217}
{"obj": {"type": "LogStrings", "path": ["monitoring", "stdout"], "values": [{"value": "test count:", "step": null, "ts": 1639231917.9928966}]}, "version": 218}
{"obj": {"type": "LogStrings", "path": ["monitoring", "stdout"], "values": [{"value": " ", "step": null, "ts": 1639231917.9928966}]}, "version": 219}
{"obj": {"type": "LogStrings", "path": ["monitoring", "stdout"], "values": [{"value": "6", "step": null, "ts": 1639231917.9938972}]}, "version": 220}
{"obj": {"type": "LogStrings", "path": ["monitoring", "stdout"], "values": [{"value": "\n", "step": null, "ts": 1639231917.9938972}]}, "version": 221}
{"obj": {"type": "LogStrings", "path": ["monitoring", "stdout"], "values": [{"value": "test count:", "step": null, "ts": 1639231919.126319}]}, "version": 222}
{"obj": {"type": "LogStrings", "path": ["monitoring", "stdout"], "values": [{"value": " ", "step": null, "ts": 1639231919.1273196}]}, "version": 223}
{"obj": {"type": "LogStrings", "path": ["monitoring", "stdout"], "values": [{"value": "7", "step": null, "ts": 1639231919.1273196}]}, "version": 224}
{"obj": {"type": "LogStrings", "path": ["monitoring", "stdout"], "values": [{"value": "\n", "step": null, "ts": 1639231919.1273196}]}, "version": 225}
{"obj": {"type": "LogStrings", "path": ["monitoring", "stdout"], "values": [{"value": "test count:", "step": null, "ts": 1639231920.2491915}]}, "version": 226}
{"obj": {"type": "LogStrings", "path": ["monitoring", "stdout"], "values": [{"value": " ", "step": null, "ts": 1639231920.2491915}]}, "version": 227}
{"obj": {"type": "LogStrings", "path": ["monitoring", "stdout"], "values": [{"value": "8", "step": null, "ts": 1639231920.2491915}]}, "version": 228}
{"obj": {"type": "LogStrings", "path": ["monitoring", "stdout"], "values": [{"value": "\n", "step": null, "ts": 1639231920.2491915}]}, "version": 229}
{"obj": {"type": "LogStrings", "path": ["monitoring", "stdout"], "values": [{"value": "test count:", "step": null, "ts": 1639231921.3789883}]}, "version": 230}
{"obj": {"type": "LogStrings", "path": ["monitoring", "stdout"], "values": [{"value": " ", "step": null, "ts": 1639231921.3789883}]}, "version": 231}
{"obj": {"type": "LogStrings", "path": ["monitoring", "stdout"], "values": [{"value": "9", "step": null, "ts": 1639231921.3789883}]}, "version": 232}
{"obj": {"type": "LogStrings", "path": ["monitoring", "stdout"], "values": [{"value": "\n", "step": null, "ts": 1639231921.3789883}]}, "version": 233}
{"obj": {"type": "LogStrings", "path": ["monitoring", "stdout"], "values": [{"value": "test count:", "step": null, "ts": 1639231922.4974515}]}, "version": 234}
{"obj": {"type": "LogStrings", "path": ["monitoring", "stdout"], "values": [{"value": " ", "step": null, "ts": 1639231922.4974515}]}, "version": 235}
{"obj": {"type": "LogStrings", "path": ["monitoring", "stdout"], "values": [{"value": "10", "step": null, "ts": 1639231922.4974515}]}, "version": 236}
{"obj": {"type": "LogStrings", "path": ["monitoring", "stdout"], "values": [{"value": "\n", "step": null, "ts": 1639231922.4974515}]}, "version": 237}
{"obj": {"type": "LogStrings", "path": ["monitoring", "stdout"], "values": [{"value": "0.7899499999999999", "step": null, "ts": 1639231923.588451}]}, "version": 238}
{"obj": {"type": "LogStrings", "path": ["monitoring", "stdout"], "values": [{"value": "\n", "step": null, "ts": 1639231923.588451}]}, "version": 239}
{"obj": {"type": "LogFloats", "path": ["network3", "test_accuracy_per_pic"], "values": [{"value": 0.7875, "step": null, "ts": 1639231923.588451}, {"value": 0.787, "step": null, "ts": 1639231923.588451}, {"value": 0.7645, "step": null, "ts": 1639231923.588451}, {"value": 0.7535, "step": null, "ts": 1639231923.588451}, {"value": 0.76025, "step": null, "ts": 1639231923.588451}, {"value": 0.7795, "step": null, "ts": 1639231923.588451}, {"value": 0.8145, "step": null, "ts": 1639231923.588451}, {"value": 0.83075, "step": null, "ts": 1639231923.588451}, {"value": 0.801, "step": null, "ts": 1639231923.588451}, {"value": 0.821, "step": null, "ts": 1639231923.588451}]}, "version": 240}
{"obj": {"type": "LogFloats", "path": ["network3", "mean_test_accuracy"], "values": [{"value": 0.7899499999999999, "step": null, "ts": 1639231923.588451}]}, "version": 241}
