{"obj": {"type": "AssignString", "path": ["sys", "name"], "value": "Untitled"}, "version": 1}
{"obj": {"type": "AssignString", "path": ["sys", "description"], "value": ""}, "version": 2}
{"obj": {"type": "AssignString", "path": ["sys", "hostname"], "value": "DESKTOP-SDMAFDQ"}, "version": 3}
{"obj": {"type": "AssignBool", "path": ["sys", "failed"], "value": false}, "version": 4}
{"obj": {"type": "ClearStringLog", "path": ["monitoring", "stdout"]}, "version": 5}
{"obj": {"type": "ClearStringLog", "path": ["monitoring", "stderr"]}, "version": 6}
{"obj": {"type": "AssignString", "path": ["source_code", "entrypoint"], "value": "trainer.py"}, "version": 7}
{"obj": {"type": "UploadFileSet", "path": ["source_code", "files"], "file_globs": ["C:\\Users\\Marc\\Documents\\GitHub\\Deep_final\\trainer.py"], "reset": "False"}, "version": 8}
{"obj": {"type": "ConfigFloatSeries", "path": ["monitoring", "cpu"], "min": 0.0, "max": 100.0, "unit": "%"}, "version": 9}
{"obj": {"type": "ClearFloatLog", "path": ["monitoring", "cpu"]}, "version": 10}
{"obj": {"type": "ConfigFloatSeries", "path": ["monitoring", "memory"], "min": 0.0, "max": 15.387199401855469, "unit": "GB"}, "version": 11}
{"obj": {"type": "ClearFloatLog", "path": ["monitoring", "memory"]}, "version": 12}
{"obj": {"type": "ConfigFloatSeries", "path": ["monitoring", "gpu"], "min": 0.0, "max": 100.0, "unit": "%"}, "version": 13}
{"obj": {"type": "ClearFloatLog", "path": ["monitoring", "gpu"]}, "version": 14}
{"obj": {"type": "ConfigFloatSeries", "path": ["monitoring", "gpu_memory"], "min": 0.0, "max": 4.0, "unit": "GB"}, "version": 15}
{"obj": {"type": "ClearFloatLog", "path": ["monitoring", "gpu_memory"]}, "version": 16}
{"obj": {"type": "LogFloats", "path": ["monitoring", "cpu"], "values": [{"value": 7.3, "step": null, "ts": 1639304512.7610497}]}, "version": 17}
{"obj": {"type": "AssignString", "path": ["network6", "parameters", "optimizer"], "value": "SGD"}, "version": 18}
{"obj": {"type": "AssignString", "path": ["network6", "parameters", "loss_function"], "value": "MSEloss"}, "version": 19}
{"obj": {"type": "AssignString", "path": ["network6", "parameters", "model"], "value": "GTA_Unet"}, "version": 20}
{"obj": {"type": "AssignString", "path": ["network6", "parameters", "scheduler"], "value": "CosineAnnealingLR"}, "version": 21}
{"obj": {"type": "LogFloats", "path": ["monitoring", "memory"], "values": [{"value": 7.561389923095703, "step": null, "ts": 1639304512.7610497}]}, "version": 22}
{"obj": {"type": "LogFloats", "path": ["monitoring", "gpu_memory"], "values": [{"value": 0.051025390625, "step": null, "ts": 1639304512.7610497}]}, "version": 23}
{"obj": {"type": "LogStrings", "path": ["monitoring", "stdout"], "values": [{"value": "Training epoch 0", "step": null, "ts": 1639304512.993262}]}, "version": 24}
{"obj": {"type": "LogStrings", "path": ["monitoring", "stdout"], "values": [{"value": "\n", "step": null, "ts": 1639304512.993262}]}, "version": 25}
{"obj": {"type": "LogFloats", "path": ["network6", "learning_rate"], "values": [{"value": 0.5, "step": null, "ts": 1639304512.993262}]}, "version": 26}
{"obj": {"type": "LogFloats", "path": ["network6", "train_loss"], "values": [{"value": 0.09147520065307617, "step": null, "ts": 1639304515.6481228}]}, "version": 27}
{"obj": {"type": "LogFloats", "path": ["network6", "validation_loss"], "values": [{"value": 0.08841318637132645, "step": null, "ts": 1639304515.7552204}]}, "version": 28}
{"obj": {"type": "LogStrings", "path": ["monitoring", "stdout"], "values": [{"value": "Training epoch 1", "step": null, "ts": 1639304515.7552204}]}, "version": 29}
{"obj": {"type": "LogStrings", "path": ["monitoring", "stdout"], "values": [{"value": "\n", "step": null, "ts": 1639304515.7552204}]}, "version": 30}
{"obj": {"type": "LogFloats", "path": ["network6", "learning_rate"], "values": [{"value": 0.49753766811902755, "step": null, "ts": 1639304515.7552204}]}, "version": 31}
{"obj": {"type": "LogFloats", "path": ["network6", "train_loss"], "values": [{"value": 0.07148647531867028, "step": null, "ts": 1639304516.8638873}]}, "version": 32}
{"obj": {"type": "LogFloats", "path": ["network6", "validation_loss"], "values": [{"value": 0.08043526858091354, "step": null, "ts": 1639304516.9719853}]}, "version": 33}
{"obj": {"type": "LogStrings", "path": ["monitoring", "stdout"], "values": [{"value": "Training epoch 2", "step": null, "ts": 1639304516.9719853}]}, "version": 34}
{"obj": {"type": "LogStrings", "path": ["monitoring", "stdout"], "values": [{"value": "\n", "step": null, "ts": 1639304516.9719853}]}, "version": 35}
{"obj": {"type": "LogFloats", "path": ["network6", "learning_rate"], "values": [{"value": 0.49021130325903073, "step": null, "ts": 1639304516.9719853}]}, "version": 36}
{"obj": {"type": "LogFloats", "path": ["network6", "train_loss"], "values": [{"value": 0.05532754436135292, "step": null, "ts": 1639304518.0783544}]}, "version": 37}
{"obj": {"type": "LogFloats", "path": ["network6", "validation_loss"], "values": [{"value": 0.07584347575902939, "step": null, "ts": 1639304518.1914568}]}, "version": 38}
{"obj": {"type": "LogStrings", "path": ["monitoring", "stdout"], "values": [{"value": "Training epoch 3", "step": null, "ts": 1639304518.1914568}]}, "version": 39}
{"obj": {"type": "LogStrings", "path": ["monitoring", "stdout"], "values": [{"value": "\n", "step": null, "ts": 1639304518.1914568}]}, "version": 40}
{"obj": {"type": "LogFloats", "path": ["network6", "learning_rate"], "values": [{"value": 0.47820130483767365, "step": null, "ts": 1639304518.1914568}]}, "version": 41}
{"obj": {"type": "LogFloats", "path": ["network6", "train_loss"], "values": [{"value": 0.04275021143257618, "step": null, "ts": 1639304519.2912447}]}, "version": 42}
{"obj": {"type": "LogFloats", "path": ["network6", "validation_loss"], "values": [{"value": 0.07560595870018005, "step": null, "ts": 1639304519.399621}]}, "version": 43}
{"obj": {"type": "LogStrings", "path": ["monitoring", "stdout"], "values": [{"value": "Training epoch 4", "step": null, "ts": 1639304519.399621}]}, "version": 44}
{"obj": {"type": "LogStrings", "path": ["monitoring", "stdout"], "values": [{"value": "\n", "step": null, "ts": 1639304519.399621}]}, "version": 45}
{"obj": {"type": "LogFloats", "path": ["network6", "learning_rate"], "values": [{"value": 0.46180339887498956, "step": null, "ts": 1639304519.400622}]}, "version": 46}
{"obj": {"type": "LogFloats", "path": ["network6", "train_loss"], "values": [{"value": 0.04007519856095314, "step": null, "ts": 1639304520.5078862}]}, "version": 47}
{"obj": {"type": "LogFloats", "path": ["network6", "validation_loss"], "values": [{"value": 0.06848129630088806, "step": null, "ts": 1639304520.6169848}]}, "version": 48}
{"obj": {"type": "LogStrings", "path": ["monitoring", "stdout"], "values": [{"value": "Training epoch 5", "step": null, "ts": 1639304520.6179857}]}, "version": 49}
{"obj": {"type": "LogStrings", "path": ["monitoring", "stdout"], "values": [{"value": "\n", "step": null, "ts": 1639304520.6179857}]}, "version": 50}
{"obj": {"type": "LogFloats", "path": ["network6", "learning_rate"], "values": [{"value": 0.4414213562373096, "step": null, "ts": 1639304520.6179857}]}, "version": 51}
{"obj": {"type": "LogFloats", "path": ["network6", "train_loss"], "values": [{"value": 0.03138410784304142, "step": null, "ts": 1639304521.7173092}]}, "version": 52}
{"obj": {"type": "LogFloats", "path": ["network6", "validation_loss"], "values": [{"value": 0.07786647230386734, "step": null, "ts": 1639304521.8259356}]}, "version": 53}
{"obj": {"type": "LogStrings", "path": ["monitoring", "stdout"], "values": [{"value": "Training epoch 6", "step": null, "ts": 1639304521.8259356}]}, "version": 54}
{"obj": {"type": "LogStrings", "path": ["monitoring", "stdout"], "values": [{"value": "\n", "step": null, "ts": 1639304521.8269365}]}, "version": 55}
{"obj": {"type": "LogFloats", "path": ["network6", "learning_rate"], "values": [{"value": 0.4175570504584948, "step": null, "ts": 1639304521.8269365}]}, "version": 56}
{"obj": {"type": "LogFloats", "path": ["monitoring", "cpu"], "values": [{"value": 41.4, "step": null, "ts": 1639304522.7815626}]}, "version": 57}
{"obj": {"type": "LogFloats", "path": ["monitoring", "memory"], "values": [{"value": 9.135940551757812, "step": null, "ts": 1639304522.7815626}]}, "version": 58}
{"obj": {"type": "LogFloats", "path": ["monitoring", "gpu"], "values": [{"value": 72.0, "step": null, "ts": 1639304522.7815626}]}, "version": 59}
{"obj": {"type": "LogFloats", "path": ["monitoring", "gpu_memory"], "values": [{"value": 2.456451416015625, "step": null, "ts": 1639304522.7815626}]}, "version": 60}
{"obj": {"type": "LogFloats", "path": ["network6", "train_loss"], "values": [{"value": 0.032412105798721315, "step": null, "ts": 1639304522.9236915}]}, "version": 61}
{"obj": {"type": "LogFloats", "path": ["network6", "validation_loss"], "values": [{"value": 0.06524710357189178, "step": null, "ts": 1639304523.0297883}]}, "version": 62}
{"obj": {"type": "LogStrings", "path": ["monitoring", "stdout"], "values": [{"value": "Training epoch 7", "step": null, "ts": 1639304523.0307891}]}, "version": 63}
{"obj": {"type": "LogStrings", "path": ["monitoring", "stdout"], "values": [{"value": "\n", "step": null, "ts": 1639304523.0307891}]}, "version": 64}
{"obj": {"type": "LogFloats", "path": ["network6", "learning_rate"], "values": [{"value": 0.3907980999479095, "step": null, "ts": 1639304523.0307891}]}, "version": 65}
{"obj": {"type": "LogFloats", "path": ["network6", "train_loss"], "values": [{"value": 0.025041284412145613, "step": null, "ts": 1639304524.1380892}]}, "version": 66}
{"obj": {"type": "LogFloats", "path": ["network6", "validation_loss"], "values": [{"value": 0.0648529902100563, "step": null, "ts": 1639304524.243184}]}, "version": 67}
{"obj": {"type": "LogStrings", "path": ["monitoring", "stdout"], "values": [{"value": "Training epoch 8", "step": null, "ts": 1639304524.243184}]}, "version": 68}
{"obj": {"type": "LogStrings", "path": ["monitoring", "stdout"], "values": [{"value": "\n", "step": null, "ts": 1639304524.244185}]}, "version": 69}
{"obj": {"type": "LogFloats", "path": ["network6", "learning_rate"], "values": [{"value": 0.3618033988749897, "step": null, "ts": 1639304524.244185}]}, "version": 70}
{"obj": {"type": "LogFloats", "path": ["network6", "train_loss"], "values": [{"value": 0.02245078347623348, "step": null, "ts": 1639304525.3579054}]}, "version": 71}
{"obj": {"type": "LogFloats", "path": ["network6", "validation_loss"], "values": [{"value": 0.06381064653396606, "step": null, "ts": 1639304525.4639463}]}, "version": 72}
{"obj": {"type": "LogStrings", "path": ["monitoring", "stdout"], "values": [{"value": "Training epoch 9", "step": null, "ts": 1639304525.4639463}]}, "version": 73}
{"obj": {"type": "LogStrings", "path": ["monitoring", "stdout"], "values": [{"value": "\n", "step": null, "ts": 1639304525.4639463}]}, "version": 74}
{"obj": {"type": "LogFloats", "path": ["network6", "learning_rate"], "values": [{"value": 0.33128689300804637, "step": null, "ts": 1639304525.4639463}]}, "version": 75}
{"obj": {"type": "LogFloats", "path": ["network6", "train_loss"], "values": [{"value": 0.020327559486031533, "step": null, "ts": 1639304526.5602531}]}, "version": 76}
{"obj": {"type": "LogFloats", "path": ["network6", "validation_loss"], "values": [{"value": 0.06293875724077225, "step": null, "ts": 1639304526.6663494}]}, "version": 77}
{"obj": {"type": "LogStrings", "path": ["monitoring", "stdout"], "values": [{"value": "Training epoch 10", "step": null, "ts": 1639304526.6663494}]}, "version": 78}
{"obj": {"type": "LogStrings", "path": ["monitoring", "stdout"], "values": [{"value": "\n", "step": null, "ts": 1639304526.6663494}]}, "version": 79}
{"obj": {"type": "LogFloats", "path": ["network6", "learning_rate"], "values": [{"value": 0.30000000000000016, "step": null, "ts": 1639304526.6663494}]}, "version": 80}
{"obj": {"type": "LogFloats", "path": ["network6", "train_loss"], "values": [{"value": 0.018625960871577262, "step": null, "ts": 1639304527.775449}]}, "version": 81}
{"obj": {"type": "LogFloats", "path": ["network6", "validation_loss"], "values": [{"value": 0.06431975215673447, "step": null, "ts": 1639304527.8815453}]}, "version": 82}
{"obj": {"type": "LogStrings", "path": ["monitoring", "stdout"], "values": [{"value": "Training epoch 11", "step": null, "ts": 1639304527.8815453}]}, "version": 83}
{"obj": {"type": "LogStrings", "path": ["monitoring", "stdout"], "values": [{"value": "\n", "step": null, "ts": 1639304527.882547}]}, "version": 84}
{"obj": {"type": "LogFloats", "path": ["network6", "learning_rate"], "values": [{"value": 0.268713106991954, "step": null, "ts": 1639304527.882547}]}, "version": 85}
{"obj": {"type": "LogFloats", "path": ["network6", "train_loss"], "values": [{"value": 0.017392890900373457, "step": null, "ts": 1639304528.985414}]}, "version": 86}
{"obj": {"type": "LogFloats", "path": ["network6", "validation_loss"], "values": [{"value": 0.062127117067575455, "step": null, "ts": 1639304529.0915108}]}, "version": 87}
{"obj": {"type": "LogStrings", "path": ["monitoring", "stdout"], "values": [{"value": "Training epoch 12", "step": null, "ts": 1639304529.0925117}]}, "version": 88}
{"obj": {"type": "LogStrings", "path": ["monitoring", "stdout"], "values": [{"value": "\n", "step": null, "ts": 1639304529.0925117}]}, "version": 89}
{"obj": {"type": "LogFloats", "path": ["network6", "learning_rate"], "values": [{"value": 0.23819660112501062, "step": null, "ts": 1639304529.0925117}]}, "version": 90}
{"obj": {"type": "LogFloats", "path": ["network6", "train_loss"], "values": [{"value": 0.01580629646778107, "step": null, "ts": 1639304530.1932456}]}, "version": 91}
{"obj": {"type": "LogFloats", "path": ["network6", "validation_loss"], "values": [{"value": 0.059848684817552567, "step": null, "ts": 1639304530.2993422}]}, "version": 92}
{"obj": {"type": "LogStrings", "path": ["monitoring", "stdout"], "values": [{"value": "Training epoch 13", "step": null, "ts": 1639304530.2993422}]}, "version": 93}
{"obj": {"type": "LogStrings", "path": ["monitoring", "stdout"], "values": [{"value": "\n", "step": null, "ts": 1639304530.2993422}]}, "version": 94}
{"obj": {"type": "LogFloats", "path": ["network6", "learning_rate"], "values": [{"value": 0.20920190005209072, "step": null, "ts": 1639304530.2993422}]}, "version": 95}
{"obj": {"type": "LogFloats", "path": ["network6", "train_loss"], "values": [{"value": 0.015130925364792347, "step": null, "ts": 1639304531.4051802}]}, "version": 96}
{"obj": {"type": "LogFloats", "path": ["network6", "validation_loss"], "values": [{"value": 0.05942312255501747, "step": null, "ts": 1639304531.5143313}]}, "version": 97}
{"obj": {"type": "LogStrings", "path": ["monitoring", "stdout"], "values": [{"value": "Training epoch 14", "step": null, "ts": 1639304531.5153325}]}, "version": 98}
{"obj": {"type": "LogStrings", "path": ["monitoring", "stdout"], "values": [{"value": "\n", "step": null, "ts": 1639304531.5153325}]}, "version": 99}
{"obj": {"type": "LogFloats", "path": ["network6", "learning_rate"], "values": [{"value": 0.18244294954150544, "step": null, "ts": 1639304531.5153325}]}, "version": 100}
{"obj": {"type": "LogFloats", "path": ["network6", "train_loss"], "values": [{"value": 0.014638194814324379, "step": null, "ts": 1639304532.6192684}]}, "version": 101}
{"obj": {"type": "LogFloats", "path": ["network6", "validation_loss"], "values": [{"value": 0.06009228155016899, "step": null, "ts": 1639304532.7293682}]}, "version": 102}
{"obj": {"type": "LogStrings", "path": ["monitoring", "stdout"], "values": [{"value": "Training epoch 15", "step": null, "ts": 1639304532.730369}]}, "version": 103}
{"obj": {"type": "LogStrings", "path": ["monitoring", "stdout"], "values": [{"value": "\n", "step": null, "ts": 1639304532.730369}]}, "version": 104}
{"obj": {"type": "LogFloats", "path": ["network6", "learning_rate"], "values": [{"value": 0.15857864376269054, "step": null, "ts": 1639304532.730369}]}, "version": 105}
{"obj": {"type": "LogFloats", "path": ["monitoring", "cpu"], "values": [{"value": 48.8, "step": null, "ts": 1639304532.795428}]}, "version": 106}
{"obj": {"type": "LogFloats", "path": ["monitoring", "memory"], "values": [{"value": 9.103492736816406, "step": null, "ts": 1639304532.795428}]}, "version": 107}
{"obj": {"type": "LogFloats", "path": ["monitoring", "gpu"], "values": [{"value": 46.0, "step": null, "ts": 1639304532.795428}]}, "version": 108}
{"obj": {"type": "LogFloats", "path": ["monitoring", "gpu_memory"], "values": [{"value": 2.456451416015625, "step": null, "ts": 1639304532.795428}]}, "version": 109}
{"obj": {"type": "LogFloats", "path": ["network6", "train_loss"], "values": [{"value": 0.01429566890001297, "step": null, "ts": 1639304533.8404877}]}, "version": 110}
{"obj": {"type": "LogFloats", "path": ["network6", "validation_loss"], "values": [{"value": 0.06022172048687935, "step": null, "ts": 1639304533.950588}]}, "version": 111}
{"obj": {"type": "LogStrings", "path": ["monitoring", "stdout"], "values": [{"value": "Training epoch 16", "step": null, "ts": 1639304533.950588}]}, "version": 112}
{"obj": {"type": "LogStrings", "path": ["monitoring", "stdout"], "values": [{"value": "\n", "step": null, "ts": 1639304533.950588}]}, "version": 113}
{"obj": {"type": "LogFloats", "path": ["network6", "learning_rate"], "values": [{"value": 0.13819660112501056, "step": null, "ts": 1639304533.950588}]}, "version": 114}
{"obj": {"type": "LogFloats", "path": ["network6", "train_loss"], "values": [{"value": 0.01373479887843132, "step": null, "ts": 1639304535.0665674}]}, "version": 115}
{"obj": {"type": "LogFloats", "path": ["network6", "validation_loss"], "values": [{"value": 0.05932334437966347, "step": null, "ts": 1639304535.1766672}]}, "version": 116}
{"obj": {"type": "LogStrings", "path": ["monitoring", "stdout"], "values": [{"value": "Training epoch 17", "step": null, "ts": 1639304535.1766672}]}, "version": 117}
{"obj": {"type": "LogStrings", "path": ["monitoring", "stdout"], "values": [{"value": "\n", "step": null, "ts": 1639304535.1766672}]}, "version": 118}
{"obj": {"type": "LogFloats", "path": ["network6", "learning_rate"], "values": [{"value": 0.12179869516232646, "step": null, "ts": 1639304535.1766672}]}, "version": 119}
{"obj": {"type": "LogFloats", "path": ["network6", "train_loss"], "values": [{"value": 0.013433807529509068, "step": null, "ts": 1639304536.2954905}]}, "version": 120}
{"obj": {"type": "LogFloats", "path": ["network6", "validation_loss"], "values": [{"value": 0.06020427495241165, "step": null, "ts": 1639304536.4065828}]}, "version": 121}
{"obj": {"type": "LogStrings", "path": ["monitoring", "stdout"], "values": [{"value": "Training epoch 18", "step": null, "ts": 1639304536.4065828}]}, "version": 122}
{"obj": {"type": "LogStrings", "path": ["monitoring", "stdout"], "values": [{"value": "\n", "step": null, "ts": 1639304536.4065828}]}, "version": 123}
{"obj": {"type": "LogFloats", "path": ["network6", "learning_rate"], "values": [{"value": 0.1097886967409693, "step": null, "ts": 1639304536.4065828}]}, "version": 124}
{"obj": {"type": "LogFloats", "path": ["network6", "train_loss"], "values": [{"value": 0.013222846761345863, "step": null, "ts": 1639304537.5156403}]}, "version": 125}
{"obj": {"type": "LogFloats", "path": ["network6", "validation_loss"], "values": [{"value": 0.05935223400592804, "step": null, "ts": 1639304537.6262434}]}, "version": 126}
{"obj": {"type": "LogStrings", "path": ["monitoring", "stdout"], "values": [{"value": "Training epoch 19", "step": null, "ts": 1639304537.6272447}]}, "version": 127}
{"obj": {"type": "LogStrings", "path": ["monitoring", "stdout"], "values": [{"value": "\n", "step": null, "ts": 1639304537.6272447}]}, "version": 128}
{"obj": {"type": "LogFloats", "path": ["network6", "learning_rate"], "values": [{"value": 0.10246233188097248, "step": null, "ts": 1639304537.6272447}]}, "version": 129}
{"obj": {"type": "LogFloats", "path": ["network6", "train_loss"], "values": [{"value": 0.013012206181883812, "step": null, "ts": 1639304538.7388713}]}, "version": 130}
{"obj": {"type": "LogFloats", "path": ["network6", "validation_loss"], "values": [{"value": 0.059926025569438934, "step": null, "ts": 1639304538.84888}]}, "version": 131}
{"obj": {"type": "LogStrings", "path": ["monitoring", "stdout"], "values": [{"value": "Training epoch 20", "step": null, "ts": 1639304538.84888}]}, "version": 132}
{"obj": {"type": "LogStrings", "path": ["monitoring", "stdout"], "values": [{"value": "\n", "step": null, "ts": 1639304538.84888}]}, "version": 133}
{"obj": {"type": "LogFloats", "path": ["network6", "learning_rate"], "values": [{"value": 0.1, "step": null, "ts": 1639304538.84888}]}, "version": 134}
{"obj": {"type": "LogFloats", "path": ["network6", "train_loss"], "values": [{"value": 0.012851181998848915, "step": null, "ts": 1639304539.9534106}]}, "version": 135}
{"obj": {"type": "LogFloats", "path": ["network6", "validation_loss"], "values": [{"value": 0.059746380895376205, "step": null, "ts": 1639304540.0595064}]}, "version": 136}
{"obj": {"type": "LogStrings", "path": ["monitoring", "stdout"], "values": [{"value": "Training epoch 21", "step": null, "ts": 1639304540.0595064}]}, "version": 137}
{"obj": {"type": "LogStrings", "path": ["monitoring", "stdout"], "values": [{"value": "\n", "step": null, "ts": 1639304540.060508}]}, "version": 138}
{"obj": {"type": "LogFloats", "path": ["network6", "learning_rate"], "values": [{"value": 0.10246233188097245, "step": null, "ts": 1639304540.060508}]}, "version": 139}
{"obj": {"type": "LogFloats", "path": ["network6", "train_loss"], "values": [{"value": 0.01268218196928501, "step": null, "ts": 1639304541.1627936}]}, "version": 140}
{"obj": {"type": "LogFloats", "path": ["network6", "validation_loss"], "values": [{"value": 0.059607356786727905, "step": null, "ts": 1639304541.2728941}]}, "version": 141}
{"obj": {"type": "LogStrings", "path": ["monitoring", "stdout"], "values": [{"value": "Training epoch 22", "step": null, "ts": 1639304541.2728941}]}, "version": 142}
{"obj": {"type": "LogStrings", "path": ["monitoring", "stdout"], "values": [{"value": "\n", "step": null, "ts": 1639304541.2728941}]}, "version": 143}
{"obj": {"type": "LogFloats", "path": ["network6", "learning_rate"], "values": [{"value": 0.10978869674096925, "step": null, "ts": 1639304541.2728941}]}, "version": 144}
{"obj": {"type": "LogFloats", "path": ["network6", "train_loss"], "values": [{"value": 0.012526803277432918, "step": null, "ts": 1639304542.3803205}]}, "version": 145}
{"obj": {"type": "LogFloats", "path": ["network6", "validation_loss"], "values": [{"value": 0.059380754828453064, "step": null, "ts": 1639304542.4924228}]}, "version": 146}
{"obj": {"type": "LogStrings", "path": ["monitoring", "stdout"], "values": [{"value": "Training epoch 23", "step": null, "ts": 1639304542.4924228}]}, "version": 147}
{"obj": {"type": "LogStrings", "path": ["monitoring", "stdout"], "values": [{"value": "\n", "step": null, "ts": 1639304542.493424}]}, "version": 148}
{"obj": {"type": "LogFloats", "path": ["network6", "learning_rate"], "values": [{"value": 0.12179869516232641, "step": null, "ts": 1639304542.493424}]}, "version": 149}
{"obj": {"type": "LogFloats", "path": ["monitoring", "cpu"], "values": [{"value": 53.5, "step": null, "ts": 1639304542.8090959}]}, "version": 150}
{"obj": {"type": "LogFloats", "path": ["monitoring", "memory"], "values": [{"value": 8.99721908569336, "step": null, "ts": 1639304542.8090959}]}, "version": 151}
{"obj": {"type": "LogFloats", "path": ["monitoring", "gpu"], "values": [{"value": 68.0, "step": null, "ts": 1639304542.8090959}]}, "version": 152}
{"obj": {"type": "LogFloats", "path": ["monitoring", "gpu_memory"], "values": [{"value": 2.456451416015625, "step": null, "ts": 1639304542.8090959}]}, "version": 153}
{"obj": {"type": "LogFloats", "path": ["network6", "train_loss"], "values": [{"value": 0.012367341108620167, "step": null, "ts": 1639304543.6053236}]}, "version": 154}
{"obj": {"type": "LogFloats", "path": ["network6", "validation_loss"], "values": [{"value": 0.05981214717030525, "step": null, "ts": 1639304543.7124214}]}, "version": 155}
{"obj": {"type": "LogStrings", "path": ["monitoring", "stdout"], "values": [{"value": "Training epoch 24", "step": null, "ts": 1639304543.7124214}]}, "version": 156}
{"obj": {"type": "LogStrings", "path": ["monitoring", "stdout"], "values": [{"value": "\n", "step": null, "ts": 1639304543.7124214}]}, "version": 157}
{"obj": {"type": "LogFloats", "path": ["network6", "learning_rate"], "values": [{"value": 0.13819660112501048, "step": null, "ts": 1639304543.7124214}]}, "version": 158}
{"obj": {"type": "LogFloats", "path": ["network6", "train_loss"], "values": [{"value": 0.012183433026075363, "step": null, "ts": 1639304544.82589}]}, "version": 159}
{"obj": {"type": "LogFloats", "path": ["network6", "validation_loss"], "values": [{"value": 0.05931643396615982, "step": null, "ts": 1639304544.934898}]}, "version": 160}
{"obj": {"type": "LogStrings", "path": ["monitoring", "stdout"], "values": [{"value": "Training epoch 25", "step": null, "ts": 1639304544.935898}]}, "version": 161}
{"obj": {"type": "LogStrings", "path": ["monitoring", "stdout"], "values": [{"value": "\n", "step": null, "ts": 1639304544.935898}]}, "version": 162}
{"obj": {"type": "LogFloats", "path": ["network6", "learning_rate"], "values": [{"value": 0.1585786437626904, "step": null, "ts": 1639304544.935898}]}, "version": 163}
{"obj": {"type": "LogFloats", "path": ["network6", "train_loss"], "values": [{"value": 0.01197911323979497, "step": null, "ts": 1639304546.0429015}]}, "version": 164}
{"obj": {"type": "LogFloats", "path": ["network6", "validation_loss"], "values": [{"value": 0.06034153699874878, "step": null, "ts": 1639304546.150999}]}, "version": 165}
{"obj": {"type": "LogStrings", "path": ["monitoring", "stdout"], "values": [{"value": "Training epoch 26", "step": null, "ts": 1639304546.150999}]}, "version": 166}
{"obj": {"type": "LogStrings", "path": ["monitoring", "stdout"], "values": [{"value": "\n", "step": null, "ts": 1639304546.150999}]}, "version": 167}
{"obj": {"type": "LogFloats", "path": ["network6", "learning_rate"], "values": [{"value": 0.18244294954150525, "step": null, "ts": 1639304546.150999}]}, "version": 168}
{"obj": {"type": "LogFloats", "path": ["network6", "train_loss"], "values": [{"value": 0.011814080085605383, "step": null, "ts": 1639304547.250315}]}, "version": 169}
{"obj": {"type": "LogFloats", "path": ["network6", "validation_loss"], "values": [{"value": 0.06085400655865669, "step": null, "ts": 1639304547.356411}]}, "version": 170}
{"obj": {"type": "LogStrings", "path": ["monitoring", "stdout"], "values": [{"value": "Training epoch 27", "step": null, "ts": 1639304547.3574116}]}, "version": 171}
{"obj": {"type": "LogStrings", "path": ["monitoring", "stdout"], "values": [{"value": "\n", "step": null, "ts": 1639304547.3574116}]}, "version": 172}
{"obj": {"type": "LogFloats", "path": ["network6", "learning_rate"], "values": [{"value": 0.20920190005209047, "step": null, "ts": 1639304547.3574116}]}, "version": 173}
{"obj": {"type": "LogFloats", "path": ["network6", "train_loss"], "values": [{"value": 0.011538455821573734, "step": null, "ts": 1639304548.473692}]}, "version": 174}
{"obj": {"type": "LogFloats", "path": ["network6", "validation_loss"], "values": [{"value": 0.060630641877651215, "step": null, "ts": 1639304548.5822947}]}, "version": 175}
{"obj": {"type": "LogStrings", "path": ["monitoring", "stdout"], "values": [{"value": "Training epoch 28", "step": null, "ts": 1639304548.5822947}]}, "version": 176}
{"obj": {"type": "LogStrings", "path": ["monitoring", "stdout"], "values": [{"value": "\n", "step": null, "ts": 1639304548.5832956}]}, "version": 177}
{"obj": {"type": "LogFloats", "path": ["network6", "learning_rate"], "values": [{"value": 0.23819660112501032, "step": null, "ts": 1639304548.5832956}]}, "version": 178}
{"obj": {"type": "LogFloats", "path": ["network6", "train_loss"], "values": [{"value": 0.011247957777231931, "step": null, "ts": 1639304549.692086}]}, "version": 179}
{"obj": {"type": "LogFloats", "path": ["network6", "validation_loss"], "values": [{"value": 0.0588393360376358, "step": null, "ts": 1639304549.8031862}]}, "version": 180}
{"obj": {"type": "LogStrings", "path": ["monitoring", "stdout"], "values": [{"value": "Training epoch 29", "step": null, "ts": 1639304549.8031862}]}, "version": 181}
{"obj": {"type": "LogStrings", "path": ["monitoring", "stdout"], "values": [{"value": "\n", "step": null, "ts": 1639304549.8031862}]}, "version": 182}
{"obj": {"type": "LogFloats", "path": ["network6", "learning_rate"], "values": [{"value": 0.2687131069919536, "step": null, "ts": 1639304549.8031862}]}, "version": 183}
{"obj": {"type": "LogFloats", "path": ["network6", "train_loss"], "values": [{"value": 0.010928882844746112, "step": null, "ts": 1639304550.9138453}]}, "version": 184}
{"obj": {"type": "LogFloats", "path": ["network6", "validation_loss"], "values": [{"value": 0.06260298192501068, "step": null, "ts": 1639304551.0248973}]}, "version": 185}
{"obj": {"type": "LogStrings", "path": ["monitoring", "stdout"], "values": [{"value": "Training epoch 30", "step": null, "ts": 1639304551.0248973}]}, "version": 186}
{"obj": {"type": "LogStrings", "path": ["monitoring", "stdout"], "values": [{"value": "\n", "step": null, "ts": 1639304551.0248973}]}, "version": 187}
{"obj": {"type": "LogFloats", "path": ["network6", "learning_rate"], "values": [{"value": 0.2999999999999997, "step": null, "ts": 1639304551.0248973}]}, "version": 188}
{"obj": {"type": "LogFloats", "path": ["network6", "train_loss"], "values": [{"value": 0.010927547235041857, "step": null, "ts": 1639304552.131846}]}, "version": 189}
{"obj": {"type": "LogFloats", "path": ["network6", "validation_loss"], "values": [{"value": 0.05983501300215721, "step": null, "ts": 1639304552.2388515}]}, "version": 190}
{"obj": {"type": "LogStrings", "path": ["monitoring", "stdout"], "values": [{"value": "Training epoch 31", "step": null, "ts": 1639304552.2388515}]}, "version": 191}
{"obj": {"type": "LogStrings", "path": ["monitoring", "stdout"], "values": [{"value": "\n", "step": null, "ts": 1639304552.2398524}]}, "version": 192}
{"obj": {"type": "LogFloats", "path": ["network6", "learning_rate"], "values": [{"value": 0.33128689300804587, "step": null, "ts": 1639304552.2398524}]}, "version": 193}
{"obj": {"type": "LogFloats", "path": ["monitoring", "cpu"], "values": [{"value": 52.4, "step": null, "ts": 1639304552.827494}]}, "version": 194}
{"obj": {"type": "LogFloats", "path": ["monitoring", "memory"], "values": [{"value": 8.98614501953125, "step": null, "ts": 1639304552.827494}]}, "version": 195}
{"obj": {"type": "LogFloats", "path": ["monitoring", "gpu"], "values": [{"value": 94.0, "step": null, "ts": 1639304552.827494}]}, "version": 196}
{"obj": {"type": "LogFloats", "path": ["monitoring", "gpu_memory"], "values": [{"value": 2.456451416015625, "step": null, "ts": 1639304552.827494}]}, "version": 197}
{"obj": {"type": "LogFloats", "path": ["network6", "train_loss"], "values": [{"value": 0.010497074946761132, "step": null, "ts": 1639304553.349651}]}, "version": 198}
{"obj": {"type": "LogFloats", "path": ["network6", "validation_loss"], "values": [{"value": 0.06526744365692139, "step": null, "ts": 1639304553.4562502}]}, "version": 199}
{"obj": {"type": "LogStrings", "path": ["monitoring", "stdout"], "values": [{"value": "Training epoch 32", "step": null, "ts": 1639304553.457251}]}, "version": 200}
{"obj": {"type": "LogStrings", "path": ["monitoring", "stdout"], "values": [{"value": "\n", "step": null, "ts": 1639304553.457251}]}, "version": 201}
{"obj": {"type": "LogFloats", "path": ["network6", "learning_rate"], "values": [{"value": 0.36180339887498913, "step": null, "ts": 1639304553.457251}]}, "version": 202}
{"obj": {"type": "LogFloats", "path": ["network6", "train_loss"], "values": [{"value": 0.010682409163564444, "step": null, "ts": 1639304554.566711}]}, "version": 203}
{"obj": {"type": "LogFloats", "path": ["network6", "validation_loss"], "values": [{"value": 0.07099791616201401, "step": null, "ts": 1639304554.6768115}]}, "version": 204}
{"obj": {"type": "LogStrings", "path": ["monitoring", "stdout"], "values": [{"value": "Training epoch 33", "step": null, "ts": 1639304554.6768115}]}, "version": 205}
{"obj": {"type": "LogStrings", "path": ["monitoring", "stdout"], "values": [{"value": "\n", "step": null, "ts": 1639304554.6768115}]}, "version": 206}
{"obj": {"type": "LogFloats", "path": ["network6", "learning_rate"], "values": [{"value": 0.39079809994790904, "step": null, "ts": 1639304554.6778119}]}, "version": 207}
{"obj": {"type": "LogFloats", "path": ["network6", "train_loss"], "values": [{"value": 0.021263677440583707, "step": null, "ts": 1639304555.7866676}]}, "version": 208}
{"obj": {"type": "LogFloats", "path": ["network6", "validation_loss"], "values": [{"value": 0.08444943279027939, "step": null, "ts": 1639304555.8960452}]}, "version": 209}
{"obj": {"type": "LogStrings", "path": ["monitoring", "stdout"], "values": [{"value": "Training epoch 34", "step": null, "ts": 1639304555.8960452}]}, "version": 210}
{"obj": {"type": "LogStrings", "path": ["monitoring", "stdout"], "values": [{"value": "\n", "step": null, "ts": 1639304555.8960452}]}, "version": 211}
{"obj": {"type": "LogFloats", "path": ["network6", "learning_rate"], "values": [{"value": 0.4175570504584942, "step": null, "ts": 1639304555.8960452}]}, "version": 212}
{"obj": {"type": "LogFloats", "path": ["network6", "train_loss"], "values": [{"value": 0.0306210283190012, "step": null, "ts": 1639304556.9917805}]}, "version": 213}
{"obj": {"type": "LogFloats", "path": ["network6", "validation_loss"], "values": [{"value": 0.055835556238889694, "step": null, "ts": 1639304557.1029308}]}, "version": 214}
{"obj": {"type": "LogStrings", "path": ["monitoring", "stdout"], "values": [{"value": "Training epoch 35", "step": null, "ts": 1639304557.1029308}]}, "version": 215}
{"obj": {"type": "LogStrings", "path": ["monitoring", "stdout"], "values": [{"value": "\n", "step": null, "ts": 1639304557.1029308}]}, "version": 216}
{"obj": {"type": "LogFloats", "path": ["network6", "learning_rate"], "values": [{"value": 0.44142135623730916, "step": null, "ts": 1639304557.1029308}]}, "version": 217}
{"obj": {"type": "LogFloats", "path": ["network6", "train_loss"], "values": [{"value": 0.02492260988801718, "step": null, "ts": 1639304558.220274}]}, "version": 218}
{"obj": {"type": "LogFloats", "path": ["network6", "validation_loss"], "values": [{"value": 0.06704630702733994, "step": null, "ts": 1639304558.3283725}]}, "version": 219}
{"obj": {"type": "LogStrings", "path": ["monitoring", "stdout"], "values": [{"value": "Training epoch 36", "step": null, "ts": 1639304558.3293731}]}, "version": 220}
{"obj": {"type": "LogStrings", "path": ["monitoring", "stdout"], "values": [{"value": "\n", "step": null, "ts": 1639304558.3293731}]}, "version": 221}
{"obj": {"type": "LogFloats", "path": ["network6", "learning_rate"], "values": [{"value": 0.4618033988749891, "step": null, "ts": 1639304558.3293731}]}, "version": 222}
{"obj": {"type": "LogFloats", "path": ["network6", "train_loss"], "values": [{"value": 0.019150397926568984, "step": null, "ts": 1639304559.432666}]}, "version": 223}
{"obj": {"type": "LogFloats", "path": ["network6", "validation_loss"], "values": [{"value": 0.07028625160455704, "step": null, "ts": 1639304559.5392647}]}, "version": 224}
{"obj": {"type": "LogStrings", "path": ["monitoring", "stdout"], "values": [{"value": "Training epoch 37", "step": null, "ts": 1639304559.5402656}]}, "version": 225}
{"obj": {"type": "LogStrings", "path": ["monitoring", "stdout"], "values": [{"value": "\n", "step": null, "ts": 1639304559.5402656}]}, "version": 226}
{"obj": {"type": "LogFloats", "path": ["network6", "learning_rate"], "values": [{"value": 0.4782013048376732, "step": null, "ts": 1639304559.5402656}]}, "version": 227}
{"obj": {"type": "LogFloats", "path": ["network6", "train_loss"], "values": [{"value": 0.01473821308463812, "step": null, "ts": 1639304560.650607}]}, "version": 228}
{"obj": {"type": "LogFloats", "path": ["network6", "validation_loss"], "values": [{"value": 0.0777330994606018, "step": null, "ts": 1639304560.7577043}]}, "version": 229}
{"obj": {"type": "LogStrings", "path": ["monitoring", "stdout"], "values": [{"value": "Training epoch 38", "step": null, "ts": 1639304560.7577043}]}, "version": 230}
{"obj": {"type": "LogStrings", "path": ["monitoring", "stdout"], "values": [{"value": "\n", "step": null, "ts": 1639304560.7587054}]}, "version": 231}
{"obj": {"type": "LogFloats", "path": ["network6", "learning_rate"], "values": [{"value": 0.4902113032590304, "step": null, "ts": 1639304560.7587054}]}, "version": 232}
{"obj": {"type": "LogFloats", "path": ["network6", "train_loss"], "values": [{"value": 0.013497800007462502, "step": null, "ts": 1639304561.8948324}]}, "version": 233}
{"obj": {"type": "LogFloats", "path": ["network6", "validation_loss"], "values": [{"value": 0.07099892199039459, "step": null, "ts": 1639304562.0053883}]}, "version": 234}
{"obj": {"type": "LogStrings", "path": ["monitoring", "stdout"], "values": [{"value": "Training epoch 39", "step": null, "ts": 1639304562.0053883}]}, "version": 235}
{"obj": {"type": "LogStrings", "path": ["monitoring", "stdout"], "values": [{"value": "\n", "step": null, "ts": 1639304562.0053883}]}, "version": 236}
{"obj": {"type": "LogFloats", "path": ["network6", "learning_rate"], "values": [{"value": 0.4975376681190272, "step": null, "ts": 1639304562.0063884}]}, "version": 237}
{"obj": {"type": "LogFloats", "path": ["monitoring", "cpu"], "values": [{"value": 53.5, "step": null, "ts": 1639304562.8451498}]}, "version": 238}
{"obj": {"type": "LogFloats", "path": ["monitoring", "memory"], "values": [{"value": 9.11794662475586, "step": null, "ts": 1639304562.8451498}]}, "version": 239}
{"obj": {"type": "LogFloats", "path": ["monitoring", "gpu"], "values": [{"value": 89.0, "step": null, "ts": 1639304562.8451498}]}, "version": 240}
{"obj": {"type": "LogFloats", "path": ["monitoring", "gpu_memory"], "values": [{"value": 2.456451416015625, "step": null, "ts": 1639304562.8451498}]}, "version": 241}
{"obj": {"type": "LogFloats", "path": ["network6", "train_loss"], "values": [{"value": 0.01250456003472209, "step": null, "ts": 1639304563.115699}]}, "version": 242}
{"obj": {"type": "LogFloats", "path": ["network6", "validation_loss"], "values": [{"value": 0.07884328812360764, "step": null, "ts": 1639304563.2273083}]}, "version": 243}
{"obj": {"type": "LogStrings", "path": ["monitoring", "stdout"], "values": [{"value": "Training epoch 40", "step": null, "ts": 1639304563.2273083}]}, "version": 244}
{"obj": {"type": "LogStrings", "path": ["monitoring", "stdout"], "values": [{"value": "\n", "step": null, "ts": 1639304563.2273083}]}, "version": 245}
{"obj": {"type": "LogFloats", "path": ["network6", "learning_rate"], "values": [{"value": 0.4999999999999998, "step": null, "ts": 1639304563.2273083}]}, "version": 246}
{"obj": {"type": "LogFloats", "path": ["network6", "train_loss"], "values": [{"value": 0.011737033538520337, "step": null, "ts": 1639304564.336987}]}, "version": 247}
{"obj": {"type": "LogFloats", "path": ["network6", "validation_loss"], "values": [{"value": 0.061004240065813065, "step": null, "ts": 1639304564.448089}]}, "version": 248}
{"obj": {"type": "LogStrings", "path": ["monitoring", "stdout"], "values": [{"value": "Training epoch 41", "step": null, "ts": 1639304564.448089}]}, "version": 249}
{"obj": {"type": "LogStrings", "path": ["monitoring", "stdout"], "values": [{"value": "\n", "step": null, "ts": 1639304564.448089}]}, "version": 250}
{"obj": {"type": "LogFloats", "path": ["network6", "learning_rate"], "values": [{"value": 0.49753766811902733, "step": null, "ts": 1639304564.448089}]}, "version": 251}
{"obj": {"type": "LogFloats", "path": ["network6", "train_loss"], "values": [{"value": 0.01602724101394415, "step": null, "ts": 1639304565.555594}]}, "version": 252}
{"obj": {"type": "LogFloats", "path": ["network6", "validation_loss"], "values": [{"value": 0.07719787955284119, "step": null, "ts": 1639304565.6666954}]}, "version": 253}
{"obj": {"type": "LogStrings", "path": ["monitoring", "stdout"], "values": [{"value": "Training epoch 42", "step": null, "ts": 1639304565.6676967}]}, "version": 254}
{"obj": {"type": "LogStrings", "path": ["monitoring", "stdout"], "values": [{"value": "\n", "step": null, "ts": 1639304565.6676967}]}, "version": 255}
{"obj": {"type": "LogFloats", "path": ["network6", "learning_rate"], "values": [{"value": 0.4902113032590305, "step": null, "ts": 1639304565.6676967}]}, "version": 256}
{"obj": {"type": "LogFloats", "path": ["network6", "train_loss"], "values": [{"value": 0.01585701759904623, "step": null, "ts": 1639304566.7759726}]}, "version": 257}
{"obj": {"type": "LogFloats", "path": ["network6", "validation_loss"], "values": [{"value": 0.0728338360786438, "step": null, "ts": 1639304566.8830707}]}, "version": 258}
{"obj": {"type": "LogStrings", "path": ["monitoring", "stdout"], "values": [{"value": "Training epoch 43", "step": null, "ts": 1639304566.8830707}]}, "version": 259}
{"obj": {"type": "LogStrings", "path": ["monitoring", "stdout"], "values": [{"value": "\n", "step": null, "ts": 1639304566.8830707}]}, "version": 260}
{"obj": {"type": "LogFloats", "path": ["network6", "learning_rate"], "values": [{"value": 0.4782013048376734, "step": null, "ts": 1639304566.8840704}]}, "version": 261}
{"obj": {"type": "LogFloats", "path": ["network6", "train_loss"], "values": [{"value": 0.010768195055425167, "step": null, "ts": 1639304567.9823463}]}, "version": 262}
{"obj": {"type": "LogFloats", "path": ["network6", "validation_loss"], "values": [{"value": 0.0717264786362648, "step": null, "ts": 1639304568.0892222}]}, "version": 263}
{"obj": {"type": "LogStrings", "path": ["monitoring", "stdout"], "values": [{"value": "Training epoch 44", "step": null, "ts": 1639304568.0892222}]}, "version": 264}
{"obj": {"type": "LogStrings", "path": ["monitoring", "stdout"], "values": [{"value": "\n", "step": null, "ts": 1639304568.0892222}]}, "version": 265}
{"obj": {"type": "LogFloats", "path": ["network6", "learning_rate"], "values": [{"value": 0.46180339887498945, "step": null, "ts": 1639304568.0892222}]}, "version": 266}
{"obj": {"type": "LogFloats", "path": ["network6", "train_loss"], "values": [{"value": 0.009068838693201542, "step": null, "ts": 1639304569.1959999}]}, "version": 267}
{"obj": {"type": "LogFloats", "path": ["network6", "validation_loss"], "values": [{"value": 0.0678466334939003, "step": null, "ts": 1639304569.3071008}]}, "version": 268}
{"obj": {"type": "LogStrings", "path": ["monitoring", "stdout"], "values": [{"value": "Training epoch 45", "step": null, "ts": 1639304569.3071008}]}, "version": 269}
{"obj": {"type": "LogStrings", "path": ["monitoring", "stdout"], "values": [{"value": "\n", "step": null, "ts": 1639304569.3071008}]}, "version": 270}
{"obj": {"type": "LogFloats", "path": ["network6", "learning_rate"], "values": [{"value": 0.4414213562373094, "step": null, "ts": 1639304569.3071008}]}, "version": 271}
{"obj": {"type": "LogFloats", "path": ["network6", "train_loss"], "values": [{"value": 0.008345262426882983, "step": null, "ts": 1639304570.417394}]}, "version": 272}
{"obj": {"type": "LogFloats", "path": ["network6", "validation_loss"], "values": [{"value": 0.06900081783533096, "step": null, "ts": 1639304570.5274942}]}, "version": 273}
{"obj": {"type": "LogStrings", "path": ["monitoring", "stdout"], "values": [{"value": "Training epoch 46", "step": null, "ts": 1639304570.5274942}]}, "version": 274}
{"obj": {"type": "LogStrings", "path": ["monitoring", "stdout"], "values": [{"value": "\n", "step": null, "ts": 1639304570.528495}]}, "version": 275}
{"obj": {"type": "LogFloats", "path": ["network6", "learning_rate"], "values": [{"value": 0.41755705045849456, "step": null, "ts": 1639304570.528495}]}, "version": 276}
{"obj": {"type": "LogFloats", "path": ["network6", "train_loss"], "values": [{"value": 0.007895958796143531, "step": null, "ts": 1639304571.6377766}]}, "version": 277}
{"obj": {"type": "LogFloats", "path": ["network6", "validation_loss"], "values": [{"value": 0.0698845237493515, "step": null, "ts": 1639304571.7538824}]}, "version": 278}
{"obj": {"type": "LogStrings", "path": ["monitoring", "stdout"], "values": [{"value": "Training epoch 47", "step": null, "ts": 1639304571.7538824}]}, "version": 279}
{"obj": {"type": "LogStrings", "path": ["monitoring", "stdout"], "values": [{"value": "\n", "step": null, "ts": 1639304571.7538824}]}, "version": 280}
{"obj": {"type": "LogFloats", "path": ["network6", "learning_rate"], "values": [{"value": 0.39079809994790915, "step": null, "ts": 1639304571.7538824}]}, "version": 281}
{"obj": {"type": "LogFloats", "path": ["monitoring", "cpu"], "values": [{"value": 51.8, "step": null, "ts": 1639304572.8505468}]}, "version": 282}
{"obj": {"type": "LogFloats", "path": ["monitoring", "memory"], "values": [{"value": 9.048263549804688, "step": null, "ts": 1639304572.8505468}]}, "version": 283}
{"obj": {"type": "LogFloats", "path": ["monitoring", "gpu"], "values": [{"value": 72.0, "step": null, "ts": 1639304572.8505468}]}, "version": 284}
{"obj": {"type": "LogFloats", "path": ["monitoring", "gpu_memory"], "values": [{"value": 2.456451416015625, "step": null, "ts": 1639304572.8505468}]}, "version": 285}
{"obj": {"type": "LogFloats", "path": ["network6", "train_loss"], "values": [{"value": 0.00764077166095376, "step": null, "ts": 1639304572.8735683}]}, "version": 286}
{"obj": {"type": "LogFloats", "path": ["network6", "validation_loss"], "values": [{"value": 0.06976345181465149, "step": null, "ts": 1639304572.9806652}]}, "version": 287}
{"obj": {"type": "LogStrings", "path": ["monitoring", "stdout"], "values": [{"value": "Training epoch 48", "step": null, "ts": 1639304572.9806652}]}, "version": 288}
{"obj": {"type": "LogStrings", "path": ["monitoring", "stdout"], "values": [{"value": "\n", "step": null, "ts": 1639304572.9806652}]}, "version": 289}
{"obj": {"type": "LogFloats", "path": ["network6", "learning_rate"], "values": [{"value": 0.36180339887498947, "step": null, "ts": 1639304572.9806652}]}, "version": 290}
{"obj": {"type": "LogFloats", "path": ["network6", "train_loss"], "values": [{"value": 0.007417695969343186, "step": null, "ts": 1639304574.0849378}]}, "version": 291}
{"obj": {"type": "LogFloats", "path": ["network6", "validation_loss"], "values": [{"value": 0.06975650042295456, "step": null, "ts": 1639304574.1903393}]}, "version": 292}
{"obj": {"type": "LogStrings", "path": ["monitoring", "stdout"], "values": [{"value": "Training epoch 49", "step": null, "ts": 1639304574.1903393}]}, "version": 293}
{"obj": {"type": "LogStrings", "path": ["monitoring", "stdout"], "values": [{"value": "\n", "step": null, "ts": 1639304574.1903393}]}, "version": 294}
{"obj": {"type": "LogFloats", "path": ["network6", "learning_rate"], "values": [{"value": 0.33128689300804637, "step": null, "ts": 1639304574.1903393}]}, "version": 295}
{"obj": {"type": "LogFloats", "path": ["network6", "train_loss"], "values": [{"value": 0.0072483568452298645, "step": null, "ts": 1639304575.296211}]}, "version": 296}
{"obj": {"type": "LogFloats", "path": ["network6", "validation_loss"], "values": [{"value": 0.06995332986116409, "step": null, "ts": 1639304575.4043083}]}, "version": 297}
{"obj": {"type": "UploadFile", "path": ["network6", "network_weights"], "ext": "pt", "file_path": "C:\\Users\\Marc\\Desktop\\Billeder\\params\\network6.pt"}, "version": 298}
{"obj": {"type": "LogStrings", "path": ["monitoring", "stdout"], "values": [{"value": "test count:", "step": null, "ts": 1639304575.6595402}]}, "version": 299}
{"obj": {"type": "LogStrings", "path": ["monitoring", "stdout"], "values": [{"value": " ", "step": null, "ts": 1639304575.6595402}]}, "version": 300}
{"obj": {"type": "LogStrings", "path": ["monitoring", "stdout"], "values": [{"value": "1", "step": null, "ts": 1639304575.6595402}]}, "version": 301}
{"obj": {"type": "LogStrings", "path": ["monitoring", "stdout"], "values": [{"value": "\n", "step": null, "ts": 1639304575.6595402}]}, "version": 302}
{"obj": {"type": "LogStrings", "path": ["monitoring", "stdout"], "values": [{"value": "test count:", "step": null, "ts": 1639304576.7701309}]}, "version": 303}
{"obj": {"type": "LogStrings", "path": ["monitoring", "stdout"], "values": [{"value": " ", "step": null, "ts": 1639304576.7701309}]}, "version": 304}
{"obj": {"type": "LogStrings", "path": ["monitoring", "stdout"], "values": [{"value": "2", "step": null, "ts": 1639304576.7701309}]}, "version": 305}
{"obj": {"type": "LogStrings", "path": ["monitoring", "stdout"], "values": [{"value": "\n", "step": null, "ts": 1639304576.7701309}]}, "version": 306}
{"obj": {"type": "LogStrings", "path": ["monitoring", "stdout"], "values": [{"value": "test count:", "step": null, "ts": 1639304577.8609724}]}, "version": 307}
{"obj": {"type": "LogStrings", "path": ["monitoring", "stdout"], "values": [{"value": " ", "step": null, "ts": 1639304577.8609724}]}, "version": 308}
{"obj": {"type": "LogStrings", "path": ["monitoring", "stdout"], "values": [{"value": "3", "step": null, "ts": 1639304577.8609724}]}, "version": 309}
{"obj": {"type": "LogStrings", "path": ["monitoring", "stdout"], "values": [{"value": "\n", "step": null, "ts": 1639304577.8609724}]}, "version": 310}
{"obj": {"type": "LogStrings", "path": ["monitoring", "stdout"], "values": [{"value": "test count:", "step": null, "ts": 1639304578.9493077}]}, "version": 311}
{"obj": {"type": "LogStrings", "path": ["monitoring", "stdout"], "values": [{"value": " ", "step": null, "ts": 1639304578.9503088}]}, "version": 312}
{"obj": {"type": "LogStrings", "path": ["monitoring", "stdout"], "values": [{"value": "4", "step": null, "ts": 1639304578.9503088}]}, "version": 313}
{"obj": {"type": "LogStrings", "path": ["monitoring", "stdout"], "values": [{"value": "\n", "step": null, "ts": 1639304578.9503088}]}, "version": 314}
{"obj": {"type": "LogStrings", "path": ["monitoring", "stdout"], "values": [{"value": "test count:", "step": null, "ts": 1639304580.0707755}]}, "version": 315}
{"obj": {"type": "LogStrings", "path": ["monitoring", "stdout"], "values": [{"value": " ", "step": null, "ts": 1639304580.0707755}]}, "version": 316}
{"obj": {"type": "LogStrings", "path": ["monitoring", "stdout"], "values": [{"value": "5", "step": null, "ts": 1639304580.0717766}]}, "version": 317}
{"obj": {"type": "LogStrings", "path": ["monitoring", "stdout"], "values": [{"value": "\n", "step": null, "ts": 1639304580.0717766}]}, "version": 318}
{"obj": {"type": "LogStrings", "path": ["monitoring", "stdout"], "values": [{"value": "test count:", "step": null, "ts": 1639304581.1745648}]}, "version": 319}
{"obj": {"type": "LogStrings", "path": ["monitoring", "stdout"], "values": [{"value": " ", "step": null, "ts": 1639304581.1745648}]}, "version": 320}
{"obj": {"type": "LogStrings", "path": ["monitoring", "stdout"], "values": [{"value": "6", "step": null, "ts": 1639304581.1745648}]}, "version": 321}
{"obj": {"type": "LogStrings", "path": ["monitoring", "stdout"], "values": [{"value": "\n", "step": null, "ts": 1639304581.1745648}]}, "version": 322}
{"obj": {"type": "LogStrings", "path": ["monitoring", "stdout"], "values": [{"value": "test count:", "step": null, "ts": 1639304582.2815237}]}, "version": 323}
{"obj": {"type": "LogStrings", "path": ["monitoring", "stdout"], "values": [{"value": " ", "step": null, "ts": 1639304582.2815237}]}, "version": 324}
{"obj": {"type": "LogStrings", "path": ["monitoring", "stdout"], "values": [{"value": "7", "step": null, "ts": 1639304582.2815237}]}, "version": 325}
{"obj": {"type": "LogStrings", "path": ["monitoring", "stdout"], "values": [{"value": "\n", "step": null, "ts": 1639304582.2815237}]}, "version": 326}
{"obj": {"type": "LogFloats", "path": ["monitoring", "cpu"], "values": [{"value": 30.6, "step": null, "ts": 1639304582.8830698}]}, "version": 327}
{"obj": {"type": "LogFloats", "path": ["monitoring", "memory"], "values": [{"value": 9.089439392089844, "step": null, "ts": 1639304582.8830698}]}, "version": 328}
{"obj": {"type": "LogFloats", "path": ["monitoring", "gpu_memory"], "values": [{"value": 2.456451416015625, "step": null, "ts": 1639304582.8830698}]}, "version": 329}
{"obj": {"type": "LogStrings", "path": ["monitoring", "stdout"], "values": [{"value": "test count:", "step": null, "ts": 1639304583.394846}]}, "version": 330}
{"obj": {"type": "LogStrings", "path": ["monitoring", "stdout"], "values": [{"value": " ", "step": null, "ts": 1639304583.394846}]}, "version": 331}
{"obj": {"type": "LogStrings", "path": ["monitoring", "stdout"], "values": [{"value": "8", "step": null, "ts": 1639304583.394846}]}, "version": 332}
{"obj": {"type": "LogStrings", "path": ["monitoring", "stdout"], "values": [{"value": "\n", "step": null, "ts": 1639304583.394846}]}, "version": 333}
{"obj": {"type": "LogStrings", "path": ["monitoring", "stdout"], "values": [{"value": "test count:", "step": null, "ts": 1639304584.4976633}]}, "version": 334}
{"obj": {"type": "LogStrings", "path": ["monitoring", "stdout"], "values": [{"value": " ", "step": null, "ts": 1639304584.4976633}]}, "version": 335}
{"obj": {"type": "LogStrings", "path": ["monitoring", "stdout"], "values": [{"value": "9", "step": null, "ts": 1639304584.4976633}]}, "version": 336}
{"obj": {"type": "LogStrings", "path": ["monitoring", "stdout"], "values": [{"value": "\n", "step": null, "ts": 1639304584.4986641}]}, "version": 337}
{"obj": {"type": "LogStrings", "path": ["monitoring", "stdout"], "values": [{"value": "test count:", "step": null, "ts": 1639304585.5841331}]}, "version": 338}
{"obj": {"type": "LogStrings", "path": ["monitoring", "stdout"], "values": [{"value": " ", "step": null, "ts": 1639304585.5841331}]}, "version": 339}
{"obj": {"type": "LogStrings", "path": ["monitoring", "stdout"], "values": [{"value": "10", "step": null, "ts": 1639304585.5841331}]}, "version": 340}
{"obj": {"type": "LogStrings", "path": ["monitoring", "stdout"], "values": [{"value": "\n", "step": null, "ts": 1639304585.5841331}]}, "version": 341}
{"obj": {"type": "LogStrings", "path": ["monitoring", "stdout"], "values": [{"value": "0.7743055555555556", "step": null, "ts": 1639304586.6267917}]}, "version": 342}
{"obj": {"type": "LogStrings", "path": ["monitoring", "stdout"], "values": [{"value": "\n", "step": null, "ts": 1639304586.6267917}]}, "version": 343}
{"obj": {"type": "LogFloats", "path": ["network6", "test_accuracy_per_pic"], "values": [{"value": 0.7438888888888889, "step": null, "ts": 1639304586.6267917}, {"value": 0.76, "step": null, "ts": 1639304586.6267917}, {"value": 0.7633333333333333, "step": null, "ts": 1639304586.6267917}, {"value": 0.7516666666666667, "step": null, "ts": 1639304586.6267917}, {"value": 0.7594444444444445, "step": null, "ts": 1639304586.6267917}, {"value": 0.7991666666666667, "step": null, "ts": 1639304586.6267917}, {"value": 0.7975, "step": null, "ts": 1639304586.6267917}, {"value": 0.7847222222222222, "step": null, "ts": 1639304586.6267917}, {"value": 0.8111111111111111, "step": null, "ts": 1639304586.6267917}, {"value": 0.7722222222222223, "step": null, "ts": 1639304586.6267917}]}, "version": 344}
{"obj": {"type": "LogFloats", "path": ["network6", "mean_test_accuracy"], "values": [{"value": 0.7743055555555556, "step": null, "ts": 1639304586.6277924}]}, "version": 345}
