{"obj": {"type": "LogFloats", "path": ["monitoring", "cpu"], "values": [{"value": 6.7, "step": null, "ts": 1639299338.0286086}]}, "version": 1}
{"obj": {"type": "LogFloats", "path": ["monitoring", "memory"], "values": [{"value": 7.822059631347656, "step": null, "ts": 1639299338.0286086}]}, "version": 2}
{"obj": {"type": "LogFloats", "path": ["monitoring", "gpu_memory"], "values": [{"value": 0.051025390625, "step": null, "ts": 1639299338.0286086}]}, "version": 3}
{"obj": {"type": "LogStrings", "path": ["monitoring", "stdout"], "values": [{"value": "OrderedDict([('inc.double_conv.0.weight', tensor([[[[-0.1623,  0.0359, -0.0980],\n          [ 0.0721,  0.1028,  0.1298],\n          [-0.1430,  0.1714, -0.1664]],\n\n         [[ 0.1050, -0.1364,  0.1501],\n          [-0.0802,  0.1111, -0.1083],\n          [ 0.1562,  0.0575,  0.1538]],\n\n         [[-0.1313,  0.0818,  0.1666],\n          [ 0.0864,  0.1358,  0.0334],\n          [ 0.1359,  0.1614, -0.0910]]],\n\n\n        [[[ 0.2234, -0.1028,  0.0208],\n          [-0.0258,  0.2281,  0.0101],\n          [ 0.0949,  0.0370, -0.1249]],\n\n         [[-0.0307, -0.0655,  0.0010],\n          [-0.1071,  0.0844, -0.1741],\n          [ 0.0994, -0.1458, -0.0438]],\n\n         [[ 0.1706,  0.0462, -0.0254],\n          [ 0.1419, -0.0453, -0.1042],\n          [ 0.1061,  0.2064, -0.1570]]],\n\n\n        [[[-0.1201, -0.0242, -0.0907],\n          [ 0.0609, -0.0432, -0.1183],\n          [-0.1110,  0.0403,  0.1761]],\n\n         [[ 0.0427,  0.2237,  0.1337],\n          [ 0.1653,  0.0454,  0.2474],\n          [-0.0374, -0.1482,  0.1467]],\n\n  ", "step": null, "ts": 1639299338.4164546}]}, "version": 4}
{"obj": {"type": "LogStrings", "path": ["monitoring", "stdout"], "values": [{"value": "\n", "step": null, "ts": 1639299338.4184558}]}, "version": 5}
{"obj": {"type": "LogStrings", "path": ["monitoring", "traceback"], "values": [{"value": "An uncaught exception occurred while run was active on worker DESKTOP-SDMAFDQ.", "step": null, "ts": 1639299338.4194567}, {"value": "Marking run as failed", "step": null, "ts": 1639299338.4194567}, {"value": "Traceback:", "step": null, "ts": 1639299338.4194567}, {"value": "  File \"C:\\Users\\Marc\\Documents\\GitHub\\Deep_final\\neptune test.py\", line 23, in <module>\n    dct = dict(eval(net))\n", "step": null, "ts": 1639299338.4194567}, {"value": "unexpected EOF while parsing (<string>, line 35)", "step": null, "ts": 1639299338.4194567}]}, "version": 6}
{"obj": {"type": "AssignBool", "path": ["sys", "failed"], "value": true}, "version": 7}
{"obj": {"type": "LogStrings", "path": ["monitoring", "stderr"], "values": [{"value": "Traceback (most recent call last):\n", "step": null, "ts": 1639299338.4194567}]}, "version": 8}
{"obj": {"type": "LogStrings", "path": ["monitoring", "stderr"], "values": [{"value": "  File \"C:\\Users\\Marc\\Documents\\GitHub\\Deep_final\\neptune test.py\", line 23, in <module>\n", "step": null, "ts": 1639299338.4194567}]}, "version": 9}
{"obj": {"type": "LogStrings", "path": ["monitoring", "stderr"], "values": [{"value": "    ", "step": null, "ts": 1639299338.4204578}]}, "version": 10}
{"obj": {"type": "LogStrings", "path": ["monitoring", "stderr"], "values": [{"value": "dct = dict(eval(net))", "step": null, "ts": 1639299338.4204578}]}, "version": 11}
{"obj": {"type": "LogStrings", "path": ["monitoring", "stderr"], "values": [{"value": "\n", "step": null, "ts": 1639299338.4204578}]}, "version": 12}
{"obj": {"type": "LogStrings", "path": ["monitoring", "stderr"], "values": [{"value": "  File \"<string>\", line 35\n", "step": null, "ts": 1639299338.4204578}]}, "version": 13}
{"obj": {"type": "LogStrings", "path": ["monitoring", "stderr"], "values": [{"value": "    ", "step": null, "ts": 1639299338.4214592}]}, "version": 14}
{"obj": {"type": "LogStrings", "path": ["monitoring", "stderr"], "values": [{"value": "", "step": null, "ts": 1639299338.4214592}]}, "version": 15}
{"obj": {"type": "LogStrings", "path": ["monitoring", "stderr"], "values": [{"value": "\n", "step": null, "ts": 1639299338.4214592}]}, "version": 16}
{"obj": {"type": "LogStrings", "path": ["monitoring", "stderr"], "values": [{"value": "SyntaxError", "step": null, "ts": 1639299338.4214592}]}, "version": 17}
{"obj": {"type": "LogStrings", "path": ["monitoring", "stderr"], "values": [{"value": ": ", "step": null, "ts": 1639299338.4214592}]}, "version": 18}
{"obj": {"type": "LogStrings", "path": ["monitoring", "stderr"], "values": [{"value": "unexpected EOF while parsing", "step": null, "ts": 1639299338.4214592}]}, "version": 19}
{"obj": {"type": "LogStrings", "path": ["monitoring", "stderr"], "values": [{"value": "\n", "step": null, "ts": 1639299338.4214592}]}, "version": 20}
