{"obj": {"type": "AssignString", "path": ["sys", "name"], "value": "Untitled"}, "version": 1}
{"obj": {"type": "AssignString", "path": ["sys", "description"], "value": ""}, "version": 2}
{"obj": {"type": "AssignString", "path": ["sys", "hostname"], "value": "DESKTOP-SDMAFDQ"}, "version": 3}
{"obj": {"type": "AssignBool", "path": ["sys", "failed"], "value": false}, "version": 4}
{"obj": {"type": "ClearStringLog", "path": ["monitoring", "stdout"]}, "version": 5}
{"obj": {"type": "ClearStringLog", "path": ["monitoring", "stderr"]}, "version": 6}
{"obj": {"type": "AssignString", "path": ["source_code", "entrypoint"], "value": "trainer.py"}, "version": 7}
{"obj": {"type": "UploadFileSet", "path": ["source_code", "files"], "file_globs": ["C:\\Users\\Marc\\Documents\\GitHub\\Deep_final\\trainer.py"], "reset": "False"}, "version": 8}
{"obj": {"type": "ConfigFloatSeries", "path": ["monitoring", "cpu"], "min": 0.0, "max": 100.0, "unit": "%"}, "version": 9}
{"obj": {"type": "ClearFloatLog", "path": ["monitoring", "cpu"]}, "version": 10}
{"obj": {"type": "ConfigFloatSeries", "path": ["monitoring", "memory"], "min": 0.0, "max": 15.387199401855469, "unit": "GB"}, "version": 11}
{"obj": {"type": "ClearFloatLog", "path": ["monitoring", "memory"]}, "version": 12}
{"obj": {"type": "ConfigFloatSeries", "path": ["monitoring", "gpu"], "min": 0.0, "max": 100.0, "unit": "%"}, "version": 13}
{"obj": {"type": "ClearFloatLog", "path": ["monitoring", "gpu"]}, "version": 14}
{"obj": {"type": "ConfigFloatSeries", "path": ["monitoring", "gpu_memory"], "min": 0.0, "max": 4.0, "unit": "GB"}, "version": 15}
{"obj": {"type": "ClearFloatLog", "path": ["monitoring", "gpu_memory"]}, "version": 16}
{"obj": {"type": "LogFloats", "path": ["monitoring", "cpu"], "values": [{"value": 7.3, "step": null, "ts": 1639302284.9880912}]}, "version": 17}
{"obj": {"type": "LogFloats", "path": ["monitoring", "memory"], "values": [{"value": 7.657444000244141, "step": null, "ts": 1639302284.9880912}]}, "version": 18}
{"obj": {"type": "LogFloats", "path": ["monitoring", "gpu_memory"], "values": [{"value": 0.051025390625, "step": null, "ts": 1639302284.9880912}]}, "version": 19}
{"obj": {"type": "AssignFloat", "path": ["network", "parameters", "momentum"], "value": 0.9}, "version": 20}
{"obj": {"type": "AssignString", "path": ["network", "parameters", "optimizer"], "value": "SGD"}, "version": 21}
{"obj": {"type": "AssignString", "path": ["network", "parameters", "loss_function"], "value": "MSEloss"}, "version": 22}
{"obj": {"type": "AssignString", "path": ["network", "parameters", "model"], "value": "GTA_Unet"}, "version": 23}
{"obj": {"type": "AssignString", "path": ["network", "parameters", "scheduler"], "value": "CyclicLR"}, "version": 24}
{"obj": {"type": "LogStrings", "path": ["monitoring", "stdout"], "values": [{"value": "Training epoch 0", "step": null, "ts": 1639302285.2082915}]}, "version": 25}
{"obj": {"type": "LogStrings", "path": ["monitoring", "stdout"], "values": [{"value": "\n", "step": null, "ts": 1639302285.2082915}]}, "version": 26}
{"obj": {"type": "LogFloats", "path": ["network2", "learning_rate"], "values": [{"value": 0.01, "step": null, "ts": 1639302285.2082915}]}, "version": 27}
{"obj": {"type": "LogStrings", "path": ["monitoring", "traceback"], "values": [{"value": "An uncaught exception occurred while run was active on worker DESKTOP-SDMAFDQ.", "step": null, "ts": 1639302286.361258}, {"value": "Marking run as failed", "step": null, "ts": 1639302286.361258}, {"value": "Traceback:", "step": null, "ts": 1639302286.361258}, {"value": "  File \"C:\\Users\\Marc\\Documents\\GitHub\\Deep_final\\trainer.py\", line 107, in <module>\n    for img, lab in trainloader:\n", "step": null, "ts": 1639302286.361258}, {"value": "  File \"C:\\Users\\Marc\\anaconda3\\envs\\deep\\lib\\site-packages\\torch\\utils\\data\\dataloader.py\", line 521, in __next__\n    data = self._next_data()\n", "step": null, "ts": 1639302286.361258}, {"value": "  File \"C:\\Users\\Marc\\anaconda3\\envs\\deep\\lib\\site-packages\\torch\\utils\\data\\dataloader.py\", line 561, in _next_data\n    data = self._dataset_fetcher.fetch(index)  # may raise StopIteration\n", "step": null, "ts": 1639302286.361258}, {"value": "  File \"C:\\Users\\Marc\\anaconda3\\envs\\deep\\lib\\site-packages\\torch\\utils\\data\\_utils\\fetch.py\", line 52, in fetch\n    return self.collate_fn(data)\n", "step": null, "ts": 1639302286.361258}, {"value": "  File \"C:\\Users\\Marc\\anaconda3\\envs\\deep\\lib\\site-packages\\torch\\utils\\data\\_utils\\collate.py\", line 84, in default_collate\n    return [default_collate(samples) for samples in transposed]\n", "step": null, "ts": 1639302286.361258}, {"value": "  File \"C:\\Users\\Marc\\anaconda3\\envs\\deep\\lib\\site-packages\\torch\\utils\\data\\_utils\\collate.py\", line 84, in <listcomp>\n    return [default_collate(samples) for samples in transposed]\n", "step": null, "ts": 1639302286.361258}, {"value": "  File \"C:\\Users\\Marc\\anaconda3\\envs\\deep\\lib\\site-packages\\torch\\utils\\data\\_utils\\collate.py\", line 56, in default_collate\n    return torch.stack(batch, 0, out=out)\n", "step": null, "ts": 1639302286.361258}, {"value": "", "step": null, "ts": 1639302286.361258}]}, "version": 28}
{"obj": {"type": "AssignBool", "path": ["sys", "failed"], "value": true}, "version": 29}
{"obj": {"type": "LogStrings", "path": ["monitoring", "stderr"], "values": [{"value": "Traceback (most recent call last):\n", "step": null, "ts": 1639302286.3619025}]}, "version": 30}
{"obj": {"type": "LogStrings", "path": ["monitoring", "stderr"], "values": [{"value": "  File \"C:\\Users\\Marc\\Documents\\GitHub\\Deep_final\\trainer.py\", line 107, in <module>\n", "step": null, "ts": 1639302286.3619025}]}, "version": 31}
{"obj": {"type": "LogStrings", "path": ["monitoring", "stderr"], "values": [{"value": "    ", "step": null, "ts": 1639302286.3629136}]}, "version": 32}
{"obj": {"type": "LogStrings", "path": ["monitoring", "stderr"], "values": [{"value": "for img, lab in trainloader:", "step": null, "ts": 1639302286.3629136}]}, "version": 33}
{"obj": {"type": "LogStrings", "path": ["monitoring", "stderr"], "values": [{"value": "\n", "step": null, "ts": 1639302286.3629136}]}, "version": 34}
{"obj": {"type": "LogStrings", "path": ["monitoring", "stderr"], "values": [{"value": "  File \"C:\\Users\\Marc\\anaconda3\\envs\\deep\\lib\\site-packages\\torch\\utils\\data\\dataloader.py\", line 521, in __next__\n", "step": null, "ts": 1639302286.3629136}]}, "version": 35}
{"obj": {"type": "LogStrings", "path": ["monitoring", "stderr"], "values": [{"value": "    ", "step": null, "ts": 1639302286.363906}]}, "version": 36}
{"obj": {"type": "LogStrings", "path": ["monitoring", "stderr"], "values": [{"value": "data = self._next_data()", "step": null, "ts": 1639302286.363906}]}, "version": 37}
{"obj": {"type": "LogStrings", "path": ["monitoring", "stderr"], "values": [{"value": "\n", "step": null, "ts": 1639302286.363906}]}, "version": 38}
{"obj": {"type": "LogStrings", "path": ["monitoring", "stderr"], "values": [{"value": "  File \"C:\\Users\\Marc\\anaconda3\\envs\\deep\\lib\\site-packages\\torch\\utils\\data\\dataloader.py\", line 561, in _next_data\n", "step": null, "ts": 1639302286.363906}]}, "version": 39}
{"obj": {"type": "LogStrings", "path": ["monitoring", "stderr"], "values": [{"value": "    ", "step": null, "ts": 1639302286.3649068}]}, "version": 40}
{"obj": {"type": "LogStrings", "path": ["monitoring", "stderr"], "values": [{"value": "data = self._dataset_fetcher.fetch(index)  # may raise StopIteration", "step": null, "ts": 1639302286.3649068}]}, "version": 41}
{"obj": {"type": "LogStrings", "path": ["monitoring", "stderr"], "values": [{"value": "\n", "step": null, "ts": 1639302286.3649068}]}, "version": 42}
{"obj": {"type": "LogStrings", "path": ["monitoring", "stderr"], "values": [{"value": "  File \"C:\\Users\\Marc\\anaconda3\\envs\\deep\\lib\\site-packages\\torch\\utils\\data\\_utils\\fetch.py\", line 52, in fetch\n", "step": null, "ts": 1639302286.3649068}]}, "version": 43}
{"obj": {"type": "LogStrings", "path": ["monitoring", "stderr"], "values": [{"value": "    ", "step": null, "ts": 1639302286.3659077}]}, "version": 44}
{"obj": {"type": "LogStrings", "path": ["monitoring", "stderr"], "values": [{"value": "return self.collate_fn(data)", "step": null, "ts": 1639302286.3659077}]}, "version": 45}
{"obj": {"type": "LogStrings", "path": ["monitoring", "stderr"], "values": [{"value": "\n", "step": null, "ts": 1639302286.3659077}]}, "version": 46}
{"obj": {"type": "LogStrings", "path": ["monitoring", "stderr"], "values": [{"value": "  File \"C:\\Users\\Marc\\anaconda3\\envs\\deep\\lib\\site-packages\\torch\\utils\\data\\_utils\\collate.py\", line 84, in default_collate\n", "step": null, "ts": 1639302286.3659077}]}, "version": 47}
{"obj": {"type": "LogStrings", "path": ["monitoring", "stderr"], "values": [{"value": "    ", "step": null, "ts": 1639302286.3659077}]}, "version": 48}
{"obj": {"type": "LogStrings", "path": ["monitoring", "stderr"], "values": [{"value": "return [default_collate(samples) for samples in transposed]", "step": null, "ts": 1639302286.3659077}]}, "version": 49}
{"obj": {"type": "LogStrings", "path": ["monitoring", "stderr"], "values": [{"value": "\n", "step": null, "ts": 1639302286.3669078}]}, "version": 50}
{"obj": {"type": "LogStrings", "path": ["monitoring", "stderr"], "values": [{"value": "  File \"C:\\Users\\Marc\\anaconda3\\envs\\deep\\lib\\site-packages\\torch\\utils\\data\\_utils\\collate.py\", line 84, in <listcomp>\n", "step": null, "ts": 1639302286.3669078}]}, "version": 51}
{"obj": {"type": "LogStrings", "path": ["monitoring", "stderr"], "values": [{"value": "    ", "step": null, "ts": 1639302286.3669078}]}, "version": 52}
{"obj": {"type": "LogStrings", "path": ["monitoring", "stderr"], "values": [{"value": "return [default_collate(samples) for samples in transposed]", "step": null, "ts": 1639302286.3679106}]}, "version": 53}
{"obj": {"type": "LogStrings", "path": ["monitoring", "stderr"], "values": [{"value": "\n", "step": null, "ts": 1639302286.3679106}]}, "version": 54}
{"obj": {"type": "LogStrings", "path": ["monitoring", "stderr"], "values": [{"value": "  File \"C:\\Users\\Marc\\anaconda3\\envs\\deep\\lib\\site-packages\\torch\\utils\\data\\_utils\\collate.py\", line 56, in default_collate\n", "step": null, "ts": 1639302286.3679106}]}, "version": 55}
{"obj": {"type": "LogStrings", "path": ["monitoring", "stderr"], "values": [{"value": "    ", "step": null, "ts": 1639302286.3679106}]}, "version": 56}
{"obj": {"type": "LogStrings", "path": ["monitoring", "stderr"], "values": [{"value": "return torch.stack(batch, 0, out=out)", "step": null, "ts": 1639302286.3689106}]}, "version": 57}
{"obj": {"type": "LogStrings", "path": ["monitoring", "stderr"], "values": [{"value": "\n", "step": null, "ts": 1639302286.3689106}]}, "version": 58}
{"obj": {"type": "LogStrings", "path": ["monitoring", "stderr"], "values": [{"value": "KeyboardInterrupt", "step": null, "ts": 1639302286.3689106}]}, "version": 59}
{"obj": {"type": "LogStrings", "path": ["monitoring", "stderr"], "values": [{"value": "", "step": null, "ts": 1639302286.3689106}]}, "version": 60}
{"obj": {"type": "LogStrings", "path": ["monitoring", "stderr"], "values": [{"value": "\n", "step": null, "ts": 1639302286.3689106}]}, "version": 61}
