{"obj": {"type": "AssignString", "path": ["sys", "name"], "value": "Untitled"}, "version": 1}
{"obj": {"type": "AssignString", "path": ["sys", "description"], "value": ""}, "version": 2}
{"obj": {"type": "AssignString", "path": ["sys", "hostname"], "value": "DESKTOP-SDMAFDQ"}, "version": 3}
{"obj": {"type": "AssignBool", "path": ["sys", "failed"], "value": false}, "version": 4}
{"obj": {"type": "ClearStringLog", "path": ["monitoring", "stdout"]}, "version": 5}
{"obj": {"type": "ClearStringLog", "path": ["monitoring", "stderr"]}, "version": 6}
{"obj": {"type": "AssignString", "path": ["source_code", "entrypoint"], "value": "test_the_7_networks.py"}, "version": 7}
{"obj": {"type": "UploadFileSet", "path": ["source_code", "files"], "file_globs": ["C:\\Users\\Marc\\Documents\\GitHub\\Deep_final\\test_the_7_networks.py"], "reset": "False"}, "version": 8}
{"obj": {"type": "ConfigFloatSeries", "path": ["monitoring", "cpu"], "min": 0.0, "max": 100.0, "unit": "%"}, "version": 9}
{"obj": {"type": "ClearFloatLog", "path": ["monitoring", "cpu"]}, "version": 10}
{"obj": {"type": "ConfigFloatSeries", "path": ["monitoring", "memory"], "min": 0.0, "max": 15.387199401855469, "unit": "GB"}, "version": 11}
{"obj": {"type": "ClearFloatLog", "path": ["monitoring", "memory"]}, "version": 12}
{"obj": {"type": "ConfigFloatSeries", "path": ["monitoring", "gpu"], "min": 0.0, "max": 100.0, "unit": "%"}, "version": 13}
{"obj": {"type": "ClearFloatLog", "path": ["monitoring", "gpu"]}, "version": 14}
{"obj": {"type": "ConfigFloatSeries", "path": ["monitoring", "gpu_memory"], "min": 0.0, "max": 4.0, "unit": "GB"}, "version": 15}
{"obj": {"type": "ClearFloatLog", "path": ["monitoring", "gpu_memory"]}, "version": 16}
{"obj": {"type": "LogFloats", "path": ["monitoring", "cpu"], "values": [{"value": 9.5, "step": null, "ts": 1639682931.587501}]}, "version": 17}
{"obj": {"type": "LogFloats", "path": ["monitoring", "memory"], "values": [{"value": 8.767528533935547, "step": null, "ts": 1639682931.587501}]}, "version": 18}
{"obj": {"type": "LogFloats", "path": ["monitoring", "gpu_memory"], "values": [{"value": 0.051025390625, "step": null, "ts": 1639682931.587501}]}, "version": 19}
{"obj": {"type": "LogStrings", "path": ["monitoring", "stdout"], "values": [{"value": "cuda", "step": null, "ts": 1639682931.6139433}]}, "version": 20}
{"obj": {"type": "LogStrings", "path": ["monitoring", "stdout"], "values": [{"value": "\n", "step": null, "ts": 1639682931.6139433}]}, "version": 21}
{"obj": {"type": "LogStrings", "path": ["monitoring", "stdout"], "values": [{"value": "network 1", "step": null, "ts": 1639682931.6149437}]}, "version": 22}
{"obj": {"type": "LogStrings", "path": ["monitoring", "stdout"], "values": [{"value": "\n", "step": null, "ts": 1639682931.6149437}]}, "version": 23}
{"obj": {"type": "LogStrings", "path": ["monitoring", "traceback"], "values": [{"value": "An uncaught exception occurred while run was active on worker DESKTOP-SDMAFDQ.", "step": null, "ts": 1639682931.8771825}, {"value": "Marking run as failed", "step": null, "ts": 1639682931.8771825}, {"value": "Traceback:", "step": null, "ts": 1639682931.8771825}, {"value": "  File \"C:\\Users\\Marc\\Documents\\GitHub\\Deep_final\\test_the_7_networks.py\", line 55, in <module>\n    model.load_state_dict(x)\n", "step": null, "ts": 1639682931.8771825}, {"value": "  File \"C:\\Users\\Marc\\anaconda3\\envs\\deep\\lib\\site-packages\\torch\\nn\\modules\\module.py\", line 1482, in load_state_dict\n    raise RuntimeError('Error(s) in loading state_dict for {}:\\n\\t{}'.format(\n", "step": null, "ts": 1639682931.8771825}, {"value": "Error(s) in loading state_dict for GTA_Unet:", "step": null, "ts": 1639682931.8771825}, {"value": "\tMissing key(s) in state_dict: \"inc.conv1.weight\", \"inc.conv1.bias\", \"inc.conv2.weight\", \"inc.conv2.bias\", \"inc.norm1.weight\", \"inc.norm1.bias\", \"inc.norm1.running_mean\", \"inc.norm1.running_var\", \"inc.norm2.weight\", \"inc.norm2.bias\", \"inc.norm2.running_mean\", \"inc.norm2.running_var\", \"down1.doub.conv1.weight\", \"down1.doub.conv1.bias\", \"down1.doub.conv2.weight\", \"down1.doub.conv2.bias\", \"down1.doub.norm1.weight\", \"down1.doub.norm1.bias\", \"down1.doub.norm1.running_mean\", \"down1.doub.norm1.running_var\", \"down1.doub.norm2.weight\", \"down1.doub.norm2.bias\", \"down1.doub.norm2.running_mean\", \"down1.doub.norm2.running_var\", \"down2.doub.conv1.weight\", \"down2.doub.conv1.bias\", \"down2.doub.conv2.weight\", \"down2.doub.conv2.bias\", \"down2.doub.norm1.weight\", \"down2.doub.norm1.bias\", \"down2.doub.norm1.running_mean\", \"down2.doub.norm1.running_var\", \"down2.doub.norm2.weight\", \"down2.doub.norm2.bias\", \"down2.doub.norm2.running_mean\", \"down2.doub.norm2.running_var\", \"down3.doub.conv1.weight\", \"down3.doub.", "step": null, "ts": 1639682931.8771825}, {"value": "\tUnexpected key(s) in state_dict: \"inc.double_conv.0.weight\", \"inc.double_conv.0.bias\", \"inc.double_conv.1.weight\", \"inc.double_conv.1.bias\", \"inc.double_conv.1.running_mean\", \"inc.double_conv.1.running_var\", \"inc.double_conv.1.num_batches_tracked\", \"inc.double_conv.3.weight\", \"inc.double_conv.3.bias\", \"inc.double_conv.4.weight\", \"inc.double_conv.4.bias\", \"inc.double_conv.4.running_mean\", \"inc.double_conv.4.running_var\", \"inc.double_conv.4.num_batches_tracked\", \"down1.maxpool_conv.1.double_conv.0.weight\", \"down1.maxpool_conv.1.double_conv.0.bias\", \"down1.maxpool_conv.1.double_conv.1.weight\", \"down1.maxpool_conv.1.double_conv.1.bias\", \"down1.maxpool_conv.1.double_conv.1.running_mean\", \"down1.maxpool_conv.1.double_conv.1.running_var\", \"down1.maxpool_conv.1.double_conv.1.num_batches_tracked\", \"down1.maxpool_conv.1.double_conv.3.weight\", \"down1.maxpool_conv.1.double_conv.3.bias\", \"down1.maxpool_conv.1.double_conv.4.weight\", \"down1.maxpool_conv.1.double_conv.4.bias\", \"down1.maxpool_conv.1.d", "step": null, "ts": 1639682931.8771825}, {"value": "\tsize mismatch for outc.conv.weight: copying a param with shape torch.Size([9, 64, 1, 1]) from checkpoint, the shape in current model is torch.Size([10, 64, 1, 1]).", "step": null, "ts": 1639682931.8771825}, {"value": "\tsize mismatch for outc.conv.bias: copying a param with shape torch.Size([9]) from checkpoint, the shape in current model is torch.Size([10]).", "step": null, "ts": 1639682931.8771825}]}, "version": 24}
{"obj": {"type": "AssignBool", "path": ["sys", "failed"], "value": true}, "version": 25}
{"obj": {"type": "LogStrings", "path": ["monitoring", "stderr"], "values": [{"value": "Traceback (most recent call last):\n", "step": null, "ts": 1639682931.8781834}]}, "version": 26}
{"obj": {"type": "LogStrings", "path": ["monitoring", "stderr"], "values": [{"value": "  File \"C:\\Users\\Marc\\Documents\\GitHub\\Deep_final\\test_the_7_networks.py\", line 55, in <module>\n", "step": null, "ts": 1639682931.8781834}]}, "version": 27}
{"obj": {"type": "LogStrings", "path": ["monitoring", "stderr"], "values": [{"value": "    ", "step": null, "ts": 1639682931.8791835}]}, "version": 28}
{"obj": {"type": "LogStrings", "path": ["monitoring", "stderr"], "values": [{"value": "model.load_state_dict(x)", "step": null, "ts": 1639682931.8791835}]}, "version": 29}
{"obj": {"type": "LogStrings", "path": ["monitoring", "stderr"], "values": [{"value": "\n", "step": null, "ts": 1639682931.8791835}]}, "version": 30}
{"obj": {"type": "LogStrings", "path": ["monitoring", "stderr"], "values": [{"value": "  File \"C:\\Users\\Marc\\anaconda3\\envs\\deep\\lib\\site-packages\\torch\\nn\\modules\\module.py\", line 1482, in load_state_dict\n", "step": null, "ts": 1639682931.8791835}]}, "version": 31}
{"obj": {"type": "LogStrings", "path": ["monitoring", "stderr"], "values": [{"value": "    ", "step": null, "ts": 1639682931.8801847}]}, "version": 32}
{"obj": {"type": "LogStrings", "path": ["monitoring", "stderr"], "values": [{"value": "raise RuntimeError('Error(s) in loading state_dict for {}:\\n\\t{}'.format(", "step": null, "ts": 1639682931.8801847}]}, "version": 33}
{"obj": {"type": "LogStrings", "path": ["monitoring", "stderr"], "values": [{"value": "\n", "step": null, "ts": 1639682931.8801847}]}, "version": 34}
{"obj": {"type": "LogStrings", "path": ["monitoring", "stderr"], "values": [{"value": "RuntimeError", "step": null, "ts": 1639682931.8801847}]}, "version": 35}
{"obj": {"type": "LogStrings", "path": ["monitoring", "stderr"], "values": [{"value": ": ", "step": null, "ts": 1639682931.8801847}]}, "version": 36}
{"obj": {"type": "LogStrings", "path": ["monitoring", "stderr"], "values": [{"value": "Error(s) in loading state_dict for GTA_Unet:\n\tMissing key(s) in state_dict: \"inc.conv1.weight\", \"inc.conv1.bias\", \"inc.conv2.weight\", \"inc.conv2.bias\", \"inc.norm1.weight\", \"inc.norm1.bias\", \"inc.norm1.running_mean\", \"inc.norm1.running_var\", \"inc.norm2.weight\", \"inc.norm2.bias\", \"inc.norm2.running_mean\", \"inc.norm2.running_var\", \"down1.doub.conv1.weight\", \"down1.doub.conv1.bias\", \"down1.doub.conv2.weight\", \"down1.doub.conv2.bias\", \"down1.doub.norm1.weight\", \"down1.doub.norm1.bias\", \"down1.doub.norm1.running_mean\", \"down1.doub.norm1.running_var\", \"down1.doub.norm2.weight\", \"down1.doub.norm2.bias\", \"down1.doub.norm2.running_mean\", \"down1.doub.norm2.running_var\", \"down2.doub.conv1.weight\", \"down2.doub.conv1.bias\", \"down2.doub.conv2.weight\", \"down2.doub.conv2.bias\", \"down2.doub.norm1.weight\", \"down2.doub.norm1.bias\", \"down2.doub.norm1.running_mean\", \"down2.doub.norm1.running_var\", \"down2.doub.norm2.weight\", \"down2.doub.norm2.bias\", \"down2.doub.norm2.running_mean\", \"down2.doub.norm2.running_", "step": null, "ts": 1639682931.8811855}]}, "version": 37}
{"obj": {"type": "LogStrings", "path": ["monitoring", "stderr"], "values": [{"value": "\n", "step": null, "ts": 1639682931.8821862}]}, "version": 38}
