{"obj": {"type": "AssignString", "path": ["sys", "name"], "value": "Untitled"}, "version": 1}
{"obj": {"type": "AssignString", "path": ["sys", "description"], "value": ""}, "version": 2}
{"obj": {"type": "AssignString", "path": ["sys", "hostname"], "value": "DESKTOP-SDMAFDQ"}, "version": 3}
{"obj": {"type": "AssignBool", "path": ["sys", "failed"], "value": false}, "version": 4}
{"obj": {"type": "ClearStringLog", "path": ["monitoring", "stdout"]}, "version": 5}
{"obj": {"type": "ClearStringLog", "path": ["monitoring", "stderr"]}, "version": 6}
{"obj": {"type": "AssignString", "path": ["source_code", "entrypoint"], "value": "final-network.py"}, "version": 7}
{"obj": {"type": "UploadFileSet", "path": ["source_code", "files"], "file_globs": ["C:\\Users\\Marc\\Documents\\GitHub\\Deep_final\\final-network.py"], "reset": "False"}, "version": 8}
{"obj": {"type": "ConfigFloatSeries", "path": ["monitoring", "cpu"], "min": 0.0, "max": 100.0, "unit": "%"}, "version": 9}
{"obj": {"type": "ClearFloatLog", "path": ["monitoring", "cpu"]}, "version": 10}
{"obj": {"type": "ConfigFloatSeries", "path": ["monitoring", "memory"], "min": 0.0, "max": 15.387199401855469, "unit": "GB"}, "version": 11}
{"obj": {"type": "ClearFloatLog", "path": ["monitoring", "memory"]}, "version": 12}
{"obj": {"type": "ConfigFloatSeries", "path": ["monitoring", "gpu"], "min": 0.0, "max": 100.0, "unit": "%"}, "version": 13}
{"obj": {"type": "ClearFloatLog", "path": ["monitoring", "gpu"]}, "version": 14}
{"obj": {"type": "ConfigFloatSeries", "path": ["monitoring", "gpu_memory"], "min": 0.0, "max": 4.0, "unit": "GB"}, "version": 15}
{"obj": {"type": "ClearFloatLog", "path": ["monitoring", "gpu_memory"]}, "version": 16}
{"obj": {"type": "LogFloats", "path": ["monitoring", "cpu"], "values": [{"value": 8.6, "step": null, "ts": 1639587901.9317973}]}, "version": 17}
{"obj": {"type": "LogFloats", "path": ["monitoring", "memory"], "values": [{"value": 8.115638732910156, "step": null, "ts": 1639587901.9317973}]}, "version": 18}
{"obj": {"type": "LogFloats", "path": ["monitoring", "gpu_memory"], "values": [{"value": 0.051025390625, "step": null, "ts": 1639587901.9317973}]}, "version": 19}
{"obj": {"type": "AssignString", "path": ["network", "parameters", "optimizer"], "value": "SGD"}, "version": 20}
{"obj": {"type": "AssignFloat", "path": ["network", "parameters", "optimizer_momentum"], "value": 0.9}, "version": 21}
{"obj": {"type": "AssignFloat", "path": ["network", "parameters", "optimizer_learning_rate"], "value": 0.001}, "version": 22}
{"obj": {"type": "AssignString", "path": ["network", "parameters", "loss_function"], "value": "MSEloss"}, "version": 23}
{"obj": {"type": "AssignString", "path": ["network", "parameters", "model"], "value": "GTA_Unet"}, "version": 24}
{"obj": {"type": "AssignString", "path": ["network", "parameters", "scheduler"], "value": "CyclicLR"}, "version": 25}
{"obj": {"type": "AssignFloat", "path": ["network", "parameters", "scheduler_base_lr"], "value": 0.001}, "version": 26}
{"obj": {"type": "AssignFloat", "path": ["network", "parameters", "scheduler_max_lr"], "value": 1.25}, "version": 27}
{"obj": {"type": "AssignInt", "path": ["network", "parameters", "scheduler_step_size_up"], "value": 10}, "version": 28}
{"obj": {"type": "LogStrings", "path": ["monitoring", "stdout"], "values": [{"value": "Training epoch 0", "step": null, "ts": 1639587902.2112577}]}, "version": 29}
{"obj": {"type": "LogStrings", "path": ["monitoring", "stdout"], "values": [{"value": "\n", "step": null, "ts": 1639587902.212259}]}, "version": 30}
{"obj": {"type": "LogFloats", "path": ["network", "learning_rate"], "values": [{"value": 0.001, "step": null, "ts": 1639587902.212259}]}, "version": 31}
{"obj": {"type": "LogFloats", "path": ["network", "train_loss"], "values": [{"value": 0.09889783816678184, "step": null, "ts": 1639587905.3508425}]}, "version": 32}
{"obj": {"type": "LogFloats", "path": ["network", "validation_mean_acc"], "values": [{"value": 0.07414166666666666, "step": null, "ts": 1639587905.5890586}]}, "version": 33}
{"obj": {"type": "LogFloats", "path": ["network", "validation_loss"], "values": [{"value": 0.09979567676782608, "step": null, "ts": 1639587905.5890586}]}, "version": 34}
{"obj": {"type": "LogStrings", "path": ["monitoring", "stdout"], "values": [{"value": "Training epoch 1", "step": null, "ts": 1639587905.5890586}]}, "version": 35}
{"obj": {"type": "LogStrings", "path": ["monitoring", "stdout"], "values": [{"value": "\n", "step": null, "ts": 1639587905.5900586}]}, "version": 36}
{"obj": {"type": "LogFloats", "path": ["network", "learning_rate"], "values": [{"value": 0.1159000000000001, "step": null, "ts": 1639587905.5900586}]}, "version": 37}
{"obj": {"type": "LogFloats", "path": ["network", "train_loss"], "values": [{"value": 0.08140352474791664, "step": null, "ts": 1639587907.1808414}]}, "version": 38}
{"obj": {"type": "LogFloats", "path": ["network", "validation_mean_acc"], "values": [{"value": 0.33189166666666664, "step": null, "ts": 1639587907.4110506}]}, "version": 39}
{"obj": {"type": "LogFloats", "path": ["network", "validation_loss"], "values": [{"value": 0.08232633024454117, "step": null, "ts": 1639587907.4110506}]}, "version": 40}
{"obj": {"type": "LogStrings", "path": ["monitoring", "stdout"], "values": [{"value": "Training epoch 2", "step": null, "ts": 1639587907.4110506}]}, "version": 41}
{"obj": {"type": "LogStrings", "path": ["monitoring", "stdout"], "values": [{"value": "\n", "step": null, "ts": 1639587907.4110506}]}, "version": 42}
{"obj": {"type": "LogFloats", "path": ["network", "learning_rate"], "values": [{"value": 0.2308000000000002, "step": null, "ts": 1639587907.4120512}]}, "version": 43}
{"obj": {"type": "LogFloats", "path": ["network", "train_loss"], "values": [{"value": 0.04623897134193352, "step": null, "ts": 1639587908.979251}]}, "version": 44}
{"obj": {"type": "LogFloats", "path": ["network", "validation_mean_acc"], "values": [{"value": 0.44219166666666665, "step": null, "ts": 1639587909.2096953}]}, "version": 45}
{"obj": {"type": "LogFloats", "path": ["network", "validation_loss"], "values": [{"value": 0.0865483209490776, "step": null, "ts": 1639587909.2096953}]}, "version": 46}
{"obj": {"type": "LogStrings", "path": ["monitoring", "stdout"], "values": [{"value": "Training epoch 3", "step": null, "ts": 1639587909.2096953}]}, "version": 47}
{"obj": {"type": "LogStrings", "path": ["monitoring", "stdout"], "values": [{"value": "\n", "step": null, "ts": 1639587909.2096953}]}, "version": 48}
{"obj": {"type": "LogFloats", "path": ["network", "learning_rate"], "values": [{"value": 0.3456999999999998, "step": null, "ts": 1639587909.2096953}]}, "version": 49}
{"obj": {"type": "LogFloats", "path": ["network", "train_loss"], "values": [{"value": 0.030041939711996486, "step": null, "ts": 1639587910.78743}]}, "version": 50}
{"obj": {"type": "LogFloats", "path": ["network", "validation_mean_acc"], "values": [{"value": 0.3451166666666667, "step": null, "ts": 1639587911.0159712}]}, "version": 51}
{"obj": {"type": "LogFloats", "path": ["network", "validation_loss"], "values": [{"value": 0.11219972372055054, "step": null, "ts": 1639587911.0159712}]}, "version": 52}
{"obj": {"type": "LogStrings", "path": ["monitoring", "stdout"], "values": [{"value": "Training epoch 4", "step": null, "ts": 1639587911.0159712}]}, "version": 53}
{"obj": {"type": "LogStrings", "path": ["monitoring", "stdout"], "values": [{"value": "\n", "step": null, "ts": 1639587911.0159712}]}, "version": 54}
{"obj": {"type": "LogFloats", "path": ["network", "learning_rate"], "values": [{"value": 0.4605999999999999, "step": null, "ts": 1639587911.0159712}]}, "version": 55}
{"obj": {"type": "LogFloats", "path": ["monitoring", "cpu"], "values": [{"value": 41.7, "step": null, "ts": 1639587911.9483173}]}, "version": 56}
{"obj": {"type": "LogFloats", "path": ["monitoring", "memory"], "values": [{"value": 9.659194946289062, "step": null, "ts": 1639587911.9483173}]}, "version": 57}
{"obj": {"type": "LogFloats", "path": ["monitoring", "gpu"], "values": [{"value": 72.0, "step": null, "ts": 1639587911.9483173}]}, "version": 58}
{"obj": {"type": "LogFloats", "path": ["monitoring", "gpu_memory"], "values": [{"value": 2.559967041015625, "step": null, "ts": 1639587911.9483173}]}, "version": 59}
{"obj": {"type": "LogFloats", "path": ["network", "train_loss"], "values": [{"value": 0.03249026222952774, "step": null, "ts": 1639587912.591004}]}, "version": 60}
{"obj": {"type": "LogFloats", "path": ["network", "validation_mean_acc"], "values": [{"value": 0.5948166666666667, "step": null, "ts": 1639587912.8262174}]}, "version": 61}
{"obj": {"type": "LogFloats", "path": ["network", "validation_loss"], "values": [{"value": 0.07660924643278122, "step": null, "ts": 1639587912.8272185}]}, "version": 62}
{"obj": {"type": "LogStrings", "path": ["monitoring", "stdout"], "values": [{"value": "Training epoch 5", "step": null, "ts": 1639587912.8272185}]}, "version": 63}
{"obj": {"type": "LogStrings", "path": ["monitoring", "stdout"], "values": [{"value": "\n", "step": null, "ts": 1639587912.8272185}]}, "version": 64}
{"obj": {"type": "LogFloats", "path": ["network", "learning_rate"], "values": [{"value": 0.5755, "step": null, "ts": 1639587912.8272185}]}, "version": 65}
{"obj": {"type": "LogFloats", "path": ["network", "train_loss"], "values": [{"value": 0.03748138275529657, "step": null, "ts": 1639587914.3996904}]}, "version": 66}
{"obj": {"type": "LogFloats", "path": ["network", "validation_mean_acc"], "values": [{"value": 0.3948833333333333, "step": null, "ts": 1639587914.6309004}]}, "version": 67}
{"obj": {"type": "LogFloats", "path": ["network", "validation_loss"], "values": [{"value": 0.09893012046813965, "step": null, "ts": 1639587914.6309004}]}, "version": 68}
{"obj": {"type": "LogStrings", "path": ["monitoring", "stdout"], "values": [{"value": "Training epoch 6", "step": null, "ts": 1639587914.6309004}]}, "version": 69}
{"obj": {"type": "LogStrings", "path": ["monitoring", "stdout"], "values": [{"value": "\n", "step": null, "ts": 1639587914.6309004}]}, "version": 70}
{"obj": {"type": "LogFloats", "path": ["network", "learning_rate"], "values": [{"value": 0.6904000000000001, "step": null, "ts": 1639587914.6309004}]}, "version": 71}
{"obj": {"type": "LogFloats", "path": ["network", "train_loss"], "values": [{"value": 0.03110909435365881, "step": null, "ts": 1639587916.211941}]}, "version": 72}
{"obj": {"type": "LogFloats", "path": ["network", "validation_mean_acc"], "values": [{"value": 0.5913083333333333, "step": null, "ts": 1639587916.4452815}]}, "version": 73}
{"obj": {"type": "LogFloats", "path": ["network", "validation_loss"], "values": [{"value": 0.07509414851665497, "step": null, "ts": 1639587916.4452815}]}, "version": 74}
{"obj": {"type": "LogStrings", "path": ["monitoring", "stdout"], "values": [{"value": "Training epoch 7", "step": null, "ts": 1639587916.4462821}]}, "version": 75}
{"obj": {"type": "LogStrings", "path": ["monitoring", "stdout"], "values": [{"value": "\n", "step": null, "ts": 1639587916.4462821}]}, "version": 76}
{"obj": {"type": "LogFloats", "path": ["network", "learning_rate"], "values": [{"value": 0.8053000000000002, "step": null, "ts": 1639587916.4462821}]}, "version": 77}
{"obj": {"type": "LogFloats", "path": ["network", "train_loss"], "values": [{"value": 0.032960788745965273, "step": null, "ts": 1639587918.0173821}]}, "version": 78}
{"obj": {"type": "LogFloats", "path": ["network", "validation_mean_acc"], "values": [{"value": 0.3821833333333333, "step": null, "ts": 1639587918.2454262}]}, "version": 79}
{"obj": {"type": "LogFloats", "path": ["network", "validation_loss"], "values": [{"value": 0.09978783875703812, "step": null, "ts": 1639587918.2464268}]}, "version": 80}
{"obj": {"type": "LogStrings", "path": ["monitoring", "stdout"], "values": [{"value": "Training epoch 8", "step": null, "ts": 1639587918.2464268}]}, "version": 81}
{"obj": {"type": "LogStrings", "path": ["monitoring", "stdout"], "values": [{"value": "\n", "step": null, "ts": 1639587918.2464268}]}, "version": 82}
{"obj": {"type": "LogFloats", "path": ["network", "learning_rate"], "values": [{"value": 0.9201999999999998, "step": null, "ts": 1639587918.2464268}]}, "version": 83}
{"obj": {"type": "LogFloats", "path": ["network", "train_loss"], "values": [{"value": 0.02589826232620648, "step": null, "ts": 1639587919.8221664}]}, "version": 84}
{"obj": {"type": "LogFloats", "path": ["network", "validation_mean_acc"], "values": [{"value": 0.5810666666666666, "step": null, "ts": 1639587920.0503738}]}, "version": 85}
{"obj": {"type": "LogFloats", "path": ["network", "validation_loss"], "values": [{"value": 0.08088871091604233, "step": null, "ts": 1639587920.0503738}]}, "version": 86}
{"obj": {"type": "LogStrings", "path": ["monitoring", "stdout"], "values": [{"value": "Training epoch 9", "step": null, "ts": 1639587920.0503738}]}, "version": 87}
{"obj": {"type": "LogStrings", "path": ["monitoring", "stdout"], "values": [{"value": "\n", "step": null, "ts": 1639587920.0513747}]}, "version": 88}
{"obj": {"type": "LogFloats", "path": ["network", "learning_rate"], "values": [{"value": 1.0351, "step": null, "ts": 1639587920.0513747}]}, "version": 89}
{"obj": {"type": "LogFloats", "path": ["network", "train_loss"], "values": [{"value": 0.026382769591041973, "step": null, "ts": 1639587921.6242065}]}, "version": 90}
{"obj": {"type": "LogFloats", "path": ["network", "validation_mean_acc"], "values": [{"value": 0.49396666666666667, "step": null, "ts": 1639587921.856245}]}, "version": 91}
{"obj": {"type": "LogFloats", "path": ["network", "validation_loss"], "values": [{"value": 0.08987943083047867, "step": null, "ts": 1639587921.8572466}]}, "version": 92}
{"obj": {"type": "LogStrings", "path": ["monitoring", "stdout"], "values": [{"value": "Training epoch 10", "step": null, "ts": 1639587921.8572466}]}, "version": 93}
{"obj": {"type": "LogStrings", "path": ["monitoring", "stdout"], "values": [{"value": "\n", "step": null, "ts": 1639587921.8572466}]}, "version": 94}
{"obj": {"type": "LogFloats", "path": ["network", "learning_rate"], "values": [{"value": 1.15, "step": null, "ts": 1639587921.8572466}]}, "version": 95}
{"obj": {"type": "LogFloats", "path": ["monitoring", "cpu"], "values": [{"value": 49.0, "step": null, "ts": 1639587921.9652085}]}, "version": 96}
{"obj": {"type": "LogFloats", "path": ["monitoring", "memory"], "values": [{"value": 9.650684356689453, "step": null, "ts": 1639587921.9652085}]}, "version": 97}
{"obj": {"type": "LogFloats", "path": ["monitoring", "gpu"], "values": [{"value": 60.0, "step": null, "ts": 1639587921.9652085}]}, "version": 98}
{"obj": {"type": "LogFloats", "path": ["monitoring", "gpu_memory"], "values": [{"value": 2.559967041015625, "step": null, "ts": 1639587921.9652085}]}, "version": 99}
{"obj": {"type": "LogFloats", "path": ["network", "train_loss"], "values": [{"value": 0.026785693131387234, "step": null, "ts": 1639587923.4395494}]}, "version": 100}
{"obj": {"type": "LogFloats", "path": ["network", "validation_mean_acc"], "values": [{"value": 0.39789166666666664, "step": null, "ts": 1639587923.664754}]}, "version": 101}
{"obj": {"type": "LogFloats", "path": ["network", "validation_loss"], "values": [{"value": 0.10424841195344925, "step": null, "ts": 1639587923.664754}]}, "version": 102}
{"obj": {"type": "LogStrings", "path": ["monitoring", "stdout"], "values": [{"value": "Training epoch 11", "step": null, "ts": 1639587923.664754}]}, "version": 103}
{"obj": {"type": "LogStrings", "path": ["monitoring", "stdout"], "values": [{"value": "\n", "step": null, "ts": 1639587923.664754}]}, "version": 104}
{"obj": {"type": "LogFloats", "path": ["network", "learning_rate"], "values": [{"value": 1.0351, "step": null, "ts": 1639587923.664754}]}, "version": 105}
{"obj": {"type": "LogFloats", "path": ["network", "train_loss"], "values": [{"value": 0.025320416848574365, "step": null, "ts": 1639587925.241449}]}, "version": 106}
{"obj": {"type": "LogFloats", "path": ["network", "validation_mean_acc"], "values": [{"value": 0.43745, "step": null, "ts": 1639587925.471925}]}, "version": 107}
{"obj": {"type": "LogFloats", "path": ["network", "validation_loss"], "values": [{"value": 0.09682446718215942, "step": null, "ts": 1639587925.471925}]}, "version": 108}
{"obj": {"type": "LogStrings", "path": ["monitoring", "stdout"], "values": [{"value": "Training epoch 12", "step": null, "ts": 1639587925.471925}]}, "version": 109}
{"obj": {"type": "LogStrings", "path": ["monitoring", "stdout"], "values": [{"value": "\n", "step": null, "ts": 1639587925.471925}]}, "version": 110}
{"obj": {"type": "LogFloats", "path": ["network", "learning_rate"], "values": [{"value": 0.9201999999999998, "step": null, "ts": 1639587925.471925}]}, "version": 111}
{"obj": {"type": "LogFloats", "path": ["network", "train_loss"], "values": [{"value": 0.021392715296575, "step": null, "ts": 1639587927.0526826}]}, "version": 112}
{"obj": {"type": "LogFloats", "path": ["network", "validation_mean_acc"], "values": [{"value": 0.48989166666666667, "step": null, "ts": 1639587927.2861755}]}, "version": 113}
{"obj": {"type": "LogFloats", "path": ["network", "validation_loss"], "values": [{"value": 0.0910867303609848, "step": null, "ts": 1639587927.2861755}]}, "version": 114}
{"obj": {"type": "LogStrings", "path": ["monitoring", "stdout"], "values": [{"value": "Training epoch 13", "step": null, "ts": 1639587927.2861755}]}, "version": 115}
{"obj": {"type": "LogStrings", "path": ["monitoring", "stdout"], "values": [{"value": "\n", "step": null, "ts": 1639587927.2861755}]}, "version": 116}
{"obj": {"type": "LogFloats", "path": ["network", "learning_rate"], "values": [{"value": 0.8053000000000002, "step": null, "ts": 1639587927.2861755}]}, "version": 117}
{"obj": {"type": "LogFloats", "path": ["network", "train_loss"], "values": [{"value": 0.018960197855319296, "step": null, "ts": 1639587928.8620355}]}, "version": 118}
{"obj": {"type": "LogFloats", "path": ["network", "validation_mean_acc"], "values": [{"value": 0.46486666666666665, "step": null, "ts": 1639587929.1062565}]}, "version": 119}
{"obj": {"type": "LogFloats", "path": ["network", "validation_loss"], "values": [{"value": 0.10232200473546982, "step": null, "ts": 1639587929.1062565}]}, "version": 120}
{"obj": {"type": "LogStrings", "path": ["monitoring", "stdout"], "values": [{"value": "Training epoch 14", "step": null, "ts": 1639587929.1062565}]}, "version": 121}
{"obj": {"type": "LogStrings", "path": ["monitoring", "stdout"], "values": [{"value": "\n", "step": null, "ts": 1639587929.1062565}]}, "version": 122}
{"obj": {"type": "LogFloats", "path": ["network", "learning_rate"], "values": [{"value": 0.6904000000000001, "step": null, "ts": 1639587929.1062565}]}, "version": 123}
{"obj": {"type": "LogFloats", "path": ["network", "train_loss"], "values": [{"value": 0.01768841647676059, "step": null, "ts": 1639587930.6799905}]}, "version": 124}
{"obj": {"type": "LogFloats", "path": ["network", "validation_mean_acc"], "values": [{"value": 0.488675, "step": null, "ts": 1639587930.9142027}]}, "version": 125}
{"obj": {"type": "LogFloats", "path": ["network", "validation_loss"], "values": [{"value": 0.09756902605295181, "step": null, "ts": 1639587930.9142027}]}, "version": 126}
{"obj": {"type": "LogStrings", "path": ["monitoring", "stdout"], "values": [{"value": "Training epoch 15", "step": null, "ts": 1639587930.9142027}]}, "version": 127}
{"obj": {"type": "LogStrings", "path": ["monitoring", "stdout"], "values": [{"value": "\n", "step": null, "ts": 1639587930.9152036}]}, "version": 128}
{"obj": {"type": "LogFloats", "path": ["network", "learning_rate"], "values": [{"value": 0.5755, "step": null, "ts": 1639587930.9152036}]}, "version": 129}
{"obj": {"type": "LogFloats", "path": ["monitoring", "cpu"], "values": [{"value": 48.7, "step": null, "ts": 1639587931.9720032}]}, "version": 130}
{"obj": {"type": "LogFloats", "path": ["monitoring", "memory"], "values": [{"value": 9.652793884277344, "step": null, "ts": 1639587931.9720032}]}, "version": 131}
{"obj": {"type": "LogFloats", "path": ["monitoring", "gpu"], "values": [{"value": 73.0, "step": null, "ts": 1639587931.9720032}]}, "version": 132}
{"obj": {"type": "LogFloats", "path": ["monitoring", "gpu_memory"], "values": [{"value": 2.559967041015625, "step": null, "ts": 1639587931.9720032}]}, "version": 133}
{"obj": {"type": "LogFloats", "path": ["network", "train_loss"], "values": [{"value": 0.01738903791244541, "step": null, "ts": 1639587932.4886298}]}, "version": 134}
{"obj": {"type": "LogFloats", "path": ["network", "validation_mean_acc"], "values": [{"value": 0.47696666666666665, "step": null, "ts": 1639587932.7188382}]}, "version": 135}
{"obj": {"type": "LogFloats", "path": ["network", "validation_loss"], "values": [{"value": 0.09908207505941391, "step": null, "ts": 1639587932.7188382}]}, "version": 136}
{"obj": {"type": "LogStrings", "path": ["monitoring", "stdout"], "values": [{"value": "Training epoch 16", "step": null, "ts": 1639587932.7198396}]}, "version": 137}
{"obj": {"type": "LogStrings", "path": ["monitoring", "stdout"], "values": [{"value": "\n", "step": null, "ts": 1639587932.7198396}]}, "version": 138}
{"obj": {"type": "LogFloats", "path": ["network", "learning_rate"], "values": [{"value": 0.4605999999999999, "step": null, "ts": 1639587932.7198396}]}, "version": 139}
{"obj": {"type": "LogFloats", "path": ["network", "train_loss"], "values": [{"value": 0.015298191857125078, "step": null, "ts": 1639587934.2871356}]}, "version": 140}
{"obj": {"type": "LogFloats", "path": ["network", "validation_mean_acc"], "values": [{"value": 0.5421916666666666, "step": null, "ts": 1639587934.526198}]}, "version": 141}
{"obj": {"type": "LogFloats", "path": ["network", "validation_loss"], "values": [{"value": 0.08872825652360916, "step": null, "ts": 1639587934.526198}]}, "version": 142}
{"obj": {"type": "LogStrings", "path": ["monitoring", "stdout"], "values": [{"value": "Training epoch 17", "step": null, "ts": 1639587934.526198}]}, "version": 143}
{"obj": {"type": "LogStrings", "path": ["monitoring", "stdout"], "values": [{"value": "\n", "step": null, "ts": 1639587934.526198}]}, "version": 144}
{"obj": {"type": "LogFloats", "path": ["network", "learning_rate"], "values": [{"value": 0.3456999999999998, "step": null, "ts": 1639587934.526198}]}, "version": 145}
{"obj": {"type": "LogFloats", "path": ["network", "train_loss"], "values": [{"value": 0.015227486113352435, "step": null, "ts": 1639587936.1041799}]}, "version": 146}
{"obj": {"type": "LogFloats", "path": ["network", "validation_mean_acc"], "values": [{"value": 0.451625, "step": null, "ts": 1639587936.3393788}]}, "version": 147}
{"obj": {"type": "LogFloats", "path": ["network", "validation_loss"], "values": [{"value": 0.10361777991056442, "step": null, "ts": 1639587936.3393788}]}, "version": 148}
{"obj": {"type": "LogStrings", "path": ["monitoring", "stdout"], "values": [{"value": "Training epoch 18", "step": null, "ts": 1639587936.3403745}]}, "version": 149}
{"obj": {"type": "LogStrings", "path": ["monitoring", "stdout"], "values": [{"value": "\n", "step": null, "ts": 1639587936.3403745}]}, "version": 150}
{"obj": {"type": "LogFloats", "path": ["network", "learning_rate"], "values": [{"value": 0.2308000000000002, "step": null, "ts": 1639587936.3403745}]}, "version": 151}
{"obj": {"type": "LogFloats", "path": ["network", "train_loss"], "values": [{"value": 0.014416406596345561, "step": null, "ts": 1639587937.9106605}]}, "version": 152}
{"obj": {"type": "LogFloats", "path": ["network", "validation_mean_acc"], "values": [{"value": 0.5372833333333333, "step": null, "ts": 1639587938.144873}]}, "version": 153}
{"obj": {"type": "LogFloats", "path": ["network", "validation_loss"], "values": [{"value": 0.09001223742961884, "step": null, "ts": 1639587938.144873}]}, "version": 154}
{"obj": {"type": "LogStrings", "path": ["monitoring", "stdout"], "values": [{"value": "Training epoch 19", "step": null, "ts": 1639587938.144873}]}, "version": 155}
{"obj": {"type": "LogStrings", "path": ["monitoring", "stdout"], "values": [{"value": "\n", "step": null, "ts": 1639587938.144873}]}, "version": 156}
{"obj": {"type": "LogFloats", "path": ["network", "learning_rate"], "values": [{"value": 0.1159000000000001, "step": null, "ts": 1639587938.144873}]}, "version": 157}
{"obj": {"type": "LogFloats", "path": ["network", "train_loss"], "values": [{"value": 0.01358822254197938, "step": null, "ts": 1639587939.723453}]}, "version": 158}
{"obj": {"type": "LogFloats", "path": ["network", "validation_mean_acc"], "values": [{"value": 0.5207666666666667, "step": null, "ts": 1639587939.9526682}]}, "version": 159}
{"obj": {"type": "LogFloats", "path": ["network", "validation_loss"], "values": [{"value": 0.09284237027168274, "step": null, "ts": 1639587939.9526682}]}, "version": 160}
{"obj": {"type": "LogStrings", "path": ["monitoring", "stdout"], "values": [{"value": "Training epoch 20", "step": null, "ts": 1639587939.9536622}]}, "version": 161}
{"obj": {"type": "LogStrings", "path": ["monitoring", "stdout"], "values": [{"value": "\n", "step": null, "ts": 1639587939.9536622}]}, "version": 162}
{"obj": {"type": "LogFloats", "path": ["network", "learning_rate"], "values": [{"value": 0.001, "step": null, "ts": 1639587939.9536622}]}, "version": 163}
{"obj": {"type": "LogFloats", "path": ["network", "train_loss"], "values": [{"value": 0.013017249160579272, "step": null, "ts": 1639587941.5349681}]}, "version": 164}
{"obj": {"type": "LogFloats", "path": ["network", "validation_mean_acc"], "values": [{"value": 0.5204583333333334, "step": null, "ts": 1639587941.7637827}]}, "version": 165}
{"obj": {"type": "LogFloats", "path": ["network", "validation_loss"], "values": [{"value": 0.09288181364536285, "step": null, "ts": 1639587941.7647836}]}, "version": 166}
{"obj": {"type": "LogStrings", "path": ["monitoring", "stdout"], "values": [{"value": "Training epoch 21", "step": null, "ts": 1639587941.7647836}]}, "version": 167}
{"obj": {"type": "LogStrings", "path": ["monitoring", "stdout"], "values": [{"value": "\n", "step": null, "ts": 1639587941.7647836}]}, "version": 168}
{"obj": {"type": "LogFloats", "path": ["network", "learning_rate"], "values": [{"value": 0.1158999999999996, "step": null, "ts": 1639587941.7647836}]}, "version": 169}
{"obj": {"type": "LogFloats", "path": ["monitoring", "cpu"], "values": [{"value": 48.8, "step": null, "ts": 1639587941.989028}]}, "version": 170}
{"obj": {"type": "LogFloats", "path": ["monitoring", "memory"], "values": [{"value": 9.649932861328125, "step": null, "ts": 1639587941.989028}]}, "version": 171}
{"obj": {"type": "LogFloats", "path": ["monitoring", "gpu"], "values": [{"value": 63.0, "step": null, "ts": 1639587941.989028}]}, "version": 172}
{"obj": {"type": "LogFloats", "path": ["monitoring", "gpu_memory"], "values": [{"value": 2.559967041015625, "step": null, "ts": 1639587941.989028}]}, "version": 173}
{"obj": {"type": "LogFloats", "path": ["network", "train_loss"], "values": [{"value": 0.012794608848967723, "step": null, "ts": 1639587943.3336222}]}, "version": 174}
{"obj": {"type": "LogFloats", "path": ["network", "validation_mean_acc"], "values": [{"value": 0.500225, "step": null, "ts": 1639587943.5656087}]}, "version": 175}
{"obj": {"type": "LogFloats", "path": ["network", "validation_loss"], "values": [{"value": 0.09626931697130203, "step": null, "ts": 1639587943.5656087}]}, "version": 176}
{"obj": {"type": "LogStrings", "path": ["monitoring", "stdout"], "values": [{"value": "Training epoch 22", "step": null, "ts": 1639587943.5666096}]}, "version": 177}
{"obj": {"type": "LogStrings", "path": ["monitoring", "stdout"], "values": [{"value": "\n", "step": null, "ts": 1639587943.5666096}]}, "version": 178}
{"obj": {"type": "LogFloats", "path": ["network", "learning_rate"], "values": [{"value": 0.2308000000000002, "step": null, "ts": 1639587943.5666096}]}, "version": 179}
{"obj": {"type": "LogFloats", "path": ["network", "train_loss"], "values": [{"value": 0.01272857575012105, "step": null, "ts": 1639587945.145259}]}, "version": 180}
{"obj": {"type": "LogFloats", "path": ["network", "validation_mean_acc"], "values": [{"value": 0.52, "step": null, "ts": 1639587945.377736}]}, "version": 181}
{"obj": {"type": "LogFloats", "path": ["network", "validation_loss"], "values": [{"value": 0.0934787318110466, "step": null, "ts": 1639587945.378737}]}, "version": 182}
{"obj": {"type": "LogStrings", "path": ["monitoring", "stdout"], "values": [{"value": "Training epoch 23", "step": null, "ts": 1639587945.3787465}]}, "version": 183}
{"obj": {"type": "LogStrings", "path": ["monitoring", "stdout"], "values": [{"value": "\n", "step": null, "ts": 1639587945.3787465}]}, "version": 184}
{"obj": {"type": "LogFloats", "path": ["network", "learning_rate"], "values": [{"value": 0.3456999999999998, "step": null, "ts": 1639587945.3787465}]}, "version": 185}
{"obj": {"type": "LogFloats", "path": ["network", "train_loss"], "values": [{"value": 0.012358526433152812, "step": null, "ts": 1639587946.9775429}]}, "version": 186}
{"obj": {"type": "LogFloats", "path": ["network", "validation_mean_acc"], "values": [{"value": 0.5234833333333333, "step": null, "ts": 1639587947.2107549}]}, "version": 187}
{"obj": {"type": "LogFloats", "path": ["network", "validation_loss"], "values": [{"value": 0.09377317875623703, "step": null, "ts": 1639587947.2107549}]}, "version": 188}
{"obj": {"type": "LogStrings", "path": ["monitoring", "stdout"], "values": [{"value": "Training epoch 24", "step": null, "ts": 1639587947.2107549}]}, "version": 189}
{"obj": {"type": "LogStrings", "path": ["monitoring", "stdout"], "values": [{"value": "\n", "step": null, "ts": 1639587947.2107549}]}, "version": 190}
{"obj": {"type": "LogFloats", "path": ["network", "learning_rate"], "values": [{"value": 0.4606000000000004, "step": null, "ts": 1639587947.2107549}]}, "version": 191}
{"obj": {"type": "LogFloats", "path": ["network", "train_loss"], "values": [{"value": 0.012050421509359564, "step": null, "ts": 1639587948.7915654}]}, "version": 192}
{"obj": {"type": "LogFloats", "path": ["network", "validation_mean_acc"], "values": [{"value": 0.5387833333333333, "step": null, "ts": 1639587949.0267794}]}, "version": 193}
{"obj": {"type": "LogFloats", "path": ["network", "validation_loss"], "values": [{"value": 0.09024018049240112, "step": null, "ts": 1639587949.0267794}]}, "version": 194}
{"obj": {"type": "LogStrings", "path": ["monitoring", "stdout"], "values": [{"value": "Training epoch 25", "step": null, "ts": 1639587949.0267794}]}, "version": 195}
{"obj": {"type": "LogStrings", "path": ["monitoring", "stdout"], "values": [{"value": "\n", "step": null, "ts": 1639587949.027781}]}, "version": 196}
{"obj": {"type": "LogFloats", "path": ["network", "learning_rate"], "values": [{"value": 0.5755, "step": null, "ts": 1639587949.027781}]}, "version": 197}
{"obj": {"type": "LogFloats", "path": ["network", "train_loss"], "values": [{"value": 0.011525873360889298, "step": null, "ts": 1639587950.6105337}]}, "version": 198}
{"obj": {"type": "LogFloats", "path": ["network", "validation_mean_acc"], "values": [{"value": 0.5765666666666667, "step": null, "ts": 1639587950.848516}]}, "version": 199}
{"obj": {"type": "LogFloats", "path": ["network", "validation_loss"], "values": [{"value": 0.08441375195980072, "step": null, "ts": 1639587950.848516}]}, "version": 200}
{"obj": {"type": "LogStrings", "path": ["monitoring", "stdout"], "values": [{"value": "Training epoch 26", "step": null, "ts": 1639587950.849517}]}, "version": 201}
{"obj": {"type": "LogStrings", "path": ["monitoring", "stdout"], "values": [{"value": "\n", "step": null, "ts": 1639587950.849517}]}, "version": 202}
{"obj": {"type": "LogFloats", "path": ["network", "learning_rate"], "values": [{"value": 0.6903999999999996, "step": null, "ts": 1639587950.849517}]}, "version": 203}
{"obj": {"type": "LogFloats", "path": ["monitoring", "cpu"], "values": [{"value": 52.1, "step": null, "ts": 1639587952.0006452}]}, "version": 204}
{"obj": {"type": "LogFloats", "path": ["monitoring", "memory"], "values": [{"value": 9.901107788085938, "step": null, "ts": 1639587952.0006452}]}, "version": 205}
{"obj": {"type": "LogFloats", "path": ["monitoring", "gpu"], "values": [{"value": 72.0, "step": null, "ts": 1639587952.0006452}]}, "version": 206}
{"obj": {"type": "LogFloats", "path": ["monitoring", "gpu_memory"], "values": [{"value": 2.559967041015625, "step": null, "ts": 1639587952.0006452}]}, "version": 207}
{"obj": {"type": "LogFloats", "path": ["network", "train_loss"], "values": [{"value": 0.01287716773471662, "step": null, "ts": 1639587952.4437861}]}, "version": 208}
{"obj": {"type": "LogFloats", "path": ["network", "validation_mean_acc"], "values": [{"value": 0.556625, "step": null, "ts": 1639587952.674859}]}, "version": 209}
{"obj": {"type": "LogFloats", "path": ["network", "validation_loss"], "values": [{"value": 0.08752786368131638, "step": null, "ts": 1639587952.674859}]}, "version": 210}
{"obj": {"type": "LogStrings", "path": ["monitoring", "stdout"], "values": [{"value": "Training epoch 27", "step": null, "ts": 1639587952.674859}]}, "version": 211}
{"obj": {"type": "LogStrings", "path": ["monitoring", "stdout"], "values": [{"value": "\n", "step": null, "ts": 1639587952.674859}]}, "version": 212}
{"obj": {"type": "LogFloats", "path": ["network", "learning_rate"], "values": [{"value": 0.8053000000000002, "step": null, "ts": 1639587952.674859}]}, "version": 213}
{"obj": {"type": "LogFloats", "path": ["network", "train_loss"], "values": [{"value": 0.01271964143961668, "step": null, "ts": 1639587954.2615747}]}, "version": 214}
{"obj": {"type": "LogFloats", "path": ["network", "validation_mean_acc"], "values": [{"value": 0.4994416666666667, "step": null, "ts": 1639587954.494787}]}, "version": 215}
{"obj": {"type": "LogFloats", "path": ["network", "validation_loss"], "values": [{"value": 0.09771408885717392, "step": null, "ts": 1639587954.494787}]}, "version": 216}
{"obj": {"type": "LogStrings", "path": ["monitoring", "stdout"], "values": [{"value": "Training epoch 28", "step": null, "ts": 1639587954.494787}]}, "version": 217}
{"obj": {"type": "LogStrings", "path": ["monitoring", "stdout"], "values": [{"value": "\n", "step": null, "ts": 1639587954.4957886}]}, "version": 218}
{"obj": {"type": "LogFloats", "path": ["network", "learning_rate"], "values": [{"value": 0.9201999999999998, "step": null, "ts": 1639587954.4957886}]}, "version": 219}
{"obj": {"type": "LogFloats", "path": ["network", "train_loss"], "values": [{"value": 0.013269018647926194, "step": null, "ts": 1639587956.0625937}]}, "version": 220}
{"obj": {"type": "LogFloats", "path": ["network", "validation_mean_acc"], "values": [{"value": 0.48075, "step": null, "ts": 1639587956.2977421}]}, "version": 221}
{"obj": {"type": "LogFloats", "path": ["network", "validation_loss"], "values": [{"value": 0.10372062772512436, "step": null, "ts": 1639587956.2977421}]}, "version": 222}
{"obj": {"type": "LogStrings", "path": ["monitoring", "stdout"], "values": [{"value": "Training epoch 29", "step": null, "ts": 1639587956.2977421}]}, "version": 223}
{"obj": {"type": "LogStrings", "path": ["monitoring", "stdout"], "values": [{"value": "\n", "step": null, "ts": 1639587956.2977421}]}, "version": 224}
{"obj": {"type": "LogFloats", "path": ["network", "learning_rate"], "values": [{"value": 1.0351000000000004, "step": null, "ts": 1639587956.2977421}]}, "version": 225}
{"obj": {"type": "LogFloats", "path": ["network", "train_loss"], "values": [{"value": 0.01566268117832286, "step": null, "ts": 1639587957.876909}]}, "version": 226}
{"obj": {"type": "LogFloats", "path": ["network", "validation_mean_acc"], "values": [{"value": 0.597975, "step": null, "ts": 1639587958.1091194}]}, "version": 227}
{"obj": {"type": "LogFloats", "path": ["network", "validation_loss"], "values": [{"value": 0.079893559217453, "step": null, "ts": 1639587958.1101205}]}, "version": 228}
{"obj": {"type": "LogStrings", "path": ["monitoring", "stdout"], "values": [{"value": "Training epoch 30", "step": null, "ts": 1639587958.1101205}]}, "version": 229}
{"obj": {"type": "LogStrings", "path": ["monitoring", "stdout"], "values": [{"value": "\n", "step": null, "ts": 1639587958.1101205}]}, "version": 230}
{"obj": {"type": "LogFloats", "path": ["network", "learning_rate"], "values": [{"value": 1.15, "step": null, "ts": 1639587958.1101205}]}, "version": 231}
{"obj": {"type": "LogFloats", "path": ["network", "train_loss"], "values": [{"value": 0.012751074241740363, "step": null, "ts": 1639587959.6889067}]}, "version": 232}
{"obj": {"type": "LogFloats", "path": ["network", "validation_mean_acc"], "values": [{"value": 0.5298333333333334, "step": null, "ts": 1639587959.9184034}]}, "version": 233}
{"obj": {"type": "LogFloats", "path": ["network", "validation_loss"], "values": [{"value": 0.09396067261695862, "step": null, "ts": 1639587959.9184034}]}, "version": 234}
{"obj": {"type": "LogStrings", "path": ["monitoring", "stdout"], "values": [{"value": "Training epoch 31", "step": null, "ts": 1639587959.9184034}]}, "version": 235}
{"obj": {"type": "LogStrings", "path": ["monitoring", "stdout"], "values": [{"value": "\n", "step": null, "ts": 1639587959.9194045}]}, "version": 236}
{"obj": {"type": "LogFloats", "path": ["network", "learning_rate"], "values": [{"value": 1.0351000000000004, "step": null, "ts": 1639587959.9194045}]}, "version": 237}
{"obj": {"type": "LogFloats", "path": ["network", "train_loss"], "values": [{"value": 0.013250905554741621, "step": null, "ts": 1639587961.5021088}]}, "version": 238}
{"obj": {"type": "LogFloats", "path": ["network", "validation_mean_acc"], "values": [{"value": 0.5711, "step": null, "ts": 1639587961.7333188}]}, "version": 239}
{"obj": {"type": "LogFloats", "path": ["network", "validation_loss"], "values": [{"value": 0.08383587747812271, "step": null, "ts": 1639587961.7333188}]}, "version": 240}
{"obj": {"type": "LogStrings", "path": ["monitoring", "stdout"], "values": [{"value": "Training epoch 32", "step": null, "ts": 1639587961.7333188}]}, "version": 241}
{"obj": {"type": "LogStrings", "path": ["monitoring", "stdout"], "values": [{"value": "\n", "step": null, "ts": 1639587961.7333188}]}, "version": 242}
{"obj": {"type": "LogFloats", "path": ["network", "learning_rate"], "values": [{"value": 0.9201999999999998, "step": null, "ts": 1639587961.7343197}]}, "version": 243}
{"obj": {"type": "LogFloats", "path": ["monitoring", "cpu"], "values": [{"value": 50.8, "step": null, "ts": 1639587962.0098927}]}, "version": 244}
{"obj": {"type": "LogFloats", "path": ["monitoring", "memory"], "values": [{"value": 9.762504577636719, "step": null, "ts": 1639587962.0098927}]}, "version": 245}
{"obj": {"type": "LogFloats", "path": ["monitoring", "gpu"], "values": [{"value": 100.0, "step": null, "ts": 1639587962.0098927}]}, "version": 246}
{"obj": {"type": "LogFloats", "path": ["monitoring", "gpu_memory"], "values": [{"value": 2.559967041015625, "step": null, "ts": 1639587962.0098927}]}, "version": 247}
{"obj": {"type": "LogFloats", "path": ["network", "train_loss"], "values": [{"value": 0.011341214246515716, "step": null, "ts": 1639587963.311645}]}, "version": 248}
{"obj": {"type": "LogFloats", "path": ["network", "validation_mean_acc"], "values": [{"value": 0.5632583333333333, "step": null, "ts": 1639587963.5438554}]}, "version": 249}
{"obj": {"type": "LogFloats", "path": ["network", "validation_loss"], "values": [{"value": 0.08863084763288498, "step": null, "ts": 1639587963.5438554}]}, "version": 250}
{"obj": {"type": "LogStrings", "path": ["monitoring", "stdout"], "values": [{"value": "Training epoch 33", "step": null, "ts": 1639587963.5438554}]}, "version": 251}
{"obj": {"type": "LogStrings", "path": ["monitoring", "stdout"], "values": [{"value": "\n", "step": null, "ts": 1639587963.5438554}]}, "version": 252}
{"obj": {"type": "LogFloats", "path": ["network", "learning_rate"], "values": [{"value": 0.8053000000000002, "step": null, "ts": 1639587963.5438554}]}, "version": 253}
{"obj": {"type": "LogFloats", "path": ["network", "train_loss"], "values": [{"value": 0.012746034190058708, "step": null, "ts": 1639587965.1289163}]}, "version": 254}
{"obj": {"type": "LogFloats", "path": ["network", "validation_mean_acc"], "values": [{"value": 0.48084166666666667, "step": null, "ts": 1639587965.357123}]}, "version": 255}
{"obj": {"type": "LogFloats", "path": ["network", "validation_loss"], "values": [{"value": 0.10176485031843185, "step": null, "ts": 1639587965.357123}]}, "version": 256}
{"obj": {"type": "LogStrings", "path": ["monitoring", "stdout"], "values": [{"value": "Training epoch 34", "step": null, "ts": 1639587965.3581238}]}, "version": 257}
{"obj": {"type": "LogStrings", "path": ["monitoring", "stdout"], "values": [{"value": "\n", "step": null, "ts": 1639587965.3581238}]}, "version": 258}
{"obj": {"type": "LogFloats", "path": ["network", "learning_rate"], "values": [{"value": 0.6903999999999996, "step": null, "ts": 1639587965.3581238}]}, "version": 259}
{"obj": {"type": "LogFloats", "path": ["network", "train_loss"], "values": [{"value": 0.011224905028939247, "step": null, "ts": 1639587966.937678}]}, "version": 260}
{"obj": {"type": "LogFloats", "path": ["network", "validation_mean_acc"], "values": [{"value": 0.5161666666666667, "step": null, "ts": 1639587967.163886}]}, "version": 261}
{"obj": {"type": "LogFloats", "path": ["network", "validation_loss"], "values": [{"value": 0.09489839524030685, "step": null, "ts": 1639587967.163886}]}, "version": 262}
{"obj": {"type": "LogStrings", "path": ["monitoring", "stdout"], "values": [{"value": "Training epoch 35", "step": null, "ts": 1639587967.163886}]}, "version": 263}
{"obj": {"type": "LogStrings", "path": ["monitoring", "stdout"], "values": [{"value": "\n", "step": null, "ts": 1639587967.1648867}]}, "version": 264}
{"obj": {"type": "LogFloats", "path": ["network", "learning_rate"], "values": [{"value": 0.5755, "step": null, "ts": 1639587967.1648867}]}, "version": 265}
{"obj": {"type": "LogFloats", "path": ["network", "train_loss"], "values": [{"value": 0.011097121252013105, "step": null, "ts": 1639587968.745249}]}, "version": 266}
{"obj": {"type": "LogFloats", "path": ["network", "validation_mean_acc"], "values": [{"value": 0.5329083333333333, "step": null, "ts": 1639587968.9804866}]}, "version": 267}
{"obj": {"type": "LogFloats", "path": ["network", "validation_loss"], "values": [{"value": 0.09100621938705444, "step": null, "ts": 1639587968.9804866}]}, "version": 268}
{"obj": {"type": "LogStrings", "path": ["monitoring", "stdout"], "values": [{"value": "Training epoch 36", "step": null, "ts": 1639587968.9804866}]}, "version": 269}
{"obj": {"type": "LogStrings", "path": ["monitoring", "stdout"], "values": [{"value": "\n", "step": null, "ts": 1639587968.9804866}]}, "version": 270}
{"obj": {"type": "LogFloats", "path": ["network", "learning_rate"], "values": [{"value": 0.4606000000000004, "step": null, "ts": 1639587968.9804866}]}, "version": 271}
{"obj": {"type": "LogFloats", "path": ["network", "train_loss"], "values": [{"value": 0.009411369250821216, "step": null, "ts": 1639587970.578279}]}, "version": 272}
{"obj": {"type": "LogFloats", "path": ["network", "validation_mean_acc"], "values": [{"value": 0.541325, "step": null, "ts": 1639587970.8235013}]}, "version": 273}
{"obj": {"type": "LogFloats", "path": ["network", "validation_loss"], "values": [{"value": 0.09129009395837784, "step": null, "ts": 1639587970.8235013}]}, "version": 274}
{"obj": {"type": "LogStrings", "path": ["monitoring", "stdout"], "values": [{"value": "Training epoch 37", "step": null, "ts": 1639587970.8245025}]}, "version": 275}
{"obj": {"type": "LogStrings", "path": ["monitoring", "stdout"], "values": [{"value": "\n", "step": null, "ts": 1639587970.8245025}]}, "version": 276}
{"obj": {"type": "LogFloats", "path": ["network", "learning_rate"], "values": [{"value": 0.3456999999999998, "step": null, "ts": 1639587970.8245025}]}, "version": 277}
{"obj": {"type": "LogFloats", "path": ["monitoring", "cpu"], "values": [{"value": 51.4, "step": null, "ts": 1639587972.0139153}]}, "version": 278}
{"obj": {"type": "LogFloats", "path": ["monitoring", "memory"], "values": [{"value": 10.0545654296875, "step": null, "ts": 1639587972.0139153}]}, "version": 279}
{"obj": {"type": "LogFloats", "path": ["monitoring", "gpu"], "values": [{"value": 97.0, "step": null, "ts": 1639587972.0139153}]}, "version": 280}
{"obj": {"type": "LogFloats", "path": ["monitoring", "gpu_memory"], "values": [{"value": 2.559967041015625, "step": null, "ts": 1639587972.0139153}]}, "version": 281}
{"obj": {"type": "LogFloats", "path": ["network", "train_loss"], "values": [{"value": 0.008709849257554327, "step": null, "ts": 1639587972.4212844}]}, "version": 282}
{"obj": {"type": "LogFloats", "path": ["network", "validation_mean_acc"], "values": [{"value": 0.5298, "step": null, "ts": 1639587972.6695096}]}, "version": 283}
{"obj": {"type": "LogFloats", "path": ["network", "validation_loss"], "values": [{"value": 0.09333868324756622, "step": null, "ts": 1639587972.6695096}]}, "version": 284}
{"obj": {"type": "LogStrings", "path": ["monitoring", "stdout"], "values": [{"value": "Training epoch 38", "step": null, "ts": 1639587972.6695096}]}, "version": 285}
{"obj": {"type": "LogStrings", "path": ["monitoring", "stdout"], "values": [{"value": "\n", "step": null, "ts": 1639587972.6695096}]}, "version": 286}
{"obj": {"type": "LogFloats", "path": ["network", "learning_rate"], "values": [{"value": 0.2308000000000002, "step": null, "ts": 1639587972.6695096}]}, "version": 287}
{"obj": {"type": "LogFloats", "path": ["network", "train_loss"], "values": [{"value": 0.007967023311981134, "step": null, "ts": 1639587974.2585309}]}, "version": 288}
{"obj": {"type": "LogFloats", "path": ["network", "validation_mean_acc"], "values": [{"value": 0.551625, "step": null, "ts": 1639587974.491743}]}, "version": 289}
{"obj": {"type": "LogFloats", "path": ["network", "validation_loss"], "values": [{"value": 0.08864013850688934, "step": null, "ts": 1639587974.491743}]}, "version": 290}
{"obj": {"type": "LogStrings", "path": ["monitoring", "stdout"], "values": [{"value": "Training epoch 39", "step": null, "ts": 1639587974.491743}]}, "version": 291}
{"obj": {"type": "LogStrings", "path": ["monitoring", "stdout"], "values": [{"value": "\n", "step": null, "ts": 1639587974.492744}]}, "version": 292}
{"obj": {"type": "LogFloats", "path": ["network", "learning_rate"], "values": [{"value": 0.1158999999999996, "step": null, "ts": 1639587974.492744}]}, "version": 293}
{"obj": {"type": "LogFloats", "path": ["network", "train_loss"], "values": [{"value": 0.007770082248108727, "step": null, "ts": 1639587976.0811305}]}, "version": 294}
{"obj": {"type": "LogFloats", "path": ["network", "validation_mean_acc"], "values": [{"value": 0.5567666666666666, "step": null, "ts": 1639587976.315189}]}, "version": 295}
{"obj": {"type": "LogFloats", "path": ["network", "validation_loss"], "values": [{"value": 0.0878271758556366, "step": null, "ts": 1639587976.3161902}]}, "version": 296}
{"obj": {"type": "LogStrings", "path": ["monitoring", "stdout"], "values": [{"value": "Training epoch 40", "step": null, "ts": 1639587976.3161902}]}, "version": 297}
{"obj": {"type": "LogStrings", "path": ["monitoring", "stdout"], "values": [{"value": "\n", "step": null, "ts": 1639587976.3161902}]}, "version": 298}
{"obj": {"type": "LogFloats", "path": ["network", "learning_rate"], "values": [{"value": 0.001, "step": null, "ts": 1639587976.3161902}]}, "version": 299}
{"obj": {"type": "LogFloats", "path": ["network", "train_loss"], "values": [{"value": 0.007602466270327568, "step": null, "ts": 1639587977.907169}]}, "version": 300}
{"obj": {"type": "LogFloats", "path": ["network", "validation_mean_acc"], "values": [{"value": 0.5566, "step": null, "ts": 1639587978.1456645}]}, "version": 301}
{"obj": {"type": "LogFloats", "path": ["network", "validation_loss"], "values": [{"value": 0.08785244077444077, "step": null, "ts": 1639587978.1456645}]}, "version": 302}
{"obj": {"type": "LogStrings", "path": ["monitoring", "stdout"], "values": [{"value": "Training epoch 41", "step": null, "ts": 1639587978.1466653}]}, "version": 303}
{"obj": {"type": "LogStrings", "path": ["monitoring", "stdout"], "values": [{"value": "\n", "step": null, "ts": 1639587978.1466653}]}, "version": 304}
{"obj": {"type": "LogFloats", "path": ["network", "learning_rate"], "values": [{"value": 0.1158999999999996, "step": null, "ts": 1639587978.1466653}]}, "version": 305}
{"obj": {"type": "LogFloats", "path": ["network", "train_loss"], "values": [{"value": 0.007546101364174059, "step": null, "ts": 1639587979.7313793}]}, "version": 306}
{"obj": {"type": "LogFloats", "path": ["network", "validation_mean_acc"], "values": [{"value": 0.5522083333333333, "step": null, "ts": 1639587979.9605875}]}, "version": 307}
{"obj": {"type": "LogFloats", "path": ["network", "validation_loss"], "values": [{"value": 0.08882588893175125, "step": null, "ts": 1639587979.9605875}]}, "version": 308}
{"obj": {"type": "LogStrings", "path": ["monitoring", "stdout"], "values": [{"value": "Training epoch 42", "step": null, "ts": 1639587979.9605875}]}, "version": 309}
{"obj": {"type": "LogStrings", "path": ["monitoring", "stdout"], "values": [{"value": "\n", "step": null, "ts": 1639587979.9615881}]}, "version": 310}
{"obj": {"type": "LogFloats", "path": ["network", "learning_rate"], "values": [{"value": 0.2308000000000002, "step": null, "ts": 1639587979.9615881}]}, "version": 311}
{"obj": {"type": "LogFloats", "path": ["network", "train_loss"], "values": [{"value": 0.007514134315507752, "step": null, "ts": 1639587981.5590053}]}, "version": 312}
{"obj": {"type": "LogFloats", "path": ["network", "validation_mean_acc"], "values": [{"value": 0.5539333333333334, "step": null, "ts": 1639587981.7928681}]}, "version": 313}
{"obj": {"type": "LogFloats", "path": ["network", "validation_loss"], "values": [{"value": 0.08876412361860275, "step": null, "ts": 1639587981.7928681}]}, "version": 314}
{"obj": {"type": "LogStrings", "path": ["monitoring", "stdout"], "values": [{"value": "Training epoch 43", "step": null, "ts": 1639587981.793869}]}, "version": 315}
{"obj": {"type": "LogStrings", "path": ["monitoring", "stdout"], "values": [{"value": "\n", "step": null, "ts": 1639587981.793869}]}, "version": 316}
{"obj": {"type": "LogFloats", "path": ["network", "learning_rate"], "values": [{"value": 0.3456999999999998, "step": null, "ts": 1639587981.793869}]}, "version": 317}
{"obj": {"type": "LogFloats", "path": ["monitoring", "cpu"], "values": [{"value": 52.1, "step": null, "ts": 1639587982.0276206}]}, "version": 318}
{"obj": {"type": "LogFloats", "path": ["monitoring", "memory"], "values": [{"value": 10.046207427978516, "step": null, "ts": 1639587982.0276206}]}, "version": 319}
{"obj": {"type": "LogFloats", "path": ["monitoring", "gpu"], "values": [{"value": 89.0, "step": null, "ts": 1639587982.0276206}]}, "version": 320}
{"obj": {"type": "LogFloats", "path": ["monitoring", "gpu_memory"], "values": [{"value": 2.559967041015625, "step": null, "ts": 1639587982.0276206}]}, "version": 321}
{"obj": {"type": "LogFloats", "path": ["network", "train_loss"], "values": [{"value": 0.007284695282578468, "step": null, "ts": 1639587983.3785791}]}, "version": 322}
{"obj": {"type": "LogFloats", "path": ["network", "validation_mean_acc"], "values": [{"value": 0.571175, "step": null, "ts": 1639587983.611791}]}, "version": 323}
{"obj": {"type": "LogFloats", "path": ["network", "validation_loss"], "values": [{"value": 0.08599607646465302, "step": null, "ts": 1639587983.611791}]}, "version": 324}
{"obj": {"type": "LogStrings", "path": ["monitoring", "stdout"], "values": [{"value": "Training epoch 44", "step": null, "ts": 1639587983.6127918}]}, "version": 325}
{"obj": {"type": "LogStrings", "path": ["monitoring", "stdout"], "values": [{"value": "\n", "step": null, "ts": 1639587983.6127918}]}, "version": 326}
{"obj": {"type": "LogFloats", "path": ["network", "learning_rate"], "values": [{"value": 0.4606000000000004, "step": null, "ts": 1639587983.6127918}]}, "version": 327}
{"obj": {"type": "LogFloats", "path": ["network", "train_loss"], "values": [{"value": 0.007201793869691235, "step": null, "ts": 1639587985.210233}]}, "version": 328}
{"obj": {"type": "LogFloats", "path": ["network", "validation_mean_acc"], "values": [{"value": 0.54045, "step": null, "ts": 1639587985.4414423}]}, "version": 329}
{"obj": {"type": "LogFloats", "path": ["network", "validation_loss"], "values": [{"value": 0.09324745088815689, "step": null, "ts": 1639587985.4414423}]}, "version": 330}
{"obj": {"type": "LogStrings", "path": ["monitoring", "stdout"], "values": [{"value": "Training epoch 45", "step": null, "ts": 1639587985.4424434}]}, "version": 331}
{"obj": {"type": "LogStrings", "path": ["monitoring", "stdout"], "values": [{"value": "\n", "step": null, "ts": 1639587985.4424434}]}, "version": 332}
{"obj": {"type": "LogFloats", "path": ["network", "learning_rate"], "values": [{"value": 0.5755, "step": null, "ts": 1639587985.4424434}]}, "version": 333}
{"obj": {"type": "LogFloats", "path": ["network", "train_loss"], "values": [{"value": 0.007253204971285803, "step": null, "ts": 1639587987.036188}]}, "version": 334}
{"obj": {"type": "LogFloats", "path": ["network", "validation_mean_acc"], "values": [{"value": 0.5572833333333334, "step": null, "ts": 1639587987.2719514}]}, "version": 335}
{"obj": {"type": "LogFloats", "path": ["network", "validation_loss"], "values": [{"value": 0.08827622979879379, "step": null, "ts": 1639587987.2719514}]}, "version": 336}
{"obj": {"type": "LogStrings", "path": ["monitoring", "stdout"], "values": [{"value": "Training epoch 46", "step": null, "ts": 1639587987.2719514}]}, "version": 337}
{"obj": {"type": "LogStrings", "path": ["monitoring", "stdout"], "values": [{"value": "\n", "step": null, "ts": 1639587987.2729523}]}, "version": 338}
{"obj": {"type": "LogFloats", "path": ["network", "learning_rate"], "values": [{"value": 0.6903999999999996, "step": null, "ts": 1639587987.2729523}]}, "version": 339}
{"obj": {"type": "LogFloats", "path": ["network", "train_loss"], "values": [{"value": 0.007477740624121257, "step": null, "ts": 1639587988.8566651}]}, "version": 340}
{"obj": {"type": "LogFloats", "path": ["network", "validation_mean_acc"], "values": [{"value": 0.56095, "step": null, "ts": 1639587989.0908782}]}, "version": 341}
{"obj": {"type": "LogFloats", "path": ["network", "validation_loss"], "values": [{"value": 0.08907917886972427, "step": null, "ts": 1639587989.0908782}]}, "version": 342}
{"obj": {"type": "LogStrings", "path": ["monitoring", "stdout"], "values": [{"value": "Training epoch 47", "step": null, "ts": 1639587989.0918787}]}, "version": 343}
{"obj": {"type": "LogStrings", "path": ["monitoring", "stdout"], "values": [{"value": "\n", "step": null, "ts": 1639587989.0918787}]}, "version": 344}
{"obj": {"type": "LogFloats", "path": ["network", "learning_rate"], "values": [{"value": 0.8053000000000002, "step": null, "ts": 1639587989.0918787}]}, "version": 345}
{"obj": {"type": "LogFloats", "path": ["network", "train_loss"], "values": [{"value": 0.007769345638475248, "step": null, "ts": 1639587990.6798954}]}, "version": 346}
{"obj": {"type": "LogFloats", "path": ["network", "validation_mean_acc"], "values": [{"value": 0.59185, "step": null, "ts": 1639587990.9131062}]}, "version": 347}
{"obj": {"type": "LogFloats", "path": ["network", "validation_loss"], "values": [{"value": 0.08305440843105316, "step": null, "ts": 1639587990.9131062}]}, "version": 348}
{"obj": {"type": "LogStrings", "path": ["monitoring", "stdout"], "values": [{"value": "Training epoch 48", "step": null, "ts": 1639587990.914107}]}, "version": 349}
{"obj": {"type": "LogStrings", "path": ["monitoring", "stdout"], "values": [{"value": "\n", "step": null, "ts": 1639587990.914107}]}, "version": 350}
{"obj": {"type": "LogFloats", "path": ["network", "learning_rate"], "values": [{"value": 0.9201999999999998, "step": null, "ts": 1639587990.914107}]}, "version": 351}
{"obj": {"type": "LogFloats", "path": ["monitoring", "cpu"], "values": [{"value": 50.5, "step": null, "ts": 1639587992.039861}]}, "version": 352}
{"obj": {"type": "LogFloats", "path": ["monitoring", "memory"], "values": [{"value": 9.99667739868164, "step": null, "ts": 1639587992.039861}]}, "version": 353}
{"obj": {"type": "LogFloats", "path": ["monitoring", "gpu"], "values": [{"value": 98.0, "step": null, "ts": 1639587992.039861}]}, "version": 354}
{"obj": {"type": "LogFloats", "path": ["monitoring", "gpu_memory"], "values": [{"value": 2.559967041015625, "step": null, "ts": 1639587992.039861}]}, "version": 355}
{"obj": {"type": "LogFloats", "path": ["network", "train_loss"], "values": [{"value": 0.007163651952786105, "step": null, "ts": 1639587992.4871213}]}, "version": 356}
{"obj": {"type": "LogFloats", "path": ["network", "validation_mean_acc"], "values": [{"value": 0.5383916666666667, "step": null, "ts": 1639587992.7181375}]}, "version": 357}
{"obj": {"type": "LogFloats", "path": ["network", "validation_loss"], "values": [{"value": 0.09406615793704987, "step": null, "ts": 1639587992.7181375}]}, "version": 358}
{"obj": {"type": "LogStrings", "path": ["monitoring", "stdout"], "values": [{"value": "Training epoch 49", "step": null, "ts": 1639587992.7181375}]}, "version": 359}
{"obj": {"type": "LogStrings", "path": ["monitoring", "stdout"], "values": [{"value": "\n", "step": null, "ts": 1639587992.7181375}]}, "version": 360}
{"obj": {"type": "LogFloats", "path": ["network", "learning_rate"], "values": [{"value": 1.0351000000000004, "step": null, "ts": 1639587992.7191389}]}, "version": 361}
{"obj": {"type": "LogFloats", "path": ["network", "train_loss"], "values": [{"value": 0.007562328795237201, "step": null, "ts": 1639587994.308559}]}, "version": 362}
{"obj": {"type": "LogFloats", "path": ["network", "validation_mean_acc"], "values": [{"value": 0.5849166666666666, "step": null, "ts": 1639587994.5437727}]}, "version": 363}
{"obj": {"type": "LogFloats", "path": ["network", "validation_loss"], "values": [{"value": 0.08278348296880722, "step": null, "ts": 1639587994.5437727}]}, "version": 364}
{"obj": {"type": "LogStrings", "path": ["monitoring", "stdout"], "values": [{"value": "Training epoch 50", "step": null, "ts": 1639587994.5437727}]}, "version": 365}
{"obj": {"type": "LogStrings", "path": ["monitoring", "stdout"], "values": [{"value": "\n", "step": null, "ts": 1639587994.544774}]}, "version": 366}
{"obj": {"type": "LogFloats", "path": ["network", "learning_rate"], "values": [{"value": 1.15, "step": null, "ts": 1639587994.544774}]}, "version": 367}
{"obj": {"type": "LogFloats", "path": ["network", "train_loss"], "values": [{"value": 0.0075034562365284985, "step": null, "ts": 1639587996.1235247}]}, "version": 368}
{"obj": {"type": "LogFloats", "path": ["network", "validation_mean_acc"], "values": [{"value": 0.574575, "step": null, "ts": 1639587996.3560152}]}, "version": 369}
{"obj": {"type": "LogFloats", "path": ["network", "validation_loss"], "values": [{"value": 0.08386848121881485, "step": null, "ts": 1639587996.3560152}]}, "version": 370}
{"obj": {"type": "LogStrings", "path": ["monitoring", "stdout"], "values": [{"value": "Training epoch 51", "step": null, "ts": 1639587996.3560152}]}, "version": 371}
{"obj": {"type": "LogStrings", "path": ["monitoring", "stdout"], "values": [{"value": "\n", "step": null, "ts": 1639587996.3560152}]}, "version": 372}
{"obj": {"type": "LogFloats", "path": ["network", "learning_rate"], "values": [{"value": 1.0351000000000004, "step": null, "ts": 1639587996.3560152}]}, "version": 373}
{"obj": {"type": "LogFloats", "path": ["network", "train_loss"], "values": [{"value": 0.007602800681654896, "step": null, "ts": 1639587997.9360108}]}, "version": 374}
{"obj": {"type": "LogFloats", "path": ["network", "validation_mean_acc"], "values": [{"value": 0.57015, "step": null, "ts": 1639587998.170223}]}, "version": 375}
{"obj": {"type": "LogFloats", "path": ["network", "validation_loss"], "values": [{"value": 0.08556945621967316, "step": null, "ts": 1639587998.170223}]}, "version": 376}
{"obj": {"type": "LogStrings", "path": ["monitoring", "stdout"], "values": [{"value": "Training epoch 52", "step": null, "ts": 1639587998.1712239}]}, "version": 377}
{"obj": {"type": "LogStrings", "path": ["monitoring", "stdout"], "values": [{"value": "\n", "step": null, "ts": 1639587998.1712239}]}, "version": 378}
{"obj": {"type": "LogFloats", "path": ["network", "learning_rate"], "values": [{"value": 0.9201999999999998, "step": null, "ts": 1639587998.1712239}]}, "version": 379}
{"obj": {"type": "LogFloats", "path": ["network", "train_loss"], "values": [{"value": 0.00976719254893916, "step": null, "ts": 1639587999.7471604}]}, "version": 380}
{"obj": {"type": "LogFloats", "path": ["network", "validation_mean_acc"], "values": [{"value": 0.5483083333333333, "step": null, "ts": 1639587999.9841201}]}, "version": 381}
{"obj": {"type": "LogFloats", "path": ["network", "validation_loss"], "values": [{"value": 0.08992874622344971, "step": null, "ts": 1639587999.9841201}]}, "version": 382}
{"obj": {"type": "LogStrings", "path": ["monitoring", "stdout"], "values": [{"value": "Training epoch 53", "step": null, "ts": 1639587999.9841201}]}, "version": 383}
{"obj": {"type": "LogStrings", "path": ["monitoring", "stdout"], "values": [{"value": "\n", "step": null, "ts": 1639587999.9841201}]}, "version": 384}
{"obj": {"type": "LogFloats", "path": ["network", "learning_rate"], "values": [{"value": 0.8053000000000002, "step": null, "ts": 1639587999.9841201}]}, "version": 385}
{"obj": {"type": "LogFloats", "path": ["network", "train_loss"], "values": [{"value": 0.008804836643061467, "step": null, "ts": 1639588001.5608401}]}, "version": 386}
{"obj": {"type": "LogFloats", "path": ["network", "validation_mean_acc"], "values": [{"value": 0.5075, "step": null, "ts": 1639588001.7928822}]}, "version": 387}
{"obj": {"type": "LogFloats", "path": ["network", "validation_loss"], "values": [{"value": 0.0997316986322403, "step": null, "ts": 1639588001.7928822}]}, "version": 388}
{"obj": {"type": "LogStrings", "path": ["monitoring", "stdout"], "values": [{"value": "Training epoch 54", "step": null, "ts": 1639588001.7928822}]}, "version": 389}
{"obj": {"type": "LogStrings", "path": ["monitoring", "stdout"], "values": [{"value": "\n", "step": null, "ts": 1639588001.7938836}]}, "version": 390}
{"obj": {"type": "LogFloats", "path": ["network", "learning_rate"], "values": [{"value": 0.6903999999999996, "step": null, "ts": 1639588001.7938836}]}, "version": 391}
{"obj": {"type": "LogFloats", "path": ["monitoring", "cpu"], "values": [{"value": 49.4, "step": null, "ts": 1639588002.0541196}]}, "version": 392}
{"obj": {"type": "LogFloats", "path": ["monitoring", "memory"], "values": [{"value": 9.972042083740234, "step": null, "ts": 1639588002.0541196}]}, "version": 393}
{"obj": {"type": "LogFloats", "path": ["monitoring", "gpu"], "values": [{"value": 88.0, "step": null, "ts": 1639588002.0541196}]}, "version": 394}
{"obj": {"type": "LogFloats", "path": ["monitoring", "gpu_memory"], "values": [{"value": 2.559967041015625, "step": null, "ts": 1639588002.0541196}]}, "version": 395}
{"obj": {"type": "LogFloats", "path": ["network", "train_loss"], "values": [{"value": 0.008417516880269562, "step": null, "ts": 1639588003.3737159}]}, "version": 396}
{"obj": {"type": "LogFloats", "path": ["network", "validation_mean_acc"], "values": [{"value": 0.5395416666666667, "step": null, "ts": 1639588003.6031299}]}, "version": 397}
{"obj": {"type": "LogFloats", "path": ["network", "validation_loss"], "values": [{"value": 0.09149578213691711, "step": null, "ts": 1639588003.6041307}]}, "version": 398}
{"obj": {"type": "LogStrings", "path": ["monitoring", "stdout"], "values": [{"value": "Training epoch 55", "step": null, "ts": 1639588003.6041307}]}, "version": 399}
{"obj": {"type": "LogStrings", "path": ["monitoring", "stdout"], "values": [{"value": "\n", "step": null, "ts": 1639588003.6041307}]}, "version": 400}
{"obj": {"type": "LogFloats", "path": ["network", "learning_rate"], "values": [{"value": 0.5755, "step": null, "ts": 1639588003.6041307}]}, "version": 401}
{"obj": {"type": "LogFloats", "path": ["network", "train_loss"], "values": [{"value": 0.006819616005356822, "step": null, "ts": 1639588005.1882172}]}, "version": 402}
{"obj": {"type": "LogFloats", "path": ["network", "validation_mean_acc"], "values": [{"value": 0.5452166666666667, "step": null, "ts": 1639588005.4224303}]}, "version": 403}
{"obj": {"type": "LogFloats", "path": ["network", "validation_loss"], "values": [{"value": 0.09171611070632935, "step": null, "ts": 1639588005.4224303}]}, "version": 404}
{"obj": {"type": "LogStrings", "path": ["monitoring", "stdout"], "values": [{"value": "Training epoch 56", "step": null, "ts": 1639588005.4224303}]}, "version": 405}
{"obj": {"type": "LogStrings", "path": ["monitoring", "stdout"], "values": [{"value": "\n", "step": null, "ts": 1639588005.423431}]}, "version": 406}
{"obj": {"type": "LogFloats", "path": ["network", "learning_rate"], "values": [{"value": 0.4606000000000004, "step": null, "ts": 1639588005.423431}]}, "version": 407}
{"obj": {"type": "LogFloats", "path": ["network", "train_loss"], "values": [{"value": 0.006276478891127876, "step": null, "ts": 1639588007.0010355}]}, "version": 408}
{"obj": {"type": "LogFloats", "path": ["network", "validation_mean_acc"], "values": [{"value": 0.5456416666666667, "step": null, "ts": 1639588007.2312446}]}, "version": 409}
{"obj": {"type": "LogFloats", "path": ["network", "validation_loss"], "values": [{"value": 0.0903044268488884, "step": null, "ts": 1639588007.2312446}]}, "version": 410}
{"obj": {"type": "LogStrings", "path": ["monitoring", "stdout"], "values": [{"value": "Training epoch 57", "step": null, "ts": 1639588007.2312446}]}, "version": 411}
{"obj": {"type": "LogStrings", "path": ["monitoring", "stdout"], "values": [{"value": "\n", "step": null, "ts": 1639588007.2312446}]}, "version": 412}
{"obj": {"type": "LogFloats", "path": ["network", "learning_rate"], "values": [{"value": 0.3456999999999998, "step": null, "ts": 1639588007.2322454}]}, "version": 413}
{"obj": {"type": "LogFloats", "path": ["network", "train_loss"], "values": [{"value": 0.005862448796895998, "step": null, "ts": 1639588008.814942}]}, "version": 414}
{"obj": {"type": "LogFloats", "path": ["network", "validation_mean_acc"], "values": [{"value": 0.5515916666666667, "step": null, "ts": 1639588009.045151}]}, "version": 415}
{"obj": {"type": "LogFloats", "path": ["network", "validation_loss"], "values": [{"value": 0.08956624567508698, "step": null, "ts": 1639588009.045151}]}, "version": 416}
{"obj": {"type": "LogStrings", "path": ["monitoring", "stdout"], "values": [{"value": "Training epoch 58", "step": null, "ts": 1639588009.045151}]}, "version": 417}
{"obj": {"type": "LogStrings", "path": ["monitoring", "stdout"], "values": [{"value": "\n", "step": null, "ts": 1639588009.045151}]}, "version": 418}
{"obj": {"type": "LogFloats", "path": ["network", "learning_rate"], "values": [{"value": 0.2308000000000002, "step": null, "ts": 1639588009.045151}]}, "version": 419}
{"obj": {"type": "LogFloats", "path": ["network", "train_loss"], "values": [{"value": 0.005629015421228749, "step": null, "ts": 1639588010.6173835}]}, "version": 420}
{"obj": {"type": "LogFloats", "path": ["network", "validation_mean_acc"], "values": [{"value": 0.5567583333333334, "step": null, "ts": 1639588010.8537564}]}, "version": 421}
{"obj": {"type": "LogFloats", "path": ["network", "validation_loss"], "values": [{"value": 0.08911117911338806, "step": null, "ts": 1639588010.8537564}]}, "version": 422}
{"obj": {"type": "LogStrings", "path": ["monitoring", "stdout"], "values": [{"value": "Training epoch 59", "step": null, "ts": 1639588010.8537564}]}, "version": 423}
{"obj": {"type": "LogStrings", "path": ["monitoring", "stdout"], "values": [{"value": "\n", "step": null, "ts": 1639588010.8537564}]}, "version": 424}
{"obj": {"type": "LogFloats", "path": ["network", "learning_rate"], "values": [{"value": 0.1158999999999996, "step": null, "ts": 1639588010.8537564}]}, "version": 425}
{"obj": {"type": "LogFloats", "path": ["monitoring", "cpu"], "values": [{"value": 49.9, "step": null, "ts": 1639588012.068352}]}, "version": 426}
{"obj": {"type": "LogFloats", "path": ["monitoring", "memory"], "values": [{"value": 9.912239074707031, "step": null, "ts": 1639588012.068352}]}, "version": 427}
{"obj": {"type": "LogFloats", "path": ["monitoring", "gpu"], "values": [{"value": 71.0, "step": null, "ts": 1639588012.068352}]}, "version": 428}
{"obj": {"type": "LogFloats", "path": ["monitoring", "gpu_memory"], "values": [{"value": 2.559967041015625, "step": null, "ts": 1639588012.068352}]}, "version": 429}
{"obj": {"type": "LogFloats", "path": ["network", "train_loss"], "values": [{"value": 0.0053316273260861635, "step": null, "ts": 1639588012.4416912}]}, "version": 430}
{"obj": {"type": "LogFloats", "path": ["network", "validation_mean_acc"], "values": [{"value": 0.55375, "step": null, "ts": 1639588012.6721864}]}, "version": 431}
{"obj": {"type": "LogFloats", "path": ["network", "validation_loss"], "values": [{"value": 0.08931608498096466, "step": null, "ts": 1639588012.6731877}]}, "version": 432}
{"obj": {"type": "LogStrings", "path": ["monitoring", "stdout"], "values": [{"value": "Training epoch 60", "step": null, "ts": 1639588012.6731877}]}, "version": 433}
{"obj": {"type": "LogStrings", "path": ["monitoring", "stdout"], "values": [{"value": "\n", "step": null, "ts": 1639588012.6731877}]}, "version": 434}
{"obj": {"type": "LogFloats", "path": ["network", "learning_rate"], "values": [{"value": 0.001, "step": null, "ts": 1639588012.6731877}]}, "version": 435}
{"obj": {"type": "LogFloats", "path": ["network", "train_loss"], "values": [{"value": 0.005242264729791454, "step": null, "ts": 1639588014.254573}]}, "version": 436}
{"obj": {"type": "LogFloats", "path": ["network", "validation_mean_acc"], "values": [{"value": 0.5538916666666667, "step": null, "ts": 1639588014.489766}]}, "version": 437}
{"obj": {"type": "LogFloats", "path": ["network", "validation_loss"], "values": [{"value": 0.08929959684610367, "step": null, "ts": 1639588014.489766}]}, "version": 438}
{"obj": {"type": "UploadFile", "path": ["network", "network_weights"], "ext": "pt", "file_path": "C:\\Users\\Marc\\Desktop\\Billeder\\params\\final\\network.pt"}, "version": 439}
{"obj": {"type": "LogStrings", "path": ["monitoring", "stdout"], "values": [{"value": "test count:", "step": null, "ts": 1639588014.74256}]}, "version": 440}
{"obj": {"type": "LogStrings", "path": ["monitoring", "stdout"], "values": [{"value": " ", "step": null, "ts": 1639588014.743559}]}, "version": 441}
{"obj": {"type": "LogStrings", "path": ["monitoring", "stdout"], "values": [{"value": "1", "step": null, "ts": 1639588014.743559}]}, "version": 442}
{"obj": {"type": "LogStrings", "path": ["monitoring", "stdout"], "values": [{"value": "\n", "step": null, "ts": 1639588014.743559}]}, "version": 443}
{"obj": {"type": "LogStrings", "path": ["monitoring", "stdout"], "values": [{"value": "test count:", "step": null, "ts": 1639588014.8820946}]}, "version": 444}
{"obj": {"type": "LogStrings", "path": ["monitoring", "stdout"], "values": [{"value": " ", "step": null, "ts": 1639588014.8820946}]}, "version": 445}
{"obj": {"type": "LogStrings", "path": ["monitoring", "stdout"], "values": [{"value": "2", "step": null, "ts": 1639588014.8820946}]}, "version": 446}
{"obj": {"type": "LogStrings", "path": ["monitoring", "stdout"], "values": [{"value": "\n", "step": null, "ts": 1639588014.8820946}]}, "version": 447}
{"obj": {"type": "LogStrings", "path": ["monitoring", "stdout"], "values": [{"value": "0.8427875", "step": null, "ts": 1639588014.9600754}]}, "version": 448}
{"obj": {"type": "LogStrings", "path": ["monitoring", "stdout"], "values": [{"value": "\n", "step": null, "ts": 1639588014.9600754}]}, "version": 449}
{"obj": {"type": "LogFloats", "path": ["network", "test_accuracy_per_pic"], "values": [{"value": 0.7642, "step": null, "ts": 1639588014.9600754}, {"value": 0.921375, "step": null, "ts": 1639588014.9600754}]}, "version": 450}
{"obj": {"type": "LogFloats", "path": ["network", "mean_test_accuracy"], "values": [{"value": 0.8427875, "step": null, "ts": 1639588014.9600754}]}, "version": 451}
