{"obj": {"type": "AssignString", "path": ["sys", "name"], "value": "Untitled"}, "version": 1}
{"obj": {"type": "AssignString", "path": ["sys", "description"], "value": ""}, "version": 2}
{"obj": {"type": "AssignString", "path": ["sys", "hostname"], "value": "DESKTOP-SDMAFDQ"}, "version": 3}
{"obj": {"type": "AssignBool", "path": ["sys", "failed"], "value": false}, "version": 4}
{"obj": {"type": "ClearStringLog", "path": ["monitoring", "stdout"]}, "version": 5}
{"obj": {"type": "ClearStringLog", "path": ["monitoring", "stderr"]}, "version": 6}
{"obj": {"type": "AssignString", "path": ["source_code", "entrypoint"], "value": "trainer.py"}, "version": 7}
{"obj": {"type": "UploadFileSet", "path": ["source_code", "files"], "file_globs": ["C:\\Users\\Marc\\Documents\\GitHub\\Deep_final\\trainer.py"], "reset": "False"}, "version": 8}
{"obj": {"type": "ConfigFloatSeries", "path": ["monitoring", "cpu"], "min": 0.0, "max": 100.0, "unit": "%"}, "version": 9}
{"obj": {"type": "ClearFloatLog", "path": ["monitoring", "cpu"]}, "version": 10}
{"obj": {"type": "ConfigFloatSeries", "path": ["monitoring", "memory"], "min": 0.0, "max": 15.387199401855469, "unit": "GB"}, "version": 11}
{"obj": {"type": "ClearFloatLog", "path": ["monitoring", "memory"]}, "version": 12}
{"obj": {"type": "ConfigFloatSeries", "path": ["monitoring", "gpu"], "min": 0.0, "max": 100.0, "unit": "%"}, "version": 13}
{"obj": {"type": "ClearFloatLog", "path": ["monitoring", "gpu"]}, "version": 14}
{"obj": {"type": "ConfigFloatSeries", "path": ["monitoring", "gpu_memory"], "min": 0.0, "max": 4.0, "unit": "GB"}, "version": 15}
{"obj": {"type": "ClearFloatLog", "path": ["monitoring", "gpu_memory"]}, "version": 16}
{"obj": {"type": "LogFloats", "path": ["monitoring", "cpu"], "values": [{"value": 7.0, "step": null, "ts": 1639304639.645718}]}, "version": 17}
{"obj": {"type": "LogFloats", "path": ["monitoring", "memory"], "values": [{"value": 7.5705413818359375, "step": null, "ts": 1639304639.645718}]}, "version": 18}
{"obj": {"type": "LogFloats", "path": ["monitoring", "gpu_memory"], "values": [{"value": 0.051025390625, "step": null, "ts": 1639304639.645718}]}, "version": 19}
{"obj": {"type": "AssignString", "path": ["network6", "parameters", "optimizer"], "value": "SGD"}, "version": 20}
{"obj": {"type": "AssignString", "path": ["network6", "parameters", "loss_function"], "value": "MSEloss"}, "version": 21}
{"obj": {"type": "AssignString", "path": ["network6", "parameters", "model"], "value": "GTA_Unet"}, "version": 22}
{"obj": {"type": "AssignString", "path": ["network6", "parameters", "scheduler"], "value": "CosineAnnealingLR"}, "version": 23}
{"obj": {"type": "LogStrings", "path": ["monitoring", "stdout"], "values": [{"value": "Training epoch 0", "step": null, "ts": 1639304639.8819323}]}, "version": 24}
{"obj": {"type": "LogStrings", "path": ["monitoring", "stdout"], "values": [{"value": "\n", "step": null, "ts": 1639304639.8819323}]}, "version": 25}
{"obj": {"type": "LogFloats", "path": ["network6", "learning_rate"], "values": [{"value": 0.2, "step": null, "ts": 1639304639.8819323}]}, "version": 26}
{"obj": {"type": "LogFloats", "path": ["network6", "train_loss"], "values": [{"value": 0.09873748570680618, "step": null, "ts": 1639304642.5329506}]}, "version": 27}
{"obj": {"type": "LogFloats", "path": ["network6", "validation_loss"], "values": [{"value": 0.09440013021230698, "step": null, "ts": 1639304642.6392736}]}, "version": 28}
{"obj": {"type": "LogStrings", "path": ["monitoring", "stdout"], "values": [{"value": "Training epoch 1", "step": null, "ts": 1639304642.6392736}]}, "version": 29}
{"obj": {"type": "LogStrings", "path": ["monitoring", "stdout"], "values": [{"value": "\n", "step": null, "ts": 1639304642.6392736}]}, "version": 30}
{"obj": {"type": "LogFloats", "path": ["network6", "learning_rate"], "values": [{"value": 0.1988303923565381, "step": null, "ts": 1639304642.6402748}]}, "version": 31}
{"obj": {"type": "LogFloats", "path": ["network6", "train_loss"], "values": [{"value": 0.09185312241315842, "step": null, "ts": 1639304643.7508674}]}, "version": 32}
{"obj": {"type": "LogFloats", "path": ["network6", "validation_loss"], "values": [{"value": 0.08985919505357742, "step": null, "ts": 1639304643.8609996}]}, "version": 33}
{"obj": {"type": "LogStrings", "path": ["monitoring", "stdout"], "values": [{"value": "Training epoch 2", "step": null, "ts": 1639304643.8620005}]}, "version": 34}
{"obj": {"type": "LogStrings", "path": ["monitoring", "stdout"], "values": [{"value": "\n", "step": null, "ts": 1639304643.8620005}]}, "version": 35}
{"obj": {"type": "LogFloats", "path": ["network6", "learning_rate"], "values": [{"value": 0.19535036904803962, "step": null, "ts": 1639304643.8620005}]}, "version": 36}
{"obj": {"type": "LogFloats", "path": ["network6", "train_loss"], "values": [{"value": 0.08356501162052155, "step": null, "ts": 1639304644.9650018}]}, "version": 37}
{"obj": {"type": "LogFloats", "path": ["network6", "validation_loss"], "values": [{"value": 0.08515050262212753, "step": null, "ts": 1639304645.0720987}]}, "version": 38}
{"obj": {"type": "LogStrings", "path": ["monitoring", "stdout"], "values": [{"value": "Training epoch 3", "step": null, "ts": 1639304645.0720987}]}, "version": 39}
{"obj": {"type": "LogStrings", "path": ["monitoring", "stdout"], "values": [{"value": "\n", "step": null, "ts": 1639304645.0720987}]}, "version": 40}
{"obj": {"type": "LogFloats", "path": ["network6", "learning_rate"], "values": [{"value": 0.18964561979789496, "step": null, "ts": 1639304645.0720987}]}, "version": 41}
{"obj": {"type": "LogFloats", "path": ["network6", "train_loss"], "values": [{"value": 0.07380645871162414, "step": null, "ts": 1639304646.1781023}]}, "version": 42}
{"obj": {"type": "LogFloats", "path": ["network6", "validation_loss"], "values": [{"value": 0.08086968958377838, "step": null, "ts": 1639304646.2872012}]}, "version": 43}
{"obj": {"type": "LogStrings", "path": ["monitoring", "stdout"], "values": [{"value": "Training epoch 4", "step": null, "ts": 1639304646.288203}]}, "version": 44}
{"obj": {"type": "LogStrings", "path": ["monitoring", "stdout"], "values": [{"value": "\n", "step": null, "ts": 1639304646.288203}]}, "version": 45}
{"obj": {"type": "LogFloats", "path": ["network6", "learning_rate"], "values": [{"value": 0.18185661446562004, "step": null, "ts": 1639304646.288203}]}, "version": 46}
{"obj": {"type": "LogFloats", "path": ["network6", "train_loss"], "values": [{"value": 0.06417604684829711, "step": null, "ts": 1639304647.3912034}]}, "version": 47}
{"obj": {"type": "LogFloats", "path": ["network6", "validation_loss"], "values": [{"value": 0.07826933264732361, "step": null, "ts": 1639304647.501304}]}, "version": 48}
{"obj": {"type": "LogStrings", "path": ["monitoring", "stdout"], "values": [{"value": "Training epoch 5", "step": null, "ts": 1639304647.501304}]}, "version": 49}
{"obj": {"type": "LogStrings", "path": ["monitoring", "stdout"], "values": [{"value": "\n", "step": null, "ts": 1639304647.501304}]}, "version": 50}
{"obj": {"type": "LogFloats", "path": ["network6", "learning_rate"], "values": [{"value": 0.17217514421272204, "step": null, "ts": 1639304647.5023048}]}, "version": 51}
{"obj": {"type": "LogFloats", "path": ["network6", "train_loss"], "values": [{"value": 0.05615642368793487, "step": null, "ts": 1639304648.607307}]}, "version": 52}
{"obj": {"type": "LogFloats", "path": ["network6", "validation_loss"], "values": [{"value": 0.07514142990112305, "step": null, "ts": 1639304648.716406}]}, "version": 53}
{"obj": {"type": "LogStrings", "path": ["monitoring", "stdout"], "values": [{"value": "Training epoch 6", "step": null, "ts": 1639304648.7174072}]}, "version": 54}
{"obj": {"type": "LogStrings", "path": ["monitoring", "stdout"], "values": [{"value": "\n", "step": null, "ts": 1639304648.7174072}]}, "version": 55}
{"obj": {"type": "LogFloats", "path": ["network6", "learning_rate"], "values": [{"value": 0.160839598967785, "step": null, "ts": 1639304648.7174072}]}, "version": 56}
{"obj": {"type": "LogFloats", "path": ["monitoring", "cpu"], "values": [{"value": 41.6, "step": null, "ts": 1639304649.6633232}]}, "version": 57}
{"obj": {"type": "LogFloats", "path": ["monitoring", "memory"], "values": [{"value": 9.103511810302734, "step": null, "ts": 1639304649.6633232}]}, "version": 58}
{"obj": {"type": "LogFloats", "path": ["monitoring", "gpu"], "values": [{"value": 83.0, "step": null, "ts": 1639304649.6633232}]}, "version": 59}
{"obj": {"type": "LogFloats", "path": ["monitoring", "gpu_memory"], "values": [{"value": 2.456451416015625, "step": null, "ts": 1639304649.6633232}]}, "version": 60}
{"obj": {"type": "LogFloats", "path": ["network6", "train_loss"], "values": [{"value": 0.04947721883654595, "step": null, "ts": 1639304649.8222456}]}, "version": 61}
{"obj": {"type": "LogFloats", "path": ["network6", "validation_loss"], "values": [{"value": 0.07059097290039062, "step": null, "ts": 1639304649.9293976}]}, "version": 62}
{"obj": {"type": "LogStrings", "path": ["monitoring", "stdout"], "values": [{"value": "Training epoch 7", "step": null, "ts": 1639304649.9293976}]}, "version": 63}
{"obj": {"type": "LogStrings", "path": ["monitoring", "stdout"], "values": [{"value": "\n", "step": null, "ts": 1639304649.9293976}]}, "version": 64}
{"obj": {"type": "LogFloats", "path": ["network6", "learning_rate"], "values": [{"value": 0.148129097475257, "step": null, "ts": 1639304649.9293976}]}, "version": 65}
{"obj": {"type": "LogFloats", "path": ["network6", "train_loss"], "values": [{"value": 0.04376479387283325, "step": null, "ts": 1639304651.0320902}]}, "version": 66}
{"obj": {"type": "LogFloats", "path": ["network6", "validation_loss"], "values": [{"value": 0.07038600742816925, "step": null, "ts": 1639304651.139187}]}, "version": 67}
{"obj": {"type": "LogStrings", "path": ["monitoring", "stdout"], "values": [{"value": "Training epoch 8", "step": null, "ts": 1639304651.139187}]}, "version": 68}
{"obj": {"type": "LogStrings", "path": ["monitoring", "stdout"], "values": [{"value": "\n", "step": null, "ts": 1639304651.139187}]}, "version": 69}
{"obj": {"type": "LogFloats", "path": ["network6", "learning_rate"], "values": [{"value": 0.13435661446562006, "step": null, "ts": 1639304651.140188}]}, "version": 70}
{"obj": {"type": "LogFloats", "path": ["network6", "train_loss"], "values": [{"value": 0.03881906010210514, "step": null, "ts": 1639304652.2544026}]}, "version": 71}
{"obj": {"type": "LogFloats", "path": ["network6", "validation_loss"], "values": [{"value": 0.06520215421915054, "step": null, "ts": 1639304652.3594975}]}, "version": 72}
{"obj": {"type": "LogStrings", "path": ["monitoring", "stdout"], "values": [{"value": "Training epoch 9", "step": null, "ts": 1639304652.3604984}]}, "version": 73}
{"obj": {"type": "LogStrings", "path": ["monitoring", "stdout"], "values": [{"value": "\n", "step": null, "ts": 1639304652.3604984}]}, "version": 74}
{"obj": {"type": "LogFloats", "path": ["network6", "learning_rate"], "values": [{"value": 0.11986127417882197, "step": null, "ts": 1639304652.3604984}]}, "version": 75}
{"obj": {"type": "LogFloats", "path": ["network6", "train_loss"], "values": [{"value": 0.03461734540760517, "step": null, "ts": 1639304653.468504}]}, "version": 76}
{"obj": {"type": "LogFloats", "path": ["network6", "validation_loss"], "values": [{"value": 0.06339796632528305, "step": null, "ts": 1639304653.5756018}]}, "version": 77}
{"obj": {"type": "LogStrings", "path": ["monitoring", "stdout"], "values": [{"value": "Training epoch 10", "step": null, "ts": 1639304653.5756018}]}, "version": 78}
{"obj": {"type": "LogStrings", "path": ["monitoring", "stdout"], "values": [{"value": "\n", "step": null, "ts": 1639304653.5756018}]}, "version": 79}
{"obj": {"type": "LogFloats", "path": ["network6", "learning_rate"], "values": [{"value": 0.10500000000000002, "step": null, "ts": 1639304653.5766027}]}, "version": 80}
{"obj": {"type": "LogFloats", "path": ["network6", "train_loss"], "values": [{"value": 0.032213561981916425, "step": null, "ts": 1639304654.6766627}]}, "version": 81}
{"obj": {"type": "LogFloats", "path": ["network6", "validation_loss"], "values": [{"value": 0.06346132606267929, "step": null, "ts": 1639304654.7847605}]}, "version": 82}
{"obj": {"type": "LogStrings", "path": ["monitoring", "stdout"], "values": [{"value": "Training epoch 11", "step": null, "ts": 1639304654.7847605}]}, "version": 83}
{"obj": {"type": "LogStrings", "path": ["monitoring", "stdout"], "values": [{"value": "\n", "step": null, "ts": 1639304654.7847605}]}, "version": 84}
{"obj": {"type": "LogFloats", "path": ["network6", "learning_rate"], "values": [{"value": 0.09013872582117811, "step": null, "ts": 1639304654.7847605}]}, "version": 85}
{"obj": {"type": "LogFloats", "path": ["network6", "train_loss"], "values": [{"value": 0.02944660522043705, "step": null, "ts": 1639304655.8877614}]}, "version": 86}
{"obj": {"type": "LogFloats", "path": ["network6", "validation_loss"], "values": [{"value": 0.06181700527667999, "step": null, "ts": 1639304655.9938579}]}, "version": 87}
{"obj": {"type": "LogStrings", "path": ["monitoring", "stdout"], "values": [{"value": "Training epoch 12", "step": null, "ts": 1639304655.994859}]}, "version": 88}
{"obj": {"type": "LogStrings", "path": ["monitoring", "stdout"], "values": [{"value": "\n", "step": null, "ts": 1639304655.994859}]}, "version": 89}
{"obj": {"type": "LogFloats", "path": ["network6", "learning_rate"], "values": [{"value": 0.07564338553438002, "step": null, "ts": 1639304655.994859}]}, "version": 90}
{"obj": {"type": "LogFloats", "path": ["network6", "train_loss"], "values": [{"value": 0.02771570533514023, "step": null, "ts": 1639304657.0998616}]}, "version": 91}
{"obj": {"type": "LogFloats", "path": ["network6", "validation_loss"], "values": [{"value": 0.06111513078212738, "step": null, "ts": 1639304657.2159672}]}, "version": 92}
{"obj": {"type": "LogStrings", "path": ["monitoring", "stdout"], "values": [{"value": "Training epoch 13", "step": null, "ts": 1639304657.2169676}]}, "version": 93}
{"obj": {"type": "LogStrings", "path": ["monitoring", "stdout"], "values": [{"value": "\n", "step": null, "ts": 1639304657.2169676}]}, "version": 94}
{"obj": {"type": "LogFloats", "path": ["network6", "learning_rate"], "values": [{"value": 0.06187090252474308, "step": null, "ts": 1639304657.2169676}]}, "version": 95}
{"obj": {"type": "LogFloats", "path": ["network6", "train_loss"], "values": [{"value": 0.026302377879619598, "step": null, "ts": 1639304658.3269753}]}, "version": 96}
{"obj": {"type": "LogFloats", "path": ["network6", "validation_loss"], "values": [{"value": 0.06146020069718361, "step": null, "ts": 1639304658.4320705}]}, "version": 97}
{"obj": {"type": "LogStrings", "path": ["monitoring", "stdout"], "values": [{"value": "Training epoch 14", "step": null, "ts": 1639304658.4320705}]}, "version": 98}
{"obj": {"type": "LogStrings", "path": ["monitoring", "stdout"], "values": [{"value": "\n", "step": null, "ts": 1639304658.4320705}]}, "version": 99}
{"obj": {"type": "LogFloats", "path": ["network6", "learning_rate"], "values": [{"value": 0.04916040103221508, "step": null, "ts": 1639304658.4330714}]}, "version": 100}
{"obj": {"type": "LogFloats", "path": ["network6", "train_loss"], "values": [{"value": 0.02536391019821167, "step": null, "ts": 1639304659.5335777}]}, "version": 101}
{"obj": {"type": "LogFloats", "path": ["network6", "validation_loss"], "values": [{"value": 0.05926896259188652, "step": null, "ts": 1639304659.6416755}]}, "version": 102}
{"obj": {"type": "LogStrings", "path": ["monitoring", "stdout"], "values": [{"value": "Training epoch 15", "step": null, "ts": 1639304659.6416755}]}, "version": 103}
{"obj": {"type": "LogStrings", "path": ["monitoring", "stdout"], "values": [{"value": "\n", "step": null, "ts": 1639304659.6416755}]}, "version": 104}
{"obj": {"type": "LogFloats", "path": ["network6", "learning_rate"], "values": [{"value": 0.037824855787278, "step": null, "ts": 1639304659.6416755}]}, "version": 105}
{"obj": {"type": "LogFloats", "path": ["monitoring", "cpu"], "values": [{"value": 49.1, "step": null, "ts": 1639304659.6666985}]}, "version": 106}
{"obj": {"type": "LogFloats", "path": ["monitoring", "memory"], "values": [{"value": 9.105823516845703, "step": null, "ts": 1639304659.6666985}]}, "version": 107}
{"obj": {"type": "LogFloats", "path": ["monitoring", "gpu"], "values": [{"value": 73.0, "step": null, "ts": 1639304659.6666985}]}, "version": 108}
{"obj": {"type": "LogFloats", "path": ["monitoring", "gpu_memory"], "values": [{"value": 2.456451416015625, "step": null, "ts": 1639304659.6666985}]}, "version": 109}
{"obj": {"type": "LogFloats", "path": ["network6", "train_loss"], "values": [{"value": 0.024663146957755087, "step": null, "ts": 1639304660.74269}]}, "version": 110}
{"obj": {"type": "LogFloats", "path": ["network6", "validation_loss"], "values": [{"value": 0.05921831727027893, "step": null, "ts": 1639304660.8497884}]}, "version": 111}
{"obj": {"type": "LogStrings", "path": ["monitoring", "stdout"], "values": [{"value": "Training epoch 16", "step": null, "ts": 1639304660.8497884}]}, "version": 112}
{"obj": {"type": "LogStrings", "path": ["monitoring", "stdout"], "values": [{"value": "\n", "step": null, "ts": 1639304660.8497884}]}, "version": 113}
{"obj": {"type": "LogFloats", "path": ["network6", "learning_rate"], "values": [{"value": 0.028143385534380005, "step": null, "ts": 1639304660.8497884}]}, "version": 114}
{"obj": {"type": "LogFloats", "path": ["network6", "train_loss"], "values": [{"value": 0.024120282754302023, "step": null, "ts": 1639304661.9512565}]}, "version": 115}
{"obj": {"type": "LogFloats", "path": ["network6", "validation_loss"], "values": [{"value": 0.05905844271183014, "step": null, "ts": 1639304662.0573528}]}, "version": 116}
{"obj": {"type": "LogStrings", "path": ["monitoring", "stdout"], "values": [{"value": "Training epoch 17", "step": null, "ts": 1639304662.058354}]}, "version": 117}
{"obj": {"type": "LogStrings", "path": ["monitoring", "stdout"], "values": [{"value": "\n", "step": null, "ts": 1639304662.058354}]}, "version": 118}
{"obj": {"type": "LogFloats", "path": ["network6", "learning_rate"], "values": [{"value": 0.02035438020210506, "step": null, "ts": 1639304662.058354}]}, "version": 119}
{"obj": {"type": "LogFloats", "path": ["network6", "train_loss"], "values": [{"value": 0.023740487173199654, "step": null, "ts": 1639304663.1673598}]}, "version": 120}
{"obj": {"type": "LogFloats", "path": ["network6", "validation_loss"], "values": [{"value": 0.059189632534980774, "step": null, "ts": 1639304663.273456}]}, "version": 121}
{"obj": {"type": "LogStrings", "path": ["monitoring", "stdout"], "values": [{"value": "Training epoch 18", "step": null, "ts": 1639304663.273456}]}, "version": 122}
{"obj": {"type": "LogStrings", "path": ["monitoring", "stdout"], "values": [{"value": "\n", "step": null, "ts": 1639304663.274457}]}, "version": 123}
{"obj": {"type": "LogFloats", "path": ["network6", "learning_rate"], "values": [{"value": 0.014649630951960414, "step": null, "ts": 1639304663.274457}]}, "version": 124}
{"obj": {"type": "LogFloats", "path": ["network6", "train_loss"], "values": [{"value": 0.023475603386759757, "step": null, "ts": 1639304664.378459}]}, "version": 125}
{"obj": {"type": "LogFloats", "path": ["network6", "validation_loss"], "values": [{"value": 0.05910659208893776, "step": null, "ts": 1639304664.487558}]}, "version": 126}
{"obj": {"type": "LogStrings", "path": ["monitoring", "stdout"], "values": [{"value": "Training epoch 19", "step": null, "ts": 1639304664.487558}]}, "version": 127}
{"obj": {"type": "LogStrings", "path": ["monitoring", "stdout"], "values": [{"value": "\n", "step": null, "ts": 1639304664.487558}]}, "version": 128}
{"obj": {"type": "LogFloats", "path": ["network6", "learning_rate"], "values": [{"value": 0.011169607643461922, "step": null, "ts": 1639304664.487558}]}, "version": 129}
{"obj": {"type": "LogFloats", "path": ["network6", "train_loss"], "values": [{"value": 0.02328934967517853, "step": null, "ts": 1639304665.6005678}]}, "version": 130}
{"obj": {"type": "LogFloats", "path": ["network6", "validation_loss"], "values": [{"value": 0.05903048440814018, "step": null, "ts": 1639304665.7096667}]}, "version": 131}
{"obj": {"type": "LogStrings", "path": ["monitoring", "stdout"], "values": [{"value": "Training epoch 20", "step": null, "ts": 1639304665.7096667}]}, "version": 132}
{"obj": {"type": "LogStrings", "path": ["monitoring", "stdout"], "values": [{"value": "\n", "step": null, "ts": 1639304665.7096667}]}, "version": 133}
{"obj": {"type": "LogFloats", "path": ["network6", "learning_rate"], "values": [{"value": 0.01, "step": null, "ts": 1639304665.7096667}]}, "version": 134}
{"obj": {"type": "LogFloats", "path": ["network6", "train_loss"], "values": [{"value": 0.023149508610367776, "step": null, "ts": 1639304666.8221838}]}, "version": 135}
{"obj": {"type": "LogFloats", "path": ["network6", "validation_loss"], "values": [{"value": 0.05888957902789116, "step": null, "ts": 1639304666.929283}]}, "version": 136}
{"obj": {"type": "LogStrings", "path": ["monitoring", "stdout"], "values": [{"value": "Training epoch 21", "step": null, "ts": 1639304666.929283}]}, "version": 137}
{"obj": {"type": "LogStrings", "path": ["monitoring", "stdout"], "values": [{"value": "\n", "step": null, "ts": 1639304666.9302838}]}, "version": 138}
{"obj": {"type": "LogFloats", "path": ["network6", "learning_rate"], "values": [{"value": 0.011169607643461912, "step": null, "ts": 1639304666.9302838}]}, "version": 139}
{"obj": {"type": "LogFloats", "path": ["network6", "train_loss"], "values": [{"value": 0.02302521765232086, "step": null, "ts": 1639304668.0383673}]}, "version": 140}
{"obj": {"type": "LogFloats", "path": ["network6", "validation_loss"], "values": [{"value": 0.058722883462905884, "step": null, "ts": 1639304668.1468904}]}, "version": 141}
{"obj": {"type": "LogStrings", "path": ["monitoring", "stdout"], "values": [{"value": "Training epoch 22", "step": null, "ts": 1639304668.1468904}]}, "version": 142}
{"obj": {"type": "LogStrings", "path": ["monitoring", "stdout"], "values": [{"value": "\n", "step": null, "ts": 1639304668.1468904}]}, "version": 143}
{"obj": {"type": "LogFloats", "path": ["network6", "learning_rate"], "values": [{"value": 0.014649630951960393, "step": null, "ts": 1639304668.1468904}]}, "version": 144}
{"obj": {"type": "LogFloats", "path": ["network6", "train_loss"], "values": [{"value": 0.022887931764125825, "step": null, "ts": 1639304669.2438872}]}, "version": 145}
{"obj": {"type": "LogFloats", "path": ["network6", "validation_loss"], "values": [{"value": 0.05866266041994095, "step": null, "ts": 1639304669.3489816}]}, "version": 146}
{"obj": {"type": "LogStrings", "path": ["monitoring", "stdout"], "values": [{"value": "Training epoch 23", "step": null, "ts": 1639304669.3489816}]}, "version": 147}
{"obj": {"type": "LogStrings", "path": ["monitoring", "stdout"], "values": [{"value": "\n", "step": null, "ts": 1639304669.3489816}]}, "version": 148}
{"obj": {"type": "LogFloats", "path": ["network6", "learning_rate"], "values": [{"value": 0.020354380202105046, "step": null, "ts": 1639304669.3489816}]}, "version": 149}
{"obj": {"type": "LogFloats", "path": ["monitoring", "cpu"], "values": [{"value": 48.6, "step": null, "ts": 1639304669.678783}]}, "version": 150}
{"obj": {"type": "LogFloats", "path": ["monitoring", "memory"], "values": [{"value": 9.101615905761719, "step": null, "ts": 1639304669.678783}]}, "version": 151}
{"obj": {"type": "LogFloats", "path": ["monitoring", "gpu"], "values": [{"value": 77.0, "step": null, "ts": 1639304669.678783}]}, "version": 152}
{"obj": {"type": "LogFloats", "path": ["monitoring", "gpu_memory"], "values": [{"value": 2.456451416015625, "step": null, "ts": 1639304669.678783}]}, "version": 153}
{"obj": {"type": "LogFloats", "path": ["network6", "train_loss"], "values": [{"value": 0.022721141576766968, "step": null, "ts": 1639304670.4469829}]}, "version": 154}
{"obj": {"type": "LogFloats", "path": ["network6", "validation_loss"], "values": [{"value": 0.05859927460551262, "step": null, "ts": 1639304670.5530782}]}, "version": 155}
{"obj": {"type": "LogStrings", "path": ["monitoring", "stdout"], "values": [{"value": "Training epoch 24", "step": null, "ts": 1639304670.5530782}]}, "version": 156}
{"obj": {"type": "LogStrings", "path": ["monitoring", "stdout"], "values": [{"value": "\n", "step": null, "ts": 1639304670.5530782}]}, "version": 157}
{"obj": {"type": "LogFloats", "path": ["network6", "learning_rate"], "values": [{"value": 0.028143385534379985, "step": null, "ts": 1639304670.5530782}]}, "version": 158}
{"obj": {"type": "LogFloats", "path": ["network6", "train_loss"], "values": [{"value": 0.02247879430651665, "step": null, "ts": 1639304671.658081}]}, "version": 159}
{"obj": {"type": "LogFloats", "path": ["network6", "validation_loss"], "values": [{"value": 0.0586739145219326, "step": null, "ts": 1639304671.7661793}]}, "version": 160}
{"obj": {"type": "LogStrings", "path": ["monitoring", "stdout"], "values": [{"value": "Training epoch 25", "step": null, "ts": 1639304671.7661793}]}, "version": 161}
{"obj": {"type": "LogStrings", "path": ["monitoring", "stdout"], "values": [{"value": "\n", "step": null, "ts": 1639304671.7661793}]}, "version": 162}
{"obj": {"type": "LogFloats", "path": ["network6", "learning_rate"], "values": [{"value": 0.037824855787277956, "step": null, "ts": 1639304671.7661793}]}, "version": 163}
{"obj": {"type": "LogFloats", "path": ["network6", "train_loss"], "values": [{"value": 0.022173623740673064, "step": null, "ts": 1639304672.8751855}]}, "version": 164}
{"obj": {"type": "LogFloats", "path": ["network6", "validation_loss"], "values": [{"value": 0.05757380276918411, "step": null, "ts": 1639304672.9872873}]}, "version": 165}
{"obj": {"type": "LogStrings", "path": ["monitoring", "stdout"], "values": [{"value": "Training epoch 26", "step": null, "ts": 1639304672.9872873}]}, "version": 166}
{"obj": {"type": "LogStrings", "path": ["monitoring", "stdout"], "values": [{"value": "\n", "step": null, "ts": 1639304672.9872873}]}, "version": 167}
{"obj": {"type": "LogFloats", "path": ["network6", "learning_rate"], "values": [{"value": 0.04916040103221502, "step": null, "ts": 1639304672.988288}]}, "version": 168}
{"obj": {"type": "LogFloats", "path": ["network6", "train_loss"], "values": [{"value": 0.02174624316394329, "step": null, "ts": 1639304674.1133096}]}, "version": 169}
{"obj": {"type": "LogFloats", "path": ["network6", "validation_loss"], "values": [{"value": 0.05801825597882271, "step": null, "ts": 1639304674.223409}]}, "version": 170}
{"obj": {"type": "LogStrings", "path": ["monitoring", "stdout"], "values": [{"value": "Training epoch 27", "step": null, "ts": 1639304674.2244112}]}, "version": 171}
{"obj": {"type": "LogStrings", "path": ["monitoring", "stdout"], "values": [{"value": "\n", "step": null, "ts": 1639304674.2244112}]}, "version": 172}
{"obj": {"type": "LogFloats", "path": ["network6", "learning_rate"], "values": [{"value": 0.061870902524743004, "step": null, "ts": 1639304674.2244112}]}, "version": 173}
{"obj": {"type": "LogFloats", "path": ["network6", "train_loss"], "values": [{"value": 0.021335944533348083, "step": null, "ts": 1639304675.3354182}]}, "version": 174}
{"obj": {"type": "LogFloats", "path": ["network6", "validation_loss"], "values": [{"value": 0.05662403255701065, "step": null, "ts": 1639304675.4405136}]}, "version": 175}
{"obj": {"type": "LogStrings", "path": ["monitoring", "stdout"], "values": [{"value": "Training epoch 28", "step": null, "ts": 1639304675.4405136}]}, "version": 176}
{"obj": {"type": "LogStrings", "path": ["monitoring", "stdout"], "values": [{"value": "\n", "step": null, "ts": 1639304675.4405136}]}, "version": 177}
{"obj": {"type": "LogFloats", "path": ["network6", "learning_rate"], "values": [{"value": 0.07564338553437992, "step": null, "ts": 1639304675.4405136}]}, "version": 178}
{"obj": {"type": "LogFloats", "path": ["network6", "train_loss"], "values": [{"value": 0.020673909783363344, "step": null, "ts": 1639304676.5536075}]}, "version": 179}
{"obj": {"type": "LogFloats", "path": ["network6", "validation_loss"], "values": [{"value": 0.05602523311972618, "step": null, "ts": 1639304676.6631508}]}, "version": 180}
{"obj": {"type": "LogStrings", "path": ["monitoring", "stdout"], "values": [{"value": "Training epoch 29", "step": null, "ts": 1639304676.6631508}]}, "version": 181}
{"obj": {"type": "LogStrings", "path": ["monitoring", "stdout"], "values": [{"value": "\n", "step": null, "ts": 1639304676.6631508}]}, "version": 182}
{"obj": {"type": "LogFloats", "path": ["network6", "learning_rate"], "values": [{"value": 0.09013872582117799, "step": null, "ts": 1639304676.6631508}]}, "version": 183}
{"obj": {"type": "LogFloats", "path": ["network6", "train_loss"], "values": [{"value": 0.019933378510177135, "step": null, "ts": 1639304677.7719378}]}, "version": 184}
{"obj": {"type": "LogFloats", "path": ["network6", "validation_loss"], "values": [{"value": 0.0572824589908123, "step": null, "ts": 1639304677.879038}]}, "version": 185}
{"obj": {"type": "LogStrings", "path": ["monitoring", "stdout"], "values": [{"value": "Training epoch 30", "step": null, "ts": 1639304677.8800392}]}, "version": 186}
{"obj": {"type": "LogStrings", "path": ["monitoring", "stdout"], "values": [{"value": "\n", "step": null, "ts": 1639304677.8800392}]}, "version": 187}
{"obj": {"type": "LogFloats", "path": ["network6", "learning_rate"], "values": [{"value": 0.1049999999999999, "step": null, "ts": 1639304677.8800392}]}, "version": 188}
{"obj": {"type": "LogFloats", "path": ["network6", "train_loss"], "values": [{"value": 0.01956128142774105, "step": null, "ts": 1639304678.9949956}]}, "version": 189}
{"obj": {"type": "LogFloats", "path": ["network6", "validation_loss"], "values": [{"value": 0.05444218963384628, "step": null, "ts": 1639304679.1070974}]}, "version": 190}
{"obj": {"type": "LogStrings", "path": ["monitoring", "stdout"], "values": [{"value": "Training epoch 31", "step": null, "ts": 1639304679.1070974}]}, "version": 191}
{"obj": {"type": "LogStrings", "path": ["monitoring", "stdout"], "values": [{"value": "\n", "step": null, "ts": 1639304679.1070974}]}, "version": 192}
{"obj": {"type": "LogFloats", "path": ["network6", "learning_rate"], "values": [{"value": 0.11986127417882182, "step": null, "ts": 1639304679.108098}]}, "version": 193}
{"obj": {"type": "LogFloats", "path": ["monitoring", "cpu"], "values": [{"value": 51.9, "step": null, "ts": 1639304679.6916277}]}, "version": 194}
{"obj": {"type": "LogFloats", "path": ["monitoring", "memory"], "values": [{"value": 9.311439514160156, "step": null, "ts": 1639304679.6916277}]}, "version": 195}
{"obj": {"type": "LogFloats", "path": ["monitoring", "gpu"], "values": [{"value": 69.0, "step": null, "ts": 1639304679.6916277}]}, "version": 196}
{"obj": {"type": "LogFloats", "path": ["monitoring", "gpu_memory"], "values": [{"value": 2.456451416015625, "step": null, "ts": 1639304679.6916277}]}, "version": 197}
{"obj": {"type": "LogFloats", "path": ["network6", "train_loss"], "values": [{"value": 0.021969498321413993, "step": null, "ts": 1639304680.2321188}]}, "version": 198}
{"obj": {"type": "LogFloats", "path": ["network6", "validation_loss"], "values": [{"value": 0.05570460110902786, "step": null, "ts": 1639304680.3402166}]}, "version": 199}
{"obj": {"type": "LogStrings", "path": ["monitoring", "stdout"], "values": [{"value": "Training epoch 32", "step": null, "ts": 1639304680.3402166}]}, "version": 200}
{"obj": {"type": "LogStrings", "path": ["monitoring", "stdout"], "values": [{"value": "\n", "step": null, "ts": 1639304680.3402166}]}, "version": 201}
{"obj": {"type": "LogFloats", "path": ["network6", "learning_rate"], "values": [{"value": 0.1343566144656199, "step": null, "ts": 1639304680.3402166}]}, "version": 202}
{"obj": {"type": "LogFloats", "path": ["network6", "train_loss"], "values": [{"value": 0.018858452513813972, "step": null, "ts": 1639304681.455228}]}, "version": 203}
{"obj": {"type": "LogFloats", "path": ["network6", "validation_loss"], "values": [{"value": 0.059281978756189346, "step": null, "ts": 1639304681.5653293}]}, "version": 204}
{"obj": {"type": "LogStrings", "path": ["monitoring", "stdout"], "values": [{"value": "Training epoch 33", "step": null, "ts": 1639304681.5653293}]}, "version": 205}
{"obj": {"type": "LogStrings", "path": ["monitoring", "stdout"], "values": [{"value": "\n", "step": null, "ts": 1639304681.5653293}]}, "version": 206}
{"obj": {"type": "LogFloats", "path": ["network6", "learning_rate"], "values": [{"value": 0.14812909747525682, "step": null, "ts": 1639304681.5653293}]}, "version": 207}
{"obj": {"type": "LogFloats", "path": ["network6", "train_loss"], "values": [{"value": 0.019347829930484294, "step": null, "ts": 1639304682.6693304}]}, "version": 208}
{"obj": {"type": "LogFloats", "path": ["network6", "validation_loss"], "values": [{"value": 0.05909547954797745, "step": null, "ts": 1639304682.7754273}]}, "version": 209}
{"obj": {"type": "LogStrings", "path": ["monitoring", "stdout"], "values": [{"value": "Training epoch 34", "step": null, "ts": 1639304682.776428}]}, "version": 210}
{"obj": {"type": "LogStrings", "path": ["monitoring", "stdout"], "values": [{"value": "\n", "step": null, "ts": 1639304682.776428}]}, "version": 211}
{"obj": {"type": "LogFloats", "path": ["network6", "learning_rate"], "values": [{"value": 0.1608395989677848, "step": null, "ts": 1639304682.776428}]}, "version": 212}
{"obj": {"type": "LogFloats", "path": ["network6", "train_loss"], "values": [{"value": 0.017296191677451132, "step": null, "ts": 1639304683.887436}]}, "version": 213}
{"obj": {"type": "LogFloats", "path": ["network6", "validation_loss"], "values": [{"value": 0.05425643175840378, "step": null, "ts": 1639304683.9980414}]}, "version": 214}
{"obj": {"type": "LogStrings", "path": ["monitoring", "stdout"], "values": [{"value": "Training epoch 35", "step": null, "ts": 1639304683.9990425}]}, "version": 215}
{"obj": {"type": "LogStrings", "path": ["monitoring", "stdout"], "values": [{"value": "\n", "step": null, "ts": 1639304683.9990425}]}, "version": 216}
{"obj": {"type": "LogFloats", "path": ["network6", "learning_rate"], "values": [{"value": 0.17217514421272184, "step": null, "ts": 1639304683.9990425}]}, "version": 217}
{"obj": {"type": "LogFloats", "path": ["network6", "train_loss"], "values": [{"value": 0.01708712540566921, "step": null, "ts": 1639304685.1150546}]}, "version": 218}
{"obj": {"type": "LogFloats", "path": ["network6", "validation_loss"], "values": [{"value": 0.06511595845222473, "step": null, "ts": 1639304685.2231529}]}, "version": 219}
{"obj": {"type": "LogStrings", "path": ["monitoring", "stdout"], "values": [{"value": "Training epoch 36", "step": null, "ts": 1639304685.2231529}]}, "version": 220}
{"obj": {"type": "LogStrings", "path": ["monitoring", "stdout"], "values": [{"value": "\n", "step": null, "ts": 1639304685.2241552}]}, "version": 221}
{"obj": {"type": "LogFloats", "path": ["network6", "learning_rate"], "values": [{"value": 0.18185661446561982, "step": null, "ts": 1639304685.2241552}]}, "version": 222}
{"obj": {"type": "LogFloats", "path": ["network6", "train_loss"], "values": [{"value": 0.01593270730227232, "step": null, "ts": 1639304686.3379188}]}, "version": 223}
{"obj": {"type": "LogFloats", "path": ["network6", "validation_loss"], "values": [{"value": 0.05839719623327255, "step": null, "ts": 1639304686.4440145}]}, "version": 224}
{"obj": {"type": "LogStrings", "path": ["monitoring", "stdout"], "values": [{"value": "Training epoch 37", "step": null, "ts": 1639304686.4440145}]}, "version": 225}
{"obj": {"type": "LogStrings", "path": ["monitoring", "stdout"], "values": [{"value": "\n", "step": null, "ts": 1639304686.4450157}]}, "version": 226}
{"obj": {"type": "LogFloats", "path": ["network6", "learning_rate"], "values": [{"value": 0.18964561979789474, "step": null, "ts": 1639304686.4450157}]}, "version": 227}
{"obj": {"type": "LogFloats", "path": ["network6", "train_loss"], "values": [{"value": 0.01592436209321022, "step": null, "ts": 1639304687.5530927}]}, "version": 228}
{"obj": {"type": "LogFloats", "path": ["network6", "validation_loss"], "values": [{"value": 0.056897737085819244, "step": null, "ts": 1639304687.6631947}]}, "version": 229}
{"obj": {"type": "LogStrings", "path": ["monitoring", "stdout"], "values": [{"value": "Training epoch 38", "step": null, "ts": 1639304687.6631947}]}, "version": 230}
{"obj": {"type": "LogStrings", "path": ["monitoring", "stdout"], "values": [{"value": "\n", "step": null, "ts": 1639304687.6631947}]}, "version": 231}
{"obj": {"type": "LogFloats", "path": ["network6", "learning_rate"], "values": [{"value": 0.19535036904803937, "step": null, "ts": 1639304687.6631947}]}, "version": 232}
{"obj": {"type": "LogFloats", "path": ["network6", "train_loss"], "values": [{"value": 0.015192739851772784, "step": null, "ts": 1639304688.7762146}]}, "version": 233}
{"obj": {"type": "LogFloats", "path": ["network6", "validation_loss"], "values": [{"value": 0.05402101203799248, "step": null, "ts": 1639304688.886314}]}, "version": 234}
{"obj": {"type": "LogStrings", "path": ["monitoring", "stdout"], "values": [{"value": "Training epoch 39", "step": null, "ts": 1639304688.886314}]}, "version": 235}
{"obj": {"type": "LogStrings", "path": ["monitoring", "stdout"], "values": [{"value": "\n", "step": null, "ts": 1639304688.886314}]}, "version": 236}
{"obj": {"type": "LogFloats", "path": ["network6", "learning_rate"], "values": [{"value": 0.19883039235653788, "step": null, "ts": 1639304688.8873148}]}, "version": 237}
{"obj": {"type": "LogFloats", "path": ["monitoring", "cpu"], "values": [{"value": 51.5, "step": null, "ts": 1639304689.6950483}]}, "version": 238}
{"obj": {"type": "LogFloats", "path": ["monitoring", "memory"], "values": [{"value": 9.416316986083984, "step": null, "ts": 1639304689.6950483}]}, "version": 239}
{"obj": {"type": "LogFloats", "path": ["monitoring", "gpu"], "values": [{"value": 74.0, "step": null, "ts": 1639304689.6950483}]}, "version": 240}
{"obj": {"type": "LogFloats", "path": ["monitoring", "gpu_memory"], "values": [{"value": 2.456451416015625, "step": null, "ts": 1639304689.6950483}]}, "version": 241}
{"obj": {"type": "LogFloats", "path": ["network6", "train_loss"], "values": [{"value": 0.014940115436911584, "step": null, "ts": 1639304689.99532}]}, "version": 242}
{"obj": {"type": "LogFloats", "path": ["network6", "validation_loss"], "values": [{"value": 0.05800316110253334, "step": null, "ts": 1639304690.104419}]}, "version": 243}
{"obj": {"type": "LogStrings", "path": ["monitoring", "stdout"], "values": [{"value": "Training epoch 40", "step": null, "ts": 1639304690.104419}]}, "version": 244}
{"obj": {"type": "LogStrings", "path": ["monitoring", "stdout"], "values": [{"value": "\n", "step": null, "ts": 1639304690.104419}]}, "version": 245}
{"obj": {"type": "LogFloats", "path": ["network6", "learning_rate"], "values": [{"value": 0.19999999999999982, "step": null, "ts": 1639304690.104419}]}, "version": 246}
{"obj": {"type": "LogFloats", "path": ["network6", "train_loss"], "values": [{"value": 0.01388558205217123, "step": null, "ts": 1639304691.2104228}]}, "version": 247}
{"obj": {"type": "LogFloats", "path": ["network6", "validation_loss"], "values": [{"value": 0.05770674720406532, "step": null, "ts": 1639304691.317521}]}, "version": 248}
{"obj": {"type": "LogStrings", "path": ["monitoring", "stdout"], "values": [{"value": "Training epoch 41", "step": null, "ts": 1639304691.317521}]}, "version": 249}
{"obj": {"type": "LogStrings", "path": ["monitoring", "stdout"], "values": [{"value": "\n", "step": null, "ts": 1639304691.3185227}]}, "version": 250}
{"obj": {"type": "LogFloats", "path": ["network6", "learning_rate"], "values": [{"value": 0.1988303923565379, "step": null, "ts": 1639304691.3185227}]}, "version": 251}
{"obj": {"type": "LogFloats", "path": ["network6", "train_loss"], "values": [{"value": 0.0135770408436656, "step": null, "ts": 1639304692.4285295}]}, "version": 252}
{"obj": {"type": "LogFloats", "path": ["network6", "validation_loss"], "values": [{"value": 0.0548785924911499, "step": null, "ts": 1639304692.541631}]}, "version": 253}
{"obj": {"type": "LogStrings", "path": ["monitoring", "stdout"], "values": [{"value": "Training epoch 42", "step": null, "ts": 1639304692.541631}]}, "version": 254}
{"obj": {"type": "LogStrings", "path": ["monitoring", "stdout"], "values": [{"value": "\n", "step": null, "ts": 1639304692.541631}]}, "version": 255}
{"obj": {"type": "LogFloats", "path": ["network6", "learning_rate"], "values": [{"value": 0.19535036904803943, "step": null, "ts": 1639304692.541631}]}, "version": 256}
{"obj": {"type": "LogFloats", "path": ["network6", "train_loss"], "values": [{"value": 0.013642756454646587, "step": null, "ts": 1639304693.6526408}]}, "version": 257}
{"obj": {"type": "LogFloats", "path": ["network6", "validation_loss"], "values": [{"value": 0.05867116525769234, "step": null, "ts": 1639304693.7597368}]}, "version": 258}
{"obj": {"type": "LogStrings", "path": ["monitoring", "stdout"], "values": [{"value": "Training epoch 43", "step": null, "ts": 1639304693.7607372}]}, "version": 259}
{"obj": {"type": "LogStrings", "path": ["monitoring", "stdout"], "values": [{"value": "\n", "step": null, "ts": 1639304693.7607372}]}, "version": 260}
{"obj": {"type": "LogFloats", "path": ["network6", "learning_rate"], "values": [{"value": 0.1896456197978948, "step": null, "ts": 1639304693.7607372}]}, "version": 261}
{"obj": {"type": "LogFloats", "path": ["network6", "train_loss"], "values": [{"value": 0.013291026279330254, "step": null, "ts": 1639304694.8617373}]}, "version": 262}
{"obj": {"type": "LogFloats", "path": ["network6", "validation_loss"], "values": [{"value": 0.06153678148984909, "step": null, "ts": 1639304694.9688344}]}, "version": 263}
{"obj": {"type": "LogStrings", "path": ["monitoring", "stdout"], "values": [{"value": "Training epoch 44", "step": null, "ts": 1639304694.9688344}]}, "version": 264}
{"obj": {"type": "LogStrings", "path": ["monitoring", "stdout"], "values": [{"value": "\n", "step": null, "ts": 1639304694.9688344}]}, "version": 265}
{"obj": {"type": "LogFloats", "path": ["network6", "learning_rate"], "values": [{"value": 0.1818566144656199, "step": null, "ts": 1639304694.9688344}]}, "version": 266}
{"obj": {"type": "LogFloats", "path": ["network6", "train_loss"], "values": [{"value": 0.012619642913341523, "step": null, "ts": 1639304696.0821936}]}, "version": 267}
{"obj": {"type": "LogFloats", "path": ["network6", "validation_loss"], "values": [{"value": 0.05644425377249718, "step": null, "ts": 1639304696.1923053}]}, "version": 268}
{"obj": {"type": "LogStrings", "path": ["monitoring", "stdout"], "values": [{"value": "Training epoch 45", "step": null, "ts": 1639304696.1923053}]}, "version": 269}
{"obj": {"type": "LogStrings", "path": ["monitoring", "stdout"], "values": [{"value": "\n", "step": null, "ts": 1639304696.1933067}]}, "version": 270}
{"obj": {"type": "LogFloats", "path": ["network6", "learning_rate"], "values": [{"value": 0.17217514421272187, "step": null, "ts": 1639304696.1933067}]}, "version": 271}
{"obj": {"type": "LogFloats", "path": ["network6", "train_loss"], "values": [{"value": 0.012340031564235687, "step": null, "ts": 1639304697.3002741}]}, "version": 272}
{"obj": {"type": "LogFloats", "path": ["network6", "validation_loss"], "values": [{"value": 0.05653522536158562, "step": null, "ts": 1639304697.4086583}]}, "version": 273}
{"obj": {"type": "LogStrings", "path": ["monitoring", "stdout"], "values": [{"value": "Training epoch 46", "step": null, "ts": 1639304697.4096594}]}, "version": 274}
{"obj": {"type": "LogStrings", "path": ["monitoring", "stdout"], "values": [{"value": "\n", "step": null, "ts": 1639304697.4096594}]}, "version": 275}
{"obj": {"type": "LogFloats", "path": ["network6", "learning_rate"], "values": [{"value": 0.16083959896778482, "step": null, "ts": 1639304697.4096594}]}, "version": 276}
{"obj": {"type": "LogFloats", "path": ["network6", "train_loss"], "values": [{"value": 0.011972543224692345, "step": null, "ts": 1639304698.5256722}]}, "version": 277}
{"obj": {"type": "LogFloats", "path": ["network6", "validation_loss"], "values": [{"value": 0.05854574590921402, "step": null, "ts": 1639304698.631768}]}, "version": 278}
{"obj": {"type": "LogStrings", "path": ["monitoring", "stdout"], "values": [{"value": "Training epoch 47", "step": null, "ts": 1639304698.631768}]}, "version": 279}
{"obj": {"type": "LogStrings", "path": ["monitoring", "stdout"], "values": [{"value": "\n", "step": null, "ts": 1639304698.631768}]}, "version": 280}
{"obj": {"type": "LogFloats", "path": ["network6", "learning_rate"], "values": [{"value": 0.14812909747525677, "step": null, "ts": 1639304698.631768}]}, "version": 281}
{"obj": {"type": "LogFloats", "path": ["monitoring", "cpu"], "values": [{"value": 50.9, "step": null, "ts": 1639304699.6987357}]}, "version": 282}
{"obj": {"type": "LogFloats", "path": ["monitoring", "memory"], "values": [{"value": 9.448139190673828, "step": null, "ts": 1639304699.6987357}]}, "version": 283}
{"obj": {"type": "LogFloats", "path": ["monitoring", "gpu"], "values": [{"value": 70.0, "step": null, "ts": 1639304699.6987357}]}, "version": 284}
{"obj": {"type": "LogFloats", "path": ["monitoring", "gpu_memory"], "values": [{"value": 2.456451416015625, "step": null, "ts": 1639304699.6987357}]}, "version": 285}
{"obj": {"type": "LogFloats", "path": ["network6", "train_loss"], "values": [{"value": 0.01173912212252617, "step": null, "ts": 1639304699.7407744}]}, "version": 286}
{"obj": {"type": "LogFloats", "path": ["network6", "validation_loss"], "values": [{"value": 0.058801013976335526, "step": null, "ts": 1639304699.84687}]}, "version": 287}
{"obj": {"type": "LogStrings", "path": ["monitoring", "stdout"], "values": [{"value": "Training epoch 48", "step": null, "ts": 1639304699.84687}]}, "version": 288}
{"obj": {"type": "LogStrings", "path": ["monitoring", "stdout"], "values": [{"value": "\n", "step": null, "ts": 1639304699.84687}]}, "version": 289}
{"obj": {"type": "LogFloats", "path": ["network6", "learning_rate"], "values": [{"value": 0.1343566144656199, "step": null, "ts": 1639304699.84687}]}, "version": 290}
{"obj": {"type": "LogFloats", "path": ["network6", "train_loss"], "values": [{"value": 0.011517951078712941, "step": null, "ts": 1639304700.9628828}]}, "version": 291}
{"obj": {"type": "LogFloats", "path": ["network6", "validation_loss"], "values": [{"value": 0.056985583156347275, "step": null, "ts": 1639304701.0699806}]}, "version": 292}
{"obj": {"type": "LogStrings", "path": ["monitoring", "stdout"], "values": [{"value": "Training epoch 49", "step": null, "ts": 1639304701.0699806}]}, "version": 293}
{"obj": {"type": "LogStrings", "path": ["monitoring", "stdout"], "values": [{"value": "\n", "step": null, "ts": 1639304701.0699806}]}, "version": 294}
{"obj": {"type": "LogFloats", "path": ["network6", "learning_rate"], "values": [{"value": 0.11986127417882192, "step": null, "ts": 1639304701.070982}]}, "version": 295}
{"obj": {"type": "LogFloats", "path": ["network6", "train_loss"], "values": [{"value": 0.011364492494612933, "step": null, "ts": 1639304702.183991}]}, "version": 296}
{"obj": {"type": "LogFloats", "path": ["network6", "validation_loss"], "values": [{"value": 0.05785799399018288, "step": null, "ts": 1639304702.2940915}]}, "version": 297}
{"obj": {"type": "UploadFile", "path": ["network6", "network_weights"], "ext": "pt", "file_path": "C:\\Users\\Marc\\Desktop\\Billeder\\params\\network6.pt"}, "version": 298}
{"obj": {"type": "LogStrings", "path": ["monitoring", "stdout"], "values": [{"value": "test count:", "step": null, "ts": 1639304702.5643384}]}, "version": 299}
{"obj": {"type": "LogStrings", "path": ["monitoring", "stdout"], "values": [{"value": " ", "step": null, "ts": 1639304702.5643384}]}, "version": 300}
{"obj": {"type": "LogStrings", "path": ["monitoring", "stdout"], "values": [{"value": "1", "step": null, "ts": 1639304702.5643384}]}, "version": 301}
{"obj": {"type": "LogStrings", "path": ["monitoring", "stdout"], "values": [{"value": "\n", "step": null, "ts": 1639304702.5643384}]}, "version": 302}
{"obj": {"type": "LogStrings", "path": ["monitoring", "stdout"], "values": [{"value": "test count:", "step": null, "ts": 1639304703.6837327}]}, "version": 303}
{"obj": {"type": "LogStrings", "path": ["monitoring", "stdout"], "values": [{"value": " ", "step": null, "ts": 1639304703.6837327}]}, "version": 304}
{"obj": {"type": "LogStrings", "path": ["monitoring", "stdout"], "values": [{"value": "2", "step": null, "ts": 1639304703.6837327}]}, "version": 305}
{"obj": {"type": "LogStrings", "path": ["monitoring", "stdout"], "values": [{"value": "\n", "step": null, "ts": 1639304703.6847277}]}, "version": 306}
{"obj": {"type": "LogStrings", "path": ["monitoring", "stdout"], "values": [{"value": "test count:", "step": null, "ts": 1639304704.7798781}]}, "version": 307}
{"obj": {"type": "LogStrings", "path": ["monitoring", "stdout"], "values": [{"value": " ", "step": null, "ts": 1639304704.7798781}]}, "version": 308}
{"obj": {"type": "LogStrings", "path": ["monitoring", "stdout"], "values": [{"value": "3", "step": null, "ts": 1639304704.7798781}]}, "version": 309}
{"obj": {"type": "LogStrings", "path": ["monitoring", "stdout"], "values": [{"value": "\n", "step": null, "ts": 1639304704.780879}]}, "version": 310}
{"obj": {"type": "LogStrings", "path": ["monitoring", "stdout"], "values": [{"value": "test count:", "step": null, "ts": 1639304705.8618596}]}, "version": 311}
{"obj": {"type": "LogStrings", "path": ["monitoring", "stdout"], "values": [{"value": " ", "step": null, "ts": 1639304705.8628604}]}, "version": 312}
{"obj": {"type": "LogStrings", "path": ["monitoring", "stdout"], "values": [{"value": "4", "step": null, "ts": 1639304705.8628604}]}, "version": 313}
{"obj": {"type": "LogStrings", "path": ["monitoring", "stdout"], "values": [{"value": "\n", "step": null, "ts": 1639304705.8628604}]}, "version": 314}
{"obj": {"type": "LogStrings", "path": ["monitoring", "stdout"], "values": [{"value": "test count:", "step": null, "ts": 1639304706.9808745}]}, "version": 315}
{"obj": {"type": "LogStrings", "path": ["monitoring", "stdout"], "values": [{"value": " ", "step": null, "ts": 1639304706.9808745}]}, "version": 316}
{"obj": {"type": "LogStrings", "path": ["monitoring", "stdout"], "values": [{"value": "5", "step": null, "ts": 1639304706.9808745}]}, "version": 317}
{"obj": {"type": "LogStrings", "path": ["monitoring", "stdout"], "values": [{"value": "\n", "step": null, "ts": 1639304706.9808745}]}, "version": 318}
{"obj": {"type": "LogStrings", "path": ["monitoring", "stdout"], "values": [{"value": "test count:", "step": null, "ts": 1639304708.0968874}]}, "version": 319}
{"obj": {"type": "LogStrings", "path": ["monitoring", "stdout"], "values": [{"value": " ", "step": null, "ts": 1639304708.0978887}]}, "version": 320}
{"obj": {"type": "LogStrings", "path": ["monitoring", "stdout"], "values": [{"value": "6", "step": null, "ts": 1639304708.0978887}]}, "version": 321}
{"obj": {"type": "LogStrings", "path": ["monitoring", "stdout"], "values": [{"value": "\n", "step": null, "ts": 1639304708.0978887}]}, "version": 322}
{"obj": {"type": "LogStrings", "path": ["monitoring", "stdout"], "values": [{"value": "test count:", "step": null, "ts": 1639304709.218906}]}, "version": 323}
{"obj": {"type": "LogStrings", "path": ["monitoring", "stdout"], "values": [{"value": " ", "step": null, "ts": 1639304709.218906}]}, "version": 324}
{"obj": {"type": "LogStrings", "path": ["monitoring", "stdout"], "values": [{"value": "7", "step": null, "ts": 1639304709.218906}]}, "version": 325}
{"obj": {"type": "LogStrings", "path": ["monitoring", "stdout"], "values": [{"value": "\n", "step": null, "ts": 1639304709.218906}]}, "version": 326}
{"obj": {"type": "LogFloats", "path": ["monitoring", "cpu"], "values": [{"value": 31.3, "step": null, "ts": 1639304709.717358}]}, "version": 327}
{"obj": {"type": "LogFloats", "path": ["monitoring", "memory"], "values": [{"value": 9.468738555908203, "step": null, "ts": 1639304709.717358}]}, "version": 328}
{"obj": {"type": "LogFloats", "path": ["monitoring", "gpu_memory"], "values": [{"value": 2.456451416015625, "step": null, "ts": 1639304709.717358}]}, "version": 329}
{"obj": {"type": "LogStrings", "path": ["monitoring", "stdout"], "values": [{"value": "test count:", "step": null, "ts": 1639304710.3487635}]}, "version": 330}
{"obj": {"type": "LogStrings", "path": ["monitoring", "stdout"], "values": [{"value": " ", "step": null, "ts": 1639304710.3487635}]}, "version": 331}
{"obj": {"type": "LogStrings", "path": ["monitoring", "stdout"], "values": [{"value": "8", "step": null, "ts": 1639304710.3487635}]}, "version": 332}
{"obj": {"type": "LogStrings", "path": ["monitoring", "stdout"], "values": [{"value": "\n", "step": null, "ts": 1639304710.3487635}]}, "version": 333}
{"obj": {"type": "LogStrings", "path": ["monitoring", "stdout"], "values": [{"value": "test count:", "step": null, "ts": 1639304711.4659848}]}, "version": 334}
{"obj": {"type": "LogStrings", "path": ["monitoring", "stdout"], "values": [{"value": " ", "step": null, "ts": 1639304711.4659848}]}, "version": 335}
{"obj": {"type": "LogStrings", "path": ["monitoring", "stdout"], "values": [{"value": "9", "step": null, "ts": 1639304711.4659848}]}, "version": 336}
{"obj": {"type": "LogStrings", "path": ["monitoring", "stdout"], "values": [{"value": "\n", "step": null, "ts": 1639304711.4659848}]}, "version": 337}
{"obj": {"type": "LogStrings", "path": ["monitoring", "stdout"], "values": [{"value": "test count:", "step": null, "ts": 1639304712.5943656}]}, "version": 338}
{"obj": {"type": "LogStrings", "path": ["monitoring", "stdout"], "values": [{"value": " ", "step": null, "ts": 1639304712.5943656}]}, "version": 339}
{"obj": {"type": "LogStrings", "path": ["monitoring", "stdout"], "values": [{"value": "10", "step": null, "ts": 1639304712.5943656}]}, "version": 340}
{"obj": {"type": "LogStrings", "path": ["monitoring", "stdout"], "values": [{"value": "\n", "step": null, "ts": 1639304712.5953655}]}, "version": 341}
{"obj": {"type": "LogStrings", "path": ["monitoring", "stdout"], "values": [{"value": "0.7670555555555556", "step": null, "ts": 1639304713.6677837}]}, "version": 342}
{"obj": {"type": "LogStrings", "path": ["monitoring", "stdout"], "values": [{"value": "\n", "step": null, "ts": 1639304713.6677837}]}, "version": 343}
{"obj": {"type": "LogFloats", "path": ["network6", "test_accuracy_per_pic"], "values": [{"value": 0.7869444444444444, "step": null, "ts": 1639304713.6677837}, {"value": 0.7491666666666666, "step": null, "ts": 1639304713.6677837}, {"value": 0.7238888888888889, "step": null, "ts": 1639304713.6677837}, {"value": 0.7463888888888889, "step": null, "ts": 1639304713.6677837}, {"value": 0.7686111111111111, "step": null, "ts": 1639304713.6677837}, {"value": 0.7866666666666666, "step": null, "ts": 1639304713.6677837}, {"value": 0.7466666666666667, "step": null, "ts": 1639304713.6677837}, {"value": 0.7736111111111111, "step": null, "ts": 1639304713.6677837}, {"value": 0.765, "step": null, "ts": 1639304713.6677837}, {"value": 0.8236111111111111, "step": null, "ts": 1639304713.6677837}]}, "version": 344}
{"obj": {"type": "LogFloats", "path": ["network6", "mean_test_accuracy"], "values": [{"value": 0.7670555555555556, "step": null, "ts": 1639304713.6677837}]}, "version": 345}
