{"obj": {"type": "LogFloats", "path": ["monitoring", "cpu"], "values": [{"value": 8.3, "step": null, "ts": 1639299577.971904}]}, "version": 1}
{"obj": {"type": "LogFloats", "path": ["monitoring", "memory"], "values": [{"value": 7.910167694091797, "step": null, "ts": 1639299577.971904}]}, "version": 2}
{"obj": {"type": "LogFloats", "path": ["monitoring", "gpu_memory"], "values": [{"value": 0.051025390625, "step": null, "ts": 1639299577.971904}]}, "version": 3}
{"obj": {"type": "LogStrings", "path": ["monitoring", "traceback"], "values": [{"value": "An uncaught exception occurred while run was active on worker DESKTOP-SDMAFDQ.", "step": null, "ts": 1639299578.211121}, {"value": "Marking run as failed", "step": null, "ts": 1639299578.211121}, {"value": "Traceback:", "step": null, "ts": 1639299578.211121}, {"value": "  File \"C:\\Users\\Marc\\Documents\\GitHub\\Deep_final\\neptune test.py\", line 17, in <module>\n    net = run['network2/network_weights.pt'].download_last()\n", "step": null, "ts": 1639299578.211121}, {"value": "  File \"C:\\Users\\Marc\\anaconda3\\envs\\deep\\lib\\site-packages\\neptune\\new\\handler.py\", line 67, in __getattr__\n    return getattr(attr, attribute_name)\n", "step": null, "ts": 1639299578.211121}, {"value": "  File \"C:\\Users\\Marc\\anaconda3\\envs\\deep\\lib\\site-packages\\neptune\\new\\attributes\\attribute.py\", line 33, in __getattr__\n    raise AttributeError(\"{} has no attribute {}.\".format(type(self), attr))\n", "step": null, "ts": 1639299578.211121}, {"value": "<class 'neptune.new.attributes.series.string_series.StringSeries'> has no attribute download_last.", "step": null, "ts": 1639299578.211121}]}, "version": 4}
{"obj": {"type": "AssignBool", "path": ["sys", "failed"], "value": true}, "version": 5}
{"obj": {"type": "LogStrings", "path": ["monitoring", "stderr"], "values": [{"value": "Traceback (most recent call last):\n", "step": null, "ts": 1639299578.2121222}]}, "version": 6}
{"obj": {"type": "LogStrings", "path": ["monitoring", "stderr"], "values": [{"value": "  File \"C:\\Users\\Marc\\Documents\\GitHub\\Deep_final\\neptune test.py\", line 17, in <module>\n", "step": null, "ts": 1639299578.2131236}]}, "version": 7}
{"obj": {"type": "LogStrings", "path": ["monitoring", "stderr"], "values": [{"value": "    ", "step": null, "ts": 1639299578.2131236}]}, "version": 8}
{"obj": {"type": "LogStrings", "path": ["monitoring", "stderr"], "values": [{"value": "net = run['network2/network_weights.pt'].download_last()", "step": null, "ts": 1639299578.2131236}]}, "version": 9}
{"obj": {"type": "LogStrings", "path": ["monitoring", "stderr"], "values": [{"value": "\n", "step": null, "ts": 1639299578.2131236}]}, "version": 10}
{"obj": {"type": "LogStrings", "path": ["monitoring", "stderr"], "values": [{"value": "  File \"C:\\Users\\Marc\\anaconda3\\envs\\deep\\lib\\site-packages\\neptune\\new\\handler.py\", line 67, in __getattr__\n", "step": null, "ts": 1639299578.2141242}]}, "version": 11}
{"obj": {"type": "LogStrings", "path": ["monitoring", "stderr"], "values": [{"value": "    ", "step": null, "ts": 1639299578.2141242}]}, "version": 12}
{"obj": {"type": "LogStrings", "path": ["monitoring", "stderr"], "values": [{"value": "return getattr(attr, attribute_name)", "step": null, "ts": 1639299578.2141242}]}, "version": 13}
{"obj": {"type": "LogStrings", "path": ["monitoring", "stderr"], "values": [{"value": "\n", "step": null, "ts": 1639299578.2141242}]}, "version": 14}
{"obj": {"type": "LogStrings", "path": ["monitoring", "stderr"], "values": [{"value": "  File \"C:\\Users\\Marc\\anaconda3\\envs\\deep\\lib\\site-packages\\neptune\\new\\attributes\\attribute.py\", line 33, in __getattr__\n", "step": null, "ts": 1639299578.215125}]}, "version": 15}
{"obj": {"type": "LogStrings", "path": ["monitoring", "stderr"], "values": [{"value": "    ", "step": null, "ts": 1639299578.215125}]}, "version": 16}
{"obj": {"type": "LogStrings", "path": ["monitoring", "stderr"], "values": [{"value": "raise AttributeError(\"{} has no attribute {}.\".format(type(self), attr))", "step": null, "ts": 1639299578.215125}]}, "version": 17}
{"obj": {"type": "LogStrings", "path": ["monitoring", "stderr"], "values": [{"value": "\n", "step": null, "ts": 1639299578.215125}]}, "version": 18}
{"obj": {"type": "LogStrings", "path": ["monitoring", "stderr"], "values": [{"value": "AttributeError", "step": null, "ts": 1639299578.2161255}]}, "version": 19}
{"obj": {"type": "LogStrings", "path": ["monitoring", "stderr"], "values": [{"value": ": ", "step": null, "ts": 1639299578.2161255}]}, "version": 20}
{"obj": {"type": "LogStrings", "path": ["monitoring", "stderr"], "values": [{"value": "<class 'neptune.new.attributes.series.string_series.StringSeries'> has no attribute download_last.", "step": null, "ts": 1639299578.2161255}]}, "version": 21}
{"obj": {"type": "LogStrings", "path": ["monitoring", "stderr"], "values": [{"value": "\n", "step": null, "ts": 1639299578.2161255}]}, "version": 22}
