{"obj": {"type": "AssignString", "path": ["sys", "name"], "value": "Untitled"}, "version": 1}
{"obj": {"type": "AssignString", "path": ["sys", "description"], "value": ""}, "version": 2}
{"obj": {"type": "AssignString", "path": ["sys", "hostname"], "value": "DESKTOP-SDMAFDQ"}, "version": 3}
{"obj": {"type": "AssignBool", "path": ["sys", "failed"], "value": false}, "version": 4}
{"obj": {"type": "ClearStringLog", "path": ["monitoring", "stdout"]}, "version": 5}
{"obj": {"type": "ClearStringLog", "path": ["monitoring", "stderr"]}, "version": 6}
{"obj": {"type": "AssignString", "path": ["source_code", "entrypoint"], "value": "max_learning-finder.py"}, "version": 7}
{"obj": {"type": "UploadFileSet", "path": ["source_code", "files"], "file_globs": ["C:\\Users\\Marc\\Documents\\GitHub\\Deep_final\\max_learning-finder.py"], "reset": "False"}, "version": 8}
{"obj": {"type": "ConfigFloatSeries", "path": ["monitoring", "cpu"], "min": 0.0, "max": 100.0, "unit": "%"}, "version": 9}
{"obj": {"type": "ClearFloatLog", "path": ["monitoring", "cpu"]}, "version": 10}
{"obj": {"type": "ConfigFloatSeries", "path": ["monitoring", "memory"], "min": 0.0, "max": 15.387199401855469, "unit": "GB"}, "version": 11}
{"obj": {"type": "ClearFloatLog", "path": ["monitoring", "memory"]}, "version": 12}
{"obj": {"type": "ConfigFloatSeries", "path": ["monitoring", "gpu"], "min": 0.0, "max": 100.0, "unit": "%"}, "version": 13}
{"obj": {"type": "ClearFloatLog", "path": ["monitoring", "gpu"]}, "version": 14}
{"obj": {"type": "ConfigFloatSeries", "path": ["monitoring", "gpu_memory"], "min": 0.0, "max": 4.0, "unit": "GB"}, "version": 15}
{"obj": {"type": "ClearFloatLog", "path": ["monitoring", "gpu_memory"]}, "version": 16}
{"obj": {"type": "LogFloats", "path": ["monitoring", "cpu"], "values": [{"value": 9.7, "step": null, "ts": 1639489912.9444628}]}, "version": 17}
{"obj": {"type": "LogFloats", "path": ["monitoring", "memory"], "values": [{"value": 6.430400848388672, "step": null, "ts": 1639489912.9444628}]}, "version": 18}
{"obj": {"type": "AssignString", "path": ["network", "parameters", "optimizer"], "value": "Adam"}, "version": 19}
{"obj": {"type": "AssignFloat", "path": ["network", "parameters", "optimizer_learning_rate"], "value": 0.1}, "version": 20}
{"obj": {"type": "AssignString", "path": ["network", "parameters", "loss_function"], "value": "MSEloss"}, "version": 21}
{"obj": {"type": "AssignString", "path": ["network", "parameters", "model"], "value": "GTA_Unet"}, "version": 22}
{"obj": {"type": "AssignString", "path": ["network", "parameters", "scheduler"], "value": "CyclicLR"}, "version": 23}
{"obj": {"type": "AssignFloat", "path": ["network", "parameters", "scheduler_base_lr"], "value": 0.0001}, "version": 24}
{"obj": {"type": "AssignInt", "path": ["network", "parameters", "scheduler_max_lr"], "value": 1}, "version": 25}
{"obj": {"type": "AssignInt", "path": ["network", "parameters", "scheduler_step_size_up"], "value": 10}, "version": 26}
{"obj": {"type": "AssignString", "path": ["network", "parameters", "scheduler_cycle_momentum"], "value": "False"}, "version": 27}
{"obj": {"type": "LogFloats", "path": ["monitoring", "gpu_memory"], "values": [{"value": 0.051025390625, "step": null, "ts": 1639489912.9444628}]}, "version": 28}
{"obj": {"type": "LogStrings", "path": ["monitoring", "stdout"], "values": [{"value": "Training epoch 0", "step": null, "ts": 1639489913.160081}]}, "version": 29}
{"obj": {"type": "LogStrings", "path": ["monitoring", "stdout"], "values": [{"value": "\n", "step": null, "ts": 1639489913.160081}]}, "version": 30}
{"obj": {"type": "LogFloats", "path": ["network", "learning_rate"], "values": [{"value": 0.0001, "step": null, "ts": 1639489913.160081}]}, "version": 31}
{"obj": {"type": "LogFloats", "path": ["network", "train_loss"], "values": [{"value": 0.09467159658670425, "step": null, "ts": 1639489916.162698}]}, "version": 32}
{"obj": {"type": "LogFloats", "path": ["network", "validation_loss"], "values": [{"value": 0.0945315957069397, "step": null, "ts": 1639489916.2818093}]}, "version": 33}
{"obj": {"type": "LogStrings", "path": ["monitoring", "stdout"], "values": [{"value": "Training epoch 1", "step": null, "ts": 1639489916.2818093}]}, "version": 34}
{"obj": {"type": "LogStrings", "path": ["monitoring", "stdout"], "values": [{"value": "\n", "step": null, "ts": 1639489916.2828078}]}, "version": 35}
{"obj": {"type": "LogFloats", "path": ["network", "learning_rate"], "values": [{"value": 0.03342999999999988, "step": null, "ts": 1639489916.2828078}]}, "version": 36}
{"obj": {"type": "LogFloats", "path": ["network", "train_loss"], "values": [{"value": 0.07353124916553497, "step": null, "ts": 1639489917.4845123}]}, "version": 37}
{"obj": {"type": "LogFloats", "path": ["network", "validation_loss"], "values": [{"value": 0.08143013715744019, "step": null, "ts": 1639489917.59261}]}, "version": 38}
{"obj": {"type": "LogStrings", "path": ["monitoring", "stdout"], "values": [{"value": "Training epoch 2", "step": null, "ts": 1639489917.5936108}]}, "version": 39}
{"obj": {"type": "LogStrings", "path": ["monitoring", "stdout"], "values": [{"value": "\n", "step": null, "ts": 1639489917.5936108}]}, "version": 40}
{"obj": {"type": "LogFloats", "path": ["network", "learning_rate"], "values": [{"value": 0.06676000000000021, "step": null, "ts": 1639489917.5936108}]}, "version": 41}
{"obj": {"type": "LogFloats", "path": ["network", "train_loss"], "values": [{"value": 0.06672865152359009, "step": null, "ts": 1639489918.776838}]}, "version": 42}
{"obj": {"type": "LogFloats", "path": ["network", "validation_loss"], "values": [{"value": 0.09222707152366638, "step": null, "ts": 1639489918.882934}]}, "version": 43}
{"obj": {"type": "LogStrings", "path": ["monitoring", "stdout"], "values": [{"value": "Training epoch 3", "step": null, "ts": 1639489918.8839352}]}, "version": 44}
{"obj": {"type": "LogStrings", "path": ["monitoring", "stdout"], "values": [{"value": "\n", "step": null, "ts": 1639489918.8839352}]}, "version": 45}
{"obj": {"type": "LogFloats", "path": ["network", "learning_rate"], "values": [{"value": 0.1000900000000001, "step": null, "ts": 1639489918.8839352}]}, "version": 46}
{"obj": {"type": "LogFloats", "path": ["network", "train_loss"], "values": [{"value": 0.06730529814958572, "step": null, "ts": 1639489920.0644016}]}, "version": 47}
{"obj": {"type": "LogFloats", "path": ["network", "validation_loss"], "values": [{"value": 0.07287821173667908, "step": null, "ts": 1639489920.1694987}]}, "version": 48}
{"obj": {"type": "LogStrings", "path": ["monitoring", "stdout"], "values": [{"value": "Training epoch 4", "step": null, "ts": 1639489920.1694987}]}, "version": 49}
{"obj": {"type": "LogStrings", "path": ["monitoring", "stdout"], "values": [{"value": "\n", "step": null, "ts": 1639489920.1694987}]}, "version": 50}
{"obj": {"type": "LogFloats", "path": ["network", "learning_rate"], "values": [{"value": 0.13341999999999996, "step": null, "ts": 1639489920.1694987}]}, "version": 51}
{"obj": {"type": "LogFloats", "path": ["network", "train_loss"], "values": [{"value": 0.06256880313158035, "step": null, "ts": 1639489921.342563}]}, "version": 52}
{"obj": {"type": "LogFloats", "path": ["network", "validation_loss"], "values": [{"value": 0.09196250885725021, "step": null, "ts": 1639489921.44966}]}, "version": 53}
{"obj": {"type": "LogStrings", "path": ["monitoring", "stdout"], "values": [{"value": "Training epoch 5", "step": null, "ts": 1639489921.44966}]}, "version": 54}
{"obj": {"type": "LogStrings", "path": ["monitoring", "stdout"], "values": [{"value": "\n", "step": null, "ts": 1639489921.44966}]}, "version": 55}
{"obj": {"type": "LogFloats", "path": ["network", "learning_rate"], "values": [{"value": 0.16674999999999984, "step": null, "ts": 1639489921.44966}]}, "version": 56}
{"obj": {"type": "LogFloats", "path": ["network", "train_loss"], "values": [{"value": 0.050680916756391525, "step": null, "ts": 1639489922.659759}]}, "version": 57}
{"obj": {"type": "LogFloats", "path": ["network", "validation_loss"], "values": [{"value": 0.06643571704626083, "step": null, "ts": 1639489922.7658558}]}, "version": 58}
{"obj": {"type": "LogStrings", "path": ["monitoring", "stdout"], "values": [{"value": "Training epoch 6", "step": null, "ts": 1639489922.7668564}]}, "version": 59}
{"obj": {"type": "LogStrings", "path": ["monitoring", "stdout"], "values": [{"value": "\n", "step": null, "ts": 1639489922.7668564}]}, "version": 60}
{"obj": {"type": "LogFloats", "path": ["network", "learning_rate"], "values": [{"value": 0.20008000000000017, "step": null, "ts": 1639489922.7668564}]}, "version": 61}
{"obj": {"type": "LogFloats", "path": ["monitoring", "cpu"], "values": [{"value": 44.5, "step": null, "ts": 1639489922.9630342}]}, "version": 62}
{"obj": {"type": "LogFloats", "path": ["monitoring", "memory"], "values": [{"value": 8.019176483154297, "step": null, "ts": 1639489922.9630342}]}, "version": 63}
{"obj": {"type": "LogFloats", "path": ["monitoring", "gpu"], "values": [{"value": 73.0, "step": null, "ts": 1639489922.9630342}]}, "version": 64}
{"obj": {"type": "LogFloats", "path": ["monitoring", "gpu_memory"], "values": [{"value": 2.677154541015625, "step": null, "ts": 1639489922.9630342}]}, "version": 65}
{"obj": {"type": "LogFloats", "path": ["network", "train_loss"], "values": [{"value": 0.05267894864082336, "step": null, "ts": 1639489923.941923}]}, "version": 66}
{"obj": {"type": "LogFloats", "path": ["network", "validation_loss"], "values": [{"value": 0.06908616423606873, "step": null, "ts": 1639489924.0480182}]}, "version": 67}
{"obj": {"type": "LogStrings", "path": ["monitoring", "stdout"], "values": [{"value": "Training epoch 7", "step": null, "ts": 1639489924.0480182}]}, "version": 68}
{"obj": {"type": "LogStrings", "path": ["monitoring", "stdout"], "values": [{"value": "\n", "step": null, "ts": 1639489924.0490198}]}, "version": 69}
{"obj": {"type": "LogFloats", "path": ["network", "learning_rate"], "values": [{"value": 0.23341000000000006, "step": null, "ts": 1639489924.0490198}]}, "version": 70}
{"obj": {"type": "LogFloats", "path": ["network", "train_loss"], "values": [{"value": 0.046002911776304244, "step": null, "ts": 1639489925.2278473}]}, "version": 71}
{"obj": {"type": "LogFloats", "path": ["network", "validation_loss"], "values": [{"value": 0.08356566727161407, "step": null, "ts": 1639489925.3349447}]}, "version": 72}
{"obj": {"type": "LogStrings", "path": ["monitoring", "stdout"], "values": [{"value": "Training epoch 8", "step": null, "ts": 1639489925.3349447}]}, "version": 73}
{"obj": {"type": "LogStrings", "path": ["monitoring", "stdout"], "values": [{"value": "\n", "step": null, "ts": 1639489925.3349447}]}, "version": 74}
{"obj": {"type": "LogFloats", "path": ["network", "learning_rate"], "values": [{"value": 0.2667399999999999, "step": null, "ts": 1639489925.3349447}]}, "version": 75}
{"obj": {"type": "LogFloats", "path": ["network", "train_loss"], "values": [{"value": 0.05192688181996345, "step": null, "ts": 1639489926.5129094}]}, "version": 76}
{"obj": {"type": "LogFloats", "path": ["network", "validation_loss"], "values": [{"value": 0.07085707038640976, "step": null, "ts": 1639489926.6160026}]}, "version": 77}
{"obj": {"type": "LogStrings", "path": ["monitoring", "stdout"], "values": [{"value": "Training epoch 9", "step": null, "ts": 1639489926.6170044}]}, "version": 78}
{"obj": {"type": "LogStrings", "path": ["monitoring", "stdout"], "values": [{"value": "\n", "step": null, "ts": 1639489926.6170044}]}, "version": 79}
{"obj": {"type": "LogFloats", "path": ["network", "learning_rate"], "values": [{"value": 0.30006999999999984, "step": null, "ts": 1639489926.6170044}]}, "version": 80}
{"obj": {"type": "LogFloats", "path": ["network", "train_loss"], "values": [{"value": 0.054431309551000596, "step": null, "ts": 1639489927.7893949}]}, "version": 81}
{"obj": {"type": "LogFloats", "path": ["network", "validation_loss"], "values": [{"value": 0.07896243780851364, "step": null, "ts": 1639489927.893343}]}, "version": 82}
{"obj": {"type": "LogStrings", "path": ["monitoring", "stdout"], "values": [{"value": "Training epoch 10", "step": null, "ts": 1639489927.893343}]}, "version": 83}
{"obj": {"type": "LogStrings", "path": ["monitoring", "stdout"], "values": [{"value": "\n", "step": null, "ts": 1639489927.893343}]}, "version": 84}
{"obj": {"type": "LogFloats", "path": ["network", "learning_rate"], "values": [{"value": 0.33340000000000014, "step": null, "ts": 1639489927.893343}]}, "version": 85}
{"obj": {"type": "LogFloats", "path": ["network", "train_loss"], "values": [{"value": 0.04669322744011879, "step": null, "ts": 1639489929.0737321}]}, "version": 86}
{"obj": {"type": "LogFloats", "path": ["network", "validation_loss"], "values": [{"value": 0.07165288180112839, "step": null, "ts": 1639489929.1798282}]}, "version": 87}
{"obj": {"type": "LogStrings", "path": ["monitoring", "stdout"], "values": [{"value": "Training epoch 11", "step": null, "ts": 1639489929.1798282}]}, "version": 88}
{"obj": {"type": "LogStrings", "path": ["monitoring", "stdout"], "values": [{"value": "\n", "step": null, "ts": 1639489929.1798282}]}, "version": 89}
{"obj": {"type": "LogFloats", "path": ["network", "learning_rate"], "values": [{"value": 0.36673, "step": null, "ts": 1639489929.1798282}]}, "version": 90}
{"obj": {"type": "LogFloats", "path": ["network", "train_loss"], "values": [{"value": 0.04340002126991749, "step": null, "ts": 1639489930.357897}]}, "version": 91}
{"obj": {"type": "LogFloats", "path": ["network", "validation_loss"], "values": [{"value": 0.07436591386795044, "step": null, "ts": 1639489930.462993}]}, "version": 92}
{"obj": {"type": "LogStrings", "path": ["monitoring", "stdout"], "values": [{"value": "Training epoch 12", "step": null, "ts": 1639489930.4639938}]}, "version": 93}
{"obj": {"type": "LogStrings", "path": ["monitoring", "stdout"], "values": [{"value": "\n", "step": null, "ts": 1639489930.4639938}]}, "version": 94}
{"obj": {"type": "LogFloats", "path": ["network", "learning_rate"], "values": [{"value": 0.4000599999999999, "step": null, "ts": 1639489930.4639938}]}, "version": 95}
{"obj": {"type": "LogFloats", "path": ["network", "train_loss"], "values": [{"value": 0.041260134801268576, "step": null, "ts": 1639489931.640061}]}, "version": 96}
{"obj": {"type": "LogFloats", "path": ["network", "validation_loss"], "values": [{"value": 0.07298703491687775, "step": null, "ts": 1639489931.745156}]}, "version": 97}
{"obj": {"type": "LogStrings", "path": ["monitoring", "stdout"], "values": [{"value": "Training epoch 13", "step": null, "ts": 1639489931.745156}]}, "version": 98}
{"obj": {"type": "LogStrings", "path": ["monitoring", "stdout"], "values": [{"value": "\n", "step": null, "ts": 1639489931.745156}]}, "version": 99}
{"obj": {"type": "LogFloats", "path": ["network", "learning_rate"], "values": [{"value": 0.4333900000000002, "step": null, "ts": 1639489931.745156}]}, "version": 100}
{"obj": {"type": "LogFloats", "path": ["network", "train_loss"], "values": [{"value": 0.040921267867088315, "step": null, "ts": 1639489932.9267316}]}, "version": 101}
{"obj": {"type": "LogFloats", "path": ["monitoring", "cpu"], "values": [{"value": 47.2, "step": null, "ts": 1639489932.9697704}]}, "version": 102}
{"obj": {"type": "LogFloats", "path": ["monitoring", "memory"], "values": [{"value": 7.969093322753906, "step": null, "ts": 1639489932.9697704}]}, "version": 103}
{"obj": {"type": "LogFloats", "path": ["monitoring", "gpu"], "values": [{"value": 88.0, "step": null, "ts": 1639489932.9697704}]}, "version": 104}
{"obj": {"type": "LogFloats", "path": ["monitoring", "gpu_memory"], "values": [{"value": 2.677154541015625, "step": null, "ts": 1639489932.9697704}]}, "version": 105}
{"obj": {"type": "LogFloats", "path": ["network", "validation_loss"], "values": [{"value": 0.07086136192083359, "step": null, "ts": 1639489933.0328276}]}, "version": 106}
{"obj": {"type": "LogStrings", "path": ["monitoring", "stdout"], "values": [{"value": "Training epoch 14", "step": null, "ts": 1639489933.0328276}]}, "version": 107}
{"obj": {"type": "LogStrings", "path": ["monitoring", "stdout"], "values": [{"value": "\n", "step": null, "ts": 1639489933.0338297}]}, "version": 108}
{"obj": {"type": "LogFloats", "path": ["network", "learning_rate"], "values": [{"value": 0.46672000000000013, "step": null, "ts": 1639489933.0338297}]}, "version": 109}
{"obj": {"type": "LogFloats", "path": ["network", "train_loss"], "values": [{"value": 0.04067972898483276, "step": null, "ts": 1639489934.2048917}]}, "version": 110}
{"obj": {"type": "LogFloats", "path": ["network", "validation_loss"], "values": [{"value": 0.07810121774673462, "step": null, "ts": 1639489934.309023}]}, "version": 111}
{"obj": {"type": "LogStrings", "path": ["monitoring", "stdout"], "values": [{"value": "Training epoch 15", "step": null, "ts": 1639489934.310024}]}, "version": 112}
{"obj": {"type": "LogStrings", "path": ["monitoring", "stdout"], "values": [{"value": "\n", "step": null, "ts": 1639489934.310024}]}, "version": 113}
{"obj": {"type": "LogFloats", "path": ["network", "learning_rate"], "values": [{"value": 0.50005, "step": null, "ts": 1639489934.310024}]}, "version": 114}
{"obj": {"type": "LogFloats", "path": ["network", "train_loss"], "values": [{"value": 0.037992361932992935, "step": null, "ts": 1639489935.4885266}]}, "version": 115}
{"obj": {"type": "LogFloats", "path": ["network", "validation_loss"], "values": [{"value": 0.08782438933849335, "step": null, "ts": 1639489935.5976255}]}, "version": 116}
{"obj": {"type": "LogStrings", "path": ["monitoring", "stdout"], "values": [{"value": "Training epoch 16", "step": null, "ts": 1639489935.5976255}]}, "version": 117}
{"obj": {"type": "LogStrings", "path": ["monitoring", "stdout"], "values": [{"value": "\n", "step": null, "ts": 1639489935.5976255}]}, "version": 118}
{"obj": {"type": "LogFloats", "path": ["network", "learning_rate"], "values": [{"value": 0.5333799999999999, "step": null, "ts": 1639489935.5976255}]}, "version": 119}
{"obj": {"type": "LogFloats", "path": ["network", "train_loss"], "values": [{"value": 0.03952355459332466, "step": null, "ts": 1639489936.7737043}]}, "version": 120}
{"obj": {"type": "LogFloats", "path": ["network", "validation_loss"], "values": [{"value": 0.07261912524700165, "step": null, "ts": 1639489936.8798084}]}, "version": 121}
{"obj": {"type": "LogStrings", "path": ["monitoring", "stdout"], "values": [{"value": "Training epoch 17", "step": null, "ts": 1639489936.8798084}]}, "version": 122}
{"obj": {"type": "LogStrings", "path": ["monitoring", "stdout"], "values": [{"value": "\n", "step": null, "ts": 1639489936.8808095}]}, "version": 123}
{"obj": {"type": "LogFloats", "path": ["network", "learning_rate"], "values": [{"value": 0.5667099999999997, "step": null, "ts": 1639489936.8808095}]}, "version": 124}
{"obj": {"type": "LogFloats", "path": ["network", "train_loss"], "values": [{"value": 0.04149511829018593, "step": null, "ts": 1639489938.057337}]}, "version": 125}
{"obj": {"type": "LogFloats", "path": ["network", "validation_loss"], "values": [{"value": 0.06737819314002991, "step": null, "ts": 1639489938.1634338}]}, "version": 126}
{"obj": {"type": "LogStrings", "path": ["monitoring", "stdout"], "values": [{"value": "Training epoch 18", "step": null, "ts": 1639489938.1634338}]}, "version": 127}
{"obj": {"type": "LogStrings", "path": ["monitoring", "stdout"], "values": [{"value": "\n", "step": null, "ts": 1639489938.1634338}]}, "version": 128}
{"obj": {"type": "LogFloats", "path": ["network", "learning_rate"], "values": [{"value": 0.6000400000000001, "step": null, "ts": 1639489938.1634338}]}, "version": 129}
{"obj": {"type": "LogFloats", "path": ["network", "train_loss"], "values": [{"value": 0.0413811095058918, "step": null, "ts": 1639489939.338503}]}, "version": 130}
{"obj": {"type": "LogFloats", "path": ["network", "validation_loss"], "values": [{"value": 0.08179529756307602, "step": null, "ts": 1639489939.443598}]}, "version": 131}
{"obj": {"type": "LogStrings", "path": ["monitoring", "stdout"], "values": [{"value": "Training epoch 19", "step": null, "ts": 1639489939.443598}]}, "version": 132}
{"obj": {"type": "LogStrings", "path": ["monitoring", "stdout"], "values": [{"value": "\n", "step": null, "ts": 1639489939.443598}]}, "version": 133}
{"obj": {"type": "LogFloats", "path": ["network", "learning_rate"], "values": [{"value": 0.63337, "step": null, "ts": 1639489939.443598}]}, "version": 134}
{"obj": {"type": "LogFloats", "path": ["network", "train_loss"], "values": [{"value": 0.039075154811143875, "step": null, "ts": 1639489940.6186647}]}, "version": 135}
{"obj": {"type": "LogFloats", "path": ["network", "validation_loss"], "values": [{"value": 0.07810250669717789, "step": null, "ts": 1639489940.725762}]}, "version": 136}
{"obj": {"type": "LogStrings", "path": ["monitoring", "stdout"], "values": [{"value": "Training epoch 20", "step": null, "ts": 1639489940.7267628}]}, "version": 137}
{"obj": {"type": "LogStrings", "path": ["monitoring", "stdout"], "values": [{"value": "\n", "step": null, "ts": 1639489940.7267628}]}, "version": 138}
{"obj": {"type": "LogFloats", "path": ["network", "learning_rate"], "values": [{"value": 0.6666999999999998, "step": null, "ts": 1639489940.7267628}]}, "version": 139}
{"obj": {"type": "LogFloats", "path": ["network", "train_loss"], "values": [{"value": 0.037091152742505074, "step": null, "ts": 1639489941.9048314}]}, "version": 140}
{"obj": {"type": "LogFloats", "path": ["network", "validation_loss"], "values": [{"value": 0.08072839677333832, "step": null, "ts": 1639489942.0109284}]}, "version": 141}
{"obj": {"type": "LogStrings", "path": ["monitoring", "stdout"], "values": [{"value": "Training epoch 21", "step": null, "ts": 1639489942.0109284}]}, "version": 142}
{"obj": {"type": "LogStrings", "path": ["monitoring", "stdout"], "values": [{"value": "\n", "step": null, "ts": 1639489942.011929}]}, "version": 143}
{"obj": {"type": "LogFloats", "path": ["network", "learning_rate"], "values": [{"value": 0.7000300000000002, "step": null, "ts": 1639489942.011929}]}, "version": 144}
{"obj": {"type": "LogFloats", "path": ["monitoring", "cpu"], "values": [{"value": 47.2, "step": null, "ts": 1639489942.9818099}]}, "version": 145}
{"obj": {"type": "LogFloats", "path": ["monitoring", "memory"], "values": [{"value": 7.993305206298828, "step": null, "ts": 1639489942.9818099}]}, "version": 146}
{"obj": {"type": "LogFloats", "path": ["monitoring", "gpu"], "values": [{"value": 87.0, "step": null, "ts": 1639489942.9818099}]}, "version": 147}
{"obj": {"type": "LogFloats", "path": ["monitoring", "gpu_memory"], "values": [{"value": 2.677154541015625, "step": null, "ts": 1639489942.9818099}]}, "version": 148}
{"obj": {"type": "LogFloats", "path": ["network", "train_loss"], "values": [{"value": 0.0365083422511816, "step": null, "ts": 1639489943.1774898}]}, "version": 149}
{"obj": {"type": "LogFloats", "path": ["network", "validation_loss"], "values": [{"value": 0.07196731865406036, "step": null, "ts": 1639489943.2815888}]}, "version": 150}
{"obj": {"type": "LogStrings", "path": ["monitoring", "stdout"], "values": [{"value": "Training epoch 22", "step": null, "ts": 1639489943.2815888}]}, "version": 151}
{"obj": {"type": "LogStrings", "path": ["monitoring", "stdout"], "values": [{"value": "\n", "step": null, "ts": 1639489943.2815888}]}, "version": 152}
{"obj": {"type": "LogFloats", "path": ["network", "learning_rate"], "values": [{"value": 0.73336, "step": null, "ts": 1639489943.2825892}]}, "version": 153}
{"obj": {"type": "LogFloats", "path": ["network", "train_loss"], "values": [{"value": 0.037044869363307954, "step": null, "ts": 1639489944.4479477}]}, "version": 154}
{"obj": {"type": "LogFloats", "path": ["network", "validation_loss"], "values": [{"value": 0.07626661658287048, "step": null, "ts": 1639489944.5530481}]}, "version": 155}
{"obj": {"type": "LogStrings", "path": ["monitoring", "stdout"], "values": [{"value": "Training epoch 23", "step": null, "ts": 1639489944.5530481}]}, "version": 156}
{"obj": {"type": "LogStrings", "path": ["monitoring", "stdout"], "values": [{"value": "\n", "step": null, "ts": 1639489944.5530481}]}, "version": 157}
{"obj": {"type": "LogFloats", "path": ["network", "learning_rate"], "values": [{"value": 0.76669, "step": null, "ts": 1639489944.5530481}]}, "version": 158}
{"obj": {"type": "LogFloats", "path": ["network", "train_loss"], "values": [{"value": 0.036563918367028235, "step": null, "ts": 1639489945.7247329}]}, "version": 159}
{"obj": {"type": "LogFloats", "path": ["network", "validation_loss"], "values": [{"value": 0.07573233544826508, "step": null, "ts": 1639489945.8298311}]}, "version": 160}
{"obj": {"type": "LogStrings", "path": ["monitoring", "stdout"], "values": [{"value": "Training epoch 24", "step": null, "ts": 1639489945.8298311}]}, "version": 161}
{"obj": {"type": "LogStrings", "path": ["monitoring", "stdout"], "values": [{"value": "\n", "step": null, "ts": 1639489945.8298311}]}, "version": 162}
{"obj": {"type": "LogFloats", "path": ["network", "learning_rate"], "values": [{"value": 0.8000199999999998, "step": null, "ts": 1639489945.8308322}]}, "version": 163}
{"obj": {"type": "LogFloats", "path": ["network", "train_loss"], "values": [{"value": 0.037276798859238625, "step": null, "ts": 1639489947.008058}]}, "version": 164}
{"obj": {"type": "LogFloats", "path": ["network", "validation_loss"], "values": [{"value": 0.07104410976171494, "step": null, "ts": 1639489947.1141536}]}, "version": 165}
{"obj": {"type": "LogStrings", "path": ["monitoring", "stdout"], "values": [{"value": "Training epoch 25", "step": null, "ts": 1639489947.1141536}]}, "version": 166}
{"obj": {"type": "LogStrings", "path": ["monitoring", "stdout"], "values": [{"value": "\n", "step": null, "ts": 1639489947.1141536}]}, "version": 167}
{"obj": {"type": "LogFloats", "path": ["network", "learning_rate"], "values": [{"value": 0.8333500000000001, "step": null, "ts": 1639489947.1141536}]}, "version": 168}
{"obj": {"type": "LogFloats", "path": ["network", "train_loss"], "values": [{"value": 0.03799444735050202, "step": null, "ts": 1639489948.287218}]}, "version": 169}
{"obj": {"type": "LogFloats", "path": ["network", "validation_loss"], "values": [{"value": 0.06273382157087326, "step": null, "ts": 1639489948.392314}]}, "version": 170}
{"obj": {"type": "LogStrings", "path": ["monitoring", "stdout"], "values": [{"value": "Training epoch 26", "step": null, "ts": 1639489948.392314}]}, "version": 171}
{"obj": {"type": "LogStrings", "path": ["monitoring", "stdout"], "values": [{"value": "\n", "step": null, "ts": 1639489948.392314}]}, "version": 172}
{"obj": {"type": "LogFloats", "path": ["network", "learning_rate"], "values": [{"value": 0.86668, "step": null, "ts": 1639489948.392314}]}, "version": 173}
{"obj": {"type": "LogFloats", "path": ["network", "train_loss"], "values": [{"value": 0.035721921175718305, "step": null, "ts": 1639489949.5603735}]}, "version": 174}
{"obj": {"type": "LogFloats", "path": ["network", "validation_loss"], "values": [{"value": 0.0638369768857956, "step": null, "ts": 1639489949.664468}]}, "version": 175}
{"obj": {"type": "LogStrings", "path": ["monitoring", "stdout"], "values": [{"value": "Training epoch 27", "step": null, "ts": 1639489949.664468}]}, "version": 176}
{"obj": {"type": "LogStrings", "path": ["monitoring", "stdout"], "values": [{"value": "\n", "step": null, "ts": 1639489949.665469}]}, "version": 177}
{"obj": {"type": "LogFloats", "path": ["network", "learning_rate"], "values": [{"value": 0.9000099999999999, "step": null, "ts": 1639489949.665469}]}, "version": 178}
{"obj": {"type": "LogFloats", "path": ["network", "train_loss"], "values": [{"value": 0.03588690347969532, "step": null, "ts": 1639489950.8425372}]}, "version": 179}
{"obj": {"type": "LogFloats", "path": ["network", "validation_loss"], "values": [{"value": 0.06420719623565674, "step": null, "ts": 1639489950.9486337}]}, "version": 180}
{"obj": {"type": "LogStrings", "path": ["monitoring", "stdout"], "values": [{"value": "Training epoch 28", "step": null, "ts": 1639489950.9496348}]}, "version": 181}
{"obj": {"type": "LogStrings", "path": ["monitoring", "stdout"], "values": [{"value": "\n", "step": null, "ts": 1639489950.9496348}]}, "version": 182}
{"obj": {"type": "LogFloats", "path": ["network", "learning_rate"], "values": [{"value": 0.9333400000000003, "step": null, "ts": 1639489950.9496348}]}, "version": 183}
{"obj": {"type": "LogFloats", "path": ["network", "train_loss"], "values": [{"value": 0.03782845512032509, "step": null, "ts": 1639489952.128807}]}, "version": 184}
{"obj": {"type": "LogFloats", "path": ["network", "validation_loss"], "values": [{"value": 0.06074017658829689, "step": null, "ts": 1639489952.239908}]}, "version": 185}
{"obj": {"type": "LogStrings", "path": ["monitoring", "stdout"], "values": [{"value": "Training epoch 29", "step": null, "ts": 1639489952.2409089}]}, "version": 186}
{"obj": {"type": "LogStrings", "path": ["monitoring", "stdout"], "values": [{"value": "\n", "step": null, "ts": 1639489952.2409089}]}, "version": 187}
{"obj": {"type": "LogFloats", "path": ["network", "learning_rate"], "values": [{"value": 0.9666700000000001, "step": null, "ts": 1639489952.2409089}]}, "version": 188}
{"obj": {"type": "LogFloats", "path": ["monitoring", "cpu"], "values": [{"value": 48.0, "step": null, "ts": 1639489952.9942234}]}, "version": 189}
{"obj": {"type": "LogFloats", "path": ["monitoring", "memory"], "values": [{"value": 8.030769348144531, "step": null, "ts": 1639489952.9942234}]}, "version": 190}
{"obj": {"type": "LogFloats", "path": ["monitoring", "gpu"], "values": [{"value": 75.0, "step": null, "ts": 1639489952.9942234}]}, "version": 191}
{"obj": {"type": "LogFloats", "path": ["monitoring", "gpu_memory"], "values": [{"value": 2.677154541015625, "step": null, "ts": 1639489952.9942234}]}, "version": 192}
{"obj": {"type": "LogFloats", "path": ["network", "train_loss"], "values": [{"value": 0.04148192927241325, "step": null, "ts": 1639489953.4133174}]}, "version": 193}
{"obj": {"type": "LogFloats", "path": ["network", "validation_loss"], "values": [{"value": 0.0742446780204773, "step": null, "ts": 1639489953.5214155}]}, "version": 194}
{"obj": {"type": "UploadFile", "path": ["network", "network_weights"], "ext": "pt", "file_path": "C:\\Users\\Marc\\Desktop\\Billeder\\params\\find_learning\\network.pt"}, "version": 195}
{"obj": {"type": "LogStrings", "path": ["monitoring", "stdout"], "values": [{"value": "test count:", "step": null, "ts": 1639489953.7731216}]}, "version": 196}
{"obj": {"type": "LogStrings", "path": ["monitoring", "stdout"], "values": [{"value": " ", "step": null, "ts": 1639489953.7731216}]}, "version": 197}
{"obj": {"type": "LogStrings", "path": ["monitoring", "stdout"], "values": [{"value": "1", "step": null, "ts": 1639489953.7731216}]}, "version": 198}
{"obj": {"type": "LogStrings", "path": ["monitoring", "stdout"], "values": [{"value": "\n", "step": null, "ts": 1639489953.7731216}]}, "version": 199}
{"obj": {"type": "LogStrings", "path": ["monitoring", "stdout"], "values": [{"value": "test count:", "step": null, "ts": 1639489954.9376006}]}, "version": 200}
{"obj": {"type": "LogStrings", "path": ["monitoring", "stdout"], "values": [{"value": " ", "step": null, "ts": 1639489954.9376006}]}, "version": 201}
{"obj": {"type": "LogStrings", "path": ["monitoring", "stdout"], "values": [{"value": "2", "step": null, "ts": 1639489954.9376006}]}, "version": 202}
{"obj": {"type": "LogStrings", "path": ["monitoring", "stdout"], "values": [{"value": "\n", "step": null, "ts": 1639489954.938601}]}, "version": 203}
{"obj": {"type": "LogStrings", "path": ["monitoring", "stdout"], "values": [{"value": "test count:", "step": null, "ts": 1639489956.1226764}]}, "version": 204}
{"obj": {"type": "LogStrings", "path": ["monitoring", "stdout"], "values": [{"value": " ", "step": null, "ts": 1639489956.1226764}]}, "version": 205}
{"obj": {"type": "LogStrings", "path": ["monitoring", "stdout"], "values": [{"value": "3", "step": null, "ts": 1639489956.1226764}]}, "version": 206}
{"obj": {"type": "LogStrings", "path": ["monitoring", "stdout"], "values": [{"value": "\n", "step": null, "ts": 1639489956.1226764}]}, "version": 207}
{"obj": {"type": "LogStrings", "path": ["monitoring", "stdout"], "values": [{"value": "test count:", "step": null, "ts": 1639489957.2967417}]}, "version": 208}
{"obj": {"type": "LogStrings", "path": ["monitoring", "stdout"], "values": [{"value": " ", "step": null, "ts": 1639489957.2967417}]}, "version": 209}
{"obj": {"type": "LogStrings", "path": ["monitoring", "stdout"], "values": [{"value": "4", "step": null, "ts": 1639489957.2967417}]}, "version": 210}
{"obj": {"type": "LogStrings", "path": ["monitoring", "stdout"], "values": [{"value": "\n", "step": null, "ts": 1639489957.2967417}]}, "version": 211}
{"obj": {"type": "LogStrings", "path": ["monitoring", "stdout"], "values": [{"value": "test count:", "step": null, "ts": 1639489958.4628813}]}, "version": 212}
{"obj": {"type": "LogStrings", "path": ["monitoring", "stdout"], "values": [{"value": " ", "step": null, "ts": 1639489958.4628813}]}, "version": 213}
{"obj": {"type": "LogStrings", "path": ["monitoring", "stdout"], "values": [{"value": "5", "step": null, "ts": 1639489958.4628813}]}, "version": 214}
{"obj": {"type": "LogStrings", "path": ["monitoring", "stdout"], "values": [{"value": "\n", "step": null, "ts": 1639489958.4628813}]}, "version": 215}
{"obj": {"type": "LogStrings", "path": ["monitoring", "stdout"], "values": [{"value": "0.7741666666666667", "step": null, "ts": 1639489959.5631657}]}, "version": 216}
{"obj": {"type": "LogStrings", "path": ["monitoring", "stdout"], "values": [{"value": "\n", "step": null, "ts": 1639489959.5631657}]}, "version": 217}
{"obj": {"type": "LogFloats", "path": ["network", "test_accuracy_per_pic"], "values": [{"value": 0.7613888888888889, "step": null, "ts": 1639489959.5631657}, {"value": 0.7755555555555556, "step": null, "ts": 1639489959.5631657}, {"value": 0.7891666666666667, "step": null, "ts": 1639489959.5631657}, {"value": 0.7694444444444445, "step": null, "ts": 1639489959.5631657}, {"value": 0.7752777777777777, "step": null, "ts": 1639489959.5631657}]}, "version": 218}
{"obj": {"type": "LogFloats", "path": ["network", "mean_test_accuracy"], "values": [{"value": 0.7741666666666667, "step": null, "ts": 1639489959.5631657}]}, "version": 219}
