{"obj": {"type": "AssignString", "path": ["sys", "name"], "value": "Untitled"}, "version": 1}
{"obj": {"type": "AssignString", "path": ["sys", "description"], "value": ""}, "version": 2}
{"obj": {"type": "AssignString", "path": ["sys", "hostname"], "value": "DESKTOP-SDMAFDQ"}, "version": 3}
{"obj": {"type": "AssignBool", "path": ["sys", "failed"], "value": false}, "version": 4}
{"obj": {"type": "ClearStringLog", "path": ["monitoring", "stdout"]}, "version": 5}
{"obj": {"type": "ClearStringLog", "path": ["monitoring", "stderr"]}, "version": 6}
{"obj": {"type": "AssignString", "path": ["source_code", "entrypoint"], "value": "trainer.py"}, "version": 7}
{"obj": {"type": "UploadFileSet", "path": ["source_code", "files"], "file_globs": ["C:\\Users\\Marc\\Documents\\GitHub\\Deep_final\\trainer.py"], "reset": "False"}, "version": 8}
{"obj": {"type": "ConfigFloatSeries", "path": ["monitoring", "cpu"], "min": 0.0, "max": 100.0, "unit": "%"}, "version": 9}
{"obj": {"type": "ClearFloatLog", "path": ["monitoring", "cpu"]}, "version": 10}
{"obj": {"type": "ConfigFloatSeries", "path": ["monitoring", "memory"], "min": 0.0, "max": 15.387199401855469, "unit": "GB"}, "version": 11}
{"obj": {"type": "ClearFloatLog", "path": ["monitoring", "memory"]}, "version": 12}
{"obj": {"type": "ConfigFloatSeries", "path": ["monitoring", "gpu"], "min": 0.0, "max": 100.0, "unit": "%"}, "version": 13}
{"obj": {"type": "ClearFloatLog", "path": ["monitoring", "gpu"]}, "version": 14}
{"obj": {"type": "ConfigFloatSeries", "path": ["monitoring", "gpu_memory"], "min": 0.0, "max": 4.0, "unit": "GB"}, "version": 15}
{"obj": {"type": "ClearFloatLog", "path": ["monitoring", "gpu_memory"]}, "version": 16}
{"obj": {"type": "LogFloats", "path": ["monitoring", "cpu"], "values": [{"value": 8.1, "step": null, "ts": 1639297780.8378887}]}, "version": 17}
{"obj": {"type": "LogFloats", "path": ["monitoring", "memory"], "values": [{"value": 6.769481658935547, "step": null, "ts": 1639297780.8378887}]}, "version": 18}
{"obj": {"type": "LogFloats", "path": ["monitoring", "gpu_memory"], "values": [{"value": 0.051025390625, "step": null, "ts": 1639297780.8378887}]}, "version": 19}
{"obj": {"type": "AssignFloat", "path": ["network2", "parameters", "momentum"], "value": 0.9}, "version": 20}
{"obj": {"type": "AssignString", "path": ["network2", "parameters", "optimizer"], "value": "SGD"}, "version": 21}
{"obj": {"type": "AssignString", "path": ["network2", "parameters", "loss_function"], "value": "MSEloss"}, "version": 22}
{"obj": {"type": "AssignString", "path": ["network2", "parameters", "model"], "value": "GTA_Unet"}, "version": 23}
{"obj": {"type": "AssignString", "path": ["network2", "parameters", "scheduler"], "value": "ReduceLROnPlateau"}, "version": 24}
{"obj": {"type": "LogStrings", "path": ["monitoring", "stdout"], "values": [{"value": "Training epoch 0", "step": null, "ts": 1639297781.0640955}]}, "version": 25}
{"obj": {"type": "LogStrings", "path": ["monitoring", "stdout"], "values": [{"value": "\n", "step": null, "ts": 1639297781.0640955}]}, "version": 26}
{"obj": {"type": "LogFloats", "path": ["network2", "learning_rate"], "values": [{"value": 0.1, "step": null, "ts": 1639297781.0640955}]}, "version": 27}
{"obj": {"type": "LogFloats", "path": ["monitoring", "cpu"], "values": [{"value": 41.2, "step": null, "ts": 1639297790.8434446}]}, "version": 28}
{"obj": {"type": "LogFloats", "path": ["monitoring", "memory"], "values": [{"value": 8.394405364990234, "step": null, "ts": 1639297790.8434446}]}, "version": 29}
{"obj": {"type": "LogFloats", "path": ["monitoring", "gpu"], "values": [{"value": 94.0, "step": null, "ts": 1639297790.8434446}]}, "version": 30}
{"obj": {"type": "LogFloats", "path": ["monitoring", "gpu_memory"], "values": [{"value": 1.968170166015625, "step": null, "ts": 1639297790.8434446}]}, "version": 31}
{"obj": {"type": "LogFloats", "path": ["network2", "train_loss"], "values": [{"value": 0.05162793844938278, "step": null, "ts": 1639297793.9302602}]}, "version": 32}
{"obj": {"type": "LogFloats", "path": ["network2", "validation_loss"], "values": [{"value": 0.03248445503413677, "step": null, "ts": 1639297795.0419629}]}, "version": 33}
{"obj": {"type": "LogStrings", "path": ["monitoring", "stdout"], "values": [{"value": "Training epoch 1", "step": null, "ts": 1639297795.0429637}]}, "version": 34}
{"obj": {"type": "LogStrings", "path": ["monitoring", "stdout"], "values": [{"value": "\n", "step": null, "ts": 1639297795.0429637}]}, "version": 35}
{"obj": {"type": "LogFloats", "path": ["network2", "learning_rate"], "values": [{"value": 0.1, "step": null, "ts": 1639297795.0429637}]}, "version": 36}
{"obj": {"type": "LogFloats", "path": ["monitoring", "cpu"], "values": [{"value": 48.6, "step": null, "ts": 1639297800.8481119}]}, "version": 37}
{"obj": {"type": "LogFloats", "path": ["monitoring", "memory"], "values": [{"value": 8.350173950195312, "step": null, "ts": 1639297800.8481119}]}, "version": 38}
{"obj": {"type": "LogFloats", "path": ["monitoring", "gpu"], "values": [{"value": 74.0, "step": null, "ts": 1639297800.8481119}]}, "version": 39}
{"obj": {"type": "LogFloats", "path": ["monitoring", "gpu_memory"], "values": [{"value": 2.581451416015625, "step": null, "ts": 1639297800.8481119}]}, "version": 40}
{"obj": {"type": "LogFloats", "path": ["network2", "train_loss"], "values": [{"value": 0.032531707286834716, "step": null, "ts": 1639297806.1788871}]}, "version": 41}
{"obj": {"type": "LogFloats", "path": ["network2", "validation_loss"], "values": [{"value": 0.024679734464734794, "step": null, "ts": 1639297807.2967005}]}, "version": 42}
{"obj": {"type": "LogStrings", "path": ["monitoring", "stdout"], "values": [{"value": "Training epoch 2", "step": null, "ts": 1639297807.2977011}]}, "version": 43}
{"obj": {"type": "LogStrings", "path": ["monitoring", "stdout"], "values": [{"value": "\n", "step": null, "ts": 1639297807.2977011}]}, "version": 44}
{"obj": {"type": "LogFloats", "path": ["network2", "learning_rate"], "values": [{"value": 0.1, "step": null, "ts": 1639297807.2977011}]}, "version": 45}
{"obj": {"type": "LogFloats", "path": ["monitoring", "cpu"], "values": [{"value": 50.6, "step": null, "ts": 1639297810.8569024}]}, "version": 46}
{"obj": {"type": "LogFloats", "path": ["monitoring", "memory"], "values": [{"value": 8.43048095703125, "step": null, "ts": 1639297810.8569024}]}, "version": 47}
{"obj": {"type": "LogFloats", "path": ["monitoring", "gpu"], "values": [{"value": 77.0, "step": null, "ts": 1639297810.8569024}]}, "version": 48}
{"obj": {"type": "LogFloats", "path": ["monitoring", "gpu_memory"], "values": [{"value": 2.581451416015625, "step": null, "ts": 1639297810.8569024}]}, "version": 49}
{"obj": {"type": "LogFloats", "path": ["network2", "train_loss"], "values": [{"value": 0.02648784851655364, "step": null, "ts": 1639297818.4917445}]}, "version": 50}
{"obj": {"type": "LogFloats", "path": ["network2", "validation_loss"], "values": [{"value": 0.024358505848795176, "step": null, "ts": 1639297819.5860121}]}, "version": 51}
{"obj": {"type": "LogStrings", "path": ["monitoring", "stdout"], "values": [{"value": "Training epoch 3", "step": null, "ts": 1639297819.5860121}]}, "version": 52}
{"obj": {"type": "LogStrings", "path": ["monitoring", "stdout"], "values": [{"value": "\n", "step": null, "ts": 1639297819.5860121}]}, "version": 53}
{"obj": {"type": "LogFloats", "path": ["network2", "learning_rate"], "values": [{"value": 0.1, "step": null, "ts": 1639297819.5860121}]}, "version": 54}
{"obj": {"type": "LogFloats", "path": ["monitoring", "cpu"], "values": [{"value": 49.7, "step": null, "ts": 1639297820.8693159}]}, "version": 55}
{"obj": {"type": "LogFloats", "path": ["monitoring", "memory"], "values": [{"value": 8.468116760253906, "step": null, "ts": 1639297820.8693159}]}, "version": 56}
{"obj": {"type": "LogFloats", "path": ["monitoring", "gpu"], "values": [{"value": 88.0, "step": null, "ts": 1639297820.8693159}]}, "version": 57}
{"obj": {"type": "LogFloats", "path": ["monitoring", "gpu_memory"], "values": [{"value": 2.581451416015625, "step": null, "ts": 1639297820.8693159}]}, "version": 58}
{"obj": {"type": "LogFloats", "path": ["network2", "train_loss"], "values": [{"value": 0.024574002297595144, "step": null, "ts": 1639297830.7517805}]}, "version": 59}
{"obj": {"type": "LogFloats", "path": ["monitoring", "cpu"], "values": [{"value": 49.2, "step": null, "ts": 1639297830.8738914}]}, "version": 60}
{"obj": {"type": "LogFloats", "path": ["monitoring", "memory"], "values": [{"value": 8.459400177001953, "step": null, "ts": 1639297830.8738914}]}, "version": 61}
{"obj": {"type": "LogFloats", "path": ["monitoring", "gpu"], "values": [{"value": 95.0, "step": null, "ts": 1639297830.8738914}]}, "version": 62}
{"obj": {"type": "LogFloats", "path": ["monitoring", "gpu_memory"], "values": [{"value": 2.581451416015625, "step": null, "ts": 1639297830.8738914}]}, "version": 63}
{"obj": {"type": "LogFloats", "path": ["network2", "validation_loss"], "values": [{"value": 0.022166171483695506, "step": null, "ts": 1639297831.8371248}]}, "version": 64}
{"obj": {"type": "LogStrings", "path": ["monitoring", "stdout"], "values": [{"value": "Training epoch 4", "step": null, "ts": 1639297831.8371248}]}, "version": 65}
{"obj": {"type": "LogStrings", "path": ["monitoring", "stdout"], "values": [{"value": "\n", "step": null, "ts": 1639297831.8371248}]}, "version": 66}
{"obj": {"type": "LogFloats", "path": ["network2", "learning_rate"], "values": [{"value": 0.1, "step": null, "ts": 1639297831.8371248}]}, "version": 67}
{"obj": {"type": "LogFloats", "path": ["monitoring", "cpu"], "values": [{"value": 51.0, "step": null, "ts": 1639297840.8848777}]}, "version": 68}
{"obj": {"type": "LogFloats", "path": ["monitoring", "memory"], "values": [{"value": 8.545780181884766, "step": null, "ts": 1639297840.8848777}]}, "version": 69}
{"obj": {"type": "LogFloats", "path": ["monitoring", "gpu"], "values": [{"value": 100.0, "step": null, "ts": 1639297840.8848777}]}, "version": 70}
{"obj": {"type": "LogFloats", "path": ["monitoring", "gpu_memory"], "values": [{"value": 2.581451416015625, "step": null, "ts": 1639297840.8848777}]}, "version": 71}
{"obj": {"type": "LogFloats", "path": ["network2", "train_loss"], "values": [{"value": 0.022762427926063537, "step": null, "ts": 1639297843.0253792}]}, "version": 72}
{"obj": {"type": "LogFloats", "path": ["network2", "validation_loss"], "values": [{"value": 0.02463920135051012, "step": null, "ts": 1639297844.1420956}]}, "version": 73}
{"obj": {"type": "LogStrings", "path": ["monitoring", "stdout"], "values": [{"value": "Training epoch 5", "step": null, "ts": 1639297844.1420956}]}, "version": 74}
{"obj": {"type": "LogStrings", "path": ["monitoring", "stdout"], "values": [{"value": "\n", "step": null, "ts": 1639297844.1430967}]}, "version": 75}
{"obj": {"type": "LogFloats", "path": ["network2", "learning_rate"], "values": [{"value": 0.1, "step": null, "ts": 1639297844.1430967}]}, "version": 76}
{"obj": {"type": "LogFloats", "path": ["monitoring", "cpu"], "values": [{"value": 50.6, "step": null, "ts": 1639297850.8915217}]}, "version": 77}
{"obj": {"type": "LogFloats", "path": ["monitoring", "memory"], "values": [{"value": 8.485393524169922, "step": null, "ts": 1639297850.8915217}]}, "version": 78}
{"obj": {"type": "LogFloats", "path": ["monitoring", "gpu"], "values": [{"value": 85.0, "step": null, "ts": 1639297850.8915217}]}, "version": 79}
{"obj": {"type": "LogFloats", "path": ["monitoring", "gpu_memory"], "values": [{"value": 2.581451416015625, "step": null, "ts": 1639297850.8915217}]}, "version": 80}
{"obj": {"type": "LogFloats", "path": ["network2", "train_loss"], "values": [{"value": 0.021997164627537133, "step": null, "ts": 1639297855.3011816}]}, "version": 81}
{"obj": {"type": "LogFloats", "path": ["network2", "validation_loss"], "values": [{"value": 0.019339425023645163, "step": null, "ts": 1639297856.4075012}]}, "version": 82}
{"obj": {"type": "LogStrings", "path": ["monitoring", "stdout"], "values": [{"value": "Training epoch 6", "step": null, "ts": 1639297856.4075012}]}, "version": 83}
{"obj": {"type": "LogStrings", "path": ["monitoring", "stdout"], "values": [{"value": "\n", "step": null, "ts": 1639297856.4085023}]}, "version": 84}
{"obj": {"type": "LogFloats", "path": ["network2", "learning_rate"], "values": [{"value": 0.1, "step": null, "ts": 1639297856.4085023}]}, "version": 85}
{"obj": {"type": "LogFloats", "path": ["monitoring", "cpu"], "values": [{"value": 53.1, "step": null, "ts": 1639297860.903193}]}, "version": 86}
{"obj": {"type": "LogFloats", "path": ["monitoring", "memory"], "values": [{"value": 8.632499694824219, "step": null, "ts": 1639297860.903193}]}, "version": 87}
{"obj": {"type": "LogFloats", "path": ["monitoring", "gpu"], "values": [{"value": 72.0, "step": null, "ts": 1639297860.903193}]}, "version": 88}
{"obj": {"type": "LogFloats", "path": ["monitoring", "gpu_memory"], "values": [{"value": 2.581451416015625, "step": null, "ts": 1639297860.903193}]}, "version": 89}
{"obj": {"type": "LogFloats", "path": ["network2", "train_loss"], "values": [{"value": 0.019778720326721667, "step": null, "ts": 1639297867.6074967}]}, "version": 90}
{"obj": {"type": "LogFloats", "path": ["network2", "validation_loss"], "values": [{"value": 0.017928805015981198, "step": null, "ts": 1639297868.6940699}]}, "version": 91}
{"obj": {"type": "LogStrings", "path": ["monitoring", "stdout"], "values": [{"value": "Training epoch 7", "step": null, "ts": 1639297868.6940699}]}, "version": 92}
{"obj": {"type": "LogStrings", "path": ["monitoring", "stdout"], "values": [{"value": "\n", "step": null, "ts": 1639297868.6940699}]}, "version": 93}
{"obj": {"type": "LogFloats", "path": ["network2", "learning_rate"], "values": [{"value": 0.1, "step": null, "ts": 1639297868.6940699}]}, "version": 94}
{"obj": {"type": "LogFloats", "path": ["monitoring", "cpu"], "values": [{"value": 49.2, "step": null, "ts": 1639297870.9147725}]}, "version": 95}
{"obj": {"type": "LogFloats", "path": ["monitoring", "memory"], "values": [{"value": 8.577816009521484, "step": null, "ts": 1639297870.9147725}]}, "version": 96}
{"obj": {"type": "LogFloats", "path": ["monitoring", "gpu"], "values": [{"value": 73.0, "step": null, "ts": 1639297870.9147725}]}, "version": 97}
{"obj": {"type": "LogFloats", "path": ["monitoring", "gpu_memory"], "values": [{"value": 2.581451416015625, "step": null, "ts": 1639297870.9147725}]}, "version": 98}
{"obj": {"type": "LogFloats", "path": ["network2", "train_loss"], "values": [{"value": 0.018093075342476367, "step": null, "ts": 1639297879.8439586}]}, "version": 99}
{"obj": {"type": "LogFloats", "path": ["monitoring", "cpu"], "values": [{"value": 49.4, "step": null, "ts": 1639297880.922749}]}, "version": 100}
{"obj": {"type": "LogFloats", "path": ["monitoring", "memory"], "values": [{"value": 8.532848358154297, "step": null, "ts": 1639297880.922749}]}, "version": 101}
{"obj": {"type": "LogFloats", "path": ["monitoring", "gpu"], "values": [{"value": 49.0, "step": null, "ts": 1639297880.922749}]}, "version": 102}
{"obj": {"type": "LogFloats", "path": ["monitoring", "gpu_memory"], "values": [{"value": 2.581451416015625, "step": null, "ts": 1639297880.922749}]}, "version": 103}
{"obj": {"type": "LogFloats", "path": ["network2", "validation_loss"], "values": [{"value": 0.018339519854635, "step": null, "ts": 1639297880.94577}]}, "version": 104}
{"obj": {"type": "LogStrings", "path": ["monitoring", "stdout"], "values": [{"value": "Training epoch 8", "step": null, "ts": 1639297880.94577}]}, "version": 105}
{"obj": {"type": "LogStrings", "path": ["monitoring", "stdout"], "values": [{"value": "\n", "step": null, "ts": 1639297880.94577}]}, "version": 106}
{"obj": {"type": "LogFloats", "path": ["network2", "learning_rate"], "values": [{"value": 0.1, "step": null, "ts": 1639297880.94577}]}, "version": 107}
{"obj": {"type": "LogFloats", "path": ["monitoring", "cpu"], "values": [{"value": 48.9, "step": null, "ts": 1639297890.9417856}]}, "version": 108}
{"obj": {"type": "LogFloats", "path": ["monitoring", "memory"], "values": [{"value": 8.544925689697266, "step": null, "ts": 1639297890.9417856}]}, "version": 109}
{"obj": {"type": "LogFloats", "path": ["monitoring", "gpu"], "values": [{"value": 71.0, "step": null, "ts": 1639297890.9417856}]}, "version": 110}
{"obj": {"type": "LogFloats", "path": ["monitoring", "gpu_memory"], "values": [{"value": 2.581451416015625, "step": null, "ts": 1639297890.9417856}]}, "version": 111}
{"obj": {"type": "LogFloats", "path": ["network2", "train_loss"], "values": [{"value": 0.01675086174160242, "step": null, "ts": 1639297892.1030972}]}, "version": 112}
{"obj": {"type": "LogFloats", "path": ["network2", "validation_loss"], "values": [{"value": 0.016788276471197607, "step": null, "ts": 1639297893.1895616}]}, "version": 113}
{"obj": {"type": "LogStrings", "path": ["monitoring", "stdout"], "values": [{"value": "Training epoch 9", "step": null, "ts": 1639297893.1895616}]}, "version": 114}
{"obj": {"type": "LogStrings", "path": ["monitoring", "stdout"], "values": [{"value": "\n", "step": null, "ts": 1639297893.1895616}]}, "version": 115}
{"obj": {"type": "LogFloats", "path": ["network2", "learning_rate"], "values": [{"value": 0.1, "step": null, "ts": 1639297893.1895616}]}, "version": 116}
{"obj": {"type": "LogFloats", "path": ["monitoring", "cpu"], "values": [{"value": 50.3, "step": null, "ts": 1639297900.9505367}]}, "version": 117}
{"obj": {"type": "LogFloats", "path": ["monitoring", "memory"], "values": [{"value": 8.534046173095703, "step": null, "ts": 1639297900.9505367}]}, "version": 118}
{"obj": {"type": "LogFloats", "path": ["monitoring", "gpu"], "values": [{"value": 73.0, "step": null, "ts": 1639297900.9505367}]}, "version": 119}
{"obj": {"type": "LogFloats", "path": ["monitoring", "gpu_memory"], "values": [{"value": 2.581451416015625, "step": null, "ts": 1639297900.9505367}]}, "version": 120}
{"obj": {"type": "LogFloats", "path": ["network2", "train_loss"], "values": [{"value": 0.015625939015299083, "step": null, "ts": 1639297904.360949}]}, "version": 121}
{"obj": {"type": "LogFloats", "path": ["network2", "validation_loss"], "values": [{"value": 0.016387048084288834, "step": null, "ts": 1639297905.4723496}]}, "version": 122}
{"obj": {"type": "LogStrings", "path": ["network2", "network_weights"], "values": [{"value": "OrderedDict([('inc.double_conv.0.weight', tensor([[[[ 0.1535, -0.1866,  0.0685],\n          [-0.0835,  0.0129, -0.1563],\n          [ 0.1615,  0.1046, -0.0049]],\n\n         [[-0.1308,  0.0741,  0.1269],\n          [ 0.0296, -0.2039,  0.0524],\n          [-0.0901, -0.0794, -0.1018]],\n\n         [[-0.1506,  0.0054, -0.1179],\n          [ 0.0276, -0.1099,  0.0295],\n          [ 0.1541, -0.1375,  0.1193]]],\n\n\n        [[[ 0.0244, -0.1606, -0.0960],\n          [-0.2045, -0.1709,  0.0950],\n          [ 0.0059, -0.2091,  0.0941]],\n\n         [[ 0.0731,  0.1063, -0.0715],\n          [-0.1362,  0.0265,  0.0387],\n          [-0.1454, -0.0838,  0.0513]],\n\n         [[ 0.1568,  0.1320,  0.1767],\n          [-0.1299, -0.0248,  0.0899],\n          [ 0.1819,  0.0514,  0.0976]]],\n\n\n        [[[ 0.1307, -0.1138, -0.1205],\n          [-0.1520, -0.0533,  0.0755],\n          [-0.1183,  0.0192, -0.2177]],\n\n         [[-0.0764,  0.1704,  0.1059],\n          [-0.0754, -0.1068, -0.0850],\n          [ 0.0024,  0.1145,  0.1530]],\n\n  ", "step": null, "ts": 1639297907.274392}]}, "version": 123}
{"obj": {"type": "LogStrings", "path": ["monitoring", "stdout"], "values": [{"value": "test count:", "step": null, "ts": 1639297907.3334372}]}, "version": 124}
{"obj": {"type": "LogStrings", "path": ["monitoring", "stdout"], "values": [{"value": " ", "step": null, "ts": 1639297907.3334372}]}, "version": 125}
{"obj": {"type": "LogStrings", "path": ["monitoring", "stdout"], "values": [{"value": "1", "step": null, "ts": 1639297907.3344378}]}, "version": 126}
{"obj": {"type": "LogStrings", "path": ["monitoring", "stdout"], "values": [{"value": "\n", "step": null, "ts": 1639297907.3344378}]}, "version": 127}
{"obj": {"type": "LogStrings", "path": ["monitoring", "stdout"], "values": [{"value": "test count:", "step": null, "ts": 1639297908.4071064}]}, "version": 128}
{"obj": {"type": "LogStrings", "path": ["monitoring", "stdout"], "values": [{"value": " ", "step": null, "ts": 1639297908.4071064}]}, "version": 129}
{"obj": {"type": "LogStrings", "path": ["monitoring", "stdout"], "values": [{"value": "2", "step": null, "ts": 1639297908.4071064}]}, "version": 130}
{"obj": {"type": "LogStrings", "path": ["monitoring", "stdout"], "values": [{"value": "\n", "step": null, "ts": 1639297908.4081066}]}, "version": 131}
{"obj": {"type": "LogStrings", "path": ["monitoring", "stdout"], "values": [{"value": "test count:", "step": null, "ts": 1639297909.508104}]}, "version": 132}
{"obj": {"type": "LogStrings", "path": ["monitoring", "stdout"], "values": [{"value": " ", "step": null, "ts": 1639297909.508104}]}, "version": 133}
{"obj": {"type": "LogStrings", "path": ["monitoring", "stdout"], "values": [{"value": "3", "step": null, "ts": 1639297909.508104}]}, "version": 134}
{"obj": {"type": "LogStrings", "path": ["monitoring", "stdout"], "values": [{"value": "\n", "step": null, "ts": 1639297909.508104}]}, "version": 135}
{"obj": {"type": "LogStrings", "path": ["monitoring", "stdout"], "values": [{"value": "test count:", "step": null, "ts": 1639297910.6030982}]}, "version": 136}
{"obj": {"type": "LogStrings", "path": ["monitoring", "stdout"], "values": [{"value": " ", "step": null, "ts": 1639297910.6030982}]}, "version": 137}
{"obj": {"type": "LogStrings", "path": ["monitoring", "stdout"], "values": [{"value": "4", "step": null, "ts": 1639297910.6030982}]}, "version": 138}
{"obj": {"type": "LogStrings", "path": ["monitoring", "stdout"], "values": [{"value": "\n", "step": null, "ts": 1639297910.6030982}]}, "version": 139}
{"obj": {"type": "LogFloats", "path": ["monitoring", "cpu"], "values": [{"value": 35.2, "step": null, "ts": 1639297910.9754362}]}, "version": 140}
{"obj": {"type": "LogFloats", "path": ["monitoring", "memory"], "values": [{"value": 8.542625427246094, "step": null, "ts": 1639297910.9754362}]}, "version": 141}
{"obj": {"type": "LogFloats", "path": ["monitoring", "gpu_memory"], "values": [{"value": 2.581451416015625, "step": null, "ts": 1639297910.9754362}]}, "version": 142}
{"obj": {"type": "LogStrings", "path": ["monitoring", "stdout"], "values": [{"value": "test count:", "step": null, "ts": 1639297911.6935952}]}, "version": 143}
{"obj": {"type": "LogStrings", "path": ["monitoring", "stdout"], "values": [{"value": " ", "step": null, "ts": 1639297911.6935952}]}, "version": 144}
{"obj": {"type": "LogStrings", "path": ["monitoring", "stdout"], "values": [{"value": "5", "step": null, "ts": 1639297911.6935952}]}, "version": 145}
{"obj": {"type": "LogStrings", "path": ["monitoring", "stdout"], "values": [{"value": "\n", "step": null, "ts": 1639297911.6935952}]}, "version": 146}
{"obj": {"type": "LogStrings", "path": ["monitoring", "stdout"], "values": [{"value": "test count:", "step": null, "ts": 1639297912.7824843}]}, "version": 147}
{"obj": {"type": "LogStrings", "path": ["monitoring", "stdout"], "values": [{"value": " ", "step": null, "ts": 1639297912.7824843}]}, "version": 148}
{"obj": {"type": "LogStrings", "path": ["monitoring", "stdout"], "values": [{"value": "6", "step": null, "ts": 1639297912.7824843}]}, "version": 149}
{"obj": {"type": "LogStrings", "path": ["monitoring", "stdout"], "values": [{"value": "\n", "step": null, "ts": 1639297912.7834852}]}, "version": 150}
{"obj": {"type": "LogStrings", "path": ["monitoring", "stdout"], "values": [{"value": "test count:", "step": null, "ts": 1639297913.8511493}]}, "version": 151}
{"obj": {"type": "LogStrings", "path": ["monitoring", "stdout"], "values": [{"value": " ", "step": null, "ts": 1639297913.8511493}]}, "version": 152}
{"obj": {"type": "LogStrings", "path": ["monitoring", "stdout"], "values": [{"value": "7", "step": null, "ts": 1639297913.8521507}]}, "version": 153}
{"obj": {"type": "LogStrings", "path": ["monitoring", "stdout"], "values": [{"value": "\n", "step": null, "ts": 1639297913.8521507}]}, "version": 154}
{"obj": {"type": "LogStrings", "path": ["monitoring", "stdout"], "values": [{"value": "test count:", "step": null, "ts": 1639297914.952346}]}, "version": 155}
{"obj": {"type": "LogStrings", "path": ["monitoring", "stdout"], "values": [{"value": " ", "step": null, "ts": 1639297914.9533463}]}, "version": 156}
{"obj": {"type": "LogStrings", "path": ["monitoring", "stdout"], "values": [{"value": "8", "step": null, "ts": 1639297914.9533463}]}, "version": 157}
{"obj": {"type": "LogStrings", "path": ["monitoring", "stdout"], "values": [{"value": "\n", "step": null, "ts": 1639297914.9533463}]}, "version": 158}
{"obj": {"type": "LogStrings", "path": ["monitoring", "stdout"], "values": [{"value": "test count:", "step": null, "ts": 1639297916.0433362}]}, "version": 159}
{"obj": {"type": "LogStrings", "path": ["monitoring", "stdout"], "values": [{"value": " ", "step": null, "ts": 1639297916.0433362}]}, "version": 160}
{"obj": {"type": "LogStrings", "path": ["monitoring", "stdout"], "values": [{"value": "9", "step": null, "ts": 1639297916.0433362}]}, "version": 161}
{"obj": {"type": "LogStrings", "path": ["monitoring", "stdout"], "values": [{"value": "\n", "step": null, "ts": 1639297916.0443377}]}, "version": 162}
{"obj": {"type": "LogStrings", "path": ["monitoring", "stdout"], "values": [{"value": "test count:", "step": null, "ts": 1639297917.1348248}]}, "version": 163}
{"obj": {"type": "LogStrings", "path": ["monitoring", "stdout"], "values": [{"value": " ", "step": null, "ts": 1639297917.1348248}]}, "version": 164}
{"obj": {"type": "LogStrings", "path": ["monitoring", "stdout"], "values": [{"value": "10", "step": null, "ts": 1639297917.1348248}]}, "version": 165}
{"obj": {"type": "LogStrings", "path": ["monitoring", "stdout"], "values": [{"value": "\n", "step": null, "ts": 1639297917.1348248}]}, "version": 166}
{"obj": {"type": "LogStrings", "path": ["monitoring", "stdout"], "values": [{"value": "0.7373888888888889", "step": null, "ts": 1639297918.1789114}]}, "version": 167}
{"obj": {"type": "LogStrings", "path": ["monitoring", "stdout"], "values": [{"value": "\n", "step": null, "ts": 1639297918.1799128}]}, "version": 168}
{"obj": {"type": "LogFloats", "path": ["network2", "test_accuracy_per_pic"], "values": [{"value": 0.7483333333333333, "step": null, "ts": 1639297918.1799128}, {"value": 0.7697222222222222, "step": null, "ts": 1639297918.1799128}, {"value": 0.7536111111111111, "step": null, "ts": 1639297918.1799128}, {"value": 0.7369444444444444, "step": null, "ts": 1639297918.1799128}, {"value": 0.7075, "step": null, "ts": 1639297918.1799128}, {"value": 0.7583333333333333, "step": null, "ts": 1639297918.1799128}, {"value": 0.7294444444444445, "step": null, "ts": 1639297918.1799128}, {"value": 0.7361111111111112, "step": null, "ts": 1639297918.1799128}, {"value": 0.7383333333333333, "step": null, "ts": 1639297918.1799128}, {"value": 0.6955555555555556, "step": null, "ts": 1639297918.1799128}]}, "version": 169}
{"obj": {"type": "LogFloats", "path": ["network2", "mean_test_accuracy"], "values": [{"value": 0.7373888888888889, "step": null, "ts": 1639297918.1799128}]}, "version": 170}
